[2024-10-29 09:54:19,948] {taskinstance.py:1159} INFO - Dependencies all met for <TaskInstance: meu_primeiro_dag.cria_pasta scheduled__2024-10-27T00:00:00+00:00 [queued]>
[2024-10-29 09:54:19,951] {taskinstance.py:1159} INFO - Dependencies all met for <TaskInstance: meu_primeiro_dag.cria_pasta scheduled__2024-10-27T00:00:00+00:00 [queued]>
[2024-10-29 09:54:19,951] {taskinstance.py:1356} INFO - 
--------------------------------------------------------------------------------
[2024-10-29 09:54:19,951] {taskinstance.py:1357} INFO - Starting attempt 1 of 1
[2024-10-29 09:54:19,951] {taskinstance.py:1358} INFO - 
--------------------------------------------------------------------------------
[2024-10-29 09:54:19,964] {taskinstance.py:1377} INFO - Executing <Task(BashOperator): cria_pasta> on 2024-10-27 00:00:00+00:00
[2024-10-29 09:54:19,966] {standard_task_runner.py:52} INFO - Started process 8038 to run task
[2024-10-29 09:54:19,968] {standard_task_runner.py:79} INFO - Running: ['airflow', 'tasks', 'run', 'meu_primeiro_dag', 'cria_pasta', 'scheduled__2024-10-27T00:00:00+00:00', '--job-id', '26', '--raw', '--subdir', 'DAGS_FOLDER/meu_primeiro_dag.py', '--cfg-path', '/tmp/tmpgxs7b7qf', '--error-file', '/tmp/tmpqd2pe3o1']
[2024-10-29 09:54:19,968] {standard_task_runner.py:80} INFO - Job 26: Subtask cria_pasta
[2024-10-29 09:54:19,993] {task_command.py:370} INFO - Running <TaskInstance: meu_primeiro_dag.cria_pasta scheduled__2024-10-27T00:00:00+00:00 [running]> on host LAPTOP-SNAE0A1O.
[2024-10-29 09:54:20,028] {taskinstance.py:1569} INFO - Exporting the following env vars:
AIRFLOW_CTX_DAG_OWNER=airflow
AIRFLOW_CTX_DAG_ID=meu_primeiro_dag
AIRFLOW_CTX_TASK_ID=cria_pasta
AIRFLOW_CTX_EXECUTION_DATE=2024-10-27T00:00:00+00:00
AIRFLOW_CTX_TRY_NUMBER=1
AIRFLOW_CTX_DAG_RUN_ID=scheduled__2024-10-27T00:00:00+00:00
[2024-10-29 09:54:20,028] {subprocess.py:62} INFO - Tmp dir root location: 
 /tmp
[2024-10-29 09:54:20,029] {subprocess.py:74} INFO - Running command: ['bash', '-c', 'mkdir -p /root/Documentos/airflow/pasta=2024-10-28T00:00:00+00:00']
[2024-10-29 09:54:20,033] {subprocess.py:85} INFO - Output:
[2024-10-29 09:54:20,035] {subprocess.py:96} INFO - Command exited with return code 0
[2024-10-29 09:54:20,051] {taskinstance.py:1395} INFO - Marking task as SUCCESS. dag_id=meu_primeiro_dag, task_id=cria_pasta, execution_date=20241027T000000, start_date=20241029T125419, end_date=20241029T125420
[2024-10-29 09:54:20,100] {local_task_job.py:156} INFO - Task exited with return code 0
[2024-10-29 09:54:20,111] {local_task_job.py:273} INFO - 0 downstream tasks scheduled from follow-on schedule check
