[2024-10-27 08:04:18,109] {taskinstance.py:1159} INFO - Dependencies all met for <TaskInstance: example_branch_datetime_operator_2.datetime_branch scheduled__2024-10-26T00:00:00+00:00 [queued]>
[2024-10-27 08:04:18,112] {taskinstance.py:1159} INFO - Dependencies all met for <TaskInstance: example_branch_datetime_operator_2.datetime_branch scheduled__2024-10-26T00:00:00+00:00 [queued]>
[2024-10-27 08:04:18,112] {taskinstance.py:1356} INFO - 
--------------------------------------------------------------------------------
[2024-10-27 08:04:18,112] {taskinstance.py:1357} INFO - Starting attempt 1 of 1
[2024-10-27 08:04:18,112] {taskinstance.py:1358} INFO - 
--------------------------------------------------------------------------------
[2024-10-27 08:04:18,125] {taskinstance.py:1377} INFO - Executing <Task(BranchDateTimeOperator): datetime_branch> on 2024-10-26 00:00:00+00:00
[2024-10-27 08:04:18,126] {standard_task_runner.py:52} INFO - Started process 8771 to run task
[2024-10-27 08:04:18,128] {standard_task_runner.py:79} INFO - Running: ['airflow', 'tasks', 'run', 'example_branch_datetime_operator_2', 'datetime_branch', 'scheduled__2024-10-26T00:00:00+00:00', '--job-id', '7', '--raw', '--subdir', '/root/Documentos/airflow/venv/lib/python3.9/site-packages/airflow/example_dags/example_branch_datetime_operator.py', '--cfg-path', '/tmp/tmp1fb3k1fx', '--error-file', '/tmp/tmpawgtrb_o']
[2024-10-27 08:04:18,128] {standard_task_runner.py:80} INFO - Job 7: Subtask datetime_branch
[2024-10-27 08:04:18,152] {task_command.py:370} INFO - Running <TaskInstance: example_branch_datetime_operator_2.datetime_branch scheduled__2024-10-26T00:00:00+00:00 [running]> on host LAPTOP-SNAE0A1O.
[2024-10-27 08:04:18,186] {taskinstance.py:1569} INFO - Exporting the following env vars:
AIRFLOW_CTX_DAG_OWNER=airflow
AIRFLOW_CTX_DAG_ID=example_branch_datetime_operator_2
AIRFLOW_CTX_TASK_ID=datetime_branch
AIRFLOW_CTX_EXECUTION_DATE=2024-10-26T00:00:00+00:00
AIRFLOW_CTX_TRY_NUMBER=1
AIRFLOW_CTX_DAG_RUN_ID=scheduled__2024-10-26T00:00:00+00:00
[2024-10-27 08:04:18,187] {skipmixin.py:140} INFO - Following branch ['date_outside_range']
[2024-10-27 08:04:18,187] {skipmixin.py:175} INFO - Skipping tasks ['date_in_range']
[2024-10-27 08:04:18,217] {taskinstance.py:1395} INFO - Marking task as SUCCESS. dag_id=example_branch_datetime_operator_2, task_id=datetime_branch, execution_date=20241026T000000, start_date=20241027T110418, end_date=20241027T110418
[2024-10-27 08:04:18,260] {local_task_job.py:156} INFO - Task exited with return code 0
[2024-10-27 08:04:18,281] {local_task_job.py:273} INFO - 1 downstream tasks scheduled from follow-on schedule check
