[2024-10-26 09:25:02,142] {processor.py:153} INFO - Started process (PID=10291) to work on /root/Documentos/airflow/venv/lib/python3.9/site-packages/airflow/example_dags/plugins/workday.py
[2024-10-26 09:25:02,142] {processor.py:641} INFO - Processing file /root/Documentos/airflow/venv/lib/python3.9/site-packages/airflow/example_dags/plugins/workday.py for tasks to queue
[2024-10-26 09:25:02,143] {logging_mixin.py:115} INFO - [2024-10-26 09:25:02,143] {dagbag.py:507} INFO - Filling up the DagBag from /root/Documentos/airflow/venv/lib/python3.9/site-packages/airflow/example_dags/plugins/workday.py
[2024-10-26 09:25:02,143] {processor.py:653} WARNING - No viable dags retrieved from /root/Documentos/airflow/venv/lib/python3.9/site-packages/airflow/example_dags/plugins/workday.py
[2024-10-26 09:25:02,149] {processor.py:161} INFO - Processing /root/Documentos/airflow/venv/lib/python3.9/site-packages/airflow/example_dags/plugins/workday.py took 0.008 seconds
[2024-10-26 09:25:37,638] {processor.py:153} INFO - Started process (PID=10462) to work on /root/Documentos/airflow/venv/lib/python3.9/site-packages/airflow/example_dags/plugins/workday.py
[2024-10-26 09:25:37,646] {processor.py:641} INFO - Processing file /root/Documentos/airflow/venv/lib/python3.9/site-packages/airflow/example_dags/plugins/workday.py for tasks to queue
[2024-10-26 09:25:37,646] {logging_mixin.py:115} INFO - [2024-10-26 09:25:37,646] {dagbag.py:507} INFO - Filling up the DagBag from /root/Documentos/airflow/venv/lib/python3.9/site-packages/airflow/example_dags/plugins/workday.py
[2024-10-26 09:25:37,647] {processor.py:653} WARNING - No viable dags retrieved from /root/Documentos/airflow/venv/lib/python3.9/site-packages/airflow/example_dags/plugins/workday.py
[2024-10-26 09:25:37,652] {processor.py:161} INFO - Processing /root/Documentos/airflow/venv/lib/python3.9/site-packages/airflow/example_dags/plugins/workday.py took 0.015 seconds
[2024-10-26 09:26:09,253] {processor.py:153} INFO - Started process (PID=10617) to work on /root/Documentos/airflow/venv/lib/python3.9/site-packages/airflow/example_dags/plugins/workday.py
[2024-10-26 09:26:09,261] {processor.py:641} INFO - Processing file /root/Documentos/airflow/venv/lib/python3.9/site-packages/airflow/example_dags/plugins/workday.py for tasks to queue
[2024-10-26 09:26:09,261] {logging_mixin.py:115} INFO - [2024-10-26 09:26:09,261] {dagbag.py:507} INFO - Filling up the DagBag from /root/Documentos/airflow/venv/lib/python3.9/site-packages/airflow/example_dags/plugins/workday.py
[2024-10-26 09:26:09,264] {processor.py:653} WARNING - No viable dags retrieved from /root/Documentos/airflow/venv/lib/python3.9/site-packages/airflow/example_dags/plugins/workday.py
[2024-10-26 09:26:09,270] {processor.py:161} INFO - Processing /root/Documentos/airflow/venv/lib/python3.9/site-packages/airflow/example_dags/plugins/workday.py took 0.018 seconds
[2024-10-26 09:26:45,982] {processor.py:153} INFO - Started process (PID=10794) to work on /root/Documentos/airflow/venv/lib/python3.9/site-packages/airflow/example_dags/plugins/workday.py
[2024-10-26 09:26:45,988] {processor.py:641} INFO - Processing file /root/Documentos/airflow/venv/lib/python3.9/site-packages/airflow/example_dags/plugins/workday.py for tasks to queue
[2024-10-26 09:26:45,988] {logging_mixin.py:115} INFO - [2024-10-26 09:26:45,988] {dagbag.py:507} INFO - Filling up the DagBag from /root/Documentos/airflow/venv/lib/python3.9/site-packages/airflow/example_dags/plugins/workday.py
[2024-10-26 09:26:45,990] {processor.py:653} WARNING - No viable dags retrieved from /root/Documentos/airflow/venv/lib/python3.9/site-packages/airflow/example_dags/plugins/workday.py
[2024-10-26 09:26:45,995] {processor.py:161} INFO - Processing /root/Documentos/airflow/venv/lib/python3.9/site-packages/airflow/example_dags/plugins/workday.py took 0.014 seconds
[2024-10-26 09:27:17,291] {processor.py:153} INFO - Started process (PID=10947) to work on /root/Documentos/airflow/venv/lib/python3.9/site-packages/airflow/example_dags/plugins/workday.py
[2024-10-26 09:27:17,299] {processor.py:641} INFO - Processing file /root/Documentos/airflow/venv/lib/python3.9/site-packages/airflow/example_dags/plugins/workday.py for tasks to queue
[2024-10-26 09:27:17,300] {logging_mixin.py:115} INFO - [2024-10-26 09:27:17,300] {dagbag.py:507} INFO - Filling up the DagBag from /root/Documentos/airflow/venv/lib/python3.9/site-packages/airflow/example_dags/plugins/workday.py
[2024-10-26 09:27:17,301] {processor.py:653} WARNING - No viable dags retrieved from /root/Documentos/airflow/venv/lib/python3.9/site-packages/airflow/example_dags/plugins/workday.py
[2024-10-26 09:27:17,307] {processor.py:161} INFO - Processing /root/Documentos/airflow/venv/lib/python3.9/site-packages/airflow/example_dags/plugins/workday.py took 0.017 seconds
[2024-10-26 09:27:51,744] {processor.py:153} INFO - Started process (PID=11119) to work on /root/Documentos/airflow/venv/lib/python3.9/site-packages/airflow/example_dags/plugins/workday.py
[2024-10-26 09:27:51,745] {processor.py:641} INFO - Processing file /root/Documentos/airflow/venv/lib/python3.9/site-packages/airflow/example_dags/plugins/workday.py for tasks to queue
[2024-10-26 09:27:51,745] {logging_mixin.py:115} INFO - [2024-10-26 09:27:51,745] {dagbag.py:507} INFO - Filling up the DagBag from /root/Documentos/airflow/venv/lib/python3.9/site-packages/airflow/example_dags/plugins/workday.py
[2024-10-26 09:27:51,746] {processor.py:653} WARNING - No viable dags retrieved from /root/Documentos/airflow/venv/lib/python3.9/site-packages/airflow/example_dags/plugins/workday.py
[2024-10-26 09:27:51,751] {processor.py:161} INFO - Processing /root/Documentos/airflow/venv/lib/python3.9/site-packages/airflow/example_dags/plugins/workday.py took 0.009 seconds
[2024-10-26 09:28:28,513] {processor.py:153} INFO - Started process (PID=11300) to work on /root/Documentos/airflow/venv/lib/python3.9/site-packages/airflow/example_dags/plugins/workday.py
[2024-10-26 09:28:28,519] {processor.py:641} INFO - Processing file /root/Documentos/airflow/venv/lib/python3.9/site-packages/airflow/example_dags/plugins/workday.py for tasks to queue
[2024-10-26 09:28:28,520] {logging_mixin.py:115} INFO - [2024-10-26 09:28:28,520] {dagbag.py:507} INFO - Filling up the DagBag from /root/Documentos/airflow/venv/lib/python3.9/site-packages/airflow/example_dags/plugins/workday.py
[2024-10-26 09:28:28,520] {processor.py:653} WARNING - No viable dags retrieved from /root/Documentos/airflow/venv/lib/python3.9/site-packages/airflow/example_dags/plugins/workday.py
[2024-10-26 09:28:28,525] {processor.py:161} INFO - Processing /root/Documentos/airflow/venv/lib/python3.9/site-packages/airflow/example_dags/plugins/workday.py took 0.013 seconds
[2024-10-26 09:38:15,777] {processor.py:153} INFO - Started process (PID=1076) to work on /root/Documentos/airflow/venv/lib/python3.9/site-packages/airflow/example_dags/plugins/workday.py
[2024-10-26 09:38:15,777] {processor.py:641} INFO - Processing file /root/Documentos/airflow/venv/lib/python3.9/site-packages/airflow/example_dags/plugins/workday.py for tasks to queue
[2024-10-26 09:38:15,778] {logging_mixin.py:115} INFO - [2024-10-26 09:38:15,778] {dagbag.py:507} INFO - Filling up the DagBag from /root/Documentos/airflow/venv/lib/python3.9/site-packages/airflow/example_dags/plugins/workday.py
[2024-10-26 09:38:15,779] {processor.py:653} WARNING - No viable dags retrieved from /root/Documentos/airflow/venv/lib/python3.9/site-packages/airflow/example_dags/plugins/workday.py
[2024-10-26 09:38:15,784] {processor.py:161} INFO - Processing /root/Documentos/airflow/venv/lib/python3.9/site-packages/airflow/example_dags/plugins/workday.py took 0.009 seconds
[2024-10-26 09:38:48,822] {processor.py:153} INFO - Started process (PID=1238) to work on /root/Documentos/airflow/venv/lib/python3.9/site-packages/airflow/example_dags/plugins/workday.py
[2024-10-26 09:38:48,827] {processor.py:641} INFO - Processing file /root/Documentos/airflow/venv/lib/python3.9/site-packages/airflow/example_dags/plugins/workday.py for tasks to queue
[2024-10-26 09:38:48,828] {logging_mixin.py:115} INFO - [2024-10-26 09:38:48,828] {dagbag.py:507} INFO - Filling up the DagBag from /root/Documentos/airflow/venv/lib/python3.9/site-packages/airflow/example_dags/plugins/workday.py
[2024-10-26 09:38:48,829] {processor.py:653} WARNING - No viable dags retrieved from /root/Documentos/airflow/venv/lib/python3.9/site-packages/airflow/example_dags/plugins/workday.py
[2024-10-26 09:38:48,834] {processor.py:161} INFO - Processing /root/Documentos/airflow/venv/lib/python3.9/site-packages/airflow/example_dags/plugins/workday.py took 0.013 seconds
[2024-10-26 09:39:23,662] {processor.py:153} INFO - Started process (PID=1409) to work on /root/Documentos/airflow/venv/lib/python3.9/site-packages/airflow/example_dags/plugins/workday.py
[2024-10-26 09:39:23,666] {processor.py:641} INFO - Processing file /root/Documentos/airflow/venv/lib/python3.9/site-packages/airflow/example_dags/plugins/workday.py for tasks to queue
[2024-10-26 09:39:23,667] {logging_mixin.py:115} INFO - [2024-10-26 09:39:23,667] {dagbag.py:507} INFO - Filling up the DagBag from /root/Documentos/airflow/venv/lib/python3.9/site-packages/airflow/example_dags/plugins/workday.py
[2024-10-26 09:39:23,668] {processor.py:653} WARNING - No viable dags retrieved from /root/Documentos/airflow/venv/lib/python3.9/site-packages/airflow/example_dags/plugins/workday.py
[2024-10-26 09:39:23,674] {processor.py:161} INFO - Processing /root/Documentos/airflow/venv/lib/python3.9/site-packages/airflow/example_dags/plugins/workday.py took 0.014 seconds
[2024-10-26 09:39:57,776] {processor.py:153} INFO - Started process (PID=1571) to work on /root/Documentos/airflow/venv/lib/python3.9/site-packages/airflow/example_dags/plugins/workday.py
[2024-10-26 09:39:57,781] {processor.py:641} INFO - Processing file /root/Documentos/airflow/venv/lib/python3.9/site-packages/airflow/example_dags/plugins/workday.py for tasks to queue
[2024-10-26 09:39:57,781] {logging_mixin.py:115} INFO - [2024-10-26 09:39:57,781] {dagbag.py:507} INFO - Filling up the DagBag from /root/Documentos/airflow/venv/lib/python3.9/site-packages/airflow/example_dags/plugins/workday.py
[2024-10-26 09:39:57,782] {processor.py:653} WARNING - No viable dags retrieved from /root/Documentos/airflow/venv/lib/python3.9/site-packages/airflow/example_dags/plugins/workday.py
[2024-10-26 09:39:57,788] {processor.py:161} INFO - Processing /root/Documentos/airflow/venv/lib/python3.9/site-packages/airflow/example_dags/plugins/workday.py took 0.013 seconds
[2024-10-26 09:40:33,339] {processor.py:153} INFO - Started process (PID=1743) to work on /root/Documentos/airflow/venv/lib/python3.9/site-packages/airflow/example_dags/plugins/workday.py
[2024-10-26 09:40:33,344] {processor.py:641} INFO - Processing file /root/Documentos/airflow/venv/lib/python3.9/site-packages/airflow/example_dags/plugins/workday.py for tasks to queue
[2024-10-26 09:40:33,344] {logging_mixin.py:115} INFO - [2024-10-26 09:40:33,344] {dagbag.py:507} INFO - Filling up the DagBag from /root/Documentos/airflow/venv/lib/python3.9/site-packages/airflow/example_dags/plugins/workday.py
[2024-10-26 09:40:33,346] {processor.py:653} WARNING - No viable dags retrieved from /root/Documentos/airflow/venv/lib/python3.9/site-packages/airflow/example_dags/plugins/workday.py
[2024-10-26 09:40:33,351] {processor.py:161} INFO - Processing /root/Documentos/airflow/venv/lib/python3.9/site-packages/airflow/example_dags/plugins/workday.py took 0.014 seconds
[2024-10-26 09:41:07,778] {processor.py:153} INFO - Started process (PID=1909) to work on /root/Documentos/airflow/venv/lib/python3.9/site-packages/airflow/example_dags/plugins/workday.py
[2024-10-26 09:41:07,784] {processor.py:641} INFO - Processing file /root/Documentos/airflow/venv/lib/python3.9/site-packages/airflow/example_dags/plugins/workday.py for tasks to queue
[2024-10-26 09:41:07,785] {logging_mixin.py:115} INFO - [2024-10-26 09:41:07,785] {dagbag.py:507} INFO - Filling up the DagBag from /root/Documentos/airflow/venv/lib/python3.9/site-packages/airflow/example_dags/plugins/workday.py
[2024-10-26 09:41:07,786] {processor.py:653} WARNING - No viable dags retrieved from /root/Documentos/airflow/venv/lib/python3.9/site-packages/airflow/example_dags/plugins/workday.py
[2024-10-26 09:41:07,791] {processor.py:161} INFO - Processing /root/Documentos/airflow/venv/lib/python3.9/site-packages/airflow/example_dags/plugins/workday.py took 0.014 seconds
[2024-10-26 09:41:42,756] {processor.py:153} INFO - Started process (PID=2079) to work on /root/Documentos/airflow/venv/lib/python3.9/site-packages/airflow/example_dags/plugins/workday.py
[2024-10-26 09:41:42,761] {processor.py:641} INFO - Processing file /root/Documentos/airflow/venv/lib/python3.9/site-packages/airflow/example_dags/plugins/workday.py for tasks to queue
[2024-10-26 09:41:42,762] {logging_mixin.py:115} INFO - [2024-10-26 09:41:42,762] {dagbag.py:507} INFO - Filling up the DagBag from /root/Documentos/airflow/venv/lib/python3.9/site-packages/airflow/example_dags/plugins/workday.py
[2024-10-26 09:41:42,763] {processor.py:653} WARNING - No viable dags retrieved from /root/Documentos/airflow/venv/lib/python3.9/site-packages/airflow/example_dags/plugins/workday.py
[2024-10-26 09:41:42,768] {processor.py:161} INFO - Processing /root/Documentos/airflow/venv/lib/python3.9/site-packages/airflow/example_dags/plugins/workday.py took 0.013 seconds
[2024-10-26 09:42:20,405] {processor.py:153} INFO - Started process (PID=2260) to work on /root/Documentos/airflow/venv/lib/python3.9/site-packages/airflow/example_dags/plugins/workday.py
[2024-10-26 09:42:20,406] {processor.py:641} INFO - Processing file /root/Documentos/airflow/venv/lib/python3.9/site-packages/airflow/example_dags/plugins/workday.py for tasks to queue
[2024-10-26 09:42:20,407] {logging_mixin.py:115} INFO - [2024-10-26 09:42:20,407] {dagbag.py:507} INFO - Filling up the DagBag from /root/Documentos/airflow/venv/lib/python3.9/site-packages/airflow/example_dags/plugins/workday.py
[2024-10-26 09:42:20,408] {processor.py:653} WARNING - No viable dags retrieved from /root/Documentos/airflow/venv/lib/python3.9/site-packages/airflow/example_dags/plugins/workday.py
[2024-10-26 09:42:20,413] {processor.py:161} INFO - Processing /root/Documentos/airflow/venv/lib/python3.9/site-packages/airflow/example_dags/plugins/workday.py took 0.010 seconds
[2024-10-26 09:42:52,493] {processor.py:153} INFO - Started process (PID=2418) to work on /root/Documentos/airflow/venv/lib/python3.9/site-packages/airflow/example_dags/plugins/workday.py
[2024-10-26 09:42:52,493] {processor.py:641} INFO - Processing file /root/Documentos/airflow/venv/lib/python3.9/site-packages/airflow/example_dags/plugins/workday.py for tasks to queue
[2024-10-26 09:42:52,493] {logging_mixin.py:115} INFO - [2024-10-26 09:42:52,493] {dagbag.py:507} INFO - Filling up the DagBag from /root/Documentos/airflow/venv/lib/python3.9/site-packages/airflow/example_dags/plugins/workday.py
[2024-10-26 09:42:52,494] {processor.py:653} WARNING - No viable dags retrieved from /root/Documentos/airflow/venv/lib/python3.9/site-packages/airflow/example_dags/plugins/workday.py
[2024-10-26 09:42:52,499] {processor.py:161} INFO - Processing /root/Documentos/airflow/venv/lib/python3.9/site-packages/airflow/example_dags/plugins/workday.py took 0.008 seconds
[2024-10-26 09:43:27,149] {processor.py:153} INFO - Started process (PID=2585) to work on /root/Documentos/airflow/venv/lib/python3.9/site-packages/airflow/example_dags/plugins/workday.py
[2024-10-26 09:43:27,154] {processor.py:641} INFO - Processing file /root/Documentos/airflow/venv/lib/python3.9/site-packages/airflow/example_dags/plugins/workday.py for tasks to queue
[2024-10-26 09:43:27,154] {logging_mixin.py:115} INFO - [2024-10-26 09:43:27,154] {dagbag.py:507} INFO - Filling up the DagBag from /root/Documentos/airflow/venv/lib/python3.9/site-packages/airflow/example_dags/plugins/workday.py
[2024-10-26 09:43:27,155] {processor.py:653} WARNING - No viable dags retrieved from /root/Documentos/airflow/venv/lib/python3.9/site-packages/airflow/example_dags/plugins/workday.py
[2024-10-26 09:43:27,161] {processor.py:161} INFO - Processing /root/Documentos/airflow/venv/lib/python3.9/site-packages/airflow/example_dags/plugins/workday.py took 0.013 seconds
[2024-10-26 09:44:05,194] {processor.py:153} INFO - Started process (PID=2769) to work on /root/Documentos/airflow/venv/lib/python3.9/site-packages/airflow/example_dags/plugins/workday.py
[2024-10-26 09:44:05,201] {processor.py:641} INFO - Processing file /root/Documentos/airflow/venv/lib/python3.9/site-packages/airflow/example_dags/plugins/workday.py for tasks to queue
[2024-10-26 09:44:05,202] {logging_mixin.py:115} INFO - [2024-10-26 09:44:05,202] {dagbag.py:507} INFO - Filling up the DagBag from /root/Documentos/airflow/venv/lib/python3.9/site-packages/airflow/example_dags/plugins/workday.py
[2024-10-26 09:44:05,203] {processor.py:653} WARNING - No viable dags retrieved from /root/Documentos/airflow/venv/lib/python3.9/site-packages/airflow/example_dags/plugins/workday.py
[2024-10-26 09:44:05,208] {processor.py:161} INFO - Processing /root/Documentos/airflow/venv/lib/python3.9/site-packages/airflow/example_dags/plugins/workday.py took 0.015 seconds
[2024-10-26 09:44:39,006] {processor.py:153} INFO - Started process (PID=2933) to work on /root/Documentos/airflow/venv/lib/python3.9/site-packages/airflow/example_dags/plugins/workday.py
[2024-10-26 09:44:39,008] {processor.py:641} INFO - Processing file /root/Documentos/airflow/venv/lib/python3.9/site-packages/airflow/example_dags/plugins/workday.py for tasks to queue
[2024-10-26 09:44:39,008] {logging_mixin.py:115} INFO - [2024-10-26 09:44:39,008] {dagbag.py:507} INFO - Filling up the DagBag from /root/Documentos/airflow/venv/lib/python3.9/site-packages/airflow/example_dags/plugins/workday.py
[2024-10-26 09:44:39,009] {processor.py:653} WARNING - No viable dags retrieved from /root/Documentos/airflow/venv/lib/python3.9/site-packages/airflow/example_dags/plugins/workday.py
[2024-10-26 09:44:39,015] {processor.py:161} INFO - Processing /root/Documentos/airflow/venv/lib/python3.9/site-packages/airflow/example_dags/plugins/workday.py took 0.010 seconds
[2024-10-26 09:45:11,186] {processor.py:153} INFO - Started process (PID=3090) to work on /root/Documentos/airflow/venv/lib/python3.9/site-packages/airflow/example_dags/plugins/workday.py
[2024-10-26 09:45:11,186] {processor.py:641} INFO - Processing file /root/Documentos/airflow/venv/lib/python3.9/site-packages/airflow/example_dags/plugins/workday.py for tasks to queue
[2024-10-26 09:45:11,186] {logging_mixin.py:115} INFO - [2024-10-26 09:45:11,186] {dagbag.py:507} INFO - Filling up the DagBag from /root/Documentos/airflow/venv/lib/python3.9/site-packages/airflow/example_dags/plugins/workday.py
[2024-10-26 09:45:11,187] {processor.py:653} WARNING - No viable dags retrieved from /root/Documentos/airflow/venv/lib/python3.9/site-packages/airflow/example_dags/plugins/workday.py
[2024-10-26 09:45:11,193] {processor.py:161} INFO - Processing /root/Documentos/airflow/venv/lib/python3.9/site-packages/airflow/example_dags/plugins/workday.py took 0.008 seconds
[2024-10-26 09:45:50,166] {processor.py:153} INFO - Started process (PID=3278) to work on /root/Documentos/airflow/venv/lib/python3.9/site-packages/airflow/example_dags/plugins/workday.py
[2024-10-26 09:45:50,167] {processor.py:641} INFO - Processing file /root/Documentos/airflow/venv/lib/python3.9/site-packages/airflow/example_dags/plugins/workday.py for tasks to queue
[2024-10-26 09:45:50,167] {logging_mixin.py:115} INFO - [2024-10-26 09:45:50,167] {dagbag.py:507} INFO - Filling up the DagBag from /root/Documentos/airflow/venv/lib/python3.9/site-packages/airflow/example_dags/plugins/workday.py
[2024-10-26 09:45:50,168] {processor.py:653} WARNING - No viable dags retrieved from /root/Documentos/airflow/venv/lib/python3.9/site-packages/airflow/example_dags/plugins/workday.py
[2024-10-26 09:45:50,173] {processor.py:161} INFO - Processing /root/Documentos/airflow/venv/lib/python3.9/site-packages/airflow/example_dags/plugins/workday.py took 0.008 seconds
[2024-10-26 09:46:24,072] {processor.py:153} INFO - Started process (PID=3520) to work on /root/Documentos/airflow/venv/lib/python3.9/site-packages/airflow/example_dags/plugins/workday.py
[2024-10-26 09:46:24,074] {processor.py:641} INFO - Processing file /root/Documentos/airflow/venv/lib/python3.9/site-packages/airflow/example_dags/plugins/workday.py for tasks to queue
[2024-10-26 09:46:24,074] {logging_mixin.py:115} INFO - [2024-10-26 09:46:24,074] {dagbag.py:507} INFO - Filling up the DagBag from /root/Documentos/airflow/venv/lib/python3.9/site-packages/airflow/example_dags/plugins/workday.py
[2024-10-26 09:46:24,076] {processor.py:653} WARNING - No viable dags retrieved from /root/Documentos/airflow/venv/lib/python3.9/site-packages/airflow/example_dags/plugins/workday.py
[2024-10-26 09:46:24,081] {processor.py:161} INFO - Processing /root/Documentos/airflow/venv/lib/python3.9/site-packages/airflow/example_dags/plugins/workday.py took 0.011 seconds
[2024-10-26 09:47:02,925] {processor.py:153} INFO - Started process (PID=3708) to work on /root/Documentos/airflow/venv/lib/python3.9/site-packages/airflow/example_dags/plugins/workday.py
[2024-10-26 09:47:02,932] {processor.py:641} INFO - Processing file /root/Documentos/airflow/venv/lib/python3.9/site-packages/airflow/example_dags/plugins/workday.py for tasks to queue
[2024-10-26 09:47:02,933] {logging_mixin.py:115} INFO - [2024-10-26 09:47:02,932] {dagbag.py:507} INFO - Filling up the DagBag from /root/Documentos/airflow/venv/lib/python3.9/site-packages/airflow/example_dags/plugins/workday.py
[2024-10-26 09:47:02,933] {processor.py:653} WARNING - No viable dags retrieved from /root/Documentos/airflow/venv/lib/python3.9/site-packages/airflow/example_dags/plugins/workday.py
[2024-10-26 09:47:02,939] {processor.py:161} INFO - Processing /root/Documentos/airflow/venv/lib/python3.9/site-packages/airflow/example_dags/plugins/workday.py took 0.016 seconds
[2024-10-26 09:47:36,438] {processor.py:153} INFO - Started process (PID=3871) to work on /root/Documentos/airflow/venv/lib/python3.9/site-packages/airflow/example_dags/plugins/workday.py
[2024-10-26 09:47:36,443] {processor.py:641} INFO - Processing file /root/Documentos/airflow/venv/lib/python3.9/site-packages/airflow/example_dags/plugins/workday.py for tasks to queue
[2024-10-26 09:47:36,444] {logging_mixin.py:115} INFO - [2024-10-26 09:47:36,444] {dagbag.py:507} INFO - Filling up the DagBag from /root/Documentos/airflow/venv/lib/python3.9/site-packages/airflow/example_dags/plugins/workday.py
[2024-10-26 09:47:36,445] {processor.py:653} WARNING - No viable dags retrieved from /root/Documentos/airflow/venv/lib/python3.9/site-packages/airflow/example_dags/plugins/workday.py
[2024-10-26 09:47:36,450] {processor.py:161} INFO - Processing /root/Documentos/airflow/venv/lib/python3.9/site-packages/airflow/example_dags/plugins/workday.py took 0.013 seconds
[2024-10-26 09:48:09,424] {processor.py:153} INFO - Started process (PID=4038) to work on /root/Documentos/airflow/venv/lib/python3.9/site-packages/airflow/example_dags/plugins/workday.py
[2024-10-26 09:48:09,424] {processor.py:641} INFO - Processing file /root/Documentos/airflow/venv/lib/python3.9/site-packages/airflow/example_dags/plugins/workday.py for tasks to queue
[2024-10-26 09:48:09,425] {logging_mixin.py:115} INFO - [2024-10-26 09:48:09,425] {dagbag.py:507} INFO - Filling up the DagBag from /root/Documentos/airflow/venv/lib/python3.9/site-packages/airflow/example_dags/plugins/workday.py
[2024-10-26 09:48:09,426] {processor.py:653} WARNING - No viable dags retrieved from /root/Documentos/airflow/venv/lib/python3.9/site-packages/airflow/example_dags/plugins/workday.py
[2024-10-26 09:48:09,431] {processor.py:161} INFO - Processing /root/Documentos/airflow/venv/lib/python3.9/site-packages/airflow/example_dags/plugins/workday.py took 0.008 seconds
[2024-10-26 09:48:46,735] {processor.py:153} INFO - Started process (PID=4217) to work on /root/Documentos/airflow/venv/lib/python3.9/site-packages/airflow/example_dags/plugins/workday.py
[2024-10-26 09:48:46,737] {processor.py:641} INFO - Processing file /root/Documentos/airflow/venv/lib/python3.9/site-packages/airflow/example_dags/plugins/workday.py for tasks to queue
[2024-10-26 09:48:46,737] {logging_mixin.py:115} INFO - [2024-10-26 09:48:46,737] {dagbag.py:507} INFO - Filling up the DagBag from /root/Documentos/airflow/venv/lib/python3.9/site-packages/airflow/example_dags/plugins/workday.py
[2024-10-26 09:48:46,739] {processor.py:653} WARNING - No viable dags retrieved from /root/Documentos/airflow/venv/lib/python3.9/site-packages/airflow/example_dags/plugins/workday.py
[2024-10-26 09:48:46,745] {processor.py:161} INFO - Processing /root/Documentos/airflow/venv/lib/python3.9/site-packages/airflow/example_dags/plugins/workday.py took 0.012 seconds
[2024-10-26 09:49:19,585] {processor.py:153} INFO - Started process (PID=4376) to work on /root/Documentos/airflow/venv/lib/python3.9/site-packages/airflow/example_dags/plugins/workday.py
[2024-10-26 09:49:19,585] {processor.py:641} INFO - Processing file /root/Documentos/airflow/venv/lib/python3.9/site-packages/airflow/example_dags/plugins/workday.py for tasks to queue
[2024-10-26 09:49:19,585] {logging_mixin.py:115} INFO - [2024-10-26 09:49:19,585] {dagbag.py:507} INFO - Filling up the DagBag from /root/Documentos/airflow/venv/lib/python3.9/site-packages/airflow/example_dags/plugins/workday.py
[2024-10-26 09:49:19,586] {processor.py:653} WARNING - No viable dags retrieved from /root/Documentos/airflow/venv/lib/python3.9/site-packages/airflow/example_dags/plugins/workday.py
[2024-10-26 09:49:19,592] {processor.py:161} INFO - Processing /root/Documentos/airflow/venv/lib/python3.9/site-packages/airflow/example_dags/plugins/workday.py took 0.008 seconds
[2024-10-26 09:49:55,087] {processor.py:153} INFO - Started process (PID=4546) to work on /root/Documentos/airflow/venv/lib/python3.9/site-packages/airflow/example_dags/plugins/workday.py
[2024-10-26 09:49:55,088] {processor.py:641} INFO - Processing file /root/Documentos/airflow/venv/lib/python3.9/site-packages/airflow/example_dags/plugins/workday.py for tasks to queue
[2024-10-26 09:49:55,089] {logging_mixin.py:115} INFO - [2024-10-26 09:49:55,089] {dagbag.py:507} INFO - Filling up the DagBag from /root/Documentos/airflow/venv/lib/python3.9/site-packages/airflow/example_dags/plugins/workday.py
[2024-10-26 09:49:55,091] {processor.py:653} WARNING - No viable dags retrieved from /root/Documentos/airflow/venv/lib/python3.9/site-packages/airflow/example_dags/plugins/workday.py
[2024-10-26 09:49:55,096] {processor.py:161} INFO - Processing /root/Documentos/airflow/venv/lib/python3.9/site-packages/airflow/example_dags/plugins/workday.py took 0.010 seconds
[2024-10-26 09:50:31,176] {processor.py:153} INFO - Started process (PID=4721) to work on /root/Documentos/airflow/venv/lib/python3.9/site-packages/airflow/example_dags/plugins/workday.py
[2024-10-26 09:50:31,179] {processor.py:641} INFO - Processing file /root/Documentos/airflow/venv/lib/python3.9/site-packages/airflow/example_dags/plugins/workday.py for tasks to queue
[2024-10-26 09:50:31,179] {logging_mixin.py:115} INFO - [2024-10-26 09:50:31,179] {dagbag.py:507} INFO - Filling up the DagBag from /root/Documentos/airflow/venv/lib/python3.9/site-packages/airflow/example_dags/plugins/workday.py
[2024-10-26 09:50:31,180] {processor.py:653} WARNING - No viable dags retrieved from /root/Documentos/airflow/venv/lib/python3.9/site-packages/airflow/example_dags/plugins/workday.py
[2024-10-26 09:50:31,186] {processor.py:161} INFO - Processing /root/Documentos/airflow/venv/lib/python3.9/site-packages/airflow/example_dags/plugins/workday.py took 0.011 seconds
[2024-10-26 09:51:04,463] {processor.py:153} INFO - Started process (PID=4884) to work on /root/Documentos/airflow/venv/lib/python3.9/site-packages/airflow/example_dags/plugins/workday.py
[2024-10-26 09:51:04,468] {processor.py:641} INFO - Processing file /root/Documentos/airflow/venv/lib/python3.9/site-packages/airflow/example_dags/plugins/workday.py for tasks to queue
[2024-10-26 09:51:04,468] {logging_mixin.py:115} INFO - [2024-10-26 09:51:04,468] {dagbag.py:507} INFO - Filling up the DagBag from /root/Documentos/airflow/venv/lib/python3.9/site-packages/airflow/example_dags/plugins/workday.py
[2024-10-26 09:51:04,469] {processor.py:653} WARNING - No viable dags retrieved from /root/Documentos/airflow/venv/lib/python3.9/site-packages/airflow/example_dags/plugins/workday.py
[2024-10-26 09:51:04,475] {processor.py:161} INFO - Processing /root/Documentos/airflow/venv/lib/python3.9/site-packages/airflow/example_dags/plugins/workday.py took 0.014 seconds
[2024-10-26 09:51:41,746] {processor.py:153} INFO - Started process (PID=5064) to work on /root/Documentos/airflow/venv/lib/python3.9/site-packages/airflow/example_dags/plugins/workday.py
[2024-10-26 09:51:41,752] {processor.py:641} INFO - Processing file /root/Documentos/airflow/venv/lib/python3.9/site-packages/airflow/example_dags/plugins/workday.py for tasks to queue
[2024-10-26 09:51:41,753] {logging_mixin.py:115} INFO - [2024-10-26 09:51:41,753] {dagbag.py:507} INFO - Filling up the DagBag from /root/Documentos/airflow/venv/lib/python3.9/site-packages/airflow/example_dags/plugins/workday.py
[2024-10-26 09:51:41,754] {processor.py:653} WARNING - No viable dags retrieved from /root/Documentos/airflow/venv/lib/python3.9/site-packages/airflow/example_dags/plugins/workday.py
[2024-10-26 09:51:41,759] {processor.py:161} INFO - Processing /root/Documentos/airflow/venv/lib/python3.9/site-packages/airflow/example_dags/plugins/workday.py took 0.014 seconds
[2024-10-26 09:52:17,859] {processor.py:153} INFO - Started process (PID=5240) to work on /root/Documentos/airflow/venv/lib/python3.9/site-packages/airflow/example_dags/plugins/workday.py
[2024-10-26 09:52:17,861] {processor.py:641} INFO - Processing file /root/Documentos/airflow/venv/lib/python3.9/site-packages/airflow/example_dags/plugins/workday.py for tasks to queue
[2024-10-26 09:52:17,861] {logging_mixin.py:115} INFO - [2024-10-26 09:52:17,861] {dagbag.py:507} INFO - Filling up the DagBag from /root/Documentos/airflow/venv/lib/python3.9/site-packages/airflow/example_dags/plugins/workday.py
[2024-10-26 09:52:17,862] {processor.py:653} WARNING - No viable dags retrieved from /root/Documentos/airflow/venv/lib/python3.9/site-packages/airflow/example_dags/plugins/workday.py
[2024-10-26 09:52:17,868] {processor.py:161} INFO - Processing /root/Documentos/airflow/venv/lib/python3.9/site-packages/airflow/example_dags/plugins/workday.py took 0.011 seconds
[2024-10-26 09:52:51,709] {processor.py:153} INFO - Started process (PID=5404) to work on /root/Documentos/airflow/venv/lib/python3.9/site-packages/airflow/example_dags/plugins/workday.py
[2024-10-26 09:52:51,711] {processor.py:641} INFO - Processing file /root/Documentos/airflow/venv/lib/python3.9/site-packages/airflow/example_dags/plugins/workday.py for tasks to queue
[2024-10-26 09:52:51,711] {logging_mixin.py:115} INFO - [2024-10-26 09:52:51,711] {dagbag.py:507} INFO - Filling up the DagBag from /root/Documentos/airflow/venv/lib/python3.9/site-packages/airflow/example_dags/plugins/workday.py
[2024-10-26 09:52:51,712] {processor.py:653} WARNING - No viable dags retrieved from /root/Documentos/airflow/venv/lib/python3.9/site-packages/airflow/example_dags/plugins/workday.py
[2024-10-26 09:52:51,717] {processor.py:161} INFO - Processing /root/Documentos/airflow/venv/lib/python3.9/site-packages/airflow/example_dags/plugins/workday.py took 0.010 seconds
[2024-10-26 09:53:26,151] {processor.py:153} INFO - Started process (PID=5569) to work on /root/Documentos/airflow/venv/lib/python3.9/site-packages/airflow/example_dags/plugins/workday.py
[2024-10-26 09:53:26,152] {processor.py:641} INFO - Processing file /root/Documentos/airflow/venv/lib/python3.9/site-packages/airflow/example_dags/plugins/workday.py for tasks to queue
[2024-10-26 09:53:26,152] {logging_mixin.py:115} INFO - [2024-10-26 09:53:26,152] {dagbag.py:507} INFO - Filling up the DagBag from /root/Documentos/airflow/venv/lib/python3.9/site-packages/airflow/example_dags/plugins/workday.py
[2024-10-26 09:53:26,153] {processor.py:653} WARNING - No viable dags retrieved from /root/Documentos/airflow/venv/lib/python3.9/site-packages/airflow/example_dags/plugins/workday.py
[2024-10-26 09:53:26,158] {processor.py:161} INFO - Processing /root/Documentos/airflow/venv/lib/python3.9/site-packages/airflow/example_dags/plugins/workday.py took 0.008 seconds
[2024-10-26 09:53:59,008] {processor.py:153} INFO - Started process (PID=5730) to work on /root/Documentos/airflow/venv/lib/python3.9/site-packages/airflow/example_dags/plugins/workday.py
[2024-10-26 09:53:59,010] {processor.py:641} INFO - Processing file /root/Documentos/airflow/venv/lib/python3.9/site-packages/airflow/example_dags/plugins/workday.py for tasks to queue
[2024-10-26 09:53:59,010] {logging_mixin.py:115} INFO - [2024-10-26 09:53:59,010] {dagbag.py:507} INFO - Filling up the DagBag from /root/Documentos/airflow/venv/lib/python3.9/site-packages/airflow/example_dags/plugins/workday.py
[2024-10-26 09:53:59,011] {processor.py:653} WARNING - No viable dags retrieved from /root/Documentos/airflow/venv/lib/python3.9/site-packages/airflow/example_dags/plugins/workday.py
[2024-10-26 09:53:59,016] {processor.py:161} INFO - Processing /root/Documentos/airflow/venv/lib/python3.9/site-packages/airflow/example_dags/plugins/workday.py took 0.009 seconds
[2024-10-26 09:54:33,304] {processor.py:153} INFO - Started process (PID=5895) to work on /root/Documentos/airflow/venv/lib/python3.9/site-packages/airflow/example_dags/plugins/workday.py
[2024-10-26 09:54:33,304] {processor.py:641} INFO - Processing file /root/Documentos/airflow/venv/lib/python3.9/site-packages/airflow/example_dags/plugins/workday.py for tasks to queue
[2024-10-26 09:54:33,304] {logging_mixin.py:115} INFO - [2024-10-26 09:54:33,304] {dagbag.py:507} INFO - Filling up the DagBag from /root/Documentos/airflow/venv/lib/python3.9/site-packages/airflow/example_dags/plugins/workday.py
[2024-10-26 09:54:33,305] {processor.py:653} WARNING - No viable dags retrieved from /root/Documentos/airflow/venv/lib/python3.9/site-packages/airflow/example_dags/plugins/workday.py
[2024-10-26 09:54:33,311] {processor.py:161} INFO - Processing /root/Documentos/airflow/venv/lib/python3.9/site-packages/airflow/example_dags/plugins/workday.py took 0.008 seconds
[2024-10-26 09:55:08,264] {processor.py:153} INFO - Started process (PID=6062) to work on /root/Documentos/airflow/venv/lib/python3.9/site-packages/airflow/example_dags/plugins/workday.py
[2024-10-26 09:55:08,267] {processor.py:641} INFO - Processing file /root/Documentos/airflow/venv/lib/python3.9/site-packages/airflow/example_dags/plugins/workday.py for tasks to queue
[2024-10-26 09:55:08,267] {logging_mixin.py:115} INFO - [2024-10-26 09:55:08,267] {dagbag.py:507} INFO - Filling up the DagBag from /root/Documentos/airflow/venv/lib/python3.9/site-packages/airflow/example_dags/plugins/workday.py
[2024-10-26 09:55:08,268] {processor.py:653} WARNING - No viable dags retrieved from /root/Documentos/airflow/venv/lib/python3.9/site-packages/airflow/example_dags/plugins/workday.py
[2024-10-26 09:55:08,273] {processor.py:161} INFO - Processing /root/Documentos/airflow/venv/lib/python3.9/site-packages/airflow/example_dags/plugins/workday.py took 0.011 seconds
