[2024-10-29 14:49:12,406] {taskinstance.py:1159} INFO - Dependencies all met for <TaskInstance: example_bash_operator.runme_0 scheduled__2024-10-28T00:00:00+00:00 [queued]>
[2024-10-29 14:49:12,410] {taskinstance.py:1159} INFO - Dependencies all met for <TaskInstance: example_bash_operator.runme_0 scheduled__2024-10-28T00:00:00+00:00 [queued]>
[2024-10-29 14:49:12,410] {taskinstance.py:1356} INFO - 
--------------------------------------------------------------------------------
[2024-10-29 14:49:12,410] {taskinstance.py:1357} INFO - Starting attempt 1 of 1
[2024-10-29 14:49:12,410] {taskinstance.py:1358} INFO - 
--------------------------------------------------------------------------------
[2024-10-29 14:49:12,423] {taskinstance.py:1377} INFO - Executing <Task(BashOperator): runme_0> on 2024-10-28 00:00:00+00:00
[2024-10-29 14:49:12,424] {standard_task_runner.py:52} INFO - Started process 110427 to run task
[2024-10-29 14:49:12,426] {standard_task_runner.py:79} INFO - Running: ['airflow', 'tasks', 'run', 'example_bash_operator', 'runme_0', 'scheduled__2024-10-28T00:00:00+00:00', '--job-id', '30', '--raw', '--subdir', '/root/Documentos/airflow/venv/lib/python3.9/site-packages/airflow/example_dags/example_bash_operator.py', '--cfg-path', '/tmp/tmpuzuypdpd', '--error-file', '/tmp/tmpxbke_uo_']
[2024-10-29 14:49:12,426] {standard_task_runner.py:80} INFO - Job 30: Subtask runme_0
[2024-10-29 14:49:12,450] {task_command.py:370} INFO - Running <TaskInstance: example_bash_operator.runme_0 scheduled__2024-10-28T00:00:00+00:00 [running]> on host LAPTOP-SNAE0A1O.
[2024-10-29 14:49:12,484] {taskinstance.py:1569} INFO - Exporting the following env vars:
AIRFLOW_CTX_DAG_OWNER=airflow
AIRFLOW_CTX_DAG_ID=example_bash_operator
AIRFLOW_CTX_TASK_ID=runme_0
AIRFLOW_CTX_EXECUTION_DATE=2024-10-28T00:00:00+00:00
AIRFLOW_CTX_TRY_NUMBER=1
AIRFLOW_CTX_DAG_RUN_ID=scheduled__2024-10-28T00:00:00+00:00
[2024-10-29 14:49:12,485] {subprocess.py:62} INFO - Tmp dir root location: 
 /tmp
[2024-10-29 14:49:12,486] {subprocess.py:74} INFO - Running command: ['bash', '-c', 'echo "example_bash_operator__runme_0__20241028" && sleep 1']
[2024-10-29 14:49:12,490] {subprocess.py:85} INFO - Output:
[2024-10-29 14:49:12,490] {subprocess.py:92} INFO - example_bash_operator__runme_0__20241028
[2024-10-29 14:49:13,492] {subprocess.py:96} INFO - Command exited with return code 0
[2024-10-29 14:49:13,511] {taskinstance.py:1395} INFO - Marking task as SUCCESS. dag_id=example_bash_operator, task_id=runme_0, execution_date=20241028T000000, start_date=20241029T174912, end_date=20241029T174913
[2024-10-29 14:49:13,562] {local_task_job.py:156} INFO - Task exited with return code 0
[2024-10-29 14:49:13,577] {local_task_job.py:273} INFO - 0 downstream tasks scheduled from follow-on schedule check
