[2024-10-29 14:49:19,178] {taskinstance.py:1159} INFO - Dependencies all met for <TaskInstance: example_bash_operator.this_will_skip scheduled__2024-10-28T00:00:00+00:00 [queued]>
[2024-10-29 14:49:19,181] {taskinstance.py:1159} INFO - Dependencies all met for <TaskInstance: example_bash_operator.this_will_skip scheduled__2024-10-28T00:00:00+00:00 [queued]>
[2024-10-29 14:49:19,181] {taskinstance.py:1356} INFO - 
--------------------------------------------------------------------------------
[2024-10-29 14:49:19,182] {taskinstance.py:1357} INFO - Starting attempt 1 of 1
[2024-10-29 14:49:19,182] {taskinstance.py:1358} INFO - 
--------------------------------------------------------------------------------
[2024-10-29 14:49:19,194] {taskinstance.py:1377} INFO - Executing <Task(BashOperator): this_will_skip> on 2024-10-28 00:00:00+00:00
[2024-10-29 14:49:19,195] {standard_task_runner.py:52} INFO - Started process 110486 to run task
[2024-10-29 14:49:19,197] {standard_task_runner.py:79} INFO - Running: ['airflow', 'tasks', 'run', 'example_bash_operator', 'this_will_skip', 'scheduled__2024-10-28T00:00:00+00:00', '--job-id', '34', '--raw', '--subdir', '/root/Documentos/airflow/venv/lib/python3.9/site-packages/airflow/example_dags/example_bash_operator.py', '--cfg-path', '/tmp/tmpbqnii2ha', '--error-file', '/tmp/tmpmz571n4x']
[2024-10-29 14:49:19,197] {standard_task_runner.py:80} INFO - Job 34: Subtask this_will_skip
[2024-10-29 14:49:19,220] {task_command.py:370} INFO - Running <TaskInstance: example_bash_operator.this_will_skip scheduled__2024-10-28T00:00:00+00:00 [running]> on host LAPTOP-SNAE0A1O.
[2024-10-29 14:49:19,256] {taskinstance.py:1569} INFO - Exporting the following env vars:
AIRFLOW_CTX_DAG_OWNER=airflow
AIRFLOW_CTX_DAG_ID=example_bash_operator
AIRFLOW_CTX_TASK_ID=this_will_skip
AIRFLOW_CTX_EXECUTION_DATE=2024-10-28T00:00:00+00:00
AIRFLOW_CTX_TRY_NUMBER=1
AIRFLOW_CTX_DAG_RUN_ID=scheduled__2024-10-28T00:00:00+00:00
[2024-10-29 14:49:19,256] {subprocess.py:62} INFO - Tmp dir root location: 
 /tmp
[2024-10-29 14:49:19,257] {subprocess.py:74} INFO - Running command: ['bash', '-c', 'echo "hello world"; exit 99;']
[2024-10-29 14:49:19,261] {subprocess.py:85} INFO - Output:
[2024-10-29 14:49:19,261] {subprocess.py:92} INFO - hello world
[2024-10-29 14:49:19,261] {subprocess.py:96} INFO - Command exited with return code 99
[2024-10-29 14:49:19,262] {taskinstance.py:1478} INFO - Bash command returned exit code 99. Skipping.
[2024-10-29 14:49:19,267] {taskinstance.py:1395} INFO - Marking task as SKIPPED. dag_id=example_bash_operator, task_id=this_will_skip, execution_date=20241028T000000, start_date=20241029T174919, end_date=20241029T174919
[2024-10-29 14:49:19,288] {local_task_job.py:156} INFO - Task exited with return code 0
[2024-10-29 14:49:19,308] {local_task_job.py:273} INFO - 0 downstream tasks scheduled from follow-on schedule check
