[2024-10-26 09:24:47,167] {processor.py:153} INFO - Started process (PID=10221) to work on /root/Documentos/airflow/venv/lib/python3.9/site-packages/airflow/example_dags/example_bash_operator.py
[2024-10-26 09:24:47,167] {processor.py:641} INFO - Processing file /root/Documentos/airflow/venv/lib/python3.9/site-packages/airflow/example_dags/example_bash_operator.py for tasks to queue
[2024-10-26 09:24:47,168] {logging_mixin.py:115} INFO - [2024-10-26 09:24:47,168] {dagbag.py:507} INFO - Filling up the DagBag from /root/Documentos/airflow/venv/lib/python3.9/site-packages/airflow/example_dags/example_bash_operator.py
[2024-10-26 09:24:47,173] {processor.py:651} INFO - DAG(s) dict_keys(['example_bash_operator']) retrieved from /root/Documentos/airflow/venv/lib/python3.9/site-packages/airflow/example_dags/example_bash_operator.py
[2024-10-26 09:24:47,219] {logging_mixin.py:115} INFO - [2024-10-26 09:24:47,219] {manager.py:508} INFO - Created Permission View: can edit on DAG:example_bash_operator
[2024-10-26 09:24:47,229] {logging_mixin.py:115} INFO - [2024-10-26 09:24:47,229] {manager.py:508} INFO - Created Permission View: can read on DAG:example_bash_operator
[2024-10-26 09:24:47,238] {logging_mixin.py:115} INFO - [2024-10-26 09:24:47,238] {manager.py:508} INFO - Created Permission View: can delete on DAG:example_bash_operator
[2024-10-26 09:24:47,238] {logging_mixin.py:115} INFO - [2024-10-26 09:24:47,238] {dag.py:2379} INFO - Sync 1 DAGs
[2024-10-26 09:24:47,242] {logging_mixin.py:115} INFO - [2024-10-26 09:24:47,242] {dag.py:2398} INFO - Creating ORM DAG for example_bash_operator
[2024-10-26 09:24:47,248] {logging_mixin.py:115} INFO - [2024-10-26 09:24:47,248] {dag.py:2927} INFO - Setting next_dagrun for example_bash_operator to 2024-10-25T00:00:00+00:00, run_after=2024-10-26T00:00:00+00:00
[2024-10-26 09:24:47,263] {processor.py:161} INFO - Processing /root/Documentos/airflow/venv/lib/python3.9/site-packages/airflow/example_dags/example_bash_operator.py took 0.098 seconds
[2024-10-26 09:25:22,575] {processor.py:153} INFO - Started process (PID=10391) to work on /root/Documentos/airflow/venv/lib/python3.9/site-packages/airflow/example_dags/example_bash_operator.py
[2024-10-26 09:25:22,576] {processor.py:641} INFO - Processing file /root/Documentos/airflow/venv/lib/python3.9/site-packages/airflow/example_dags/example_bash_operator.py for tasks to queue
[2024-10-26 09:25:22,577] {logging_mixin.py:115} INFO - [2024-10-26 09:25:22,577] {dagbag.py:507} INFO - Filling up the DagBag from /root/Documentos/airflow/venv/lib/python3.9/site-packages/airflow/example_dags/example_bash_operator.py
[2024-10-26 09:25:22,582] {processor.py:651} INFO - DAG(s) dict_keys(['example_bash_operator']) retrieved from /root/Documentos/airflow/venv/lib/python3.9/site-packages/airflow/example_dags/example_bash_operator.py
[2024-10-26 09:25:22,591] {logging_mixin.py:115} INFO - [2024-10-26 09:25:22,591] {dag.py:2379} INFO - Sync 1 DAGs
[2024-10-26 09:25:22,601] {logging_mixin.py:115} INFO - [2024-10-26 09:25:22,601] {dag.py:2927} INFO - Setting next_dagrun for example_bash_operator to 2024-10-25T00:00:00+00:00, run_after=2024-10-26T00:00:00+00:00
[2024-10-26 09:25:22,615] {processor.py:161} INFO - Processing /root/Documentos/airflow/venv/lib/python3.9/site-packages/airflow/example_dags/example_bash_operator.py took 0.041 seconds
[2024-10-26 09:25:54,164] {processor.py:153} INFO - Started process (PID=10546) to work on /root/Documentos/airflow/venv/lib/python3.9/site-packages/airflow/example_dags/example_bash_operator.py
[2024-10-26 09:25:54,169] {processor.py:641} INFO - Processing file /root/Documentos/airflow/venv/lib/python3.9/site-packages/airflow/example_dags/example_bash_operator.py for tasks to queue
[2024-10-26 09:25:54,170] {logging_mixin.py:115} INFO - [2024-10-26 09:25:54,170] {dagbag.py:507} INFO - Filling up the DagBag from /root/Documentos/airflow/venv/lib/python3.9/site-packages/airflow/example_dags/example_bash_operator.py
[2024-10-26 09:25:54,177] {processor.py:651} INFO - DAG(s) dict_keys(['example_bash_operator']) retrieved from /root/Documentos/airflow/venv/lib/python3.9/site-packages/airflow/example_dags/example_bash_operator.py
[2024-10-26 09:25:54,194] {logging_mixin.py:115} INFO - [2024-10-26 09:25:54,194] {dag.py:2379} INFO - Sync 1 DAGs
[2024-10-26 09:25:54,205] {logging_mixin.py:115} INFO - [2024-10-26 09:25:54,205] {dag.py:2927} INFO - Setting next_dagrun for example_bash_operator to 2024-10-25T00:00:00+00:00, run_after=2024-10-26T00:00:00+00:00
[2024-10-26 09:25:54,219] {processor.py:161} INFO - Processing /root/Documentos/airflow/venv/lib/python3.9/site-packages/airflow/example_dags/example_bash_operator.py took 0.057 seconds
[2024-10-26 09:26:28,670] {processor.py:153} INFO - Started process (PID=10712) to work on /root/Documentos/airflow/venv/lib/python3.9/site-packages/airflow/example_dags/example_bash_operator.py
[2024-10-26 09:26:28,678] {processor.py:641} INFO - Processing file /root/Documentos/airflow/venv/lib/python3.9/site-packages/airflow/example_dags/example_bash_operator.py for tasks to queue
[2024-10-26 09:26:28,678] {logging_mixin.py:115} INFO - [2024-10-26 09:26:28,678] {dagbag.py:507} INFO - Filling up the DagBag from /root/Documentos/airflow/venv/lib/python3.9/site-packages/airflow/example_dags/example_bash_operator.py
[2024-10-26 09:26:28,684] {processor.py:651} INFO - DAG(s) dict_keys(['example_bash_operator']) retrieved from /root/Documentos/airflow/venv/lib/python3.9/site-packages/airflow/example_dags/example_bash_operator.py
[2024-10-26 09:26:28,692] {logging_mixin.py:115} INFO - [2024-10-26 09:26:28,692] {dag.py:2379} INFO - Sync 1 DAGs
[2024-10-26 09:26:28,703] {logging_mixin.py:115} INFO - [2024-10-26 09:26:28,703] {dag.py:2927} INFO - Setting next_dagrun for example_bash_operator to 2024-10-25T00:00:00+00:00, run_after=2024-10-26T00:00:00+00:00
[2024-10-26 09:26:28,717] {processor.py:161} INFO - Processing /root/Documentos/airflow/venv/lib/python3.9/site-packages/airflow/example_dags/example_bash_operator.py took 0.048 seconds
[2024-10-26 09:27:01,347] {processor.py:153} INFO - Started process (PID=10871) to work on /root/Documentos/airflow/venv/lib/python3.9/site-packages/airflow/example_dags/example_bash_operator.py
[2024-10-26 09:27:01,352] {processor.py:641} INFO - Processing file /root/Documentos/airflow/venv/lib/python3.9/site-packages/airflow/example_dags/example_bash_operator.py for tasks to queue
[2024-10-26 09:27:01,353] {logging_mixin.py:115} INFO - [2024-10-26 09:27:01,353] {dagbag.py:507} INFO - Filling up the DagBag from /root/Documentos/airflow/venv/lib/python3.9/site-packages/airflow/example_dags/example_bash_operator.py
[2024-10-26 09:27:01,358] {processor.py:651} INFO - DAG(s) dict_keys(['example_bash_operator']) retrieved from /root/Documentos/airflow/venv/lib/python3.9/site-packages/airflow/example_dags/example_bash_operator.py
[2024-10-26 09:27:01,367] {logging_mixin.py:115} INFO - [2024-10-26 09:27:01,367] {dag.py:2379} INFO - Sync 1 DAGs
[2024-10-26 09:27:01,377] {logging_mixin.py:115} INFO - [2024-10-26 09:27:01,377] {dag.py:2927} INFO - Setting next_dagrun for example_bash_operator to 2024-10-25T00:00:00+00:00, run_after=2024-10-26T00:00:00+00:00
[2024-10-26 09:27:01,391] {processor.py:161} INFO - Processing /root/Documentos/airflow/venv/lib/python3.9/site-packages/airflow/example_dags/example_bash_operator.py took 0.045 seconds
[2024-10-26 09:27:33,992] {processor.py:153} INFO - Started process (PID=11030) to work on /root/Documentos/airflow/venv/lib/python3.9/site-packages/airflow/example_dags/example_bash_operator.py
[2024-10-26 09:27:33,999] {processor.py:641} INFO - Processing file /root/Documentos/airflow/venv/lib/python3.9/site-packages/airflow/example_dags/example_bash_operator.py for tasks to queue
[2024-10-26 09:27:34,000] {logging_mixin.py:115} INFO - [2024-10-26 09:27:34,000] {dagbag.py:507} INFO - Filling up the DagBag from /root/Documentos/airflow/venv/lib/python3.9/site-packages/airflow/example_dags/example_bash_operator.py
[2024-10-26 09:27:34,006] {processor.py:651} INFO - DAG(s) dict_keys(['example_bash_operator']) retrieved from /root/Documentos/airflow/venv/lib/python3.9/site-packages/airflow/example_dags/example_bash_operator.py
[2024-10-26 09:27:34,015] {logging_mixin.py:115} INFO - [2024-10-26 09:27:34,015] {dag.py:2379} INFO - Sync 1 DAGs
[2024-10-26 09:27:34,027] {logging_mixin.py:115} INFO - [2024-10-26 09:27:34,027] {dag.py:2927} INFO - Setting next_dagrun for example_bash_operator to 2024-10-25T00:00:00+00:00, run_after=2024-10-26T00:00:00+00:00
[2024-10-26 09:27:34,040] {processor.py:161} INFO - Processing /root/Documentos/airflow/venv/lib/python3.9/site-packages/airflow/example_dags/example_bash_operator.py took 0.048 seconds
[2024-10-26 09:28:08,579] {processor.py:153} INFO - Started process (PID=11202) to work on /root/Documentos/airflow/venv/lib/python3.9/site-packages/airflow/example_dags/example_bash_operator.py
[2024-10-26 09:28:08,585] {processor.py:641} INFO - Processing file /root/Documentos/airflow/venv/lib/python3.9/site-packages/airflow/example_dags/example_bash_operator.py for tasks to queue
[2024-10-26 09:28:08,585] {logging_mixin.py:115} INFO - [2024-10-26 09:28:08,585] {dagbag.py:507} INFO - Filling up the DagBag from /root/Documentos/airflow/venv/lib/python3.9/site-packages/airflow/example_dags/example_bash_operator.py
[2024-10-26 09:28:08,591] {processor.py:651} INFO - DAG(s) dict_keys(['example_bash_operator']) retrieved from /root/Documentos/airflow/venv/lib/python3.9/site-packages/airflow/example_dags/example_bash_operator.py
[2024-10-26 09:28:08,600] {logging_mixin.py:115} INFO - [2024-10-26 09:28:08,600] {dag.py:2379} INFO - Sync 1 DAGs
[2024-10-26 09:28:08,611] {logging_mixin.py:115} INFO - [2024-10-26 09:28:08,611] {dag.py:2927} INFO - Setting next_dagrun for example_bash_operator to 2024-10-25T00:00:00+00:00, run_after=2024-10-26T00:00:00+00:00
[2024-10-26 09:28:08,624] {processor.py:161} INFO - Processing /root/Documentos/airflow/venv/lib/python3.9/site-packages/airflow/example_dags/example_bash_operator.py took 0.046 seconds
[2024-10-26 09:28:41,311] {processor.py:153} INFO - Started process (PID=11366) to work on /root/Documentos/airflow/venv/lib/python3.9/site-packages/airflow/example_dags/example_bash_operator.py
[2024-10-26 09:28:41,316] {processor.py:641} INFO - Processing file /root/Documentos/airflow/venv/lib/python3.9/site-packages/airflow/example_dags/example_bash_operator.py for tasks to queue
[2024-10-26 09:28:41,317] {logging_mixin.py:115} INFO - [2024-10-26 09:28:41,317] {dagbag.py:507} INFO - Filling up the DagBag from /root/Documentos/airflow/venv/lib/python3.9/site-packages/airflow/example_dags/example_bash_operator.py
[2024-10-26 09:28:41,323] {processor.py:651} INFO - DAG(s) dict_keys(['example_bash_operator']) retrieved from /root/Documentos/airflow/venv/lib/python3.9/site-packages/airflow/example_dags/example_bash_operator.py
[2024-10-26 09:28:41,331] {logging_mixin.py:115} INFO - [2024-10-26 09:28:41,331] {dag.py:2379} INFO - Sync 1 DAGs
[2024-10-26 09:28:41,342] {logging_mixin.py:115} INFO - [2024-10-26 09:28:41,342] {dag.py:2927} INFO - Setting next_dagrun for example_bash_operator to 2024-10-25T00:00:00+00:00, run_after=2024-10-26T00:00:00+00:00
[2024-10-26 09:28:41,356] {processor.py:161} INFO - Processing /root/Documentos/airflow/venv/lib/python3.9/site-packages/airflow/example_dags/example_bash_operator.py took 0.047 seconds
[2024-10-26 09:38:03,053] {processor.py:153} INFO - Started process (PID=1009) to work on /root/Documentos/airflow/venv/lib/python3.9/site-packages/airflow/example_dags/example_bash_operator.py
[2024-10-26 09:38:03,059] {processor.py:641} INFO - Processing file /root/Documentos/airflow/venv/lib/python3.9/site-packages/airflow/example_dags/example_bash_operator.py for tasks to queue
[2024-10-26 09:38:03,059] {logging_mixin.py:115} INFO - [2024-10-26 09:38:03,059] {dagbag.py:507} INFO - Filling up the DagBag from /root/Documentos/airflow/venv/lib/python3.9/site-packages/airflow/example_dags/example_bash_operator.py
[2024-10-26 09:38:03,065] {processor.py:651} INFO - DAG(s) dict_keys(['example_bash_operator']) retrieved from /root/Documentos/airflow/venv/lib/python3.9/site-packages/airflow/example_dags/example_bash_operator.py
[2024-10-26 09:38:03,074] {logging_mixin.py:115} INFO - [2024-10-26 09:38:03,074] {dag.py:2379} INFO - Sync 1 DAGs
[2024-10-26 09:38:03,086] {logging_mixin.py:115} INFO - [2024-10-26 09:38:03,086] {dag.py:2927} INFO - Setting next_dagrun for example_bash_operator to 2024-10-25T00:00:00+00:00, run_after=2024-10-26T00:00:00+00:00
[2024-10-26 09:38:03,099] {processor.py:161} INFO - Processing /root/Documentos/airflow/venv/lib/python3.9/site-packages/airflow/example_dags/example_bash_operator.py took 0.047 seconds
[2024-10-26 09:38:34,555] {processor.py:153} INFO - Started process (PID=1167) to work on /root/Documentos/airflow/venv/lib/python3.9/site-packages/airflow/example_dags/example_bash_operator.py
[2024-10-26 09:38:34,558] {processor.py:641} INFO - Processing file /root/Documentos/airflow/venv/lib/python3.9/site-packages/airflow/example_dags/example_bash_operator.py for tasks to queue
[2024-10-26 09:38:34,558] {logging_mixin.py:115} INFO - [2024-10-26 09:38:34,558] {dagbag.py:507} INFO - Filling up the DagBag from /root/Documentos/airflow/venv/lib/python3.9/site-packages/airflow/example_dags/example_bash_operator.py
[2024-10-26 09:38:34,564] {processor.py:651} INFO - DAG(s) dict_keys(['example_bash_operator']) retrieved from /root/Documentos/airflow/venv/lib/python3.9/site-packages/airflow/example_dags/example_bash_operator.py
[2024-10-26 09:38:34,572] {logging_mixin.py:115} INFO - [2024-10-26 09:38:34,572] {dag.py:2379} INFO - Sync 1 DAGs
[2024-10-26 09:38:34,583] {logging_mixin.py:115} INFO - [2024-10-26 09:38:34,583] {dag.py:2927} INFO - Setting next_dagrun for example_bash_operator to 2024-10-25T00:00:00+00:00, run_after=2024-10-26T00:00:00+00:00
[2024-10-26 09:38:34,595] {processor.py:161} INFO - Processing /root/Documentos/airflow/venv/lib/python3.9/site-packages/airflow/example_dags/example_bash_operator.py took 0.042 seconds
[2024-10-26 09:39:08,881] {processor.py:153} INFO - Started process (PID=1336) to work on /root/Documentos/airflow/venv/lib/python3.9/site-packages/airflow/example_dags/example_bash_operator.py
[2024-10-26 09:39:08,882] {processor.py:641} INFO - Processing file /root/Documentos/airflow/venv/lib/python3.9/site-packages/airflow/example_dags/example_bash_operator.py for tasks to queue
[2024-10-26 09:39:08,882] {logging_mixin.py:115} INFO - [2024-10-26 09:39:08,882] {dagbag.py:507} INFO - Filling up the DagBag from /root/Documentos/airflow/venv/lib/python3.9/site-packages/airflow/example_dags/example_bash_operator.py
[2024-10-26 09:39:08,888] {processor.py:651} INFO - DAG(s) dict_keys(['example_bash_operator']) retrieved from /root/Documentos/airflow/venv/lib/python3.9/site-packages/airflow/example_dags/example_bash_operator.py
[2024-10-26 09:39:08,896] {logging_mixin.py:115} INFO - [2024-10-26 09:39:08,896] {dag.py:2379} INFO - Sync 1 DAGs
[2024-10-26 09:39:08,907] {logging_mixin.py:115} INFO - [2024-10-26 09:39:08,907] {dag.py:2927} INFO - Setting next_dagrun for example_bash_operator to 2024-10-25T00:00:00+00:00, run_after=2024-10-26T00:00:00+00:00
[2024-10-26 09:39:08,922] {processor.py:161} INFO - Processing /root/Documentos/airflow/venv/lib/python3.9/site-packages/airflow/example_dags/example_bash_operator.py took 0.043 seconds
[2024-10-26 09:39:41,565] {processor.py:153} INFO - Started process (PID=1495) to work on /root/Documentos/airflow/venv/lib/python3.9/site-packages/airflow/example_dags/example_bash_operator.py
[2024-10-26 09:39:41,566] {processor.py:641} INFO - Processing file /root/Documentos/airflow/venv/lib/python3.9/site-packages/airflow/example_dags/example_bash_operator.py for tasks to queue
[2024-10-26 09:39:41,567] {logging_mixin.py:115} INFO - [2024-10-26 09:39:41,567] {dagbag.py:507} INFO - Filling up the DagBag from /root/Documentos/airflow/venv/lib/python3.9/site-packages/airflow/example_dags/example_bash_operator.py
[2024-10-26 09:39:41,572] {processor.py:651} INFO - DAG(s) dict_keys(['example_bash_operator']) retrieved from /root/Documentos/airflow/venv/lib/python3.9/site-packages/airflow/example_dags/example_bash_operator.py
[2024-10-26 09:39:41,581] {logging_mixin.py:115} INFO - [2024-10-26 09:39:41,581] {dag.py:2379} INFO - Sync 1 DAGs
[2024-10-26 09:39:41,592] {logging_mixin.py:115} INFO - [2024-10-26 09:39:41,592] {dag.py:2927} INFO - Setting next_dagrun for example_bash_operator to 2024-10-25T00:00:00+00:00, run_after=2024-10-26T00:00:00+00:00
[2024-10-26 09:39:41,605] {processor.py:161} INFO - Processing /root/Documentos/airflow/venv/lib/python3.9/site-packages/airflow/example_dags/example_bash_operator.py took 0.041 seconds
[2024-10-26 09:40:16,493] {processor.py:153} INFO - Started process (PID=1663) to work on /root/Documentos/airflow/venv/lib/python3.9/site-packages/airflow/example_dags/example_bash_operator.py
[2024-10-26 09:40:16,500] {processor.py:641} INFO - Processing file /root/Documentos/airflow/venv/lib/python3.9/site-packages/airflow/example_dags/example_bash_operator.py for tasks to queue
[2024-10-26 09:40:16,500] {logging_mixin.py:115} INFO - [2024-10-26 09:40:16,500] {dagbag.py:507} INFO - Filling up the DagBag from /root/Documentos/airflow/venv/lib/python3.9/site-packages/airflow/example_dags/example_bash_operator.py
[2024-10-26 09:40:16,506] {processor.py:651} INFO - DAG(s) dict_keys(['example_bash_operator']) retrieved from /root/Documentos/airflow/venv/lib/python3.9/site-packages/airflow/example_dags/example_bash_operator.py
[2024-10-26 09:40:16,514] {logging_mixin.py:115} INFO - [2024-10-26 09:40:16,514] {dag.py:2379} INFO - Sync 1 DAGs
[2024-10-26 09:40:16,526] {logging_mixin.py:115} INFO - [2024-10-26 09:40:16,526] {dag.py:2927} INFO - Setting next_dagrun for example_bash_operator to 2024-10-25T00:00:00+00:00, run_after=2024-10-26T00:00:00+00:00
[2024-10-26 09:40:16,538] {processor.py:161} INFO - Processing /root/Documentos/airflow/venv/lib/python3.9/site-packages/airflow/example_dags/example_bash_operator.py took 0.047 seconds
[2024-10-26 09:40:50,727] {processor.py:153} INFO - Started process (PID=1828) to work on /root/Documentos/airflow/venv/lib/python3.9/site-packages/airflow/example_dags/example_bash_operator.py
[2024-10-26 09:40:50,732] {processor.py:641} INFO - Processing file /root/Documentos/airflow/venv/lib/python3.9/site-packages/airflow/example_dags/example_bash_operator.py for tasks to queue
[2024-10-26 09:40:50,733] {logging_mixin.py:115} INFO - [2024-10-26 09:40:50,733] {dagbag.py:507} INFO - Filling up the DagBag from /root/Documentos/airflow/venv/lib/python3.9/site-packages/airflow/example_dags/example_bash_operator.py
[2024-10-26 09:40:50,738] {processor.py:651} INFO - DAG(s) dict_keys(['example_bash_operator']) retrieved from /root/Documentos/airflow/venv/lib/python3.9/site-packages/airflow/example_dags/example_bash_operator.py
[2024-10-26 09:40:50,747] {logging_mixin.py:115} INFO - [2024-10-26 09:40:50,747] {dag.py:2379} INFO - Sync 1 DAGs
[2024-10-26 09:40:50,757] {logging_mixin.py:115} INFO - [2024-10-26 09:40:50,757] {dag.py:2927} INFO - Setting next_dagrun for example_bash_operator to 2024-10-25T00:00:00+00:00, run_after=2024-10-26T00:00:00+00:00
[2024-10-26 09:40:50,771] {processor.py:161} INFO - Processing /root/Documentos/airflow/venv/lib/python3.9/site-packages/airflow/example_dags/example_bash_operator.py took 0.046 seconds
[2024-10-26 09:41:22,640] {processor.py:153} INFO - Started process (PID=1984) to work on /root/Documentos/airflow/venv/lib/python3.9/site-packages/airflow/example_dags/example_bash_operator.py
[2024-10-26 09:41:22,644] {processor.py:641} INFO - Processing file /root/Documentos/airflow/venv/lib/python3.9/site-packages/airflow/example_dags/example_bash_operator.py for tasks to queue
[2024-10-26 09:41:22,644] {logging_mixin.py:115} INFO - [2024-10-26 09:41:22,644] {dagbag.py:507} INFO - Filling up the DagBag from /root/Documentos/airflow/venv/lib/python3.9/site-packages/airflow/example_dags/example_bash_operator.py
[2024-10-26 09:41:22,650] {processor.py:651} INFO - DAG(s) dict_keys(['example_bash_operator']) retrieved from /root/Documentos/airflow/venv/lib/python3.9/site-packages/airflow/example_dags/example_bash_operator.py
[2024-10-26 09:41:22,658] {logging_mixin.py:115} INFO - [2024-10-26 09:41:22,658] {dag.py:2379} INFO - Sync 1 DAGs
[2024-10-26 09:41:22,669] {logging_mixin.py:115} INFO - [2024-10-26 09:41:22,669] {dag.py:2927} INFO - Setting next_dagrun for example_bash_operator to 2024-10-25T00:00:00+00:00, run_after=2024-10-26T00:00:00+00:00
[2024-10-26 09:41:22,682] {processor.py:161} INFO - Processing /root/Documentos/airflow/venv/lib/python3.9/site-packages/airflow/example_dags/example_bash_operator.py took 0.044 seconds
[2024-10-26 09:41:58,169] {processor.py:153} INFO - Started process (PID=2155) to work on /root/Documentos/airflow/venv/lib/python3.9/site-packages/airflow/example_dags/example_bash_operator.py
[2024-10-26 09:41:58,173] {processor.py:641} INFO - Processing file /root/Documentos/airflow/venv/lib/python3.9/site-packages/airflow/example_dags/example_bash_operator.py for tasks to queue
[2024-10-26 09:41:58,174] {logging_mixin.py:115} INFO - [2024-10-26 09:41:58,174] {dagbag.py:507} INFO - Filling up the DagBag from /root/Documentos/airflow/venv/lib/python3.9/site-packages/airflow/example_dags/example_bash_operator.py
[2024-10-26 09:41:58,179] {processor.py:651} INFO - DAG(s) dict_keys(['example_bash_operator']) retrieved from /root/Documentos/airflow/venv/lib/python3.9/site-packages/airflow/example_dags/example_bash_operator.py
[2024-10-26 09:41:58,188] {logging_mixin.py:115} INFO - [2024-10-26 09:41:58,188] {dag.py:2379} INFO - Sync 1 DAGs
[2024-10-26 09:41:58,198] {logging_mixin.py:115} INFO - [2024-10-26 09:41:58,198] {dag.py:2927} INFO - Setting next_dagrun for example_bash_operator to 2024-10-25T00:00:00+00:00, run_after=2024-10-26T00:00:00+00:00
[2024-10-26 09:41:58,211] {processor.py:161} INFO - Processing /root/Documentos/airflow/venv/lib/python3.9/site-packages/airflow/example_dags/example_bash_operator.py took 0.044 seconds
[2024-10-26 09:42:33,552] {processor.py:153} INFO - Started process (PID=2326) to work on /root/Documentos/airflow/venv/lib/python3.9/site-packages/airflow/example_dags/example_bash_operator.py
[2024-10-26 09:42:33,557] {processor.py:641} INFO - Processing file /root/Documentos/airflow/venv/lib/python3.9/site-packages/airflow/example_dags/example_bash_operator.py for tasks to queue
[2024-10-26 09:42:33,558] {logging_mixin.py:115} INFO - [2024-10-26 09:42:33,558] {dagbag.py:507} INFO - Filling up the DagBag from /root/Documentos/airflow/venv/lib/python3.9/site-packages/airflow/example_dags/example_bash_operator.py
[2024-10-26 09:42:33,563] {processor.py:651} INFO - DAG(s) dict_keys(['example_bash_operator']) retrieved from /root/Documentos/airflow/venv/lib/python3.9/site-packages/airflow/example_dags/example_bash_operator.py
[2024-10-26 09:42:33,571] {logging_mixin.py:115} INFO - [2024-10-26 09:42:33,571] {dag.py:2379} INFO - Sync 1 DAGs
[2024-10-26 09:42:33,583] {logging_mixin.py:115} INFO - [2024-10-26 09:42:33,583] {dag.py:2927} INFO - Setting next_dagrun for example_bash_operator to 2024-10-25T00:00:00+00:00, run_after=2024-10-26T00:00:00+00:00
[2024-10-26 09:42:33,595] {processor.py:161} INFO - Processing /root/Documentos/airflow/venv/lib/python3.9/site-packages/airflow/example_dags/example_bash_operator.py took 0.044 seconds
[2024-10-26 09:43:05,024] {processor.py:153} INFO - Started process (PID=2480) to work on /root/Documentos/airflow/venv/lib/python3.9/site-packages/airflow/example_dags/example_bash_operator.py
[2024-10-26 09:43:05,025] {processor.py:641} INFO - Processing file /root/Documentos/airflow/venv/lib/python3.9/site-packages/airflow/example_dags/example_bash_operator.py for tasks to queue
[2024-10-26 09:43:05,025] {logging_mixin.py:115} INFO - [2024-10-26 09:43:05,025] {dagbag.py:507} INFO - Filling up the DagBag from /root/Documentos/airflow/venv/lib/python3.9/site-packages/airflow/example_dags/example_bash_operator.py
[2024-10-26 09:43:05,030] {processor.py:651} INFO - DAG(s) dict_keys(['example_bash_operator']) retrieved from /root/Documentos/airflow/venv/lib/python3.9/site-packages/airflow/example_dags/example_bash_operator.py
[2024-10-26 09:43:05,039] {logging_mixin.py:115} INFO - [2024-10-26 09:43:05,039] {dag.py:2379} INFO - Sync 1 DAGs
[2024-10-26 09:43:05,050] {logging_mixin.py:115} INFO - [2024-10-26 09:43:05,050] {dag.py:2927} INFO - Setting next_dagrun for example_bash_operator to 2024-10-25T00:00:00+00:00, run_after=2024-10-26T00:00:00+00:00
[2024-10-26 09:43:05,062] {processor.py:161} INFO - Processing /root/Documentos/airflow/venv/lib/python3.9/site-packages/airflow/example_dags/example_bash_operator.py took 0.039 seconds
[2024-10-26 09:43:39,531] {processor.py:153} INFO - Started process (PID=2646) to work on /root/Documentos/airflow/venv/lib/python3.9/site-packages/airflow/example_dags/example_bash_operator.py
[2024-10-26 09:43:39,536] {processor.py:641} INFO - Processing file /root/Documentos/airflow/venv/lib/python3.9/site-packages/airflow/example_dags/example_bash_operator.py for tasks to queue
[2024-10-26 09:43:39,537] {logging_mixin.py:115} INFO - [2024-10-26 09:43:39,537] {dagbag.py:507} INFO - Filling up the DagBag from /root/Documentos/airflow/venv/lib/python3.9/site-packages/airflow/example_dags/example_bash_operator.py
[2024-10-26 09:43:39,542] {processor.py:651} INFO - DAG(s) dict_keys(['example_bash_operator']) retrieved from /root/Documentos/airflow/venv/lib/python3.9/site-packages/airflow/example_dags/example_bash_operator.py
[2024-10-26 09:43:39,551] {logging_mixin.py:115} INFO - [2024-10-26 09:43:39,551] {dag.py:2379} INFO - Sync 1 DAGs
[2024-10-26 09:43:39,562] {logging_mixin.py:115} INFO - [2024-10-26 09:43:39,562] {dag.py:2927} INFO - Setting next_dagrun for example_bash_operator to 2024-10-25T00:00:00+00:00, run_after=2024-10-26T00:00:00+00:00
[2024-10-26 09:43:39,573] {processor.py:161} INFO - Processing /root/Documentos/airflow/venv/lib/python3.9/site-packages/airflow/example_dags/example_bash_operator.py took 0.044 seconds
[2024-10-26 09:44:13,203] {processor.py:153} INFO - Started process (PID=2810) to work on /root/Documentos/airflow/venv/lib/python3.9/site-packages/airflow/example_dags/example_bash_operator.py
[2024-10-26 09:44:13,204] {processor.py:641} INFO - Processing file /root/Documentos/airflow/venv/lib/python3.9/site-packages/airflow/example_dags/example_bash_operator.py for tasks to queue
[2024-10-26 09:44:13,205] {logging_mixin.py:115} INFO - [2024-10-26 09:44:13,204] {dagbag.py:507} INFO - Filling up the DagBag from /root/Documentos/airflow/venv/lib/python3.9/site-packages/airflow/example_dags/example_bash_operator.py
[2024-10-26 09:44:13,210] {processor.py:651} INFO - DAG(s) dict_keys(['example_bash_operator']) retrieved from /root/Documentos/airflow/venv/lib/python3.9/site-packages/airflow/example_dags/example_bash_operator.py
[2024-10-26 09:44:13,221] {logging_mixin.py:115} INFO - [2024-10-26 09:44:13,221] {dag.py:2379} INFO - Sync 1 DAGs
[2024-10-26 09:44:13,233] {logging_mixin.py:115} INFO - [2024-10-26 09:44:13,233] {dag.py:2927} INFO - Setting next_dagrun for example_bash_operator to 2024-10-25T00:00:00+00:00, run_after=2024-10-26T00:00:00+00:00
[2024-10-26 09:44:13,245] {processor.py:161} INFO - Processing /root/Documentos/airflow/venv/lib/python3.9/site-packages/airflow/example_dags/example_bash_operator.py took 0.043 seconds
[2024-10-26 09:44:47,035] {processor.py:153} INFO - Started process (PID=2973) to work on /root/Documentos/airflow/venv/lib/python3.9/site-packages/airflow/example_dags/example_bash_operator.py
[2024-10-26 09:44:47,036] {processor.py:641} INFO - Processing file /root/Documentos/airflow/venv/lib/python3.9/site-packages/airflow/example_dags/example_bash_operator.py for tasks to queue
[2024-10-26 09:44:47,036] {logging_mixin.py:115} INFO - [2024-10-26 09:44:47,036] {dagbag.py:507} INFO - Filling up the DagBag from /root/Documentos/airflow/venv/lib/python3.9/site-packages/airflow/example_dags/example_bash_operator.py
[2024-10-26 09:44:47,042] {processor.py:651} INFO - DAG(s) dict_keys(['example_bash_operator']) retrieved from /root/Documentos/airflow/venv/lib/python3.9/site-packages/airflow/example_dags/example_bash_operator.py
[2024-10-26 09:44:47,052] {logging_mixin.py:115} INFO - [2024-10-26 09:44:47,052] {dag.py:2379} INFO - Sync 1 DAGs
[2024-10-26 09:44:47,066] {logging_mixin.py:115} INFO - [2024-10-26 09:44:47,066] {dag.py:2927} INFO - Setting next_dagrun for example_bash_operator to 2024-10-25T00:00:00+00:00, run_after=2024-10-26T00:00:00+00:00
[2024-10-26 09:44:47,078] {processor.py:161} INFO - Processing /root/Documentos/airflow/venv/lib/python3.9/site-packages/airflow/example_dags/example_bash_operator.py took 0.044 seconds
[2024-10-26 09:45:19,706] {processor.py:153} INFO - Started process (PID=3132) to work on /root/Documentos/airflow/venv/lib/python3.9/site-packages/airflow/example_dags/example_bash_operator.py
[2024-10-26 09:45:19,707] {processor.py:641} INFO - Processing file /root/Documentos/airflow/venv/lib/python3.9/site-packages/airflow/example_dags/example_bash_operator.py for tasks to queue
[2024-10-26 09:45:19,708] {logging_mixin.py:115} INFO - [2024-10-26 09:45:19,708] {dagbag.py:507} INFO - Filling up the DagBag from /root/Documentos/airflow/venv/lib/python3.9/site-packages/airflow/example_dags/example_bash_operator.py
[2024-10-26 09:45:19,713] {processor.py:651} INFO - DAG(s) dict_keys(['example_bash_operator']) retrieved from /root/Documentos/airflow/venv/lib/python3.9/site-packages/airflow/example_dags/example_bash_operator.py
[2024-10-26 09:45:19,721] {logging_mixin.py:115} INFO - [2024-10-26 09:45:19,721] {dag.py:2379} INFO - Sync 1 DAGs
[2024-10-26 09:45:19,732] {logging_mixin.py:115} INFO - [2024-10-26 09:45:19,732] {dag.py:2927} INFO - Setting next_dagrun for example_bash_operator to 2024-10-25T00:00:00+00:00, run_after=2024-10-26T00:00:00+00:00
[2024-10-26 09:45:19,747] {processor.py:161} INFO - Processing /root/Documentos/airflow/venv/lib/python3.9/site-packages/airflow/example_dags/example_bash_operator.py took 0.042 seconds
[2024-10-26 09:45:54,086] {processor.py:153} INFO - Started process (PID=3297) to work on /root/Documentos/airflow/venv/lib/python3.9/site-packages/airflow/example_dags/example_bash_operator.py
[2024-10-26 09:45:54,087] {processor.py:641} INFO - Processing file /root/Documentos/airflow/venv/lib/python3.9/site-packages/airflow/example_dags/example_bash_operator.py for tasks to queue
[2024-10-26 09:45:54,087] {logging_mixin.py:115} INFO - [2024-10-26 09:45:54,087] {dagbag.py:507} INFO - Filling up the DagBag from /root/Documentos/airflow/venv/lib/python3.9/site-packages/airflow/example_dags/example_bash_operator.py
[2024-10-26 09:45:54,092] {processor.py:651} INFO - DAG(s) dict_keys(['example_bash_operator']) retrieved from /root/Documentos/airflow/venv/lib/python3.9/site-packages/airflow/example_dags/example_bash_operator.py
[2024-10-26 09:45:54,101] {logging_mixin.py:115} INFO - [2024-10-26 09:45:54,101] {dag.py:2379} INFO - Sync 1 DAGs
[2024-10-26 09:45:54,112] {logging_mixin.py:115} INFO - [2024-10-26 09:45:54,112] {dag.py:2927} INFO - Setting next_dagrun for example_bash_operator to 2024-10-25T00:00:00+00:00, run_after=2024-10-26T00:00:00+00:00
[2024-10-26 09:45:54,126] {processor.py:161} INFO - Processing /root/Documentos/airflow/venv/lib/python3.9/site-packages/airflow/example_dags/example_bash_operator.py took 0.041 seconds
[2024-10-26 09:46:25,649] {processor.py:153} INFO - Started process (PID=3528) to work on /root/Documentos/airflow/venv/lib/python3.9/site-packages/airflow/example_dags/example_bash_operator.py
[2024-10-26 09:46:25,650] {processor.py:641} INFO - Processing file /root/Documentos/airflow/venv/lib/python3.9/site-packages/airflow/example_dags/example_bash_operator.py for tasks to queue
[2024-10-26 09:46:25,650] {logging_mixin.py:115} INFO - [2024-10-26 09:46:25,650] {dagbag.py:507} INFO - Filling up the DagBag from /root/Documentos/airflow/venv/lib/python3.9/site-packages/airflow/example_dags/example_bash_operator.py
[2024-10-26 09:46:25,657] {processor.py:651} INFO - DAG(s) dict_keys(['example_bash_operator']) retrieved from /root/Documentos/airflow/venv/lib/python3.9/site-packages/airflow/example_dags/example_bash_operator.py
[2024-10-26 09:46:25,666] {logging_mixin.py:115} INFO - [2024-10-26 09:46:25,666] {dag.py:2379} INFO - Sync 1 DAGs
[2024-10-26 09:46:25,676] {logging_mixin.py:115} INFO - [2024-10-26 09:46:25,676] {dag.py:2927} INFO - Setting next_dagrun for example_bash_operator to 2024-10-25T00:00:00+00:00, run_after=2024-10-26T00:00:00+00:00
[2024-10-26 09:46:25,688] {processor.py:161} INFO - Processing /root/Documentos/airflow/venv/lib/python3.9/site-packages/airflow/example_dags/example_bash_operator.py took 0.041 seconds
[2024-10-26 09:47:01,215] {processor.py:153} INFO - Started process (PID=3699) to work on /root/Documentos/airflow/venv/lib/python3.9/site-packages/airflow/example_dags/example_bash_operator.py
[2024-10-26 09:47:01,216] {processor.py:641} INFO - Processing file /root/Documentos/airflow/venv/lib/python3.9/site-packages/airflow/example_dags/example_bash_operator.py for tasks to queue
[2024-10-26 09:47:01,216] {logging_mixin.py:115} INFO - [2024-10-26 09:47:01,216] {dagbag.py:507} INFO - Filling up the DagBag from /root/Documentos/airflow/venv/lib/python3.9/site-packages/airflow/example_dags/example_bash_operator.py
[2024-10-26 09:47:01,221] {processor.py:651} INFO - DAG(s) dict_keys(['example_bash_operator']) retrieved from /root/Documentos/airflow/venv/lib/python3.9/site-packages/airflow/example_dags/example_bash_operator.py
[2024-10-26 09:47:01,229] {logging_mixin.py:115} INFO - [2024-10-26 09:47:01,229] {dag.py:2379} INFO - Sync 1 DAGs
[2024-10-26 09:47:01,240] {logging_mixin.py:115} INFO - [2024-10-26 09:47:01,240] {dag.py:2927} INFO - Setting next_dagrun for example_bash_operator to 2024-10-25T00:00:00+00:00, run_after=2024-10-26T00:00:00+00:00
[2024-10-26 09:47:01,252] {processor.py:161} INFO - Processing /root/Documentos/airflow/venv/lib/python3.9/site-packages/airflow/example_dags/example_bash_operator.py took 0.039 seconds
[2024-10-26 09:47:33,867] {processor.py:153} INFO - Started process (PID=3858) to work on /root/Documentos/airflow/venv/lib/python3.9/site-packages/airflow/example_dags/example_bash_operator.py
[2024-10-26 09:47:33,874] {processor.py:641} INFO - Processing file /root/Documentos/airflow/venv/lib/python3.9/site-packages/airflow/example_dags/example_bash_operator.py for tasks to queue
[2024-10-26 09:47:33,875] {logging_mixin.py:115} INFO - [2024-10-26 09:47:33,875] {dagbag.py:507} INFO - Filling up the DagBag from /root/Documentos/airflow/venv/lib/python3.9/site-packages/airflow/example_dags/example_bash_operator.py
[2024-10-26 09:47:33,880] {processor.py:651} INFO - DAG(s) dict_keys(['example_bash_operator']) retrieved from /root/Documentos/airflow/venv/lib/python3.9/site-packages/airflow/example_dags/example_bash_operator.py
[2024-10-26 09:47:33,888] {logging_mixin.py:115} INFO - [2024-10-26 09:47:33,888] {dag.py:2379} INFO - Sync 1 DAGs
[2024-10-26 09:47:33,899] {logging_mixin.py:115} INFO - [2024-10-26 09:47:33,899] {dag.py:2927} INFO - Setting next_dagrun for example_bash_operator to 2024-10-25T00:00:00+00:00, run_after=2024-10-26T00:00:00+00:00
[2024-10-26 09:47:33,913] {processor.py:161} INFO - Processing /root/Documentos/airflow/venv/lib/python3.9/site-packages/airflow/example_dags/example_bash_operator.py took 0.047 seconds
[2024-10-26 09:48:06,394] {processor.py:153} INFO - Started process (PID=4023) to work on /root/Documentos/airflow/venv/lib/python3.9/site-packages/airflow/example_dags/example_bash_operator.py
[2024-10-26 09:48:06,394] {processor.py:641} INFO - Processing file /root/Documentos/airflow/venv/lib/python3.9/site-packages/airflow/example_dags/example_bash_operator.py for tasks to queue
[2024-10-26 09:48:06,394] {logging_mixin.py:115} INFO - [2024-10-26 09:48:06,394] {dagbag.py:507} INFO - Filling up the DagBag from /root/Documentos/airflow/venv/lib/python3.9/site-packages/airflow/example_dags/example_bash_operator.py
[2024-10-26 09:48:06,399] {processor.py:651} INFO - DAG(s) dict_keys(['example_bash_operator']) retrieved from /root/Documentos/airflow/venv/lib/python3.9/site-packages/airflow/example_dags/example_bash_operator.py
[2024-10-26 09:48:06,409] {logging_mixin.py:115} INFO - [2024-10-26 09:48:06,409] {dag.py:2379} INFO - Sync 1 DAGs
[2024-10-26 09:48:06,419] {logging_mixin.py:115} INFO - [2024-10-26 09:48:06,419] {dag.py:2927} INFO - Setting next_dagrun for example_bash_operator to 2024-10-25T00:00:00+00:00, run_after=2024-10-26T00:00:00+00:00
[2024-10-26 09:48:06,435] {processor.py:161} INFO - Processing /root/Documentos/airflow/venv/lib/python3.9/site-packages/airflow/example_dags/example_bash_operator.py took 0.043 seconds
[2024-10-26 09:48:40,902] {processor.py:153} INFO - Started process (PID=4191) to work on /root/Documentos/airflow/venv/lib/python3.9/site-packages/airflow/example_dags/example_bash_operator.py
[2024-10-26 09:48:40,912] {processor.py:641} INFO - Processing file /root/Documentos/airflow/venv/lib/python3.9/site-packages/airflow/example_dags/example_bash_operator.py for tasks to queue
[2024-10-26 09:48:40,912] {logging_mixin.py:115} INFO - [2024-10-26 09:48:40,912] {dagbag.py:507} INFO - Filling up the DagBag from /root/Documentos/airflow/venv/lib/python3.9/site-packages/airflow/example_dags/example_bash_operator.py
[2024-10-26 09:48:40,918] {processor.py:651} INFO - DAG(s) dict_keys(['example_bash_operator']) retrieved from /root/Documentos/airflow/venv/lib/python3.9/site-packages/airflow/example_dags/example_bash_operator.py
[2024-10-26 09:48:40,927] {logging_mixin.py:115} INFO - [2024-10-26 09:48:40,927] {dag.py:2379} INFO - Sync 1 DAGs
[2024-10-26 09:48:40,937] {logging_mixin.py:115} INFO - [2024-10-26 09:48:40,937] {dag.py:2927} INFO - Setting next_dagrun for example_bash_operator to 2024-10-25T00:00:00+00:00, run_after=2024-10-26T00:00:00+00:00
[2024-10-26 09:48:40,953] {processor.py:161} INFO - Processing /root/Documentos/airflow/venv/lib/python3.9/site-packages/airflow/example_dags/example_bash_operator.py took 0.053 seconds
[2024-10-26 09:49:13,568] {processor.py:153} INFO - Started process (PID=4351) to work on /root/Documentos/airflow/venv/lib/python3.9/site-packages/airflow/example_dags/example_bash_operator.py
[2024-10-26 09:49:13,569] {processor.py:641} INFO - Processing file /root/Documentos/airflow/venv/lib/python3.9/site-packages/airflow/example_dags/example_bash_operator.py for tasks to queue
[2024-10-26 09:49:13,569] {logging_mixin.py:115} INFO - [2024-10-26 09:49:13,569] {dagbag.py:507} INFO - Filling up the DagBag from /root/Documentos/airflow/venv/lib/python3.9/site-packages/airflow/example_dags/example_bash_operator.py
[2024-10-26 09:49:13,574] {processor.py:651} INFO - DAG(s) dict_keys(['example_bash_operator']) retrieved from /root/Documentos/airflow/venv/lib/python3.9/site-packages/airflow/example_dags/example_bash_operator.py
[2024-10-26 09:49:13,584] {logging_mixin.py:115} INFO - [2024-10-26 09:49:13,584] {dag.py:2379} INFO - Sync 1 DAGs
[2024-10-26 09:49:13,594] {logging_mixin.py:115} INFO - [2024-10-26 09:49:13,594] {dag.py:2927} INFO - Setting next_dagrun for example_bash_operator to 2024-10-25T00:00:00+00:00, run_after=2024-10-26T00:00:00+00:00
[2024-10-26 09:49:13,610] {processor.py:161} INFO - Processing /root/Documentos/airflow/venv/lib/python3.9/site-packages/airflow/example_dags/example_bash_operator.py took 0.043 seconds
[2024-10-26 09:49:49,188] {processor.py:153} INFO - Started process (PID=4520) to work on /root/Documentos/airflow/venv/lib/python3.9/site-packages/airflow/example_dags/example_bash_operator.py
[2024-10-26 09:49:49,191] {processor.py:641} INFO - Processing file /root/Documentos/airflow/venv/lib/python3.9/site-packages/airflow/example_dags/example_bash_operator.py for tasks to queue
[2024-10-26 09:49:49,192] {logging_mixin.py:115} INFO - [2024-10-26 09:49:49,192] {dagbag.py:507} INFO - Filling up the DagBag from /root/Documentos/airflow/venv/lib/python3.9/site-packages/airflow/example_dags/example_bash_operator.py
[2024-10-26 09:49:49,197] {processor.py:651} INFO - DAG(s) dict_keys(['example_bash_operator']) retrieved from /root/Documentos/airflow/venv/lib/python3.9/site-packages/airflow/example_dags/example_bash_operator.py
[2024-10-26 09:49:49,207] {logging_mixin.py:115} INFO - [2024-10-26 09:49:49,207] {dag.py:2379} INFO - Sync 1 DAGs
[2024-10-26 09:49:49,216] {logging_mixin.py:115} INFO - [2024-10-26 09:49:49,216] {dag.py:2927} INFO - Setting next_dagrun for example_bash_operator to 2024-10-25T00:00:00+00:00, run_after=2024-10-26T00:00:00+00:00
[2024-10-26 09:49:49,233] {processor.py:161} INFO - Processing /root/Documentos/airflow/venv/lib/python3.9/site-packages/airflow/example_dags/example_bash_operator.py took 0.046 seconds
[2024-10-26 09:50:22,226] {processor.py:153} INFO - Started process (PID=4680) to work on /root/Documentos/airflow/venv/lib/python3.9/site-packages/airflow/example_dags/example_bash_operator.py
[2024-10-26 09:50:22,229] {processor.py:641} INFO - Processing file /root/Documentos/airflow/venv/lib/python3.9/site-packages/airflow/example_dags/example_bash_operator.py for tasks to queue
[2024-10-26 09:50:22,230] {logging_mixin.py:115} INFO - [2024-10-26 09:50:22,230] {dagbag.py:507} INFO - Filling up the DagBag from /root/Documentos/airflow/venv/lib/python3.9/site-packages/airflow/example_dags/example_bash_operator.py
[2024-10-26 09:50:22,236] {processor.py:651} INFO - DAG(s) dict_keys(['example_bash_operator']) retrieved from /root/Documentos/airflow/venv/lib/python3.9/site-packages/airflow/example_dags/example_bash_operator.py
[2024-10-26 09:50:22,245] {logging_mixin.py:115} INFO - [2024-10-26 09:50:22,245] {dag.py:2379} INFO - Sync 1 DAGs
[2024-10-26 09:50:22,255] {logging_mixin.py:115} INFO - [2024-10-26 09:50:22,255] {dag.py:2927} INFO - Setting next_dagrun for example_bash_operator to 2024-10-25T00:00:00+00:00, run_after=2024-10-26T00:00:00+00:00
[2024-10-26 09:50:22,271] {processor.py:161} INFO - Processing /root/Documentos/airflow/venv/lib/python3.9/site-packages/airflow/example_dags/example_bash_operator.py took 0.046 seconds
[2024-10-26 09:50:55,999] {processor.py:153} INFO - Started process (PID=4845) to work on /root/Documentos/airflow/venv/lib/python3.9/site-packages/airflow/example_dags/example_bash_operator.py
[2024-10-26 09:50:55,999] {processor.py:641} INFO - Processing file /root/Documentos/airflow/venv/lib/python3.9/site-packages/airflow/example_dags/example_bash_operator.py for tasks to queue
[2024-10-26 09:50:55,999] {logging_mixin.py:115} INFO - [2024-10-26 09:50:55,999] {dagbag.py:507} INFO - Filling up the DagBag from /root/Documentos/airflow/venv/lib/python3.9/site-packages/airflow/example_dags/example_bash_operator.py
[2024-10-26 09:50:56,005] {processor.py:651} INFO - DAG(s) dict_keys(['example_bash_operator']) retrieved from /root/Documentos/airflow/venv/lib/python3.9/site-packages/airflow/example_dags/example_bash_operator.py
[2024-10-26 09:50:56,014] {logging_mixin.py:115} INFO - [2024-10-26 09:50:56,014] {dag.py:2379} INFO - Sync 1 DAGs
[2024-10-26 09:50:56,024] {logging_mixin.py:115} INFO - [2024-10-26 09:50:56,024] {dag.py:2927} INFO - Setting next_dagrun for example_bash_operator to 2024-10-25T00:00:00+00:00, run_after=2024-10-26T00:00:00+00:00
[2024-10-26 09:50:56,038] {processor.py:161} INFO - Processing /root/Documentos/airflow/venv/lib/python3.9/site-packages/airflow/example_dags/example_bash_operator.py took 0.041 seconds
[2024-10-26 09:51:28,095] {processor.py:153} INFO - Started process (PID=5001) to work on /root/Documentos/airflow/venv/lib/python3.9/site-packages/airflow/example_dags/example_bash_operator.py
[2024-10-26 09:51:28,096] {processor.py:641} INFO - Processing file /root/Documentos/airflow/venv/lib/python3.9/site-packages/airflow/example_dags/example_bash_operator.py for tasks to queue
[2024-10-26 09:51:28,096] {logging_mixin.py:115} INFO - [2024-10-26 09:51:28,096] {dagbag.py:507} INFO - Filling up the DagBag from /root/Documentos/airflow/venv/lib/python3.9/site-packages/airflow/example_dags/example_bash_operator.py
[2024-10-26 09:51:28,101] {processor.py:651} INFO - DAG(s) dict_keys(['example_bash_operator']) retrieved from /root/Documentos/airflow/venv/lib/python3.9/site-packages/airflow/example_dags/example_bash_operator.py
[2024-10-26 09:51:28,111] {logging_mixin.py:115} INFO - [2024-10-26 09:51:28,111] {dag.py:2379} INFO - Sync 1 DAGs
[2024-10-26 09:51:28,121] {logging_mixin.py:115} INFO - [2024-10-26 09:51:28,121] {dag.py:2927} INFO - Setting next_dagrun for example_bash_operator to 2024-10-25T00:00:00+00:00, run_after=2024-10-26T00:00:00+00:00
[2024-10-26 09:51:28,137] {processor.py:161} INFO - Processing /root/Documentos/airflow/venv/lib/python3.9/site-packages/airflow/example_dags/example_bash_operator.py took 0.044 seconds
[2024-10-26 09:52:00,562] {processor.py:153} INFO - Started process (PID=5158) to work on /root/Documentos/airflow/venv/lib/python3.9/site-packages/airflow/example_dags/example_bash_operator.py
[2024-10-26 09:52:00,564] {processor.py:641} INFO - Processing file /root/Documentos/airflow/venv/lib/python3.9/site-packages/airflow/example_dags/example_bash_operator.py for tasks to queue
[2024-10-26 09:52:00,564] {logging_mixin.py:115} INFO - [2024-10-26 09:52:00,564] {dagbag.py:507} INFO - Filling up the DagBag from /root/Documentos/airflow/venv/lib/python3.9/site-packages/airflow/example_dags/example_bash_operator.py
[2024-10-26 09:52:00,570] {processor.py:651} INFO - DAG(s) dict_keys(['example_bash_operator']) retrieved from /root/Documentos/airflow/venv/lib/python3.9/site-packages/airflow/example_dags/example_bash_operator.py
[2024-10-26 09:52:00,580] {logging_mixin.py:115} INFO - [2024-10-26 09:52:00,579] {dag.py:2379} INFO - Sync 1 DAGs
[2024-10-26 09:52:00,589] {logging_mixin.py:115} INFO - [2024-10-26 09:52:00,589] {dag.py:2927} INFO - Setting next_dagrun for example_bash_operator to 2024-10-25T00:00:00+00:00, run_after=2024-10-26T00:00:00+00:00
[2024-10-26 09:52:00,605] {processor.py:161} INFO - Processing /root/Documentos/airflow/venv/lib/python3.9/site-packages/airflow/example_dags/example_bash_operator.py took 0.044 seconds
[2024-10-26 09:52:33,279] {processor.py:153} INFO - Started process (PID=5317) to work on /root/Documentos/airflow/venv/lib/python3.9/site-packages/airflow/example_dags/example_bash_operator.py
[2024-10-26 09:52:33,279] {processor.py:641} INFO - Processing file /root/Documentos/airflow/venv/lib/python3.9/site-packages/airflow/example_dags/example_bash_operator.py for tasks to queue
[2024-10-26 09:52:33,279] {logging_mixin.py:115} INFO - [2024-10-26 09:52:33,279] {dagbag.py:507} INFO - Filling up the DagBag from /root/Documentos/airflow/venv/lib/python3.9/site-packages/airflow/example_dags/example_bash_operator.py
[2024-10-26 09:52:33,285] {processor.py:651} INFO - DAG(s) dict_keys(['example_bash_operator']) retrieved from /root/Documentos/airflow/venv/lib/python3.9/site-packages/airflow/example_dags/example_bash_operator.py
[2024-10-26 09:52:33,295] {logging_mixin.py:115} INFO - [2024-10-26 09:52:33,294] {dag.py:2379} INFO - Sync 1 DAGs
[2024-10-26 09:52:33,304] {logging_mixin.py:115} INFO - [2024-10-26 09:52:33,304] {dag.py:2927} INFO - Setting next_dagrun for example_bash_operator to 2024-10-25T00:00:00+00:00, run_after=2024-10-26T00:00:00+00:00
[2024-10-26 09:52:33,320] {processor.py:161} INFO - Processing /root/Documentos/airflow/venv/lib/python3.9/site-packages/airflow/example_dags/example_bash_operator.py took 0.042 seconds
[2024-10-26 09:53:07,960] {processor.py:153} INFO - Started process (PID=5484) to work on /root/Documentos/airflow/venv/lib/python3.9/site-packages/airflow/example_dags/example_bash_operator.py
[2024-10-26 09:53:07,962] {processor.py:641} INFO - Processing file /root/Documentos/airflow/venv/lib/python3.9/site-packages/airflow/example_dags/example_bash_operator.py for tasks to queue
[2024-10-26 09:53:07,962] {logging_mixin.py:115} INFO - [2024-10-26 09:53:07,962] {dagbag.py:507} INFO - Filling up the DagBag from /root/Documentos/airflow/venv/lib/python3.9/site-packages/airflow/example_dags/example_bash_operator.py
[2024-10-26 09:53:07,967] {processor.py:651} INFO - DAG(s) dict_keys(['example_bash_operator']) retrieved from /root/Documentos/airflow/venv/lib/python3.9/site-packages/airflow/example_dags/example_bash_operator.py
[2024-10-26 09:53:07,977] {logging_mixin.py:115} INFO - [2024-10-26 09:53:07,977] {dag.py:2379} INFO - Sync 1 DAGs
[2024-10-26 09:53:07,986] {logging_mixin.py:115} INFO - [2024-10-26 09:53:07,986] {dag.py:2927} INFO - Setting next_dagrun for example_bash_operator to 2024-10-25T00:00:00+00:00, run_after=2024-10-26T00:00:00+00:00
[2024-10-26 09:53:08,002] {processor.py:161} INFO - Processing /root/Documentos/airflow/venv/lib/python3.9/site-packages/airflow/example_dags/example_bash_operator.py took 0.043 seconds
[2024-10-26 09:53:41,572] {processor.py:153} INFO - Started process (PID=5647) to work on /root/Documentos/airflow/venv/lib/python3.9/site-packages/airflow/example_dags/example_bash_operator.py
[2024-10-26 09:53:41,572] {processor.py:641} INFO - Processing file /root/Documentos/airflow/venv/lib/python3.9/site-packages/airflow/example_dags/example_bash_operator.py for tasks to queue
[2024-10-26 09:53:41,573] {logging_mixin.py:115} INFO - [2024-10-26 09:53:41,573] {dagbag.py:507} INFO - Filling up the DagBag from /root/Documentos/airflow/venv/lib/python3.9/site-packages/airflow/example_dags/example_bash_operator.py
[2024-10-26 09:53:41,578] {processor.py:651} INFO - DAG(s) dict_keys(['example_bash_operator']) retrieved from /root/Documentos/airflow/venv/lib/python3.9/site-packages/airflow/example_dags/example_bash_operator.py
[2024-10-26 09:53:41,588] {logging_mixin.py:115} INFO - [2024-10-26 09:53:41,588] {dag.py:2379} INFO - Sync 1 DAGs
[2024-10-26 09:53:41,597] {logging_mixin.py:115} INFO - [2024-10-26 09:53:41,597] {dag.py:2927} INFO - Setting next_dagrun for example_bash_operator to 2024-10-25T00:00:00+00:00, run_after=2024-10-26T00:00:00+00:00
[2024-10-26 09:53:41,613] {processor.py:161} INFO - Processing /root/Documentos/airflow/venv/lib/python3.9/site-packages/airflow/example_dags/example_bash_operator.py took 0.042 seconds
[2024-10-26 09:54:15,962] {processor.py:153} INFO - Started process (PID=5813) to work on /root/Documentos/airflow/venv/lib/python3.9/site-packages/airflow/example_dags/example_bash_operator.py
[2024-10-26 09:54:15,967] {processor.py:641} INFO - Processing file /root/Documentos/airflow/venv/lib/python3.9/site-packages/airflow/example_dags/example_bash_operator.py for tasks to queue
[2024-10-26 09:54:15,967] {logging_mixin.py:115} INFO - [2024-10-26 09:54:15,967] {dagbag.py:507} INFO - Filling up the DagBag from /root/Documentos/airflow/venv/lib/python3.9/site-packages/airflow/example_dags/example_bash_operator.py
[2024-10-26 09:54:15,973] {processor.py:651} INFO - DAG(s) dict_keys(['example_bash_operator']) retrieved from /root/Documentos/airflow/venv/lib/python3.9/site-packages/airflow/example_dags/example_bash_operator.py
[2024-10-26 09:54:15,983] {logging_mixin.py:115} INFO - [2024-10-26 09:54:15,983] {dag.py:2379} INFO - Sync 1 DAGs
[2024-10-26 09:54:15,993] {logging_mixin.py:115} INFO - [2024-10-26 09:54:15,993] {dag.py:2927} INFO - Setting next_dagrun for example_bash_operator to 2024-10-25T00:00:00+00:00, run_after=2024-10-26T00:00:00+00:00
[2024-10-26 09:54:16,007] {processor.py:161} INFO - Processing /root/Documentos/airflow/venv/lib/python3.9/site-packages/airflow/example_dags/example_bash_operator.py took 0.047 seconds
[2024-10-26 09:54:52,347] {processor.py:153} INFO - Started process (PID=5984) to work on /root/Documentos/airflow/venv/lib/python3.9/site-packages/airflow/example_dags/example_bash_operator.py
[2024-10-26 09:54:52,350] {processor.py:641} INFO - Processing file /root/Documentos/airflow/venv/lib/python3.9/site-packages/airflow/example_dags/example_bash_operator.py for tasks to queue
[2024-10-26 09:54:52,351] {logging_mixin.py:115} INFO - [2024-10-26 09:54:52,351] {dagbag.py:507} INFO - Filling up the DagBag from /root/Documentos/airflow/venv/lib/python3.9/site-packages/airflow/example_dags/example_bash_operator.py
[2024-10-26 09:54:52,356] {processor.py:651} INFO - DAG(s) dict_keys(['example_bash_operator']) retrieved from /root/Documentos/airflow/venv/lib/python3.9/site-packages/airflow/example_dags/example_bash_operator.py
[2024-10-26 09:54:52,366] {logging_mixin.py:115} INFO - [2024-10-26 09:54:52,366] {dag.py:2379} INFO - Sync 1 DAGs
[2024-10-26 09:54:52,376] {logging_mixin.py:115} INFO - [2024-10-26 09:54:52,376] {dag.py:2927} INFO - Setting next_dagrun for example_bash_operator to 2024-10-25T00:00:00+00:00, run_after=2024-10-26T00:00:00+00:00
[2024-10-26 09:54:52,392] {processor.py:161} INFO - Processing /root/Documentos/airflow/venv/lib/python3.9/site-packages/airflow/example_dags/example_bash_operator.py took 0.047 seconds
