[2024-10-26 09:24:36,789] {processor.py:153} INFO - Started process (PID=10170) to work on /root/Documentos/airflow/venv/lib/python3.9/site-packages/airflow/example_dags/example_latest_only_with_trigger.py
[2024-10-26 09:24:36,789] {processor.py:641} INFO - Processing file /root/Documentos/airflow/venv/lib/python3.9/site-packages/airflow/example_dags/example_latest_only_with_trigger.py for tasks to queue
[2024-10-26 09:24:36,789] {logging_mixin.py:115} INFO - [2024-10-26 09:24:36,789] {dagbag.py:507} INFO - Filling up the DagBag from /root/Documentos/airflow/venv/lib/python3.9/site-packages/airflow/example_dags/example_latest_only_with_trigger.py
[2024-10-26 09:24:36,792] {processor.py:651} INFO - DAG(s) dict_keys(['latest_only_with_trigger']) retrieved from /root/Documentos/airflow/venv/lib/python3.9/site-packages/airflow/example_dags/example_latest_only_with_trigger.py
[2024-10-26 09:24:36,841] {logging_mixin.py:115} INFO - [2024-10-26 09:24:36,841] {manager.py:508} INFO - Created Permission View: can edit on DAG:latest_only_with_trigger
[2024-10-26 09:24:36,852] {logging_mixin.py:115} INFO - [2024-10-26 09:24:36,852] {manager.py:508} INFO - Created Permission View: can read on DAG:latest_only_with_trigger
[2024-10-26 09:24:36,860] {logging_mixin.py:115} INFO - [2024-10-26 09:24:36,860] {manager.py:508} INFO - Created Permission View: can delete on DAG:latest_only_with_trigger
[2024-10-26 09:24:36,861] {logging_mixin.py:115} INFO - [2024-10-26 09:24:36,860] {dag.py:2379} INFO - Sync 1 DAGs
[2024-10-26 09:24:36,865] {logging_mixin.py:115} INFO - [2024-10-26 09:24:36,865] {dag.py:2398} INFO - Creating ORM DAG for latest_only_with_trigger
[2024-10-26 09:24:36,870] {logging_mixin.py:115} INFO - [2024-10-26 09:24:36,870] {dag.py:2927} INFO - Setting next_dagrun for latest_only_with_trigger to 2024-10-26T08:24:36.870784+00:00, run_after=2024-10-26T12:24:36.870784+00:00
[2024-10-26 09:24:36,884] {processor.py:161} INFO - Processing /root/Documentos/airflow/venv/lib/python3.9/site-packages/airflow/example_dags/example_latest_only_with_trigger.py took 0.096 seconds
[2024-10-26 09:25:12,299] {processor.py:153} INFO - Started process (PID=10341) to work on /root/Documentos/airflow/venv/lib/python3.9/site-packages/airflow/example_dags/example_latest_only_with_trigger.py
[2024-10-26 09:25:12,301] {processor.py:641} INFO - Processing file /root/Documentos/airflow/venv/lib/python3.9/site-packages/airflow/example_dags/example_latest_only_with_trigger.py for tasks to queue
[2024-10-26 09:25:12,301] {logging_mixin.py:115} INFO - [2024-10-26 09:25:12,301] {dagbag.py:507} INFO - Filling up the DagBag from /root/Documentos/airflow/venv/lib/python3.9/site-packages/airflow/example_dags/example_latest_only_with_trigger.py
[2024-10-26 09:25:12,304] {processor.py:651} INFO - DAG(s) dict_keys(['latest_only_with_trigger']) retrieved from /root/Documentos/airflow/venv/lib/python3.9/site-packages/airflow/example_dags/example_latest_only_with_trigger.py
[2024-10-26 09:25:12,312] {logging_mixin.py:115} INFO - [2024-10-26 09:25:12,312] {dag.py:2379} INFO - Sync 1 DAGs
[2024-10-26 09:25:12,322] {logging_mixin.py:115} INFO - [2024-10-26 09:25:12,322] {dag.py:2927} INFO - Setting next_dagrun for latest_only_with_trigger to 2024-10-26T08:25:12.322715+00:00, run_after=2024-10-26T12:25:12.322715+00:00
[2024-10-26 09:25:12,335] {processor.py:161} INFO - Processing /root/Documentos/airflow/venv/lib/python3.9/site-packages/airflow/example_dags/example_latest_only_with_trigger.py took 0.037 seconds
[2024-10-26 09:25:45,230] {processor.py:153} INFO - Started process (PID=10501) to work on /root/Documentos/airflow/venv/lib/python3.9/site-packages/airflow/example_dags/example_latest_only_with_trigger.py
[2024-10-26 09:25:45,236] {processor.py:641} INFO - Processing file /root/Documentos/airflow/venv/lib/python3.9/site-packages/airflow/example_dags/example_latest_only_with_trigger.py for tasks to queue
[2024-10-26 09:25:45,237] {logging_mixin.py:115} INFO - [2024-10-26 09:25:45,237] {dagbag.py:507} INFO - Filling up the DagBag from /root/Documentos/airflow/venv/lib/python3.9/site-packages/airflow/example_dags/example_latest_only_with_trigger.py
[2024-10-26 09:25:45,242] {processor.py:651} INFO - DAG(s) dict_keys(['latest_only_with_trigger']) retrieved from /root/Documentos/airflow/venv/lib/python3.9/site-packages/airflow/example_dags/example_latest_only_with_trigger.py
[2024-10-26 09:25:45,250] {logging_mixin.py:115} INFO - [2024-10-26 09:25:45,250] {dag.py:2379} INFO - Sync 1 DAGs
[2024-10-26 09:25:45,260] {logging_mixin.py:115} INFO - [2024-10-26 09:25:45,260] {dag.py:2927} INFO - Setting next_dagrun for latest_only_with_trigger to 2024-10-26T08:25:45.260467+00:00, run_after=2024-10-26T12:25:45.260467+00:00
[2024-10-26 09:25:45,274] {processor.py:161} INFO - Processing /root/Documentos/airflow/venv/lib/python3.9/site-packages/airflow/example_dags/example_latest_only_with_trigger.py took 0.045 seconds
[2024-10-26 09:26:18,388] {processor.py:153} INFO - Started process (PID=10662) to work on /root/Documentos/airflow/venv/lib/python3.9/site-packages/airflow/example_dags/example_latest_only_with_trigger.py
[2024-10-26 09:26:18,390] {processor.py:641} INFO - Processing file /root/Documentos/airflow/venv/lib/python3.9/site-packages/airflow/example_dags/example_latest_only_with_trigger.py for tasks to queue
[2024-10-26 09:26:18,390] {logging_mixin.py:115} INFO - [2024-10-26 09:26:18,390] {dagbag.py:507} INFO - Filling up the DagBag from /root/Documentos/airflow/venv/lib/python3.9/site-packages/airflow/example_dags/example_latest_only_with_trigger.py
[2024-10-26 09:26:18,393] {processor.py:651} INFO - DAG(s) dict_keys(['latest_only_with_trigger']) retrieved from /root/Documentos/airflow/venv/lib/python3.9/site-packages/airflow/example_dags/example_latest_only_with_trigger.py
[2024-10-26 09:26:18,401] {logging_mixin.py:115} INFO - [2024-10-26 09:26:18,401] {dag.py:2379} INFO - Sync 1 DAGs
[2024-10-26 09:26:18,410] {logging_mixin.py:115} INFO - [2024-10-26 09:26:18,410] {dag.py:2927} INFO - Setting next_dagrun for latest_only_with_trigger to 2024-10-26T08:26:18.410706+00:00, run_after=2024-10-26T12:26:18.410706+00:00
[2024-10-26 09:26:18,424] {processor.py:161} INFO - Processing /root/Documentos/airflow/venv/lib/python3.9/site-packages/airflow/example_dags/example_latest_only_with_trigger.py took 0.037 seconds
[2024-10-26 09:26:51,591] {processor.py:153} INFO - Started process (PID=10823) to work on /root/Documentos/airflow/venv/lib/python3.9/site-packages/airflow/example_dags/example_latest_only_with_trigger.py
[2024-10-26 09:26:51,592] {processor.py:641} INFO - Processing file /root/Documentos/airflow/venv/lib/python3.9/site-packages/airflow/example_dags/example_latest_only_with_trigger.py for tasks to queue
[2024-10-26 09:26:51,593] {logging_mixin.py:115} INFO - [2024-10-26 09:26:51,593] {dagbag.py:507} INFO - Filling up the DagBag from /root/Documentos/airflow/venv/lib/python3.9/site-packages/airflow/example_dags/example_latest_only_with_trigger.py
[2024-10-26 09:26:51,595] {processor.py:651} INFO - DAG(s) dict_keys(['latest_only_with_trigger']) retrieved from /root/Documentos/airflow/venv/lib/python3.9/site-packages/airflow/example_dags/example_latest_only_with_trigger.py
[2024-10-26 09:26:51,603] {logging_mixin.py:115} INFO - [2024-10-26 09:26:51,603] {dag.py:2379} INFO - Sync 1 DAGs
[2024-10-26 09:26:51,613] {logging_mixin.py:115} INFO - [2024-10-26 09:26:51,613] {dag.py:2927} INFO - Setting next_dagrun for latest_only_with_trigger to 2024-10-26T08:26:51.613396+00:00, run_after=2024-10-26T12:26:51.613396+00:00
[2024-10-26 09:26:51,626] {processor.py:161} INFO - Processing /root/Documentos/airflow/venv/lib/python3.9/site-packages/airflow/example_dags/example_latest_only_with_trigger.py took 0.036 seconds
[2024-10-26 09:27:24,989] {processor.py:153} INFO - Started process (PID=10985) to work on /root/Documentos/airflow/venv/lib/python3.9/site-packages/airflow/example_dags/example_latest_only_with_trigger.py
[2024-10-26 09:27:24,996] {processor.py:641} INFO - Processing file /root/Documentos/airflow/venv/lib/python3.9/site-packages/airflow/example_dags/example_latest_only_with_trigger.py for tasks to queue
[2024-10-26 09:27:24,996] {logging_mixin.py:115} INFO - [2024-10-26 09:27:24,996] {dagbag.py:507} INFO - Filling up the DagBag from /root/Documentos/airflow/venv/lib/python3.9/site-packages/airflow/example_dags/example_latest_only_with_trigger.py
[2024-10-26 09:27:24,999] {processor.py:651} INFO - DAG(s) dict_keys(['latest_only_with_trigger']) retrieved from /root/Documentos/airflow/venv/lib/python3.9/site-packages/airflow/example_dags/example_latest_only_with_trigger.py
[2024-10-26 09:27:25,007] {logging_mixin.py:115} INFO - [2024-10-26 09:27:25,007] {dag.py:2379} INFO - Sync 1 DAGs
[2024-10-26 09:27:25,016] {logging_mixin.py:115} INFO - [2024-10-26 09:27:25,016] {dag.py:2927} INFO - Setting next_dagrun for latest_only_with_trigger to 2024-10-26T08:27:25.016699+00:00, run_after=2024-10-26T12:27:25.016699+00:00
[2024-10-26 09:27:25,028] {processor.py:161} INFO - Processing /root/Documentos/airflow/venv/lib/python3.9/site-packages/airflow/example_dags/example_latest_only_with_trigger.py took 0.040 seconds
[2024-10-26 09:27:58,393] {processor.py:153} INFO - Started process (PID=11152) to work on /root/Documentos/airflow/venv/lib/python3.9/site-packages/airflow/example_dags/example_latest_only_with_trigger.py
[2024-10-26 09:27:58,400] {processor.py:641} INFO - Processing file /root/Documentos/airflow/venv/lib/python3.9/site-packages/airflow/example_dags/example_latest_only_with_trigger.py for tasks to queue
[2024-10-26 09:27:58,401] {logging_mixin.py:115} INFO - [2024-10-26 09:27:58,401] {dagbag.py:507} INFO - Filling up the DagBag from /root/Documentos/airflow/venv/lib/python3.9/site-packages/airflow/example_dags/example_latest_only_with_trigger.py
[2024-10-26 09:27:58,403] {processor.py:651} INFO - DAG(s) dict_keys(['latest_only_with_trigger']) retrieved from /root/Documentos/airflow/venv/lib/python3.9/site-packages/airflow/example_dags/example_latest_only_with_trigger.py
[2024-10-26 09:27:58,411] {logging_mixin.py:115} INFO - [2024-10-26 09:27:58,411] {dag.py:2379} INFO - Sync 1 DAGs
[2024-10-26 09:27:58,421] {logging_mixin.py:115} INFO - [2024-10-26 09:27:58,421] {dag.py:2927} INFO - Setting next_dagrun for latest_only_with_trigger to 2024-10-26T08:27:58.421356+00:00, run_after=2024-10-26T12:27:58.421356+00:00
[2024-10-26 09:27:58,434] {processor.py:161} INFO - Processing /root/Documentos/airflow/venv/lib/python3.9/site-packages/airflow/example_dags/example_latest_only_with_trigger.py took 0.042 seconds
[2024-10-26 09:28:31,036] {processor.py:153} INFO - Started process (PID=11313) to work on /root/Documentos/airflow/venv/lib/python3.9/site-packages/airflow/example_dags/example_latest_only_with_trigger.py
[2024-10-26 09:28:31,042] {processor.py:641} INFO - Processing file /root/Documentos/airflow/venv/lib/python3.9/site-packages/airflow/example_dags/example_latest_only_with_trigger.py for tasks to queue
[2024-10-26 09:28:31,043] {logging_mixin.py:115} INFO - [2024-10-26 09:28:31,043] {dagbag.py:507} INFO - Filling up the DagBag from /root/Documentos/airflow/venv/lib/python3.9/site-packages/airflow/example_dags/example_latest_only_with_trigger.py
[2024-10-26 09:28:31,045] {processor.py:651} INFO - DAG(s) dict_keys(['latest_only_with_trigger']) retrieved from /root/Documentos/airflow/venv/lib/python3.9/site-packages/airflow/example_dags/example_latest_only_with_trigger.py
[2024-10-26 09:28:31,053] {logging_mixin.py:115} INFO - [2024-10-26 09:28:31,053] {dag.py:2379} INFO - Sync 1 DAGs
[2024-10-26 09:28:31,064] {logging_mixin.py:115} INFO - [2024-10-26 09:28:31,064] {dag.py:2927} INFO - Setting next_dagrun for latest_only_with_trigger to 2024-10-26T08:28:31.064481+00:00, run_after=2024-10-26T12:28:31.064481+00:00
[2024-10-26 09:28:31,075] {processor.py:161} INFO - Processing /root/Documentos/airflow/venv/lib/python3.9/site-packages/airflow/example_dags/example_latest_only_with_trigger.py took 0.040 seconds
[2024-10-26 09:37:54,025] {processor.py:153} INFO - Started process (PID=964) to work on /root/Documentos/airflow/venv/lib/python3.9/site-packages/airflow/example_dags/example_latest_only_with_trigger.py
[2024-10-26 09:37:54,032] {processor.py:641} INFO - Processing file /root/Documentos/airflow/venv/lib/python3.9/site-packages/airflow/example_dags/example_latest_only_with_trigger.py for tasks to queue
[2024-10-26 09:37:54,033] {logging_mixin.py:115} INFO - [2024-10-26 09:37:54,032] {dagbag.py:507} INFO - Filling up the DagBag from /root/Documentos/airflow/venv/lib/python3.9/site-packages/airflow/example_dags/example_latest_only_with_trigger.py
[2024-10-26 09:37:54,036] {processor.py:651} INFO - DAG(s) dict_keys(['latest_only_with_trigger']) retrieved from /root/Documentos/airflow/venv/lib/python3.9/site-packages/airflow/example_dags/example_latest_only_with_trigger.py
[2024-10-26 09:37:54,045] {logging_mixin.py:115} INFO - [2024-10-26 09:37:54,044] {dag.py:2379} INFO - Sync 1 DAGs
[2024-10-26 09:37:54,056] {logging_mixin.py:115} INFO - [2024-10-26 09:37:54,055] {dag.py:2927} INFO - Setting next_dagrun for latest_only_with_trigger to 2024-10-26T08:37:54.055790+00:00, run_after=2024-10-26T12:37:54.055790+00:00
[2024-10-26 09:37:54,069] {processor.py:161} INFO - Processing /root/Documentos/airflow/venv/lib/python3.9/site-packages/airflow/example_dags/example_latest_only_with_trigger.py took 0.045 seconds
[2024-10-26 09:38:25,428] {processor.py:153} INFO - Started process (PID=1121) to work on /root/Documentos/airflow/venv/lib/python3.9/site-packages/airflow/example_dags/example_latest_only_with_trigger.py
[2024-10-26 09:38:25,433] {processor.py:641} INFO - Processing file /root/Documentos/airflow/venv/lib/python3.9/site-packages/airflow/example_dags/example_latest_only_with_trigger.py for tasks to queue
[2024-10-26 09:38:25,433] {logging_mixin.py:115} INFO - [2024-10-26 09:38:25,433] {dagbag.py:507} INFO - Filling up the DagBag from /root/Documentos/airflow/venv/lib/python3.9/site-packages/airflow/example_dags/example_latest_only_with_trigger.py
[2024-10-26 09:38:25,437] {processor.py:651} INFO - DAG(s) dict_keys(['latest_only_with_trigger']) retrieved from /root/Documentos/airflow/venv/lib/python3.9/site-packages/airflow/example_dags/example_latest_only_with_trigger.py
[2024-10-26 09:38:25,448] {logging_mixin.py:115} INFO - [2024-10-26 09:38:25,448] {dag.py:2379} INFO - Sync 1 DAGs
[2024-10-26 09:38:25,462] {logging_mixin.py:115} INFO - [2024-10-26 09:38:25,462] {dag.py:2927} INFO - Setting next_dagrun for latest_only_with_trigger to 2024-10-26T08:38:25.462681+00:00, run_after=2024-10-26T12:38:25.462681+00:00
[2024-10-26 09:38:25,475] {processor.py:161} INFO - Processing /root/Documentos/airflow/venv/lib/python3.9/site-packages/airflow/example_dags/example_latest_only_with_trigger.py took 0.048 seconds
[2024-10-26 09:38:58,687] {processor.py:153} INFO - Started process (PID=1286) to work on /root/Documentos/airflow/venv/lib/python3.9/site-packages/airflow/example_dags/example_latest_only_with_trigger.py
[2024-10-26 09:38:58,692] {processor.py:641} INFO - Processing file /root/Documentos/airflow/venv/lib/python3.9/site-packages/airflow/example_dags/example_latest_only_with_trigger.py for tasks to queue
[2024-10-26 09:38:58,693] {logging_mixin.py:115} INFO - [2024-10-26 09:38:58,693] {dagbag.py:507} INFO - Filling up the DagBag from /root/Documentos/airflow/venv/lib/python3.9/site-packages/airflow/example_dags/example_latest_only_with_trigger.py
[2024-10-26 09:38:58,696] {processor.py:651} INFO - DAG(s) dict_keys(['latest_only_with_trigger']) retrieved from /root/Documentos/airflow/venv/lib/python3.9/site-packages/airflow/example_dags/example_latest_only_with_trigger.py
[2024-10-26 09:38:58,705] {logging_mixin.py:115} INFO - [2024-10-26 09:38:58,705] {dag.py:2379} INFO - Sync 1 DAGs
[2024-10-26 09:38:58,720] {logging_mixin.py:115} INFO - [2024-10-26 09:38:58,720] {dag.py:2927} INFO - Setting next_dagrun for latest_only_with_trigger to 2024-10-26T08:38:58.719922+00:00, run_after=2024-10-26T12:38:58.719922+00:00
[2024-10-26 09:38:58,735] {processor.py:161} INFO - Processing /root/Documentos/airflow/venv/lib/python3.9/site-packages/airflow/example_dags/example_latest_only_with_trigger.py took 0.050 seconds
[2024-10-26 09:39:32,410] {processor.py:153} INFO - Started process (PID=1449) to work on /root/Documentos/airflow/venv/lib/python3.9/site-packages/airflow/example_dags/example_latest_only_with_trigger.py
[2024-10-26 09:39:32,416] {processor.py:641} INFO - Processing file /root/Documentos/airflow/venv/lib/python3.9/site-packages/airflow/example_dags/example_latest_only_with_trigger.py for tasks to queue
[2024-10-26 09:39:32,416] {logging_mixin.py:115} INFO - [2024-10-26 09:39:32,416] {dagbag.py:507} INFO - Filling up the DagBag from /root/Documentos/airflow/venv/lib/python3.9/site-packages/airflow/example_dags/example_latest_only_with_trigger.py
[2024-10-26 09:39:32,420] {processor.py:651} INFO - DAG(s) dict_keys(['latest_only_with_trigger']) retrieved from /root/Documentos/airflow/venv/lib/python3.9/site-packages/airflow/example_dags/example_latest_only_with_trigger.py
[2024-10-26 09:39:32,428] {logging_mixin.py:115} INFO - [2024-10-26 09:39:32,428] {dag.py:2379} INFO - Sync 1 DAGs
[2024-10-26 09:39:32,439] {logging_mixin.py:115} INFO - [2024-10-26 09:39:32,439] {dag.py:2927} INFO - Setting next_dagrun for latest_only_with_trigger to 2024-10-26T08:39:32.438875+00:00, run_after=2024-10-26T12:39:32.438875+00:00
[2024-10-26 09:39:32,452] {processor.py:161} INFO - Processing /root/Documentos/airflow/venv/lib/python3.9/site-packages/airflow/example_dags/example_latest_only_with_trigger.py took 0.043 seconds
[2024-10-26 09:40:05,723] {processor.py:153} INFO - Started process (PID=1610) to work on /root/Documentos/airflow/venv/lib/python3.9/site-packages/airflow/example_dags/example_latest_only_with_trigger.py
[2024-10-26 09:40:05,729] {processor.py:641} INFO - Processing file /root/Documentos/airflow/venv/lib/python3.9/site-packages/airflow/example_dags/example_latest_only_with_trigger.py for tasks to queue
[2024-10-26 09:40:05,730] {logging_mixin.py:115} INFO - [2024-10-26 09:40:05,729] {dagbag.py:507} INFO - Filling up the DagBag from /root/Documentos/airflow/venv/lib/python3.9/site-packages/airflow/example_dags/example_latest_only_with_trigger.py
[2024-10-26 09:40:05,733] {processor.py:651} INFO - DAG(s) dict_keys(['latest_only_with_trigger']) retrieved from /root/Documentos/airflow/venv/lib/python3.9/site-packages/airflow/example_dags/example_latest_only_with_trigger.py
[2024-10-26 09:40:05,742] {logging_mixin.py:115} INFO - [2024-10-26 09:40:05,742] {dag.py:2379} INFO - Sync 1 DAGs
[2024-10-26 09:40:05,753] {logging_mixin.py:115} INFO - [2024-10-26 09:40:05,753] {dag.py:2927} INFO - Setting next_dagrun for latest_only_with_trigger to 2024-10-26T08:40:05.753258+00:00, run_after=2024-10-26T12:40:05.753258+00:00
[2024-10-26 09:40:05,765] {processor.py:161} INFO - Processing /root/Documentos/airflow/venv/lib/python3.9/site-packages/airflow/example_dags/example_latest_only_with_trigger.py took 0.044 seconds
[2024-10-26 09:40:39,613] {processor.py:153} INFO - Started process (PID=1773) to work on /root/Documentos/airflow/venv/lib/python3.9/site-packages/airflow/example_dags/example_latest_only_with_trigger.py
[2024-10-26 09:40:39,618] {processor.py:641} INFO - Processing file /root/Documentos/airflow/venv/lib/python3.9/site-packages/airflow/example_dags/example_latest_only_with_trigger.py for tasks to queue
[2024-10-26 09:40:39,618] {logging_mixin.py:115} INFO - [2024-10-26 09:40:39,618] {dagbag.py:507} INFO - Filling up the DagBag from /root/Documentos/airflow/venv/lib/python3.9/site-packages/airflow/example_dags/example_latest_only_with_trigger.py
[2024-10-26 09:40:39,621] {processor.py:651} INFO - DAG(s) dict_keys(['latest_only_with_trigger']) retrieved from /root/Documentos/airflow/venv/lib/python3.9/site-packages/airflow/example_dags/example_latest_only_with_trigger.py
[2024-10-26 09:40:39,630] {logging_mixin.py:115} INFO - [2024-10-26 09:40:39,630] {dag.py:2379} INFO - Sync 1 DAGs
[2024-10-26 09:40:39,643] {logging_mixin.py:115} INFO - [2024-10-26 09:40:39,643] {dag.py:2927} INFO - Setting next_dagrun for latest_only_with_trigger to 2024-10-26T08:40:39.642844+00:00, run_after=2024-10-26T12:40:39.642844+00:00
[2024-10-26 09:40:39,655] {processor.py:161} INFO - Processing /root/Documentos/airflow/venv/lib/python3.9/site-packages/airflow/example_dags/example_latest_only_with_trigger.py took 0.044 seconds
[2024-10-26 09:41:12,513] {processor.py:153} INFO - Started process (PID=1933) to work on /root/Documentos/airflow/venv/lib/python3.9/site-packages/airflow/example_dags/example_latest_only_with_trigger.py
[2024-10-26 09:41:12,515] {processor.py:641} INFO - Processing file /root/Documentos/airflow/venv/lib/python3.9/site-packages/airflow/example_dags/example_latest_only_with_trigger.py for tasks to queue
[2024-10-26 09:41:12,515] {logging_mixin.py:115} INFO - [2024-10-26 09:41:12,515] {dagbag.py:507} INFO - Filling up the DagBag from /root/Documentos/airflow/venv/lib/python3.9/site-packages/airflow/example_dags/example_latest_only_with_trigger.py
[2024-10-26 09:41:12,518] {processor.py:651} INFO - DAG(s) dict_keys(['latest_only_with_trigger']) retrieved from /root/Documentos/airflow/venv/lib/python3.9/site-packages/airflow/example_dags/example_latest_only_with_trigger.py
[2024-10-26 09:41:12,526] {logging_mixin.py:115} INFO - [2024-10-26 09:41:12,526] {dag.py:2379} INFO - Sync 1 DAGs
[2024-10-26 09:41:12,537] {logging_mixin.py:115} INFO - [2024-10-26 09:41:12,537] {dag.py:2927} INFO - Setting next_dagrun for latest_only_with_trigger to 2024-10-26T08:41:12.537331+00:00, run_after=2024-10-26T12:41:12.537331+00:00
[2024-10-26 09:41:12,549] {processor.py:161} INFO - Processing /root/Documentos/airflow/venv/lib/python3.9/site-packages/airflow/example_dags/example_latest_only_with_trigger.py took 0.037 seconds
[2024-10-26 09:41:46,757] {processor.py:153} INFO - Started process (PID=2099) to work on /root/Documentos/airflow/venv/lib/python3.9/site-packages/airflow/example_dags/example_latest_only_with_trigger.py
[2024-10-26 09:41:46,762] {processor.py:641} INFO - Processing file /root/Documentos/airflow/venv/lib/python3.9/site-packages/airflow/example_dags/example_latest_only_with_trigger.py for tasks to queue
[2024-10-26 09:41:46,763] {logging_mixin.py:115} INFO - [2024-10-26 09:41:46,763] {dagbag.py:507} INFO - Filling up the DagBag from /root/Documentos/airflow/venv/lib/python3.9/site-packages/airflow/example_dags/example_latest_only_with_trigger.py
[2024-10-26 09:41:46,766] {processor.py:651} INFO - DAG(s) dict_keys(['latest_only_with_trigger']) retrieved from /root/Documentos/airflow/venv/lib/python3.9/site-packages/airflow/example_dags/example_latest_only_with_trigger.py
[2024-10-26 09:41:46,774] {logging_mixin.py:115} INFO - [2024-10-26 09:41:46,774] {dag.py:2379} INFO - Sync 1 DAGs
[2024-10-26 09:41:46,784] {logging_mixin.py:115} INFO - [2024-10-26 09:41:46,784] {dag.py:2927} INFO - Setting next_dagrun for latest_only_with_trigger to 2024-10-26T08:41:46.784719+00:00, run_after=2024-10-26T12:41:46.784719+00:00
[2024-10-26 09:41:46,799] {processor.py:161} INFO - Processing /root/Documentos/airflow/venv/lib/python3.9/site-packages/airflow/example_dags/example_latest_only_with_trigger.py took 0.043 seconds
[2024-10-26 09:42:22,655] {processor.py:153} INFO - Started process (PID=2271) to work on /root/Documentos/airflow/venv/lib/python3.9/site-packages/airflow/example_dags/example_latest_only_with_trigger.py
[2024-10-26 09:42:22,660] {processor.py:641} INFO - Processing file /root/Documentos/airflow/venv/lib/python3.9/site-packages/airflow/example_dags/example_latest_only_with_trigger.py for tasks to queue
[2024-10-26 09:42:22,660] {logging_mixin.py:115} INFO - [2024-10-26 09:42:22,660] {dagbag.py:507} INFO - Filling up the DagBag from /root/Documentos/airflow/venv/lib/python3.9/site-packages/airflow/example_dags/example_latest_only_with_trigger.py
[2024-10-26 09:42:22,663] {processor.py:651} INFO - DAG(s) dict_keys(['latest_only_with_trigger']) retrieved from /root/Documentos/airflow/venv/lib/python3.9/site-packages/airflow/example_dags/example_latest_only_with_trigger.py
[2024-10-26 09:42:22,671] {logging_mixin.py:115} INFO - [2024-10-26 09:42:22,671] {dag.py:2379} INFO - Sync 1 DAGs
[2024-10-26 09:42:22,682] {logging_mixin.py:115} INFO - [2024-10-26 09:42:22,682] {dag.py:2927} INFO - Setting next_dagrun for latest_only_with_trigger to 2024-10-26T08:42:22.682146+00:00, run_after=2024-10-26T12:42:22.682146+00:00
[2024-10-26 09:42:22,694] {processor.py:161} INFO - Processing /root/Documentos/airflow/venv/lib/python3.9/site-packages/airflow/example_dags/example_latest_only_with_trigger.py took 0.040 seconds
[2024-10-26 09:42:53,620] {processor.py:153} INFO - Started process (PID=2423) to work on /root/Documentos/airflow/venv/lib/python3.9/site-packages/airflow/example_dags/example_latest_only_with_trigger.py
[2024-10-26 09:42:53,620] {processor.py:641} INFO - Processing file /root/Documentos/airflow/venv/lib/python3.9/site-packages/airflow/example_dags/example_latest_only_with_trigger.py for tasks to queue
[2024-10-26 09:42:53,620] {logging_mixin.py:115} INFO - [2024-10-26 09:42:53,620] {dagbag.py:507} INFO - Filling up the DagBag from /root/Documentos/airflow/venv/lib/python3.9/site-packages/airflow/example_dags/example_latest_only_with_trigger.py
[2024-10-26 09:42:53,623] {processor.py:651} INFO - DAG(s) dict_keys(['latest_only_with_trigger']) retrieved from /root/Documentos/airflow/venv/lib/python3.9/site-packages/airflow/example_dags/example_latest_only_with_trigger.py
[2024-10-26 09:42:53,632] {logging_mixin.py:115} INFO - [2024-10-26 09:42:53,631] {dag.py:2379} INFO - Sync 1 DAGs
[2024-10-26 09:42:53,642] {logging_mixin.py:115} INFO - [2024-10-26 09:42:53,642] {dag.py:2927} INFO - Setting next_dagrun for latest_only_with_trigger to 2024-10-26T08:42:53.642194+00:00, run_after=2024-10-26T12:42:53.642194+00:00
[2024-10-26 09:42:53,657] {processor.py:161} INFO - Processing /root/Documentos/airflow/venv/lib/python3.9/site-packages/airflow/example_dags/example_latest_only_with_trigger.py took 0.038 seconds
[2024-10-26 09:43:25,703] {processor.py:153} INFO - Started process (PID=2578) to work on /root/Documentos/airflow/venv/lib/python3.9/site-packages/airflow/example_dags/example_latest_only_with_trigger.py
[2024-10-26 09:43:25,705] {processor.py:641} INFO - Processing file /root/Documentos/airflow/venv/lib/python3.9/site-packages/airflow/example_dags/example_latest_only_with_trigger.py for tasks to queue
[2024-10-26 09:43:25,705] {logging_mixin.py:115} INFO - [2024-10-26 09:43:25,705] {dagbag.py:507} INFO - Filling up the DagBag from /root/Documentos/airflow/venv/lib/python3.9/site-packages/airflow/example_dags/example_latest_only_with_trigger.py
[2024-10-26 09:43:25,708] {processor.py:651} INFO - DAG(s) dict_keys(['latest_only_with_trigger']) retrieved from /root/Documentos/airflow/venv/lib/python3.9/site-packages/airflow/example_dags/example_latest_only_with_trigger.py
[2024-10-26 09:43:25,716] {logging_mixin.py:115} INFO - [2024-10-26 09:43:25,716] {dag.py:2379} INFO - Sync 1 DAGs
[2024-10-26 09:43:25,727] {logging_mixin.py:115} INFO - [2024-10-26 09:43:25,727] {dag.py:2927} INFO - Setting next_dagrun for latest_only_with_trigger to 2024-10-26T08:43:25.727493+00:00, run_after=2024-10-26T12:43:25.727493+00:00
[2024-10-26 09:43:25,742] {processor.py:161} INFO - Processing /root/Documentos/airflow/venv/lib/python3.9/site-packages/airflow/example_dags/example_latest_only_with_trigger.py took 0.041 seconds
[2024-10-26 09:43:58,282] {processor.py:153} INFO - Started process (PID=2735) to work on /root/Documentos/airflow/venv/lib/python3.9/site-packages/airflow/example_dags/example_latest_only_with_trigger.py
[2024-10-26 09:43:58,283] {processor.py:641} INFO - Processing file /root/Documentos/airflow/venv/lib/python3.9/site-packages/airflow/example_dags/example_latest_only_with_trigger.py for tasks to queue
[2024-10-26 09:43:58,284] {logging_mixin.py:115} INFO - [2024-10-26 09:43:58,284] {dagbag.py:507} INFO - Filling up the DagBag from /root/Documentos/airflow/venv/lib/python3.9/site-packages/airflow/example_dags/example_latest_only_with_trigger.py
[2024-10-26 09:43:58,287] {processor.py:651} INFO - DAG(s) dict_keys(['latest_only_with_trigger']) retrieved from /root/Documentos/airflow/venv/lib/python3.9/site-packages/airflow/example_dags/example_latest_only_with_trigger.py
[2024-10-26 09:43:58,295] {logging_mixin.py:115} INFO - [2024-10-26 09:43:58,295] {dag.py:2379} INFO - Sync 1 DAGs
[2024-10-26 09:43:58,306] {logging_mixin.py:115} INFO - [2024-10-26 09:43:58,306] {dag.py:2927} INFO - Setting next_dagrun for latest_only_with_trigger to 2024-10-26T08:43:58.306027+00:00, run_after=2024-10-26T12:43:58.306027+00:00
[2024-10-26 09:43:58,319] {processor.py:161} INFO - Processing /root/Documentos/airflow/venv/lib/python3.9/site-packages/airflow/example_dags/example_latest_only_with_trigger.py took 0.038 seconds
[2024-10-26 09:44:31,624] {processor.py:153} INFO - Started process (PID=2897) to work on /root/Documentos/airflow/venv/lib/python3.9/site-packages/airflow/example_dags/example_latest_only_with_trigger.py
[2024-10-26 09:44:31,624] {processor.py:641} INFO - Processing file /root/Documentos/airflow/venv/lib/python3.9/site-packages/airflow/example_dags/example_latest_only_with_trigger.py for tasks to queue
[2024-10-26 09:44:31,625] {logging_mixin.py:115} INFO - [2024-10-26 09:44:31,625] {dagbag.py:507} INFO - Filling up the DagBag from /root/Documentos/airflow/venv/lib/python3.9/site-packages/airflow/example_dags/example_latest_only_with_trigger.py
[2024-10-26 09:44:31,627] {processor.py:651} INFO - DAG(s) dict_keys(['latest_only_with_trigger']) retrieved from /root/Documentos/airflow/venv/lib/python3.9/site-packages/airflow/example_dags/example_latest_only_with_trigger.py
[2024-10-26 09:44:31,638] {logging_mixin.py:115} INFO - [2024-10-26 09:44:31,638] {dag.py:2379} INFO - Sync 1 DAGs
[2024-10-26 09:44:31,650] {logging_mixin.py:115} INFO - [2024-10-26 09:44:31,650] {dag.py:2927} INFO - Setting next_dagrun for latest_only_with_trigger to 2024-10-26T08:44:31.650341+00:00, run_after=2024-10-26T12:44:31.650341+00:00
[2024-10-26 09:44:31,663] {processor.py:161} INFO - Processing /root/Documentos/airflow/venv/lib/python3.9/site-packages/airflow/example_dags/example_latest_only_with_trigger.py took 0.041 seconds
[2024-10-26 09:45:04,304] {processor.py:153} INFO - Started process (PID=3056) to work on /root/Documentos/airflow/venv/lib/python3.9/site-packages/airflow/example_dags/example_latest_only_with_trigger.py
[2024-10-26 09:45:04,309] {processor.py:641} INFO - Processing file /root/Documentos/airflow/venv/lib/python3.9/site-packages/airflow/example_dags/example_latest_only_with_trigger.py for tasks to queue
[2024-10-26 09:45:04,309] {logging_mixin.py:115} INFO - [2024-10-26 09:45:04,309] {dagbag.py:507} INFO - Filling up the DagBag from /root/Documentos/airflow/venv/lib/python3.9/site-packages/airflow/example_dags/example_latest_only_with_trigger.py
[2024-10-26 09:45:04,312] {processor.py:651} INFO - DAG(s) dict_keys(['latest_only_with_trigger']) retrieved from /root/Documentos/airflow/venv/lib/python3.9/site-packages/airflow/example_dags/example_latest_only_with_trigger.py
[2024-10-26 09:45:04,321] {logging_mixin.py:115} INFO - [2024-10-26 09:45:04,321] {dag.py:2379} INFO - Sync 1 DAGs
[2024-10-26 09:45:04,331] {logging_mixin.py:115} INFO - [2024-10-26 09:45:04,331] {dag.py:2927} INFO - Setting next_dagrun for latest_only_with_trigger to 2024-10-26T08:45:04.331658+00:00, run_after=2024-10-26T12:45:04.331658+00:00
[2024-10-26 09:45:04,346] {processor.py:161} INFO - Processing /root/Documentos/airflow/venv/lib/python3.9/site-packages/airflow/example_dags/example_latest_only_with_trigger.py took 0.043 seconds
[2024-10-26 09:45:36,997] {processor.py:153} INFO - Started process (PID=3213) to work on /root/Documentos/airflow/venv/lib/python3.9/site-packages/airflow/example_dags/example_latest_only_with_trigger.py
[2024-10-26 09:45:36,997] {processor.py:641} INFO - Processing file /root/Documentos/airflow/venv/lib/python3.9/site-packages/airflow/example_dags/example_latest_only_with_trigger.py for tasks to queue
[2024-10-26 09:45:36,998] {logging_mixin.py:115} INFO - [2024-10-26 09:45:36,998] {dagbag.py:507} INFO - Filling up the DagBag from /root/Documentos/airflow/venv/lib/python3.9/site-packages/airflow/example_dags/example_latest_only_with_trigger.py
[2024-10-26 09:45:37,000] {processor.py:651} INFO - DAG(s) dict_keys(['latest_only_with_trigger']) retrieved from /root/Documentos/airflow/venv/lib/python3.9/site-packages/airflow/example_dags/example_latest_only_with_trigger.py
[2024-10-26 09:45:37,009] {logging_mixin.py:115} INFO - [2024-10-26 09:45:37,009] {dag.py:2379} INFO - Sync 1 DAGs
[2024-10-26 09:45:37,019] {logging_mixin.py:115} INFO - [2024-10-26 09:45:37,019] {dag.py:2927} INFO - Setting next_dagrun for latest_only_with_trigger to 2024-10-26T08:45:37.019226+00:00, run_after=2024-10-26T12:45:37.019226+00:00
[2024-10-26 09:45:37,033] {processor.py:161} INFO - Processing /root/Documentos/airflow/venv/lib/python3.9/site-packages/airflow/example_dags/example_latest_only_with_trigger.py took 0.037 seconds
[2024-10-26 09:46:10,237] {processor.py:153} INFO - Started process (PID=3373) to work on /root/Documentos/airflow/venv/lib/python3.9/site-packages/airflow/example_dags/example_latest_only_with_trigger.py
[2024-10-26 09:46:10,239] {processor.py:641} INFO - Processing file /root/Documentos/airflow/venv/lib/python3.9/site-packages/airflow/example_dags/example_latest_only_with_trigger.py for tasks to queue
[2024-10-26 09:46:10,239] {logging_mixin.py:115} INFO - [2024-10-26 09:46:10,239] {dagbag.py:507} INFO - Filling up the DagBag from /root/Documentos/airflow/venv/lib/python3.9/site-packages/airflow/example_dags/example_latest_only_with_trigger.py
[2024-10-26 09:46:10,244] {processor.py:651} INFO - DAG(s) dict_keys(['latest_only_with_trigger']) retrieved from /root/Documentos/airflow/venv/lib/python3.9/site-packages/airflow/example_dags/example_latest_only_with_trigger.py
[2024-10-26 09:46:10,253] {logging_mixin.py:115} INFO - [2024-10-26 09:46:10,253] {dag.py:2379} INFO - Sync 1 DAGs
[2024-10-26 09:46:10,264] {logging_mixin.py:115} INFO - [2024-10-26 09:46:10,264] {dag.py:2927} INFO - Setting next_dagrun for latest_only_with_trigger to 2024-10-26T08:46:10.264117+00:00, run_after=2024-10-26T12:46:10.264117+00:00
[2024-10-26 09:46:10,278] {processor.py:161} INFO - Processing /root/Documentos/airflow/venv/lib/python3.9/site-packages/airflow/example_dags/example_latest_only_with_trigger.py took 0.041 seconds
[2024-10-26 09:46:42,920] {processor.py:153} INFO - Started process (PID=3609) to work on /root/Documentos/airflow/venv/lib/python3.9/site-packages/airflow/example_dags/example_latest_only_with_trigger.py
[2024-10-26 09:46:42,921] {processor.py:641} INFO - Processing file /root/Documentos/airflow/venv/lib/python3.9/site-packages/airflow/example_dags/example_latest_only_with_trigger.py for tasks to queue
[2024-10-26 09:46:42,921] {logging_mixin.py:115} INFO - [2024-10-26 09:46:42,921] {dagbag.py:507} INFO - Filling up the DagBag from /root/Documentos/airflow/venv/lib/python3.9/site-packages/airflow/example_dags/example_latest_only_with_trigger.py
[2024-10-26 09:46:42,924] {processor.py:651} INFO - DAG(s) dict_keys(['latest_only_with_trigger']) retrieved from /root/Documentos/airflow/venv/lib/python3.9/site-packages/airflow/example_dags/example_latest_only_with_trigger.py
[2024-10-26 09:46:42,933] {logging_mixin.py:115} INFO - [2024-10-26 09:46:42,933] {dag.py:2379} INFO - Sync 1 DAGs
[2024-10-26 09:46:42,943] {logging_mixin.py:115} INFO - [2024-10-26 09:46:42,943] {dag.py:2927} INFO - Setting next_dagrun for latest_only_with_trigger to 2024-10-26T08:46:42.943643+00:00, run_after=2024-10-26T12:46:42.943643+00:00
[2024-10-26 09:46:42,956] {processor.py:161} INFO - Processing /root/Documentos/airflow/venv/lib/python3.9/site-packages/airflow/example_dags/example_latest_only_with_trigger.py took 0.037 seconds
[2024-10-26 09:47:15,057] {processor.py:153} INFO - Started process (PID=3765) to work on /root/Documentos/airflow/venv/lib/python3.9/site-packages/airflow/example_dags/example_latest_only_with_trigger.py
[2024-10-26 09:47:15,062] {processor.py:641} INFO - Processing file /root/Documentos/airflow/venv/lib/python3.9/site-packages/airflow/example_dags/example_latest_only_with_trigger.py for tasks to queue
[2024-10-26 09:47:15,062] {logging_mixin.py:115} INFO - [2024-10-26 09:47:15,062] {dagbag.py:507} INFO - Filling up the DagBag from /root/Documentos/airflow/venv/lib/python3.9/site-packages/airflow/example_dags/example_latest_only_with_trigger.py
[2024-10-26 09:47:15,065] {processor.py:651} INFO - DAG(s) dict_keys(['latest_only_with_trigger']) retrieved from /root/Documentos/airflow/venv/lib/python3.9/site-packages/airflow/example_dags/example_latest_only_with_trigger.py
[2024-10-26 09:47:15,074] {logging_mixin.py:115} INFO - [2024-10-26 09:47:15,074] {dag.py:2379} INFO - Sync 1 DAGs
[2024-10-26 09:47:15,084] {logging_mixin.py:115} INFO - [2024-10-26 09:47:15,084] {dag.py:2927} INFO - Setting next_dagrun for latest_only_with_trigger to 2024-10-26T08:47:15.084662+00:00, run_after=2024-10-26T12:47:15.084662+00:00
[2024-10-26 09:47:15,097] {processor.py:161} INFO - Processing /root/Documentos/airflow/venv/lib/python3.9/site-packages/airflow/example_dags/example_latest_only_with_trigger.py took 0.041 seconds
[2024-10-26 09:47:47,319] {processor.py:153} INFO - Started process (PID=3922) to work on /root/Documentos/airflow/venv/lib/python3.9/site-packages/airflow/example_dags/example_latest_only_with_trigger.py
[2024-10-26 09:47:47,326] {processor.py:641} INFO - Processing file /root/Documentos/airflow/venv/lib/python3.9/site-packages/airflow/example_dags/example_latest_only_with_trigger.py for tasks to queue
[2024-10-26 09:47:47,327] {logging_mixin.py:115} INFO - [2024-10-26 09:47:47,327] {dagbag.py:507} INFO - Filling up the DagBag from /root/Documentos/airflow/venv/lib/python3.9/site-packages/airflow/example_dags/example_latest_only_with_trigger.py
[2024-10-26 09:47:47,330] {processor.py:651} INFO - DAG(s) dict_keys(['latest_only_with_trigger']) retrieved from /root/Documentos/airflow/venv/lib/python3.9/site-packages/airflow/example_dags/example_latest_only_with_trigger.py
[2024-10-26 09:47:47,338] {logging_mixin.py:115} INFO - [2024-10-26 09:47:47,338] {dag.py:2379} INFO - Sync 1 DAGs
[2024-10-26 09:47:47,348] {logging_mixin.py:115} INFO - [2024-10-26 09:47:47,348] {dag.py:2927} INFO - Setting next_dagrun for latest_only_with_trigger to 2024-10-26T08:47:47.348280+00:00, run_after=2024-10-26T12:47:47.348280+00:00
[2024-10-26 09:47:47,361] {processor.py:161} INFO - Processing /root/Documentos/airflow/venv/lib/python3.9/site-packages/airflow/example_dags/example_latest_only_with_trigger.py took 0.043 seconds
[2024-10-26 09:48:20,441] {processor.py:153} INFO - Started process (PID=4091) to work on /root/Documentos/airflow/venv/lib/python3.9/site-packages/airflow/example_dags/example_latest_only_with_trigger.py
[2024-10-26 09:48:20,441] {processor.py:641} INFO - Processing file /root/Documentos/airflow/venv/lib/python3.9/site-packages/airflow/example_dags/example_latest_only_with_trigger.py for tasks to queue
[2024-10-26 09:48:20,441] {logging_mixin.py:115} INFO - [2024-10-26 09:48:20,441] {dagbag.py:507} INFO - Filling up the DagBag from /root/Documentos/airflow/venv/lib/python3.9/site-packages/airflow/example_dags/example_latest_only_with_trigger.py
[2024-10-26 09:48:20,444] {processor.py:651} INFO - DAG(s) dict_keys(['latest_only_with_trigger']) retrieved from /root/Documentos/airflow/venv/lib/python3.9/site-packages/airflow/example_dags/example_latest_only_with_trigger.py
[2024-10-26 09:48:20,453] {logging_mixin.py:115} INFO - [2024-10-26 09:48:20,453] {dag.py:2379} INFO - Sync 1 DAGs
[2024-10-26 09:48:20,463] {logging_mixin.py:115} INFO - [2024-10-26 09:48:20,463] {dag.py:2927} INFO - Setting next_dagrun for latest_only_with_trigger to 2024-10-26T08:48:20.463761+00:00, run_after=2024-10-26T12:48:20.463761+00:00
[2024-10-26 09:48:20,478] {processor.py:161} INFO - Processing /root/Documentos/airflow/venv/lib/python3.9/site-packages/airflow/example_dags/example_latest_only_with_trigger.py took 0.038 seconds
[2024-10-26 09:48:52,988] {processor.py:153} INFO - Started process (PID=4248) to work on /root/Documentos/airflow/venv/lib/python3.9/site-packages/airflow/example_dags/example_latest_only_with_trigger.py
[2024-10-26 09:48:52,992] {processor.py:641} INFO - Processing file /root/Documentos/airflow/venv/lib/python3.9/site-packages/airflow/example_dags/example_latest_only_with_trigger.py for tasks to queue
[2024-10-26 09:48:52,992] {logging_mixin.py:115} INFO - [2024-10-26 09:48:52,992] {dagbag.py:507} INFO - Filling up the DagBag from /root/Documentos/airflow/venv/lib/python3.9/site-packages/airflow/example_dags/example_latest_only_with_trigger.py
[2024-10-26 09:48:52,995] {processor.py:651} INFO - DAG(s) dict_keys(['latest_only_with_trigger']) retrieved from /root/Documentos/airflow/venv/lib/python3.9/site-packages/airflow/example_dags/example_latest_only_with_trigger.py
[2024-10-26 09:48:53,003] {logging_mixin.py:115} INFO - [2024-10-26 09:48:53,003] {dag.py:2379} INFO - Sync 1 DAGs
[2024-10-26 09:48:53,013] {logging_mixin.py:115} INFO - [2024-10-26 09:48:53,013] {dag.py:2927} INFO - Setting next_dagrun for latest_only_with_trigger to 2024-10-26T08:48:53.013643+00:00, run_after=2024-10-26T12:48:53.013643+00:00
[2024-10-26 09:48:53,030] {processor.py:161} INFO - Processing /root/Documentos/airflow/venv/lib/python3.9/site-packages/airflow/example_dags/example_latest_only_with_trigger.py took 0.043 seconds
[2024-10-26 09:49:24,713] {processor.py:153} INFO - Started process (PID=4401) to work on /root/Documentos/airflow/venv/lib/python3.9/site-packages/airflow/example_dags/example_latest_only_with_trigger.py
[2024-10-26 09:49:24,715] {processor.py:641} INFO - Processing file /root/Documentos/airflow/venv/lib/python3.9/site-packages/airflow/example_dags/example_latest_only_with_trigger.py for tasks to queue
[2024-10-26 09:49:24,715] {logging_mixin.py:115} INFO - [2024-10-26 09:49:24,715] {dagbag.py:507} INFO - Filling up the DagBag from /root/Documentos/airflow/venv/lib/python3.9/site-packages/airflow/example_dags/example_latest_only_with_trigger.py
[2024-10-26 09:49:24,718] {processor.py:651} INFO - DAG(s) dict_keys(['latest_only_with_trigger']) retrieved from /root/Documentos/airflow/venv/lib/python3.9/site-packages/airflow/example_dags/example_latest_only_with_trigger.py
[2024-10-26 09:49:24,726] {logging_mixin.py:115} INFO - [2024-10-26 09:49:24,726] {dag.py:2379} INFO - Sync 1 DAGs
[2024-10-26 09:49:24,736] {logging_mixin.py:115} INFO - [2024-10-26 09:49:24,736] {dag.py:2927} INFO - Setting next_dagrun for latest_only_with_trigger to 2024-10-26T08:49:24.736601+00:00, run_after=2024-10-26T12:49:24.736601+00:00
[2024-10-26 09:49:24,752] {processor.py:161} INFO - Processing /root/Documentos/airflow/venv/lib/python3.9/site-packages/airflow/example_dags/example_latest_only_with_trigger.py took 0.041 seconds
[2024-10-26 09:49:58,466] {processor.py:153} INFO - Started process (PID=4563) to work on /root/Documentos/airflow/venv/lib/python3.9/site-packages/airflow/example_dags/example_latest_only_with_trigger.py
[2024-10-26 09:49:58,472] {processor.py:641} INFO - Processing file /root/Documentos/airflow/venv/lib/python3.9/site-packages/airflow/example_dags/example_latest_only_with_trigger.py for tasks to queue
[2024-10-26 09:49:58,472] {logging_mixin.py:115} INFO - [2024-10-26 09:49:58,472] {dagbag.py:507} INFO - Filling up the DagBag from /root/Documentos/airflow/venv/lib/python3.9/site-packages/airflow/example_dags/example_latest_only_with_trigger.py
[2024-10-26 09:49:58,475] {processor.py:651} INFO - DAG(s) dict_keys(['latest_only_with_trigger']) retrieved from /root/Documentos/airflow/venv/lib/python3.9/site-packages/airflow/example_dags/example_latest_only_with_trigger.py
[2024-10-26 09:49:58,483] {logging_mixin.py:115} INFO - [2024-10-26 09:49:58,483] {dag.py:2379} INFO - Sync 1 DAGs
[2024-10-26 09:49:58,493] {logging_mixin.py:115} INFO - [2024-10-26 09:49:58,493] {dag.py:2927} INFO - Setting next_dagrun for latest_only_with_trigger to 2024-10-26T08:49:58.493236+00:00, run_after=2024-10-26T12:49:58.493236+00:00
[2024-10-26 09:49:58,509] {processor.py:161} INFO - Processing /root/Documentos/airflow/venv/lib/python3.9/site-packages/airflow/example_dags/example_latest_only_with_trigger.py took 0.044 seconds
[2024-10-26 09:50:31,799] {processor.py:153} INFO - Started process (PID=4724) to work on /root/Documentos/airflow/venv/lib/python3.9/site-packages/airflow/example_dags/example_latest_only_with_trigger.py
[2024-10-26 09:50:31,801] {processor.py:641} INFO - Processing file /root/Documentos/airflow/venv/lib/python3.9/site-packages/airflow/example_dags/example_latest_only_with_trigger.py for tasks to queue
[2024-10-26 09:50:31,802] {logging_mixin.py:115} INFO - [2024-10-26 09:50:31,802] {dagbag.py:507} INFO - Filling up the DagBag from /root/Documentos/airflow/venv/lib/python3.9/site-packages/airflow/example_dags/example_latest_only_with_trigger.py
[2024-10-26 09:50:31,805] {processor.py:651} INFO - DAG(s) dict_keys(['latest_only_with_trigger']) retrieved from /root/Documentos/airflow/venv/lib/python3.9/site-packages/airflow/example_dags/example_latest_only_with_trigger.py
[2024-10-26 09:50:31,813] {logging_mixin.py:115} INFO - [2024-10-26 09:50:31,813] {dag.py:2379} INFO - Sync 1 DAGs
[2024-10-26 09:50:31,823] {logging_mixin.py:115} INFO - [2024-10-26 09:50:31,823] {dag.py:2927} INFO - Setting next_dagrun for latest_only_with_trigger to 2024-10-26T08:50:31.823153+00:00, run_after=2024-10-26T12:50:31.823153+00:00
[2024-10-26 09:50:31,839] {processor.py:161} INFO - Processing /root/Documentos/airflow/venv/lib/python3.9/site-packages/airflow/example_dags/example_latest_only_with_trigger.py took 0.041 seconds
[2024-10-26 09:51:03,044] {processor.py:153} INFO - Started process (PID=4876) to work on /root/Documentos/airflow/venv/lib/python3.9/site-packages/airflow/example_dags/example_latest_only_with_trigger.py
[2024-10-26 09:51:03,045] {processor.py:641} INFO - Processing file /root/Documentos/airflow/venv/lib/python3.9/site-packages/airflow/example_dags/example_latest_only_with_trigger.py for tasks to queue
[2024-10-26 09:51:03,046] {logging_mixin.py:115} INFO - [2024-10-26 09:51:03,046] {dagbag.py:507} INFO - Filling up the DagBag from /root/Documentos/airflow/venv/lib/python3.9/site-packages/airflow/example_dags/example_latest_only_with_trigger.py
[2024-10-26 09:51:03,048] {processor.py:651} INFO - DAG(s) dict_keys(['latest_only_with_trigger']) retrieved from /root/Documentos/airflow/venv/lib/python3.9/site-packages/airflow/example_dags/example_latest_only_with_trigger.py
[2024-10-26 09:51:03,057] {logging_mixin.py:115} INFO - [2024-10-26 09:51:03,057] {dag.py:2379} INFO - Sync 1 DAGs
[2024-10-26 09:51:03,067] {logging_mixin.py:115} INFO - [2024-10-26 09:51:03,067] {dag.py:2927} INFO - Setting next_dagrun for latest_only_with_trigger to 2024-10-26T08:51:03.067218+00:00, run_after=2024-10-26T12:51:03.067218+00:00
[2024-10-26 09:51:03,084] {processor.py:161} INFO - Processing /root/Documentos/airflow/venv/lib/python3.9/site-packages/airflow/example_dags/example_latest_only_with_trigger.py took 0.041 seconds
[2024-10-26 09:51:36,016] {processor.py:153} INFO - Started process (PID=5036) to work on /root/Documentos/airflow/venv/lib/python3.9/site-packages/airflow/example_dags/example_latest_only_with_trigger.py
[2024-10-26 09:51:36,019] {processor.py:641} INFO - Processing file /root/Documentos/airflow/venv/lib/python3.9/site-packages/airflow/example_dags/example_latest_only_with_trigger.py for tasks to queue
[2024-10-26 09:51:36,019] {logging_mixin.py:115} INFO - [2024-10-26 09:51:36,019] {dagbag.py:507} INFO - Filling up the DagBag from /root/Documentos/airflow/venv/lib/python3.9/site-packages/airflow/example_dags/example_latest_only_with_trigger.py
[2024-10-26 09:51:36,023] {processor.py:651} INFO - DAG(s) dict_keys(['latest_only_with_trigger']) retrieved from /root/Documentos/airflow/venv/lib/python3.9/site-packages/airflow/example_dags/example_latest_only_with_trigger.py
[2024-10-26 09:51:36,033] {logging_mixin.py:115} INFO - [2024-10-26 09:51:36,033] {dag.py:2379} INFO - Sync 1 DAGs
[2024-10-26 09:51:36,044] {logging_mixin.py:115} INFO - [2024-10-26 09:51:36,044] {dag.py:2927} INFO - Setting next_dagrun for latest_only_with_trigger to 2024-10-26T08:51:36.044433+00:00, run_after=2024-10-26T12:51:36.044433+00:00
[2024-10-26 09:51:36,059] {processor.py:161} INFO - Processing /root/Documentos/airflow/venv/lib/python3.9/site-packages/airflow/example_dags/example_latest_only_with_trigger.py took 0.045 seconds
[2024-10-26 09:52:09,827] {processor.py:153} INFO - Started process (PID=5199) to work on /root/Documentos/airflow/venv/lib/python3.9/site-packages/airflow/example_dags/example_latest_only_with_trigger.py
[2024-10-26 09:52:09,827] {processor.py:641} INFO - Processing file /root/Documentos/airflow/venv/lib/python3.9/site-packages/airflow/example_dags/example_latest_only_with_trigger.py for tasks to queue
[2024-10-26 09:52:09,827] {logging_mixin.py:115} INFO - [2024-10-26 09:52:09,827] {dagbag.py:507} INFO - Filling up the DagBag from /root/Documentos/airflow/venv/lib/python3.9/site-packages/airflow/example_dags/example_latest_only_with_trigger.py
[2024-10-26 09:52:09,830] {processor.py:651} INFO - DAG(s) dict_keys(['latest_only_with_trigger']) retrieved from /root/Documentos/airflow/venv/lib/python3.9/site-packages/airflow/example_dags/example_latest_only_with_trigger.py
[2024-10-26 09:52:09,839] {logging_mixin.py:115} INFO - [2024-10-26 09:52:09,839] {dag.py:2379} INFO - Sync 1 DAGs
[2024-10-26 09:52:09,851] {logging_mixin.py:115} INFO - [2024-10-26 09:52:09,851] {dag.py:2927} INFO - Setting next_dagrun for latest_only_with_trigger to 2024-10-26T08:52:09.851384+00:00, run_after=2024-10-26T12:52:09.851384+00:00
[2024-10-26 09:52:09,866] {processor.py:161} INFO - Processing /root/Documentos/airflow/venv/lib/python3.9/site-packages/airflow/example_dags/example_latest_only_with_trigger.py took 0.041 seconds
[2024-10-26 09:52:43,179] {processor.py:153} INFO - Started process (PID=5362) to work on /root/Documentos/airflow/venv/lib/python3.9/site-packages/airflow/example_dags/example_latest_only_with_trigger.py
[2024-10-26 09:52:43,181] {processor.py:641} INFO - Processing file /root/Documentos/airflow/venv/lib/python3.9/site-packages/airflow/example_dags/example_latest_only_with_trigger.py for tasks to queue
[2024-10-26 09:52:43,181] {logging_mixin.py:115} INFO - [2024-10-26 09:52:43,181] {dagbag.py:507} INFO - Filling up the DagBag from /root/Documentos/airflow/venv/lib/python3.9/site-packages/airflow/example_dags/example_latest_only_with_trigger.py
[2024-10-26 09:52:43,184] {processor.py:651} INFO - DAG(s) dict_keys(['latest_only_with_trigger']) retrieved from /root/Documentos/airflow/venv/lib/python3.9/site-packages/airflow/example_dags/example_latest_only_with_trigger.py
[2024-10-26 09:52:43,193] {logging_mixin.py:115} INFO - [2024-10-26 09:52:43,192] {dag.py:2379} INFO - Sync 1 DAGs
[2024-10-26 09:52:43,203] {logging_mixin.py:115} INFO - [2024-10-26 09:52:43,203] {dag.py:2927} INFO - Setting next_dagrun for latest_only_with_trigger to 2024-10-26T08:52:43.203258+00:00, run_after=2024-10-26T12:52:43.203258+00:00
[2024-10-26 09:52:43,218] {processor.py:161} INFO - Processing /root/Documentos/airflow/venv/lib/python3.9/site-packages/airflow/example_dags/example_latest_only_with_trigger.py took 0.041 seconds
[2024-10-26 09:53:17,744] {processor.py:153} INFO - Started process (PID=5528) to work on /root/Documentos/airflow/venv/lib/python3.9/site-packages/airflow/example_dags/example_latest_only_with_trigger.py
[2024-10-26 09:53:17,748] {processor.py:641} INFO - Processing file /root/Documentos/airflow/venv/lib/python3.9/site-packages/airflow/example_dags/example_latest_only_with_trigger.py for tasks to queue
[2024-10-26 09:53:17,749] {logging_mixin.py:115} INFO - [2024-10-26 09:53:17,748] {dagbag.py:507} INFO - Filling up the DagBag from /root/Documentos/airflow/venv/lib/python3.9/site-packages/airflow/example_dags/example_latest_only_with_trigger.py
[2024-10-26 09:53:17,751] {processor.py:651} INFO - DAG(s) dict_keys(['latest_only_with_trigger']) retrieved from /root/Documentos/airflow/venv/lib/python3.9/site-packages/airflow/example_dags/example_latest_only_with_trigger.py
[2024-10-26 09:53:17,760] {logging_mixin.py:115} INFO - [2024-10-26 09:53:17,760] {dag.py:2379} INFO - Sync 1 DAGs
[2024-10-26 09:53:17,770] {logging_mixin.py:115} INFO - [2024-10-26 09:53:17,770] {dag.py:2927} INFO - Setting next_dagrun for latest_only_with_trigger to 2024-10-26T08:53:17.770334+00:00, run_after=2024-10-26T12:53:17.770334+00:00
[2024-10-26 09:53:17,788] {processor.py:161} INFO - Processing /root/Documentos/airflow/venv/lib/python3.9/site-packages/airflow/example_dags/example_latest_only_with_trigger.py took 0.044 seconds
[2024-10-26 09:53:48,882] {processor.py:153} INFO - Started process (PID=5679) to work on /root/Documentos/airflow/venv/lib/python3.9/site-packages/airflow/example_dags/example_latest_only_with_trigger.py
[2024-10-26 09:53:48,882] {processor.py:641} INFO - Processing file /root/Documentos/airflow/venv/lib/python3.9/site-packages/airflow/example_dags/example_latest_only_with_trigger.py for tasks to queue
[2024-10-26 09:53:48,882] {logging_mixin.py:115} INFO - [2024-10-26 09:53:48,882] {dagbag.py:507} INFO - Filling up the DagBag from /root/Documentos/airflow/venv/lib/python3.9/site-packages/airflow/example_dags/example_latest_only_with_trigger.py
[2024-10-26 09:53:48,885] {processor.py:651} INFO - DAG(s) dict_keys(['latest_only_with_trigger']) retrieved from /root/Documentos/airflow/venv/lib/python3.9/site-packages/airflow/example_dags/example_latest_only_with_trigger.py
[2024-10-26 09:53:48,893] {logging_mixin.py:115} INFO - [2024-10-26 09:53:48,893] {dag.py:2379} INFO - Sync 1 DAGs
[2024-10-26 09:53:48,904] {logging_mixin.py:115} INFO - [2024-10-26 09:53:48,904] {dag.py:2927} INFO - Setting next_dagrun for latest_only_with_trigger to 2024-10-26T08:53:48.903862+00:00, run_after=2024-10-26T12:53:48.903862+00:00
[2024-10-26 09:53:48,920] {processor.py:161} INFO - Processing /root/Documentos/airflow/venv/lib/python3.9/site-packages/airflow/example_dags/example_latest_only_with_trigger.py took 0.040 seconds
[2024-10-26 09:54:21,170] {processor.py:153} INFO - Started process (PID=5834) to work on /root/Documentos/airflow/venv/lib/python3.9/site-packages/airflow/example_dags/example_latest_only_with_trigger.py
[2024-10-26 09:54:21,175] {processor.py:641} INFO - Processing file /root/Documentos/airflow/venv/lib/python3.9/site-packages/airflow/example_dags/example_latest_only_with_trigger.py for tasks to queue
[2024-10-26 09:54:21,176] {logging_mixin.py:115} INFO - [2024-10-26 09:54:21,176] {dagbag.py:507} INFO - Filling up the DagBag from /root/Documentos/airflow/venv/lib/python3.9/site-packages/airflow/example_dags/example_latest_only_with_trigger.py
[2024-10-26 09:54:21,179] {processor.py:651} INFO - DAG(s) dict_keys(['latest_only_with_trigger']) retrieved from /root/Documentos/airflow/venv/lib/python3.9/site-packages/airflow/example_dags/example_latest_only_with_trigger.py
[2024-10-26 09:54:21,187] {logging_mixin.py:115} INFO - [2024-10-26 09:54:21,187] {dag.py:2379} INFO - Sync 1 DAGs
[2024-10-26 09:54:21,197] {logging_mixin.py:115} INFO - [2024-10-26 09:54:21,197] {dag.py:2927} INFO - Setting next_dagrun for latest_only_with_trigger to 2024-10-26T08:54:21.197604+00:00, run_after=2024-10-26T12:54:21.197604+00:00
[2024-10-26 09:54:21,213] {processor.py:161} INFO - Processing /root/Documentos/airflow/venv/lib/python3.9/site-packages/airflow/example_dags/example_latest_only_with_trigger.py took 0.044 seconds
[2024-10-26 09:54:55,740] {processor.py:153} INFO - Started process (PID=6000) to work on /root/Documentos/airflow/venv/lib/python3.9/site-packages/airflow/example_dags/example_latest_only_with_trigger.py
[2024-10-26 09:54:55,744] {processor.py:641} INFO - Processing file /root/Documentos/airflow/venv/lib/python3.9/site-packages/airflow/example_dags/example_latest_only_with_trigger.py for tasks to queue
[2024-10-26 09:54:55,744] {logging_mixin.py:115} INFO - [2024-10-26 09:54:55,744] {dagbag.py:507} INFO - Filling up the DagBag from /root/Documentos/airflow/venv/lib/python3.9/site-packages/airflow/example_dags/example_latest_only_with_trigger.py
[2024-10-26 09:54:55,747] {processor.py:651} INFO - DAG(s) dict_keys(['latest_only_with_trigger']) retrieved from /root/Documentos/airflow/venv/lib/python3.9/site-packages/airflow/example_dags/example_latest_only_with_trigger.py
[2024-10-26 09:54:55,755] {logging_mixin.py:115} INFO - [2024-10-26 09:54:55,755] {dag.py:2379} INFO - Sync 1 DAGs
[2024-10-26 09:54:55,765] {logging_mixin.py:115} INFO - [2024-10-26 09:54:55,765] {dag.py:2927} INFO - Setting next_dagrun for latest_only_with_trigger to 2024-10-26T08:54:55.765286+00:00, run_after=2024-10-26T12:54:55.765286+00:00
[2024-10-26 09:54:55,781] {processor.py:161} INFO - Processing /root/Documentos/airflow/venv/lib/python3.9/site-packages/airflow/example_dags/example_latest_only_with_trigger.py took 0.042 seconds
[2024-10-26 09:56:02,690] {processor.py:153} INFO - Started process (PID=6227) to work on /root/Documentos/airflow/venv/lib/python3.9/site-packages/airflow/example_dags/example_latest_only_with_trigger.py
[2024-10-26 09:56:02,694] {processor.py:641} INFO - Processing file /root/Documentos/airflow/venv/lib/python3.9/site-packages/airflow/example_dags/example_latest_only_with_trigger.py for tasks to queue
[2024-10-26 09:56:02,694] {logging_mixin.py:115} INFO - [2024-10-26 09:56:02,694] {dagbag.py:507} INFO - Filling up the DagBag from /root/Documentos/airflow/venv/lib/python3.9/site-packages/airflow/example_dags/example_latest_only_with_trigger.py
[2024-10-26 09:56:02,697] {processor.py:651} INFO - DAG(s) dict_keys(['latest_only_with_trigger']) retrieved from /root/Documentos/airflow/venv/lib/python3.9/site-packages/airflow/example_dags/example_latest_only_with_trigger.py
[2024-10-26 09:56:02,705] {logging_mixin.py:115} INFO - [2024-10-26 09:56:02,705] {dag.py:2379} INFO - Sync 1 DAGs
[2024-10-26 09:56:02,716] {logging_mixin.py:115} INFO - [2024-10-26 09:56:02,716] {dag.py:2927} INFO - Setting next_dagrun for latest_only_with_trigger to 2024-10-26T08:56:02.716366+00:00, run_after=2024-10-26T12:56:02.716366+00:00
[2024-10-26 09:56:02,730] {processor.py:161} INFO - Processing /root/Documentos/airflow/venv/lib/python3.9/site-packages/airflow/example_dags/example_latest_only_with_trigger.py took 0.041 seconds
