[2024-10-26 09:24:27,700] {processor.py:153} INFO - Started process (PID=10130) to work on /root/Documentos/airflow/venv/lib/python3.9/site-packages/airflow/example_dags/example_xcom.py
[2024-10-26 09:24:27,701] {processor.py:641} INFO - Processing file /root/Documentos/airflow/venv/lib/python3.9/site-packages/airflow/example_dags/example_xcom.py for tasks to queue
[2024-10-26 09:24:27,701] {logging_mixin.py:115} INFO - [2024-10-26 09:24:27,701] {dagbag.py:507} INFO - Filling up the DagBag from /root/Documentos/airflow/venv/lib/python3.9/site-packages/airflow/example_dags/example_xcom.py
[2024-10-26 09:24:27,715] {processor.py:651} INFO - DAG(s) dict_keys(['example_xcom']) retrieved from /root/Documentos/airflow/venv/lib/python3.9/site-packages/airflow/example_dags/example_xcom.py
[2024-10-26 09:24:28,371] {logging_mixin.py:115} INFO - [2024-10-26 09:24:28,371] {manager.py:508} INFO - Created Permission View: can edit on DAG:example_xcom
[2024-10-26 09:24:28,380] {logging_mixin.py:115} INFO - [2024-10-26 09:24:28,380] {manager.py:508} INFO - Created Permission View: can read on DAG:example_xcom
[2024-10-26 09:24:28,389] {logging_mixin.py:115} INFO - [2024-10-26 09:24:28,389] {manager.py:508} INFO - Created Permission View: can delete on DAG:example_xcom
[2024-10-26 09:24:28,389] {logging_mixin.py:115} INFO - [2024-10-26 09:24:28,389] {dag.py:2379} INFO - Sync 1 DAGs
[2024-10-26 09:24:28,394] {logging_mixin.py:115} INFO - [2024-10-26 09:24:28,394] {dag.py:2398} INFO - Creating ORM DAG for example_xcom
[2024-10-26 09:24:28,399] {logging_mixin.py:115} INFO - [2024-10-26 09:24:28,399] {dag.py:2927} INFO - Setting next_dagrun for example_xcom to 2021-01-01T00:00:00+00:00, run_after=2021-01-01T00:00:00+00:00
[2024-10-26 09:24:28,413] {processor.py:161} INFO - Processing /root/Documentos/airflow/venv/lib/python3.9/site-packages/airflow/example_dags/example_xcom.py took 0.117 seconds
[2024-10-26 09:25:04,914] {processor.py:153} INFO - Started process (PID=10305) to work on /root/Documentos/airflow/venv/lib/python3.9/site-packages/airflow/example_dags/example_xcom.py
[2024-10-26 09:25:04,919] {processor.py:641} INFO - Processing file /root/Documentos/airflow/venv/lib/python3.9/site-packages/airflow/example_dags/example_xcom.py for tasks to queue
[2024-10-26 09:25:04,919] {logging_mixin.py:115} INFO - [2024-10-26 09:25:04,919] {dagbag.py:507} INFO - Filling up the DagBag from /root/Documentos/airflow/venv/lib/python3.9/site-packages/airflow/example_dags/example_xcom.py
[2024-10-26 09:25:04,928] {processor.py:651} INFO - DAG(s) dict_keys(['example_xcom']) retrieved from /root/Documentos/airflow/venv/lib/python3.9/site-packages/airflow/example_dags/example_xcom.py
[2024-10-26 09:25:04,952] {logging_mixin.py:115} INFO - [2024-10-26 09:25:04,952] {dag.py:2379} INFO - Sync 1 DAGs
[2024-10-26 09:25:04,960] {logging_mixin.py:115} INFO - [2024-10-26 09:25:04,959] {dag.py:2927} INFO - Setting next_dagrun for example_xcom to 2021-01-01T00:00:00+00:00, run_after=2021-01-01T00:00:00+00:00
[2024-10-26 09:25:04,974] {processor.py:161} INFO - Processing /root/Documentos/airflow/venv/lib/python3.9/site-packages/airflow/example_dags/example_xcom.py took 0.061 seconds
[2024-10-26 09:25:39,106] {processor.py:153} INFO - Started process (PID=10470) to work on /root/Documentos/airflow/venv/lib/python3.9/site-packages/airflow/example_dags/example_xcom.py
[2024-10-26 09:25:39,108] {processor.py:641} INFO - Processing file /root/Documentos/airflow/venv/lib/python3.9/site-packages/airflow/example_dags/example_xcom.py for tasks to queue
[2024-10-26 09:25:39,109] {logging_mixin.py:115} INFO - [2024-10-26 09:25:39,109] {dagbag.py:507} INFO - Filling up the DagBag from /root/Documentos/airflow/venv/lib/python3.9/site-packages/airflow/example_dags/example_xcom.py
[2024-10-26 09:25:39,118] {processor.py:651} INFO - DAG(s) dict_keys(['example_xcom']) retrieved from /root/Documentos/airflow/venv/lib/python3.9/site-packages/airflow/example_dags/example_xcom.py
[2024-10-26 09:25:39,141] {logging_mixin.py:115} INFO - [2024-10-26 09:25:39,141] {dag.py:2379} INFO - Sync 1 DAGs
[2024-10-26 09:25:39,149] {logging_mixin.py:115} INFO - [2024-10-26 09:25:39,149] {dag.py:2927} INFO - Setting next_dagrun for example_xcom to 2021-01-01T00:00:00+00:00, run_after=2021-01-01T00:00:00+00:00
[2024-10-26 09:25:39,164] {processor.py:161} INFO - Processing /root/Documentos/airflow/venv/lib/python3.9/site-packages/airflow/example_dags/example_xcom.py took 0.059 seconds
[2024-10-26 09:26:10,291] {processor.py:153} INFO - Started process (PID=10622) to work on /root/Documentos/airflow/venv/lib/python3.9/site-packages/airflow/example_dags/example_xcom.py
[2024-10-26 09:26:10,295] {processor.py:641} INFO - Processing file /root/Documentos/airflow/venv/lib/python3.9/site-packages/airflow/example_dags/example_xcom.py for tasks to queue
[2024-10-26 09:26:10,296] {logging_mixin.py:115} INFO - [2024-10-26 09:26:10,296] {dagbag.py:507} INFO - Filling up the DagBag from /root/Documentos/airflow/venv/lib/python3.9/site-packages/airflow/example_dags/example_xcom.py
[2024-10-26 09:26:10,305] {processor.py:651} INFO - DAG(s) dict_keys(['example_xcom']) retrieved from /root/Documentos/airflow/venv/lib/python3.9/site-packages/airflow/example_dags/example_xcom.py
[2024-10-26 09:26:10,316] {logging_mixin.py:115} INFO - [2024-10-26 09:26:10,316] {dag.py:2379} INFO - Sync 1 DAGs
[2024-10-26 09:26:10,325] {logging_mixin.py:115} INFO - [2024-10-26 09:26:10,324] {dag.py:2927} INFO - Setting next_dagrun for example_xcom to 2021-01-01T00:00:00+00:00, run_after=2021-01-01T00:00:00+00:00
[2024-10-26 09:26:10,339] {processor.py:161} INFO - Processing /root/Documentos/airflow/venv/lib/python3.9/site-packages/airflow/example_dags/example_xcom.py took 0.049 seconds
[2024-10-26 09:26:42,593] {processor.py:153} INFO - Started process (PID=10777) to work on /root/Documentos/airflow/venv/lib/python3.9/site-packages/airflow/example_dags/example_xcom.py
[2024-10-26 09:26:42,600] {processor.py:641} INFO - Processing file /root/Documentos/airflow/venv/lib/python3.9/site-packages/airflow/example_dags/example_xcom.py for tasks to queue
[2024-10-26 09:26:42,601] {logging_mixin.py:115} INFO - [2024-10-26 09:26:42,601] {dagbag.py:507} INFO - Filling up the DagBag from /root/Documentos/airflow/venv/lib/python3.9/site-packages/airflow/example_dags/example_xcom.py
[2024-10-26 09:26:42,611] {processor.py:651} INFO - DAG(s) dict_keys(['example_xcom']) retrieved from /root/Documentos/airflow/venv/lib/python3.9/site-packages/airflow/example_dags/example_xcom.py
[2024-10-26 09:26:42,634] {logging_mixin.py:115} INFO - [2024-10-26 09:26:42,634] {dag.py:2379} INFO - Sync 1 DAGs
[2024-10-26 09:26:42,643] {logging_mixin.py:115} INFO - [2024-10-26 09:26:42,643] {dag.py:2927} INFO - Setting next_dagrun for example_xcom to 2021-01-01T00:00:00+00:00, run_after=2021-01-01T00:00:00+00:00
[2024-10-26 09:26:42,657] {processor.py:161} INFO - Processing /root/Documentos/airflow/venv/lib/python3.9/site-packages/airflow/example_dags/example_xcom.py took 0.065 seconds
[2024-10-26 09:27:14,900] {processor.py:153} INFO - Started process (PID=10935) to work on /root/Documentos/airflow/venv/lib/python3.9/site-packages/airflow/example_dags/example_xcom.py
[2024-10-26 09:27:14,905] {processor.py:641} INFO - Processing file /root/Documentos/airflow/venv/lib/python3.9/site-packages/airflow/example_dags/example_xcom.py for tasks to queue
[2024-10-26 09:27:14,906] {logging_mixin.py:115} INFO - [2024-10-26 09:27:14,906] {dagbag.py:507} INFO - Filling up the DagBag from /root/Documentos/airflow/venv/lib/python3.9/site-packages/airflow/example_dags/example_xcom.py
[2024-10-26 09:27:14,914] {processor.py:651} INFO - DAG(s) dict_keys(['example_xcom']) retrieved from /root/Documentos/airflow/venv/lib/python3.9/site-packages/airflow/example_dags/example_xcom.py
[2024-10-26 09:27:14,924] {logging_mixin.py:115} INFO - [2024-10-26 09:27:14,924] {dag.py:2379} INFO - Sync 1 DAGs
[2024-10-26 09:27:14,933] {logging_mixin.py:115} INFO - [2024-10-26 09:27:14,933] {dag.py:2927} INFO - Setting next_dagrun for example_xcom to 2021-01-01T00:00:00+00:00, run_after=2021-01-01T00:00:00+00:00
[2024-10-26 09:27:14,946] {processor.py:161} INFO - Processing /root/Documentos/airflow/venv/lib/python3.9/site-packages/airflow/example_dags/example_xcom.py took 0.048 seconds
[2024-10-26 09:27:48,365] {processor.py:153} INFO - Started process (PID=11103) to work on /root/Documentos/airflow/venv/lib/python3.9/site-packages/airflow/example_dags/example_xcom.py
[2024-10-26 09:27:48,369] {processor.py:641} INFO - Processing file /root/Documentos/airflow/venv/lib/python3.9/site-packages/airflow/example_dags/example_xcom.py for tasks to queue
[2024-10-26 09:27:48,369] {logging_mixin.py:115} INFO - [2024-10-26 09:27:48,369] {dagbag.py:507} INFO - Filling up the DagBag from /root/Documentos/airflow/venv/lib/python3.9/site-packages/airflow/example_dags/example_xcom.py
[2024-10-26 09:27:48,379] {processor.py:651} INFO - DAG(s) dict_keys(['example_xcom']) retrieved from /root/Documentos/airflow/venv/lib/python3.9/site-packages/airflow/example_dags/example_xcom.py
[2024-10-26 09:27:48,403] {logging_mixin.py:115} INFO - [2024-10-26 09:27:48,403] {dag.py:2379} INFO - Sync 1 DAGs
[2024-10-26 09:27:48,411] {logging_mixin.py:115} INFO - [2024-10-26 09:27:48,411] {dag.py:2927} INFO - Setting next_dagrun for example_xcom to 2021-01-01T00:00:00+00:00, run_after=2021-01-01T00:00:00+00:00
[2024-10-26 09:27:48,424] {processor.py:161} INFO - Processing /root/Documentos/airflow/venv/lib/python3.9/site-packages/airflow/example_dags/example_xcom.py took 0.060 seconds
[2024-10-26 09:28:21,691] {processor.py:153} INFO - Started process (PID=11263) to work on /root/Documentos/airflow/venv/lib/python3.9/site-packages/airflow/example_dags/example_xcom.py
[2024-10-26 09:28:21,699] {processor.py:641} INFO - Processing file /root/Documentos/airflow/venv/lib/python3.9/site-packages/airflow/example_dags/example_xcom.py for tasks to queue
[2024-10-26 09:28:21,699] {logging_mixin.py:115} INFO - [2024-10-26 09:28:21,699] {dagbag.py:507} INFO - Filling up the DagBag from /root/Documentos/airflow/venv/lib/python3.9/site-packages/airflow/example_dags/example_xcom.py
[2024-10-26 09:28:21,708] {processor.py:651} INFO - DAG(s) dict_keys(['example_xcom']) retrieved from /root/Documentos/airflow/venv/lib/python3.9/site-packages/airflow/example_dags/example_xcom.py
[2024-10-26 09:28:21,732] {logging_mixin.py:115} INFO - [2024-10-26 09:28:21,732] {dag.py:2379} INFO - Sync 1 DAGs
[2024-10-26 09:28:21,740] {logging_mixin.py:115} INFO - [2024-10-26 09:28:21,740] {dag.py:2927} INFO - Setting next_dagrun for example_xcom to 2021-01-01T00:00:00+00:00, run_after=2021-01-01T00:00:00+00:00
[2024-10-26 09:28:21,754] {processor.py:161} INFO - Processing /root/Documentos/airflow/venv/lib/python3.9/site-packages/airflow/example_dags/example_xcom.py took 0.064 seconds
[2024-10-26 09:28:52,768] {processor.py:153} INFO - Started process (PID=11419) to work on /root/Documentos/airflow/venv/lib/python3.9/site-packages/airflow/example_dags/example_xcom.py
[2024-10-26 09:28:52,774] {processor.py:641} INFO - Processing file /root/Documentos/airflow/venv/lib/python3.9/site-packages/airflow/example_dags/example_xcom.py for tasks to queue
[2024-10-26 09:28:52,775] {logging_mixin.py:115} INFO - [2024-10-26 09:28:52,775] {dagbag.py:507} INFO - Filling up the DagBag from /root/Documentos/airflow/venv/lib/python3.9/site-packages/airflow/example_dags/example_xcom.py
[2024-10-26 09:28:52,784] {processor.py:651} INFO - DAG(s) dict_keys(['example_xcom']) retrieved from /root/Documentos/airflow/venv/lib/python3.9/site-packages/airflow/example_dags/example_xcom.py
[2024-10-26 09:28:52,810] {logging_mixin.py:115} INFO - [2024-10-26 09:28:52,809] {dag.py:2379} INFO - Sync 1 DAGs
[2024-10-26 09:28:52,819] {logging_mixin.py:115} INFO - [2024-10-26 09:28:52,819] {dag.py:2927} INFO - Setting next_dagrun for example_xcom to 2021-01-01T00:00:00+00:00, run_after=2021-01-01T00:00:00+00:00
[2024-10-26 09:28:52,832] {processor.py:161} INFO - Processing /root/Documentos/airflow/venv/lib/python3.9/site-packages/airflow/example_dags/example_xcom.py took 0.066 seconds
[2024-10-26 09:37:46,837] {processor.py:153} INFO - Started process (PID=929) to work on /root/Documentos/airflow/venv/lib/python3.9/site-packages/airflow/example_dags/example_xcom.py
[2024-10-26 09:37:46,838] {processor.py:641} INFO - Processing file /root/Documentos/airflow/venv/lib/python3.9/site-packages/airflow/example_dags/example_xcom.py for tasks to queue
[2024-10-26 09:37:46,838] {logging_mixin.py:115} INFO - [2024-10-26 09:37:46,838] {dagbag.py:507} INFO - Filling up the DagBag from /root/Documentos/airflow/venv/lib/python3.9/site-packages/airflow/example_dags/example_xcom.py
[2024-10-26 09:37:46,851] {processor.py:651} INFO - DAG(s) dict_keys(['example_xcom']) retrieved from /root/Documentos/airflow/venv/lib/python3.9/site-packages/airflow/example_dags/example_xcom.py
[2024-10-26 09:37:46,885] {logging_mixin.py:115} INFO - [2024-10-26 09:37:46,885] {dag.py:2379} INFO - Sync 1 DAGs
[2024-10-26 09:37:46,897] {logging_mixin.py:115} INFO - [2024-10-26 09:37:46,896] {dag.py:2927} INFO - Setting next_dagrun for example_xcom to 2021-01-01T00:00:00+00:00, run_after=2021-01-01T00:00:00+00:00
[2024-10-26 09:37:46,912] {processor.py:161} INFO - Processing /root/Documentos/airflow/venv/lib/python3.9/site-packages/airflow/example_dags/example_xcom.py took 0.077 seconds
[2024-10-26 09:38:17,336] {processor.py:153} INFO - Started process (PID=1085) to work on /root/Documentos/airflow/venv/lib/python3.9/site-packages/airflow/example_dags/example_xcom.py
[2024-10-26 09:38:17,344] {processor.py:641} INFO - Processing file /root/Documentos/airflow/venv/lib/python3.9/site-packages/airflow/example_dags/example_xcom.py for tasks to queue
[2024-10-26 09:38:17,344] {logging_mixin.py:115} INFO - [2024-10-26 09:38:17,344] {dagbag.py:507} INFO - Filling up the DagBag from /root/Documentos/airflow/venv/lib/python3.9/site-packages/airflow/example_dags/example_xcom.py
[2024-10-26 09:38:17,354] {processor.py:651} INFO - DAG(s) dict_keys(['example_xcom']) retrieved from /root/Documentos/airflow/venv/lib/python3.9/site-packages/airflow/example_dags/example_xcom.py
[2024-10-26 09:38:17,380] {logging_mixin.py:115} INFO - [2024-10-26 09:38:17,380] {dag.py:2379} INFO - Sync 1 DAGs
[2024-10-26 09:38:17,389] {logging_mixin.py:115} INFO - [2024-10-26 09:38:17,388] {dag.py:2927} INFO - Setting next_dagrun for example_xcom to 2021-01-01T00:00:00+00:00, run_after=2021-01-01T00:00:00+00:00
[2024-10-26 09:38:17,401] {processor.py:161} INFO - Processing /root/Documentos/airflow/venv/lib/python3.9/site-packages/airflow/example_dags/example_xcom.py took 0.066 seconds
[2024-10-26 09:38:51,794] {processor.py:153} INFO - Started process (PID=1249) to work on /root/Documentos/airflow/venv/lib/python3.9/site-packages/airflow/example_dags/example_xcom.py
[2024-10-26 09:38:51,801] {processor.py:641} INFO - Processing file /root/Documentos/airflow/venv/lib/python3.9/site-packages/airflow/example_dags/example_xcom.py for tasks to queue
[2024-10-26 09:38:51,801] {logging_mixin.py:115} INFO - [2024-10-26 09:38:51,801] {dagbag.py:507} INFO - Filling up the DagBag from /root/Documentos/airflow/venv/lib/python3.9/site-packages/airflow/example_dags/example_xcom.py
[2024-10-26 09:38:51,810] {processor.py:651} INFO - DAG(s) dict_keys(['example_xcom']) retrieved from /root/Documentos/airflow/venv/lib/python3.9/site-packages/airflow/example_dags/example_xcom.py
[2024-10-26 09:38:51,820] {logging_mixin.py:115} INFO - [2024-10-26 09:38:51,820] {dag.py:2379} INFO - Sync 1 DAGs
[2024-10-26 09:38:51,829] {logging_mixin.py:115} INFO - [2024-10-26 09:38:51,829] {dag.py:2927} INFO - Setting next_dagrun for example_xcom to 2021-01-01T00:00:00+00:00, run_after=2021-01-01T00:00:00+00:00
[2024-10-26 09:38:51,842] {processor.py:161} INFO - Processing /root/Documentos/airflow/venv/lib/python3.9/site-packages/airflow/example_dags/example_xcom.py took 0.050 seconds
[2024-10-26 09:39:25,016] {processor.py:153} INFO - Started process (PID=1412) to work on /root/Documentos/airflow/venv/lib/python3.9/site-packages/airflow/example_dags/example_xcom.py
[2024-10-26 09:39:25,017] {processor.py:641} INFO - Processing file /root/Documentos/airflow/venv/lib/python3.9/site-packages/airflow/example_dags/example_xcom.py for tasks to queue
[2024-10-26 09:39:25,017] {logging_mixin.py:115} INFO - [2024-10-26 09:39:25,017] {dagbag.py:507} INFO - Filling up the DagBag from /root/Documentos/airflow/venv/lib/python3.9/site-packages/airflow/example_dags/example_xcom.py
[2024-10-26 09:39:25,026] {processor.py:651} INFO - DAG(s) dict_keys(['example_xcom']) retrieved from /root/Documentos/airflow/venv/lib/python3.9/site-packages/airflow/example_dags/example_xcom.py
[2024-10-26 09:39:25,036] {logging_mixin.py:115} INFO - [2024-10-26 09:39:25,036] {dag.py:2379} INFO - Sync 1 DAGs
[2024-10-26 09:39:25,044] {logging_mixin.py:115} INFO - [2024-10-26 09:39:25,044] {dag.py:2927} INFO - Setting next_dagrun for example_xcom to 2021-01-01T00:00:00+00:00, run_after=2021-01-01T00:00:00+00:00
[2024-10-26 09:39:25,057] {processor.py:161} INFO - Processing /root/Documentos/airflow/venv/lib/python3.9/site-packages/airflow/example_dags/example_xcom.py took 0.042 seconds
[2024-10-26 09:39:55,840] {processor.py:153} INFO - Started process (PID=1566) to work on /root/Documentos/airflow/venv/lib/python3.9/site-packages/airflow/example_dags/example_xcom.py
[2024-10-26 09:39:55,845] {processor.py:641} INFO - Processing file /root/Documentos/airflow/venv/lib/python3.9/site-packages/airflow/example_dags/example_xcom.py for tasks to queue
[2024-10-26 09:39:55,846] {logging_mixin.py:115} INFO - [2024-10-26 09:39:55,845] {dagbag.py:507} INFO - Filling up the DagBag from /root/Documentos/airflow/venv/lib/python3.9/site-packages/airflow/example_dags/example_xcom.py
[2024-10-26 09:39:55,856] {processor.py:651} INFO - DAG(s) dict_keys(['example_xcom']) retrieved from /root/Documentos/airflow/venv/lib/python3.9/site-packages/airflow/example_dags/example_xcom.py
[2024-10-26 09:39:55,880] {logging_mixin.py:115} INFO - [2024-10-26 09:39:55,879] {dag.py:2379} INFO - Sync 1 DAGs
[2024-10-26 09:39:55,889] {logging_mixin.py:115} INFO - [2024-10-26 09:39:55,889] {dag.py:2927} INFO - Setting next_dagrun for example_xcom to 2021-01-01T00:00:00+00:00, run_after=2021-01-01T00:00:00+00:00
[2024-10-26 09:39:55,901] {processor.py:161} INFO - Processing /root/Documentos/airflow/venv/lib/python3.9/site-packages/airflow/example_dags/example_xcom.py took 0.063 seconds
[2024-10-26 09:40:29,655] {processor.py:153} INFO - Started process (PID=1728) to work on /root/Documentos/airflow/venv/lib/python3.9/site-packages/airflow/example_dags/example_xcom.py
[2024-10-26 09:40:29,656] {processor.py:641} INFO - Processing file /root/Documentos/airflow/venv/lib/python3.9/site-packages/airflow/example_dags/example_xcom.py for tasks to queue
[2024-10-26 09:40:29,656] {logging_mixin.py:115} INFO - [2024-10-26 09:40:29,656] {dagbag.py:507} INFO - Filling up the DagBag from /root/Documentos/airflow/venv/lib/python3.9/site-packages/airflow/example_dags/example_xcom.py
[2024-10-26 09:40:29,665] {processor.py:651} INFO - DAG(s) dict_keys(['example_xcom']) retrieved from /root/Documentos/airflow/venv/lib/python3.9/site-packages/airflow/example_dags/example_xcom.py
[2024-10-26 09:40:29,675] {logging_mixin.py:115} INFO - [2024-10-26 09:40:29,675] {dag.py:2379} INFO - Sync 1 DAGs
[2024-10-26 09:40:29,684] {logging_mixin.py:115} INFO - [2024-10-26 09:40:29,683] {dag.py:2927} INFO - Setting next_dagrun for example_xcom to 2021-01-01T00:00:00+00:00, run_after=2021-01-01T00:00:00+00:00
[2024-10-26 09:40:29,697] {processor.py:161} INFO - Processing /root/Documentos/airflow/venv/lib/python3.9/site-packages/airflow/example_dags/example_xcom.py took 0.044 seconds
[2024-10-26 09:41:00,132] {processor.py:153} INFO - Started process (PID=1874) to work on /root/Documentos/airflow/venv/lib/python3.9/site-packages/airflow/example_dags/example_xcom.py
[2024-10-26 09:41:00,137] {processor.py:641} INFO - Processing file /root/Documentos/airflow/venv/lib/python3.9/site-packages/airflow/example_dags/example_xcom.py for tasks to queue
[2024-10-26 09:41:00,137] {logging_mixin.py:115} INFO - [2024-10-26 09:41:00,137] {dagbag.py:507} INFO - Filling up the DagBag from /root/Documentos/airflow/venv/lib/python3.9/site-packages/airflow/example_dags/example_xcom.py
[2024-10-26 09:41:00,146] {processor.py:651} INFO - DAG(s) dict_keys(['example_xcom']) retrieved from /root/Documentos/airflow/venv/lib/python3.9/site-packages/airflow/example_dags/example_xcom.py
[2024-10-26 09:41:00,169] {logging_mixin.py:115} INFO - [2024-10-26 09:41:00,169] {dag.py:2379} INFO - Sync 1 DAGs
[2024-10-26 09:41:00,177] {logging_mixin.py:115} INFO - [2024-10-26 09:41:00,177] {dag.py:2927} INFO - Setting next_dagrun for example_xcom to 2021-01-01T00:00:00+00:00, run_after=2021-01-01T00:00:00+00:00
[2024-10-26 09:41:00,190] {processor.py:161} INFO - Processing /root/Documentos/airflow/venv/lib/python3.9/site-packages/airflow/example_dags/example_xcom.py took 0.059 seconds
[2024-10-26 09:41:31,707] {processor.py:153} INFO - Started process (PID=2029) to work on /root/Documentos/airflow/venv/lib/python3.9/site-packages/airflow/example_dags/example_xcom.py
[2024-10-26 09:41:31,714] {processor.py:641} INFO - Processing file /root/Documentos/airflow/venv/lib/python3.9/site-packages/airflow/example_dags/example_xcom.py for tasks to queue
[2024-10-26 09:41:31,715] {logging_mixin.py:115} INFO - [2024-10-26 09:41:31,714] {dagbag.py:507} INFO - Filling up the DagBag from /root/Documentos/airflow/venv/lib/python3.9/site-packages/airflow/example_dags/example_xcom.py
[2024-10-26 09:41:31,724] {processor.py:651} INFO - DAG(s) dict_keys(['example_xcom']) retrieved from /root/Documentos/airflow/venv/lib/python3.9/site-packages/airflow/example_dags/example_xcom.py
[2024-10-26 09:41:31,748] {logging_mixin.py:115} INFO - [2024-10-26 09:41:31,748] {dag.py:2379} INFO - Sync 1 DAGs
[2024-10-26 09:41:31,756] {logging_mixin.py:115} INFO - [2024-10-26 09:41:31,756] {dag.py:2927} INFO - Setting next_dagrun for example_xcom to 2021-01-01T00:00:00+00:00, run_after=2021-01-01T00:00:00+00:00
[2024-10-26 09:41:31,769] {processor.py:161} INFO - Processing /root/Documentos/airflow/venv/lib/python3.9/site-packages/airflow/example_dags/example_xcom.py took 0.063 seconds
[2024-10-26 09:42:05,055] {processor.py:153} INFO - Started process (PID=2189) to work on /root/Documentos/airflow/venv/lib/python3.9/site-packages/airflow/example_dags/example_xcom.py
[2024-10-26 09:42:05,056] {processor.py:641} INFO - Processing file /root/Documentos/airflow/venv/lib/python3.9/site-packages/airflow/example_dags/example_xcom.py for tasks to queue
[2024-10-26 09:42:05,056] {logging_mixin.py:115} INFO - [2024-10-26 09:42:05,056] {dagbag.py:507} INFO - Filling up the DagBag from /root/Documentos/airflow/venv/lib/python3.9/site-packages/airflow/example_dags/example_xcom.py
[2024-10-26 09:42:05,066] {processor.py:651} INFO - DAG(s) dict_keys(['example_xcom']) retrieved from /root/Documentos/airflow/venv/lib/python3.9/site-packages/airflow/example_dags/example_xcom.py
[2024-10-26 09:42:05,090] {logging_mixin.py:115} INFO - [2024-10-26 09:42:05,090] {dag.py:2379} INFO - Sync 1 DAGs
[2024-10-26 09:42:05,098] {logging_mixin.py:115} INFO - [2024-10-26 09:42:05,098] {dag.py:2927} INFO - Setting next_dagrun for example_xcom to 2021-01-01T00:00:00+00:00, run_after=2021-01-01T00:00:00+00:00
[2024-10-26 09:42:05,112] {processor.py:161} INFO - Processing /root/Documentos/airflow/venv/lib/python3.9/site-packages/airflow/example_dags/example_xcom.py took 0.058 seconds
[2024-10-26 09:42:36,103] {processor.py:153} INFO - Started process (PID=2339) to work on /root/Documentos/airflow/venv/lib/python3.9/site-packages/airflow/example_dags/example_xcom.py
[2024-10-26 09:42:36,104] {processor.py:641} INFO - Processing file /root/Documentos/airflow/venv/lib/python3.9/site-packages/airflow/example_dags/example_xcom.py for tasks to queue
[2024-10-26 09:42:36,104] {logging_mixin.py:115} INFO - [2024-10-26 09:42:36,104] {dagbag.py:507} INFO - Filling up the DagBag from /root/Documentos/airflow/venv/lib/python3.9/site-packages/airflow/example_dags/example_xcom.py
[2024-10-26 09:42:36,113] {processor.py:651} INFO - DAG(s) dict_keys(['example_xcom']) retrieved from /root/Documentos/airflow/venv/lib/python3.9/site-packages/airflow/example_dags/example_xcom.py
[2024-10-26 09:42:36,123] {logging_mixin.py:115} INFO - [2024-10-26 09:42:36,123] {dag.py:2379} INFO - Sync 1 DAGs
[2024-10-26 09:42:36,132] {logging_mixin.py:115} INFO - [2024-10-26 09:42:36,132] {dag.py:2927} INFO - Setting next_dagrun for example_xcom to 2021-01-01T00:00:00+00:00, run_after=2021-01-01T00:00:00+00:00
[2024-10-26 09:42:36,143] {processor.py:161} INFO - Processing /root/Documentos/airflow/venv/lib/python3.9/site-packages/airflow/example_dags/example_xcom.py took 0.041 seconds
[2024-10-26 09:43:07,265] {processor.py:153} INFO - Started process (PID=2490) to work on /root/Documentos/airflow/venv/lib/python3.9/site-packages/airflow/example_dags/example_xcom.py
[2024-10-26 09:43:07,270] {processor.py:641} INFO - Processing file /root/Documentos/airflow/venv/lib/python3.9/site-packages/airflow/example_dags/example_xcom.py for tasks to queue
[2024-10-26 09:43:07,271] {logging_mixin.py:115} INFO - [2024-10-26 09:43:07,271] {dagbag.py:507} INFO - Filling up the DagBag from /root/Documentos/airflow/venv/lib/python3.9/site-packages/airflow/example_dags/example_xcom.py
[2024-10-26 09:43:07,280] {processor.py:651} INFO - DAG(s) dict_keys(['example_xcom']) retrieved from /root/Documentos/airflow/venv/lib/python3.9/site-packages/airflow/example_dags/example_xcom.py
[2024-10-26 09:43:07,303] {logging_mixin.py:115} INFO - [2024-10-26 09:43:07,303] {dag.py:2379} INFO - Sync 1 DAGs
[2024-10-26 09:43:07,311] {logging_mixin.py:115} INFO - [2024-10-26 09:43:07,311] {dag.py:2927} INFO - Setting next_dagrun for example_xcom to 2021-01-01T00:00:00+00:00, run_after=2021-01-01T00:00:00+00:00
[2024-10-26 09:43:07,323] {processor.py:161} INFO - Processing /root/Documentos/airflow/venv/lib/python3.9/site-packages/airflow/example_dags/example_xcom.py took 0.060 seconds
[2024-10-26 09:43:40,833] {processor.py:153} INFO - Started process (PID=2653) to work on /root/Documentos/airflow/venv/lib/python3.9/site-packages/airflow/example_dags/example_xcom.py
[2024-10-26 09:43:40,834] {processor.py:641} INFO - Processing file /root/Documentos/airflow/venv/lib/python3.9/site-packages/airflow/example_dags/example_xcom.py for tasks to queue
[2024-10-26 09:43:40,834] {logging_mixin.py:115} INFO - [2024-10-26 09:43:40,834] {dagbag.py:507} INFO - Filling up the DagBag from /root/Documentos/airflow/venv/lib/python3.9/site-packages/airflow/example_dags/example_xcom.py
[2024-10-26 09:43:40,843] {processor.py:651} INFO - DAG(s) dict_keys(['example_xcom']) retrieved from /root/Documentos/airflow/venv/lib/python3.9/site-packages/airflow/example_dags/example_xcom.py
[2024-10-26 09:43:40,853] {logging_mixin.py:115} INFO - [2024-10-26 09:43:40,852] {dag.py:2379} INFO - Sync 1 DAGs
[2024-10-26 09:43:40,861] {logging_mixin.py:115} INFO - [2024-10-26 09:43:40,861] {dag.py:2927} INFO - Setting next_dagrun for example_xcom to 2021-01-01T00:00:00+00:00, run_after=2021-01-01T00:00:00+00:00
[2024-10-26 09:43:40,875] {processor.py:161} INFO - Processing /root/Documentos/airflow/venv/lib/python3.9/site-packages/airflow/example_dags/example_xcom.py took 0.043 seconds
[2024-10-26 09:44:12,920] {processor.py:153} INFO - Started process (PID=2807) to work on /root/Documentos/airflow/venv/lib/python3.9/site-packages/airflow/example_dags/example_xcom.py
[2024-10-26 09:44:12,921] {processor.py:641} INFO - Processing file /root/Documentos/airflow/venv/lib/python3.9/site-packages/airflow/example_dags/example_xcom.py for tasks to queue
[2024-10-26 09:44:12,921] {logging_mixin.py:115} INFO - [2024-10-26 09:44:12,921] {dagbag.py:507} INFO - Filling up the DagBag from /root/Documentos/airflow/venv/lib/python3.9/site-packages/airflow/example_dags/example_xcom.py
[2024-10-26 09:44:12,930] {processor.py:651} INFO - DAG(s) dict_keys(['example_xcom']) retrieved from /root/Documentos/airflow/venv/lib/python3.9/site-packages/airflow/example_dags/example_xcom.py
[2024-10-26 09:44:12,956] {logging_mixin.py:115} INFO - [2024-10-26 09:44:12,956] {dag.py:2379} INFO - Sync 1 DAGs
[2024-10-26 09:44:12,965] {logging_mixin.py:115} INFO - [2024-10-26 09:44:12,965] {dag.py:2927} INFO - Setting next_dagrun for example_xcom to 2021-01-01T00:00:00+00:00, run_after=2021-01-01T00:00:00+00:00
[2024-10-26 09:44:12,977] {processor.py:161} INFO - Processing /root/Documentos/airflow/venv/lib/python3.9/site-packages/airflow/example_dags/example_xcom.py took 0.059 seconds
[2024-10-26 09:44:45,909] {processor.py:153} INFO - Started process (PID=2968) to work on /root/Documentos/airflow/venv/lib/python3.9/site-packages/airflow/example_dags/example_xcom.py
[2024-10-26 09:44:45,910] {processor.py:641} INFO - Processing file /root/Documentos/airflow/venv/lib/python3.9/site-packages/airflow/example_dags/example_xcom.py for tasks to queue
[2024-10-26 09:44:45,910] {logging_mixin.py:115} INFO - [2024-10-26 09:44:45,910] {dagbag.py:507} INFO - Filling up the DagBag from /root/Documentos/airflow/venv/lib/python3.9/site-packages/airflow/example_dags/example_xcom.py
[2024-10-26 09:44:45,920] {processor.py:651} INFO - DAG(s) dict_keys(['example_xcom']) retrieved from /root/Documentos/airflow/venv/lib/python3.9/site-packages/airflow/example_dags/example_xcom.py
[2024-10-26 09:44:45,931] {logging_mixin.py:115} INFO - [2024-10-26 09:44:45,931] {dag.py:2379} INFO - Sync 1 DAGs
[2024-10-26 09:44:45,940] {logging_mixin.py:115} INFO - [2024-10-26 09:44:45,940] {dag.py:2927} INFO - Setting next_dagrun for example_xcom to 2021-01-01T00:00:00+00:00, run_after=2021-01-01T00:00:00+00:00
[2024-10-26 09:44:45,951] {processor.py:161} INFO - Processing /root/Documentos/airflow/venv/lib/python3.9/site-packages/airflow/example_dags/example_xcom.py took 0.044 seconds
[2024-10-26 09:45:18,582] {processor.py:153} INFO - Started process (PID=3127) to work on /root/Documentos/airflow/venv/lib/python3.9/site-packages/airflow/example_dags/example_xcom.py
[2024-10-26 09:45:18,587] {processor.py:641} INFO - Processing file /root/Documentos/airflow/venv/lib/python3.9/site-packages/airflow/example_dags/example_xcom.py for tasks to queue
[2024-10-26 09:45:18,587] {logging_mixin.py:115} INFO - [2024-10-26 09:45:18,587] {dagbag.py:507} INFO - Filling up the DagBag from /root/Documentos/airflow/venv/lib/python3.9/site-packages/airflow/example_dags/example_xcom.py
[2024-10-26 09:45:18,596] {processor.py:651} INFO - DAG(s) dict_keys(['example_xcom']) retrieved from /root/Documentos/airflow/venv/lib/python3.9/site-packages/airflow/example_dags/example_xcom.py
[2024-10-26 09:45:18,606] {logging_mixin.py:115} INFO - [2024-10-26 09:45:18,606] {dag.py:2379} INFO - Sync 1 DAGs
[2024-10-26 09:45:18,614] {logging_mixin.py:115} INFO - [2024-10-26 09:45:18,614] {dag.py:2927} INFO - Setting next_dagrun for example_xcom to 2021-01-01T00:00:00+00:00, run_after=2021-01-01T00:00:00+00:00
[2024-10-26 09:45:18,626] {processor.py:161} INFO - Processing /root/Documentos/airflow/venv/lib/python3.9/site-packages/airflow/example_dags/example_xcom.py took 0.045 seconds
[2024-10-26 09:45:51,820] {processor.py:153} INFO - Started process (PID=3286) to work on /root/Documentos/airflow/venv/lib/python3.9/site-packages/airflow/example_dags/example_xcom.py
[2024-10-26 09:45:51,825] {processor.py:641} INFO - Processing file /root/Documentos/airflow/venv/lib/python3.9/site-packages/airflow/example_dags/example_xcom.py for tasks to queue
[2024-10-26 09:45:51,826] {logging_mixin.py:115} INFO - [2024-10-26 09:45:51,826] {dagbag.py:507} INFO - Filling up the DagBag from /root/Documentos/airflow/venv/lib/python3.9/site-packages/airflow/example_dags/example_xcom.py
[2024-10-26 09:45:51,835] {processor.py:651} INFO - DAG(s) dict_keys(['example_xcom']) retrieved from /root/Documentos/airflow/venv/lib/python3.9/site-packages/airflow/example_dags/example_xcom.py
[2024-10-26 09:45:51,858] {logging_mixin.py:115} INFO - [2024-10-26 09:45:51,858] {dag.py:2379} INFO - Sync 1 DAGs
[2024-10-26 09:45:51,866] {logging_mixin.py:115} INFO - [2024-10-26 09:45:51,866] {dag.py:2927} INFO - Setting next_dagrun for example_xcom to 2021-01-01T00:00:00+00:00, run_after=2021-01-01T00:00:00+00:00
[2024-10-26 09:45:51,878] {processor.py:161} INFO - Processing /root/Documentos/airflow/venv/lib/python3.9/site-packages/airflow/example_dags/example_xcom.py took 0.059 seconds
[2024-10-26 09:46:22,946] {processor.py:153} INFO - Started process (PID=3438) to work on /root/Documentos/airflow/venv/lib/python3.9/site-packages/airflow/example_dags/example_xcom.py
[2024-10-26 09:46:22,947] {processor.py:641} INFO - Processing file /root/Documentos/airflow/venv/lib/python3.9/site-packages/airflow/example_dags/example_xcom.py for tasks to queue
[2024-10-26 09:46:22,947] {logging_mixin.py:115} INFO - [2024-10-26 09:46:22,947] {dagbag.py:507} INFO - Filling up the DagBag from /root/Documentos/airflow/venv/lib/python3.9/site-packages/airflow/example_dags/example_xcom.py
[2024-10-26 09:46:22,958] {processor.py:651} INFO - DAG(s) dict_keys(['example_xcom']) retrieved from /root/Documentos/airflow/venv/lib/python3.9/site-packages/airflow/example_dags/example_xcom.py
[2024-10-26 09:46:22,981] {logging_mixin.py:115} INFO - [2024-10-26 09:46:22,981] {dag.py:2379} INFO - Sync 1 DAGs
[2024-10-26 09:46:22,989] {logging_mixin.py:115} INFO - [2024-10-26 09:46:22,989] {dag.py:2927} INFO - Setting next_dagrun for example_xcom to 2021-01-01T00:00:00+00:00, run_after=2021-01-01T00:00:00+00:00
[2024-10-26 09:46:23,002] {processor.py:161} INFO - Processing /root/Documentos/airflow/venv/lib/python3.9/site-packages/airflow/example_dags/example_xcom.py took 0.057 seconds
[2024-10-26 09:46:54,052] {processor.py:153} INFO - Started process (PID=3664) to work on /root/Documentos/airflow/venv/lib/python3.9/site-packages/airflow/example_dags/example_xcom.py
[2024-10-26 09:46:54,057] {processor.py:641} INFO - Processing file /root/Documentos/airflow/venv/lib/python3.9/site-packages/airflow/example_dags/example_xcom.py for tasks to queue
[2024-10-26 09:46:54,058] {logging_mixin.py:115} INFO - [2024-10-26 09:46:54,058] {dagbag.py:507} INFO - Filling up the DagBag from /root/Documentos/airflow/venv/lib/python3.9/site-packages/airflow/example_dags/example_xcom.py
[2024-10-26 09:46:54,067] {processor.py:651} INFO - DAG(s) dict_keys(['example_xcom']) retrieved from /root/Documentos/airflow/venv/lib/python3.9/site-packages/airflow/example_dags/example_xcom.py
[2024-10-26 09:46:54,076] {logging_mixin.py:115} INFO - [2024-10-26 09:46:54,076] {dag.py:2379} INFO - Sync 1 DAGs
[2024-10-26 09:46:54,085] {logging_mixin.py:115} INFO - [2024-10-26 09:46:54,085] {dag.py:2927} INFO - Setting next_dagrun for example_xcom to 2021-01-01T00:00:00+00:00, run_after=2021-01-01T00:00:00+00:00
[2024-10-26 09:46:54,098] {processor.py:161} INFO - Processing /root/Documentos/airflow/venv/lib/python3.9/site-packages/airflow/example_dags/example_xcom.py took 0.047 seconds
[2024-10-26 09:47:27,435] {processor.py:153} INFO - Started process (PID=3826) to work on /root/Documentos/airflow/venv/lib/python3.9/site-packages/airflow/example_dags/example_xcom.py
[2024-10-26 09:47:27,440] {processor.py:641} INFO - Processing file /root/Documentos/airflow/venv/lib/python3.9/site-packages/airflow/example_dags/example_xcom.py for tasks to queue
[2024-10-26 09:47:27,440] {logging_mixin.py:115} INFO - [2024-10-26 09:47:27,440] {dagbag.py:507} INFO - Filling up the DagBag from /root/Documentos/airflow/venv/lib/python3.9/site-packages/airflow/example_dags/example_xcom.py
[2024-10-26 09:47:27,450] {processor.py:651} INFO - DAG(s) dict_keys(['example_xcom']) retrieved from /root/Documentos/airflow/venv/lib/python3.9/site-packages/airflow/example_dags/example_xcom.py
[2024-10-26 09:47:27,459] {logging_mixin.py:115} INFO - [2024-10-26 09:47:27,459] {dag.py:2379} INFO - Sync 1 DAGs
[2024-10-26 09:47:27,469] {logging_mixin.py:115} INFO - [2024-10-26 09:47:27,469] {dag.py:2927} INFO - Setting next_dagrun for example_xcom to 2021-01-01T00:00:00+00:00, run_after=2021-01-01T00:00:00+00:00
[2024-10-26 09:47:27,483] {processor.py:161} INFO - Processing /root/Documentos/airflow/venv/lib/python3.9/site-packages/airflow/example_dags/example_xcom.py took 0.048 seconds
[2024-10-26 09:47:59,142] {processor.py:153} INFO - Started process (PID=3981) to work on /root/Documentos/airflow/venv/lib/python3.9/site-packages/airflow/example_dags/example_xcom.py
[2024-10-26 09:47:59,142] {processor.py:641} INFO - Processing file /root/Documentos/airflow/venv/lib/python3.9/site-packages/airflow/example_dags/example_xcom.py for tasks to queue
[2024-10-26 09:47:59,142] {logging_mixin.py:115} INFO - [2024-10-26 09:47:59,142] {dagbag.py:507} INFO - Filling up the DagBag from /root/Documentos/airflow/venv/lib/python3.9/site-packages/airflow/example_dags/example_xcom.py
[2024-10-26 09:47:59,152] {processor.py:651} INFO - DAG(s) dict_keys(['example_xcom']) retrieved from /root/Documentos/airflow/venv/lib/python3.9/site-packages/airflow/example_dags/example_xcom.py
[2024-10-26 09:47:59,176] {logging_mixin.py:115} INFO - [2024-10-26 09:47:59,176] {dag.py:2379} INFO - Sync 1 DAGs
[2024-10-26 09:47:59,184] {logging_mixin.py:115} INFO - [2024-10-26 09:47:59,184] {dag.py:2927} INFO - Setting next_dagrun for example_xcom to 2021-01-01T00:00:00+00:00, run_after=2021-01-01T00:00:00+00:00
[2024-10-26 09:47:59,197] {processor.py:161} INFO - Processing /root/Documentos/airflow/venv/lib/python3.9/site-packages/airflow/example_dags/example_xcom.py took 0.057 seconds
[2024-10-26 09:48:31,861] {processor.py:153} INFO - Started process (PID=4147) to work on /root/Documentos/airflow/venv/lib/python3.9/site-packages/airflow/example_dags/example_xcom.py
[2024-10-26 09:48:31,864] {processor.py:641} INFO - Processing file /root/Documentos/airflow/venv/lib/python3.9/site-packages/airflow/example_dags/example_xcom.py for tasks to queue
[2024-10-26 09:48:31,864] {logging_mixin.py:115} INFO - [2024-10-26 09:48:31,864] {dagbag.py:507} INFO - Filling up the DagBag from /root/Documentos/airflow/venv/lib/python3.9/site-packages/airflow/example_dags/example_xcom.py
[2024-10-26 09:48:31,874] {processor.py:651} INFO - DAG(s) dict_keys(['example_xcom']) retrieved from /root/Documentos/airflow/venv/lib/python3.9/site-packages/airflow/example_dags/example_xcom.py
[2024-10-26 09:48:31,883] {logging_mixin.py:115} INFO - [2024-10-26 09:48:31,883] {dag.py:2379} INFO - Sync 1 DAGs
[2024-10-26 09:48:31,892] {logging_mixin.py:115} INFO - [2024-10-26 09:48:31,892] {dag.py:2927} INFO - Setting next_dagrun for example_xcom to 2021-01-01T00:00:00+00:00, run_after=2021-01-01T00:00:00+00:00
[2024-10-26 09:48:31,908] {processor.py:161} INFO - Processing /root/Documentos/airflow/venv/lib/python3.9/site-packages/airflow/example_dags/example_xcom.py took 0.048 seconds
[2024-10-26 09:49:03,270] {processor.py:153} INFO - Started process (PID=4299) to work on /root/Documentos/airflow/venv/lib/python3.9/site-packages/airflow/example_dags/example_xcom.py
[2024-10-26 09:49:03,271] {processor.py:641} INFO - Processing file /root/Documentos/airflow/venv/lib/python3.9/site-packages/airflow/example_dags/example_xcom.py for tasks to queue
[2024-10-26 09:49:03,271] {logging_mixin.py:115} INFO - [2024-10-26 09:49:03,271] {dagbag.py:507} INFO - Filling up the DagBag from /root/Documentos/airflow/venv/lib/python3.9/site-packages/airflow/example_dags/example_xcom.py
[2024-10-26 09:49:03,281] {processor.py:651} INFO - DAG(s) dict_keys(['example_xcom']) retrieved from /root/Documentos/airflow/venv/lib/python3.9/site-packages/airflow/example_dags/example_xcom.py
[2024-10-26 09:49:03,290] {logging_mixin.py:115} INFO - [2024-10-26 09:49:03,290] {dag.py:2379} INFO - Sync 1 DAGs
[2024-10-26 09:49:03,303] {logging_mixin.py:115} INFO - [2024-10-26 09:49:03,303] {dag.py:2927} INFO - Setting next_dagrun for example_xcom to 2021-01-01T00:00:00+00:00, run_after=2021-01-01T00:00:00+00:00
[2024-10-26 09:49:03,320] {processor.py:161} INFO - Processing /root/Documentos/airflow/venv/lib/python3.9/site-packages/airflow/example_dags/example_xcom.py took 0.051 seconds
[2024-10-26 09:49:34,976] {processor.py:153} INFO - Started process (PID=4451) to work on /root/Documentos/airflow/venv/lib/python3.9/site-packages/airflow/example_dags/example_xcom.py
[2024-10-26 09:49:34,978] {processor.py:641} INFO - Processing file /root/Documentos/airflow/venv/lib/python3.9/site-packages/airflow/example_dags/example_xcom.py for tasks to queue
[2024-10-26 09:49:34,978] {logging_mixin.py:115} INFO - [2024-10-26 09:49:34,978] {dagbag.py:507} INFO - Filling up the DagBag from /root/Documentos/airflow/venv/lib/python3.9/site-packages/airflow/example_dags/example_xcom.py
[2024-10-26 09:49:34,987] {processor.py:651} INFO - DAG(s) dict_keys(['example_xcom']) retrieved from /root/Documentos/airflow/venv/lib/python3.9/site-packages/airflow/example_dags/example_xcom.py
[2024-10-26 09:49:34,996] {logging_mixin.py:115} INFO - [2024-10-26 09:49:34,996] {dag.py:2379} INFO - Sync 1 DAGs
[2024-10-26 09:49:35,005] {logging_mixin.py:115} INFO - [2024-10-26 09:49:35,005] {dag.py:2927} INFO - Setting next_dagrun for example_xcom to 2021-01-01T00:00:00+00:00, run_after=2021-01-01T00:00:00+00:00
[2024-10-26 09:49:35,021] {processor.py:161} INFO - Processing /root/Documentos/airflow/venv/lib/python3.9/site-packages/airflow/example_dags/example_xcom.py took 0.046 seconds
[2024-10-26 09:50:06,493] {processor.py:153} INFO - Started process (PID=4602) to work on /root/Documentos/airflow/venv/lib/python3.9/site-packages/airflow/example_dags/example_xcom.py
[2024-10-26 09:50:06,493] {processor.py:641} INFO - Processing file /root/Documentos/airflow/venv/lib/python3.9/site-packages/airflow/example_dags/example_xcom.py for tasks to queue
[2024-10-26 09:50:06,493] {logging_mixin.py:115} INFO - [2024-10-26 09:50:06,493] {dagbag.py:507} INFO - Filling up the DagBag from /root/Documentos/airflow/venv/lib/python3.9/site-packages/airflow/example_dags/example_xcom.py
[2024-10-26 09:50:06,502] {processor.py:651} INFO - DAG(s) dict_keys(['example_xcom']) retrieved from /root/Documentos/airflow/venv/lib/python3.9/site-packages/airflow/example_dags/example_xcom.py
[2024-10-26 09:50:06,511] {logging_mixin.py:115} INFO - [2024-10-26 09:50:06,511] {dag.py:2379} INFO - Sync 1 DAGs
[2024-10-26 09:50:06,520] {logging_mixin.py:115} INFO - [2024-10-26 09:50:06,520] {dag.py:2927} INFO - Setting next_dagrun for example_xcom to 2021-01-01T00:00:00+00:00, run_after=2021-01-01T00:00:00+00:00
[2024-10-26 09:50:06,535] {processor.py:161} INFO - Processing /root/Documentos/airflow/venv/lib/python3.9/site-packages/airflow/example_dags/example_xcom.py took 0.043 seconds
[2024-10-26 09:50:38,621] {processor.py:153} INFO - Started process (PID=4759) to work on /root/Documentos/airflow/venv/lib/python3.9/site-packages/airflow/example_dags/example_xcom.py
[2024-10-26 09:50:38,627] {processor.py:641} INFO - Processing file /root/Documentos/airflow/venv/lib/python3.9/site-packages/airflow/example_dags/example_xcom.py for tasks to queue
[2024-10-26 09:50:38,627] {logging_mixin.py:115} INFO - [2024-10-26 09:50:38,627] {dagbag.py:507} INFO - Filling up the DagBag from /root/Documentos/airflow/venv/lib/python3.9/site-packages/airflow/example_dags/example_xcom.py
[2024-10-26 09:50:38,636] {processor.py:651} INFO - DAG(s) dict_keys(['example_xcom']) retrieved from /root/Documentos/airflow/venv/lib/python3.9/site-packages/airflow/example_dags/example_xcom.py
[2024-10-26 09:50:38,645] {logging_mixin.py:115} INFO - [2024-10-26 09:50:38,645] {dag.py:2379} INFO - Sync 1 DAGs
[2024-10-26 09:50:38,654] {logging_mixin.py:115} INFO - [2024-10-26 09:50:38,654] {dag.py:2927} INFO - Setting next_dagrun for example_xcom to 2021-01-01T00:00:00+00:00, run_after=2021-01-01T00:00:00+00:00
[2024-10-26 09:50:38,671] {processor.py:161} INFO - Processing /root/Documentos/airflow/venv/lib/python3.9/site-packages/airflow/example_dags/example_xcom.py took 0.051 seconds
[2024-10-26 09:51:11,845] {processor.py:153} INFO - Started process (PID=4919) to work on /root/Documentos/airflow/venv/lib/python3.9/site-packages/airflow/example_dags/example_xcom.py
[2024-10-26 09:51:11,845] {processor.py:641} INFO - Processing file /root/Documentos/airflow/venv/lib/python3.9/site-packages/airflow/example_dags/example_xcom.py for tasks to queue
[2024-10-26 09:51:11,845] {logging_mixin.py:115} INFO - [2024-10-26 09:51:11,845] {dagbag.py:507} INFO - Filling up the DagBag from /root/Documentos/airflow/venv/lib/python3.9/site-packages/airflow/example_dags/example_xcom.py
[2024-10-26 09:51:11,854] {processor.py:651} INFO - DAG(s) dict_keys(['example_xcom']) retrieved from /root/Documentos/airflow/venv/lib/python3.9/site-packages/airflow/example_dags/example_xcom.py
[2024-10-26 09:51:11,864] {logging_mixin.py:115} INFO - [2024-10-26 09:51:11,864] {dag.py:2379} INFO - Sync 1 DAGs
[2024-10-26 09:51:11,873] {logging_mixin.py:115} INFO - [2024-10-26 09:51:11,872] {dag.py:2927} INFO - Setting next_dagrun for example_xcom to 2021-01-01T00:00:00+00:00, run_after=2021-01-01T00:00:00+00:00
[2024-10-26 09:51:11,889] {processor.py:161} INFO - Processing /root/Documentos/airflow/venv/lib/python3.9/site-packages/airflow/example_dags/example_xcom.py took 0.046 seconds
[2024-10-26 09:51:43,998] {processor.py:153} INFO - Started process (PID=5075) to work on /root/Documentos/airflow/venv/lib/python3.9/site-packages/airflow/example_dags/example_xcom.py
[2024-10-26 09:51:44,001] {processor.py:641} INFO - Processing file /root/Documentos/airflow/venv/lib/python3.9/site-packages/airflow/example_dags/example_xcom.py for tasks to queue
[2024-10-26 09:51:44,001] {logging_mixin.py:115} INFO - [2024-10-26 09:51:44,001] {dagbag.py:507} INFO - Filling up the DagBag from /root/Documentos/airflow/venv/lib/python3.9/site-packages/airflow/example_dags/example_xcom.py
[2024-10-26 09:51:44,011] {processor.py:651} INFO - DAG(s) dict_keys(['example_xcom']) retrieved from /root/Documentos/airflow/venv/lib/python3.9/site-packages/airflow/example_dags/example_xcom.py
[2024-10-26 09:51:44,020] {logging_mixin.py:115} INFO - [2024-10-26 09:51:44,020] {dag.py:2379} INFO - Sync 1 DAGs
[2024-10-26 09:51:44,029] {logging_mixin.py:115} INFO - [2024-10-26 09:51:44,029] {dag.py:2927} INFO - Setting next_dagrun for example_xcom to 2021-01-01T00:00:00+00:00, run_after=2021-01-01T00:00:00+00:00
[2024-10-26 09:51:44,044] {processor.py:161} INFO - Processing /root/Documentos/airflow/venv/lib/python3.9/site-packages/airflow/example_dags/example_xcom.py took 0.048 seconds
[2024-10-26 09:52:15,436] {processor.py:153} INFO - Started process (PID=5228) to work on /root/Documentos/airflow/venv/lib/python3.9/site-packages/airflow/example_dags/example_xcom.py
[2024-10-26 09:52:15,439] {processor.py:641} INFO - Processing file /root/Documentos/airflow/venv/lib/python3.9/site-packages/airflow/example_dags/example_xcom.py for tasks to queue
[2024-10-26 09:52:15,440] {logging_mixin.py:115} INFO - [2024-10-26 09:52:15,440] {dagbag.py:507} INFO - Filling up the DagBag from /root/Documentos/airflow/venv/lib/python3.9/site-packages/airflow/example_dags/example_xcom.py
[2024-10-26 09:52:15,448] {processor.py:651} INFO - DAG(s) dict_keys(['example_xcom']) retrieved from /root/Documentos/airflow/venv/lib/python3.9/site-packages/airflow/example_dags/example_xcom.py
[2024-10-26 09:52:15,458] {logging_mixin.py:115} INFO - [2024-10-26 09:52:15,458] {dag.py:2379} INFO - Sync 1 DAGs
[2024-10-26 09:52:15,466] {logging_mixin.py:115} INFO - [2024-10-26 09:52:15,466] {dag.py:2927} INFO - Setting next_dagrun for example_xcom to 2021-01-01T00:00:00+00:00, run_after=2021-01-01T00:00:00+00:00
[2024-10-26 09:52:15,482] {processor.py:161} INFO - Processing /root/Documentos/airflow/venv/lib/python3.9/site-packages/airflow/example_dags/example_xcom.py took 0.048 seconds
[2024-10-26 09:52:48,318] {processor.py:153} INFO - Started process (PID=5388) to work on /root/Documentos/airflow/venv/lib/python3.9/site-packages/airflow/example_dags/example_xcom.py
[2024-10-26 09:52:48,319] {processor.py:641} INFO - Processing file /root/Documentos/airflow/venv/lib/python3.9/site-packages/airflow/example_dags/example_xcom.py for tasks to queue
[2024-10-26 09:52:48,320] {logging_mixin.py:115} INFO - [2024-10-26 09:52:48,320] {dagbag.py:507} INFO - Filling up the DagBag from /root/Documentos/airflow/venv/lib/python3.9/site-packages/airflow/example_dags/example_xcom.py
[2024-10-26 09:52:48,330] {processor.py:651} INFO - DAG(s) dict_keys(['example_xcom']) retrieved from /root/Documentos/airflow/venv/lib/python3.9/site-packages/airflow/example_dags/example_xcom.py
[2024-10-26 09:52:48,352] {logging_mixin.py:115} INFO - [2024-10-26 09:52:48,352] {dag.py:2379} INFO - Sync 1 DAGs
[2024-10-26 09:52:48,360] {logging_mixin.py:115} INFO - [2024-10-26 09:52:48,360] {dag.py:2927} INFO - Setting next_dagrun for example_xcom to 2021-01-01T00:00:00+00:00, run_after=2021-01-01T00:00:00+00:00
[2024-10-26 09:52:48,375] {processor.py:161} INFO - Processing /root/Documentos/airflow/venv/lib/python3.9/site-packages/airflow/example_dags/example_xcom.py took 0.059 seconds
[2024-10-26 09:53:22,136] {processor.py:153} INFO - Started process (PID=5550) to work on /root/Documentos/airflow/venv/lib/python3.9/site-packages/airflow/example_dags/example_xcom.py
[2024-10-26 09:53:22,136] {processor.py:641} INFO - Processing file /root/Documentos/airflow/venv/lib/python3.9/site-packages/airflow/example_dags/example_xcom.py for tasks to queue
[2024-10-26 09:53:22,136] {logging_mixin.py:115} INFO - [2024-10-26 09:53:22,136] {dagbag.py:507} INFO - Filling up the DagBag from /root/Documentos/airflow/venv/lib/python3.9/site-packages/airflow/example_dags/example_xcom.py
[2024-10-26 09:53:22,147] {processor.py:651} INFO - DAG(s) dict_keys(['example_xcom']) retrieved from /root/Documentos/airflow/venv/lib/python3.9/site-packages/airflow/example_dags/example_xcom.py
[2024-10-26 09:53:22,154] {logging_mixin.py:115} INFO - [2024-10-26 09:53:22,154] {dag.py:2379} INFO - Sync 1 DAGs
[2024-10-26 09:53:22,163] {logging_mixin.py:115} INFO - [2024-10-26 09:53:22,163] {dag.py:2927} INFO - Setting next_dagrun for example_xcom to 2021-01-01T00:00:00+00:00, run_after=2021-01-01T00:00:00+00:00
[2024-10-26 09:53:22,180] {processor.py:161} INFO - Processing /root/Documentos/airflow/venv/lib/python3.9/site-packages/airflow/example_dags/example_xcom.py took 0.045 seconds
[2024-10-26 09:53:54,831] {processor.py:153} INFO - Started process (PID=5709) to work on /root/Documentos/airflow/venv/lib/python3.9/site-packages/airflow/example_dags/example_xcom.py
[2024-10-26 09:53:54,836] {processor.py:641} INFO - Processing file /root/Documentos/airflow/venv/lib/python3.9/site-packages/airflow/example_dags/example_xcom.py for tasks to queue
[2024-10-26 09:53:54,836] {logging_mixin.py:115} INFO - [2024-10-26 09:53:54,836] {dagbag.py:507} INFO - Filling up the DagBag from /root/Documentos/airflow/venv/lib/python3.9/site-packages/airflow/example_dags/example_xcom.py
[2024-10-26 09:53:54,847] {processor.py:651} INFO - DAG(s) dict_keys(['example_xcom']) retrieved from /root/Documentos/airflow/venv/lib/python3.9/site-packages/airflow/example_dags/example_xcom.py
[2024-10-26 09:53:54,854] {logging_mixin.py:115} INFO - [2024-10-26 09:53:54,854] {dag.py:2379} INFO - Sync 1 DAGs
[2024-10-26 09:53:54,862] {logging_mixin.py:115} INFO - [2024-10-26 09:53:54,862] {dag.py:2927} INFO - Setting next_dagrun for example_xcom to 2021-01-01T00:00:00+00:00, run_after=2021-01-01T00:00:00+00:00
[2024-10-26 09:53:54,879] {processor.py:161} INFO - Processing /root/Documentos/airflow/venv/lib/python3.9/site-packages/airflow/example_dags/example_xcom.py took 0.050 seconds
[2024-10-26 09:54:29,304] {processor.py:153} INFO - Started process (PID=5874) to work on /root/Documentos/airflow/venv/lib/python3.9/site-packages/airflow/example_dags/example_xcom.py
[2024-10-26 09:54:29,305] {processor.py:641} INFO - Processing file /root/Documentos/airflow/venv/lib/python3.9/site-packages/airflow/example_dags/example_xcom.py for tasks to queue
[2024-10-26 09:54:29,305] {logging_mixin.py:115} INFO - [2024-10-26 09:54:29,305] {dagbag.py:507} INFO - Filling up the DagBag from /root/Documentos/airflow/venv/lib/python3.9/site-packages/airflow/example_dags/example_xcom.py
[2024-10-26 09:54:29,315] {processor.py:651} INFO - DAG(s) dict_keys(['example_xcom']) retrieved from /root/Documentos/airflow/venv/lib/python3.9/site-packages/airflow/example_dags/example_xcom.py
[2024-10-26 09:54:29,323] {logging_mixin.py:115} INFO - [2024-10-26 09:54:29,323] {dag.py:2379} INFO - Sync 1 DAGs
[2024-10-26 09:54:29,331] {logging_mixin.py:115} INFO - [2024-10-26 09:54:29,331] {dag.py:2927} INFO - Setting next_dagrun for example_xcom to 2021-01-01T00:00:00+00:00, run_after=2021-01-01T00:00:00+00:00
[2024-10-26 09:54:29,346] {processor.py:161} INFO - Processing /root/Documentos/airflow/venv/lib/python3.9/site-packages/airflow/example_dags/example_xcom.py took 0.043 seconds
[2024-10-26 09:54:59,736] {processor.py:153} INFO - Started process (PID=6020) to work on /root/Documentos/airflow/venv/lib/python3.9/site-packages/airflow/example_dags/example_xcom.py
[2024-10-26 09:54:59,740] {processor.py:641} INFO - Processing file /root/Documentos/airflow/venv/lib/python3.9/site-packages/airflow/example_dags/example_xcom.py for tasks to queue
[2024-10-26 09:54:59,740] {logging_mixin.py:115} INFO - [2024-10-26 09:54:59,740] {dagbag.py:507} INFO - Filling up the DagBag from /root/Documentos/airflow/venv/lib/python3.9/site-packages/airflow/example_dags/example_xcom.py
[2024-10-26 09:54:59,751] {processor.py:651} INFO - DAG(s) dict_keys(['example_xcom']) retrieved from /root/Documentos/airflow/venv/lib/python3.9/site-packages/airflow/example_dags/example_xcom.py
[2024-10-26 09:54:59,758] {logging_mixin.py:115} INFO - [2024-10-26 09:54:59,758] {dag.py:2379} INFO - Sync 1 DAGs
[2024-10-26 09:54:59,767] {logging_mixin.py:115} INFO - [2024-10-26 09:54:59,767] {dag.py:2927} INFO - Setting next_dagrun for example_xcom to 2021-01-01T00:00:00+00:00, run_after=2021-01-01T00:00:00+00:00
[2024-10-26 09:54:59,782] {processor.py:161} INFO - Processing /root/Documentos/airflow/venv/lib/python3.9/site-packages/airflow/example_dags/example_xcom.py took 0.047 seconds
[2024-10-26 09:55:56,079] {processor.py:153} INFO - Started process (PID=6190) to work on /root/Documentos/airflow/venv/lib/python3.9/site-packages/airflow/example_dags/example_xcom.py
[2024-10-26 09:55:56,079] {processor.py:641} INFO - Processing file /root/Documentos/airflow/venv/lib/python3.9/site-packages/airflow/example_dags/example_xcom.py for tasks to queue
[2024-10-26 09:55:56,080] {logging_mixin.py:115} INFO - [2024-10-26 09:55:56,079] {dagbag.py:507} INFO - Filling up the DagBag from /root/Documentos/airflow/venv/lib/python3.9/site-packages/airflow/example_dags/example_xcom.py
[2024-10-26 09:55:56,090] {processor.py:651} INFO - DAG(s) dict_keys(['example_xcom']) retrieved from /root/Documentos/airflow/venv/lib/python3.9/site-packages/airflow/example_dags/example_xcom.py
[2024-10-26 09:55:56,097] {logging_mixin.py:115} INFO - [2024-10-26 09:55:56,097] {dag.py:2379} INFO - Sync 1 DAGs
[2024-10-26 09:55:56,106] {logging_mixin.py:115} INFO - [2024-10-26 09:55:56,106] {dag.py:2927} INFO - Setting next_dagrun for example_xcom to 2021-01-01T00:00:00+00:00, run_after=2021-01-01T00:00:00+00:00
[2024-10-26 09:55:56,119] {processor.py:161} INFO - Processing /root/Documentos/airflow/venv/lib/python3.9/site-packages/airflow/example_dags/example_xcom.py took 0.041 seconds
