[2024-10-26 09:24:52,313] {processor.py:153} INFO - Started process (PID=10246) to work on /root/Documentos/airflow/venv/lib/python3.9/site-packages/airflow/example_dags/example_skip_dag.py
[2024-10-26 09:24:52,313] {processor.py:641} INFO - Processing file /root/Documentos/airflow/venv/lib/python3.9/site-packages/airflow/example_dags/example_skip_dag.py for tasks to queue
[2024-10-26 09:24:52,313] {logging_mixin.py:115} INFO - [2024-10-26 09:24:52,313] {dagbag.py:507} INFO - Filling up the DagBag from /root/Documentos/airflow/venv/lib/python3.9/site-packages/airflow/example_dags/example_skip_dag.py
[2024-10-26 09:24:52,315] {processor.py:651} INFO - DAG(s) dict_keys(['example_skip_dag']) retrieved from /root/Documentos/airflow/venv/lib/python3.9/site-packages/airflow/example_dags/example_skip_dag.py
[2024-10-26 09:24:52,360] {logging_mixin.py:115} INFO - [2024-10-26 09:24:52,360] {manager.py:508} INFO - Created Permission View: can edit on DAG:example_skip_dag
[2024-10-26 09:24:52,370] {logging_mixin.py:115} INFO - [2024-10-26 09:24:52,370] {manager.py:508} INFO - Created Permission View: can read on DAG:example_skip_dag
[2024-10-26 09:24:52,378] {logging_mixin.py:115} INFO - [2024-10-26 09:24:52,378] {manager.py:508} INFO - Created Permission View: can delete on DAG:example_skip_dag
[2024-10-26 09:24:52,378] {logging_mixin.py:115} INFO - [2024-10-26 09:24:52,378] {dag.py:2379} INFO - Sync 1 DAGs
[2024-10-26 09:24:52,383] {logging_mixin.py:115} INFO - [2024-10-26 09:24:52,382] {dag.py:2398} INFO - Creating ORM DAG for example_skip_dag
[2024-10-26 09:24:52,387] {logging_mixin.py:115} INFO - [2024-10-26 09:24:52,387] {dag.py:2927} INFO - Setting next_dagrun for example_skip_dag to 2024-10-25T12:24:52.387572+00:00, run_after=2024-10-26T12:24:52.387572+00:00
[2024-10-26 09:24:52,401] {processor.py:161} INFO - Processing /root/Documentos/airflow/venv/lib/python3.9/site-packages/airflow/example_dags/example_skip_dag.py took 0.090 seconds
[2024-10-26 09:25:27,712] {processor.py:153} INFO - Started process (PID=10416) to work on /root/Documentos/airflow/venv/lib/python3.9/site-packages/airflow/example_dags/example_skip_dag.py
[2024-10-26 09:25:27,717] {processor.py:641} INFO - Processing file /root/Documentos/airflow/venv/lib/python3.9/site-packages/airflow/example_dags/example_skip_dag.py for tasks to queue
[2024-10-26 09:25:27,717] {logging_mixin.py:115} INFO - [2024-10-26 09:25:27,717] {dagbag.py:507} INFO - Filling up the DagBag from /root/Documentos/airflow/venv/lib/python3.9/site-packages/airflow/example_dags/example_skip_dag.py
[2024-10-26 09:25:27,720] {processor.py:651} INFO - DAG(s) dict_keys(['example_skip_dag']) retrieved from /root/Documentos/airflow/venv/lib/python3.9/site-packages/airflow/example_dags/example_skip_dag.py
[2024-10-26 09:25:27,728] {logging_mixin.py:115} INFO - [2024-10-26 09:25:27,728] {dag.py:2379} INFO - Sync 1 DAGs
[2024-10-26 09:25:27,738] {logging_mixin.py:115} INFO - [2024-10-26 09:25:27,738] {dag.py:2927} INFO - Setting next_dagrun for example_skip_dag to 2024-10-25T12:25:27.738722+00:00, run_after=2024-10-26T12:25:27.738722+00:00
[2024-10-26 09:25:27,752] {processor.py:161} INFO - Processing /root/Documentos/airflow/venv/lib/python3.9/site-packages/airflow/example_dags/example_skip_dag.py took 0.041 seconds
[2024-10-26 09:25:59,231] {processor.py:153} INFO - Started process (PID=10571) to work on /root/Documentos/airflow/venv/lib/python3.9/site-packages/airflow/example_dags/example_skip_dag.py
[2024-10-26 09:25:59,237] {processor.py:641} INFO - Processing file /root/Documentos/airflow/venv/lib/python3.9/site-packages/airflow/example_dags/example_skip_dag.py for tasks to queue
[2024-10-26 09:25:59,238] {logging_mixin.py:115} INFO - [2024-10-26 09:25:59,237] {dagbag.py:507} INFO - Filling up the DagBag from /root/Documentos/airflow/venv/lib/python3.9/site-packages/airflow/example_dags/example_skip_dag.py
[2024-10-26 09:25:59,242] {processor.py:651} INFO - DAG(s) dict_keys(['example_skip_dag']) retrieved from /root/Documentos/airflow/venv/lib/python3.9/site-packages/airflow/example_dags/example_skip_dag.py
[2024-10-26 09:25:59,251] {logging_mixin.py:115} INFO - [2024-10-26 09:25:59,251] {dag.py:2379} INFO - Sync 1 DAGs
[2024-10-26 09:25:59,261] {logging_mixin.py:115} INFO - [2024-10-26 09:25:59,261] {dag.py:2927} INFO - Setting next_dagrun for example_skip_dag to 2024-10-25T12:25:59.261598+00:00, run_after=2024-10-26T12:25:59.261598+00:00
[2024-10-26 09:25:59,275] {processor.py:161} INFO - Processing /root/Documentos/airflow/venv/lib/python3.9/site-packages/airflow/example_dags/example_skip_dag.py took 0.045 seconds
[2024-10-26 09:26:32,669] {processor.py:153} INFO - Started process (PID=10733) to work on /root/Documentos/airflow/venv/lib/python3.9/site-packages/airflow/example_dags/example_skip_dag.py
[2024-10-26 09:26:32,670] {processor.py:641} INFO - Processing file /root/Documentos/airflow/venv/lib/python3.9/site-packages/airflow/example_dags/example_skip_dag.py for tasks to queue
[2024-10-26 09:26:32,671] {logging_mixin.py:115} INFO - [2024-10-26 09:26:32,670] {dagbag.py:507} INFO - Filling up the DagBag from /root/Documentos/airflow/venv/lib/python3.9/site-packages/airflow/example_dags/example_skip_dag.py
[2024-10-26 09:26:32,673] {processor.py:651} INFO - DAG(s) dict_keys(['example_skip_dag']) retrieved from /root/Documentos/airflow/venv/lib/python3.9/site-packages/airflow/example_dags/example_skip_dag.py
[2024-10-26 09:26:32,682] {logging_mixin.py:115} INFO - [2024-10-26 09:26:32,682] {dag.py:2379} INFO - Sync 1 DAGs
[2024-10-26 09:26:32,692] {logging_mixin.py:115} INFO - [2024-10-26 09:26:32,692] {dag.py:2927} INFO - Setting next_dagrun for example_skip_dag to 2024-10-25T12:26:32.692535+00:00, run_after=2024-10-26T12:26:32.692535+00:00
[2024-10-26 09:26:32,708] {processor.py:161} INFO - Processing /root/Documentos/airflow/venv/lib/python3.9/site-packages/airflow/example_dags/example_skip_dag.py took 0.041 seconds
[2024-10-26 09:27:05,407] {processor.py:153} INFO - Started process (PID=10892) to work on /root/Documentos/airflow/venv/lib/python3.9/site-packages/airflow/example_dags/example_skip_dag.py
[2024-10-26 09:27:05,412] {processor.py:641} INFO - Processing file /root/Documentos/airflow/venv/lib/python3.9/site-packages/airflow/example_dags/example_skip_dag.py for tasks to queue
[2024-10-26 09:27:05,412] {logging_mixin.py:115} INFO - [2024-10-26 09:27:05,412] {dagbag.py:507} INFO - Filling up the DagBag from /root/Documentos/airflow/venv/lib/python3.9/site-packages/airflow/example_dags/example_skip_dag.py
[2024-10-26 09:27:05,414] {processor.py:651} INFO - DAG(s) dict_keys(['example_skip_dag']) retrieved from /root/Documentos/airflow/venv/lib/python3.9/site-packages/airflow/example_dags/example_skip_dag.py
[2024-10-26 09:27:05,423] {logging_mixin.py:115} INFO - [2024-10-26 09:27:05,423] {dag.py:2379} INFO - Sync 1 DAGs
[2024-10-26 09:27:05,434] {logging_mixin.py:115} INFO - [2024-10-26 09:27:05,433] {dag.py:2927} INFO - Setting next_dagrun for example_skip_dag to 2024-10-25T12:27:05.433834+00:00, run_after=2024-10-26T12:27:05.433834+00:00
[2024-10-26 09:27:05,445] {processor.py:161} INFO - Processing /root/Documentos/airflow/venv/lib/python3.9/site-packages/airflow/example_dags/example_skip_dag.py took 0.040 seconds
[2024-10-26 09:27:39,274] {processor.py:153} INFO - Started process (PID=11056) to work on /root/Documentos/airflow/venv/lib/python3.9/site-packages/airflow/example_dags/example_skip_dag.py
[2024-10-26 09:27:39,279] {processor.py:641} INFO - Processing file /root/Documentos/airflow/venv/lib/python3.9/site-packages/airflow/example_dags/example_skip_dag.py for tasks to queue
[2024-10-26 09:27:39,280] {logging_mixin.py:115} INFO - [2024-10-26 09:27:39,280] {dagbag.py:507} INFO - Filling up the DagBag from /root/Documentos/airflow/venv/lib/python3.9/site-packages/airflow/example_dags/example_skip_dag.py
[2024-10-26 09:27:39,282] {processor.py:651} INFO - DAG(s) dict_keys(['example_skip_dag']) retrieved from /root/Documentos/airflow/venv/lib/python3.9/site-packages/airflow/example_dags/example_skip_dag.py
[2024-10-26 09:27:39,292] {logging_mixin.py:115} INFO - [2024-10-26 09:27:39,292] {dag.py:2379} INFO - Sync 1 DAGs
[2024-10-26 09:27:39,304] {logging_mixin.py:115} INFO - [2024-10-26 09:27:39,304] {dag.py:2927} INFO - Setting next_dagrun for example_skip_dag to 2024-10-25T12:27:39.304558+00:00, run_after=2024-10-26T12:27:39.304558+00:00
[2024-10-26 09:27:39,317] {processor.py:161} INFO - Processing /root/Documentos/airflow/venv/lib/python3.9/site-packages/airflow/example_dags/example_skip_dag.py took 0.044 seconds
[2024-10-26 09:28:14,193] {processor.py:153} INFO - Started process (PID=11230) to work on /root/Documentos/airflow/venv/lib/python3.9/site-packages/airflow/example_dags/example_skip_dag.py
[2024-10-26 09:28:14,194] {processor.py:641} INFO - Processing file /root/Documentos/airflow/venv/lib/python3.9/site-packages/airflow/example_dags/example_skip_dag.py for tasks to queue
[2024-10-26 09:28:14,194] {logging_mixin.py:115} INFO - [2024-10-26 09:28:14,194] {dagbag.py:507} INFO - Filling up the DagBag from /root/Documentos/airflow/venv/lib/python3.9/site-packages/airflow/example_dags/example_skip_dag.py
[2024-10-26 09:28:14,197] {processor.py:651} INFO - DAG(s) dict_keys(['example_skip_dag']) retrieved from /root/Documentos/airflow/venv/lib/python3.9/site-packages/airflow/example_dags/example_skip_dag.py
[2024-10-26 09:28:14,206] {logging_mixin.py:115} INFO - [2024-10-26 09:28:14,206] {dag.py:2379} INFO - Sync 1 DAGs
[2024-10-26 09:28:14,217] {logging_mixin.py:115} INFO - [2024-10-26 09:28:14,217] {dag.py:2927} INFO - Setting next_dagrun for example_skip_dag to 2024-10-25T12:28:14.217758+00:00, run_after=2024-10-26T12:28:14.217758+00:00
[2024-10-26 09:28:14,229] {processor.py:161} INFO - Processing /root/Documentos/airflow/venv/lib/python3.9/site-packages/airflow/example_dags/example_skip_dag.py took 0.038 seconds
[2024-10-26 09:28:47,576] {processor.py:153} INFO - Started process (PID=11397) to work on /root/Documentos/airflow/venv/lib/python3.9/site-packages/airflow/example_dags/example_skip_dag.py
[2024-10-26 09:28:47,581] {processor.py:641} INFO - Processing file /root/Documentos/airflow/venv/lib/python3.9/site-packages/airflow/example_dags/example_skip_dag.py for tasks to queue
[2024-10-26 09:28:47,581] {logging_mixin.py:115} INFO - [2024-10-26 09:28:47,581] {dagbag.py:507} INFO - Filling up the DagBag from /root/Documentos/airflow/venv/lib/python3.9/site-packages/airflow/example_dags/example_skip_dag.py
[2024-10-26 09:28:47,584] {processor.py:651} INFO - DAG(s) dict_keys(['example_skip_dag']) retrieved from /root/Documentos/airflow/venv/lib/python3.9/site-packages/airflow/example_dags/example_skip_dag.py
[2024-10-26 09:28:47,593] {logging_mixin.py:115} INFO - [2024-10-26 09:28:47,592] {dag.py:2379} INFO - Sync 1 DAGs
[2024-10-26 09:28:47,603] {logging_mixin.py:115} INFO - [2024-10-26 09:28:47,603] {dag.py:2927} INFO - Setting next_dagrun for example_skip_dag to 2024-10-25T12:28:47.603155+00:00, run_after=2024-10-26T12:28:47.603155+00:00
[2024-10-26 09:28:47,616] {processor.py:161} INFO - Processing /root/Documentos/airflow/venv/lib/python3.9/site-packages/airflow/example_dags/example_skip_dag.py took 0.041 seconds
[2024-10-26 09:38:07,066] {processor.py:153} INFO - Started process (PID=1030) to work on /root/Documentos/airflow/venv/lib/python3.9/site-packages/airflow/example_dags/example_skip_dag.py
[2024-10-26 09:38:07,071] {processor.py:641} INFO - Processing file /root/Documentos/airflow/venv/lib/python3.9/site-packages/airflow/example_dags/example_skip_dag.py for tasks to queue
[2024-10-26 09:38:07,071] {logging_mixin.py:115} INFO - [2024-10-26 09:38:07,071] {dagbag.py:507} INFO - Filling up the DagBag from /root/Documentos/airflow/venv/lib/python3.9/site-packages/airflow/example_dags/example_skip_dag.py
[2024-10-26 09:38:07,075] {processor.py:651} INFO - DAG(s) dict_keys(['example_skip_dag']) retrieved from /root/Documentos/airflow/venv/lib/python3.9/site-packages/airflow/example_dags/example_skip_dag.py
[2024-10-26 09:38:07,084] {logging_mixin.py:115} INFO - [2024-10-26 09:38:07,084] {dag.py:2379} INFO - Sync 1 DAGs
[2024-10-26 09:38:07,096] {logging_mixin.py:115} INFO - [2024-10-26 09:38:07,096] {dag.py:2927} INFO - Setting next_dagrun for example_skip_dag to 2024-10-25T12:38:07.095956+00:00, run_after=2024-10-26T12:38:07.095956+00:00
[2024-10-26 09:38:07,109] {processor.py:161} INFO - Processing /root/Documentos/airflow/venv/lib/python3.9/site-packages/airflow/example_dags/example_skip_dag.py took 0.045 seconds
[2024-10-26 09:38:39,684] {processor.py:153} INFO - Started process (PID=1192) to work on /root/Documentos/airflow/venv/lib/python3.9/site-packages/airflow/example_dags/example_skip_dag.py
[2024-10-26 09:38:39,688] {processor.py:641} INFO - Processing file /root/Documentos/airflow/venv/lib/python3.9/site-packages/airflow/example_dags/example_skip_dag.py for tasks to queue
[2024-10-26 09:38:39,688] {logging_mixin.py:115} INFO - [2024-10-26 09:38:39,688] {dagbag.py:507} INFO - Filling up the DagBag from /root/Documentos/airflow/venv/lib/python3.9/site-packages/airflow/example_dags/example_skip_dag.py
[2024-10-26 09:38:39,690] {processor.py:651} INFO - DAG(s) dict_keys(['example_skip_dag']) retrieved from /root/Documentos/airflow/venv/lib/python3.9/site-packages/airflow/example_dags/example_skip_dag.py
[2024-10-26 09:38:39,699] {logging_mixin.py:115} INFO - [2024-10-26 09:38:39,699] {dag.py:2379} INFO - Sync 1 DAGs
[2024-10-26 09:38:39,710] {logging_mixin.py:115} INFO - [2024-10-26 09:38:39,710] {dag.py:2927} INFO - Setting next_dagrun for example_skip_dag to 2024-10-25T12:38:39.709916+00:00, run_after=2024-10-26T12:38:39.709916+00:00
[2024-10-26 09:38:39,724] {processor.py:161} INFO - Processing /root/Documentos/airflow/venv/lib/python3.9/site-packages/airflow/example_dags/example_skip_dag.py took 0.042 seconds
[2024-10-26 09:39:14,014] {processor.py:153} INFO - Started process (PID=1361) to work on /root/Documentos/airflow/venv/lib/python3.9/site-packages/airflow/example_dags/example_skip_dag.py
[2024-10-26 09:39:14,020] {processor.py:641} INFO - Processing file /root/Documentos/airflow/venv/lib/python3.9/site-packages/airflow/example_dags/example_skip_dag.py for tasks to queue
[2024-10-26 09:39:14,020] {logging_mixin.py:115} INFO - [2024-10-26 09:39:14,020] {dagbag.py:507} INFO - Filling up the DagBag from /root/Documentos/airflow/venv/lib/python3.9/site-packages/airflow/example_dags/example_skip_dag.py
[2024-10-26 09:39:14,023] {processor.py:651} INFO - DAG(s) dict_keys(['example_skip_dag']) retrieved from /root/Documentos/airflow/venv/lib/python3.9/site-packages/airflow/example_dags/example_skip_dag.py
[2024-10-26 09:39:14,032] {logging_mixin.py:115} INFO - [2024-10-26 09:39:14,032] {dag.py:2379} INFO - Sync 1 DAGs
[2024-10-26 09:39:14,044] {logging_mixin.py:115} INFO - [2024-10-26 09:39:14,044] {dag.py:2927} INFO - Setting next_dagrun for example_skip_dag to 2024-10-25T12:39:14.044635+00:00, run_after=2024-10-26T12:39:14.044635+00:00
[2024-10-26 09:39:14,057] {processor.py:161} INFO - Processing /root/Documentos/airflow/venv/lib/python3.9/site-packages/airflow/example_dags/example_skip_dag.py took 0.044 seconds
[2024-10-26 09:39:46,705] {processor.py:153} INFO - Started process (PID=1520) to work on /root/Documentos/airflow/venv/lib/python3.9/site-packages/airflow/example_dags/example_skip_dag.py
[2024-10-26 09:39:46,712] {processor.py:641} INFO - Processing file /root/Documentos/airflow/venv/lib/python3.9/site-packages/airflow/example_dags/example_skip_dag.py for tasks to queue
[2024-10-26 09:39:46,713] {logging_mixin.py:115} INFO - [2024-10-26 09:39:46,713] {dagbag.py:507} INFO - Filling up the DagBag from /root/Documentos/airflow/venv/lib/python3.9/site-packages/airflow/example_dags/example_skip_dag.py
[2024-10-26 09:39:46,715] {processor.py:651} INFO - DAG(s) dict_keys(['example_skip_dag']) retrieved from /root/Documentos/airflow/venv/lib/python3.9/site-packages/airflow/example_dags/example_skip_dag.py
[2024-10-26 09:39:46,723] {logging_mixin.py:115} INFO - [2024-10-26 09:39:46,723] {dag.py:2379} INFO - Sync 1 DAGs
[2024-10-26 09:39:46,733] {logging_mixin.py:115} INFO - [2024-10-26 09:39:46,733] {dag.py:2927} INFO - Setting next_dagrun for example_skip_dag to 2024-10-25T12:39:46.733484+00:00, run_after=2024-10-26T12:39:46.733484+00:00
[2024-10-26 09:39:46,747] {processor.py:161} INFO - Processing /root/Documentos/airflow/venv/lib/python3.9/site-packages/airflow/example_dags/example_skip_dag.py took 0.044 seconds
[2024-10-26 09:40:20,276] {processor.py:153} INFO - Started process (PID=1682) to work on /root/Documentos/airflow/venv/lib/python3.9/site-packages/airflow/example_dags/example_skip_dag.py
[2024-10-26 09:40:20,277] {processor.py:641} INFO - Processing file /root/Documentos/airflow/venv/lib/python3.9/site-packages/airflow/example_dags/example_skip_dag.py for tasks to queue
[2024-10-26 09:40:20,278] {logging_mixin.py:115} INFO - [2024-10-26 09:40:20,278] {dagbag.py:507} INFO - Filling up the DagBag from /root/Documentos/airflow/venv/lib/python3.9/site-packages/airflow/example_dags/example_skip_dag.py
[2024-10-26 09:40:20,280] {processor.py:651} INFO - DAG(s) dict_keys(['example_skip_dag']) retrieved from /root/Documentos/airflow/venv/lib/python3.9/site-packages/airflow/example_dags/example_skip_dag.py
[2024-10-26 09:40:20,289] {logging_mixin.py:115} INFO - [2024-10-26 09:40:20,289] {dag.py:2379} INFO - Sync 1 DAGs
[2024-10-26 09:40:20,300] {logging_mixin.py:115} INFO - [2024-10-26 09:40:20,300] {dag.py:2927} INFO - Setting next_dagrun for example_skip_dag to 2024-10-25T12:40:20.300320+00:00, run_after=2024-10-26T12:40:20.300320+00:00
[2024-10-26 09:40:20,312] {processor.py:161} INFO - Processing /root/Documentos/airflow/venv/lib/python3.9/site-packages/airflow/example_dags/example_skip_dag.py took 0.037 seconds
[2024-10-26 09:40:56,122] {processor.py:153} INFO - Started process (PID=1855) to work on /root/Documentos/airflow/venv/lib/python3.9/site-packages/airflow/example_dags/example_skip_dag.py
[2024-10-26 09:40:56,128] {processor.py:641} INFO - Processing file /root/Documentos/airflow/venv/lib/python3.9/site-packages/airflow/example_dags/example_skip_dag.py for tasks to queue
[2024-10-26 09:40:56,128] {logging_mixin.py:115} INFO - [2024-10-26 09:40:56,128] {dagbag.py:507} INFO - Filling up the DagBag from /root/Documentos/airflow/venv/lib/python3.9/site-packages/airflow/example_dags/example_skip_dag.py
[2024-10-26 09:40:56,130] {processor.py:651} INFO - DAG(s) dict_keys(['example_skip_dag']) retrieved from /root/Documentos/airflow/venv/lib/python3.9/site-packages/airflow/example_dags/example_skip_dag.py
[2024-10-26 09:40:56,139] {logging_mixin.py:115} INFO - [2024-10-26 09:40:56,139] {dag.py:2379} INFO - Sync 1 DAGs
[2024-10-26 09:40:56,149] {logging_mixin.py:115} INFO - [2024-10-26 09:40:56,149] {dag.py:2927} INFO - Setting next_dagrun for example_skip_dag to 2024-10-25T12:40:56.149594+00:00, run_after=2024-10-26T12:40:56.149594+00:00
[2024-10-26 09:40:56,163] {processor.py:161} INFO - Processing /root/Documentos/airflow/venv/lib/python3.9/site-packages/airflow/example_dags/example_skip_dag.py took 0.042 seconds
[2024-10-26 09:41:28,824] {processor.py:153} INFO - Started process (PID=2015) to work on /root/Documentos/airflow/venv/lib/python3.9/site-packages/airflow/example_dags/example_skip_dag.py
[2024-10-26 09:41:28,831] {processor.py:641} INFO - Processing file /root/Documentos/airflow/venv/lib/python3.9/site-packages/airflow/example_dags/example_skip_dag.py for tasks to queue
[2024-10-26 09:41:28,831] {logging_mixin.py:115} INFO - [2024-10-26 09:41:28,831] {dagbag.py:507} INFO - Filling up the DagBag from /root/Documentos/airflow/venv/lib/python3.9/site-packages/airflow/example_dags/example_skip_dag.py
[2024-10-26 09:41:28,834] {processor.py:651} INFO - DAG(s) dict_keys(['example_skip_dag']) retrieved from /root/Documentos/airflow/venv/lib/python3.9/site-packages/airflow/example_dags/example_skip_dag.py
[2024-10-26 09:41:28,842] {logging_mixin.py:115} INFO - [2024-10-26 09:41:28,842] {dag.py:2379} INFO - Sync 1 DAGs
[2024-10-26 09:41:28,853] {logging_mixin.py:115} INFO - [2024-10-26 09:41:28,853] {dag.py:2927} INFO - Setting next_dagrun for example_skip_dag to 2024-10-25T12:41:28.853259+00:00, run_after=2024-10-26T12:41:28.853259+00:00
[2024-10-26 09:41:28,866] {processor.py:161} INFO - Processing /root/Documentos/airflow/venv/lib/python3.9/site-packages/airflow/example_dags/example_skip_dag.py took 0.043 seconds
[2024-10-26 09:42:03,928] {processor.py:153} INFO - Started process (PID=2183) to work on /root/Documentos/airflow/venv/lib/python3.9/site-packages/airflow/example_dags/example_skip_dag.py
[2024-10-26 09:42:03,929] {processor.py:641} INFO - Processing file /root/Documentos/airflow/venv/lib/python3.9/site-packages/airflow/example_dags/example_skip_dag.py for tasks to queue
[2024-10-26 09:42:03,929] {logging_mixin.py:115} INFO - [2024-10-26 09:42:03,929] {dagbag.py:507} INFO - Filling up the DagBag from /root/Documentos/airflow/venv/lib/python3.9/site-packages/airflow/example_dags/example_skip_dag.py
[2024-10-26 09:42:03,932] {processor.py:651} INFO - DAG(s) dict_keys(['example_skip_dag']) retrieved from /root/Documentos/airflow/venv/lib/python3.9/site-packages/airflow/example_dags/example_skip_dag.py
[2024-10-26 09:42:03,941] {logging_mixin.py:115} INFO - [2024-10-26 09:42:03,941] {dag.py:2379} INFO - Sync 1 DAGs
[2024-10-26 09:42:03,952] {logging_mixin.py:115} INFO - [2024-10-26 09:42:03,952] {dag.py:2927} INFO - Setting next_dagrun for example_skip_dag to 2024-10-25T12:42:03.951917+00:00, run_after=2024-10-26T12:42:03.951917+00:00
[2024-10-26 09:42:03,964] {processor.py:161} INFO - Processing /root/Documentos/airflow/venv/lib/python3.9/site-packages/airflow/example_dags/example_skip_dag.py took 0.037 seconds
[2024-10-26 09:42:38,690] {processor.py:153} INFO - Started process (PID=2352) to work on /root/Documentos/airflow/venv/lib/python3.9/site-packages/airflow/example_dags/example_skip_dag.py
[2024-10-26 09:42:38,691] {processor.py:641} INFO - Processing file /root/Documentos/airflow/venv/lib/python3.9/site-packages/airflow/example_dags/example_skip_dag.py for tasks to queue
[2024-10-26 09:42:38,691] {logging_mixin.py:115} INFO - [2024-10-26 09:42:38,691] {dagbag.py:507} INFO - Filling up the DagBag from /root/Documentos/airflow/venv/lib/python3.9/site-packages/airflow/example_dags/example_skip_dag.py
[2024-10-26 09:42:38,694] {processor.py:651} INFO - DAG(s) dict_keys(['example_skip_dag']) retrieved from /root/Documentos/airflow/venv/lib/python3.9/site-packages/airflow/example_dags/example_skip_dag.py
[2024-10-26 09:42:38,702] {logging_mixin.py:115} INFO - [2024-10-26 09:42:38,702] {dag.py:2379} INFO - Sync 1 DAGs
[2024-10-26 09:42:38,713] {logging_mixin.py:115} INFO - [2024-10-26 09:42:38,713] {dag.py:2927} INFO - Setting next_dagrun for example_skip_dag to 2024-10-25T12:42:38.713406+00:00, run_after=2024-10-26T12:42:38.713406+00:00
[2024-10-26 09:42:38,726] {processor.py:161} INFO - Processing /root/Documentos/airflow/venv/lib/python3.9/site-packages/airflow/example_dags/example_skip_dag.py took 0.037 seconds
[2024-10-26 09:43:10,161] {processor.py:153} INFO - Started process (PID=2506) to work on /root/Documentos/airflow/venv/lib/python3.9/site-packages/airflow/example_dags/example_skip_dag.py
[2024-10-26 09:43:10,161] {processor.py:641} INFO - Processing file /root/Documentos/airflow/venv/lib/python3.9/site-packages/airflow/example_dags/example_skip_dag.py for tasks to queue
[2024-10-26 09:43:10,161] {logging_mixin.py:115} INFO - [2024-10-26 09:43:10,161] {dagbag.py:507} INFO - Filling up the DagBag from /root/Documentos/airflow/venv/lib/python3.9/site-packages/airflow/example_dags/example_skip_dag.py
[2024-10-26 09:43:10,163] {processor.py:651} INFO - DAG(s) dict_keys(['example_skip_dag']) retrieved from /root/Documentos/airflow/venv/lib/python3.9/site-packages/airflow/example_dags/example_skip_dag.py
[2024-10-26 09:43:10,172] {logging_mixin.py:115} INFO - [2024-10-26 09:43:10,172] {dag.py:2379} INFO - Sync 1 DAGs
[2024-10-26 09:43:10,182] {logging_mixin.py:115} INFO - [2024-10-26 09:43:10,182] {dag.py:2927} INFO - Setting next_dagrun for example_skip_dag to 2024-10-25T12:43:10.182729+00:00, run_after=2024-10-26T12:43:10.182729+00:00
[2024-10-26 09:43:10,197] {processor.py:161} INFO - Processing /root/Documentos/airflow/venv/lib/python3.9/site-packages/airflow/example_dags/example_skip_dag.py took 0.038 seconds
[2024-10-26 09:43:45,140] {processor.py:153} INFO - Started process (PID=2674) to work on /root/Documentos/airflow/venv/lib/python3.9/site-packages/airflow/example_dags/example_skip_dag.py
[2024-10-26 09:43:45,142] {processor.py:641} INFO - Processing file /root/Documentos/airflow/venv/lib/python3.9/site-packages/airflow/example_dags/example_skip_dag.py for tasks to queue
[2024-10-26 09:43:45,142] {logging_mixin.py:115} INFO - [2024-10-26 09:43:45,142] {dagbag.py:507} INFO - Filling up the DagBag from /root/Documentos/airflow/venv/lib/python3.9/site-packages/airflow/example_dags/example_skip_dag.py
[2024-10-26 09:43:45,145] {processor.py:651} INFO - DAG(s) dict_keys(['example_skip_dag']) retrieved from /root/Documentos/airflow/venv/lib/python3.9/site-packages/airflow/example_dags/example_skip_dag.py
[2024-10-26 09:43:45,153] {logging_mixin.py:115} INFO - [2024-10-26 09:43:45,153] {dag.py:2379} INFO - Sync 1 DAGs
[2024-10-26 09:43:45,164] {logging_mixin.py:115} INFO - [2024-10-26 09:43:45,164] {dag.py:2927} INFO - Setting next_dagrun for example_skip_dag to 2024-10-25T12:43:45.164078+00:00, run_after=2024-10-26T12:43:45.164078+00:00
[2024-10-26 09:43:45,179] {processor.py:161} INFO - Processing /root/Documentos/airflow/venv/lib/python3.9/site-packages/airflow/example_dags/example_skip_dag.py took 0.040 seconds
[2024-10-26 09:44:18,538] {processor.py:153} INFO - Started process (PID=2836) to work on /root/Documentos/airflow/venv/lib/python3.9/site-packages/airflow/example_dags/example_skip_dag.py
[2024-10-26 09:44:18,539] {processor.py:641} INFO - Processing file /root/Documentos/airflow/venv/lib/python3.9/site-packages/airflow/example_dags/example_skip_dag.py for tasks to queue
[2024-10-26 09:44:18,540] {logging_mixin.py:115} INFO - [2024-10-26 09:44:18,539] {dagbag.py:507} INFO - Filling up the DagBag from /root/Documentos/airflow/venv/lib/python3.9/site-packages/airflow/example_dags/example_skip_dag.py
[2024-10-26 09:44:18,542] {processor.py:651} INFO - DAG(s) dict_keys(['example_skip_dag']) retrieved from /root/Documentos/airflow/venv/lib/python3.9/site-packages/airflow/example_dags/example_skip_dag.py
[2024-10-26 09:44:18,552] {logging_mixin.py:115} INFO - [2024-10-26 09:44:18,552] {dag.py:2379} INFO - Sync 1 DAGs
[2024-10-26 09:44:18,564] {logging_mixin.py:115} INFO - [2024-10-26 09:44:18,563] {dag.py:2927} INFO - Setting next_dagrun for example_skip_dag to 2024-10-25T12:44:18.563737+00:00, run_after=2024-10-26T12:44:18.563737+00:00
[2024-10-26 09:44:18,576] {processor.py:161} INFO - Processing /root/Documentos/airflow/venv/lib/python3.9/site-packages/airflow/example_dags/example_skip_dag.py took 0.040 seconds
[2024-10-26 09:44:52,170] {processor.py:153} INFO - Started process (PID=2999) to work on /root/Documentos/airflow/venv/lib/python3.9/site-packages/airflow/example_dags/example_skip_dag.py
[2024-10-26 09:44:52,171] {processor.py:641} INFO - Processing file /root/Documentos/airflow/venv/lib/python3.9/site-packages/airflow/example_dags/example_skip_dag.py for tasks to queue
[2024-10-26 09:44:52,171] {logging_mixin.py:115} INFO - [2024-10-26 09:44:52,171] {dagbag.py:507} INFO - Filling up the DagBag from /root/Documentos/airflow/venv/lib/python3.9/site-packages/airflow/example_dags/example_skip_dag.py
[2024-10-26 09:44:52,174] {processor.py:651} INFO - DAG(s) dict_keys(['example_skip_dag']) retrieved from /root/Documentos/airflow/venv/lib/python3.9/site-packages/airflow/example_dags/example_skip_dag.py
[2024-10-26 09:44:52,184] {logging_mixin.py:115} INFO - [2024-10-26 09:44:52,184] {dag.py:2379} INFO - Sync 1 DAGs
[2024-10-26 09:44:52,196] {logging_mixin.py:115} INFO - [2024-10-26 09:44:52,196] {dag.py:2927} INFO - Setting next_dagrun for example_skip_dag to 2024-10-25T12:44:52.196511+00:00, run_after=2024-10-26T12:44:52.196511+00:00
[2024-10-26 09:44:52,209] {processor.py:161} INFO - Processing /root/Documentos/airflow/venv/lib/python3.9/site-packages/airflow/example_dags/example_skip_dag.py took 0.041 seconds
[2024-10-26 09:45:26,598] {processor.py:153} INFO - Started process (PID=3166) to work on /root/Documentos/airflow/venv/lib/python3.9/site-packages/airflow/example_dags/example_skip_dag.py
[2024-10-26 09:45:26,603] {processor.py:641} INFO - Processing file /root/Documentos/airflow/venv/lib/python3.9/site-packages/airflow/example_dags/example_skip_dag.py for tasks to queue
[2024-10-26 09:45:26,604] {logging_mixin.py:115} INFO - [2024-10-26 09:45:26,604] {dagbag.py:507} INFO - Filling up the DagBag from /root/Documentos/airflow/venv/lib/python3.9/site-packages/airflow/example_dags/example_skip_dag.py
[2024-10-26 09:45:26,606] {processor.py:651} INFO - DAG(s) dict_keys(['example_skip_dag']) retrieved from /root/Documentos/airflow/venv/lib/python3.9/site-packages/airflow/example_dags/example_skip_dag.py
[2024-10-26 09:45:26,615] {logging_mixin.py:115} INFO - [2024-10-26 09:45:26,615] {dag.py:2379} INFO - Sync 1 DAGs
[2024-10-26 09:45:26,625] {logging_mixin.py:115} INFO - [2024-10-26 09:45:26,625] {dag.py:2927} INFO - Setting next_dagrun for example_skip_dag to 2024-10-25T12:45:26.625478+00:00, run_after=2024-10-26T12:45:26.625478+00:00
[2024-10-26 09:45:26,637] {processor.py:161} INFO - Processing /root/Documentos/airflow/venv/lib/python3.9/site-packages/airflow/example_dags/example_skip_dag.py took 0.041 seconds
[2024-10-26 09:46:02,696] {processor.py:153} INFO - Started process (PID=3336) to work on /root/Documentos/airflow/venv/lib/python3.9/site-packages/airflow/example_dags/example_skip_dag.py
[2024-10-26 09:46:02,702] {processor.py:641} INFO - Processing file /root/Documentos/airflow/venv/lib/python3.9/site-packages/airflow/example_dags/example_skip_dag.py for tasks to queue
[2024-10-26 09:46:02,702] {logging_mixin.py:115} INFO - [2024-10-26 09:46:02,702] {dagbag.py:507} INFO - Filling up the DagBag from /root/Documentos/airflow/venv/lib/python3.9/site-packages/airflow/example_dags/example_skip_dag.py
[2024-10-26 09:46:02,705] {processor.py:651} INFO - DAG(s) dict_keys(['example_skip_dag']) retrieved from /root/Documentos/airflow/venv/lib/python3.9/site-packages/airflow/example_dags/example_skip_dag.py
[2024-10-26 09:46:02,713] {logging_mixin.py:115} INFO - [2024-10-26 09:46:02,713] {dag.py:2379} INFO - Sync 1 DAGs
[2024-10-26 09:46:02,724] {logging_mixin.py:115} INFO - [2024-10-26 09:46:02,724] {dag.py:2927} INFO - Setting next_dagrun for example_skip_dag to 2024-10-25T12:46:02.724336+00:00, run_after=2024-10-26T12:46:02.724336+00:00
[2024-10-26 09:46:02,738] {processor.py:161} INFO - Processing /root/Documentos/airflow/venv/lib/python3.9/site-packages/airflow/example_dags/example_skip_dag.py took 0.042 seconds
[2024-10-26 09:46:34,925] {processor.py:153} INFO - Started process (PID=3570) to work on /root/Documentos/airflow/venv/lib/python3.9/site-packages/airflow/example_dags/example_skip_dag.py
[2024-10-26 09:46:34,930] {processor.py:641} INFO - Processing file /root/Documentos/airflow/venv/lib/python3.9/site-packages/airflow/example_dags/example_skip_dag.py for tasks to queue
[2024-10-26 09:46:34,931] {logging_mixin.py:115} INFO - [2024-10-26 09:46:34,930] {dagbag.py:507} INFO - Filling up the DagBag from /root/Documentos/airflow/venv/lib/python3.9/site-packages/airflow/example_dags/example_skip_dag.py
[2024-10-26 09:46:34,934] {processor.py:651} INFO - DAG(s) dict_keys(['example_skip_dag']) retrieved from /root/Documentos/airflow/venv/lib/python3.9/site-packages/airflow/example_dags/example_skip_dag.py
[2024-10-26 09:46:34,942] {logging_mixin.py:115} INFO - [2024-10-26 09:46:34,942] {dag.py:2379} INFO - Sync 1 DAGs
[2024-10-26 09:46:34,953] {logging_mixin.py:115} INFO - [2024-10-26 09:46:34,953] {dag.py:2927} INFO - Setting next_dagrun for example_skip_dag to 2024-10-25T12:46:34.953257+00:00, run_after=2024-10-26T12:46:34.953257+00:00
[2024-10-26 09:46:34,964] {processor.py:161} INFO - Processing /root/Documentos/airflow/venv/lib/python3.9/site-packages/airflow/example_dags/example_skip_dag.py took 0.040 seconds
[2024-10-26 09:47:12,244] {processor.py:153} INFO - Started process (PID=3751) to work on /root/Documentos/airflow/venv/lib/python3.9/site-packages/airflow/example_dags/example_skip_dag.py
[2024-10-26 09:47:12,249] {processor.py:641} INFO - Processing file /root/Documentos/airflow/venv/lib/python3.9/site-packages/airflow/example_dags/example_skip_dag.py for tasks to queue
[2024-10-26 09:47:12,250] {logging_mixin.py:115} INFO - [2024-10-26 09:47:12,250] {dagbag.py:507} INFO - Filling up the DagBag from /root/Documentos/airflow/venv/lib/python3.9/site-packages/airflow/example_dags/example_skip_dag.py
[2024-10-26 09:47:12,252] {processor.py:651} INFO - DAG(s) dict_keys(['example_skip_dag']) retrieved from /root/Documentos/airflow/venv/lib/python3.9/site-packages/airflow/example_dags/example_skip_dag.py
[2024-10-26 09:47:12,261] {logging_mixin.py:115} INFO - [2024-10-26 09:47:12,260] {dag.py:2379} INFO - Sync 1 DAGs
[2024-10-26 09:47:12,271] {logging_mixin.py:115} INFO - [2024-10-26 09:47:12,271] {dag.py:2927} INFO - Setting next_dagrun for example_skip_dag to 2024-10-25T12:47:12.271405+00:00, run_after=2024-10-26T12:47:12.271405+00:00
[2024-10-26 09:47:12,284] {processor.py:161} INFO - Processing /root/Documentos/airflow/venv/lib/python3.9/site-packages/airflow/example_dags/example_skip_dag.py took 0.041 seconds
[2024-10-26 09:47:44,881] {processor.py:153} INFO - Started process (PID=3909) to work on /root/Documentos/airflow/venv/lib/python3.9/site-packages/airflow/example_dags/example_skip_dag.py
[2024-10-26 09:47:44,882] {processor.py:641} INFO - Processing file /root/Documentos/airflow/venv/lib/python3.9/site-packages/airflow/example_dags/example_skip_dag.py for tasks to queue
[2024-10-26 09:47:44,882] {logging_mixin.py:115} INFO - [2024-10-26 09:47:44,882] {dagbag.py:507} INFO - Filling up the DagBag from /root/Documentos/airflow/venv/lib/python3.9/site-packages/airflow/example_dags/example_skip_dag.py
[2024-10-26 09:47:44,884] {processor.py:651} INFO - DAG(s) dict_keys(['example_skip_dag']) retrieved from /root/Documentos/airflow/venv/lib/python3.9/site-packages/airflow/example_dags/example_skip_dag.py
[2024-10-26 09:47:44,893] {logging_mixin.py:115} INFO - [2024-10-26 09:47:44,893] {dag.py:2379} INFO - Sync 1 DAGs
[2024-10-26 09:47:44,904] {logging_mixin.py:115} INFO - [2024-10-26 09:47:44,904] {dag.py:2927} INFO - Setting next_dagrun for example_skip_dag to 2024-10-25T12:47:44.904045+00:00, run_after=2024-10-26T12:47:44.904045+00:00
[2024-10-26 09:47:44,917] {processor.py:161} INFO - Processing /root/Documentos/airflow/venv/lib/python3.9/site-packages/airflow/example_dags/example_skip_dag.py took 0.037 seconds
[2024-10-26 09:48:18,400] {processor.py:153} INFO - Started process (PID=4081) to work on /root/Documentos/airflow/venv/lib/python3.9/site-packages/airflow/example_dags/example_skip_dag.py
[2024-10-26 09:48:18,404] {processor.py:641} INFO - Processing file /root/Documentos/airflow/venv/lib/python3.9/site-packages/airflow/example_dags/example_skip_dag.py for tasks to queue
[2024-10-26 09:48:18,405] {logging_mixin.py:115} INFO - [2024-10-26 09:48:18,405] {dagbag.py:507} INFO - Filling up the DagBag from /root/Documentos/airflow/venv/lib/python3.9/site-packages/airflow/example_dags/example_skip_dag.py
[2024-10-26 09:48:18,407] {processor.py:651} INFO - DAG(s) dict_keys(['example_skip_dag']) retrieved from /root/Documentos/airflow/venv/lib/python3.9/site-packages/airflow/example_dags/example_skip_dag.py
[2024-10-26 09:48:18,416] {logging_mixin.py:115} INFO - [2024-10-26 09:48:18,416] {dag.py:2379} INFO - Sync 1 DAGs
[2024-10-26 09:48:18,426] {logging_mixin.py:115} INFO - [2024-10-26 09:48:18,426] {dag.py:2927} INFO - Setting next_dagrun for example_skip_dag to 2024-10-25T12:48:18.426636+00:00, run_after=2024-10-26T12:48:18.426636+00:00
[2024-10-26 09:48:18,442] {processor.py:161} INFO - Processing /root/Documentos/airflow/venv/lib/python3.9/site-packages/airflow/example_dags/example_skip_dag.py took 0.044 seconds
[2024-10-26 09:48:56,365] {processor.py:153} INFO - Started process (PID=4264) to work on /root/Documentos/airflow/venv/lib/python3.9/site-packages/airflow/example_dags/example_skip_dag.py
[2024-10-26 09:48:56,370] {processor.py:641} INFO - Processing file /root/Documentos/airflow/venv/lib/python3.9/site-packages/airflow/example_dags/example_skip_dag.py for tasks to queue
[2024-10-26 09:48:56,370] {logging_mixin.py:115} INFO - [2024-10-26 09:48:56,370] {dagbag.py:507} INFO - Filling up the DagBag from /root/Documentos/airflow/venv/lib/python3.9/site-packages/airflow/example_dags/example_skip_dag.py
[2024-10-26 09:48:56,373] {processor.py:651} INFO - DAG(s) dict_keys(['example_skip_dag']) retrieved from /root/Documentos/airflow/venv/lib/python3.9/site-packages/airflow/example_dags/example_skip_dag.py
[2024-10-26 09:48:56,381] {logging_mixin.py:115} INFO - [2024-10-26 09:48:56,381] {dag.py:2379} INFO - Sync 1 DAGs
[2024-10-26 09:48:56,392] {logging_mixin.py:115} INFO - [2024-10-26 09:48:56,392] {dag.py:2927} INFO - Setting next_dagrun for example_skip_dag to 2024-10-25T12:48:56.392002+00:00, run_after=2024-10-26T12:48:56.392002+00:00
[2024-10-26 09:48:56,408] {processor.py:161} INFO - Processing /root/Documentos/airflow/venv/lib/python3.9/site-packages/airflow/example_dags/example_skip_dag.py took 0.044 seconds
[2024-10-26 09:49:31,963] {processor.py:153} INFO - Started process (PID=4436) to work on /root/Documentos/airflow/venv/lib/python3.9/site-packages/airflow/example_dags/example_skip_dag.py
[2024-10-26 09:49:31,964] {processor.py:641} INFO - Processing file /root/Documentos/airflow/venv/lib/python3.9/site-packages/airflow/example_dags/example_skip_dag.py for tasks to queue
[2024-10-26 09:49:31,964] {logging_mixin.py:115} INFO - [2024-10-26 09:49:31,964] {dagbag.py:507} INFO - Filling up the DagBag from /root/Documentos/airflow/venv/lib/python3.9/site-packages/airflow/example_dags/example_skip_dag.py
[2024-10-26 09:49:31,966] {processor.py:651} INFO - DAG(s) dict_keys(['example_skip_dag']) retrieved from /root/Documentos/airflow/venv/lib/python3.9/site-packages/airflow/example_dags/example_skip_dag.py
[2024-10-26 09:49:31,975] {logging_mixin.py:115} INFO - [2024-10-26 09:49:31,975] {dag.py:2379} INFO - Sync 1 DAGs
[2024-10-26 09:49:31,986] {logging_mixin.py:115} INFO - [2024-10-26 09:49:31,985] {dag.py:2927} INFO - Setting next_dagrun for example_skip_dag to 2024-10-25T12:49:31.985831+00:00, run_after=2024-10-26T12:49:31.985831+00:00
[2024-10-26 09:49:32,000] {processor.py:161} INFO - Processing /root/Documentos/airflow/venv/lib/python3.9/site-packages/airflow/example_dags/example_skip_dag.py took 0.039 seconds
[2024-10-26 09:50:08,746] {processor.py:153} INFO - Started process (PID=4613) to work on /root/Documentos/airflow/venv/lib/python3.9/site-packages/airflow/example_dags/example_skip_dag.py
[2024-10-26 09:50:08,749] {processor.py:641} INFO - Processing file /root/Documentos/airflow/venv/lib/python3.9/site-packages/airflow/example_dags/example_skip_dag.py for tasks to queue
[2024-10-26 09:50:08,749] {logging_mixin.py:115} INFO - [2024-10-26 09:50:08,749] {dagbag.py:507} INFO - Filling up the DagBag from /root/Documentos/airflow/venv/lib/python3.9/site-packages/airflow/example_dags/example_skip_dag.py
[2024-10-26 09:50:08,752] {processor.py:651} INFO - DAG(s) dict_keys(['example_skip_dag']) retrieved from /root/Documentos/airflow/venv/lib/python3.9/site-packages/airflow/example_dags/example_skip_dag.py
[2024-10-26 09:50:08,761] {logging_mixin.py:115} INFO - [2024-10-26 09:50:08,760] {dag.py:2379} INFO - Sync 1 DAGs
[2024-10-26 09:50:08,771] {logging_mixin.py:115} INFO - [2024-10-26 09:50:08,771] {dag.py:2927} INFO - Setting next_dagrun for example_skip_dag to 2024-10-25T12:50:08.771206+00:00, run_after=2024-10-26T12:50:08.771206+00:00
[2024-10-26 09:50:08,787] {processor.py:161} INFO - Processing /root/Documentos/airflow/venv/lib/python3.9/site-packages/airflow/example_dags/example_skip_dag.py took 0.043 seconds
[2024-10-26 09:50:42,001] {processor.py:153} INFO - Started process (PID=4775) to work on /root/Documentos/airflow/venv/lib/python3.9/site-packages/airflow/example_dags/example_skip_dag.py
[2024-10-26 09:50:42,003] {processor.py:641} INFO - Processing file /root/Documentos/airflow/venv/lib/python3.9/site-packages/airflow/example_dags/example_skip_dag.py for tasks to queue
[2024-10-26 09:50:42,003] {logging_mixin.py:115} INFO - [2024-10-26 09:50:42,003] {dagbag.py:507} INFO - Filling up the DagBag from /root/Documentos/airflow/venv/lib/python3.9/site-packages/airflow/example_dags/example_skip_dag.py
[2024-10-26 09:50:42,006] {processor.py:651} INFO - DAG(s) dict_keys(['example_skip_dag']) retrieved from /root/Documentos/airflow/venv/lib/python3.9/site-packages/airflow/example_dags/example_skip_dag.py
[2024-10-26 09:50:42,014] {logging_mixin.py:115} INFO - [2024-10-26 09:50:42,014] {dag.py:2379} INFO - Sync 1 DAGs
[2024-10-26 09:50:42,025] {logging_mixin.py:115} INFO - [2024-10-26 09:50:42,025] {dag.py:2927} INFO - Setting next_dagrun for example_skip_dag to 2024-10-25T12:50:42.024945+00:00, run_after=2024-10-26T12:50:42.024945+00:00
[2024-10-26 09:50:42,041] {processor.py:161} INFO - Processing /root/Documentos/airflow/venv/lib/python3.9/site-packages/airflow/example_dags/example_skip_dag.py took 0.041 seconds
[2024-10-26 09:51:13,589] {processor.py:153} INFO - Started process (PID=4929) to work on /root/Documentos/airflow/venv/lib/python3.9/site-packages/airflow/example_dags/example_skip_dag.py
[2024-10-26 09:51:13,589] {processor.py:641} INFO - Processing file /root/Documentos/airflow/venv/lib/python3.9/site-packages/airflow/example_dags/example_skip_dag.py for tasks to queue
[2024-10-26 09:51:13,589] {logging_mixin.py:115} INFO - [2024-10-26 09:51:13,589] {dagbag.py:507} INFO - Filling up the DagBag from /root/Documentos/airflow/venv/lib/python3.9/site-packages/airflow/example_dags/example_skip_dag.py
[2024-10-26 09:51:13,591] {processor.py:651} INFO - DAG(s) dict_keys(['example_skip_dag']) retrieved from /root/Documentos/airflow/venv/lib/python3.9/site-packages/airflow/example_dags/example_skip_dag.py
[2024-10-26 09:51:13,600] {logging_mixin.py:115} INFO - [2024-10-26 09:51:13,600] {dag.py:2379} INFO - Sync 1 DAGs
[2024-10-26 09:51:13,611] {logging_mixin.py:115} INFO - [2024-10-26 09:51:13,611] {dag.py:2927} INFO - Setting next_dagrun for example_skip_dag to 2024-10-25T12:51:13.610868+00:00, run_after=2024-10-26T12:51:13.610868+00:00
[2024-10-26 09:51:13,627] {processor.py:161} INFO - Processing /root/Documentos/airflow/venv/lib/python3.9/site-packages/airflow/example_dags/example_skip_dag.py took 0.040 seconds
[2024-10-26 09:51:48,526] {processor.py:153} INFO - Started process (PID=5098) to work on /root/Documentos/airflow/venv/lib/python3.9/site-packages/airflow/example_dags/example_skip_dag.py
[2024-10-26 09:51:48,530] {processor.py:641} INFO - Processing file /root/Documentos/airflow/venv/lib/python3.9/site-packages/airflow/example_dags/example_skip_dag.py for tasks to queue
[2024-10-26 09:51:48,530] {logging_mixin.py:115} INFO - [2024-10-26 09:51:48,530] {dagbag.py:507} INFO - Filling up the DagBag from /root/Documentos/airflow/venv/lib/python3.9/site-packages/airflow/example_dags/example_skip_dag.py
[2024-10-26 09:51:48,533] {processor.py:651} INFO - DAG(s) dict_keys(['example_skip_dag']) retrieved from /root/Documentos/airflow/venv/lib/python3.9/site-packages/airflow/example_dags/example_skip_dag.py
[2024-10-26 09:51:48,542] {logging_mixin.py:115} INFO - [2024-10-26 09:51:48,541] {dag.py:2379} INFO - Sync 1 DAGs
[2024-10-26 09:51:48,552] {logging_mixin.py:115} INFO - [2024-10-26 09:51:48,552] {dag.py:2927} INFO - Setting next_dagrun for example_skip_dag to 2024-10-25T12:51:48.552113+00:00, run_after=2024-10-26T12:51:48.552113+00:00
[2024-10-26 09:51:48,566] {processor.py:161} INFO - Processing /root/Documentos/airflow/venv/lib/python3.9/site-packages/airflow/example_dags/example_skip_dag.py took 0.041 seconds
[2024-10-26 09:52:22,997] {processor.py:153} INFO - Started process (PID=5266) to work on /root/Documentos/airflow/venv/lib/python3.9/site-packages/airflow/example_dags/example_skip_dag.py
[2024-10-26 09:52:22,998] {processor.py:641} INFO - Processing file /root/Documentos/airflow/venv/lib/python3.9/site-packages/airflow/example_dags/example_skip_dag.py for tasks to queue
[2024-10-26 09:52:22,999] {logging_mixin.py:115} INFO - [2024-10-26 09:52:22,999] {dagbag.py:507} INFO - Filling up the DagBag from /root/Documentos/airflow/venv/lib/python3.9/site-packages/airflow/example_dags/example_skip_dag.py
[2024-10-26 09:52:23,001] {processor.py:651} INFO - DAG(s) dict_keys(['example_skip_dag']) retrieved from /root/Documentos/airflow/venv/lib/python3.9/site-packages/airflow/example_dags/example_skip_dag.py
[2024-10-26 09:52:23,010] {logging_mixin.py:115} INFO - [2024-10-26 09:52:23,009] {dag.py:2379} INFO - Sync 1 DAGs
[2024-10-26 09:52:23,020] {logging_mixin.py:115} INFO - [2024-10-26 09:52:23,020] {dag.py:2927} INFO - Setting next_dagrun for example_skip_dag to 2024-10-25T12:52:23.020429+00:00, run_after=2024-10-26T12:52:23.020429+00:00
[2024-10-26 09:52:23,035] {processor.py:161} INFO - Processing /root/Documentos/airflow/venv/lib/python3.9/site-packages/airflow/example_dags/example_skip_dag.py took 0.039 seconds
[2024-10-26 09:52:58,601] {processor.py:153} INFO - Started process (PID=5438) to work on /root/Documentos/airflow/venv/lib/python3.9/site-packages/airflow/example_dags/example_skip_dag.py
[2024-10-26 09:52:58,602] {processor.py:641} INFO - Processing file /root/Documentos/airflow/venv/lib/python3.9/site-packages/airflow/example_dags/example_skip_dag.py for tasks to queue
[2024-10-26 09:52:58,602] {logging_mixin.py:115} INFO - [2024-10-26 09:52:58,602] {dagbag.py:507} INFO - Filling up the DagBag from /root/Documentos/airflow/venv/lib/python3.9/site-packages/airflow/example_dags/example_skip_dag.py
[2024-10-26 09:52:58,605] {processor.py:651} INFO - DAG(s) dict_keys(['example_skip_dag']) retrieved from /root/Documentos/airflow/venv/lib/python3.9/site-packages/airflow/example_dags/example_skip_dag.py
[2024-10-26 09:52:58,613] {logging_mixin.py:115} INFO - [2024-10-26 09:52:58,613] {dag.py:2379} INFO - Sync 1 DAGs
[2024-10-26 09:52:58,623] {logging_mixin.py:115} INFO - [2024-10-26 09:52:58,623] {dag.py:2927} INFO - Setting next_dagrun for example_skip_dag to 2024-10-25T12:52:58.623650+00:00, run_after=2024-10-26T12:52:58.623650+00:00
[2024-10-26 09:52:58,639] {processor.py:161} INFO - Processing /root/Documentos/airflow/venv/lib/python3.9/site-packages/airflow/example_dags/example_skip_dag.py took 0.039 seconds
[2024-10-26 09:53:33,541] {processor.py:153} INFO - Started process (PID=5606) to work on /root/Documentos/airflow/venv/lib/python3.9/site-packages/airflow/example_dags/example_skip_dag.py
[2024-10-26 09:53:33,543] {processor.py:641} INFO - Processing file /root/Documentos/airflow/venv/lib/python3.9/site-packages/airflow/example_dags/example_skip_dag.py for tasks to queue
[2024-10-26 09:53:33,543] {logging_mixin.py:115} INFO - [2024-10-26 09:53:33,543] {dagbag.py:507} INFO - Filling up the DagBag from /root/Documentos/airflow/venv/lib/python3.9/site-packages/airflow/example_dags/example_skip_dag.py
[2024-10-26 09:53:33,545] {processor.py:651} INFO - DAG(s) dict_keys(['example_skip_dag']) retrieved from /root/Documentos/airflow/venv/lib/python3.9/site-packages/airflow/example_dags/example_skip_dag.py
[2024-10-26 09:53:33,554] {logging_mixin.py:115} INFO - [2024-10-26 09:53:33,554] {dag.py:2379} INFO - Sync 1 DAGs
[2024-10-26 09:53:33,565] {logging_mixin.py:115} INFO - [2024-10-26 09:53:33,565] {dag.py:2927} INFO - Setting next_dagrun for example_skip_dag to 2024-10-25T12:53:33.564878+00:00, run_after=2024-10-26T12:53:33.564878+00:00
[2024-10-26 09:53:33,579] {processor.py:161} INFO - Processing /root/Documentos/airflow/venv/lib/python3.9/site-packages/airflow/example_dags/example_skip_dag.py took 0.039 seconds
[2024-10-26 09:54:06,238] {processor.py:153} INFO - Started process (PID=5765) to work on /root/Documentos/airflow/venv/lib/python3.9/site-packages/airflow/example_dags/example_skip_dag.py
[2024-10-26 09:54:06,238] {processor.py:641} INFO - Processing file /root/Documentos/airflow/venv/lib/python3.9/site-packages/airflow/example_dags/example_skip_dag.py for tasks to queue
[2024-10-26 09:54:06,238] {logging_mixin.py:115} INFO - [2024-10-26 09:54:06,238] {dagbag.py:507} INFO - Filling up the DagBag from /root/Documentos/airflow/venv/lib/python3.9/site-packages/airflow/example_dags/example_skip_dag.py
[2024-10-26 09:54:06,241] {processor.py:651} INFO - DAG(s) dict_keys(['example_skip_dag']) retrieved from /root/Documentos/airflow/venv/lib/python3.9/site-packages/airflow/example_dags/example_skip_dag.py
[2024-10-26 09:54:06,249] {logging_mixin.py:115} INFO - [2024-10-26 09:54:06,249] {dag.py:2379} INFO - Sync 1 DAGs
[2024-10-26 09:54:06,260] {logging_mixin.py:115} INFO - [2024-10-26 09:54:06,259] {dag.py:2927} INFO - Setting next_dagrun for example_skip_dag to 2024-10-25T12:54:06.259850+00:00, run_after=2024-10-26T12:54:06.259850+00:00
[2024-10-26 09:54:06,275] {processor.py:161} INFO - Processing /root/Documentos/airflow/venv/lib/python3.9/site-packages/airflow/example_dags/example_skip_dag.py took 0.039 seconds
[2024-10-26 09:54:41,423] {processor.py:153} INFO - Started process (PID=5935) to work on /root/Documentos/airflow/venv/lib/python3.9/site-packages/airflow/example_dags/example_skip_dag.py
[2024-10-26 09:54:41,428] {processor.py:641} INFO - Processing file /root/Documentos/airflow/venv/lib/python3.9/site-packages/airflow/example_dags/example_skip_dag.py for tasks to queue
[2024-10-26 09:54:41,428] {logging_mixin.py:115} INFO - [2024-10-26 09:54:41,428] {dagbag.py:507} INFO - Filling up the DagBag from /root/Documentos/airflow/venv/lib/python3.9/site-packages/airflow/example_dags/example_skip_dag.py
[2024-10-26 09:54:41,431] {processor.py:651} INFO - DAG(s) dict_keys(['example_skip_dag']) retrieved from /root/Documentos/airflow/venv/lib/python3.9/site-packages/airflow/example_dags/example_skip_dag.py
[2024-10-26 09:54:41,439] {logging_mixin.py:115} INFO - [2024-10-26 09:54:41,439] {dag.py:2379} INFO - Sync 1 DAGs
[2024-10-26 09:54:41,449] {logging_mixin.py:115} INFO - [2024-10-26 09:54:41,449] {dag.py:2927} INFO - Setting next_dagrun for example_skip_dag to 2024-10-25T12:54:41.449477+00:00, run_after=2024-10-26T12:54:41.449477+00:00
[2024-10-26 09:54:41,465] {processor.py:161} INFO - Processing /root/Documentos/airflow/venv/lib/python3.9/site-packages/airflow/example_dags/example_skip_dag.py took 0.044 seconds
[2024-10-26 09:55:15,153] {processor.py:153} INFO - Started process (PID=6103) to work on /root/Documentos/airflow/venv/lib/python3.9/site-packages/airflow/example_dags/example_skip_dag.py
[2024-10-26 09:55:15,153] {processor.py:641} INFO - Processing file /root/Documentos/airflow/venv/lib/python3.9/site-packages/airflow/example_dags/example_skip_dag.py for tasks to queue
[2024-10-26 09:55:15,153] {logging_mixin.py:115} INFO - [2024-10-26 09:55:15,153] {dagbag.py:507} INFO - Filling up the DagBag from /root/Documentos/airflow/venv/lib/python3.9/site-packages/airflow/example_dags/example_skip_dag.py
[2024-10-26 09:55:15,155] {processor.py:651} INFO - DAG(s) dict_keys(['example_skip_dag']) retrieved from /root/Documentos/airflow/venv/lib/python3.9/site-packages/airflow/example_dags/example_skip_dag.py
[2024-10-26 09:55:15,164] {logging_mixin.py:115} INFO - [2024-10-26 09:55:15,164] {dag.py:2379} INFO - Sync 1 DAGs
[2024-10-26 09:55:15,175] {logging_mixin.py:115} INFO - [2024-10-26 09:55:15,175] {dag.py:2927} INFO - Setting next_dagrun for example_skip_dag to 2024-10-25T12:55:15.175341+00:00, run_after=2024-10-26T12:55:15.175341+00:00
[2024-10-26 09:55:15,189] {processor.py:161} INFO - Processing /root/Documentos/airflow/venv/lib/python3.9/site-packages/airflow/example_dags/example_skip_dag.py took 0.038 seconds
