[2024-10-26 09:24:53,878] {processor.py:153} INFO - Started process (PID=10254) to work on /root/Documentos/airflow/venv/lib/python3.9/site-packages/airflow/example_dags/example_trigger_controller_dag.py
[2024-10-26 09:24:53,879] {processor.py:641} INFO - Processing file /root/Documentos/airflow/venv/lib/python3.9/site-packages/airflow/example_dags/example_trigger_controller_dag.py for tasks to queue
[2024-10-26 09:24:53,879] {logging_mixin.py:115} INFO - [2024-10-26 09:24:53,879] {dagbag.py:507} INFO - Filling up the DagBag from /root/Documentos/airflow/venv/lib/python3.9/site-packages/airflow/example_dags/example_trigger_controller_dag.py
[2024-10-26 09:24:53,881] {processor.py:651} INFO - DAG(s) dict_keys(['example_trigger_controller_dag']) retrieved from /root/Documentos/airflow/venv/lib/python3.9/site-packages/airflow/example_dags/example_trigger_controller_dag.py
[2024-10-26 09:24:53,935] {logging_mixin.py:115} INFO - [2024-10-26 09:24:53,935] {manager.py:508} INFO - Created Permission View: can edit on DAG:example_trigger_controller_dag
[2024-10-26 09:24:53,945] {logging_mixin.py:115} INFO - [2024-10-26 09:24:53,945] {manager.py:508} INFO - Created Permission View: can read on DAG:example_trigger_controller_dag
[2024-10-26 09:24:53,954] {logging_mixin.py:115} INFO - [2024-10-26 09:24:53,954] {manager.py:508} INFO - Created Permission View: can delete on DAG:example_trigger_controller_dag
[2024-10-26 09:24:53,955] {logging_mixin.py:115} INFO - [2024-10-26 09:24:53,955] {dag.py:2379} INFO - Sync 1 DAGs
[2024-10-26 09:24:53,959] {logging_mixin.py:115} INFO - [2024-10-26 09:24:53,959] {dag.py:2398} INFO - Creating ORM DAG for example_trigger_controller_dag
[2024-10-26 09:24:53,964] {logging_mixin.py:115} INFO - [2024-10-26 09:24:53,964] {dag.py:2927} INFO - Setting next_dagrun for example_trigger_controller_dag to 2021-01-01T00:00:00+00:00, run_after=2021-01-01T00:00:00+00:00
[2024-10-26 09:24:53,979] {processor.py:161} INFO - Processing /root/Documentos/airflow/venv/lib/python3.9/site-packages/airflow/example_dags/example_trigger_controller_dag.py took 0.102 seconds
[2024-10-26 09:25:29,317] {processor.py:153} INFO - Started process (PID=10425) to work on /root/Documentos/airflow/venv/lib/python3.9/site-packages/airflow/example_dags/example_trigger_controller_dag.py
[2024-10-26 09:25:29,322] {processor.py:641} INFO - Processing file /root/Documentos/airflow/venv/lib/python3.9/site-packages/airflow/example_dags/example_trigger_controller_dag.py for tasks to queue
[2024-10-26 09:25:29,322] {logging_mixin.py:115} INFO - [2024-10-26 09:25:29,322] {dagbag.py:507} INFO - Filling up the DagBag from /root/Documentos/airflow/venv/lib/python3.9/site-packages/airflow/example_dags/example_trigger_controller_dag.py
[2024-10-26 09:25:29,324] {processor.py:651} INFO - DAG(s) dict_keys(['example_trigger_controller_dag']) retrieved from /root/Documentos/airflow/venv/lib/python3.9/site-packages/airflow/example_dags/example_trigger_controller_dag.py
[2024-10-26 09:25:29,332] {logging_mixin.py:115} INFO - [2024-10-26 09:25:29,332] {dag.py:2379} INFO - Sync 1 DAGs
[2024-10-26 09:25:29,343] {logging_mixin.py:115} INFO - [2024-10-26 09:25:29,342] {dag.py:2927} INFO - Setting next_dagrun for example_trigger_controller_dag to 2021-01-01T00:00:00+00:00, run_after=2021-01-01T00:00:00+00:00
[2024-10-26 09:25:29,356] {processor.py:161} INFO - Processing /root/Documentos/airflow/venv/lib/python3.9/site-packages/airflow/example_dags/example_trigger_controller_dag.py took 0.040 seconds
[2024-10-26 09:26:00,489] {processor.py:153} INFO - Started process (PID=10578) to work on /root/Documentos/airflow/venv/lib/python3.9/site-packages/airflow/example_dags/example_trigger_controller_dag.py
[2024-10-26 09:26:00,490] {processor.py:641} INFO - Processing file /root/Documentos/airflow/venv/lib/python3.9/site-packages/airflow/example_dags/example_trigger_controller_dag.py for tasks to queue
[2024-10-26 09:26:00,491] {logging_mixin.py:115} INFO - [2024-10-26 09:26:00,490] {dagbag.py:507} INFO - Filling up the DagBag from /root/Documentos/airflow/venv/lib/python3.9/site-packages/airflow/example_dags/example_trigger_controller_dag.py
[2024-10-26 09:26:00,493] {processor.py:651} INFO - DAG(s) dict_keys(['example_trigger_controller_dag']) retrieved from /root/Documentos/airflow/venv/lib/python3.9/site-packages/airflow/example_dags/example_trigger_controller_dag.py
[2024-10-26 09:26:00,501] {logging_mixin.py:115} INFO - [2024-10-26 09:26:00,501] {dag.py:2379} INFO - Sync 1 DAGs
[2024-10-26 09:26:00,512] {logging_mixin.py:115} INFO - [2024-10-26 09:26:00,512] {dag.py:2927} INFO - Setting next_dagrun for example_trigger_controller_dag to 2021-01-01T00:00:00+00:00, run_after=2021-01-01T00:00:00+00:00
[2024-10-26 09:26:00,526] {processor.py:161} INFO - Processing /root/Documentos/airflow/venv/lib/python3.9/site-packages/airflow/example_dags/example_trigger_controller_dag.py took 0.038 seconds
[2024-10-26 09:26:34,929] {processor.py:153} INFO - Started process (PID=10744) to work on /root/Documentos/airflow/venv/lib/python3.9/site-packages/airflow/example_dags/example_trigger_controller_dag.py
[2024-10-26 09:26:34,936] {processor.py:641} INFO - Processing file /root/Documentos/airflow/venv/lib/python3.9/site-packages/airflow/example_dags/example_trigger_controller_dag.py for tasks to queue
[2024-10-26 09:26:34,936] {logging_mixin.py:115} INFO - [2024-10-26 09:26:34,936] {dagbag.py:507} INFO - Filling up the DagBag from /root/Documentos/airflow/venv/lib/python3.9/site-packages/airflow/example_dags/example_trigger_controller_dag.py
[2024-10-26 09:26:34,938] {processor.py:651} INFO - DAG(s) dict_keys(['example_trigger_controller_dag']) retrieved from /root/Documentos/airflow/venv/lib/python3.9/site-packages/airflow/example_dags/example_trigger_controller_dag.py
[2024-10-26 09:26:34,946] {logging_mixin.py:115} INFO - [2024-10-26 09:26:34,946] {dag.py:2379} INFO - Sync 1 DAGs
[2024-10-26 09:26:34,957] {logging_mixin.py:115} INFO - [2024-10-26 09:26:34,957] {dag.py:2927} INFO - Setting next_dagrun for example_trigger_controller_dag to 2021-01-01T00:00:00+00:00, run_after=2021-01-01T00:00:00+00:00
[2024-10-26 09:26:34,970] {processor.py:161} INFO - Processing /root/Documentos/airflow/venv/lib/python3.9/site-packages/airflow/example_dags/example_trigger_controller_dag.py took 0.043 seconds
[2024-10-26 09:27:07,656] {processor.py:153} INFO - Started process (PID=10903) to work on /root/Documentos/airflow/venv/lib/python3.9/site-packages/airflow/example_dags/example_trigger_controller_dag.py
[2024-10-26 09:27:07,663] {processor.py:641} INFO - Processing file /root/Documentos/airflow/venv/lib/python3.9/site-packages/airflow/example_dags/example_trigger_controller_dag.py for tasks to queue
[2024-10-26 09:27:07,664] {logging_mixin.py:115} INFO - [2024-10-26 09:27:07,664] {dagbag.py:507} INFO - Filling up the DagBag from /root/Documentos/airflow/venv/lib/python3.9/site-packages/airflow/example_dags/example_trigger_controller_dag.py
[2024-10-26 09:27:07,665] {processor.py:651} INFO - DAG(s) dict_keys(['example_trigger_controller_dag']) retrieved from /root/Documentos/airflow/venv/lib/python3.9/site-packages/airflow/example_dags/example_trigger_controller_dag.py
[2024-10-26 09:27:07,673] {logging_mixin.py:115} INFO - [2024-10-26 09:27:07,673] {dag.py:2379} INFO - Sync 1 DAGs
[2024-10-26 09:27:07,684] {logging_mixin.py:115} INFO - [2024-10-26 09:27:07,684] {dag.py:2927} INFO - Setting next_dagrun for example_trigger_controller_dag to 2021-01-01T00:00:00+00:00, run_after=2021-01-01T00:00:00+00:00
[2024-10-26 09:27:07,698] {processor.py:161} INFO - Processing /root/Documentos/airflow/venv/lib/python3.9/site-packages/airflow/example_dags/example_trigger_controller_dag.py took 0.043 seconds
[2024-10-26 09:27:42,161] {processor.py:153} INFO - Started process (PID=11076) to work on /root/Documentos/airflow/venv/lib/python3.9/site-packages/airflow/example_dags/example_trigger_controller_dag.py
[2024-10-26 09:27:42,166] {processor.py:641} INFO - Processing file /root/Documentos/airflow/venv/lib/python3.9/site-packages/airflow/example_dags/example_trigger_controller_dag.py for tasks to queue
[2024-10-26 09:27:42,166] {logging_mixin.py:115} INFO - [2024-10-26 09:27:42,166] {dagbag.py:507} INFO - Filling up the DagBag from /root/Documentos/airflow/venv/lib/python3.9/site-packages/airflow/example_dags/example_trigger_controller_dag.py
[2024-10-26 09:27:42,168] {processor.py:651} INFO - DAG(s) dict_keys(['example_trigger_controller_dag']) retrieved from /root/Documentos/airflow/venv/lib/python3.9/site-packages/airflow/example_dags/example_trigger_controller_dag.py
[2024-10-26 09:27:42,176] {logging_mixin.py:115} INFO - [2024-10-26 09:27:42,176] {dag.py:2379} INFO - Sync 1 DAGs
[2024-10-26 09:27:42,186] {logging_mixin.py:115} INFO - [2024-10-26 09:27:42,186] {dag.py:2927} INFO - Setting next_dagrun for example_trigger_controller_dag to 2021-01-01T00:00:00+00:00, run_after=2021-01-01T00:00:00+00:00
[2024-10-26 09:27:42,199] {processor.py:161} INFO - Processing /root/Documentos/airflow/venv/lib/python3.9/site-packages/airflow/example_dags/example_trigger_controller_dag.py took 0.040 seconds
[2024-10-26 09:28:16,443] {processor.py:153} INFO - Started process (PID=11241) to work on /root/Documentos/airflow/venv/lib/python3.9/site-packages/airflow/example_dags/example_trigger_controller_dag.py
[2024-10-26 09:28:16,448] {processor.py:641} INFO - Processing file /root/Documentos/airflow/venv/lib/python3.9/site-packages/airflow/example_dags/example_trigger_controller_dag.py for tasks to queue
[2024-10-26 09:28:16,449] {logging_mixin.py:115} INFO - [2024-10-26 09:28:16,449] {dagbag.py:507} INFO - Filling up the DagBag from /root/Documentos/airflow/venv/lib/python3.9/site-packages/airflow/example_dags/example_trigger_controller_dag.py
[2024-10-26 09:28:16,450] {processor.py:651} INFO - DAG(s) dict_keys(['example_trigger_controller_dag']) retrieved from /root/Documentos/airflow/venv/lib/python3.9/site-packages/airflow/example_dags/example_trigger_controller_dag.py
[2024-10-26 09:28:16,459] {logging_mixin.py:115} INFO - [2024-10-26 09:28:16,459] {dag.py:2379} INFO - Sync 1 DAGs
[2024-10-26 09:28:16,470] {logging_mixin.py:115} INFO - [2024-10-26 09:28:16,470] {dag.py:2927} INFO - Setting next_dagrun for example_trigger_controller_dag to 2021-01-01T00:00:00+00:00, run_after=2021-01-01T00:00:00+00:00
[2024-10-26 09:28:16,482] {processor.py:161} INFO - Processing /root/Documentos/airflow/venv/lib/python3.9/site-packages/airflow/example_dags/example_trigger_controller_dag.py took 0.041 seconds
[2024-10-26 09:28:49,324] {processor.py:153} INFO - Started process (PID=11406) to work on /root/Documentos/airflow/venv/lib/python3.9/site-packages/airflow/example_dags/example_trigger_controller_dag.py
[2024-10-26 09:28:49,325] {processor.py:641} INFO - Processing file /root/Documentos/airflow/venv/lib/python3.9/site-packages/airflow/example_dags/example_trigger_controller_dag.py for tasks to queue
[2024-10-26 09:28:49,325] {logging_mixin.py:115} INFO - [2024-10-26 09:28:49,325] {dagbag.py:507} INFO - Filling up the DagBag from /root/Documentos/airflow/venv/lib/python3.9/site-packages/airflow/example_dags/example_trigger_controller_dag.py
[2024-10-26 09:28:49,327] {processor.py:651} INFO - DAG(s) dict_keys(['example_trigger_controller_dag']) retrieved from /root/Documentos/airflow/venv/lib/python3.9/site-packages/airflow/example_dags/example_trigger_controller_dag.py
[2024-10-26 09:28:49,335] {logging_mixin.py:115} INFO - [2024-10-26 09:28:49,335] {dag.py:2379} INFO - Sync 1 DAGs
[2024-10-26 09:28:49,345] {logging_mixin.py:115} INFO - [2024-10-26 09:28:49,345] {dag.py:2927} INFO - Setting next_dagrun for example_trigger_controller_dag to 2021-01-01T00:00:00+00:00, run_after=2021-01-01T00:00:00+00:00
[2024-10-26 09:28:49,358] {processor.py:161} INFO - Processing /root/Documentos/airflow/venv/lib/python3.9/site-packages/airflow/example_dags/example_trigger_controller_dag.py took 0.035 seconds
[2024-10-26 09:38:09,316] {processor.py:153} INFO - Started process (PID=1041) to work on /root/Documentos/airflow/venv/lib/python3.9/site-packages/airflow/example_dags/example_trigger_controller_dag.py
[2024-10-26 09:38:09,319] {processor.py:641} INFO - Processing file /root/Documentos/airflow/venv/lib/python3.9/site-packages/airflow/example_dags/example_trigger_controller_dag.py for tasks to queue
[2024-10-26 09:38:09,320] {logging_mixin.py:115} INFO - [2024-10-26 09:38:09,320] {dagbag.py:507} INFO - Filling up the DagBag from /root/Documentos/airflow/venv/lib/python3.9/site-packages/airflow/example_dags/example_trigger_controller_dag.py
[2024-10-26 09:38:09,321] {processor.py:651} INFO - DAG(s) dict_keys(['example_trigger_controller_dag']) retrieved from /root/Documentos/airflow/venv/lib/python3.9/site-packages/airflow/example_dags/example_trigger_controller_dag.py
[2024-10-26 09:38:09,331] {logging_mixin.py:115} INFO - [2024-10-26 09:38:09,331] {dag.py:2379} INFO - Sync 1 DAGs
[2024-10-26 09:38:09,342] {logging_mixin.py:115} INFO - [2024-10-26 09:38:09,342] {dag.py:2927} INFO - Setting next_dagrun for example_trigger_controller_dag to 2021-01-01T00:00:00+00:00, run_after=2021-01-01T00:00:00+00:00
[2024-10-26 09:38:09,356] {processor.py:161} INFO - Processing /root/Documentos/airflow/venv/lib/python3.9/site-packages/airflow/example_dags/example_trigger_controller_dag.py took 0.041 seconds
[2024-10-26 09:38:41,931] {processor.py:153} INFO - Started process (PID=1203) to work on /root/Documentos/airflow/venv/lib/python3.9/site-packages/airflow/example_dags/example_trigger_controller_dag.py
[2024-10-26 09:38:41,932] {processor.py:641} INFO - Processing file /root/Documentos/airflow/venv/lib/python3.9/site-packages/airflow/example_dags/example_trigger_controller_dag.py for tasks to queue
[2024-10-26 09:38:41,933] {logging_mixin.py:115} INFO - [2024-10-26 09:38:41,932] {dagbag.py:507} INFO - Filling up the DagBag from /root/Documentos/airflow/venv/lib/python3.9/site-packages/airflow/example_dags/example_trigger_controller_dag.py
[2024-10-26 09:38:41,934] {processor.py:651} INFO - DAG(s) dict_keys(['example_trigger_controller_dag']) retrieved from /root/Documentos/airflow/venv/lib/python3.9/site-packages/airflow/example_dags/example_trigger_controller_dag.py
[2024-10-26 09:38:41,943] {logging_mixin.py:115} INFO - [2024-10-26 09:38:41,943] {dag.py:2379} INFO - Sync 1 DAGs
[2024-10-26 09:38:41,953] {logging_mixin.py:115} INFO - [2024-10-26 09:38:41,953] {dag.py:2927} INFO - Setting next_dagrun for example_trigger_controller_dag to 2021-01-01T00:00:00+00:00, run_after=2021-01-01T00:00:00+00:00
[2024-10-26 09:38:41,965] {processor.py:161} INFO - Processing /root/Documentos/airflow/venv/lib/python3.9/site-packages/airflow/example_dags/example_trigger_controller_dag.py took 0.036 seconds
[2024-10-26 09:39:16,276] {processor.py:153} INFO - Started process (PID=1372) to work on /root/Documentos/airflow/venv/lib/python3.9/site-packages/airflow/example_dags/example_trigger_controller_dag.py
[2024-10-26 09:39:16,281] {processor.py:641} INFO - Processing file /root/Documentos/airflow/venv/lib/python3.9/site-packages/airflow/example_dags/example_trigger_controller_dag.py for tasks to queue
[2024-10-26 09:39:16,282] {logging_mixin.py:115} INFO - [2024-10-26 09:39:16,282] {dagbag.py:507} INFO - Filling up the DagBag from /root/Documentos/airflow/venv/lib/python3.9/site-packages/airflow/example_dags/example_trigger_controller_dag.py
[2024-10-26 09:39:16,283] {processor.py:651} INFO - DAG(s) dict_keys(['example_trigger_controller_dag']) retrieved from /root/Documentos/airflow/venv/lib/python3.9/site-packages/airflow/example_dags/example_trigger_controller_dag.py
[2024-10-26 09:39:16,291] {logging_mixin.py:115} INFO - [2024-10-26 09:39:16,291] {dag.py:2379} INFO - Sync 1 DAGs
[2024-10-26 09:39:16,302] {logging_mixin.py:115} INFO - [2024-10-26 09:39:16,302] {dag.py:2927} INFO - Setting next_dagrun for example_trigger_controller_dag to 2021-01-01T00:00:00+00:00, run_after=2021-01-01T00:00:00+00:00
[2024-10-26 09:39:16,315] {processor.py:161} INFO - Processing /root/Documentos/airflow/venv/lib/python3.9/site-packages/airflow/example_dags/example_trigger_controller_dag.py took 0.040 seconds
[2024-10-26 09:39:48,663] {processor.py:153} INFO - Started process (PID=1530) to work on /root/Documentos/airflow/venv/lib/python3.9/site-packages/airflow/example_dags/example_trigger_controller_dag.py
[2024-10-26 09:39:48,669] {processor.py:641} INFO - Processing file /root/Documentos/airflow/venv/lib/python3.9/site-packages/airflow/example_dags/example_trigger_controller_dag.py for tasks to queue
[2024-10-26 09:39:48,669] {logging_mixin.py:115} INFO - [2024-10-26 09:39:48,669] {dagbag.py:507} INFO - Filling up the DagBag from /root/Documentos/airflow/venv/lib/python3.9/site-packages/airflow/example_dags/example_trigger_controller_dag.py
[2024-10-26 09:39:48,671] {processor.py:651} INFO - DAG(s) dict_keys(['example_trigger_controller_dag']) retrieved from /root/Documentos/airflow/venv/lib/python3.9/site-packages/airflow/example_dags/example_trigger_controller_dag.py
[2024-10-26 09:39:48,680] {logging_mixin.py:115} INFO - [2024-10-26 09:39:48,680] {dag.py:2379} INFO - Sync 1 DAGs
[2024-10-26 09:39:48,691] {logging_mixin.py:115} INFO - [2024-10-26 09:39:48,691] {dag.py:2927} INFO - Setting next_dagrun for example_trigger_controller_dag to 2021-01-01T00:00:00+00:00, run_after=2021-01-01T00:00:00+00:00
[2024-10-26 09:39:48,704] {processor.py:161} INFO - Processing /root/Documentos/airflow/venv/lib/python3.9/site-packages/airflow/example_dags/example_trigger_controller_dag.py took 0.042 seconds
[2024-10-26 09:40:22,256] {processor.py:153} INFO - Started process (PID=1692) to work on /root/Documentos/airflow/venv/lib/python3.9/site-packages/airflow/example_dags/example_trigger_controller_dag.py
[2024-10-26 09:40:22,261] {processor.py:641} INFO - Processing file /root/Documentos/airflow/venv/lib/python3.9/site-packages/airflow/example_dags/example_trigger_controller_dag.py for tasks to queue
[2024-10-26 09:40:22,262] {logging_mixin.py:115} INFO - [2024-10-26 09:40:22,262] {dagbag.py:507} INFO - Filling up the DagBag from /root/Documentos/airflow/venv/lib/python3.9/site-packages/airflow/example_dags/example_trigger_controller_dag.py
[2024-10-26 09:40:22,264] {processor.py:651} INFO - DAG(s) dict_keys(['example_trigger_controller_dag']) retrieved from /root/Documentos/airflow/venv/lib/python3.9/site-packages/airflow/example_dags/example_trigger_controller_dag.py
[2024-10-26 09:40:22,275] {logging_mixin.py:115} INFO - [2024-10-26 09:40:22,274] {dag.py:2379} INFO - Sync 1 DAGs
[2024-10-26 09:40:22,288] {logging_mixin.py:115} INFO - [2024-10-26 09:40:22,288] {dag.py:2927} INFO - Setting next_dagrun for example_trigger_controller_dag to 2021-01-01T00:00:00+00:00, run_after=2021-01-01T00:00:00+00:00
[2024-10-26 09:40:22,301] {processor.py:161} INFO - Processing /root/Documentos/airflow/venv/lib/python3.9/site-packages/airflow/example_dags/example_trigger_controller_dag.py took 0.046 seconds
[2024-10-26 09:40:58,381] {processor.py:153} INFO - Started process (PID=1866) to work on /root/Documentos/airflow/venv/lib/python3.9/site-packages/airflow/example_dags/example_trigger_controller_dag.py
[2024-10-26 09:40:58,388] {processor.py:641} INFO - Processing file /root/Documentos/airflow/venv/lib/python3.9/site-packages/airflow/example_dags/example_trigger_controller_dag.py for tasks to queue
[2024-10-26 09:40:58,389] {logging_mixin.py:115} INFO - [2024-10-26 09:40:58,389] {dagbag.py:507} INFO - Filling up the DagBag from /root/Documentos/airflow/venv/lib/python3.9/site-packages/airflow/example_dags/example_trigger_controller_dag.py
[2024-10-26 09:40:58,390] {processor.py:651} INFO - DAG(s) dict_keys(['example_trigger_controller_dag']) retrieved from /root/Documentos/airflow/venv/lib/python3.9/site-packages/airflow/example_dags/example_trigger_controller_dag.py
[2024-10-26 09:40:58,398] {logging_mixin.py:115} INFO - [2024-10-26 09:40:58,398] {dag.py:2379} INFO - Sync 1 DAGs
[2024-10-26 09:40:58,409] {logging_mixin.py:115} INFO - [2024-10-26 09:40:58,409] {dag.py:2927} INFO - Setting next_dagrun for example_trigger_controller_dag to 2021-01-01T00:00:00+00:00, run_after=2021-01-01T00:00:00+00:00
[2024-10-26 09:40:58,421] {processor.py:161} INFO - Processing /root/Documentos/airflow/venv/lib/python3.9/site-packages/airflow/example_dags/example_trigger_controller_dag.py took 0.042 seconds
[2024-10-26 09:41:30,571] {processor.py:153} INFO - Started process (PID=2024) to work on /root/Documentos/airflow/venv/lib/python3.9/site-packages/airflow/example_dags/example_trigger_controller_dag.py
[2024-10-26 09:41:30,576] {processor.py:641} INFO - Processing file /root/Documentos/airflow/venv/lib/python3.9/site-packages/airflow/example_dags/example_trigger_controller_dag.py for tasks to queue
[2024-10-26 09:41:30,577] {logging_mixin.py:115} INFO - [2024-10-26 09:41:30,576] {dagbag.py:507} INFO - Filling up the DagBag from /root/Documentos/airflow/venv/lib/python3.9/site-packages/airflow/example_dags/example_trigger_controller_dag.py
[2024-10-26 09:41:30,578] {processor.py:651} INFO - DAG(s) dict_keys(['example_trigger_controller_dag']) retrieved from /root/Documentos/airflow/venv/lib/python3.9/site-packages/airflow/example_dags/example_trigger_controller_dag.py
[2024-10-26 09:41:30,587] {logging_mixin.py:115} INFO - [2024-10-26 09:41:30,586] {dag.py:2379} INFO - Sync 1 DAGs
[2024-10-26 09:41:30,597] {logging_mixin.py:115} INFO - [2024-10-26 09:41:30,597] {dag.py:2927} INFO - Setting next_dagrun for example_trigger_controller_dag to 2021-01-01T00:00:00+00:00, run_after=2021-01-01T00:00:00+00:00
[2024-10-26 09:41:30,610] {processor.py:161} INFO - Processing /root/Documentos/airflow/venv/lib/python3.9/site-packages/airflow/example_dags/example_trigger_controller_dag.py took 0.040 seconds
[2024-10-26 09:42:07,305] {processor.py:153} INFO - Started process (PID=2199) to work on /root/Documentos/airflow/venv/lib/python3.9/site-packages/airflow/example_dags/example_trigger_controller_dag.py
[2024-10-26 09:42:07,310] {processor.py:641} INFO - Processing file /root/Documentos/airflow/venv/lib/python3.9/site-packages/airflow/example_dags/example_trigger_controller_dag.py for tasks to queue
[2024-10-26 09:42:07,310] {logging_mixin.py:115} INFO - [2024-10-26 09:42:07,310] {dagbag.py:507} INFO - Filling up the DagBag from /root/Documentos/airflow/venv/lib/python3.9/site-packages/airflow/example_dags/example_trigger_controller_dag.py
[2024-10-26 09:42:07,312] {processor.py:651} INFO - DAG(s) dict_keys(['example_trigger_controller_dag']) retrieved from /root/Documentos/airflow/venv/lib/python3.9/site-packages/airflow/example_dags/example_trigger_controller_dag.py
[2024-10-26 09:42:07,320] {logging_mixin.py:115} INFO - [2024-10-26 09:42:07,319] {dag.py:2379} INFO - Sync 1 DAGs
[2024-10-26 09:42:07,330] {logging_mixin.py:115} INFO - [2024-10-26 09:42:07,330] {dag.py:2927} INFO - Setting next_dagrun for example_trigger_controller_dag to 2021-01-01T00:00:00+00:00, run_after=2021-01-01T00:00:00+00:00
[2024-10-26 09:42:07,343] {processor.py:161} INFO - Processing /root/Documentos/airflow/venv/lib/python3.9/site-packages/airflow/example_dags/example_trigger_controller_dag.py took 0.040 seconds
[2024-10-26 09:42:39,976] {processor.py:153} INFO - Started process (PID=2359) to work on /root/Documentos/airflow/venv/lib/python3.9/site-packages/airflow/example_dags/example_trigger_controller_dag.py
[2024-10-26 09:42:39,976] {processor.py:641} INFO - Processing file /root/Documentos/airflow/venv/lib/python3.9/site-packages/airflow/example_dags/example_trigger_controller_dag.py for tasks to queue
[2024-10-26 09:42:39,976] {logging_mixin.py:115} INFO - [2024-10-26 09:42:39,976] {dagbag.py:507} INFO - Filling up the DagBag from /root/Documentos/airflow/venv/lib/python3.9/site-packages/airflow/example_dags/example_trigger_controller_dag.py
[2024-10-26 09:42:39,978] {processor.py:651} INFO - DAG(s) dict_keys(['example_trigger_controller_dag']) retrieved from /root/Documentos/airflow/venv/lib/python3.9/site-packages/airflow/example_dags/example_trigger_controller_dag.py
[2024-10-26 09:42:39,986] {logging_mixin.py:115} INFO - [2024-10-26 09:42:39,986] {dag.py:2379} INFO - Sync 1 DAGs
[2024-10-26 09:42:39,997] {logging_mixin.py:115} INFO - [2024-10-26 09:42:39,997] {dag.py:2927} INFO - Setting next_dagrun for example_trigger_controller_dag to 2021-01-01T00:00:00+00:00, run_after=2021-01-01T00:00:00+00:00
[2024-10-26 09:42:40,010] {processor.py:161} INFO - Processing /root/Documentos/airflow/venv/lib/python3.9/site-packages/airflow/example_dags/example_trigger_controller_dag.py took 0.036 seconds
[2024-10-26 09:43:12,422] {processor.py:153} INFO - Started process (PID=2517) to work on /root/Documentos/airflow/venv/lib/python3.9/site-packages/airflow/example_dags/example_trigger_controller_dag.py
[2024-10-26 09:43:12,428] {processor.py:641} INFO - Processing file /root/Documentos/airflow/venv/lib/python3.9/site-packages/airflow/example_dags/example_trigger_controller_dag.py for tasks to queue
[2024-10-26 09:43:12,429] {logging_mixin.py:115} INFO - [2024-10-26 09:43:12,429] {dagbag.py:507} INFO - Filling up the DagBag from /root/Documentos/airflow/venv/lib/python3.9/site-packages/airflow/example_dags/example_trigger_controller_dag.py
[2024-10-26 09:43:12,430] {processor.py:651} INFO - DAG(s) dict_keys(['example_trigger_controller_dag']) retrieved from /root/Documentos/airflow/venv/lib/python3.9/site-packages/airflow/example_dags/example_trigger_controller_dag.py
[2024-10-26 09:43:12,439] {logging_mixin.py:115} INFO - [2024-10-26 09:43:12,439] {dag.py:2379} INFO - Sync 1 DAGs
[2024-10-26 09:43:12,449] {logging_mixin.py:115} INFO - [2024-10-26 09:43:12,449] {dag.py:2927} INFO - Setting next_dagrun for example_trigger_controller_dag to 2021-01-01T00:00:00+00:00, run_after=2021-01-01T00:00:00+00:00
[2024-10-26 09:43:12,462] {processor.py:161} INFO - Processing /root/Documentos/airflow/venv/lib/python3.9/site-packages/airflow/example_dags/example_trigger_controller_dag.py took 0.042 seconds
[2024-10-26 09:43:49,285] {processor.py:153} INFO - Started process (PID=2691) to work on /root/Documentos/airflow/venv/lib/python3.9/site-packages/airflow/example_dags/example_trigger_controller_dag.py
[2024-10-26 09:43:49,292] {processor.py:641} INFO - Processing file /root/Documentos/airflow/venv/lib/python3.9/site-packages/airflow/example_dags/example_trigger_controller_dag.py for tasks to queue
[2024-10-26 09:43:49,292] {logging_mixin.py:115} INFO - [2024-10-26 09:43:49,292] {dagbag.py:507} INFO - Filling up the DagBag from /root/Documentos/airflow/venv/lib/python3.9/site-packages/airflow/example_dags/example_trigger_controller_dag.py
[2024-10-26 09:43:49,294] {processor.py:651} INFO - DAG(s) dict_keys(['example_trigger_controller_dag']) retrieved from /root/Documentos/airflow/venv/lib/python3.9/site-packages/airflow/example_dags/example_trigger_controller_dag.py
[2024-10-26 09:43:49,301] {logging_mixin.py:115} INFO - [2024-10-26 09:43:49,301] {dag.py:2379} INFO - Sync 1 DAGs
[2024-10-26 09:43:49,312] {logging_mixin.py:115} INFO - [2024-10-26 09:43:49,311] {dag.py:2927} INFO - Setting next_dagrun for example_trigger_controller_dag to 2021-01-01T00:00:00+00:00, run_after=2021-01-01T00:00:00+00:00
[2024-10-26 09:43:49,325] {processor.py:161} INFO - Processing /root/Documentos/airflow/venv/lib/python3.9/site-packages/airflow/example_dags/example_trigger_controller_dag.py took 0.041 seconds
[2024-10-26 09:44:22,670] {processor.py:153} INFO - Started process (PID=2853) to work on /root/Documentos/airflow/venv/lib/python3.9/site-packages/airflow/example_dags/example_trigger_controller_dag.py
[2024-10-26 09:44:22,675] {processor.py:641} INFO - Processing file /root/Documentos/airflow/venv/lib/python3.9/site-packages/airflow/example_dags/example_trigger_controller_dag.py for tasks to queue
[2024-10-26 09:44:22,675] {logging_mixin.py:115} INFO - [2024-10-26 09:44:22,675] {dagbag.py:507} INFO - Filling up the DagBag from /root/Documentos/airflow/venv/lib/python3.9/site-packages/airflow/example_dags/example_trigger_controller_dag.py
[2024-10-26 09:44:22,677] {processor.py:651} INFO - DAG(s) dict_keys(['example_trigger_controller_dag']) retrieved from /root/Documentos/airflow/venv/lib/python3.9/site-packages/airflow/example_dags/example_trigger_controller_dag.py
[2024-10-26 09:44:22,686] {logging_mixin.py:115} INFO - [2024-10-26 09:44:22,686] {dag.py:2379} INFO - Sync 1 DAGs
[2024-10-26 09:44:22,698] {logging_mixin.py:115} INFO - [2024-10-26 09:44:22,698] {dag.py:2927} INFO - Setting next_dagrun for example_trigger_controller_dag to 2021-01-01T00:00:00+00:00, run_after=2021-01-01T00:00:00+00:00
[2024-10-26 09:44:22,711] {processor.py:161} INFO - Processing /root/Documentos/airflow/venv/lib/python3.9/site-packages/airflow/example_dags/example_trigger_controller_dag.py took 0.043 seconds
[2024-10-26 09:44:55,799] {processor.py:153} INFO - Started process (PID=3014) to work on /root/Documentos/airflow/venv/lib/python3.9/site-packages/airflow/example_dags/example_trigger_controller_dag.py
[2024-10-26 09:44:55,803] {processor.py:641} INFO - Processing file /root/Documentos/airflow/venv/lib/python3.9/site-packages/airflow/example_dags/example_trigger_controller_dag.py for tasks to queue
[2024-10-26 09:44:55,804] {logging_mixin.py:115} INFO - [2024-10-26 09:44:55,804] {dagbag.py:507} INFO - Filling up the DagBag from /root/Documentos/airflow/venv/lib/python3.9/site-packages/airflow/example_dags/example_trigger_controller_dag.py
[2024-10-26 09:44:55,805] {processor.py:651} INFO - DAG(s) dict_keys(['example_trigger_controller_dag']) retrieved from /root/Documentos/airflow/venv/lib/python3.9/site-packages/airflow/example_dags/example_trigger_controller_dag.py
[2024-10-26 09:44:55,815] {logging_mixin.py:115} INFO - [2024-10-26 09:44:55,815] {dag.py:2379} INFO - Sync 1 DAGs
[2024-10-26 09:44:55,825] {logging_mixin.py:115} INFO - [2024-10-26 09:44:55,825] {dag.py:2927} INFO - Setting next_dagrun for example_trigger_controller_dag to 2021-01-01T00:00:00+00:00, run_after=2021-01-01T00:00:00+00:00
[2024-10-26 09:44:55,838] {processor.py:161} INFO - Processing /root/Documentos/airflow/venv/lib/python3.9/site-packages/airflow/example_dags/example_trigger_controller_dag.py took 0.041 seconds
[2024-10-26 09:45:29,612] {processor.py:153} INFO - Started process (PID=3177) to work on /root/Documentos/airflow/venv/lib/python3.9/site-packages/airflow/example_dags/example_trigger_controller_dag.py
[2024-10-26 09:45:29,612] {processor.py:641} INFO - Processing file /root/Documentos/airflow/venv/lib/python3.9/site-packages/airflow/example_dags/example_trigger_controller_dag.py for tasks to queue
[2024-10-26 09:45:29,613] {logging_mixin.py:115} INFO - [2024-10-26 09:45:29,613] {dagbag.py:507} INFO - Filling up the DagBag from /root/Documentos/airflow/venv/lib/python3.9/site-packages/airflow/example_dags/example_trigger_controller_dag.py
[2024-10-26 09:45:29,614] {processor.py:651} INFO - DAG(s) dict_keys(['example_trigger_controller_dag']) retrieved from /root/Documentos/airflow/venv/lib/python3.9/site-packages/airflow/example_dags/example_trigger_controller_dag.py
[2024-10-26 09:45:29,622] {logging_mixin.py:115} INFO - [2024-10-26 09:45:29,622] {dag.py:2379} INFO - Sync 1 DAGs
[2024-10-26 09:45:29,633] {logging_mixin.py:115} INFO - [2024-10-26 09:45:29,633] {dag.py:2927} INFO - Setting next_dagrun for example_trigger_controller_dag to 2021-01-01T00:00:00+00:00, run_after=2021-01-01T00:00:00+00:00
[2024-10-26 09:45:29,645] {processor.py:161} INFO - Processing /root/Documentos/airflow/venv/lib/python3.9/site-packages/airflow/example_dags/example_trigger_controller_dag.py took 0.034 seconds
[2024-10-26 09:46:07,347] {processor.py:153} INFO - Started process (PID=3359) to work on /root/Documentos/airflow/venv/lib/python3.9/site-packages/airflow/example_dags/example_trigger_controller_dag.py
[2024-10-26 09:46:07,348] {processor.py:641} INFO - Processing file /root/Documentos/airflow/venv/lib/python3.9/site-packages/airflow/example_dags/example_trigger_controller_dag.py for tasks to queue
[2024-10-26 09:46:07,349] {logging_mixin.py:115} INFO - [2024-10-26 09:46:07,349] {dagbag.py:507} INFO - Filling up the DagBag from /root/Documentos/airflow/venv/lib/python3.9/site-packages/airflow/example_dags/example_trigger_controller_dag.py
[2024-10-26 09:46:07,351] {processor.py:651} INFO - DAG(s) dict_keys(['example_trigger_controller_dag']) retrieved from /root/Documentos/airflow/venv/lib/python3.9/site-packages/airflow/example_dags/example_trigger_controller_dag.py
[2024-10-26 09:46:07,362] {logging_mixin.py:115} INFO - [2024-10-26 09:46:07,362] {dag.py:2379} INFO - Sync 1 DAGs
[2024-10-26 09:46:07,375] {logging_mixin.py:115} INFO - [2024-10-26 09:46:07,375] {dag.py:2927} INFO - Setting next_dagrun for example_trigger_controller_dag to 2021-01-01T00:00:00+00:00, run_after=2021-01-01T00:00:00+00:00
[2024-10-26 09:46:07,388] {processor.py:161} INFO - Processing /root/Documentos/airflow/venv/lib/python3.9/site-packages/airflow/example_dags/example_trigger_controller_dag.py took 0.043 seconds
[2024-10-26 09:46:40,045] {processor.py:153} INFO - Started process (PID=3595) to work on /root/Documentos/airflow/venv/lib/python3.9/site-packages/airflow/example_dags/example_trigger_controller_dag.py
[2024-10-26 09:46:40,051] {processor.py:641} INFO - Processing file /root/Documentos/airflow/venv/lib/python3.9/site-packages/airflow/example_dags/example_trigger_controller_dag.py for tasks to queue
[2024-10-26 09:46:40,052] {logging_mixin.py:115} INFO - [2024-10-26 09:46:40,051] {dagbag.py:507} INFO - Filling up the DagBag from /root/Documentos/airflow/venv/lib/python3.9/site-packages/airflow/example_dags/example_trigger_controller_dag.py
[2024-10-26 09:46:40,053] {processor.py:651} INFO - DAG(s) dict_keys(['example_trigger_controller_dag']) retrieved from /root/Documentos/airflow/venv/lib/python3.9/site-packages/airflow/example_dags/example_trigger_controller_dag.py
[2024-10-26 09:46:40,061] {logging_mixin.py:115} INFO - [2024-10-26 09:46:40,061] {dag.py:2379} INFO - Sync 1 DAGs
[2024-10-26 09:46:40,071] {logging_mixin.py:115} INFO - [2024-10-26 09:46:40,071] {dag.py:2927} INFO - Setting next_dagrun for example_trigger_controller_dag to 2021-01-01T00:00:00+00:00, run_after=2021-01-01T00:00:00+00:00
[2024-10-26 09:46:40,084] {processor.py:161} INFO - Processing /root/Documentos/airflow/venv/lib/python3.9/site-packages/airflow/example_dags/example_trigger_controller_dag.py took 0.040 seconds
[2024-10-26 09:47:17,311] {processor.py:153} INFO - Started process (PID=3775) to work on /root/Documentos/airflow/venv/lib/python3.9/site-packages/airflow/example_dags/example_trigger_controller_dag.py
[2024-10-26 09:47:17,318] {processor.py:641} INFO - Processing file /root/Documentos/airflow/venv/lib/python3.9/site-packages/airflow/example_dags/example_trigger_controller_dag.py for tasks to queue
[2024-10-26 09:47:17,318] {logging_mixin.py:115} INFO - [2024-10-26 09:47:17,318] {dagbag.py:507} INFO - Filling up the DagBag from /root/Documentos/airflow/venv/lib/python3.9/site-packages/airflow/example_dags/example_trigger_controller_dag.py
[2024-10-26 09:47:17,320] {processor.py:651} INFO - DAG(s) dict_keys(['example_trigger_controller_dag']) retrieved from /root/Documentos/airflow/venv/lib/python3.9/site-packages/airflow/example_dags/example_trigger_controller_dag.py
[2024-10-26 09:47:17,328] {logging_mixin.py:115} INFO - [2024-10-26 09:47:17,328] {dag.py:2379} INFO - Sync 1 DAGs
[2024-10-26 09:47:17,338] {logging_mixin.py:115} INFO - [2024-10-26 09:47:17,338] {dag.py:2927} INFO - Setting next_dagrun for example_trigger_controller_dag to 2021-01-01T00:00:00+00:00, run_after=2021-01-01T00:00:00+00:00
[2024-10-26 09:47:17,351] {processor.py:161} INFO - Processing /root/Documentos/airflow/venv/lib/python3.9/site-packages/airflow/example_dags/example_trigger_controller_dag.py took 0.042 seconds
[2024-10-26 09:47:48,617] {processor.py:153} INFO - Started process (PID=3929) to work on /root/Documentos/airflow/venv/lib/python3.9/site-packages/airflow/example_dags/example_trigger_controller_dag.py
[2024-10-26 09:47:48,618] {processor.py:641} INFO - Processing file /root/Documentos/airflow/venv/lib/python3.9/site-packages/airflow/example_dags/example_trigger_controller_dag.py for tasks to queue
[2024-10-26 09:47:48,618] {logging_mixin.py:115} INFO - [2024-10-26 09:47:48,618] {dagbag.py:507} INFO - Filling up the DagBag from /root/Documentos/airflow/venv/lib/python3.9/site-packages/airflow/example_dags/example_trigger_controller_dag.py
[2024-10-26 09:47:48,619] {processor.py:651} INFO - DAG(s) dict_keys(['example_trigger_controller_dag']) retrieved from /root/Documentos/airflow/venv/lib/python3.9/site-packages/airflow/example_dags/example_trigger_controller_dag.py
[2024-10-26 09:47:48,628] {logging_mixin.py:115} INFO - [2024-10-26 09:47:48,627] {dag.py:2379} INFO - Sync 1 DAGs
[2024-10-26 09:47:48,638] {logging_mixin.py:115} INFO - [2024-10-26 09:47:48,638] {dag.py:2927} INFO - Setting next_dagrun for example_trigger_controller_dag to 2021-01-01T00:00:00+00:00, run_after=2021-01-01T00:00:00+00:00
[2024-10-26 09:47:48,650] {processor.py:161} INFO - Processing /root/Documentos/airflow/venv/lib/python3.9/site-packages/airflow/example_dags/example_trigger_controller_dag.py took 0.034 seconds
[2024-10-26 09:48:23,840] {processor.py:153} INFO - Started process (PID=4108) to work on /root/Documentos/airflow/venv/lib/python3.9/site-packages/airflow/example_dags/example_trigger_controller_dag.py
[2024-10-26 09:48:23,844] {processor.py:641} INFO - Processing file /root/Documentos/airflow/venv/lib/python3.9/site-packages/airflow/example_dags/example_trigger_controller_dag.py for tasks to queue
[2024-10-26 09:48:23,845] {logging_mixin.py:115} INFO - [2024-10-26 09:48:23,845] {dagbag.py:507} INFO - Filling up the DagBag from /root/Documentos/airflow/venv/lib/python3.9/site-packages/airflow/example_dags/example_trigger_controller_dag.py
[2024-10-26 09:48:23,846] {processor.py:651} INFO - DAG(s) dict_keys(['example_trigger_controller_dag']) retrieved from /root/Documentos/airflow/venv/lib/python3.9/site-packages/airflow/example_dags/example_trigger_controller_dag.py
[2024-10-26 09:48:23,854] {logging_mixin.py:115} INFO - [2024-10-26 09:48:23,854] {dag.py:2379} INFO - Sync 1 DAGs
[2024-10-26 09:48:23,865] {logging_mixin.py:115} INFO - [2024-10-26 09:48:23,865] {dag.py:2927} INFO - Setting next_dagrun for example_trigger_controller_dag to 2021-01-01T00:00:00+00:00, run_after=2021-01-01T00:00:00+00:00
[2024-10-26 09:48:23,881] {processor.py:161} INFO - Processing /root/Documentos/airflow/venv/lib/python3.9/site-packages/airflow/example_dags/example_trigger_controller_dag.py took 0.042 seconds
[2024-10-26 09:49:00,722] {processor.py:153} INFO - Started process (PID=4286) to work on /root/Documentos/airflow/venv/lib/python3.9/site-packages/airflow/example_dags/example_trigger_controller_dag.py
[2024-10-26 09:49:00,726] {processor.py:641} INFO - Processing file /root/Documentos/airflow/venv/lib/python3.9/site-packages/airflow/example_dags/example_trigger_controller_dag.py for tasks to queue
[2024-10-26 09:49:00,726] {logging_mixin.py:115} INFO - [2024-10-26 09:49:00,726] {dagbag.py:507} INFO - Filling up the DagBag from /root/Documentos/airflow/venv/lib/python3.9/site-packages/airflow/example_dags/example_trigger_controller_dag.py
[2024-10-26 09:49:00,728] {processor.py:651} INFO - DAG(s) dict_keys(['example_trigger_controller_dag']) retrieved from /root/Documentos/airflow/venv/lib/python3.9/site-packages/airflow/example_dags/example_trigger_controller_dag.py
[2024-10-26 09:49:00,736] {logging_mixin.py:115} INFO - [2024-10-26 09:49:00,736] {dag.py:2379} INFO - Sync 1 DAGs
[2024-10-26 09:49:00,746] {logging_mixin.py:115} INFO - [2024-10-26 09:49:00,746] {dag.py:2927} INFO - Setting next_dagrun for example_trigger_controller_dag to 2021-01-01T00:00:00+00:00, run_after=2021-01-01T00:00:00+00:00
[2024-10-26 09:49:00,762] {processor.py:161} INFO - Processing /root/Documentos/airflow/venv/lib/python3.9/site-packages/airflow/example_dags/example_trigger_controller_dag.py took 0.041 seconds
[2024-10-26 09:49:36,654] {processor.py:153} INFO - Started process (PID=4459) to work on /root/Documentos/airflow/venv/lib/python3.9/site-packages/airflow/example_dags/example_trigger_controller_dag.py
[2024-10-26 09:49:36,654] {processor.py:641} INFO - Processing file /root/Documentos/airflow/venv/lib/python3.9/site-packages/airflow/example_dags/example_trigger_controller_dag.py for tasks to queue
[2024-10-26 09:49:36,655] {logging_mixin.py:115} INFO - [2024-10-26 09:49:36,655] {dagbag.py:507} INFO - Filling up the DagBag from /root/Documentos/airflow/venv/lib/python3.9/site-packages/airflow/example_dags/example_trigger_controller_dag.py
[2024-10-26 09:49:36,656] {processor.py:651} INFO - DAG(s) dict_keys(['example_trigger_controller_dag']) retrieved from /root/Documentos/airflow/venv/lib/python3.9/site-packages/airflow/example_dags/example_trigger_controller_dag.py
[2024-10-26 09:49:36,664] {logging_mixin.py:115} INFO - [2024-10-26 09:49:36,664] {dag.py:2379} INFO - Sync 1 DAGs
[2024-10-26 09:49:36,674] {logging_mixin.py:115} INFO - [2024-10-26 09:49:36,674] {dag.py:2927} INFO - Setting next_dagrun for example_trigger_controller_dag to 2021-01-01T00:00:00+00:00, run_after=2021-01-01T00:00:00+00:00
[2024-10-26 09:49:36,689] {processor.py:161} INFO - Processing /root/Documentos/airflow/venv/lib/python3.9/site-packages/airflow/example_dags/example_trigger_controller_dag.py took 0.036 seconds
[2024-10-26 09:50:13,224] {processor.py:153} INFO - Started process (PID=4635) to work on /root/Documentos/airflow/venv/lib/python3.9/site-packages/airflow/example_dags/example_trigger_controller_dag.py
[2024-10-26 09:50:13,229] {processor.py:641} INFO - Processing file /root/Documentos/airflow/venv/lib/python3.9/site-packages/airflow/example_dags/example_trigger_controller_dag.py for tasks to queue
[2024-10-26 09:50:13,230] {logging_mixin.py:115} INFO - [2024-10-26 09:50:13,230] {dagbag.py:507} INFO - Filling up the DagBag from /root/Documentos/airflow/venv/lib/python3.9/site-packages/airflow/example_dags/example_trigger_controller_dag.py
[2024-10-26 09:50:13,231] {processor.py:651} INFO - DAG(s) dict_keys(['example_trigger_controller_dag']) retrieved from /root/Documentos/airflow/venv/lib/python3.9/site-packages/airflow/example_dags/example_trigger_controller_dag.py
[2024-10-26 09:50:13,240] {logging_mixin.py:115} INFO - [2024-10-26 09:50:13,239] {dag.py:2379} INFO - Sync 1 DAGs
[2024-10-26 09:50:13,249] {logging_mixin.py:115} INFO - [2024-10-26 09:50:13,249] {dag.py:2927} INFO - Setting next_dagrun for example_trigger_controller_dag to 2021-01-01T00:00:00+00:00, run_after=2021-01-01T00:00:00+00:00
[2024-10-26 09:50:13,265] {processor.py:161} INFO - Processing /root/Documentos/airflow/venv/lib/python3.9/site-packages/airflow/example_dags/example_trigger_controller_dag.py took 0.042 seconds
[2024-10-26 09:50:46,521] {processor.py:153} INFO - Started process (PID=4796) to work on /root/Documentos/airflow/venv/lib/python3.9/site-packages/airflow/example_dags/example_trigger_controller_dag.py
[2024-10-26 09:50:46,521] {processor.py:641} INFO - Processing file /root/Documentos/airflow/venv/lib/python3.9/site-packages/airflow/example_dags/example_trigger_controller_dag.py for tasks to queue
[2024-10-26 09:50:46,521] {logging_mixin.py:115} INFO - [2024-10-26 09:50:46,521] {dagbag.py:507} INFO - Filling up the DagBag from /root/Documentos/airflow/venv/lib/python3.9/site-packages/airflow/example_dags/example_trigger_controller_dag.py
[2024-10-26 09:50:46,523] {processor.py:651} INFO - DAG(s) dict_keys(['example_trigger_controller_dag']) retrieved from /root/Documentos/airflow/venv/lib/python3.9/site-packages/airflow/example_dags/example_trigger_controller_dag.py
[2024-10-26 09:50:46,531] {logging_mixin.py:115} INFO - [2024-10-26 09:50:46,531] {dag.py:2379} INFO - Sync 1 DAGs
[2024-10-26 09:50:46,542] {logging_mixin.py:115} INFO - [2024-10-26 09:50:46,542] {dag.py:2927} INFO - Setting next_dagrun for example_trigger_controller_dag to 2021-01-01T00:00:00+00:00, run_after=2021-01-01T00:00:00+00:00
[2024-10-26 09:50:46,557] {processor.py:161} INFO - Processing /root/Documentos/airflow/venv/lib/python3.9/site-packages/airflow/example_dags/example_trigger_controller_dag.py took 0.037 seconds
[2024-10-26 09:51:18,714] {processor.py:153} INFO - Started process (PID=4954) to work on /root/Documentos/airflow/venv/lib/python3.9/site-packages/airflow/example_dags/example_trigger_controller_dag.py
[2024-10-26 09:51:18,715] {processor.py:641} INFO - Processing file /root/Documentos/airflow/venv/lib/python3.9/site-packages/airflow/example_dags/example_trigger_controller_dag.py for tasks to queue
[2024-10-26 09:51:18,715] {logging_mixin.py:115} INFO - [2024-10-26 09:51:18,715] {dagbag.py:507} INFO - Filling up the DagBag from /root/Documentos/airflow/venv/lib/python3.9/site-packages/airflow/example_dags/example_trigger_controller_dag.py
[2024-10-26 09:51:18,717] {processor.py:651} INFO - DAG(s) dict_keys(['example_trigger_controller_dag']) retrieved from /root/Documentos/airflow/venv/lib/python3.9/site-packages/airflow/example_dags/example_trigger_controller_dag.py
[2024-10-26 09:51:18,725] {logging_mixin.py:115} INFO - [2024-10-26 09:51:18,725] {dag.py:2379} INFO - Sync 1 DAGs
[2024-10-26 09:51:18,735] {logging_mixin.py:115} INFO - [2024-10-26 09:51:18,735] {dag.py:2927} INFO - Setting next_dagrun for example_trigger_controller_dag to 2021-01-01T00:00:00+00:00, run_after=2021-01-01T00:00:00+00:00
[2024-10-26 09:51:18,751] {processor.py:161} INFO - Processing /root/Documentos/airflow/venv/lib/python3.9/site-packages/airflow/example_dags/example_trigger_controller_dag.py took 0.038 seconds
[2024-10-26 09:51:53,672] {processor.py:153} INFO - Started process (PID=5123) to work on /root/Documentos/airflow/venv/lib/python3.9/site-packages/airflow/example_dags/example_trigger_controller_dag.py
[2024-10-26 09:51:53,675] {processor.py:641} INFO - Processing file /root/Documentos/airflow/venv/lib/python3.9/site-packages/airflow/example_dags/example_trigger_controller_dag.py for tasks to queue
[2024-10-26 09:51:53,676] {logging_mixin.py:115} INFO - [2024-10-26 09:51:53,676] {dagbag.py:507} INFO - Filling up the DagBag from /root/Documentos/airflow/venv/lib/python3.9/site-packages/airflow/example_dags/example_trigger_controller_dag.py
[2024-10-26 09:51:53,677] {processor.py:651} INFO - DAG(s) dict_keys(['example_trigger_controller_dag']) retrieved from /root/Documentos/airflow/venv/lib/python3.9/site-packages/airflow/example_dags/example_trigger_controller_dag.py
[2024-10-26 09:51:53,685] {logging_mixin.py:115} INFO - [2024-10-26 09:51:53,685] {dag.py:2379} INFO - Sync 1 DAGs
[2024-10-26 09:51:53,695] {logging_mixin.py:115} INFO - [2024-10-26 09:51:53,695] {dag.py:2927} INFO - Setting next_dagrun for example_trigger_controller_dag to 2021-01-01T00:00:00+00:00, run_after=2021-01-01T00:00:00+00:00
[2024-10-26 09:51:53,711] {processor.py:161} INFO - Processing /root/Documentos/airflow/venv/lib/python3.9/site-packages/airflow/example_dags/example_trigger_controller_dag.py took 0.041 seconds
[2024-10-26 09:52:26,690] {processor.py:153} INFO - Started process (PID=5284) to work on /root/Documentos/airflow/venv/lib/python3.9/site-packages/airflow/example_dags/example_trigger_controller_dag.py
[2024-10-26 09:52:26,693] {processor.py:641} INFO - Processing file /root/Documentos/airflow/venv/lib/python3.9/site-packages/airflow/example_dags/example_trigger_controller_dag.py for tasks to queue
[2024-10-26 09:52:26,693] {logging_mixin.py:115} INFO - [2024-10-26 09:52:26,693] {dagbag.py:507} INFO - Filling up the DagBag from /root/Documentos/airflow/venv/lib/python3.9/site-packages/airflow/example_dags/example_trigger_controller_dag.py
[2024-10-26 09:52:26,695] {processor.py:651} INFO - DAG(s) dict_keys(['example_trigger_controller_dag']) retrieved from /root/Documentos/airflow/venv/lib/python3.9/site-packages/airflow/example_dags/example_trigger_controller_dag.py
[2024-10-26 09:52:26,703] {logging_mixin.py:115} INFO - [2024-10-26 09:52:26,703] {dag.py:2379} INFO - Sync 1 DAGs
[2024-10-26 09:52:26,713] {logging_mixin.py:115} INFO - [2024-10-26 09:52:26,713] {dag.py:2927} INFO - Setting next_dagrun for example_trigger_controller_dag to 2021-01-01T00:00:00+00:00, run_after=2021-01-01T00:00:00+00:00
[2024-10-26 09:52:26,729] {processor.py:161} INFO - Processing /root/Documentos/airflow/venv/lib/python3.9/site-packages/airflow/example_dags/example_trigger_controller_dag.py took 0.040 seconds
[2024-10-26 09:53:03,117] {processor.py:153} INFO - Started process (PID=5459) to work on /root/Documentos/airflow/venv/lib/python3.9/site-packages/airflow/example_dags/example_trigger_controller_dag.py
[2024-10-26 09:53:03,122] {processor.py:641} INFO - Processing file /root/Documentos/airflow/venv/lib/python3.9/site-packages/airflow/example_dags/example_trigger_controller_dag.py for tasks to queue
[2024-10-26 09:53:03,122] {logging_mixin.py:115} INFO - [2024-10-26 09:53:03,122] {dagbag.py:507} INFO - Filling up the DagBag from /root/Documentos/airflow/venv/lib/python3.9/site-packages/airflow/example_dags/example_trigger_controller_dag.py
[2024-10-26 09:53:03,124] {processor.py:651} INFO - DAG(s) dict_keys(['example_trigger_controller_dag']) retrieved from /root/Documentos/airflow/venv/lib/python3.9/site-packages/airflow/example_dags/example_trigger_controller_dag.py
[2024-10-26 09:53:03,132] {logging_mixin.py:115} INFO - [2024-10-26 09:53:03,132] {dag.py:2379} INFO - Sync 1 DAGs
[2024-10-26 09:53:03,142] {logging_mixin.py:115} INFO - [2024-10-26 09:53:03,142] {dag.py:2927} INFO - Setting next_dagrun for example_trigger_controller_dag to 2021-01-01T00:00:00+00:00, run_after=2021-01-01T00:00:00+00:00
[2024-10-26 09:53:03,157] {processor.py:161} INFO - Processing /root/Documentos/airflow/venv/lib/python3.9/site-packages/airflow/example_dags/example_trigger_controller_dag.py took 0.041 seconds
[2024-10-26 09:53:36,433] {processor.py:153} INFO - Started process (PID=5621) to work on /root/Documentos/airflow/venv/lib/python3.9/site-packages/airflow/example_dags/example_trigger_controller_dag.py
[2024-10-26 09:53:36,433] {processor.py:641} INFO - Processing file /root/Documentos/airflow/venv/lib/python3.9/site-packages/airflow/example_dags/example_trigger_controller_dag.py for tasks to queue
[2024-10-26 09:53:36,433] {logging_mixin.py:115} INFO - [2024-10-26 09:53:36,433] {dagbag.py:507} INFO - Filling up the DagBag from /root/Documentos/airflow/venv/lib/python3.9/site-packages/airflow/example_dags/example_trigger_controller_dag.py
[2024-10-26 09:53:36,435] {processor.py:651} INFO - DAG(s) dict_keys(['example_trigger_controller_dag']) retrieved from /root/Documentos/airflow/venv/lib/python3.9/site-packages/airflow/example_dags/example_trigger_controller_dag.py
[2024-10-26 09:53:36,443] {logging_mixin.py:115} INFO - [2024-10-26 09:53:36,443] {dag.py:2379} INFO - Sync 1 DAGs
[2024-10-26 09:53:36,453] {logging_mixin.py:115} INFO - [2024-10-26 09:53:36,453] {dag.py:2927} INFO - Setting next_dagrun for example_trigger_controller_dag to 2021-01-01T00:00:00+00:00, run_after=2021-01-01T00:00:00+00:00
[2024-10-26 09:53:36,469] {processor.py:161} INFO - Processing /root/Documentos/airflow/venv/lib/python3.9/site-packages/airflow/example_dags/example_trigger_controller_dag.py took 0.038 seconds
[2024-10-26 09:54:09,128] {processor.py:153} INFO - Started process (PID=5780) to work on /root/Documentos/airflow/venv/lib/python3.9/site-packages/airflow/example_dags/example_trigger_controller_dag.py
[2024-10-26 09:54:09,131] {processor.py:641} INFO - Processing file /root/Documentos/airflow/venv/lib/python3.9/site-packages/airflow/example_dags/example_trigger_controller_dag.py for tasks to queue
[2024-10-26 09:54:09,131] {logging_mixin.py:115} INFO - [2024-10-26 09:54:09,131] {dagbag.py:507} INFO - Filling up the DagBag from /root/Documentos/airflow/venv/lib/python3.9/site-packages/airflow/example_dags/example_trigger_controller_dag.py
[2024-10-26 09:54:09,133] {processor.py:651} INFO - DAG(s) dict_keys(['example_trigger_controller_dag']) retrieved from /root/Documentos/airflow/venv/lib/python3.9/site-packages/airflow/example_dags/example_trigger_controller_dag.py
[2024-10-26 09:54:09,141] {logging_mixin.py:115} INFO - [2024-10-26 09:54:09,141] {dag.py:2379} INFO - Sync 1 DAGs
[2024-10-26 09:54:09,152] {logging_mixin.py:115} INFO - [2024-10-26 09:54:09,151] {dag.py:2927} INFO - Setting next_dagrun for example_trigger_controller_dag to 2021-01-01T00:00:00+00:00, run_after=2021-01-01T00:00:00+00:00
[2024-10-26 09:54:09,167] {processor.py:161} INFO - Processing /root/Documentos/airflow/venv/lib/python3.9/site-packages/airflow/example_dags/example_trigger_controller_dag.py took 0.039 seconds
[2024-10-26 09:54:43,582] {processor.py:153} INFO - Started process (PID=5945) to work on /root/Documentos/airflow/venv/lib/python3.9/site-packages/airflow/example_dags/example_trigger_controller_dag.py
[2024-10-26 09:54:43,582] {processor.py:641} INFO - Processing file /root/Documentos/airflow/venv/lib/python3.9/site-packages/airflow/example_dags/example_trigger_controller_dag.py for tasks to queue
[2024-10-26 09:54:43,583] {logging_mixin.py:115} INFO - [2024-10-26 09:54:43,583] {dagbag.py:507} INFO - Filling up the DagBag from /root/Documentos/airflow/venv/lib/python3.9/site-packages/airflow/example_dags/example_trigger_controller_dag.py
[2024-10-26 09:54:43,584] {processor.py:651} INFO - DAG(s) dict_keys(['example_trigger_controller_dag']) retrieved from /root/Documentos/airflow/venv/lib/python3.9/site-packages/airflow/example_dags/example_trigger_controller_dag.py
[2024-10-26 09:54:43,592] {logging_mixin.py:115} INFO - [2024-10-26 09:54:43,592] {dag.py:2379} INFO - Sync 1 DAGs
[2024-10-26 09:54:43,622] {logging_mixin.py:115} INFO - [2024-10-26 09:54:43,622] {dag.py:2927} INFO - Setting next_dagrun for example_trigger_controller_dag to 2021-01-01T00:00:00+00:00, run_after=2021-01-01T00:00:00+00:00
[2024-10-26 09:54:43,637] {processor.py:161} INFO - Processing /root/Documentos/airflow/venv/lib/python3.9/site-packages/airflow/example_dags/example_trigger_controller_dag.py took 0.056 seconds
[2024-10-26 09:55:16,895] {processor.py:153} INFO - Started process (PID=6112) to work on /root/Documentos/airflow/venv/lib/python3.9/site-packages/airflow/example_dags/example_trigger_controller_dag.py
[2024-10-26 09:55:16,898] {processor.py:641} INFO - Processing file /root/Documentos/airflow/venv/lib/python3.9/site-packages/airflow/example_dags/example_trigger_controller_dag.py for tasks to queue
[2024-10-26 09:55:16,899] {logging_mixin.py:115} INFO - [2024-10-26 09:55:16,899] {dagbag.py:507} INFO - Filling up the DagBag from /root/Documentos/airflow/venv/lib/python3.9/site-packages/airflow/example_dags/example_trigger_controller_dag.py
[2024-10-26 09:55:16,901] {processor.py:651} INFO - DAG(s) dict_keys(['example_trigger_controller_dag']) retrieved from /root/Documentos/airflow/venv/lib/python3.9/site-packages/airflow/example_dags/example_trigger_controller_dag.py
[2024-10-26 09:55:16,910] {logging_mixin.py:115} INFO - [2024-10-26 09:55:16,910] {dag.py:2379} INFO - Sync 1 DAGs
[2024-10-26 09:55:16,920] {logging_mixin.py:115} INFO - [2024-10-26 09:55:16,920] {dag.py:2927} INFO - Setting next_dagrun for example_trigger_controller_dag to 2021-01-01T00:00:00+00:00, run_after=2021-01-01T00:00:00+00:00
[2024-10-26 09:55:16,934] {processor.py:161} INFO - Processing /root/Documentos/airflow/venv/lib/python3.9/site-packages/airflow/example_dags/example_trigger_controller_dag.py took 0.040 seconds
