[2024-10-26 09:24:34,340] {processor.py:153} INFO - Started process (PID=10158) to work on /root/Documentos/airflow/venv/lib/python3.9/site-packages/airflow/example_dags/example_branch_labels.py
[2024-10-26 09:24:34,340] {processor.py:641} INFO - Processing file /root/Documentos/airflow/venv/lib/python3.9/site-packages/airflow/example_dags/example_branch_labels.py for tasks to queue
[2024-10-26 09:24:34,340] {logging_mixin.py:115} INFO - [2024-10-26 09:24:34,340] {dagbag.py:507} INFO - Filling up the DagBag from /root/Documentos/airflow/venv/lib/python3.9/site-packages/airflow/example_dags/example_branch_labels.py
[2024-10-26 09:24:34,344] {processor.py:651} INFO - DAG(s) dict_keys(['example_branch_labels']) retrieved from /root/Documentos/airflow/venv/lib/python3.9/site-packages/airflow/example_dags/example_branch_labels.py
[2024-10-26 09:24:34,396] {logging_mixin.py:115} INFO - [2024-10-26 09:24:34,396] {manager.py:508} INFO - Created Permission View: can edit on DAG:example_branch_labels
[2024-10-26 09:24:34,406] {logging_mixin.py:115} INFO - [2024-10-26 09:24:34,406] {manager.py:508} INFO - Created Permission View: can read on DAG:example_branch_labels
[2024-10-26 09:24:34,415] {logging_mixin.py:115} INFO - [2024-10-26 09:24:34,415] {manager.py:508} INFO - Created Permission View: can delete on DAG:example_branch_labels
[2024-10-26 09:24:34,415] {logging_mixin.py:115} INFO - [2024-10-26 09:24:34,415] {dag.py:2379} INFO - Sync 1 DAGs
[2024-10-26 09:24:34,420] {logging_mixin.py:115} INFO - [2024-10-26 09:24:34,420] {dag.py:2398} INFO - Creating ORM DAG for example_branch_labels
[2024-10-26 09:24:34,425] {logging_mixin.py:115} INFO - [2024-10-26 09:24:34,425] {dag.py:2927} INFO - Setting next_dagrun for example_branch_labels to 2024-10-25T00:00:00+00:00, run_after=2024-10-26T00:00:00+00:00
[2024-10-26 09:24:34,437] {processor.py:161} INFO - Processing /root/Documentos/airflow/venv/lib/python3.9/site-packages/airflow/example_dags/example_branch_labels.py took 0.098 seconds
[2024-10-26 09:25:10,051] {processor.py:153} INFO - Started process (PID=10330) to work on /root/Documentos/airflow/venv/lib/python3.9/site-packages/airflow/example_dags/example_branch_labels.py
[2024-10-26 09:25:10,058] {processor.py:641} INFO - Processing file /root/Documentos/airflow/venv/lib/python3.9/site-packages/airflow/example_dags/example_branch_labels.py for tasks to queue
[2024-10-26 09:25:10,058] {logging_mixin.py:115} INFO - [2024-10-26 09:25:10,058] {dagbag.py:507} INFO - Filling up the DagBag from /root/Documentos/airflow/venv/lib/python3.9/site-packages/airflow/example_dags/example_branch_labels.py
[2024-10-26 09:25:10,061] {processor.py:651} INFO - DAG(s) dict_keys(['example_branch_labels']) retrieved from /root/Documentos/airflow/venv/lib/python3.9/site-packages/airflow/example_dags/example_branch_labels.py
[2024-10-26 09:25:10,070] {logging_mixin.py:115} INFO - [2024-10-26 09:25:10,070] {dag.py:2379} INFO - Sync 1 DAGs
[2024-10-26 09:25:10,081] {logging_mixin.py:115} INFO - [2024-10-26 09:25:10,081] {dag.py:2927} INFO - Setting next_dagrun for example_branch_labels to 2024-10-25T00:00:00+00:00, run_after=2024-10-26T00:00:00+00:00
[2024-10-26 09:25:10,095] {processor.py:161} INFO - Processing /root/Documentos/airflow/venv/lib/python3.9/site-packages/airflow/example_dags/example_branch_labels.py took 0.046 seconds
[2024-10-26 09:25:43,893] {processor.py:153} INFO - Started process (PID=10494) to work on /root/Documentos/airflow/venv/lib/python3.9/site-packages/airflow/example_dags/example_branch_labels.py
[2024-10-26 09:25:43,894] {processor.py:641} INFO - Processing file /root/Documentos/airflow/venv/lib/python3.9/site-packages/airflow/example_dags/example_branch_labels.py for tasks to queue
[2024-10-26 09:25:43,894] {logging_mixin.py:115} INFO - [2024-10-26 09:25:43,894] {dagbag.py:507} INFO - Filling up the DagBag from /root/Documentos/airflow/venv/lib/python3.9/site-packages/airflow/example_dags/example_branch_labels.py
[2024-10-26 09:25:43,898] {processor.py:651} INFO - DAG(s) dict_keys(['example_branch_labels']) retrieved from /root/Documentos/airflow/venv/lib/python3.9/site-packages/airflow/example_dags/example_branch_labels.py
[2024-10-26 09:25:43,906] {logging_mixin.py:115} INFO - [2024-10-26 09:25:43,906] {dag.py:2379} INFO - Sync 1 DAGs
[2024-10-26 09:25:43,917] {logging_mixin.py:115} INFO - [2024-10-26 09:25:43,917] {dag.py:2927} INFO - Setting next_dagrun for example_branch_labels to 2024-10-25T00:00:00+00:00, run_after=2024-10-26T00:00:00+00:00
[2024-10-26 09:25:43,930] {processor.py:161} INFO - Processing /root/Documentos/airflow/venv/lib/python3.9/site-packages/airflow/example_dags/example_branch_labels.py took 0.038 seconds
[2024-10-26 09:26:16,289] {processor.py:153} INFO - Started process (PID=10651) to work on /root/Documentos/airflow/venv/lib/python3.9/site-packages/airflow/example_dags/example_branch_labels.py
[2024-10-26 09:26:16,295] {processor.py:641} INFO - Processing file /root/Documentos/airflow/venv/lib/python3.9/site-packages/airflow/example_dags/example_branch_labels.py for tasks to queue
[2024-10-26 09:26:16,296] {logging_mixin.py:115} INFO - [2024-10-26 09:26:16,296] {dagbag.py:507} INFO - Filling up the DagBag from /root/Documentos/airflow/venv/lib/python3.9/site-packages/airflow/example_dags/example_branch_labels.py
[2024-10-26 09:26:16,298] {processor.py:651} INFO - DAG(s) dict_keys(['example_branch_labels']) retrieved from /root/Documentos/airflow/venv/lib/python3.9/site-packages/airflow/example_dags/example_branch_labels.py
[2024-10-26 09:26:16,307] {logging_mixin.py:115} INFO - [2024-10-26 09:26:16,306] {dag.py:2379} INFO - Sync 1 DAGs
[2024-10-26 09:26:16,317] {logging_mixin.py:115} INFO - [2024-10-26 09:26:16,317] {dag.py:2927} INFO - Setting next_dagrun for example_branch_labels to 2024-10-25T00:00:00+00:00, run_after=2024-10-26T00:00:00+00:00
[2024-10-26 09:26:16,329] {processor.py:161} INFO - Processing /root/Documentos/airflow/venv/lib/python3.9/site-packages/airflow/example_dags/example_branch_labels.py took 0.041 seconds
[2024-10-26 09:26:49,992] {processor.py:153} INFO - Started process (PID=10814) to work on /root/Documentos/airflow/venv/lib/python3.9/site-packages/airflow/example_dags/example_branch_labels.py
[2024-10-26 09:26:49,994] {processor.py:641} INFO - Processing file /root/Documentos/airflow/venv/lib/python3.9/site-packages/airflow/example_dags/example_branch_labels.py for tasks to queue
[2024-10-26 09:26:49,994] {logging_mixin.py:115} INFO - [2024-10-26 09:26:49,994] {dagbag.py:507} INFO - Filling up the DagBag from /root/Documentos/airflow/venv/lib/python3.9/site-packages/airflow/example_dags/example_branch_labels.py
[2024-10-26 09:26:49,997] {processor.py:651} INFO - DAG(s) dict_keys(['example_branch_labels']) retrieved from /root/Documentos/airflow/venv/lib/python3.9/site-packages/airflow/example_dags/example_branch_labels.py
[2024-10-26 09:26:50,004] {logging_mixin.py:115} INFO - [2024-10-26 09:26:50,004] {dag.py:2379} INFO - Sync 1 DAGs
[2024-10-26 09:26:50,015] {logging_mixin.py:115} INFO - [2024-10-26 09:26:50,015] {dag.py:2927} INFO - Setting next_dagrun for example_branch_labels to 2024-10-25T00:00:00+00:00, run_after=2024-10-26T00:00:00+00:00
[2024-10-26 09:26:50,028] {processor.py:161} INFO - Processing /root/Documentos/airflow/venv/lib/python3.9/site-packages/airflow/example_dags/example_branch_labels.py took 0.037 seconds
[2024-10-26 09:27:22,739] {processor.py:153} INFO - Started process (PID=10974) to work on /root/Documentos/airflow/venv/lib/python3.9/site-packages/airflow/example_dags/example_branch_labels.py
[2024-10-26 09:27:22,741] {processor.py:641} INFO - Processing file /root/Documentos/airflow/venv/lib/python3.9/site-packages/airflow/example_dags/example_branch_labels.py for tasks to queue
[2024-10-26 09:27:22,741] {logging_mixin.py:115} INFO - [2024-10-26 09:27:22,741] {dagbag.py:507} INFO - Filling up the DagBag from /root/Documentos/airflow/venv/lib/python3.9/site-packages/airflow/example_dags/example_branch_labels.py
[2024-10-26 09:27:22,744] {processor.py:651} INFO - DAG(s) dict_keys(['example_branch_labels']) retrieved from /root/Documentos/airflow/venv/lib/python3.9/site-packages/airflow/example_dags/example_branch_labels.py
[2024-10-26 09:27:22,752] {logging_mixin.py:115} INFO - [2024-10-26 09:27:22,752] {dag.py:2379} INFO - Sync 1 DAGs
[2024-10-26 09:27:22,763] {logging_mixin.py:115} INFO - [2024-10-26 09:27:22,763] {dag.py:2927} INFO - Setting next_dagrun for example_branch_labels to 2024-10-25T00:00:00+00:00, run_after=2024-10-26T00:00:00+00:00
[2024-10-26 09:27:22,774] {processor.py:161} INFO - Processing /root/Documentos/airflow/venv/lib/python3.9/site-packages/airflow/example_dags/example_branch_labels.py took 0.036 seconds
[2024-10-26 09:27:56,191] {processor.py:153} INFO - Started process (PID=11142) to work on /root/Documentos/airflow/venv/lib/python3.9/site-packages/airflow/example_dags/example_branch_labels.py
[2024-10-26 09:27:56,197] {processor.py:641} INFO - Processing file /root/Documentos/airflow/venv/lib/python3.9/site-packages/airflow/example_dags/example_branch_labels.py for tasks to queue
[2024-10-26 09:27:56,198] {logging_mixin.py:115} INFO - [2024-10-26 09:27:56,198] {dagbag.py:507} INFO - Filling up the DagBag from /root/Documentos/airflow/venv/lib/python3.9/site-packages/airflow/example_dags/example_branch_labels.py
[2024-10-26 09:27:56,201] {processor.py:651} INFO - DAG(s) dict_keys(['example_branch_labels']) retrieved from /root/Documentos/airflow/venv/lib/python3.9/site-packages/airflow/example_dags/example_branch_labels.py
[2024-10-26 09:27:56,209] {logging_mixin.py:115} INFO - [2024-10-26 09:27:56,209] {dag.py:2379} INFO - Sync 1 DAGs
[2024-10-26 09:27:56,220] {logging_mixin.py:115} INFO - [2024-10-26 09:27:56,220] {dag.py:2927} INFO - Setting next_dagrun for example_branch_labels to 2024-10-25T00:00:00+00:00, run_after=2024-10-26T00:00:00+00:00
[2024-10-26 09:27:56,233] {processor.py:161} INFO - Processing /root/Documentos/airflow/venv/lib/python3.9/site-packages/airflow/example_dags/example_branch_labels.py took 0.043 seconds
[2024-10-26 09:28:28,789] {processor.py:153} INFO - Started process (PID=11302) to work on /root/Documentos/airflow/venv/lib/python3.9/site-packages/airflow/example_dags/example_branch_labels.py
[2024-10-26 09:28:28,789] {processor.py:641} INFO - Processing file /root/Documentos/airflow/venv/lib/python3.9/site-packages/airflow/example_dags/example_branch_labels.py for tasks to queue
[2024-10-26 09:28:28,790] {logging_mixin.py:115} INFO - [2024-10-26 09:28:28,790] {dagbag.py:507} INFO - Filling up the DagBag from /root/Documentos/airflow/venv/lib/python3.9/site-packages/airflow/example_dags/example_branch_labels.py
[2024-10-26 09:28:28,793] {processor.py:651} INFO - DAG(s) dict_keys(['example_branch_labels']) retrieved from /root/Documentos/airflow/venv/lib/python3.9/site-packages/airflow/example_dags/example_branch_labels.py
[2024-10-26 09:28:28,800] {logging_mixin.py:115} INFO - [2024-10-26 09:28:28,800] {dag.py:2379} INFO - Sync 1 DAGs
[2024-10-26 09:28:28,812] {logging_mixin.py:115} INFO - [2024-10-26 09:28:28,812] {dag.py:2927} INFO - Setting next_dagrun for example_branch_labels to 2024-10-25T00:00:00+00:00, run_after=2024-10-26T00:00:00+00:00
[2024-10-26 09:28:28,824] {processor.py:161} INFO - Processing /root/Documentos/airflow/venv/lib/python3.9/site-packages/airflow/example_dags/example_branch_labels.py took 0.036 seconds
[2024-10-26 09:37:51,775] {processor.py:153} INFO - Started process (PID=953) to work on /root/Documentos/airflow/venv/lib/python3.9/site-packages/airflow/example_dags/example_branch_labels.py
[2024-10-26 09:37:51,782] {processor.py:641} INFO - Processing file /root/Documentos/airflow/venv/lib/python3.9/site-packages/airflow/example_dags/example_branch_labels.py for tasks to queue
[2024-10-26 09:37:51,783] {logging_mixin.py:115} INFO - [2024-10-26 09:37:51,783] {dagbag.py:507} INFO - Filling up the DagBag from /root/Documentos/airflow/venv/lib/python3.9/site-packages/airflow/example_dags/example_branch_labels.py
[2024-10-26 09:37:51,786] {processor.py:651} INFO - DAG(s) dict_keys(['example_branch_labels']) retrieved from /root/Documentos/airflow/venv/lib/python3.9/site-packages/airflow/example_dags/example_branch_labels.py
[2024-10-26 09:37:51,794] {logging_mixin.py:115} INFO - [2024-10-26 09:37:51,794] {dag.py:2379} INFO - Sync 1 DAGs
[2024-10-26 09:37:51,807] {logging_mixin.py:115} INFO - [2024-10-26 09:37:51,807] {dag.py:2927} INFO - Setting next_dagrun for example_branch_labels to 2024-10-25T00:00:00+00:00, run_after=2024-10-26T00:00:00+00:00
[2024-10-26 09:37:51,820] {processor.py:161} INFO - Processing /root/Documentos/airflow/venv/lib/python3.9/site-packages/airflow/example_dags/example_branch_labels.py took 0.046 seconds
[2024-10-26 09:38:23,178] {processor.py:153} INFO - Started process (PID=1110) to work on /root/Documentos/airflow/venv/lib/python3.9/site-packages/airflow/example_dags/example_branch_labels.py
[2024-10-26 09:38:23,185] {processor.py:641} INFO - Processing file /root/Documentos/airflow/venv/lib/python3.9/site-packages/airflow/example_dags/example_branch_labels.py for tasks to queue
[2024-10-26 09:38:23,185] {logging_mixin.py:115} INFO - [2024-10-26 09:38:23,185] {dagbag.py:507} INFO - Filling up the DagBag from /root/Documentos/airflow/venv/lib/python3.9/site-packages/airflow/example_dags/example_branch_labels.py
[2024-10-26 09:38:23,188] {processor.py:651} INFO - DAG(s) dict_keys(['example_branch_labels']) retrieved from /root/Documentos/airflow/venv/lib/python3.9/site-packages/airflow/example_dags/example_branch_labels.py
[2024-10-26 09:38:23,197] {logging_mixin.py:115} INFO - [2024-10-26 09:38:23,197] {dag.py:2379} INFO - Sync 1 DAGs
[2024-10-26 09:38:23,209] {logging_mixin.py:115} INFO - [2024-10-26 09:38:23,209] {dag.py:2927} INFO - Setting next_dagrun for example_branch_labels to 2024-10-25T00:00:00+00:00, run_after=2024-10-26T00:00:00+00:00
[2024-10-26 09:38:23,222] {processor.py:161} INFO - Processing /root/Documentos/airflow/venv/lib/python3.9/site-packages/airflow/example_dags/example_branch_labels.py took 0.045 seconds
[2024-10-26 09:38:56,936] {processor.py:153} INFO - Started process (PID=1277) to work on /root/Documentos/airflow/venv/lib/python3.9/site-packages/airflow/example_dags/example_branch_labels.py
[2024-10-26 09:38:56,943] {processor.py:641} INFO - Processing file /root/Documentos/airflow/venv/lib/python3.9/site-packages/airflow/example_dags/example_branch_labels.py for tasks to queue
[2024-10-26 09:38:56,943] {logging_mixin.py:115} INFO - [2024-10-26 09:38:56,943] {dagbag.py:507} INFO - Filling up the DagBag from /root/Documentos/airflow/venv/lib/python3.9/site-packages/airflow/example_dags/example_branch_labels.py
[2024-10-26 09:38:56,947] {processor.py:651} INFO - DAG(s) dict_keys(['example_branch_labels']) retrieved from /root/Documentos/airflow/venv/lib/python3.9/site-packages/airflow/example_dags/example_branch_labels.py
[2024-10-26 09:38:56,956] {logging_mixin.py:115} INFO - [2024-10-26 09:38:56,956] {dag.py:2379} INFO - Sync 1 DAGs
[2024-10-26 09:38:56,968] {logging_mixin.py:115} INFO - [2024-10-26 09:38:56,968] {dag.py:2927} INFO - Setting next_dagrun for example_branch_labels to 2024-10-25T00:00:00+00:00, run_after=2024-10-26T00:00:00+00:00
[2024-10-26 09:38:56,980] {processor.py:161} INFO - Processing /root/Documentos/airflow/venv/lib/python3.9/site-packages/airflow/example_dags/example_branch_labels.py took 0.046 seconds
[2024-10-26 09:39:30,150] {processor.py:153} INFO - Started process (PID=1438) to work on /root/Documentos/airflow/venv/lib/python3.9/site-packages/airflow/example_dags/example_branch_labels.py
[2024-10-26 09:39:30,152] {processor.py:641} INFO - Processing file /root/Documentos/airflow/venv/lib/python3.9/site-packages/airflow/example_dags/example_branch_labels.py for tasks to queue
[2024-10-26 09:39:30,152] {logging_mixin.py:115} INFO - [2024-10-26 09:39:30,152] {dagbag.py:507} INFO - Filling up the DagBag from /root/Documentos/airflow/venv/lib/python3.9/site-packages/airflow/example_dags/example_branch_labels.py
[2024-10-26 09:39:30,155] {processor.py:651} INFO - DAG(s) dict_keys(['example_branch_labels']) retrieved from /root/Documentos/airflow/venv/lib/python3.9/site-packages/airflow/example_dags/example_branch_labels.py
[2024-10-26 09:39:30,163] {logging_mixin.py:115} INFO - [2024-10-26 09:39:30,163] {dag.py:2379} INFO - Sync 1 DAGs
[2024-10-26 09:39:30,175] {logging_mixin.py:115} INFO - [2024-10-26 09:39:30,175] {dag.py:2927} INFO - Setting next_dagrun for example_branch_labels to 2024-10-25T00:00:00+00:00, run_after=2024-10-26T00:00:00+00:00
[2024-10-26 09:39:30,188] {processor.py:161} INFO - Processing /root/Documentos/airflow/venv/lib/python3.9/site-packages/airflow/example_dags/example_branch_labels.py took 0.039 seconds
[2024-10-26 09:40:02,903] {processor.py:153} INFO - Started process (PID=1596) to work on /root/Documentos/airflow/venv/lib/python3.9/site-packages/airflow/example_dags/example_branch_labels.py
[2024-10-26 09:40:02,910] {processor.py:641} INFO - Processing file /root/Documentos/airflow/venv/lib/python3.9/site-packages/airflow/example_dags/example_branch_labels.py for tasks to queue
[2024-10-26 09:40:02,910] {logging_mixin.py:115} INFO - [2024-10-26 09:40:02,910] {dagbag.py:507} INFO - Filling up the DagBag from /root/Documentos/airflow/venv/lib/python3.9/site-packages/airflow/example_dags/example_branch_labels.py
[2024-10-26 09:40:02,913] {processor.py:651} INFO - DAG(s) dict_keys(['example_branch_labels']) retrieved from /root/Documentos/airflow/venv/lib/python3.9/site-packages/airflow/example_dags/example_branch_labels.py
[2024-10-26 09:40:02,922] {logging_mixin.py:115} INFO - [2024-10-26 09:40:02,922] {dag.py:2379} INFO - Sync 1 DAGs
[2024-10-26 09:40:02,935] {logging_mixin.py:115} INFO - [2024-10-26 09:40:02,935] {dag.py:2927} INFO - Setting next_dagrun for example_branch_labels to 2024-10-25T00:00:00+00:00, run_after=2024-10-26T00:00:00+00:00
[2024-10-26 09:40:02,947] {processor.py:161} INFO - Processing /root/Documentos/airflow/venv/lib/python3.9/site-packages/airflow/example_dags/example_branch_labels.py took 0.045 seconds
[2024-10-26 09:40:37,853] {processor.py:153} INFO - Started process (PID=1764) to work on /root/Documentos/airflow/venv/lib/python3.9/site-packages/airflow/example_dags/example_branch_labels.py
[2024-10-26 09:40:37,860] {processor.py:641} INFO - Processing file /root/Documentos/airflow/venv/lib/python3.9/site-packages/airflow/example_dags/example_branch_labels.py for tasks to queue
[2024-10-26 09:40:37,860] {logging_mixin.py:115} INFO - [2024-10-26 09:40:37,860] {dagbag.py:507} INFO - Filling up the DagBag from /root/Documentos/airflow/venv/lib/python3.9/site-packages/airflow/example_dags/example_branch_labels.py
[2024-10-26 09:40:37,863] {processor.py:651} INFO - DAG(s) dict_keys(['example_branch_labels']) retrieved from /root/Documentos/airflow/venv/lib/python3.9/site-packages/airflow/example_dags/example_branch_labels.py
[2024-10-26 09:40:37,871] {logging_mixin.py:115} INFO - [2024-10-26 09:40:37,871] {dag.py:2379} INFO - Sync 1 DAGs
[2024-10-26 09:40:37,882] {logging_mixin.py:115} INFO - [2024-10-26 09:40:37,882] {dag.py:2927} INFO - Setting next_dagrun for example_branch_labels to 2024-10-25T00:00:00+00:00, run_after=2024-10-26T00:00:00+00:00
[2024-10-26 09:40:37,895] {processor.py:161} INFO - Processing /root/Documentos/airflow/venv/lib/python3.9/site-packages/airflow/example_dags/example_branch_labels.py took 0.043 seconds
[2024-10-26 09:41:11,165] {processor.py:153} INFO - Started process (PID=1926) to work on /root/Documentos/airflow/venv/lib/python3.9/site-packages/airflow/example_dags/example_branch_labels.py
[2024-10-26 09:41:11,172] {processor.py:641} INFO - Processing file /root/Documentos/airflow/venv/lib/python3.9/site-packages/airflow/example_dags/example_branch_labels.py for tasks to queue
[2024-10-26 09:41:11,173] {logging_mixin.py:115} INFO - [2024-10-26 09:41:11,173] {dagbag.py:507} INFO - Filling up the DagBag from /root/Documentos/airflow/venv/lib/python3.9/site-packages/airflow/example_dags/example_branch_labels.py
[2024-10-26 09:41:11,175] {processor.py:651} INFO - DAG(s) dict_keys(['example_branch_labels']) retrieved from /root/Documentos/airflow/venv/lib/python3.9/site-packages/airflow/example_dags/example_branch_labels.py
[2024-10-26 09:41:11,184] {logging_mixin.py:115} INFO - [2024-10-26 09:41:11,184] {dag.py:2379} INFO - Sync 1 DAGs
[2024-10-26 09:41:11,195] {logging_mixin.py:115} INFO - [2024-10-26 09:41:11,195] {dag.py:2927} INFO - Setting next_dagrun for example_branch_labels to 2024-10-25T00:00:00+00:00, run_after=2024-10-26T00:00:00+00:00
[2024-10-26 09:41:11,208] {processor.py:161} INFO - Processing /root/Documentos/airflow/venv/lib/python3.9/site-packages/airflow/example_dags/example_branch_labels.py took 0.045 seconds
[2024-10-26 09:41:44,802] {processor.py:153} INFO - Started process (PID=2089) to work on /root/Documentos/airflow/venv/lib/python3.9/site-packages/airflow/example_dags/example_branch_labels.py
[2024-10-26 09:41:44,807] {processor.py:641} INFO - Processing file /root/Documentos/airflow/venv/lib/python3.9/site-packages/airflow/example_dags/example_branch_labels.py for tasks to queue
[2024-10-26 09:41:44,807] {logging_mixin.py:115} INFO - [2024-10-26 09:41:44,807] {dagbag.py:507} INFO - Filling up the DagBag from /root/Documentos/airflow/venv/lib/python3.9/site-packages/airflow/example_dags/example_branch_labels.py
[2024-10-26 09:41:44,810] {processor.py:651} INFO - DAG(s) dict_keys(['example_branch_labels']) retrieved from /root/Documentos/airflow/venv/lib/python3.9/site-packages/airflow/example_dags/example_branch_labels.py
[2024-10-26 09:41:44,819] {logging_mixin.py:115} INFO - [2024-10-26 09:41:44,819] {dag.py:2379} INFO - Sync 1 DAGs
[2024-10-26 09:41:44,830] {logging_mixin.py:115} INFO - [2024-10-26 09:41:44,830] {dag.py:2927} INFO - Setting next_dagrun for example_branch_labels to 2024-10-25T00:00:00+00:00, run_after=2024-10-26T00:00:00+00:00
[2024-10-26 09:41:44,841] {processor.py:161} INFO - Processing /root/Documentos/airflow/venv/lib/python3.9/site-packages/airflow/example_dags/example_branch_labels.py took 0.041 seconds
[2024-10-26 09:42:18,142] {processor.py:153} INFO - Started process (PID=2249) to work on /root/Documentos/airflow/venv/lib/python3.9/site-packages/airflow/example_dags/example_branch_labels.py
[2024-10-26 09:42:18,149] {processor.py:641} INFO - Processing file /root/Documentos/airflow/venv/lib/python3.9/site-packages/airflow/example_dags/example_branch_labels.py for tasks to queue
[2024-10-26 09:42:18,149] {logging_mixin.py:115} INFO - [2024-10-26 09:42:18,149] {dagbag.py:507} INFO - Filling up the DagBag from /root/Documentos/airflow/venv/lib/python3.9/site-packages/airflow/example_dags/example_branch_labels.py
[2024-10-26 09:42:18,152] {processor.py:651} INFO - DAG(s) dict_keys(['example_branch_labels']) retrieved from /root/Documentos/airflow/venv/lib/python3.9/site-packages/airflow/example_dags/example_branch_labels.py
[2024-10-26 09:42:18,161] {logging_mixin.py:115} INFO - [2024-10-26 09:42:18,161] {dag.py:2379} INFO - Sync 1 DAGs
[2024-10-26 09:42:18,172] {logging_mixin.py:115} INFO - [2024-10-26 09:42:18,172] {dag.py:2927} INFO - Setting next_dagrun for example_branch_labels to 2024-10-25T00:00:00+00:00, run_after=2024-10-26T00:00:00+00:00
[2024-10-26 09:42:18,183] {processor.py:161} INFO - Processing /root/Documentos/airflow/venv/lib/python3.9/site-packages/airflow/example_dags/example_branch_labels.py took 0.042 seconds
[2024-10-26 09:42:49,733] {processor.py:153} INFO - Started process (PID=2404) to work on /root/Documentos/airflow/venv/lib/python3.9/site-packages/airflow/example_dags/example_branch_labels.py
[2024-10-26 09:42:49,733] {processor.py:641} INFO - Processing file /root/Documentos/airflow/venv/lib/python3.9/site-packages/airflow/example_dags/example_branch_labels.py for tasks to queue
[2024-10-26 09:42:49,733] {logging_mixin.py:115} INFO - [2024-10-26 09:42:49,733] {dagbag.py:507} INFO - Filling up the DagBag from /root/Documentos/airflow/venv/lib/python3.9/site-packages/airflow/example_dags/example_branch_labels.py
[2024-10-26 09:42:49,736] {processor.py:651} INFO - DAG(s) dict_keys(['example_branch_labels']) retrieved from /root/Documentos/airflow/venv/lib/python3.9/site-packages/airflow/example_dags/example_branch_labels.py
[2024-10-26 09:42:49,744] {logging_mixin.py:115} INFO - [2024-10-26 09:42:49,744] {dag.py:2379} INFO - Sync 1 DAGs
[2024-10-26 09:42:49,755] {logging_mixin.py:115} INFO - [2024-10-26 09:42:49,755] {dag.py:2927} INFO - Setting next_dagrun for example_branch_labels to 2024-10-25T00:00:00+00:00, run_after=2024-10-26T00:00:00+00:00
[2024-10-26 09:42:49,769] {processor.py:161} INFO - Processing /root/Documentos/airflow/venv/lib/python3.9/site-packages/airflow/example_dags/example_branch_labels.py took 0.038 seconds
[2024-10-26 09:43:22,328] {processor.py:153} INFO - Started process (PID=2561) to work on /root/Documentos/airflow/venv/lib/python3.9/site-packages/airflow/example_dags/example_branch_labels.py
[2024-10-26 09:43:22,333] {processor.py:641} INFO - Processing file /root/Documentos/airflow/venv/lib/python3.9/site-packages/airflow/example_dags/example_branch_labels.py for tasks to queue
[2024-10-26 09:43:22,334] {logging_mixin.py:115} INFO - [2024-10-26 09:43:22,334] {dagbag.py:507} INFO - Filling up the DagBag from /root/Documentos/airflow/venv/lib/python3.9/site-packages/airflow/example_dags/example_branch_labels.py
[2024-10-26 09:43:22,337] {processor.py:651} INFO - DAG(s) dict_keys(['example_branch_labels']) retrieved from /root/Documentos/airflow/venv/lib/python3.9/site-packages/airflow/example_dags/example_branch_labels.py
[2024-10-26 09:43:22,345] {logging_mixin.py:115} INFO - [2024-10-26 09:43:22,345] {dag.py:2379} INFO - Sync 1 DAGs
[2024-10-26 09:43:22,357] {logging_mixin.py:115} INFO - [2024-10-26 09:43:22,357] {dag.py:2927} INFO - Setting next_dagrun for example_branch_labels to 2024-10-25T00:00:00+00:00, run_after=2024-10-26T00:00:00+00:00
[2024-10-26 09:43:22,370] {processor.py:161} INFO - Processing /root/Documentos/airflow/venv/lib/python3.9/site-packages/airflow/example_dags/example_branch_labels.py took 0.043 seconds
[2024-10-26 09:43:56,712] {processor.py:153} INFO - Started process (PID=2727) to work on /root/Documentos/airflow/venv/lib/python3.9/site-packages/airflow/example_dags/example_branch_labels.py
[2024-10-26 09:43:56,713] {processor.py:641} INFO - Processing file /root/Documentos/airflow/venv/lib/python3.9/site-packages/airflow/example_dags/example_branch_labels.py for tasks to queue
[2024-10-26 09:43:56,714] {logging_mixin.py:115} INFO - [2024-10-26 09:43:56,714] {dagbag.py:507} INFO - Filling up the DagBag from /root/Documentos/airflow/venv/lib/python3.9/site-packages/airflow/example_dags/example_branch_labels.py
[2024-10-26 09:43:56,717] {processor.py:651} INFO - DAG(s) dict_keys(['example_branch_labels']) retrieved from /root/Documentos/airflow/venv/lib/python3.9/site-packages/airflow/example_dags/example_branch_labels.py
[2024-10-26 09:43:56,725] {logging_mixin.py:115} INFO - [2024-10-26 09:43:56,725] {dag.py:2379} INFO - Sync 1 DAGs
[2024-10-26 09:43:56,736] {logging_mixin.py:115} INFO - [2024-10-26 09:43:56,736] {dag.py:2927} INFO - Setting next_dagrun for example_branch_labels to 2024-10-25T00:00:00+00:00, run_after=2024-10-26T00:00:00+00:00
[2024-10-26 09:43:56,750] {processor.py:161} INFO - Processing /root/Documentos/airflow/venv/lib/python3.9/site-packages/airflow/example_dags/example_branch_labels.py took 0.040 seconds
[2024-10-26 09:44:29,359] {processor.py:153} INFO - Started process (PID=2886) to work on /root/Documentos/airflow/venv/lib/python3.9/site-packages/airflow/example_dags/example_branch_labels.py
[2024-10-26 09:44:29,364] {processor.py:641} INFO - Processing file /root/Documentos/airflow/venv/lib/python3.9/site-packages/airflow/example_dags/example_branch_labels.py for tasks to queue
[2024-10-26 09:44:29,365] {logging_mixin.py:115} INFO - [2024-10-26 09:44:29,365] {dagbag.py:507} INFO - Filling up the DagBag from /root/Documentos/airflow/venv/lib/python3.9/site-packages/airflow/example_dags/example_branch_labels.py
[2024-10-26 09:44:29,368] {processor.py:651} INFO - DAG(s) dict_keys(['example_branch_labels']) retrieved from /root/Documentos/airflow/venv/lib/python3.9/site-packages/airflow/example_dags/example_branch_labels.py
[2024-10-26 09:44:29,379] {logging_mixin.py:115} INFO - [2024-10-26 09:44:29,379] {dag.py:2379} INFO - Sync 1 DAGs
[2024-10-26 09:44:29,392] {logging_mixin.py:115} INFO - [2024-10-26 09:44:29,392] {dag.py:2927} INFO - Setting next_dagrun for example_branch_labels to 2024-10-25T00:00:00+00:00, run_after=2024-10-26T00:00:00+00:00
[2024-10-26 09:44:29,407] {processor.py:161} INFO - Processing /root/Documentos/airflow/venv/lib/python3.9/site-packages/airflow/example_dags/example_branch_labels.py took 0.049 seconds
[2024-10-26 09:45:00,506] {processor.py:153} INFO - Started process (PID=3037) to work on /root/Documentos/airflow/venv/lib/python3.9/site-packages/airflow/example_dags/example_branch_labels.py
[2024-10-26 09:45:00,506] {processor.py:641} INFO - Processing file /root/Documentos/airflow/venv/lib/python3.9/site-packages/airflow/example_dags/example_branch_labels.py for tasks to queue
[2024-10-26 09:45:00,507] {logging_mixin.py:115} INFO - [2024-10-26 09:45:00,507] {dagbag.py:507} INFO - Filling up the DagBag from /root/Documentos/airflow/venv/lib/python3.9/site-packages/airflow/example_dags/example_branch_labels.py
[2024-10-26 09:45:00,510] {processor.py:651} INFO - DAG(s) dict_keys(['example_branch_labels']) retrieved from /root/Documentos/airflow/venv/lib/python3.9/site-packages/airflow/example_dags/example_branch_labels.py
[2024-10-26 09:45:00,518] {logging_mixin.py:115} INFO - [2024-10-26 09:45:00,518] {dag.py:2379} INFO - Sync 1 DAGs
[2024-10-26 09:45:00,529] {logging_mixin.py:115} INFO - [2024-10-26 09:45:00,529] {dag.py:2927} INFO - Setting next_dagrun for example_branch_labels to 2024-10-25T00:00:00+00:00, run_after=2024-10-26T00:00:00+00:00
[2024-10-26 09:45:00,541] {processor.py:161} INFO - Processing /root/Documentos/airflow/venv/lib/python3.9/site-packages/airflow/example_dags/example_branch_labels.py took 0.037 seconds
[2024-10-26 09:45:32,488] {processor.py:153} INFO - Started process (PID=3192) to work on /root/Documentos/airflow/venv/lib/python3.9/site-packages/airflow/example_dags/example_branch_labels.py
[2024-10-26 09:45:32,493] {processor.py:641} INFO - Processing file /root/Documentos/airflow/venv/lib/python3.9/site-packages/airflow/example_dags/example_branch_labels.py for tasks to queue
[2024-10-26 09:45:32,493] {logging_mixin.py:115} INFO - [2024-10-26 09:45:32,493] {dagbag.py:507} INFO - Filling up the DagBag from /root/Documentos/airflow/venv/lib/python3.9/site-packages/airflow/example_dags/example_branch_labels.py
[2024-10-26 09:45:32,496] {processor.py:651} INFO - DAG(s) dict_keys(['example_branch_labels']) retrieved from /root/Documentos/airflow/venv/lib/python3.9/site-packages/airflow/example_dags/example_branch_labels.py
[2024-10-26 09:45:32,504] {logging_mixin.py:115} INFO - [2024-10-26 09:45:32,504] {dag.py:2379} INFO - Sync 1 DAGs
[2024-10-26 09:45:32,518] {logging_mixin.py:115} INFO - [2024-10-26 09:45:32,518] {dag.py:2927} INFO - Setting next_dagrun for example_branch_labels to 2024-10-25T00:00:00+00:00, run_after=2024-10-26T00:00:00+00:00
[2024-10-26 09:45:32,531] {processor.py:161} INFO - Processing /root/Documentos/airflow/venv/lib/python3.9/site-packages/airflow/example_dags/example_branch_labels.py took 0.045 seconds
[2024-10-26 09:46:05,099] {processor.py:153} INFO - Started process (PID=3348) to work on /root/Documentos/airflow/venv/lib/python3.9/site-packages/airflow/example_dags/example_branch_labels.py
[2024-10-26 09:46:05,100] {processor.py:641} INFO - Processing file /root/Documentos/airflow/venv/lib/python3.9/site-packages/airflow/example_dags/example_branch_labels.py for tasks to queue
[2024-10-26 09:46:05,100] {logging_mixin.py:115} INFO - [2024-10-26 09:46:05,100] {dagbag.py:507} INFO - Filling up the DagBag from /root/Documentos/airflow/venv/lib/python3.9/site-packages/airflow/example_dags/example_branch_labels.py
[2024-10-26 09:46:05,103] {processor.py:651} INFO - DAG(s) dict_keys(['example_branch_labels']) retrieved from /root/Documentos/airflow/venv/lib/python3.9/site-packages/airflow/example_dags/example_branch_labels.py
[2024-10-26 09:46:05,112] {logging_mixin.py:115} INFO - [2024-10-26 09:46:05,111] {dag.py:2379} INFO - Sync 1 DAGs
[2024-10-26 09:46:05,123] {logging_mixin.py:115} INFO - [2024-10-26 09:46:05,123] {dag.py:2927} INFO - Setting next_dagrun for example_branch_labels to 2024-10-25T00:00:00+00:00, run_after=2024-10-26T00:00:00+00:00
[2024-10-26 09:46:05,136] {processor.py:161} INFO - Processing /root/Documentos/airflow/venv/lib/python3.9/site-packages/airflow/example_dags/example_branch_labels.py took 0.038 seconds
[2024-10-26 09:46:37,797] {processor.py:153} INFO - Started process (PID=3584) to work on /root/Documentos/airflow/venv/lib/python3.9/site-packages/airflow/example_dags/example_branch_labels.py
[2024-10-26 09:46:37,798] {processor.py:641} INFO - Processing file /root/Documentos/airflow/venv/lib/python3.9/site-packages/airflow/example_dags/example_branch_labels.py for tasks to queue
[2024-10-26 09:46:37,798] {logging_mixin.py:115} INFO - [2024-10-26 09:46:37,798] {dagbag.py:507} INFO - Filling up the DagBag from /root/Documentos/airflow/venv/lib/python3.9/site-packages/airflow/example_dags/example_branch_labels.py
[2024-10-26 09:46:37,802] {processor.py:651} INFO - DAG(s) dict_keys(['example_branch_labels']) retrieved from /root/Documentos/airflow/venv/lib/python3.9/site-packages/airflow/example_dags/example_branch_labels.py
[2024-10-26 09:46:37,810] {logging_mixin.py:115} INFO - [2024-10-26 09:46:37,810] {dag.py:2379} INFO - Sync 1 DAGs
[2024-10-26 09:46:37,821] {logging_mixin.py:115} INFO - [2024-10-26 09:46:37,821] {dag.py:2927} INFO - Setting next_dagrun for example_branch_labels to 2024-10-25T00:00:00+00:00, run_after=2024-10-26T00:00:00+00:00
[2024-10-26 09:46:37,834] {processor.py:161} INFO - Processing /root/Documentos/airflow/venv/lib/python3.9/site-packages/airflow/example_dags/example_branch_labels.py took 0.038 seconds
[2024-10-26 09:47:11,620] {processor.py:153} INFO - Started process (PID=3747) to work on /root/Documentos/airflow/venv/lib/python3.9/site-packages/airflow/example_dags/example_branch_labels.py
[2024-10-26 09:47:11,622] {processor.py:641} INFO - Processing file /root/Documentos/airflow/venv/lib/python3.9/site-packages/airflow/example_dags/example_branch_labels.py for tasks to queue
[2024-10-26 09:47:11,622] {logging_mixin.py:115} INFO - [2024-10-26 09:47:11,622] {dagbag.py:507} INFO - Filling up the DagBag from /root/Documentos/airflow/venv/lib/python3.9/site-packages/airflow/example_dags/example_branch_labels.py
[2024-10-26 09:47:11,625] {processor.py:651} INFO - DAG(s) dict_keys(['example_branch_labels']) retrieved from /root/Documentos/airflow/venv/lib/python3.9/site-packages/airflow/example_dags/example_branch_labels.py
[2024-10-26 09:47:11,633] {logging_mixin.py:115} INFO - [2024-10-26 09:47:11,633] {dag.py:2379} INFO - Sync 1 DAGs
[2024-10-26 09:47:11,644] {logging_mixin.py:115} INFO - [2024-10-26 09:47:11,644] {dag.py:2927} INFO - Setting next_dagrun for example_branch_labels to 2024-10-25T00:00:00+00:00, run_after=2024-10-26T00:00:00+00:00
[2024-10-26 09:47:11,657] {processor.py:161} INFO - Processing /root/Documentos/airflow/venv/lib/python3.9/site-packages/airflow/example_dags/example_branch_labels.py took 0.038 seconds
[2024-10-26 09:47:43,754] {processor.py:153} INFO - Started process (PID=3904) to work on /root/Documentos/airflow/venv/lib/python3.9/site-packages/airflow/example_dags/example_branch_labels.py
[2024-10-26 09:47:43,754] {processor.py:641} INFO - Processing file /root/Documentos/airflow/venv/lib/python3.9/site-packages/airflow/example_dags/example_branch_labels.py for tasks to queue
[2024-10-26 09:47:43,755] {logging_mixin.py:115} INFO - [2024-10-26 09:47:43,755] {dagbag.py:507} INFO - Filling up the DagBag from /root/Documentos/airflow/venv/lib/python3.9/site-packages/airflow/example_dags/example_branch_labels.py
[2024-10-26 09:47:43,758] {processor.py:651} INFO - DAG(s) dict_keys(['example_branch_labels']) retrieved from /root/Documentos/airflow/venv/lib/python3.9/site-packages/airflow/example_dags/example_branch_labels.py
[2024-10-26 09:47:43,768] {logging_mixin.py:115} INFO - [2024-10-26 09:47:43,768] {dag.py:2379} INFO - Sync 1 DAGs
[2024-10-26 09:47:43,784] {logging_mixin.py:115} INFO - [2024-10-26 09:47:43,784] {dag.py:2927} INFO - Setting next_dagrun for example_branch_labels to 2024-10-25T00:00:00+00:00, run_after=2024-10-26T00:00:00+00:00
[2024-10-26 09:47:43,796] {processor.py:161} INFO - Processing /root/Documentos/airflow/venv/lib/python3.9/site-packages/airflow/example_dags/example_branch_labels.py took 0.044 seconds
[2024-10-26 09:48:15,314] {processor.py:153} INFO - Started process (PID=4063) to work on /root/Documentos/airflow/venv/lib/python3.9/site-packages/airflow/example_dags/example_branch_labels.py
[2024-10-26 09:48:15,318] {processor.py:641} INFO - Processing file /root/Documentos/airflow/venv/lib/python3.9/site-packages/airflow/example_dags/example_branch_labels.py for tasks to queue
[2024-10-26 09:48:15,319] {logging_mixin.py:115} INFO - [2024-10-26 09:48:15,319] {dagbag.py:507} INFO - Filling up the DagBag from /root/Documentos/airflow/venv/lib/python3.9/site-packages/airflow/example_dags/example_branch_labels.py
[2024-10-26 09:48:15,321] {processor.py:651} INFO - DAG(s) dict_keys(['example_branch_labels']) retrieved from /root/Documentos/airflow/venv/lib/python3.9/site-packages/airflow/example_dags/example_branch_labels.py
[2024-10-26 09:48:15,330] {logging_mixin.py:115} INFO - [2024-10-26 09:48:15,330] {dag.py:2379} INFO - Sync 1 DAGs
[2024-10-26 09:48:15,341] {logging_mixin.py:115} INFO - [2024-10-26 09:48:15,341] {dag.py:2927} INFO - Setting next_dagrun for example_branch_labels to 2024-10-25T00:00:00+00:00, run_after=2024-10-26T00:00:00+00:00
[2024-10-26 09:48:15,357] {processor.py:161} INFO - Processing /root/Documentos/airflow/venv/lib/python3.9/site-packages/airflow/example_dags/example_branch_labels.py took 0.044 seconds
[2024-10-26 09:48:49,471] {processor.py:153} INFO - Started process (PID=4230) to work on /root/Documentos/airflow/venv/lib/python3.9/site-packages/airflow/example_dags/example_branch_labels.py
[2024-10-26 09:48:49,476] {processor.py:641} INFO - Processing file /root/Documentos/airflow/venv/lib/python3.9/site-packages/airflow/example_dags/example_branch_labels.py for tasks to queue
[2024-10-26 09:48:49,476] {logging_mixin.py:115} INFO - [2024-10-26 09:48:49,476] {dagbag.py:507} INFO - Filling up the DagBag from /root/Documentos/airflow/venv/lib/python3.9/site-packages/airflow/example_dags/example_branch_labels.py
[2024-10-26 09:48:49,479] {processor.py:651} INFO - DAG(s) dict_keys(['example_branch_labels']) retrieved from /root/Documentos/airflow/venv/lib/python3.9/site-packages/airflow/example_dags/example_branch_labels.py
[2024-10-26 09:48:49,488] {logging_mixin.py:115} INFO - [2024-10-26 09:48:49,488] {dag.py:2379} INFO - Sync 1 DAGs
[2024-10-26 09:48:49,499] {logging_mixin.py:115} INFO - [2024-10-26 09:48:49,499] {dag.py:2927} INFO - Setting next_dagrun for example_branch_labels to 2024-10-25T00:00:00+00:00, run_after=2024-10-26T00:00:00+00:00
[2024-10-26 09:48:49,515] {processor.py:161} INFO - Processing /root/Documentos/airflow/venv/lib/python3.9/site-packages/airflow/example_dags/example_branch_labels.py took 0.045 seconds
[2024-10-26 09:49:21,528] {processor.py:153} INFO - Started process (PID=4385) to work on /root/Documentos/airflow/venv/lib/python3.9/site-packages/airflow/example_dags/example_branch_labels.py
[2024-10-26 09:49:21,528] {processor.py:641} INFO - Processing file /root/Documentos/airflow/venv/lib/python3.9/site-packages/airflow/example_dags/example_branch_labels.py for tasks to queue
[2024-10-26 09:49:21,528] {logging_mixin.py:115} INFO - [2024-10-26 09:49:21,528] {dagbag.py:507} INFO - Filling up the DagBag from /root/Documentos/airflow/venv/lib/python3.9/site-packages/airflow/example_dags/example_branch_labels.py
[2024-10-26 09:49:21,531] {processor.py:651} INFO - DAG(s) dict_keys(['example_branch_labels']) retrieved from /root/Documentos/airflow/venv/lib/python3.9/site-packages/airflow/example_dags/example_branch_labels.py
[2024-10-26 09:49:21,540] {logging_mixin.py:115} INFO - [2024-10-26 09:49:21,539] {dag.py:2379} INFO - Sync 1 DAGs
[2024-10-26 09:49:21,550] {logging_mixin.py:115} INFO - [2024-10-26 09:49:21,550] {dag.py:2927} INFO - Setting next_dagrun for example_branch_labels to 2024-10-25T00:00:00+00:00, run_after=2024-10-26T00:00:00+00:00
[2024-10-26 09:49:21,566] {processor.py:161} INFO - Processing /root/Documentos/airflow/venv/lib/python3.9/site-packages/airflow/example_dags/example_branch_labels.py took 0.039 seconds
[2024-10-26 09:49:56,216] {processor.py:153} INFO - Started process (PID=4552) to work on /root/Documentos/airflow/venv/lib/python3.9/site-packages/airflow/example_dags/example_branch_labels.py
[2024-10-26 09:49:56,219] {processor.py:641} INFO - Processing file /root/Documentos/airflow/venv/lib/python3.9/site-packages/airflow/example_dags/example_branch_labels.py for tasks to queue
[2024-10-26 09:49:56,220] {logging_mixin.py:115} INFO - [2024-10-26 09:49:56,220] {dagbag.py:507} INFO - Filling up the DagBag from /root/Documentos/airflow/venv/lib/python3.9/site-packages/airflow/example_dags/example_branch_labels.py
[2024-10-26 09:49:56,223] {processor.py:651} INFO - DAG(s) dict_keys(['example_branch_labels']) retrieved from /root/Documentos/airflow/venv/lib/python3.9/site-packages/airflow/example_dags/example_branch_labels.py
[2024-10-26 09:49:56,231] {logging_mixin.py:115} INFO - [2024-10-26 09:49:56,231] {dag.py:2379} INFO - Sync 1 DAGs
[2024-10-26 09:49:56,242] {logging_mixin.py:115} INFO - [2024-10-26 09:49:56,242] {dag.py:2927} INFO - Setting next_dagrun for example_branch_labels to 2024-10-25T00:00:00+00:00, run_after=2024-10-26T00:00:00+00:00
[2024-10-26 09:49:56,258] {processor.py:161} INFO - Processing /root/Documentos/airflow/venv/lib/python3.9/site-packages/airflow/example_dags/example_branch_labels.py took 0.043 seconds
[2024-10-26 09:50:27,800] {processor.py:153} INFO - Started process (PID=4704) to work on /root/Documentos/airflow/venv/lib/python3.9/site-packages/airflow/example_dags/example_branch_labels.py
[2024-10-26 09:50:27,801] {processor.py:641} INFO - Processing file /root/Documentos/airflow/venv/lib/python3.9/site-packages/airflow/example_dags/example_branch_labels.py for tasks to queue
[2024-10-26 09:50:27,801] {logging_mixin.py:115} INFO - [2024-10-26 09:50:27,801] {dagbag.py:507} INFO - Filling up the DagBag from /root/Documentos/airflow/venv/lib/python3.9/site-packages/airflow/example_dags/example_branch_labels.py
[2024-10-26 09:50:27,804] {processor.py:651} INFO - DAG(s) dict_keys(['example_branch_labels']) retrieved from /root/Documentos/airflow/venv/lib/python3.9/site-packages/airflow/example_dags/example_branch_labels.py
[2024-10-26 09:50:27,812] {logging_mixin.py:115} INFO - [2024-10-26 09:50:27,812] {dag.py:2379} INFO - Sync 1 DAGs
[2024-10-26 09:50:27,823] {logging_mixin.py:115} INFO - [2024-10-26 09:50:27,823] {dag.py:2927} INFO - Setting next_dagrun for example_branch_labels to 2024-10-25T00:00:00+00:00, run_after=2024-10-26T00:00:00+00:00
[2024-10-26 09:50:27,838] {processor.py:161} INFO - Processing /root/Documentos/airflow/venv/lib/python3.9/site-packages/airflow/example_dags/example_branch_labels.py took 0.039 seconds
[2024-10-26 09:51:00,462] {processor.py:153} INFO - Started process (PID=4863) to work on /root/Documentos/airflow/venv/lib/python3.9/site-packages/airflow/example_dags/example_branch_labels.py
[2024-10-26 09:51:00,465] {processor.py:641} INFO - Processing file /root/Documentos/airflow/venv/lib/python3.9/site-packages/airflow/example_dags/example_branch_labels.py for tasks to queue
[2024-10-26 09:51:00,466] {logging_mixin.py:115} INFO - [2024-10-26 09:51:00,465] {dagbag.py:507} INFO - Filling up the DagBag from /root/Documentos/airflow/venv/lib/python3.9/site-packages/airflow/example_dags/example_branch_labels.py
[2024-10-26 09:51:00,468] {processor.py:651} INFO - DAG(s) dict_keys(['example_branch_labels']) retrieved from /root/Documentos/airflow/venv/lib/python3.9/site-packages/airflow/example_dags/example_branch_labels.py
[2024-10-26 09:51:00,477] {logging_mixin.py:115} INFO - [2024-10-26 09:51:00,477] {dag.py:2379} INFO - Sync 1 DAGs
[2024-10-26 09:51:00,488] {logging_mixin.py:115} INFO - [2024-10-26 09:51:00,488] {dag.py:2927} INFO - Setting next_dagrun for example_branch_labels to 2024-10-25T00:00:00+00:00, run_after=2024-10-26T00:00:00+00:00
[2024-10-26 09:51:00,504] {processor.py:161} INFO - Processing /root/Documentos/airflow/venv/lib/python3.9/site-packages/airflow/example_dags/example_branch_labels.py took 0.043 seconds
[2024-10-26 09:51:34,129] {processor.py:153} INFO - Started process (PID=5027) to work on /root/Documentos/airflow/venv/lib/python3.9/site-packages/airflow/example_dags/example_branch_labels.py
[2024-10-26 09:51:34,132] {processor.py:641} INFO - Processing file /root/Documentos/airflow/venv/lib/python3.9/site-packages/airflow/example_dags/example_branch_labels.py for tasks to queue
[2024-10-26 09:51:34,132] {logging_mixin.py:115} INFO - [2024-10-26 09:51:34,132] {dagbag.py:507} INFO - Filling up the DagBag from /root/Documentos/airflow/venv/lib/python3.9/site-packages/airflow/example_dags/example_branch_labels.py
[2024-10-26 09:51:34,135] {processor.py:651} INFO - DAG(s) dict_keys(['example_branch_labels']) retrieved from /root/Documentos/airflow/venv/lib/python3.9/site-packages/airflow/example_dags/example_branch_labels.py
[2024-10-26 09:51:34,143] {logging_mixin.py:115} INFO - [2024-10-26 09:51:34,143] {dag.py:2379} INFO - Sync 1 DAGs
[2024-10-26 09:51:34,154] {logging_mixin.py:115} INFO - [2024-10-26 09:51:34,154] {dag.py:2927} INFO - Setting next_dagrun for example_branch_labels to 2024-10-25T00:00:00+00:00, run_after=2024-10-26T00:00:00+00:00
[2024-10-26 09:51:34,170] {processor.py:161} INFO - Processing /root/Documentos/airflow/venv/lib/python3.9/site-packages/airflow/example_dags/example_branch_labels.py took 0.042 seconds
[2024-10-26 09:52:07,576] {processor.py:153} INFO - Started process (PID=5188) to work on /root/Documentos/airflow/venv/lib/python3.9/site-packages/airflow/example_dags/example_branch_labels.py
[2024-10-26 09:52:07,581] {processor.py:641} INFO - Processing file /root/Documentos/airflow/venv/lib/python3.9/site-packages/airflow/example_dags/example_branch_labels.py for tasks to queue
[2024-10-26 09:52:07,581] {logging_mixin.py:115} INFO - [2024-10-26 09:52:07,581] {dagbag.py:507} INFO - Filling up the DagBag from /root/Documentos/airflow/venv/lib/python3.9/site-packages/airflow/example_dags/example_branch_labels.py
[2024-10-26 09:52:07,584] {processor.py:651} INFO - DAG(s) dict_keys(['example_branch_labels']) retrieved from /root/Documentos/airflow/venv/lib/python3.9/site-packages/airflow/example_dags/example_branch_labels.py
[2024-10-26 09:52:07,593] {logging_mixin.py:115} INFO - [2024-10-26 09:52:07,593] {dag.py:2379} INFO - Sync 1 DAGs
[2024-10-26 09:52:07,605] {logging_mixin.py:115} INFO - [2024-10-26 09:52:07,605] {dag.py:2927} INFO - Setting next_dagrun for example_branch_labels to 2024-10-25T00:00:00+00:00, run_after=2024-10-26T00:00:00+00:00
[2024-10-26 09:52:07,619] {processor.py:161} INFO - Processing /root/Documentos/airflow/venv/lib/python3.9/site-packages/airflow/example_dags/example_branch_labels.py took 0.044 seconds
[2024-10-26 09:52:39,180] {processor.py:153} INFO - Started process (PID=5343) to work on /root/Documentos/airflow/venv/lib/python3.9/site-packages/airflow/example_dags/example_branch_labels.py
[2024-10-26 09:52:39,180] {processor.py:641} INFO - Processing file /root/Documentos/airflow/venv/lib/python3.9/site-packages/airflow/example_dags/example_branch_labels.py for tasks to queue
[2024-10-26 09:52:39,180] {logging_mixin.py:115} INFO - [2024-10-26 09:52:39,180] {dagbag.py:507} INFO - Filling up the DagBag from /root/Documentos/airflow/venv/lib/python3.9/site-packages/airflow/example_dags/example_branch_labels.py
[2024-10-26 09:52:39,183] {processor.py:651} INFO - DAG(s) dict_keys(['example_branch_labels']) retrieved from /root/Documentos/airflow/venv/lib/python3.9/site-packages/airflow/example_dags/example_branch_labels.py
[2024-10-26 09:52:39,191] {logging_mixin.py:115} INFO - [2024-10-26 09:52:39,191] {dag.py:2379} INFO - Sync 1 DAGs
[2024-10-26 09:52:39,203] {logging_mixin.py:115} INFO - [2024-10-26 09:52:39,203] {dag.py:2927} INFO - Setting next_dagrun for example_branch_labels to 2024-10-25T00:00:00+00:00, run_after=2024-10-26T00:00:00+00:00
[2024-10-26 09:52:39,219] {processor.py:161} INFO - Processing /root/Documentos/airflow/venv/lib/python3.9/site-packages/airflow/example_dags/example_branch_labels.py took 0.040 seconds
[2024-10-26 09:53:11,933] {processor.py:153} INFO - Started process (PID=5500) to work on /root/Documentos/airflow/venv/lib/python3.9/site-packages/airflow/example_dags/example_branch_labels.py
[2024-10-26 09:53:11,937] {processor.py:641} INFO - Processing file /root/Documentos/airflow/venv/lib/python3.9/site-packages/airflow/example_dags/example_branch_labels.py for tasks to queue
[2024-10-26 09:53:11,938] {logging_mixin.py:115} INFO - [2024-10-26 09:53:11,937] {dagbag.py:507} INFO - Filling up the DagBag from /root/Documentos/airflow/venv/lib/python3.9/site-packages/airflow/example_dags/example_branch_labels.py
[2024-10-26 09:53:11,941] {processor.py:651} INFO - DAG(s) dict_keys(['example_branch_labels']) retrieved from /root/Documentos/airflow/venv/lib/python3.9/site-packages/airflow/example_dags/example_branch_labels.py
[2024-10-26 09:53:11,949] {logging_mixin.py:115} INFO - [2024-10-26 09:53:11,949] {dag.py:2379} INFO - Sync 1 DAGs
[2024-10-26 09:53:11,960] {logging_mixin.py:115} INFO - [2024-10-26 09:53:11,960] {dag.py:2927} INFO - Setting next_dagrun for example_branch_labels to 2024-10-25T00:00:00+00:00, run_after=2024-10-26T00:00:00+00:00
[2024-10-26 09:53:11,975] {processor.py:161} INFO - Processing /root/Documentos/airflow/venv/lib/python3.9/site-packages/airflow/example_dags/example_branch_labels.py took 0.043 seconds
[2024-10-26 09:53:44,578] {processor.py:153} INFO - Started process (PID=5658) to work on /root/Documentos/airflow/venv/lib/python3.9/site-packages/airflow/example_dags/example_branch_labels.py
[2024-10-26 09:53:44,581] {processor.py:641} INFO - Processing file /root/Documentos/airflow/venv/lib/python3.9/site-packages/airflow/example_dags/example_branch_labels.py for tasks to queue
[2024-10-26 09:53:44,582] {logging_mixin.py:115} INFO - [2024-10-26 09:53:44,582] {dagbag.py:507} INFO - Filling up the DagBag from /root/Documentos/airflow/venv/lib/python3.9/site-packages/airflow/example_dags/example_branch_labels.py
[2024-10-26 09:53:44,585] {processor.py:651} INFO - DAG(s) dict_keys(['example_branch_labels']) retrieved from /root/Documentos/airflow/venv/lib/python3.9/site-packages/airflow/example_dags/example_branch_labels.py
[2024-10-26 09:53:44,593] {logging_mixin.py:115} INFO - [2024-10-26 09:53:44,593] {dag.py:2379} INFO - Sync 1 DAGs
[2024-10-26 09:53:44,604] {logging_mixin.py:115} INFO - [2024-10-26 09:53:44,604] {dag.py:2927} INFO - Setting next_dagrun for example_branch_labels to 2024-10-25T00:00:00+00:00, run_after=2024-10-26T00:00:00+00:00
[2024-10-26 09:53:44,620] {processor.py:161} INFO - Processing /root/Documentos/airflow/venv/lib/python3.9/site-packages/airflow/example_dags/example_branch_labels.py took 0.043 seconds
[2024-10-26 09:54:14,834] {processor.py:153} INFO - Started process (PID=5808) to work on /root/Documentos/airflow/venv/lib/python3.9/site-packages/airflow/example_dags/example_branch_labels.py
[2024-10-26 09:54:14,834] {processor.py:641} INFO - Processing file /root/Documentos/airflow/venv/lib/python3.9/site-packages/airflow/example_dags/example_branch_labels.py for tasks to queue
[2024-10-26 09:54:14,834] {logging_mixin.py:115} INFO - [2024-10-26 09:54:14,834] {dagbag.py:507} INFO - Filling up the DagBag from /root/Documentos/airflow/venv/lib/python3.9/site-packages/airflow/example_dags/example_branch_labels.py
[2024-10-26 09:54:14,837] {processor.py:651} INFO - DAG(s) dict_keys(['example_branch_labels']) retrieved from /root/Documentos/airflow/venv/lib/python3.9/site-packages/airflow/example_dags/example_branch_labels.py
[2024-10-26 09:54:14,846] {logging_mixin.py:115} INFO - [2024-10-26 09:54:14,846] {dag.py:2379} INFO - Sync 1 DAGs
[2024-10-26 09:54:14,857] {logging_mixin.py:115} INFO - [2024-10-26 09:54:14,856] {dag.py:2927} INFO - Setting next_dagrun for example_branch_labels to 2024-10-25T00:00:00+00:00, run_after=2024-10-26T00:00:00+00:00
[2024-10-26 09:54:14,871] {processor.py:161} INFO - Processing /root/Documentos/airflow/venv/lib/python3.9/site-packages/airflow/example_dags/example_branch_labels.py took 0.038 seconds
[2024-10-26 09:54:51,217] {processor.py:153} INFO - Started process (PID=5979) to work on /root/Documentos/airflow/venv/lib/python3.9/site-packages/airflow/example_dags/example_branch_labels.py
[2024-10-26 09:54:51,220] {processor.py:641} INFO - Processing file /root/Documentos/airflow/venv/lib/python3.9/site-packages/airflow/example_dags/example_branch_labels.py for tasks to queue
[2024-10-26 09:54:51,220] {logging_mixin.py:115} INFO - [2024-10-26 09:54:51,220] {dagbag.py:507} INFO - Filling up the DagBag from /root/Documentos/airflow/venv/lib/python3.9/site-packages/airflow/example_dags/example_branch_labels.py
[2024-10-26 09:54:51,223] {processor.py:651} INFO - DAG(s) dict_keys(['example_branch_labels']) retrieved from /root/Documentos/airflow/venv/lib/python3.9/site-packages/airflow/example_dags/example_branch_labels.py
[2024-10-26 09:54:51,231] {logging_mixin.py:115} INFO - [2024-10-26 09:54:51,231] {dag.py:2379} INFO - Sync 1 DAGs
[2024-10-26 09:54:51,242] {logging_mixin.py:115} INFO - [2024-10-26 09:54:51,242] {dag.py:2927} INFO - Setting next_dagrun for example_branch_labels to 2024-10-25T00:00:00+00:00, run_after=2024-10-26T00:00:00+00:00
[2024-10-26 09:54:51,259] {processor.py:161} INFO - Processing /root/Documentos/airflow/venv/lib/python3.9/site-packages/airflow/example_dags/example_branch_labels.py took 0.043 seconds
[2024-10-26 09:55:21,596] {processor.py:153} INFO - Started process (PID=6135) to work on /root/Documentos/airflow/venv/lib/python3.9/site-packages/airflow/example_dags/example_branch_labels.py
[2024-10-26 09:55:21,596] {processor.py:641} INFO - Processing file /root/Documentos/airflow/venv/lib/python3.9/site-packages/airflow/example_dags/example_branch_labels.py for tasks to queue
[2024-10-26 09:55:21,597] {logging_mixin.py:115} INFO - [2024-10-26 09:55:21,596] {dagbag.py:507} INFO - Filling up the DagBag from /root/Documentos/airflow/venv/lib/python3.9/site-packages/airflow/example_dags/example_branch_labels.py
[2024-10-26 09:55:21,599] {processor.py:651} INFO - DAG(s) dict_keys(['example_branch_labels']) retrieved from /root/Documentos/airflow/venv/lib/python3.9/site-packages/airflow/example_dags/example_branch_labels.py
[2024-10-26 09:55:21,608] {logging_mixin.py:115} INFO - [2024-10-26 09:55:21,608] {dag.py:2379} INFO - Sync 1 DAGs
[2024-10-26 09:55:21,618] {logging_mixin.py:115} INFO - [2024-10-26 09:55:21,618] {dag.py:2927} INFO - Setting next_dagrun for example_branch_labels to 2024-10-25T00:00:00+00:00, run_after=2024-10-26T00:00:00+00:00
[2024-10-26 09:55:21,634] {processor.py:161} INFO - Processing /root/Documentos/airflow/venv/lib/python3.9/site-packages/airflow/example_dags/example_branch_labels.py took 0.039 seconds
[2024-10-26 09:56:01,206] {processor.py:153} INFO - Started process (PID=6216) to work on /root/Documentos/airflow/venv/lib/python3.9/site-packages/airflow/example_dags/example_branch_labels.py
[2024-10-26 09:56:01,208] {processor.py:641} INFO - Processing file /root/Documentos/airflow/venv/lib/python3.9/site-packages/airflow/example_dags/example_branch_labels.py for tasks to queue
[2024-10-26 09:56:01,208] {logging_mixin.py:115} INFO - [2024-10-26 09:56:01,208] {dagbag.py:507} INFO - Filling up the DagBag from /root/Documentos/airflow/venv/lib/python3.9/site-packages/airflow/example_dags/example_branch_labels.py
[2024-10-26 09:56:01,211] {processor.py:651} INFO - DAG(s) dict_keys(['example_branch_labels']) retrieved from /root/Documentos/airflow/venv/lib/python3.9/site-packages/airflow/example_dags/example_branch_labels.py
[2024-10-26 09:56:01,219] {logging_mixin.py:115} INFO - [2024-10-26 09:56:01,219] {dag.py:2379} INFO - Sync 1 DAGs
[2024-10-26 09:56:01,231] {logging_mixin.py:115} INFO - [2024-10-26 09:56:01,230] {dag.py:2927} INFO - Setting next_dagrun for example_branch_labels to 2024-10-25T00:00:00+00:00, run_after=2024-10-26T00:00:00+00:00
[2024-10-26 09:56:01,243] {processor.py:161} INFO - Processing /root/Documentos/airflow/venv/lib/python3.9/site-packages/airflow/example_dags/example_branch_labels.py took 0.038 seconds
