[2024-10-26 09:24:43,497] {processor.py:153} INFO - Started process (PID=10203) to work on /root/Documentos/airflow/venv/lib/python3.9/site-packages/airflow/example_dags/example_nested_branch_dag.py
[2024-10-26 09:24:43,497] {processor.py:641} INFO - Processing file /root/Documentos/airflow/venv/lib/python3.9/site-packages/airflow/example_dags/example_nested_branch_dag.py for tasks to queue
[2024-10-26 09:24:43,497] {logging_mixin.py:115} INFO - [2024-10-26 09:24:43,497] {dagbag.py:507} INFO - Filling up the DagBag from /root/Documentos/airflow/venv/lib/python3.9/site-packages/airflow/example_dags/example_nested_branch_dag.py
[2024-10-26 09:24:43,502] {processor.py:651} INFO - DAG(s) dict_keys(['example_nested_branch_dag']) retrieved from /root/Documentos/airflow/venv/lib/python3.9/site-packages/airflow/example_dags/example_nested_branch_dag.py
[2024-10-26 09:24:43,551] {logging_mixin.py:115} INFO - [2024-10-26 09:24:43,551] {manager.py:508} INFO - Created Permission View: can edit on DAG:example_nested_branch_dag
[2024-10-26 09:24:43,561] {logging_mixin.py:115} INFO - [2024-10-26 09:24:43,561] {manager.py:508} INFO - Created Permission View: can read on DAG:example_nested_branch_dag
[2024-10-26 09:24:43,570] {logging_mixin.py:115} INFO - [2024-10-26 09:24:43,570] {manager.py:508} INFO - Created Permission View: can delete on DAG:example_nested_branch_dag
[2024-10-26 09:24:43,570] {logging_mixin.py:115} INFO - [2024-10-26 09:24:43,570] {dag.py:2379} INFO - Sync 1 DAGs
[2024-10-26 09:24:43,574] {logging_mixin.py:115} INFO - [2024-10-26 09:24:43,574] {dag.py:2398} INFO - Creating ORM DAG for example_nested_branch_dag
[2024-10-26 09:24:43,580] {logging_mixin.py:115} INFO - [2024-10-26 09:24:43,580] {dag.py:2927} INFO - Setting next_dagrun for example_nested_branch_dag to 2024-10-25T00:00:00+00:00, run_after=2024-10-26T00:00:00+00:00
[2024-10-26 09:24:43,595] {processor.py:161} INFO - Processing /root/Documentos/airflow/venv/lib/python3.9/site-packages/airflow/example_dags/example_nested_branch_dag.py took 0.100 seconds
[2024-10-26 09:25:19,188] {processor.py:153} INFO - Started process (PID=10375) to work on /root/Documentos/airflow/venv/lib/python3.9/site-packages/airflow/example_dags/example_nested_branch_dag.py
[2024-10-26 09:25:19,193] {processor.py:641} INFO - Processing file /root/Documentos/airflow/venv/lib/python3.9/site-packages/airflow/example_dags/example_nested_branch_dag.py for tasks to queue
[2024-10-26 09:25:19,194] {logging_mixin.py:115} INFO - [2024-10-26 09:25:19,193] {dagbag.py:507} INFO - Filling up the DagBag from /root/Documentos/airflow/venv/lib/python3.9/site-packages/airflow/example_dags/example_nested_branch_dag.py
[2024-10-26 09:25:19,198] {processor.py:651} INFO - DAG(s) dict_keys(['example_nested_branch_dag']) retrieved from /root/Documentos/airflow/venv/lib/python3.9/site-packages/airflow/example_dags/example_nested_branch_dag.py
[2024-10-26 09:25:19,206] {logging_mixin.py:115} INFO - [2024-10-26 09:25:19,206] {dag.py:2379} INFO - Sync 1 DAGs
[2024-10-26 09:25:19,218] {logging_mixin.py:115} INFO - [2024-10-26 09:25:19,218] {dag.py:2927} INFO - Setting next_dagrun for example_nested_branch_dag to 2024-10-25T00:00:00+00:00, run_after=2024-10-26T00:00:00+00:00
[2024-10-26 09:25:19,231] {processor.py:161} INFO - Processing /root/Documentos/airflow/venv/lib/python3.9/site-packages/airflow/example_dags/example_nested_branch_dag.py took 0.044 seconds
[2024-10-26 09:25:50,775] {processor.py:153} INFO - Started process (PID=10530) to work on /root/Documentos/airflow/venv/lib/python3.9/site-packages/airflow/example_dags/example_nested_branch_dag.py
[2024-10-26 09:25:50,776] {processor.py:641} INFO - Processing file /root/Documentos/airflow/venv/lib/python3.9/site-packages/airflow/example_dags/example_nested_branch_dag.py for tasks to queue
[2024-10-26 09:25:50,776] {logging_mixin.py:115} INFO - [2024-10-26 09:25:50,776] {dagbag.py:507} INFO - Filling up the DagBag from /root/Documentos/airflow/venv/lib/python3.9/site-packages/airflow/example_dags/example_nested_branch_dag.py
[2024-10-26 09:25:50,783] {processor.py:651} INFO - DAG(s) dict_keys(['example_nested_branch_dag']) retrieved from /root/Documentos/airflow/venv/lib/python3.9/site-packages/airflow/example_dags/example_nested_branch_dag.py
[2024-10-26 09:25:50,791] {logging_mixin.py:115} INFO - [2024-10-26 09:25:50,791] {dag.py:2379} INFO - Sync 1 DAGs
[2024-10-26 09:25:50,802] {logging_mixin.py:115} INFO - [2024-10-26 09:25:50,802] {dag.py:2927} INFO - Setting next_dagrun for example_nested_branch_dag to 2024-10-25T00:00:00+00:00, run_after=2024-10-26T00:00:00+00:00
[2024-10-26 09:25:50,816] {processor.py:161} INFO - Processing /root/Documentos/airflow/venv/lib/python3.9/site-packages/airflow/example_dags/example_nested_branch_dag.py took 0.043 seconds
[2024-10-26 09:26:25,781] {processor.py:153} INFO - Started process (PID=10698) to work on /root/Documentos/airflow/venv/lib/python3.9/site-packages/airflow/example_dags/example_nested_branch_dag.py
[2024-10-26 09:26:25,785] {processor.py:641} INFO - Processing file /root/Documentos/airflow/venv/lib/python3.9/site-packages/airflow/example_dags/example_nested_branch_dag.py for tasks to queue
[2024-10-26 09:26:25,785] {logging_mixin.py:115} INFO - [2024-10-26 09:26:25,785] {dagbag.py:507} INFO - Filling up the DagBag from /root/Documentos/airflow/venv/lib/python3.9/site-packages/airflow/example_dags/example_nested_branch_dag.py
[2024-10-26 09:26:25,790] {processor.py:651} INFO - DAG(s) dict_keys(['example_nested_branch_dag']) retrieved from /root/Documentos/airflow/venv/lib/python3.9/site-packages/airflow/example_dags/example_nested_branch_dag.py
[2024-10-26 09:26:25,798] {logging_mixin.py:115} INFO - [2024-10-26 09:26:25,798] {dag.py:2379} INFO - Sync 1 DAGs
[2024-10-26 09:26:25,809] {logging_mixin.py:115} INFO - [2024-10-26 09:26:25,809] {dag.py:2927} INFO - Setting next_dagrun for example_nested_branch_dag to 2024-10-25T00:00:00+00:00, run_after=2024-10-26T00:00:00+00:00
[2024-10-26 09:26:25,822] {processor.py:161} INFO - Processing /root/Documentos/airflow/venv/lib/python3.9/site-packages/airflow/example_dags/example_nested_branch_dag.py took 0.042 seconds
[2024-10-26 09:26:58,509] {processor.py:153} INFO - Started process (PID=10857) to work on /root/Documentos/airflow/venv/lib/python3.9/site-packages/airflow/example_dags/example_nested_branch_dag.py
[2024-10-26 09:26:58,515] {processor.py:641} INFO - Processing file /root/Documentos/airflow/venv/lib/python3.9/site-packages/airflow/example_dags/example_nested_branch_dag.py for tasks to queue
[2024-10-26 09:26:58,515] {logging_mixin.py:115} INFO - [2024-10-26 09:26:58,515] {dagbag.py:507} INFO - Filling up the DagBag from /root/Documentos/airflow/venv/lib/python3.9/site-packages/airflow/example_dags/example_nested_branch_dag.py
[2024-10-26 09:26:58,520] {processor.py:651} INFO - DAG(s) dict_keys(['example_nested_branch_dag']) retrieved from /root/Documentos/airflow/venv/lib/python3.9/site-packages/airflow/example_dags/example_nested_branch_dag.py
[2024-10-26 09:26:58,528] {logging_mixin.py:115} INFO - [2024-10-26 09:26:58,528] {dag.py:2379} INFO - Sync 1 DAGs
[2024-10-26 09:26:58,539] {logging_mixin.py:115} INFO - [2024-10-26 09:26:58,539] {dag.py:2927} INFO - Setting next_dagrun for example_nested_branch_dag to 2024-10-25T00:00:00+00:00, run_after=2024-10-26T00:00:00+00:00
[2024-10-26 09:26:58,553] {processor.py:161} INFO - Processing /root/Documentos/airflow/venv/lib/python3.9/site-packages/airflow/example_dags/example_nested_branch_dag.py took 0.046 seconds
[2024-10-26 09:27:31,888] {processor.py:153} INFO - Started process (PID=11019) to work on /root/Documentos/airflow/venv/lib/python3.9/site-packages/airflow/example_dags/example_nested_branch_dag.py
[2024-10-26 09:27:31,895] {processor.py:641} INFO - Processing file /root/Documentos/airflow/venv/lib/python3.9/site-packages/airflow/example_dags/example_nested_branch_dag.py for tasks to queue
[2024-10-26 09:27:31,896] {logging_mixin.py:115} INFO - [2024-10-26 09:27:31,896] {dagbag.py:507} INFO - Filling up the DagBag from /root/Documentos/airflow/venv/lib/python3.9/site-packages/airflow/example_dags/example_nested_branch_dag.py
[2024-10-26 09:27:31,901] {processor.py:651} INFO - DAG(s) dict_keys(['example_nested_branch_dag']) retrieved from /root/Documentos/airflow/venv/lib/python3.9/site-packages/airflow/example_dags/example_nested_branch_dag.py
[2024-10-26 09:27:31,909] {logging_mixin.py:115} INFO - [2024-10-26 09:27:31,909] {dag.py:2379} INFO - Sync 1 DAGs
[2024-10-26 09:27:31,920] {logging_mixin.py:115} INFO - [2024-10-26 09:27:31,920] {dag.py:2927} INFO - Setting next_dagrun for example_nested_branch_dag to 2024-10-25T00:00:00+00:00, run_after=2024-10-26T00:00:00+00:00
[2024-10-26 09:27:31,934] {processor.py:161} INFO - Processing /root/Documentos/airflow/venv/lib/python3.9/site-packages/airflow/example_dags/example_nested_branch_dag.py took 0.047 seconds
[2024-10-26 09:28:05,195] {processor.py:153} INFO - Started process (PID=11186) to work on /root/Documentos/airflow/venv/lib/python3.9/site-packages/airflow/example_dags/example_nested_branch_dag.py
[2024-10-26 09:28:05,202] {processor.py:641} INFO - Processing file /root/Documentos/airflow/venv/lib/python3.9/site-packages/airflow/example_dags/example_nested_branch_dag.py for tasks to queue
[2024-10-26 09:28:05,202] {logging_mixin.py:115} INFO - [2024-10-26 09:28:05,202] {dagbag.py:507} INFO - Filling up the DagBag from /root/Documentos/airflow/venv/lib/python3.9/site-packages/airflow/example_dags/example_nested_branch_dag.py
[2024-10-26 09:28:05,207] {processor.py:651} INFO - DAG(s) dict_keys(['example_nested_branch_dag']) retrieved from /root/Documentos/airflow/venv/lib/python3.9/site-packages/airflow/example_dags/example_nested_branch_dag.py
[2024-10-26 09:28:05,215] {logging_mixin.py:115} INFO - [2024-10-26 09:28:05,215] {dag.py:2379} INFO - Sync 1 DAGs
[2024-10-26 09:28:05,227] {logging_mixin.py:115} INFO - [2024-10-26 09:28:05,227] {dag.py:2927} INFO - Setting next_dagrun for example_nested_branch_dag to 2024-10-25T00:00:00+00:00, run_after=2024-10-26T00:00:00+00:00
[2024-10-26 09:28:05,239] {processor.py:161} INFO - Processing /root/Documentos/airflow/venv/lib/python3.9/site-packages/airflow/example_dags/example_nested_branch_dag.py took 0.045 seconds
[2024-10-26 09:28:38,639] {processor.py:153} INFO - Started process (PID=11353) to work on /root/Documentos/airflow/venv/lib/python3.9/site-packages/airflow/example_dags/example_nested_branch_dag.py
[2024-10-26 09:28:38,640] {processor.py:641} INFO - Processing file /root/Documentos/airflow/venv/lib/python3.9/site-packages/airflow/example_dags/example_nested_branch_dag.py for tasks to queue
[2024-10-26 09:28:38,640] {logging_mixin.py:115} INFO - [2024-10-26 09:28:38,640] {dagbag.py:507} INFO - Filling up the DagBag from /root/Documentos/airflow/venv/lib/python3.9/site-packages/airflow/example_dags/example_nested_branch_dag.py
[2024-10-26 09:28:38,645] {processor.py:651} INFO - DAG(s) dict_keys(['example_nested_branch_dag']) retrieved from /root/Documentos/airflow/venv/lib/python3.9/site-packages/airflow/example_dags/example_nested_branch_dag.py
[2024-10-26 09:28:38,654] {logging_mixin.py:115} INFO - [2024-10-26 09:28:38,653] {dag.py:2379} INFO - Sync 1 DAGs
[2024-10-26 09:28:38,665] {logging_mixin.py:115} INFO - [2024-10-26 09:28:38,665] {dag.py:2927} INFO - Setting next_dagrun for example_nested_branch_dag to 2024-10-25T00:00:00+00:00, run_after=2024-10-26T00:00:00+00:00
[2024-10-26 09:28:38,678] {processor.py:161} INFO - Processing /root/Documentos/airflow/venv/lib/python3.9/site-packages/airflow/example_dags/example_nested_branch_dag.py took 0.041 seconds
[2024-10-26 09:38:00,650] {processor.py:153} INFO - Started process (PID=997) to work on /root/Documentos/airflow/venv/lib/python3.9/site-packages/airflow/example_dags/example_nested_branch_dag.py
[2024-10-26 09:38:00,654] {processor.py:641} INFO - Processing file /root/Documentos/airflow/venv/lib/python3.9/site-packages/airflow/example_dags/example_nested_branch_dag.py for tasks to queue
[2024-10-26 09:38:00,654] {logging_mixin.py:115} INFO - [2024-10-26 09:38:00,654] {dagbag.py:507} INFO - Filling up the DagBag from /root/Documentos/airflow/venv/lib/python3.9/site-packages/airflow/example_dags/example_nested_branch_dag.py
[2024-10-26 09:38:00,660] {processor.py:651} INFO - DAG(s) dict_keys(['example_nested_branch_dag']) retrieved from /root/Documentos/airflow/venv/lib/python3.9/site-packages/airflow/example_dags/example_nested_branch_dag.py
[2024-10-26 09:38:00,668] {logging_mixin.py:115} INFO - [2024-10-26 09:38:00,668] {dag.py:2379} INFO - Sync 1 DAGs
[2024-10-26 09:38:00,680] {logging_mixin.py:115} INFO - [2024-10-26 09:38:00,680] {dag.py:2927} INFO - Setting next_dagrun for example_nested_branch_dag to 2024-10-25T00:00:00+00:00, run_after=2024-10-26T00:00:00+00:00
[2024-10-26 09:38:00,693] {processor.py:161} INFO - Processing /root/Documentos/airflow/venv/lib/python3.9/site-packages/airflow/example_dags/example_nested_branch_dag.py took 0.044 seconds
[2024-10-26 09:38:31,629] {processor.py:153} INFO - Started process (PID=1153) to work on /root/Documentos/airflow/venv/lib/python3.9/site-packages/airflow/example_dags/example_nested_branch_dag.py
[2024-10-26 09:38:31,636] {processor.py:641} INFO - Processing file /root/Documentos/airflow/venv/lib/python3.9/site-packages/airflow/example_dags/example_nested_branch_dag.py for tasks to queue
[2024-10-26 09:38:31,637] {logging_mixin.py:115} INFO - [2024-10-26 09:38:31,637] {dagbag.py:507} INFO - Filling up the DagBag from /root/Documentos/airflow/venv/lib/python3.9/site-packages/airflow/example_dags/example_nested_branch_dag.py
[2024-10-26 09:38:31,641] {processor.py:651} INFO - DAG(s) dict_keys(['example_nested_branch_dag']) retrieved from /root/Documentos/airflow/venv/lib/python3.9/site-packages/airflow/example_dags/example_nested_branch_dag.py
[2024-10-26 09:38:31,650] {logging_mixin.py:115} INFO - [2024-10-26 09:38:31,650] {dag.py:2379} INFO - Sync 1 DAGs
[2024-10-26 09:38:31,661] {logging_mixin.py:115} INFO - [2024-10-26 09:38:31,661] {dag.py:2927} INFO - Setting next_dagrun for example_nested_branch_dag to 2024-10-25T00:00:00+00:00, run_after=2024-10-26T00:00:00+00:00
[2024-10-26 09:38:31,674] {processor.py:161} INFO - Processing /root/Documentos/airflow/venv/lib/python3.9/site-packages/airflow/example_dags/example_nested_branch_dag.py took 0.046 seconds
[2024-10-26 09:39:06,005] {processor.py:153} INFO - Started process (PID=1321) to work on /root/Documentos/airflow/venv/lib/python3.9/site-packages/airflow/example_dags/example_nested_branch_dag.py
[2024-10-26 09:39:06,011] {processor.py:641} INFO - Processing file /root/Documentos/airflow/venv/lib/python3.9/site-packages/airflow/example_dags/example_nested_branch_dag.py for tasks to queue
[2024-10-26 09:39:06,012] {logging_mixin.py:115} INFO - [2024-10-26 09:39:06,012] {dagbag.py:507} INFO - Filling up the DagBag from /root/Documentos/airflow/venv/lib/python3.9/site-packages/airflow/example_dags/example_nested_branch_dag.py
[2024-10-26 09:39:06,017] {processor.py:651} INFO - DAG(s) dict_keys(['example_nested_branch_dag']) retrieved from /root/Documentos/airflow/venv/lib/python3.9/site-packages/airflow/example_dags/example_nested_branch_dag.py
[2024-10-26 09:39:06,025] {logging_mixin.py:115} INFO - [2024-10-26 09:39:06,025] {dag.py:2379} INFO - Sync 1 DAGs
[2024-10-26 09:39:06,036] {logging_mixin.py:115} INFO - [2024-10-26 09:39:06,036] {dag.py:2927} INFO - Setting next_dagrun for example_nested_branch_dag to 2024-10-25T00:00:00+00:00, run_after=2024-10-26T00:00:00+00:00
[2024-10-26 09:39:06,049] {processor.py:161} INFO - Processing /root/Documentos/airflow/venv/lib/python3.9/site-packages/airflow/example_dags/example_nested_branch_dag.py took 0.046 seconds
[2024-10-26 09:39:39,020] {processor.py:153} INFO - Started process (PID=1482) to work on /root/Documentos/airflow/venv/lib/python3.9/site-packages/airflow/example_dags/example_nested_branch_dag.py
[2024-10-26 09:39:39,021] {processor.py:641} INFO - Processing file /root/Documentos/airflow/venv/lib/python3.9/site-packages/airflow/example_dags/example_nested_branch_dag.py for tasks to queue
[2024-10-26 09:39:39,022] {logging_mixin.py:115} INFO - [2024-10-26 09:39:39,022] {dagbag.py:507} INFO - Filling up the DagBag from /root/Documentos/airflow/venv/lib/python3.9/site-packages/airflow/example_dags/example_nested_branch_dag.py
[2024-10-26 09:39:39,026] {processor.py:651} INFO - DAG(s) dict_keys(['example_nested_branch_dag']) retrieved from /root/Documentos/airflow/venv/lib/python3.9/site-packages/airflow/example_dags/example_nested_branch_dag.py
[2024-10-26 09:39:39,034] {logging_mixin.py:115} INFO - [2024-10-26 09:39:39,034] {dag.py:2379} INFO - Sync 1 DAGs
[2024-10-26 09:39:39,046] {logging_mixin.py:115} INFO - [2024-10-26 09:39:39,046] {dag.py:2927} INFO - Setting next_dagrun for example_nested_branch_dag to 2024-10-25T00:00:00+00:00, run_after=2024-10-26T00:00:00+00:00
[2024-10-26 09:39:39,060] {processor.py:161} INFO - Processing /root/Documentos/airflow/venv/lib/python3.9/site-packages/airflow/example_dags/example_nested_branch_dag.py took 0.041 seconds
[2024-10-26 09:40:13,119] {processor.py:153} INFO - Started process (PID=1646) to work on /root/Documentos/airflow/venv/lib/python3.9/site-packages/airflow/example_dags/example_nested_branch_dag.py
[2024-10-26 09:40:13,124] {processor.py:641} INFO - Processing file /root/Documentos/airflow/venv/lib/python3.9/site-packages/airflow/example_dags/example_nested_branch_dag.py for tasks to queue
[2024-10-26 09:40:13,124] {logging_mixin.py:115} INFO - [2024-10-26 09:40:13,124] {dagbag.py:507} INFO - Filling up the DagBag from /root/Documentos/airflow/venv/lib/python3.9/site-packages/airflow/example_dags/example_nested_branch_dag.py
[2024-10-26 09:40:13,130] {processor.py:651} INFO - DAG(s) dict_keys(['example_nested_branch_dag']) retrieved from /root/Documentos/airflow/venv/lib/python3.9/site-packages/airflow/example_dags/example_nested_branch_dag.py
[2024-10-26 09:40:13,139] {logging_mixin.py:115} INFO - [2024-10-26 09:40:13,139] {dag.py:2379} INFO - Sync 1 DAGs
[2024-10-26 09:40:13,150] {logging_mixin.py:115} INFO - [2024-10-26 09:40:13,150] {dag.py:2927} INFO - Setting next_dagrun for example_nested_branch_dag to 2024-10-25T00:00:00+00:00, run_after=2024-10-26T00:00:00+00:00
[2024-10-26 09:40:13,163] {processor.py:161} INFO - Processing /root/Documentos/airflow/venv/lib/python3.9/site-packages/airflow/example_dags/example_nested_branch_dag.py took 0.045 seconds
[2024-10-26 09:40:48,100] {processor.py:153} INFO - Started process (PID=1814) to work on /root/Documentos/airflow/venv/lib/python3.9/site-packages/airflow/example_dags/example_nested_branch_dag.py
[2024-10-26 09:40:48,101] {processor.py:641} INFO - Processing file /root/Documentos/airflow/venv/lib/python3.9/site-packages/airflow/example_dags/example_nested_branch_dag.py for tasks to queue
[2024-10-26 09:40:48,102] {logging_mixin.py:115} INFO - [2024-10-26 09:40:48,102] {dagbag.py:507} INFO - Filling up the DagBag from /root/Documentos/airflow/venv/lib/python3.9/site-packages/airflow/example_dags/example_nested_branch_dag.py
[2024-10-26 09:40:48,106] {processor.py:651} INFO - DAG(s) dict_keys(['example_nested_branch_dag']) retrieved from /root/Documentos/airflow/venv/lib/python3.9/site-packages/airflow/example_dags/example_nested_branch_dag.py
[2024-10-26 09:40:48,115] {logging_mixin.py:115} INFO - [2024-10-26 09:40:48,115] {dag.py:2379} INFO - Sync 1 DAGs
[2024-10-26 09:40:48,126] {logging_mixin.py:115} INFO - [2024-10-26 09:40:48,126] {dag.py:2927} INFO - Setting next_dagrun for example_nested_branch_dag to 2024-10-25T00:00:00+00:00, run_after=2024-10-26T00:00:00+00:00
[2024-10-26 09:40:48,140] {processor.py:161} INFO - Processing /root/Documentos/airflow/venv/lib/python3.9/site-packages/airflow/example_dags/example_nested_branch_dag.py took 0.041 seconds
[2024-10-26 09:41:20,300] {processor.py:153} INFO - Started process (PID=1972) to work on /root/Documentos/airflow/venv/lib/python3.9/site-packages/airflow/example_dags/example_nested_branch_dag.py
[2024-10-26 09:41:20,301] {processor.py:641} INFO - Processing file /root/Documentos/airflow/venv/lib/python3.9/site-packages/airflow/example_dags/example_nested_branch_dag.py for tasks to queue
[2024-10-26 09:41:20,301] {logging_mixin.py:115} INFO - [2024-10-26 09:41:20,301] {dagbag.py:507} INFO - Filling up the DagBag from /root/Documentos/airflow/venv/lib/python3.9/site-packages/airflow/example_dags/example_nested_branch_dag.py
[2024-10-26 09:41:20,307] {processor.py:651} INFO - DAG(s) dict_keys(['example_nested_branch_dag']) retrieved from /root/Documentos/airflow/venv/lib/python3.9/site-packages/airflow/example_dags/example_nested_branch_dag.py
[2024-10-26 09:41:20,315] {logging_mixin.py:115} INFO - [2024-10-26 09:41:20,315] {dag.py:2379} INFO - Sync 1 DAGs
[2024-10-26 09:41:20,328] {logging_mixin.py:115} INFO - [2024-10-26 09:41:20,328] {dag.py:2927} INFO - Setting next_dagrun for example_nested_branch_dag to 2024-10-25T00:00:00+00:00, run_after=2024-10-26T00:00:00+00:00
[2024-10-26 09:41:20,341] {processor.py:161} INFO - Processing /root/Documentos/airflow/venv/lib/python3.9/site-packages/airflow/example_dags/example_nested_branch_dag.py took 0.042 seconds
[2024-10-26 09:41:54,928] {processor.py:153} INFO - Started process (PID=2139) to work on /root/Documentos/airflow/venv/lib/python3.9/site-packages/airflow/example_dags/example_nested_branch_dag.py
[2024-10-26 09:41:54,933] {processor.py:641} INFO - Processing file /root/Documentos/airflow/venv/lib/python3.9/site-packages/airflow/example_dags/example_nested_branch_dag.py for tasks to queue
[2024-10-26 09:41:54,933] {logging_mixin.py:115} INFO - [2024-10-26 09:41:54,933] {dagbag.py:507} INFO - Filling up the DagBag from /root/Documentos/airflow/venv/lib/python3.9/site-packages/airflow/example_dags/example_nested_branch_dag.py
[2024-10-26 09:41:54,938] {processor.py:651} INFO - DAG(s) dict_keys(['example_nested_branch_dag']) retrieved from /root/Documentos/airflow/venv/lib/python3.9/site-packages/airflow/example_dags/example_nested_branch_dag.py
[2024-10-26 09:41:54,946] {logging_mixin.py:115} INFO - [2024-10-26 09:41:54,946] {dag.py:2379} INFO - Sync 1 DAGs
[2024-10-26 09:41:54,957] {logging_mixin.py:115} INFO - [2024-10-26 09:41:54,957] {dag.py:2927} INFO - Setting next_dagrun for example_nested_branch_dag to 2024-10-25T00:00:00+00:00, run_after=2024-10-26T00:00:00+00:00
[2024-10-26 09:41:54,972] {processor.py:161} INFO - Processing /root/Documentos/airflow/venv/lib/python3.9/site-packages/airflow/example_dags/example_nested_branch_dag.py took 0.045 seconds
[2024-10-26 09:42:28,417] {processor.py:153} INFO - Started process (PID=2300) to work on /root/Documentos/airflow/venv/lib/python3.9/site-packages/airflow/example_dags/example_nested_branch_dag.py
[2024-10-26 09:42:28,419] {processor.py:641} INFO - Processing file /root/Documentos/airflow/venv/lib/python3.9/site-packages/airflow/example_dags/example_nested_branch_dag.py for tasks to queue
[2024-10-26 09:42:28,419] {logging_mixin.py:115} INFO - [2024-10-26 09:42:28,419] {dagbag.py:507} INFO - Filling up the DagBag from /root/Documentos/airflow/venv/lib/python3.9/site-packages/airflow/example_dags/example_nested_branch_dag.py
[2024-10-26 09:42:28,424] {processor.py:651} INFO - DAG(s) dict_keys(['example_nested_branch_dag']) retrieved from /root/Documentos/airflow/venv/lib/python3.9/site-packages/airflow/example_dags/example_nested_branch_dag.py
[2024-10-26 09:42:28,432] {logging_mixin.py:115} INFO - [2024-10-26 09:42:28,432] {dag.py:2379} INFO - Sync 1 DAGs
[2024-10-26 09:42:28,444] {logging_mixin.py:115} INFO - [2024-10-26 09:42:28,444] {dag.py:2927} INFO - Setting next_dagrun for example_nested_branch_dag to 2024-10-25T00:00:00+00:00, run_after=2024-10-26T00:00:00+00:00
[2024-10-26 09:42:28,455] {processor.py:161} INFO - Processing /root/Documentos/airflow/venv/lib/python3.9/site-packages/airflow/example_dags/example_nested_branch_dag.py took 0.039 seconds
[2024-10-26 09:42:59,885] {processor.py:153} INFO - Started process (PID=2454) to work on /root/Documentos/airflow/venv/lib/python3.9/site-packages/airflow/example_dags/example_nested_branch_dag.py
[2024-10-26 09:42:59,886] {processor.py:641} INFO - Processing file /root/Documentos/airflow/venv/lib/python3.9/site-packages/airflow/example_dags/example_nested_branch_dag.py for tasks to queue
[2024-10-26 09:42:59,886] {logging_mixin.py:115} INFO - [2024-10-26 09:42:59,886] {dagbag.py:507} INFO - Filling up the DagBag from /root/Documentos/airflow/venv/lib/python3.9/site-packages/airflow/example_dags/example_nested_branch_dag.py
[2024-10-26 09:42:59,891] {processor.py:651} INFO - DAG(s) dict_keys(['example_nested_branch_dag']) retrieved from /root/Documentos/airflow/venv/lib/python3.9/site-packages/airflow/example_dags/example_nested_branch_dag.py
[2024-10-26 09:42:59,899] {logging_mixin.py:115} INFO - [2024-10-26 09:42:59,899] {dag.py:2379} INFO - Sync 1 DAGs
[2024-10-26 09:42:59,910] {logging_mixin.py:115} INFO - [2024-10-26 09:42:59,910] {dag.py:2927} INFO - Setting next_dagrun for example_nested_branch_dag to 2024-10-25T00:00:00+00:00, run_after=2024-10-26T00:00:00+00:00
[2024-10-26 09:42:59,922] {processor.py:161} INFO - Processing /root/Documentos/airflow/venv/lib/python3.9/site-packages/airflow/example_dags/example_nested_branch_dag.py took 0.038 seconds
[2024-10-26 09:43:34,864] {processor.py:153} INFO - Started process (PID=2622) to work on /root/Documentos/airflow/venv/lib/python3.9/site-packages/airflow/example_dags/example_nested_branch_dag.py
[2024-10-26 09:43:34,869] {processor.py:641} INFO - Processing file /root/Documentos/airflow/venv/lib/python3.9/site-packages/airflow/example_dags/example_nested_branch_dag.py for tasks to queue
[2024-10-26 09:43:34,869] {logging_mixin.py:115} INFO - [2024-10-26 09:43:34,869] {dagbag.py:507} INFO - Filling up the DagBag from /root/Documentos/airflow/venv/lib/python3.9/site-packages/airflow/example_dags/example_nested_branch_dag.py
[2024-10-26 09:43:34,874] {processor.py:651} INFO - DAG(s) dict_keys(['example_nested_branch_dag']) retrieved from /root/Documentos/airflow/venv/lib/python3.9/site-packages/airflow/example_dags/example_nested_branch_dag.py
[2024-10-26 09:43:34,882] {logging_mixin.py:115} INFO - [2024-10-26 09:43:34,882] {dag.py:2379} INFO - Sync 1 DAGs
[2024-10-26 09:43:34,893] {logging_mixin.py:115} INFO - [2024-10-26 09:43:34,893] {dag.py:2927} INFO - Setting next_dagrun for example_nested_branch_dag to 2024-10-25T00:00:00+00:00, run_after=2024-10-26T00:00:00+00:00
[2024-10-26 09:43:34,905] {processor.py:161} INFO - Processing /root/Documentos/airflow/venv/lib/python3.9/site-packages/airflow/example_dags/example_nested_branch_dag.py took 0.042 seconds
[2024-10-26 09:44:08,069] {processor.py:153} INFO - Started process (PID=2783) to work on /root/Documentos/airflow/venv/lib/python3.9/site-packages/airflow/example_dags/example_nested_branch_dag.py
[2024-10-26 09:44:08,070] {processor.py:641} INFO - Processing file /root/Documentos/airflow/venv/lib/python3.9/site-packages/airflow/example_dags/example_nested_branch_dag.py for tasks to queue
[2024-10-26 09:44:08,071] {logging_mixin.py:115} INFO - [2024-10-26 09:44:08,070] {dagbag.py:507} INFO - Filling up the DagBag from /root/Documentos/airflow/venv/lib/python3.9/site-packages/airflow/example_dags/example_nested_branch_dag.py
[2024-10-26 09:44:08,075] {processor.py:651} INFO - DAG(s) dict_keys(['example_nested_branch_dag']) retrieved from /root/Documentos/airflow/venv/lib/python3.9/site-packages/airflow/example_dags/example_nested_branch_dag.py
[2024-10-26 09:44:08,084] {logging_mixin.py:115} INFO - [2024-10-26 09:44:08,084] {dag.py:2379} INFO - Sync 1 DAGs
[2024-10-26 09:44:08,096] {logging_mixin.py:115} INFO - [2024-10-26 09:44:08,096] {dag.py:2927} INFO - Setting next_dagrun for example_nested_branch_dag to 2024-10-25T00:00:00+00:00, run_after=2024-10-26T00:00:00+00:00
[2024-10-26 09:44:08,107] {processor.py:161} INFO - Processing /root/Documentos/airflow/venv/lib/python3.9/site-packages/airflow/example_dags/example_nested_branch_dag.py took 0.039 seconds
[2024-10-26 09:44:40,772] {processor.py:153} INFO - Started process (PID=2943) to work on /root/Documentos/airflow/venv/lib/python3.9/site-packages/airflow/example_dags/example_nested_branch_dag.py
[2024-10-26 09:44:40,772] {processor.py:641} INFO - Processing file /root/Documentos/airflow/venv/lib/python3.9/site-packages/airflow/example_dags/example_nested_branch_dag.py for tasks to queue
[2024-10-26 09:44:40,773] {logging_mixin.py:115} INFO - [2024-10-26 09:44:40,773] {dagbag.py:507} INFO - Filling up the DagBag from /root/Documentos/airflow/venv/lib/python3.9/site-packages/airflow/example_dags/example_nested_branch_dag.py
[2024-10-26 09:44:40,778] {processor.py:651} INFO - DAG(s) dict_keys(['example_nested_branch_dag']) retrieved from /root/Documentos/airflow/venv/lib/python3.9/site-packages/airflow/example_dags/example_nested_branch_dag.py
[2024-10-26 09:44:40,787] {logging_mixin.py:115} INFO - [2024-10-26 09:44:40,787] {dag.py:2379} INFO - Sync 1 DAGs
[2024-10-26 09:44:40,800] {logging_mixin.py:115} INFO - [2024-10-26 09:44:40,799] {dag.py:2927} INFO - Setting next_dagrun for example_nested_branch_dag to 2024-10-25T00:00:00+00:00, run_after=2024-10-26T00:00:00+00:00
[2024-10-26 09:44:40,811] {processor.py:161} INFO - Processing /root/Documentos/airflow/venv/lib/python3.9/site-packages/airflow/example_dags/example_nested_branch_dag.py took 0.041 seconds
[2024-10-26 09:45:13,743] {processor.py:153} INFO - Started process (PID=3103) to work on /root/Documentos/airflow/venv/lib/python3.9/site-packages/airflow/example_dags/example_nested_branch_dag.py
[2024-10-26 09:45:13,747] {processor.py:641} INFO - Processing file /root/Documentos/airflow/venv/lib/python3.9/site-packages/airflow/example_dags/example_nested_branch_dag.py for tasks to queue
[2024-10-26 09:45:13,747] {logging_mixin.py:115} INFO - [2024-10-26 09:45:13,747] {dagbag.py:507} INFO - Filling up the DagBag from /root/Documentos/airflow/venv/lib/python3.9/site-packages/airflow/example_dags/example_nested_branch_dag.py
[2024-10-26 09:45:13,752] {processor.py:651} INFO - DAG(s) dict_keys(['example_nested_branch_dag']) retrieved from /root/Documentos/airflow/venv/lib/python3.9/site-packages/airflow/example_dags/example_nested_branch_dag.py
[2024-10-26 09:45:13,760] {logging_mixin.py:115} INFO - [2024-10-26 09:45:13,760] {dag.py:2379} INFO - Sync 1 DAGs
[2024-10-26 09:45:13,771] {logging_mixin.py:115} INFO - [2024-10-26 09:45:13,771] {dag.py:2927} INFO - Setting next_dagrun for example_nested_branch_dag to 2024-10-25T00:00:00+00:00, run_after=2024-10-26T00:00:00+00:00
[2024-10-26 09:45:13,783] {processor.py:161} INFO - Processing /root/Documentos/airflow/venv/lib/python3.9/site-packages/airflow/example_dags/example_nested_branch_dag.py took 0.042 seconds
[2024-10-26 09:45:47,900] {processor.py:153} INFO - Started process (PID=3267) to work on /root/Documentos/airflow/venv/lib/python3.9/site-packages/airflow/example_dags/example_nested_branch_dag.py
[2024-10-26 09:45:47,907] {processor.py:641} INFO - Processing file /root/Documentos/airflow/venv/lib/python3.9/site-packages/airflow/example_dags/example_nested_branch_dag.py for tasks to queue
[2024-10-26 09:45:47,907] {logging_mixin.py:115} INFO - [2024-10-26 09:45:47,907] {dagbag.py:507} INFO - Filling up the DagBag from /root/Documentos/airflow/venv/lib/python3.9/site-packages/airflow/example_dags/example_nested_branch_dag.py
[2024-10-26 09:45:47,912] {processor.py:651} INFO - DAG(s) dict_keys(['example_nested_branch_dag']) retrieved from /root/Documentos/airflow/venv/lib/python3.9/site-packages/airflow/example_dags/example_nested_branch_dag.py
[2024-10-26 09:45:47,921] {logging_mixin.py:115} INFO - [2024-10-26 09:45:47,920] {dag.py:2379} INFO - Sync 1 DAGs
[2024-10-26 09:45:47,932] {logging_mixin.py:115} INFO - [2024-10-26 09:45:47,932] {dag.py:2927} INFO - Setting next_dagrun for example_nested_branch_dag to 2024-10-25T00:00:00+00:00, run_after=2024-10-26T00:00:00+00:00
[2024-10-26 09:45:47,945] {processor.py:161} INFO - Processing /root/Documentos/airflow/venv/lib/python3.9/site-packages/airflow/example_dags/example_nested_branch_dag.py took 0.046 seconds
[2024-10-26 09:46:20,512] {processor.py:153} INFO - Started process (PID=3425) to work on /root/Documentos/airflow/venv/lib/python3.9/site-packages/airflow/example_dags/example_nested_branch_dag.py
[2024-10-26 09:46:20,518] {processor.py:641} INFO - Processing file /root/Documentos/airflow/venv/lib/python3.9/site-packages/airflow/example_dags/example_nested_branch_dag.py for tasks to queue
[2024-10-26 09:46:20,518] {logging_mixin.py:115} INFO - [2024-10-26 09:46:20,518] {dagbag.py:507} INFO - Filling up the DagBag from /root/Documentos/airflow/venv/lib/python3.9/site-packages/airflow/example_dags/example_nested_branch_dag.py
[2024-10-26 09:46:20,524] {processor.py:651} INFO - DAG(s) dict_keys(['example_nested_branch_dag']) retrieved from /root/Documentos/airflow/venv/lib/python3.9/site-packages/airflow/example_dags/example_nested_branch_dag.py
[2024-10-26 09:46:20,532] {logging_mixin.py:115} INFO - [2024-10-26 09:46:20,532] {dag.py:2379} INFO - Sync 1 DAGs
[2024-10-26 09:46:20,544] {logging_mixin.py:115} INFO - [2024-10-26 09:46:20,544] {dag.py:2927} INFO - Setting next_dagrun for example_nested_branch_dag to 2024-10-25T00:00:00+00:00, run_after=2024-10-26T00:00:00+00:00
[2024-10-26 09:46:20,557] {processor.py:161} INFO - Processing /root/Documentos/airflow/venv/lib/python3.9/site-packages/airflow/example_dags/example_nested_branch_dag.py took 0.046 seconds
[2024-10-26 09:46:56,076] {processor.py:153} INFO - Started process (PID=3674) to work on /root/Documentos/airflow/venv/lib/python3.9/site-packages/airflow/example_dags/example_nested_branch_dag.py
[2024-10-26 09:46:56,078] {processor.py:641} INFO - Processing file /root/Documentos/airflow/venv/lib/python3.9/site-packages/airflow/example_dags/example_nested_branch_dag.py for tasks to queue
[2024-10-26 09:46:56,078] {logging_mixin.py:115} INFO - [2024-10-26 09:46:56,078] {dagbag.py:507} INFO - Filling up the DagBag from /root/Documentos/airflow/venv/lib/python3.9/site-packages/airflow/example_dags/example_nested_branch_dag.py
[2024-10-26 09:46:56,083] {processor.py:651} INFO - DAG(s) dict_keys(['example_nested_branch_dag']) retrieved from /root/Documentos/airflow/venv/lib/python3.9/site-packages/airflow/example_dags/example_nested_branch_dag.py
[2024-10-26 09:46:56,091] {logging_mixin.py:115} INFO - [2024-10-26 09:46:56,091] {dag.py:2379} INFO - Sync 1 DAGs
[2024-10-26 09:46:56,102] {logging_mixin.py:115} INFO - [2024-10-26 09:46:56,102] {dag.py:2927} INFO - Setting next_dagrun for example_nested_branch_dag to 2024-10-25T00:00:00+00:00, run_after=2024-10-26T00:00:00+00:00
[2024-10-26 09:46:56,117] {processor.py:161} INFO - Processing /root/Documentos/airflow/venv/lib/python3.9/site-packages/airflow/example_dags/example_nested_branch_dag.py took 0.042 seconds
[2024-10-26 09:47:28,724] {processor.py:153} INFO - Started process (PID=3833) to work on /root/Documentos/airflow/venv/lib/python3.9/site-packages/airflow/example_dags/example_nested_branch_dag.py
[2024-10-26 09:47:28,729] {processor.py:641} INFO - Processing file /root/Documentos/airflow/venv/lib/python3.9/site-packages/airflow/example_dags/example_nested_branch_dag.py for tasks to queue
[2024-10-26 09:47:28,730] {logging_mixin.py:115} INFO - [2024-10-26 09:47:28,730] {dagbag.py:507} INFO - Filling up the DagBag from /root/Documentos/airflow/venv/lib/python3.9/site-packages/airflow/example_dags/example_nested_branch_dag.py
[2024-10-26 09:47:28,735] {processor.py:651} INFO - DAG(s) dict_keys(['example_nested_branch_dag']) retrieved from /root/Documentos/airflow/venv/lib/python3.9/site-packages/airflow/example_dags/example_nested_branch_dag.py
[2024-10-26 09:47:28,743] {logging_mixin.py:115} INFO - [2024-10-26 09:47:28,743] {dag.py:2379} INFO - Sync 1 DAGs
[2024-10-26 09:47:28,754] {logging_mixin.py:115} INFO - [2024-10-26 09:47:28,754] {dag.py:2927} INFO - Setting next_dagrun for example_nested_branch_dag to 2024-10-25T00:00:00+00:00, run_after=2024-10-26T00:00:00+00:00
[2024-10-26 09:47:28,767] {processor.py:161} INFO - Processing /root/Documentos/airflow/venv/lib/python3.9/site-packages/airflow/example_dags/example_nested_branch_dag.py took 0.044 seconds
[2024-10-26 09:48:00,530] {processor.py:153} INFO - Started process (PID=3989) to work on /root/Documentos/airflow/venv/lib/python3.9/site-packages/airflow/example_dags/example_nested_branch_dag.py
[2024-10-26 09:48:00,530] {processor.py:641} INFO - Processing file /root/Documentos/airflow/venv/lib/python3.9/site-packages/airflow/example_dags/example_nested_branch_dag.py for tasks to queue
[2024-10-26 09:48:00,530] {logging_mixin.py:115} INFO - [2024-10-26 09:48:00,530] {dagbag.py:507} INFO - Filling up the DagBag from /root/Documentos/airflow/venv/lib/python3.9/site-packages/airflow/example_dags/example_nested_branch_dag.py
[2024-10-26 09:48:00,535] {processor.py:651} INFO - DAG(s) dict_keys(['example_nested_branch_dag']) retrieved from /root/Documentos/airflow/venv/lib/python3.9/site-packages/airflow/example_dags/example_nested_branch_dag.py
[2024-10-26 09:48:00,543] {logging_mixin.py:115} INFO - [2024-10-26 09:48:00,543] {dag.py:2379} INFO - Sync 1 DAGs
[2024-10-26 09:48:00,554] {logging_mixin.py:115} INFO - [2024-10-26 09:48:00,554] {dag.py:2927} INFO - Setting next_dagrun for example_nested_branch_dag to 2024-10-25T00:00:00+00:00, run_after=2024-10-26T00:00:00+00:00
[2024-10-26 09:48:00,568] {processor.py:161} INFO - Processing /root/Documentos/airflow/venv/lib/python3.9/site-packages/airflow/example_dags/example_nested_branch_dag.py took 0.039 seconds
[2024-10-26 09:48:34,110] {processor.py:153} INFO - Started process (PID=4158) to work on /root/Documentos/airflow/venv/lib/python3.9/site-packages/airflow/example_dags/example_nested_branch_dag.py
[2024-10-26 09:48:34,116] {processor.py:641} INFO - Processing file /root/Documentos/airflow/venv/lib/python3.9/site-packages/airflow/example_dags/example_nested_branch_dag.py for tasks to queue
[2024-10-26 09:48:34,116] {logging_mixin.py:115} INFO - [2024-10-26 09:48:34,116] {dagbag.py:507} INFO - Filling up the DagBag from /root/Documentos/airflow/venv/lib/python3.9/site-packages/airflow/example_dags/example_nested_branch_dag.py
[2024-10-26 09:48:34,121] {processor.py:651} INFO - DAG(s) dict_keys(['example_nested_branch_dag']) retrieved from /root/Documentos/airflow/venv/lib/python3.9/site-packages/airflow/example_dags/example_nested_branch_dag.py
[2024-10-26 09:48:34,129] {logging_mixin.py:115} INFO - [2024-10-26 09:48:34,129] {dag.py:2379} INFO - Sync 1 DAGs
[2024-10-26 09:48:34,140] {logging_mixin.py:115} INFO - [2024-10-26 09:48:34,140] {dag.py:2927} INFO - Setting next_dagrun for example_nested_branch_dag to 2024-10-25T00:00:00+00:00, run_after=2024-10-26T00:00:00+00:00
[2024-10-26 09:48:34,156] {processor.py:161} INFO - Processing /root/Documentos/airflow/venv/lib/python3.9/site-packages/airflow/example_dags/example_nested_branch_dag.py took 0.047 seconds
[2024-10-26 09:49:07,269] {processor.py:153} INFO - Started process (PID=4319) to work on /root/Documentos/airflow/venv/lib/python3.9/site-packages/airflow/example_dags/example_nested_branch_dag.py
[2024-10-26 09:49:07,270] {processor.py:641} INFO - Processing file /root/Documentos/airflow/venv/lib/python3.9/site-packages/airflow/example_dags/example_nested_branch_dag.py for tasks to queue
[2024-10-26 09:49:07,270] {logging_mixin.py:115} INFO - [2024-10-26 09:49:07,270] {dagbag.py:507} INFO - Filling up the DagBag from /root/Documentos/airflow/venv/lib/python3.9/site-packages/airflow/example_dags/example_nested_branch_dag.py
[2024-10-26 09:49:07,274] {processor.py:651} INFO - DAG(s) dict_keys(['example_nested_branch_dag']) retrieved from /root/Documentos/airflow/venv/lib/python3.9/site-packages/airflow/example_dags/example_nested_branch_dag.py
[2024-10-26 09:49:07,283] {logging_mixin.py:115} INFO - [2024-10-26 09:49:07,282] {dag.py:2379} INFO - Sync 1 DAGs
[2024-10-26 09:49:07,293] {logging_mixin.py:115} INFO - [2024-10-26 09:49:07,293] {dag.py:2927} INFO - Setting next_dagrun for example_nested_branch_dag to 2024-10-25T00:00:00+00:00, run_after=2024-10-26T00:00:00+00:00
[2024-10-26 09:49:07,310] {processor.py:161} INFO - Processing /root/Documentos/airflow/venv/lib/python3.9/site-packages/airflow/example_dags/example_nested_branch_dag.py took 0.042 seconds
[2024-10-26 09:49:39,839] {processor.py:153} INFO - Started process (PID=4475) to work on /root/Documentos/airflow/venv/lib/python3.9/site-packages/airflow/example_dags/example_nested_branch_dag.py
[2024-10-26 09:49:39,841] {processor.py:641} INFO - Processing file /root/Documentos/airflow/venv/lib/python3.9/site-packages/airflow/example_dags/example_nested_branch_dag.py for tasks to queue
[2024-10-26 09:49:39,841] {logging_mixin.py:115} INFO - [2024-10-26 09:49:39,841] {dagbag.py:507} INFO - Filling up the DagBag from /root/Documentos/airflow/venv/lib/python3.9/site-packages/airflow/example_dags/example_nested_branch_dag.py
[2024-10-26 09:49:39,846] {processor.py:651} INFO - DAG(s) dict_keys(['example_nested_branch_dag']) retrieved from /root/Documentos/airflow/venv/lib/python3.9/site-packages/airflow/example_dags/example_nested_branch_dag.py
[2024-10-26 09:49:39,854] {logging_mixin.py:115} INFO - [2024-10-26 09:49:39,854] {dag.py:2379} INFO - Sync 1 DAGs
[2024-10-26 09:49:39,865] {logging_mixin.py:115} INFO - [2024-10-26 09:49:39,865] {dag.py:2927} INFO - Setting next_dagrun for example_nested_branch_dag to 2024-10-25T00:00:00+00:00, run_after=2024-10-26T00:00:00+00:00
[2024-10-26 09:49:39,880] {processor.py:161} INFO - Processing /root/Documentos/airflow/venv/lib/python3.9/site-packages/airflow/example_dags/example_nested_branch_dag.py took 0.042 seconds
[2024-10-26 09:50:12,099] {processor.py:153} INFO - Started process (PID=4630) to work on /root/Documentos/airflow/venv/lib/python3.9/site-packages/airflow/example_dags/example_nested_branch_dag.py
[2024-10-26 09:50:12,103] {processor.py:641} INFO - Processing file /root/Documentos/airflow/venv/lib/python3.9/site-packages/airflow/example_dags/example_nested_branch_dag.py for tasks to queue
[2024-10-26 09:50:12,104] {logging_mixin.py:115} INFO - [2024-10-26 09:50:12,104] {dagbag.py:507} INFO - Filling up the DagBag from /root/Documentos/airflow/venv/lib/python3.9/site-packages/airflow/example_dags/example_nested_branch_dag.py
[2024-10-26 09:50:12,108] {processor.py:651} INFO - DAG(s) dict_keys(['example_nested_branch_dag']) retrieved from /root/Documentos/airflow/venv/lib/python3.9/site-packages/airflow/example_dags/example_nested_branch_dag.py
[2024-10-26 09:50:12,116] {logging_mixin.py:115} INFO - [2024-10-26 09:50:12,116] {dag.py:2379} INFO - Sync 1 DAGs
[2024-10-26 09:50:12,127] {logging_mixin.py:115} INFO - [2024-10-26 09:50:12,127] {dag.py:2927} INFO - Setting next_dagrun for example_nested_branch_dag to 2024-10-25T00:00:00+00:00, run_after=2024-10-26T00:00:00+00:00
[2024-10-26 09:50:12,142] {processor.py:161} INFO - Processing /root/Documentos/airflow/venv/lib/python3.9/site-packages/airflow/example_dags/example_nested_branch_dag.py took 0.044 seconds
[2024-10-26 09:50:45,395] {processor.py:153} INFO - Started process (PID=4791) to work on /root/Documentos/airflow/venv/lib/python3.9/site-packages/airflow/example_dags/example_nested_branch_dag.py
[2024-10-26 09:50:45,396] {processor.py:641} INFO - Processing file /root/Documentos/airflow/venv/lib/python3.9/site-packages/airflow/example_dags/example_nested_branch_dag.py for tasks to queue
[2024-10-26 09:50:45,396] {logging_mixin.py:115} INFO - [2024-10-26 09:50:45,396] {dagbag.py:507} INFO - Filling up the DagBag from /root/Documentos/airflow/venv/lib/python3.9/site-packages/airflow/example_dags/example_nested_branch_dag.py
[2024-10-26 09:50:45,401] {processor.py:651} INFO - DAG(s) dict_keys(['example_nested_branch_dag']) retrieved from /root/Documentos/airflow/venv/lib/python3.9/site-packages/airflow/example_dags/example_nested_branch_dag.py
[2024-10-26 09:50:45,409] {logging_mixin.py:115} INFO - [2024-10-26 09:50:45,409] {dag.py:2379} INFO - Sync 1 DAGs
[2024-10-26 09:50:45,420] {logging_mixin.py:115} INFO - [2024-10-26 09:50:45,420] {dag.py:2927} INFO - Setting next_dagrun for example_nested_branch_dag to 2024-10-25T00:00:00+00:00, run_after=2024-10-26T00:00:00+00:00
[2024-10-26 09:50:45,435] {processor.py:161} INFO - Processing /root/Documentos/airflow/venv/lib/python3.9/site-packages/airflow/example_dags/example_nested_branch_dag.py took 0.041 seconds
[2024-10-26 09:51:16,966] {processor.py:153} INFO - Started process (PID=4945) to work on /root/Documentos/airflow/venv/lib/python3.9/site-packages/airflow/example_dags/example_nested_branch_dag.py
[2024-10-26 09:51:16,968] {processor.py:641} INFO - Processing file /root/Documentos/airflow/venv/lib/python3.9/site-packages/airflow/example_dags/example_nested_branch_dag.py for tasks to queue
[2024-10-26 09:51:16,968] {logging_mixin.py:115} INFO - [2024-10-26 09:51:16,968] {dagbag.py:507} INFO - Filling up the DagBag from /root/Documentos/airflow/venv/lib/python3.9/site-packages/airflow/example_dags/example_nested_branch_dag.py
[2024-10-26 09:51:16,973] {processor.py:651} INFO - DAG(s) dict_keys(['example_nested_branch_dag']) retrieved from /root/Documentos/airflow/venv/lib/python3.9/site-packages/airflow/example_dags/example_nested_branch_dag.py
[2024-10-26 09:51:16,981] {logging_mixin.py:115} INFO - [2024-10-26 09:51:16,981] {dag.py:2379} INFO - Sync 1 DAGs
[2024-10-26 09:51:16,992] {logging_mixin.py:115} INFO - [2024-10-26 09:51:16,992] {dag.py:2927} INFO - Setting next_dagrun for example_nested_branch_dag to 2024-10-25T00:00:00+00:00, run_after=2024-10-26T00:00:00+00:00
[2024-10-26 09:51:17,008] {processor.py:161} INFO - Processing /root/Documentos/airflow/venv/lib/python3.9/site-packages/airflow/example_dags/example_nested_branch_dag.py took 0.043 seconds
[2024-10-26 09:51:51,419] {processor.py:153} INFO - Started process (PID=5112) to work on /root/Documentos/airflow/venv/lib/python3.9/site-packages/airflow/example_dags/example_nested_branch_dag.py
[2024-10-26 09:51:51,424] {processor.py:641} INFO - Processing file /root/Documentos/airflow/venv/lib/python3.9/site-packages/airflow/example_dags/example_nested_branch_dag.py for tasks to queue
[2024-10-26 09:51:51,425] {logging_mixin.py:115} INFO - [2024-10-26 09:51:51,425] {dagbag.py:507} INFO - Filling up the DagBag from /root/Documentos/airflow/venv/lib/python3.9/site-packages/airflow/example_dags/example_nested_branch_dag.py
[2024-10-26 09:51:51,430] {processor.py:651} INFO - DAG(s) dict_keys(['example_nested_branch_dag']) retrieved from /root/Documentos/airflow/venv/lib/python3.9/site-packages/airflow/example_dags/example_nested_branch_dag.py
[2024-10-26 09:51:51,438] {logging_mixin.py:115} INFO - [2024-10-26 09:51:51,438] {dag.py:2379} INFO - Sync 1 DAGs
[2024-10-26 09:51:51,449] {logging_mixin.py:115} INFO - [2024-10-26 09:51:51,449] {dag.py:2927} INFO - Setting next_dagrun for example_nested_branch_dag to 2024-10-25T00:00:00+00:00, run_after=2024-10-26T00:00:00+00:00
[2024-10-26 09:51:51,465] {processor.py:161} INFO - Processing /root/Documentos/airflow/venv/lib/python3.9/site-packages/airflow/example_dags/example_nested_branch_dag.py took 0.047 seconds
[2024-10-26 09:52:25,247] {processor.py:153} INFO - Started process (PID=5276) to work on /root/Documentos/airflow/venv/lib/python3.9/site-packages/airflow/example_dags/example_nested_branch_dag.py
[2024-10-26 09:52:25,247] {processor.py:641} INFO - Processing file /root/Documentos/airflow/venv/lib/python3.9/site-packages/airflow/example_dags/example_nested_branch_dag.py for tasks to queue
[2024-10-26 09:52:25,247] {logging_mixin.py:115} INFO - [2024-10-26 09:52:25,247] {dagbag.py:507} INFO - Filling up the DagBag from /root/Documentos/airflow/venv/lib/python3.9/site-packages/airflow/example_dags/example_nested_branch_dag.py
[2024-10-26 09:52:25,252] {processor.py:651} INFO - DAG(s) dict_keys(['example_nested_branch_dag']) retrieved from /root/Documentos/airflow/venv/lib/python3.9/site-packages/airflow/example_dags/example_nested_branch_dag.py
[2024-10-26 09:52:25,261] {logging_mixin.py:115} INFO - [2024-10-26 09:52:25,261] {dag.py:2379} INFO - Sync 1 DAGs
[2024-10-26 09:52:25,272] {logging_mixin.py:115} INFO - [2024-10-26 09:52:25,272] {dag.py:2927} INFO - Setting next_dagrun for example_nested_branch_dag to 2024-10-25T00:00:00+00:00, run_after=2024-10-26T00:00:00+00:00
[2024-10-26 09:52:25,287] {processor.py:161} INFO - Processing /root/Documentos/airflow/venv/lib/python3.9/site-packages/airflow/example_dags/example_nested_branch_dag.py took 0.041 seconds
[2024-10-26 09:52:57,688] {processor.py:153} INFO - Started process (PID=5433) to work on /root/Documentos/airflow/venv/lib/python3.9/site-packages/airflow/example_dags/example_nested_branch_dag.py
[2024-10-26 09:52:57,691] {processor.py:641} INFO - Processing file /root/Documentos/airflow/venv/lib/python3.9/site-packages/airflow/example_dags/example_nested_branch_dag.py for tasks to queue
[2024-10-26 09:52:57,692] {logging_mixin.py:115} INFO - [2024-10-26 09:52:57,691] {dagbag.py:507} INFO - Filling up the DagBag from /root/Documentos/airflow/venv/lib/python3.9/site-packages/airflow/example_dags/example_nested_branch_dag.py
[2024-10-26 09:52:57,696] {processor.py:651} INFO - DAG(s) dict_keys(['example_nested_branch_dag']) retrieved from /root/Documentos/airflow/venv/lib/python3.9/site-packages/airflow/example_dags/example_nested_branch_dag.py
[2024-10-26 09:52:57,706] {logging_mixin.py:115} INFO - [2024-10-26 09:52:57,706] {dag.py:2379} INFO - Sync 1 DAGs
[2024-10-26 09:52:57,716] {logging_mixin.py:115} INFO - [2024-10-26 09:52:57,716] {dag.py:2927} INFO - Setting next_dagrun for example_nested_branch_dag to 2024-10-25T00:00:00+00:00, run_after=2024-10-26T00:00:00+00:00
[2024-10-26 09:52:57,730] {processor.py:161} INFO - Processing /root/Documentos/airflow/venv/lib/python3.9/site-packages/airflow/example_dags/example_nested_branch_dag.py took 0.044 seconds
[2024-10-26 09:53:32,417] {processor.py:153} INFO - Started process (PID=5601) to work on /root/Documentos/airflow/venv/lib/python3.9/site-packages/airflow/example_dags/example_nested_branch_dag.py
[2024-10-26 09:53:32,419] {processor.py:641} INFO - Processing file /root/Documentos/airflow/venv/lib/python3.9/site-packages/airflow/example_dags/example_nested_branch_dag.py for tasks to queue
[2024-10-26 09:53:32,419] {logging_mixin.py:115} INFO - [2024-10-26 09:53:32,419] {dagbag.py:507} INFO - Filling up the DagBag from /root/Documentos/airflow/venv/lib/python3.9/site-packages/airflow/example_dags/example_nested_branch_dag.py
[2024-10-26 09:53:32,424] {processor.py:651} INFO - DAG(s) dict_keys(['example_nested_branch_dag']) retrieved from /root/Documentos/airflow/venv/lib/python3.9/site-packages/airflow/example_dags/example_nested_branch_dag.py
[2024-10-26 09:53:32,433] {logging_mixin.py:115} INFO - [2024-10-26 09:53:32,433] {dag.py:2379} INFO - Sync 1 DAGs
[2024-10-26 09:53:32,443] {logging_mixin.py:115} INFO - [2024-10-26 09:53:32,443] {dag.py:2927} INFO - Setting next_dagrun for example_nested_branch_dag to 2024-10-25T00:00:00+00:00, run_after=2024-10-26T00:00:00+00:00
[2024-10-26 09:53:32,458] {processor.py:161} INFO - Processing /root/Documentos/airflow/venv/lib/python3.9/site-packages/airflow/example_dags/example_nested_branch_dag.py took 0.042 seconds
[2024-10-26 09:54:05,113] {processor.py:153} INFO - Started process (PID=5760) to work on /root/Documentos/airflow/venv/lib/python3.9/site-packages/airflow/example_dags/example_nested_branch_dag.py
[2024-10-26 09:54:05,117] {processor.py:641} INFO - Processing file /root/Documentos/airflow/venv/lib/python3.9/site-packages/airflow/example_dags/example_nested_branch_dag.py for tasks to queue
[2024-10-26 09:54:05,117] {logging_mixin.py:115} INFO - [2024-10-26 09:54:05,117] {dagbag.py:507} INFO - Filling up the DagBag from /root/Documentos/airflow/venv/lib/python3.9/site-packages/airflow/example_dags/example_nested_branch_dag.py
[2024-10-26 09:54:05,122] {processor.py:651} INFO - DAG(s) dict_keys(['example_nested_branch_dag']) retrieved from /root/Documentos/airflow/venv/lib/python3.9/site-packages/airflow/example_dags/example_nested_branch_dag.py
[2024-10-26 09:54:05,131] {logging_mixin.py:115} INFO - [2024-10-26 09:54:05,131] {dag.py:2379} INFO - Sync 1 DAGs
[2024-10-26 09:54:05,141] {logging_mixin.py:115} INFO - [2024-10-26 09:54:05,141] {dag.py:2927} INFO - Setting next_dagrun for example_nested_branch_dag to 2024-10-25T00:00:00+00:00, run_after=2024-10-26T00:00:00+00:00
[2024-10-26 09:54:05,157] {processor.py:161} INFO - Processing /root/Documentos/airflow/venv/lib/python3.9/site-packages/airflow/example_dags/example_nested_branch_dag.py took 0.045 seconds
[2024-10-26 09:54:39,583] {processor.py:153} INFO - Started process (PID=5925) to work on /root/Documentos/airflow/venv/lib/python3.9/site-packages/airflow/example_dags/example_nested_branch_dag.py
[2024-10-26 09:54:39,585] {processor.py:641} INFO - Processing file /root/Documentos/airflow/venv/lib/python3.9/site-packages/airflow/example_dags/example_nested_branch_dag.py for tasks to queue
[2024-10-26 09:54:39,585] {logging_mixin.py:115} INFO - [2024-10-26 09:54:39,585] {dagbag.py:507} INFO - Filling up the DagBag from /root/Documentos/airflow/venv/lib/python3.9/site-packages/airflow/example_dags/example_nested_branch_dag.py
[2024-10-26 09:54:39,590] {processor.py:651} INFO - DAG(s) dict_keys(['example_nested_branch_dag']) retrieved from /root/Documentos/airflow/venv/lib/python3.9/site-packages/airflow/example_dags/example_nested_branch_dag.py
[2024-10-26 09:54:39,600] {logging_mixin.py:115} INFO - [2024-10-26 09:54:39,600] {dag.py:2379} INFO - Sync 1 DAGs
[2024-10-26 09:54:39,610] {logging_mixin.py:115} INFO - [2024-10-26 09:54:39,609] {dag.py:2927} INFO - Setting next_dagrun for example_nested_branch_dag to 2024-10-25T00:00:00+00:00, run_after=2024-10-26T00:00:00+00:00
[2024-10-26 09:54:39,625] {processor.py:161} INFO - Processing /root/Documentos/airflow/venv/lib/python3.9/site-packages/airflow/example_dags/example_nested_branch_dag.py took 0.043 seconds
[2024-10-26 09:55:13,721] {processor.py:153} INFO - Started process (PID=6096) to work on /root/Documentos/airflow/venv/lib/python3.9/site-packages/airflow/example_dags/example_nested_branch_dag.py
[2024-10-26 09:55:13,726] {processor.py:641} INFO - Processing file /root/Documentos/airflow/venv/lib/python3.9/site-packages/airflow/example_dags/example_nested_branch_dag.py for tasks to queue
[2024-10-26 09:55:13,727] {logging_mixin.py:115} INFO - [2024-10-26 09:55:13,727] {dagbag.py:507} INFO - Filling up the DagBag from /root/Documentos/airflow/venv/lib/python3.9/site-packages/airflow/example_dags/example_nested_branch_dag.py
[2024-10-26 09:55:13,731] {processor.py:651} INFO - DAG(s) dict_keys(['example_nested_branch_dag']) retrieved from /root/Documentos/airflow/venv/lib/python3.9/site-packages/airflow/example_dags/example_nested_branch_dag.py
[2024-10-26 09:55:13,741] {logging_mixin.py:115} INFO - [2024-10-26 09:55:13,741] {dag.py:2379} INFO - Sync 1 DAGs
[2024-10-26 09:55:13,750] {logging_mixin.py:115} INFO - [2024-10-26 09:55:13,750] {dag.py:2927} INFO - Setting next_dagrun for example_nested_branch_dag to 2024-10-25T00:00:00+00:00, run_after=2024-10-26T00:00:00+00:00
[2024-10-26 09:55:13,767] {processor.py:161} INFO - Processing /root/Documentos/airflow/venv/lib/python3.9/site-packages/airflow/example_dags/example_nested_branch_dag.py took 0.047 seconds
