[2024-10-26 09:24:37,018] {processor.py:153} INFO - Started process (PID=10172) to work on /root/Documentos/airflow/venv/lib/python3.9/site-packages/airflow/example_dags/example_dag_decorator.py
[2024-10-26 09:24:37,018] {processor.py:641} INFO - Processing file /root/Documentos/airflow/venv/lib/python3.9/site-packages/airflow/example_dags/example_dag_decorator.py for tasks to queue
[2024-10-26 09:24:37,019] {logging_mixin.py:115} INFO - [2024-10-26 09:24:37,019] {dagbag.py:507} INFO - Filling up the DagBag from /root/Documentos/airflow/venv/lib/python3.9/site-packages/airflow/example_dags/example_dag_decorator.py
[2024-10-26 09:24:37,034] {processor.py:651} INFO - DAG(s) dict_keys(['example_dag_decorator']) retrieved from /root/Documentos/airflow/venv/lib/python3.9/site-packages/airflow/example_dags/example_dag_decorator.py
[2024-10-26 09:24:37,080] {logging_mixin.py:115} INFO - [2024-10-26 09:24:37,079] {manager.py:508} INFO - Created Permission View: can edit on DAG:example_dag_decorator
[2024-10-26 09:24:37,090] {logging_mixin.py:115} INFO - [2024-10-26 09:24:37,090] {manager.py:508} INFO - Created Permission View: can read on DAG:example_dag_decorator
[2024-10-26 09:24:37,100] {logging_mixin.py:115} INFO - [2024-10-26 09:24:37,100] {manager.py:508} INFO - Created Permission View: can delete on DAG:example_dag_decorator
[2024-10-26 09:24:37,100] {logging_mixin.py:115} INFO - [2024-10-26 09:24:37,100] {dag.py:2379} INFO - Sync 1 DAGs
[2024-10-26 09:24:37,104] {logging_mixin.py:115} INFO - [2024-10-26 09:24:37,104] {dag.py:2398} INFO - Creating ORM DAG for example_dag_decorator
[2024-10-26 09:24:37,110] {logging_mixin.py:115} INFO - [2024-10-26 09:24:37,110] {dag.py:2927} INFO - Setting next_dagrun for example_dag_decorator to None, run_after=None
[2024-10-26 09:24:37,127] {processor.py:161} INFO - Processing /root/Documentos/airflow/venv/lib/python3.9/site-packages/airflow/example_dags/example_dag_decorator.py took 0.110 seconds
[2024-10-26 09:25:13,060] {processor.py:153} INFO - Started process (PID=10345) to work on /root/Documentos/airflow/venv/lib/python3.9/site-packages/airflow/example_dags/example_dag_decorator.py
[2024-10-26 09:25:13,061] {processor.py:641} INFO - Processing file /root/Documentos/airflow/venv/lib/python3.9/site-packages/airflow/example_dags/example_dag_decorator.py for tasks to queue
[2024-10-26 09:25:13,061] {logging_mixin.py:115} INFO - [2024-10-26 09:25:13,061] {dagbag.py:507} INFO - Filling up the DagBag from /root/Documentos/airflow/venv/lib/python3.9/site-packages/airflow/example_dags/example_dag_decorator.py
[2024-10-26 09:25:13,072] {processor.py:651} INFO - DAG(s) dict_keys(['example_dag_decorator']) retrieved from /root/Documentos/airflow/venv/lib/python3.9/site-packages/airflow/example_dags/example_dag_decorator.py
[2024-10-26 09:25:13,095] {logging_mixin.py:115} INFO - [2024-10-26 09:25:13,095] {dag.py:2379} INFO - Sync 1 DAGs
[2024-10-26 09:25:13,104] {logging_mixin.py:115} INFO - [2024-10-26 09:25:13,104] {dag.py:2927} INFO - Setting next_dagrun for example_dag_decorator to None, run_after=None
[2024-10-26 09:25:13,117] {processor.py:161} INFO - Processing /root/Documentos/airflow/venv/lib/python3.9/site-packages/airflow/example_dags/example_dag_decorator.py took 0.059 seconds
[2024-10-26 09:25:45,638] {processor.py:153} INFO - Started process (PID=10503) to work on /root/Documentos/airflow/venv/lib/python3.9/site-packages/airflow/example_dags/example_dag_decorator.py
[2024-10-26 09:25:45,639] {processor.py:641} INFO - Processing file /root/Documentos/airflow/venv/lib/python3.9/site-packages/airflow/example_dags/example_dag_decorator.py for tasks to queue
[2024-10-26 09:25:45,639] {logging_mixin.py:115} INFO - [2024-10-26 09:25:45,639] {dagbag.py:507} INFO - Filling up the DagBag from /root/Documentos/airflow/venv/lib/python3.9/site-packages/airflow/example_dags/example_dag_decorator.py
[2024-10-26 09:25:45,653] {processor.py:651} INFO - DAG(s) dict_keys(['example_dag_decorator']) retrieved from /root/Documentos/airflow/venv/lib/python3.9/site-packages/airflow/example_dags/example_dag_decorator.py
[2024-10-26 09:25:45,662] {logging_mixin.py:115} INFO - [2024-10-26 09:25:45,662] {dag.py:2379} INFO - Sync 1 DAGs
[2024-10-26 09:25:45,671] {logging_mixin.py:115} INFO - [2024-10-26 09:25:45,671] {dag.py:2927} INFO - Setting next_dagrun for example_dag_decorator to None, run_after=None
[2024-10-26 09:25:45,682] {processor.py:161} INFO - Processing /root/Documentos/airflow/venv/lib/python3.9/site-packages/airflow/example_dags/example_dag_decorator.py took 0.046 seconds
[2024-10-26 09:26:19,513] {processor.py:153} INFO - Started process (PID=10667) to work on /root/Documentos/airflow/venv/lib/python3.9/site-packages/airflow/example_dags/example_dag_decorator.py
[2024-10-26 09:26:19,520] {processor.py:641} INFO - Processing file /root/Documentos/airflow/venv/lib/python3.9/site-packages/airflow/example_dags/example_dag_decorator.py for tasks to queue
[2024-10-26 09:26:19,520] {logging_mixin.py:115} INFO - [2024-10-26 09:26:19,520] {dagbag.py:507} INFO - Filling up the DagBag from /root/Documentos/airflow/venv/lib/python3.9/site-packages/airflow/example_dags/example_dag_decorator.py
[2024-10-26 09:26:19,531] {processor.py:651} INFO - DAG(s) dict_keys(['example_dag_decorator']) retrieved from /root/Documentos/airflow/venv/lib/python3.9/site-packages/airflow/example_dags/example_dag_decorator.py
[2024-10-26 09:26:19,553] {logging_mixin.py:115} INFO - [2024-10-26 09:26:19,553] {dag.py:2379} INFO - Sync 1 DAGs
[2024-10-26 09:26:19,560] {logging_mixin.py:115} INFO - [2024-10-26 09:26:19,560] {dag.py:2927} INFO - Setting next_dagrun for example_dag_decorator to None, run_after=None
[2024-10-26 09:26:19,572] {processor.py:161} INFO - Processing /root/Documentos/airflow/venv/lib/python3.9/site-packages/airflow/example_dags/example_dag_decorator.py took 0.061 seconds
[2024-10-26 09:26:52,717] {processor.py:153} INFO - Started process (PID=10828) to work on /root/Documentos/airflow/venv/lib/python3.9/site-packages/airflow/example_dags/example_dag_decorator.py
[2024-10-26 09:26:52,722] {processor.py:641} INFO - Processing file /root/Documentos/airflow/venv/lib/python3.9/site-packages/airflow/example_dags/example_dag_decorator.py for tasks to queue
[2024-10-26 09:26:52,722] {logging_mixin.py:115} INFO - [2024-10-26 09:26:52,722] {dagbag.py:507} INFO - Filling up the DagBag from /root/Documentos/airflow/venv/lib/python3.9/site-packages/airflow/example_dags/example_dag_decorator.py
[2024-10-26 09:26:52,733] {processor.py:651} INFO - DAG(s) dict_keys(['example_dag_decorator']) retrieved from /root/Documentos/airflow/venv/lib/python3.9/site-packages/airflow/example_dags/example_dag_decorator.py
[2024-10-26 09:26:52,755] {logging_mixin.py:115} INFO - [2024-10-26 09:26:52,755] {dag.py:2379} INFO - Sync 1 DAGs
[2024-10-26 09:26:52,762] {logging_mixin.py:115} INFO - [2024-10-26 09:26:52,762] {dag.py:2927} INFO - Setting next_dagrun for example_dag_decorator to None, run_after=None
[2024-10-26 09:26:52,774] {processor.py:161} INFO - Processing /root/Documentos/airflow/venv/lib/python3.9/site-packages/airflow/example_dags/example_dag_decorator.py took 0.058 seconds
[2024-10-26 09:27:25,615] {processor.py:153} INFO - Started process (PID=10988) to work on /root/Documentos/airflow/venv/lib/python3.9/site-packages/airflow/example_dags/example_dag_decorator.py
[2024-10-26 09:27:25,616] {processor.py:641} INFO - Processing file /root/Documentos/airflow/venv/lib/python3.9/site-packages/airflow/example_dags/example_dag_decorator.py for tasks to queue
[2024-10-26 09:27:25,617] {logging_mixin.py:115} INFO - [2024-10-26 09:27:25,617] {dagbag.py:507} INFO - Filling up the DagBag from /root/Documentos/airflow/venv/lib/python3.9/site-packages/airflow/example_dags/example_dag_decorator.py
[2024-10-26 09:27:25,627] {processor.py:651} INFO - DAG(s) dict_keys(['example_dag_decorator']) retrieved from /root/Documentos/airflow/venv/lib/python3.9/site-packages/airflow/example_dags/example_dag_decorator.py
[2024-10-26 09:27:25,636] {logging_mixin.py:115} INFO - [2024-10-26 09:27:25,636] {dag.py:2379} INFO - Sync 1 DAGs
[2024-10-26 09:27:25,644] {logging_mixin.py:115} INFO - [2024-10-26 09:27:25,644] {dag.py:2927} INFO - Setting next_dagrun for example_dag_decorator to None, run_after=None
[2024-10-26 09:27:25,655] {processor.py:161} INFO - Processing /root/Documentos/airflow/venv/lib/python3.9/site-packages/airflow/example_dags/example_dag_decorator.py took 0.041 seconds
[2024-10-26 09:27:59,518] {processor.py:153} INFO - Started process (PID=11158) to work on /root/Documentos/airflow/venv/lib/python3.9/site-packages/airflow/example_dags/example_dag_decorator.py
[2024-10-26 09:27:59,519] {processor.py:641} INFO - Processing file /root/Documentos/airflow/venv/lib/python3.9/site-packages/airflow/example_dags/example_dag_decorator.py for tasks to queue
[2024-10-26 09:27:59,519] {logging_mixin.py:115} INFO - [2024-10-26 09:27:59,519] {dagbag.py:507} INFO - Filling up the DagBag from /root/Documentos/airflow/venv/lib/python3.9/site-packages/airflow/example_dags/example_dag_decorator.py
[2024-10-26 09:27:59,530] {processor.py:651} INFO - DAG(s) dict_keys(['example_dag_decorator']) retrieved from /root/Documentos/airflow/venv/lib/python3.9/site-packages/airflow/example_dags/example_dag_decorator.py
[2024-10-26 09:27:59,554] {logging_mixin.py:115} INFO - [2024-10-26 09:27:59,554] {dag.py:2379} INFO - Sync 1 DAGs
[2024-10-26 09:27:59,562] {logging_mixin.py:115} INFO - [2024-10-26 09:27:59,562] {dag.py:2927} INFO - Setting next_dagrun for example_dag_decorator to None, run_after=None
[2024-10-26 09:27:59,575] {processor.py:161} INFO - Processing /root/Documentos/airflow/venv/lib/python3.9/site-packages/airflow/example_dags/example_dag_decorator.py took 0.058 seconds
[2024-10-26 09:28:33,286] {processor.py:153} INFO - Started process (PID=11326) to work on /root/Documentos/airflow/venv/lib/python3.9/site-packages/airflow/example_dags/example_dag_decorator.py
[2024-10-26 09:28:33,287] {processor.py:641} INFO - Processing file /root/Documentos/airflow/venv/lib/python3.9/site-packages/airflow/example_dags/example_dag_decorator.py for tasks to queue
[2024-10-26 09:28:33,287] {logging_mixin.py:115} INFO - [2024-10-26 09:28:33,287] {dagbag.py:507} INFO - Filling up the DagBag from /root/Documentos/airflow/venv/lib/python3.9/site-packages/airflow/example_dags/example_dag_decorator.py
[2024-10-26 09:28:33,299] {processor.py:651} INFO - DAG(s) dict_keys(['example_dag_decorator']) retrieved from /root/Documentos/airflow/venv/lib/python3.9/site-packages/airflow/example_dags/example_dag_decorator.py
[2024-10-26 09:28:33,325] {logging_mixin.py:115} INFO - [2024-10-26 09:28:33,325] {dag.py:2379} INFO - Sync 1 DAGs
[2024-10-26 09:28:33,334] {logging_mixin.py:115} INFO - [2024-10-26 09:28:33,334] {dag.py:2927} INFO - Setting next_dagrun for example_dag_decorator to None, run_after=None
[2024-10-26 09:28:33,348] {processor.py:161} INFO - Processing /root/Documentos/airflow/venv/lib/python3.9/site-packages/airflow/example_dags/example_dag_decorator.py took 0.064 seconds
[2024-10-26 09:37:55,150] {processor.py:153} INFO - Started process (PID=969) to work on /root/Documentos/airflow/venv/lib/python3.9/site-packages/airflow/example_dags/example_dag_decorator.py
[2024-10-26 09:37:55,155] {processor.py:641} INFO - Processing file /root/Documentos/airflow/venv/lib/python3.9/site-packages/airflow/example_dags/example_dag_decorator.py for tasks to queue
[2024-10-26 09:37:55,155] {logging_mixin.py:115} INFO - [2024-10-26 09:37:55,155] {dagbag.py:507} INFO - Filling up the DagBag from /root/Documentos/airflow/venv/lib/python3.9/site-packages/airflow/example_dags/example_dag_decorator.py
[2024-10-26 09:37:55,168] {processor.py:651} INFO - DAG(s) dict_keys(['example_dag_decorator']) retrieved from /root/Documentos/airflow/venv/lib/python3.9/site-packages/airflow/example_dags/example_dag_decorator.py
[2024-10-26 09:37:55,195] {logging_mixin.py:115} INFO - [2024-10-26 09:37:55,195] {dag.py:2379} INFO - Sync 1 DAGs
[2024-10-26 09:37:55,203] {logging_mixin.py:115} INFO - [2024-10-26 09:37:55,203] {dag.py:2927} INFO - Setting next_dagrun for example_dag_decorator to None, run_after=None
[2024-10-26 09:37:55,216] {processor.py:161} INFO - Processing /root/Documentos/airflow/venv/lib/python3.9/site-packages/airflow/example_dags/example_dag_decorator.py took 0.067 seconds
[2024-10-26 09:38:26,555] {processor.py:153} INFO - Started process (PID=1127) to work on /root/Documentos/airflow/venv/lib/python3.9/site-packages/airflow/example_dags/example_dag_decorator.py
[2024-10-26 09:38:26,560] {processor.py:641} INFO - Processing file /root/Documentos/airflow/venv/lib/python3.9/site-packages/airflow/example_dags/example_dag_decorator.py for tasks to queue
[2024-10-26 09:38:26,561] {logging_mixin.py:115} INFO - [2024-10-26 09:38:26,561] {dagbag.py:507} INFO - Filling up the DagBag from /root/Documentos/airflow/venv/lib/python3.9/site-packages/airflow/example_dags/example_dag_decorator.py
[2024-10-26 09:38:26,578] {processor.py:651} INFO - DAG(s) dict_keys(['example_dag_decorator']) retrieved from /root/Documentos/airflow/venv/lib/python3.9/site-packages/airflow/example_dags/example_dag_decorator.py
[2024-10-26 09:38:26,602] {logging_mixin.py:115} INFO - [2024-10-26 09:38:26,602] {dag.py:2379} INFO - Sync 1 DAGs
[2024-10-26 09:38:26,610] {logging_mixin.py:115} INFO - [2024-10-26 09:38:26,609] {dag.py:2927} INFO - Setting next_dagrun for example_dag_decorator to None, run_after=None
[2024-10-26 09:38:26,622] {processor.py:161} INFO - Processing /root/Documentos/airflow/venv/lib/python3.9/site-packages/airflow/example_dags/example_dag_decorator.py took 0.069 seconds
[2024-10-26 09:38:59,826] {processor.py:153} INFO - Started process (PID=1291) to work on /root/Documentos/airflow/venv/lib/python3.9/site-packages/airflow/example_dags/example_dag_decorator.py
[2024-10-26 09:38:59,830] {processor.py:641} INFO - Processing file /root/Documentos/airflow/venv/lib/python3.9/site-packages/airflow/example_dags/example_dag_decorator.py for tasks to queue
[2024-10-26 09:38:59,830] {logging_mixin.py:115} INFO - [2024-10-26 09:38:59,830] {dagbag.py:507} INFO - Filling up the DagBag from /root/Documentos/airflow/venv/lib/python3.9/site-packages/airflow/example_dags/example_dag_decorator.py
[2024-10-26 09:38:59,844] {processor.py:651} INFO - DAG(s) dict_keys(['example_dag_decorator']) retrieved from /root/Documentos/airflow/venv/lib/python3.9/site-packages/airflow/example_dags/example_dag_decorator.py
[2024-10-26 09:38:59,854] {logging_mixin.py:115} INFO - [2024-10-26 09:38:59,854] {dag.py:2379} INFO - Sync 1 DAGs
[2024-10-26 09:38:59,864] {logging_mixin.py:115} INFO - [2024-10-26 09:38:59,864] {dag.py:2927} INFO - Setting next_dagrun for example_dag_decorator to None, run_after=None
[2024-10-26 09:38:59,878] {processor.py:161} INFO - Processing /root/Documentos/airflow/venv/lib/python3.9/site-packages/airflow/example_dags/example_dag_decorator.py took 0.053 seconds
[2024-10-26 09:39:33,536] {processor.py:153} INFO - Started process (PID=1454) to work on /root/Documentos/airflow/venv/lib/python3.9/site-packages/airflow/example_dags/example_dag_decorator.py
[2024-10-26 09:39:33,541] {processor.py:641} INFO - Processing file /root/Documentos/airflow/venv/lib/python3.9/site-packages/airflow/example_dags/example_dag_decorator.py for tasks to queue
[2024-10-26 09:39:33,541] {logging_mixin.py:115} INFO - [2024-10-26 09:39:33,541] {dagbag.py:507} INFO - Filling up the DagBag from /root/Documentos/airflow/venv/lib/python3.9/site-packages/airflow/example_dags/example_dag_decorator.py
[2024-10-26 09:39:33,552] {processor.py:651} INFO - DAG(s) dict_keys(['example_dag_decorator']) retrieved from /root/Documentos/airflow/venv/lib/python3.9/site-packages/airflow/example_dags/example_dag_decorator.py
[2024-10-26 09:39:33,575] {logging_mixin.py:115} INFO - [2024-10-26 09:39:33,575] {dag.py:2379} INFO - Sync 1 DAGs
[2024-10-26 09:39:33,584] {logging_mixin.py:115} INFO - [2024-10-26 09:39:33,584] {dag.py:2927} INFO - Setting next_dagrun for example_dag_decorator to None, run_after=None
[2024-10-26 09:39:33,596] {processor.py:161} INFO - Processing /root/Documentos/airflow/venv/lib/python3.9/site-packages/airflow/example_dags/example_dag_decorator.py took 0.062 seconds
[2024-10-26 09:40:06,845] {processor.py:153} INFO - Started process (PID=1616) to work on /root/Documentos/airflow/venv/lib/python3.9/site-packages/airflow/example_dags/example_dag_decorator.py
[2024-10-26 09:40:06,852] {processor.py:641} INFO - Processing file /root/Documentos/airflow/venv/lib/python3.9/site-packages/airflow/example_dags/example_dag_decorator.py for tasks to queue
[2024-10-26 09:40:06,853] {logging_mixin.py:115} INFO - [2024-10-26 09:40:06,853] {dagbag.py:507} INFO - Filling up the DagBag from /root/Documentos/airflow/venv/lib/python3.9/site-packages/airflow/example_dags/example_dag_decorator.py
[2024-10-26 09:40:06,865] {processor.py:651} INFO - DAG(s) dict_keys(['example_dag_decorator']) retrieved from /root/Documentos/airflow/venv/lib/python3.9/site-packages/airflow/example_dags/example_dag_decorator.py
[2024-10-26 09:40:06,890] {logging_mixin.py:115} INFO - [2024-10-26 09:40:06,889] {dag.py:2379} INFO - Sync 1 DAGs
[2024-10-26 09:40:06,898] {logging_mixin.py:115} INFO - [2024-10-26 09:40:06,898] {dag.py:2927} INFO - Setting next_dagrun for example_dag_decorator to None, run_after=None
[2024-10-26 09:40:06,910] {processor.py:161} INFO - Processing /root/Documentos/airflow/venv/lib/python3.9/site-packages/airflow/example_dags/example_dag_decorator.py took 0.066 seconds
[2024-10-26 09:40:40,738] {processor.py:153} INFO - Started process (PID=1778) to work on /root/Documentos/airflow/venv/lib/python3.9/site-packages/airflow/example_dags/example_dag_decorator.py
[2024-10-26 09:40:40,745] {processor.py:641} INFO - Processing file /root/Documentos/airflow/venv/lib/python3.9/site-packages/airflow/example_dags/example_dag_decorator.py for tasks to queue
[2024-10-26 09:40:40,745] {logging_mixin.py:115} INFO - [2024-10-26 09:40:40,745] {dagbag.py:507} INFO - Filling up the DagBag from /root/Documentos/airflow/venv/lib/python3.9/site-packages/airflow/example_dags/example_dag_decorator.py
[2024-10-26 09:40:40,756] {processor.py:651} INFO - DAG(s) dict_keys(['example_dag_decorator']) retrieved from /root/Documentos/airflow/venv/lib/python3.9/site-packages/airflow/example_dags/example_dag_decorator.py
[2024-10-26 09:40:40,779] {logging_mixin.py:115} INFO - [2024-10-26 09:40:40,779] {dag.py:2379} INFO - Sync 1 DAGs
[2024-10-26 09:40:40,787] {logging_mixin.py:115} INFO - [2024-10-26 09:40:40,787] {dag.py:2927} INFO - Setting next_dagrun for example_dag_decorator to None, run_after=None
[2024-10-26 09:40:40,798] {processor.py:161} INFO - Processing /root/Documentos/airflow/venv/lib/python3.9/site-packages/airflow/example_dags/example_dag_decorator.py took 0.062 seconds
[2024-10-26 09:41:13,640] {processor.py:153} INFO - Started process (PID=1939) to work on /root/Documentos/airflow/venv/lib/python3.9/site-packages/airflow/example_dags/example_dag_decorator.py
[2024-10-26 09:41:13,640] {processor.py:641} INFO - Processing file /root/Documentos/airflow/venv/lib/python3.9/site-packages/airflow/example_dags/example_dag_decorator.py for tasks to queue
[2024-10-26 09:41:13,641] {logging_mixin.py:115} INFO - [2024-10-26 09:41:13,641] {dagbag.py:507} INFO - Filling up the DagBag from /root/Documentos/airflow/venv/lib/python3.9/site-packages/airflow/example_dags/example_dag_decorator.py
[2024-10-26 09:41:13,652] {processor.py:651} INFO - DAG(s) dict_keys(['example_dag_decorator']) retrieved from /root/Documentos/airflow/venv/lib/python3.9/site-packages/airflow/example_dags/example_dag_decorator.py
[2024-10-26 09:41:13,676] {logging_mixin.py:115} INFO - [2024-10-26 09:41:13,676] {dag.py:2379} INFO - Sync 1 DAGs
[2024-10-26 09:41:13,685] {logging_mixin.py:115} INFO - [2024-10-26 09:41:13,685] {dag.py:2927} INFO - Setting next_dagrun for example_dag_decorator to None, run_after=None
[2024-10-26 09:41:13,697] {processor.py:161} INFO - Processing /root/Documentos/airflow/venv/lib/python3.9/site-packages/airflow/example_dags/example_dag_decorator.py took 0.059 seconds
[2024-10-26 09:41:47,897] {processor.py:153} INFO - Started process (PID=2104) to work on /root/Documentos/airflow/venv/lib/python3.9/site-packages/airflow/example_dags/example_dag_decorator.py
[2024-10-26 09:41:47,904] {processor.py:641} INFO - Processing file /root/Documentos/airflow/venv/lib/python3.9/site-packages/airflow/example_dags/example_dag_decorator.py for tasks to queue
[2024-10-26 09:41:47,904] {logging_mixin.py:115} INFO - [2024-10-26 09:41:47,904] {dagbag.py:507} INFO - Filling up the DagBag from /root/Documentos/airflow/venv/lib/python3.9/site-packages/airflow/example_dags/example_dag_decorator.py
[2024-10-26 09:41:47,916] {processor.py:651} INFO - DAG(s) dict_keys(['example_dag_decorator']) retrieved from /root/Documentos/airflow/venv/lib/python3.9/site-packages/airflow/example_dags/example_dag_decorator.py
[2024-10-26 09:41:47,939] {logging_mixin.py:115} INFO - [2024-10-26 09:41:47,939] {dag.py:2379} INFO - Sync 1 DAGs
[2024-10-26 09:41:47,947] {logging_mixin.py:115} INFO - [2024-10-26 09:41:47,947] {dag.py:2927} INFO - Setting next_dagrun for example_dag_decorator to None, run_after=None
[2024-10-26 09:41:47,959] {processor.py:161} INFO - Processing /root/Documentos/airflow/venv/lib/python3.9/site-packages/airflow/example_dags/example_dag_decorator.py took 0.064 seconds
[2024-10-26 09:42:23,281] {processor.py:153} INFO - Started process (PID=2274) to work on /root/Documentos/airflow/venv/lib/python3.9/site-packages/airflow/example_dags/example_dag_decorator.py
[2024-10-26 09:42:23,286] {processor.py:641} INFO - Processing file /root/Documentos/airflow/venv/lib/python3.9/site-packages/airflow/example_dags/example_dag_decorator.py for tasks to queue
[2024-10-26 09:42:23,286] {logging_mixin.py:115} INFO - [2024-10-26 09:42:23,286] {dagbag.py:507} INFO - Filling up the DagBag from /root/Documentos/airflow/venv/lib/python3.9/site-packages/airflow/example_dags/example_dag_decorator.py
[2024-10-26 09:42:23,298] {processor.py:651} INFO - DAG(s) dict_keys(['example_dag_decorator']) retrieved from /root/Documentos/airflow/venv/lib/python3.9/site-packages/airflow/example_dags/example_dag_decorator.py
[2024-10-26 09:42:23,321] {logging_mixin.py:115} INFO - [2024-10-26 09:42:23,321] {dag.py:2379} INFO - Sync 1 DAGs
[2024-10-26 09:42:23,329] {logging_mixin.py:115} INFO - [2024-10-26 09:42:23,329] {dag.py:2927} INFO - Setting next_dagrun for example_dag_decorator to None, run_after=None
[2024-10-26 09:42:23,343] {processor.py:161} INFO - Processing /root/Documentos/airflow/venv/lib/python3.9/site-packages/airflow/example_dags/example_dag_decorator.py took 0.064 seconds
[2024-10-26 09:42:54,745] {processor.py:153} INFO - Started process (PID=2428) to work on /root/Documentos/airflow/venv/lib/python3.9/site-packages/airflow/example_dags/example_dag_decorator.py
[2024-10-26 09:42:54,745] {processor.py:641} INFO - Processing file /root/Documentos/airflow/venv/lib/python3.9/site-packages/airflow/example_dags/example_dag_decorator.py for tasks to queue
[2024-10-26 09:42:54,745] {logging_mixin.py:115} INFO - [2024-10-26 09:42:54,745] {dagbag.py:507} INFO - Filling up the DagBag from /root/Documentos/airflow/venv/lib/python3.9/site-packages/airflow/example_dags/example_dag_decorator.py
[2024-10-26 09:42:54,758] {processor.py:651} INFO - DAG(s) dict_keys(['example_dag_decorator']) retrieved from /root/Documentos/airflow/venv/lib/python3.9/site-packages/airflow/example_dags/example_dag_decorator.py
[2024-10-26 09:42:54,780] {logging_mixin.py:115} INFO - [2024-10-26 09:42:54,780] {dag.py:2379} INFO - Sync 1 DAGs
[2024-10-26 09:42:54,787] {logging_mixin.py:115} INFO - [2024-10-26 09:42:54,787] {dag.py:2927} INFO - Setting next_dagrun for example_dag_decorator to None, run_after=None
[2024-10-26 09:42:54,800] {processor.py:161} INFO - Processing /root/Documentos/airflow/venv/lib/python3.9/site-packages/airflow/example_dags/example_dag_decorator.py took 0.056 seconds
[2024-10-26 09:43:28,277] {processor.py:153} INFO - Started process (PID=2591) to work on /root/Documentos/airflow/venv/lib/python3.9/site-packages/airflow/example_dags/example_dag_decorator.py
[2024-10-26 09:43:28,285] {processor.py:641} INFO - Processing file /root/Documentos/airflow/venv/lib/python3.9/site-packages/airflow/example_dags/example_dag_decorator.py for tasks to queue
[2024-10-26 09:43:28,285] {logging_mixin.py:115} INFO - [2024-10-26 09:43:28,285] {dagbag.py:507} INFO - Filling up the DagBag from /root/Documentos/airflow/venv/lib/python3.9/site-packages/airflow/example_dags/example_dag_decorator.py
[2024-10-26 09:43:28,299] {processor.py:651} INFO - DAG(s) dict_keys(['example_dag_decorator']) retrieved from /root/Documentos/airflow/venv/lib/python3.9/site-packages/airflow/example_dags/example_dag_decorator.py
[2024-10-26 09:43:28,306] {logging_mixin.py:115} INFO - [2024-10-26 09:43:28,306] {dag.py:2379} INFO - Sync 1 DAGs
[2024-10-26 09:43:28,315] {logging_mixin.py:115} INFO - [2024-10-26 09:43:28,315] {dag.py:2927} INFO - Setting next_dagrun for example_dag_decorator to None, run_after=None
[2024-10-26 09:43:28,327] {processor.py:161} INFO - Processing /root/Documentos/airflow/venv/lib/python3.9/site-packages/airflow/example_dags/example_dag_decorator.py took 0.051 seconds
[2024-10-26 09:44:01,662] {processor.py:153} INFO - Started process (PID=2751) to work on /root/Documentos/airflow/venv/lib/python3.9/site-packages/airflow/example_dags/example_dag_decorator.py
[2024-10-26 09:44:01,669] {processor.py:641} INFO - Processing file /root/Documentos/airflow/venv/lib/python3.9/site-packages/airflow/example_dags/example_dag_decorator.py for tasks to queue
[2024-10-26 09:44:01,669] {logging_mixin.py:115} INFO - [2024-10-26 09:44:01,669] {dagbag.py:507} INFO - Filling up the DagBag from /root/Documentos/airflow/venv/lib/python3.9/site-packages/airflow/example_dags/example_dag_decorator.py
[2024-10-26 09:44:01,682] {processor.py:651} INFO - DAG(s) dict_keys(['example_dag_decorator']) retrieved from /root/Documentos/airflow/venv/lib/python3.9/site-packages/airflow/example_dags/example_dag_decorator.py
[2024-10-26 09:44:01,690] {logging_mixin.py:115} INFO - [2024-10-26 09:44:01,690] {dag.py:2379} INFO - Sync 1 DAGs
[2024-10-26 09:44:01,698] {logging_mixin.py:115} INFO - [2024-10-26 09:44:01,698] {dag.py:2927} INFO - Setting next_dagrun for example_dag_decorator to None, run_after=None
[2024-10-26 09:44:01,710] {processor.py:161} INFO - Processing /root/Documentos/airflow/venv/lib/python3.9/site-packages/airflow/example_dags/example_dag_decorator.py took 0.050 seconds
[2024-10-26 09:44:32,748] {processor.py:153} INFO - Started process (PID=2902) to work on /root/Documentos/airflow/venv/lib/python3.9/site-packages/airflow/example_dags/example_dag_decorator.py
[2024-10-26 09:44:32,748] {processor.py:641} INFO - Processing file /root/Documentos/airflow/venv/lib/python3.9/site-packages/airflow/example_dags/example_dag_decorator.py for tasks to queue
[2024-10-26 09:44:32,748] {logging_mixin.py:115} INFO - [2024-10-26 09:44:32,748] {dagbag.py:507} INFO - Filling up the DagBag from /root/Documentos/airflow/venv/lib/python3.9/site-packages/airflow/example_dags/example_dag_decorator.py
[2024-10-26 09:44:32,764] {processor.py:651} INFO - DAG(s) dict_keys(['example_dag_decorator']) retrieved from /root/Documentos/airflow/venv/lib/python3.9/site-packages/airflow/example_dags/example_dag_decorator.py
[2024-10-26 09:44:32,772] {logging_mixin.py:115} INFO - [2024-10-26 09:44:32,772] {dag.py:2379} INFO - Sync 1 DAGs
[2024-10-26 09:44:32,782] {logging_mixin.py:115} INFO - [2024-10-26 09:44:32,782] {dag.py:2927} INFO - Setting next_dagrun for example_dag_decorator to None, run_after=None
[2024-10-26 09:44:32,799] {processor.py:161} INFO - Processing /root/Documentos/airflow/venv/lib/python3.9/site-packages/airflow/example_dags/example_dag_decorator.py took 0.053 seconds
[2024-10-26 09:45:05,428] {processor.py:153} INFO - Started process (PID=3061) to work on /root/Documentos/airflow/venv/lib/python3.9/site-packages/airflow/example_dags/example_dag_decorator.py
[2024-10-26 09:45:05,434] {processor.py:641} INFO - Processing file /root/Documentos/airflow/venv/lib/python3.9/site-packages/airflow/example_dags/example_dag_decorator.py for tasks to queue
[2024-10-26 09:45:05,434] {logging_mixin.py:115} INFO - [2024-10-26 09:45:05,434] {dagbag.py:507} INFO - Filling up the DagBag from /root/Documentos/airflow/venv/lib/python3.9/site-packages/airflow/example_dags/example_dag_decorator.py
[2024-10-26 09:45:05,448] {processor.py:651} INFO - DAG(s) dict_keys(['example_dag_decorator']) retrieved from /root/Documentos/airflow/venv/lib/python3.9/site-packages/airflow/example_dags/example_dag_decorator.py
[2024-10-26 09:45:05,456] {logging_mixin.py:115} INFO - [2024-10-26 09:45:05,456] {dag.py:2379} INFO - Sync 1 DAGs
[2024-10-26 09:45:05,465] {logging_mixin.py:115} INFO - [2024-10-26 09:45:05,465] {dag.py:2927} INFO - Setting next_dagrun for example_dag_decorator to None, run_after=None
[2024-10-26 09:45:05,477] {processor.py:161} INFO - Processing /root/Documentos/airflow/venv/lib/python3.9/site-packages/airflow/example_dags/example_dag_decorator.py took 0.051 seconds
[2024-10-26 09:45:37,624] {processor.py:153} INFO - Started process (PID=3217) to work on /root/Documentos/airflow/venv/lib/python3.9/site-packages/airflow/example_dags/example_dag_decorator.py
[2024-10-26 09:45:37,625] {processor.py:641} INFO - Processing file /root/Documentos/airflow/venv/lib/python3.9/site-packages/airflow/example_dags/example_dag_decorator.py for tasks to queue
[2024-10-26 09:45:37,625] {logging_mixin.py:115} INFO - [2024-10-26 09:45:37,625] {dagbag.py:507} INFO - Filling up the DagBag from /root/Documentos/airflow/venv/lib/python3.9/site-packages/airflow/example_dags/example_dag_decorator.py
[2024-10-26 09:45:37,638] {processor.py:651} INFO - DAG(s) dict_keys(['example_dag_decorator']) retrieved from /root/Documentos/airflow/venv/lib/python3.9/site-packages/airflow/example_dags/example_dag_decorator.py
[2024-10-26 09:45:37,659] {logging_mixin.py:115} INFO - [2024-10-26 09:45:37,659] {dag.py:2379} INFO - Sync 1 DAGs
[2024-10-26 09:45:37,667] {logging_mixin.py:115} INFO - [2024-10-26 09:45:37,667] {dag.py:2927} INFO - Setting next_dagrun for example_dag_decorator to None, run_after=None
[2024-10-26 09:45:37,679] {processor.py:161} INFO - Processing /root/Documentos/airflow/venv/lib/python3.9/site-packages/airflow/example_dags/example_dag_decorator.py took 0.056 seconds
[2024-10-26 09:46:11,361] {processor.py:153} INFO - Started process (PID=3379) to work on /root/Documentos/airflow/venv/lib/python3.9/site-packages/airflow/example_dags/example_dag_decorator.py
[2024-10-26 09:46:11,362] {processor.py:641} INFO - Processing file /root/Documentos/airflow/venv/lib/python3.9/site-packages/airflow/example_dags/example_dag_decorator.py for tasks to queue
[2024-10-26 09:46:11,363] {logging_mixin.py:115} INFO - [2024-10-26 09:46:11,363] {dagbag.py:507} INFO - Filling up the DagBag from /root/Documentos/airflow/venv/lib/python3.9/site-packages/airflow/example_dags/example_dag_decorator.py
[2024-10-26 09:46:11,380] {processor.py:651} INFO - DAG(s) dict_keys(['example_dag_decorator']) retrieved from /root/Documentos/airflow/venv/lib/python3.9/site-packages/airflow/example_dags/example_dag_decorator.py
[2024-10-26 09:46:11,404] {logging_mixin.py:115} INFO - [2024-10-26 09:46:11,403] {dag.py:2379} INFO - Sync 1 DAGs
[2024-10-26 09:46:11,412] {logging_mixin.py:115} INFO - [2024-10-26 09:46:11,411] {dag.py:2927} INFO - Setting next_dagrun for example_dag_decorator to None, run_after=None
[2024-10-26 09:46:11,424] {processor.py:161} INFO - Processing /root/Documentos/airflow/venv/lib/python3.9/site-packages/airflow/example_dags/example_dag_decorator.py took 0.064 seconds
[2024-10-26 09:46:43,925] {processor.py:153} INFO - Started process (PID=3615) to work on /root/Documentos/airflow/venv/lib/python3.9/site-packages/airflow/example_dags/example_dag_decorator.py
[2024-10-26 09:46:43,926] {processor.py:641} INFO - Processing file /root/Documentos/airflow/venv/lib/python3.9/site-packages/airflow/example_dags/example_dag_decorator.py for tasks to queue
[2024-10-26 09:46:43,926] {logging_mixin.py:115} INFO - [2024-10-26 09:46:43,926] {dagbag.py:507} INFO - Filling up the DagBag from /root/Documentos/airflow/venv/lib/python3.9/site-packages/airflow/example_dags/example_dag_decorator.py
[2024-10-26 09:46:43,939] {processor.py:651} INFO - DAG(s) dict_keys(['example_dag_decorator']) retrieved from /root/Documentos/airflow/venv/lib/python3.9/site-packages/airflow/example_dags/example_dag_decorator.py
[2024-10-26 09:46:43,947] {logging_mixin.py:115} INFO - [2024-10-26 09:46:43,946] {dag.py:2379} INFO - Sync 1 DAGs
[2024-10-26 09:46:43,955] {logging_mixin.py:115} INFO - [2024-10-26 09:46:43,955] {dag.py:2927} INFO - Setting next_dagrun for example_dag_decorator to None, run_after=None
[2024-10-26 09:46:43,969] {processor.py:161} INFO - Processing /root/Documentos/airflow/venv/lib/python3.9/site-packages/airflow/example_dags/example_dag_decorator.py took 0.045 seconds
[2024-10-26 09:47:16,184] {processor.py:153} INFO - Started process (PID=3770) to work on /root/Documentos/airflow/venv/lib/python3.9/site-packages/airflow/example_dags/example_dag_decorator.py
[2024-10-26 09:47:16,192] {processor.py:641} INFO - Processing file /root/Documentos/airflow/venv/lib/python3.9/site-packages/airflow/example_dags/example_dag_decorator.py for tasks to queue
[2024-10-26 09:47:16,192] {logging_mixin.py:115} INFO - [2024-10-26 09:47:16,192] {dagbag.py:507} INFO - Filling up the DagBag from /root/Documentos/airflow/venv/lib/python3.9/site-packages/airflow/example_dags/example_dag_decorator.py
[2024-10-26 09:47:16,205] {processor.py:651} INFO - DAG(s) dict_keys(['example_dag_decorator']) retrieved from /root/Documentos/airflow/venv/lib/python3.9/site-packages/airflow/example_dags/example_dag_decorator.py
[2024-10-26 09:47:16,213] {logging_mixin.py:115} INFO - [2024-10-26 09:47:16,213] {dag.py:2379} INFO - Sync 1 DAGs
[2024-10-26 09:47:16,221] {logging_mixin.py:115} INFO - [2024-10-26 09:47:16,221] {dag.py:2927} INFO - Setting next_dagrun for example_dag_decorator to None, run_after=None
[2024-10-26 09:47:16,233] {processor.py:161} INFO - Processing /root/Documentos/airflow/venv/lib/python3.9/site-packages/airflow/example_dags/example_dag_decorator.py took 0.050 seconds
[2024-10-26 09:47:48,445] {processor.py:153} INFO - Started process (PID=3927) to work on /root/Documentos/airflow/venv/lib/python3.9/site-packages/airflow/example_dags/example_dag_decorator.py
[2024-10-26 09:47:48,445] {processor.py:641} INFO - Processing file /root/Documentos/airflow/venv/lib/python3.9/site-packages/airflow/example_dags/example_dag_decorator.py for tasks to queue
[2024-10-26 09:47:48,445] {logging_mixin.py:115} INFO - [2024-10-26 09:47:48,445] {dagbag.py:507} INFO - Filling up the DagBag from /root/Documentos/airflow/venv/lib/python3.9/site-packages/airflow/example_dags/example_dag_decorator.py
[2024-10-26 09:47:48,458] {processor.py:651} INFO - DAG(s) dict_keys(['example_dag_decorator']) retrieved from /root/Documentos/airflow/venv/lib/python3.9/site-packages/airflow/example_dags/example_dag_decorator.py
[2024-10-26 09:47:48,480] {logging_mixin.py:115} INFO - [2024-10-26 09:47:48,479] {dag.py:2379} INFO - Sync 1 DAGs
[2024-10-26 09:47:48,488] {logging_mixin.py:115} INFO - [2024-10-26 09:47:48,488] {dag.py:2927} INFO - Setting next_dagrun for example_dag_decorator to None, run_after=None
[2024-10-26 09:47:48,500] {processor.py:161} INFO - Processing /root/Documentos/airflow/venv/lib/python3.9/site-packages/airflow/example_dags/example_dag_decorator.py took 0.057 seconds
[2024-10-26 09:48:21,582] {processor.py:153} INFO - Started process (PID=4097) to work on /root/Documentos/airflow/venv/lib/python3.9/site-packages/airflow/example_dags/example_dag_decorator.py
[2024-10-26 09:48:21,583] {processor.py:641} INFO - Processing file /root/Documentos/airflow/venv/lib/python3.9/site-packages/airflow/example_dags/example_dag_decorator.py for tasks to queue
[2024-10-26 09:48:21,583] {logging_mixin.py:115} INFO - [2024-10-26 09:48:21,583] {dagbag.py:507} INFO - Filling up the DagBag from /root/Documentos/airflow/venv/lib/python3.9/site-packages/airflow/example_dags/example_dag_decorator.py
[2024-10-26 09:48:21,596] {processor.py:651} INFO - DAG(s) dict_keys(['example_dag_decorator']) retrieved from /root/Documentos/airflow/venv/lib/python3.9/site-packages/airflow/example_dags/example_dag_decorator.py
[2024-10-26 09:48:21,604] {logging_mixin.py:115} INFO - [2024-10-26 09:48:21,604] {dag.py:2379} INFO - Sync 1 DAGs
[2024-10-26 09:48:21,612] {logging_mixin.py:115} INFO - [2024-10-26 09:48:21,612] {dag.py:2927} INFO - Setting next_dagrun for example_dag_decorator to None, run_after=None
[2024-10-26 09:48:21,628] {processor.py:161} INFO - Processing /root/Documentos/airflow/venv/lib/python3.9/site-packages/airflow/example_dags/example_dag_decorator.py took 0.047 seconds
[2024-10-26 09:48:54,112] {processor.py:153} INFO - Started process (PID=4253) to work on /root/Documentos/airflow/venv/lib/python3.9/site-packages/airflow/example_dags/example_dag_decorator.py
[2024-10-26 09:48:54,115] {processor.py:641} INFO - Processing file /root/Documentos/airflow/venv/lib/python3.9/site-packages/airflow/example_dags/example_dag_decorator.py for tasks to queue
[2024-10-26 09:48:54,116] {logging_mixin.py:115} INFO - [2024-10-26 09:48:54,116] {dagbag.py:507} INFO - Filling up the DagBag from /root/Documentos/airflow/venv/lib/python3.9/site-packages/airflow/example_dags/example_dag_decorator.py
[2024-10-26 09:48:54,128] {processor.py:651} INFO - DAG(s) dict_keys(['example_dag_decorator']) retrieved from /root/Documentos/airflow/venv/lib/python3.9/site-packages/airflow/example_dags/example_dag_decorator.py
[2024-10-26 09:48:54,136] {logging_mixin.py:115} INFO - [2024-10-26 09:48:54,136] {dag.py:2379} INFO - Sync 1 DAGs
[2024-10-26 09:48:54,145] {logging_mixin.py:115} INFO - [2024-10-26 09:48:54,145] {dag.py:2927} INFO - Setting next_dagrun for example_dag_decorator to None, run_after=None
[2024-10-26 09:48:54,160] {processor.py:161} INFO - Processing /root/Documentos/airflow/venv/lib/python3.9/site-packages/airflow/example_dags/example_dag_decorator.py took 0.050 seconds
[2024-10-26 09:49:25,837] {processor.py:153} INFO - Started process (PID=4406) to work on /root/Documentos/airflow/venv/lib/python3.9/site-packages/airflow/example_dags/example_dag_decorator.py
[2024-10-26 09:49:25,837] {processor.py:641} INFO - Processing file /root/Documentos/airflow/venv/lib/python3.9/site-packages/airflow/example_dags/example_dag_decorator.py for tasks to queue
[2024-10-26 09:49:25,837] {logging_mixin.py:115} INFO - [2024-10-26 09:49:25,837] {dagbag.py:507} INFO - Filling up the DagBag from /root/Documentos/airflow/venv/lib/python3.9/site-packages/airflow/example_dags/example_dag_decorator.py
[2024-10-26 09:49:25,850] {processor.py:651} INFO - DAG(s) dict_keys(['example_dag_decorator']) retrieved from /root/Documentos/airflow/venv/lib/python3.9/site-packages/airflow/example_dags/example_dag_decorator.py
[2024-10-26 09:49:25,858] {logging_mixin.py:115} INFO - [2024-10-26 09:49:25,857] {dag.py:2379} INFO - Sync 1 DAGs
[2024-10-26 09:49:25,866] {logging_mixin.py:115} INFO - [2024-10-26 09:49:25,866] {dag.py:2927} INFO - Setting next_dagrun for example_dag_decorator to None, run_after=None
[2024-10-26 09:49:25,881] {processor.py:161} INFO - Processing /root/Documentos/airflow/venv/lib/python3.9/site-packages/airflow/example_dags/example_dag_decorator.py took 0.046 seconds
[2024-10-26 09:49:59,592] {processor.py:153} INFO - Started process (PID=4568) to work on /root/Documentos/airflow/venv/lib/python3.9/site-packages/airflow/example_dags/example_dag_decorator.py
[2024-10-26 09:49:59,594] {processor.py:641} INFO - Processing file /root/Documentos/airflow/venv/lib/python3.9/site-packages/airflow/example_dags/example_dag_decorator.py for tasks to queue
[2024-10-26 09:49:59,594] {logging_mixin.py:115} INFO - [2024-10-26 09:49:59,594] {dagbag.py:507} INFO - Filling up the DagBag from /root/Documentos/airflow/venv/lib/python3.9/site-packages/airflow/example_dags/example_dag_decorator.py
[2024-10-26 09:49:59,607] {processor.py:651} INFO - DAG(s) dict_keys(['example_dag_decorator']) retrieved from /root/Documentos/airflow/venv/lib/python3.9/site-packages/airflow/example_dags/example_dag_decorator.py
[2024-10-26 09:49:59,615] {logging_mixin.py:115} INFO - [2024-10-26 09:49:59,615] {dag.py:2379} INFO - Sync 1 DAGs
[2024-10-26 09:49:59,624] {logging_mixin.py:115} INFO - [2024-10-26 09:49:59,624] {dag.py:2927} INFO - Setting next_dagrun for example_dag_decorator to None, run_after=None
[2024-10-26 09:49:59,640] {processor.py:161} INFO - Processing /root/Documentos/airflow/venv/lib/python3.9/site-packages/airflow/example_dags/example_dag_decorator.py took 0.049 seconds
[2024-10-26 09:50:31,975] {processor.py:153} INFO - Started process (PID=4726) to work on /root/Documentos/airflow/venv/lib/python3.9/site-packages/airflow/example_dags/example_dag_decorator.py
[2024-10-26 09:50:31,976] {processor.py:641} INFO - Processing file /root/Documentos/airflow/venv/lib/python3.9/site-packages/airflow/example_dags/example_dag_decorator.py for tasks to queue
[2024-10-26 09:50:31,977] {logging_mixin.py:115} INFO - [2024-10-26 09:50:31,977] {dagbag.py:507} INFO - Filling up the DagBag from /root/Documentos/airflow/venv/lib/python3.9/site-packages/airflow/example_dags/example_dag_decorator.py
[2024-10-26 09:50:31,990] {processor.py:651} INFO - DAG(s) dict_keys(['example_dag_decorator']) retrieved from /root/Documentos/airflow/venv/lib/python3.9/site-packages/airflow/example_dags/example_dag_decorator.py
[2024-10-26 09:50:31,997] {logging_mixin.py:115} INFO - [2024-10-26 09:50:31,997] {dag.py:2379} INFO - Sync 1 DAGs
[2024-10-26 09:50:32,006] {logging_mixin.py:115} INFO - [2024-10-26 09:50:32,006] {dag.py:2927} INFO - Setting next_dagrun for example_dag_decorator to None, run_after=None
[2024-10-26 09:50:32,020] {processor.py:161} INFO - Processing /root/Documentos/airflow/venv/lib/python3.9/site-packages/airflow/example_dags/example_dag_decorator.py took 0.047 seconds
[2024-10-26 09:51:03,336] {processor.py:153} INFO - Started process (PID=4878) to work on /root/Documentos/airflow/venv/lib/python3.9/site-packages/airflow/example_dags/example_dag_decorator.py
[2024-10-26 09:51:03,337] {processor.py:641} INFO - Processing file /root/Documentos/airflow/venv/lib/python3.9/site-packages/airflow/example_dags/example_dag_decorator.py for tasks to queue
[2024-10-26 09:51:03,337] {logging_mixin.py:115} INFO - [2024-10-26 09:51:03,337] {dagbag.py:507} INFO - Filling up the DagBag from /root/Documentos/airflow/venv/lib/python3.9/site-packages/airflow/example_dags/example_dag_decorator.py
[2024-10-26 09:51:03,350] {processor.py:651} INFO - DAG(s) dict_keys(['example_dag_decorator']) retrieved from /root/Documentos/airflow/venv/lib/python3.9/site-packages/airflow/example_dags/example_dag_decorator.py
[2024-10-26 09:51:03,357] {logging_mixin.py:115} INFO - [2024-10-26 09:51:03,357] {dag.py:2379} INFO - Sync 1 DAGs
[2024-10-26 09:51:03,366] {logging_mixin.py:115} INFO - [2024-10-26 09:51:03,366] {dag.py:2927} INFO - Setting next_dagrun for example_dag_decorator to None, run_after=None
[2024-10-26 09:51:03,382] {processor.py:161} INFO - Processing /root/Documentos/airflow/venv/lib/python3.9/site-packages/airflow/example_dags/example_dag_decorator.py took 0.047 seconds
[2024-10-26 09:51:37,137] {processor.py:153} INFO - Started process (PID=5041) to work on /root/Documentos/airflow/venv/lib/python3.9/site-packages/airflow/example_dags/example_dag_decorator.py
[2024-10-26 09:51:37,140] {processor.py:641} INFO - Processing file /root/Documentos/airflow/venv/lib/python3.9/site-packages/airflow/example_dags/example_dag_decorator.py for tasks to queue
[2024-10-26 09:51:37,140] {logging_mixin.py:115} INFO - [2024-10-26 09:51:37,140] {dagbag.py:507} INFO - Filling up the DagBag from /root/Documentos/airflow/venv/lib/python3.9/site-packages/airflow/example_dags/example_dag_decorator.py
[2024-10-26 09:51:37,153] {processor.py:651} INFO - DAG(s) dict_keys(['example_dag_decorator']) retrieved from /root/Documentos/airflow/venv/lib/python3.9/site-packages/airflow/example_dags/example_dag_decorator.py
[2024-10-26 09:51:37,160] {logging_mixin.py:115} INFO - [2024-10-26 09:51:37,160] {dag.py:2379} INFO - Sync 1 DAGs
[2024-10-26 09:51:37,169] {logging_mixin.py:115} INFO - [2024-10-26 09:51:37,169] {dag.py:2927} INFO - Setting next_dagrun for example_dag_decorator to None, run_after=None
[2024-10-26 09:51:37,186] {processor.py:161} INFO - Processing /root/Documentos/airflow/venv/lib/python3.9/site-packages/airflow/example_dags/example_dag_decorator.py took 0.051 seconds
[2024-10-26 09:52:10,952] {processor.py:153} INFO - Started process (PID=5204) to work on /root/Documentos/airflow/venv/lib/python3.9/site-packages/airflow/example_dags/example_dag_decorator.py
[2024-10-26 09:52:10,954] {processor.py:641} INFO - Processing file /root/Documentos/airflow/venv/lib/python3.9/site-packages/airflow/example_dags/example_dag_decorator.py for tasks to queue
[2024-10-26 09:52:10,955] {logging_mixin.py:115} INFO - [2024-10-26 09:52:10,955] {dagbag.py:507} INFO - Filling up the DagBag from /root/Documentos/airflow/venv/lib/python3.9/site-packages/airflow/example_dags/example_dag_decorator.py
[2024-10-26 09:52:10,968] {processor.py:651} INFO - DAG(s) dict_keys(['example_dag_decorator']) retrieved from /root/Documentos/airflow/venv/lib/python3.9/site-packages/airflow/example_dags/example_dag_decorator.py
[2024-10-26 09:52:10,975] {logging_mixin.py:115} INFO - [2024-10-26 09:52:10,975] {dag.py:2379} INFO - Sync 1 DAGs
[2024-10-26 09:52:10,984] {logging_mixin.py:115} INFO - [2024-10-26 09:52:10,984] {dag.py:2927} INFO - Setting next_dagrun for example_dag_decorator to None, run_after=None
[2024-10-26 09:52:10,998] {processor.py:161} INFO - Processing /root/Documentos/airflow/venv/lib/python3.9/site-packages/airflow/example_dags/example_dag_decorator.py took 0.048 seconds
[2024-10-26 09:52:44,318] {processor.py:153} INFO - Started process (PID=5368) to work on /root/Documentos/airflow/venv/lib/python3.9/site-packages/airflow/example_dags/example_dag_decorator.py
[2024-10-26 09:52:44,318] {processor.py:641} INFO - Processing file /root/Documentos/airflow/venv/lib/python3.9/site-packages/airflow/example_dags/example_dag_decorator.py for tasks to queue
[2024-10-26 09:52:44,318] {logging_mixin.py:115} INFO - [2024-10-26 09:52:44,318] {dagbag.py:507} INFO - Filling up the DagBag from /root/Documentos/airflow/venv/lib/python3.9/site-packages/airflow/example_dags/example_dag_decorator.py
[2024-10-26 09:52:44,331] {processor.py:651} INFO - DAG(s) dict_keys(['example_dag_decorator']) retrieved from /root/Documentos/airflow/venv/lib/python3.9/site-packages/airflow/example_dags/example_dag_decorator.py
[2024-10-26 09:52:44,339] {logging_mixin.py:115} INFO - [2024-10-26 09:52:44,339] {dag.py:2379} INFO - Sync 1 DAGs
[2024-10-26 09:52:44,348] {logging_mixin.py:115} INFO - [2024-10-26 09:52:44,347] {dag.py:2927} INFO - Setting next_dagrun for example_dag_decorator to None, run_after=None
[2024-10-26 09:52:44,363] {processor.py:161} INFO - Processing /root/Documentos/airflow/venv/lib/python3.9/site-packages/airflow/example_dags/example_dag_decorator.py took 0.046 seconds
[2024-10-26 09:53:18,871] {processor.py:153} INFO - Started process (PID=5534) to work on /root/Documentos/airflow/venv/lib/python3.9/site-packages/airflow/example_dags/example_dag_decorator.py
[2024-10-26 09:53:18,872] {processor.py:641} INFO - Processing file /root/Documentos/airflow/venv/lib/python3.9/site-packages/airflow/example_dags/example_dag_decorator.py for tasks to queue
[2024-10-26 09:53:18,873] {logging_mixin.py:115} INFO - [2024-10-26 09:53:18,873] {dagbag.py:507} INFO - Filling up the DagBag from /root/Documentos/airflow/venv/lib/python3.9/site-packages/airflow/example_dags/example_dag_decorator.py
[2024-10-26 09:53:18,885] {processor.py:651} INFO - DAG(s) dict_keys(['example_dag_decorator']) retrieved from /root/Documentos/airflow/venv/lib/python3.9/site-packages/airflow/example_dags/example_dag_decorator.py
[2024-10-26 09:53:18,906] {logging_mixin.py:115} INFO - [2024-10-26 09:53:18,906] {dag.py:2379} INFO - Sync 1 DAGs
[2024-10-26 09:53:18,914] {logging_mixin.py:115} INFO - [2024-10-26 09:53:18,914] {dag.py:2927} INFO - Setting next_dagrun for example_dag_decorator to None, run_after=None
[2024-10-26 09:53:18,931] {processor.py:161} INFO - Processing /root/Documentos/airflow/venv/lib/python3.9/site-packages/airflow/example_dags/example_dag_decorator.py took 0.062 seconds
[2024-10-26 09:53:51,454] {processor.py:153} INFO - Started process (PID=5692) to work on /root/Documentos/airflow/venv/lib/python3.9/site-packages/airflow/example_dags/example_dag_decorator.py
[2024-10-26 09:53:51,454] {processor.py:641} INFO - Processing file /root/Documentos/airflow/venv/lib/python3.9/site-packages/airflow/example_dags/example_dag_decorator.py for tasks to queue
[2024-10-26 09:53:51,455] {logging_mixin.py:115} INFO - [2024-10-26 09:53:51,455] {dagbag.py:507} INFO - Filling up the DagBag from /root/Documentos/airflow/venv/lib/python3.9/site-packages/airflow/example_dags/example_dag_decorator.py
[2024-10-26 09:53:51,467] {processor.py:651} INFO - DAG(s) dict_keys(['example_dag_decorator']) retrieved from /root/Documentos/airflow/venv/lib/python3.9/site-packages/airflow/example_dags/example_dag_decorator.py
[2024-10-26 09:53:51,489] {logging_mixin.py:115} INFO - [2024-10-26 09:53:51,489] {dag.py:2379} INFO - Sync 1 DAGs
[2024-10-26 09:53:51,497] {logging_mixin.py:115} INFO - [2024-10-26 09:53:51,496] {dag.py:2927} INFO - Setting next_dagrun for example_dag_decorator to None, run_after=None
[2024-10-26 09:53:51,512] {processor.py:161} INFO - Processing /root/Documentos/airflow/venv/lib/python3.9/site-packages/airflow/example_dags/example_dag_decorator.py took 0.059 seconds
[2024-10-26 09:54:24,164] {processor.py:153} INFO - Started process (PID=5849) to work on /root/Documentos/airflow/venv/lib/python3.9/site-packages/airflow/example_dags/example_dag_decorator.py
[2024-10-26 09:54:24,166] {processor.py:641} INFO - Processing file /root/Documentos/airflow/venv/lib/python3.9/site-packages/airflow/example_dags/example_dag_decorator.py for tasks to queue
[2024-10-26 09:54:24,166] {logging_mixin.py:115} INFO - [2024-10-26 09:54:24,166] {dagbag.py:507} INFO - Filling up the DagBag from /root/Documentos/airflow/venv/lib/python3.9/site-packages/airflow/example_dags/example_dag_decorator.py
[2024-10-26 09:54:24,179] {processor.py:651} INFO - DAG(s) dict_keys(['example_dag_decorator']) retrieved from /root/Documentos/airflow/venv/lib/python3.9/site-packages/airflow/example_dags/example_dag_decorator.py
[2024-10-26 09:54:24,200] {logging_mixin.py:115} INFO - [2024-10-26 09:54:24,200] {dag.py:2379} INFO - Sync 1 DAGs
[2024-10-26 09:54:24,208] {logging_mixin.py:115} INFO - [2024-10-26 09:54:24,208] {dag.py:2927} INFO - Setting next_dagrun for example_dag_decorator to None, run_after=None
[2024-10-26 09:54:24,222] {processor.py:161} INFO - Processing /root/Documentos/airflow/venv/lib/python3.9/site-packages/airflow/example_dags/example_dag_decorator.py took 0.059 seconds
[2024-10-26 09:54:56,863] {processor.py:153} INFO - Started process (PID=6006) to work on /root/Documentos/airflow/venv/lib/python3.9/site-packages/airflow/example_dags/example_dag_decorator.py
[2024-10-26 09:54:56,868] {processor.py:641} INFO - Processing file /root/Documentos/airflow/venv/lib/python3.9/site-packages/airflow/example_dags/example_dag_decorator.py for tasks to queue
[2024-10-26 09:54:56,869] {logging_mixin.py:115} INFO - [2024-10-26 09:54:56,868] {dagbag.py:507} INFO - Filling up the DagBag from /root/Documentos/airflow/venv/lib/python3.9/site-packages/airflow/example_dags/example_dag_decorator.py
[2024-10-26 09:54:56,882] {processor.py:651} INFO - DAG(s) dict_keys(['example_dag_decorator']) retrieved from /root/Documentos/airflow/venv/lib/python3.9/site-packages/airflow/example_dags/example_dag_decorator.py
[2024-10-26 09:54:56,903] {logging_mixin.py:115} INFO - [2024-10-26 09:54:56,903] {dag.py:2379} INFO - Sync 1 DAGs
[2024-10-26 09:54:56,911] {logging_mixin.py:115} INFO - [2024-10-26 09:54:56,911] {dag.py:2927} INFO - Setting next_dagrun for example_dag_decorator to None, run_after=None
[2024-10-26 09:54:56,928] {processor.py:161} INFO - Processing /root/Documentos/airflow/venv/lib/python3.9/site-packages/airflow/example_dags/example_dag_decorator.py took 0.066 seconds
