[2024-10-26 09:24:57,878] {processor.py:153} INFO - Started process (PID=10274) to work on /root/Documentos/airflow/venv/lib/python3.9/site-packages/airflow/example_dags/example_time_delta_sensor_async.py
[2024-10-26 09:24:57,879] {processor.py:641} INFO - Processing file /root/Documentos/airflow/venv/lib/python3.9/site-packages/airflow/example_dags/example_time_delta_sensor_async.py for tasks to queue
[2024-10-26 09:24:57,879] {logging_mixin.py:115} INFO - [2024-10-26 09:24:57,879] {dagbag.py:507} INFO - Filling up the DagBag from /root/Documentos/airflow/venv/lib/python3.9/site-packages/airflow/example_dags/example_time_delta_sensor_async.py
[2024-10-26 09:24:57,887] {processor.py:651} INFO - DAG(s) dict_keys(['example_time_delta_sensor_async']) retrieved from /root/Documentos/airflow/venv/lib/python3.9/site-packages/airflow/example_dags/example_time_delta_sensor_async.py
[2024-10-26 09:24:57,937] {logging_mixin.py:115} INFO - [2024-10-26 09:24:57,936] {manager.py:508} INFO - Created Permission View: can edit on DAG:example_time_delta_sensor_async
[2024-10-26 09:24:57,948] {logging_mixin.py:115} INFO - [2024-10-26 09:24:57,947] {manager.py:508} INFO - Created Permission View: can read on DAG:example_time_delta_sensor_async
[2024-10-26 09:24:57,957] {logging_mixin.py:115} INFO - [2024-10-26 09:24:57,957] {manager.py:508} INFO - Created Permission View: can delete on DAG:example_time_delta_sensor_async
[2024-10-26 09:24:57,957] {logging_mixin.py:115} INFO - [2024-10-26 09:24:57,957] {dag.py:2379} INFO - Sync 1 DAGs
[2024-10-26 09:24:57,962] {logging_mixin.py:115} INFO - [2024-10-26 09:24:57,962] {dag.py:2398} INFO - Creating ORM DAG for example_time_delta_sensor_async
[2024-10-26 09:24:57,967] {logging_mixin.py:115} INFO - [2024-10-26 09:24:57,967] {dag.py:2927} INFO - Setting next_dagrun for example_time_delta_sensor_async to None, run_after=None
[2024-10-26 09:24:57,982] {processor.py:161} INFO - Processing /root/Documentos/airflow/venv/lib/python3.9/site-packages/airflow/example_dags/example_time_delta_sensor_async.py took 0.106 seconds
[2024-10-26 09:25:32,847] {processor.py:153} INFO - Started process (PID=10442) to work on /root/Documentos/airflow/venv/lib/python3.9/site-packages/airflow/example_dags/example_time_delta_sensor_async.py
[2024-10-26 09:25:32,852] {processor.py:641} INFO - Processing file /root/Documentos/airflow/venv/lib/python3.9/site-packages/airflow/example_dags/example_time_delta_sensor_async.py for tasks to queue
[2024-10-26 09:25:32,853] {logging_mixin.py:115} INFO - [2024-10-26 09:25:32,853] {dagbag.py:507} INFO - Filling up the DagBag from /root/Documentos/airflow/venv/lib/python3.9/site-packages/airflow/example_dags/example_time_delta_sensor_async.py
[2024-10-26 09:25:32,856] {processor.py:651} INFO - DAG(s) dict_keys(['example_time_delta_sensor_async']) retrieved from /root/Documentos/airflow/venv/lib/python3.9/site-packages/airflow/example_dags/example_time_delta_sensor_async.py
[2024-10-26 09:25:32,866] {logging_mixin.py:115} INFO - [2024-10-26 09:25:32,866] {dag.py:2379} INFO - Sync 1 DAGs
[2024-10-26 09:25:32,877] {logging_mixin.py:115} INFO - [2024-10-26 09:25:32,877] {dag.py:2927} INFO - Setting next_dagrun for example_time_delta_sensor_async to None, run_after=None
[2024-10-26 09:25:32,888] {processor.py:161} INFO - Processing /root/Documentos/airflow/venv/lib/python3.9/site-packages/airflow/example_dags/example_time_delta_sensor_async.py took 0.043 seconds
[2024-10-26 09:26:04,439] {processor.py:153} INFO - Started process (PID=10597) to work on /root/Documentos/airflow/venv/lib/python3.9/site-packages/airflow/example_dags/example_time_delta_sensor_async.py
[2024-10-26 09:26:04,440] {processor.py:641} INFO - Processing file /root/Documentos/airflow/venv/lib/python3.9/site-packages/airflow/example_dags/example_time_delta_sensor_async.py for tasks to queue
[2024-10-26 09:26:04,440] {logging_mixin.py:115} INFO - [2024-10-26 09:26:04,440] {dagbag.py:507} INFO - Filling up the DagBag from /root/Documentos/airflow/venv/lib/python3.9/site-packages/airflow/example_dags/example_time_delta_sensor_async.py
[2024-10-26 09:26:04,446] {processor.py:651} INFO - DAG(s) dict_keys(['example_time_delta_sensor_async']) retrieved from /root/Documentos/airflow/venv/lib/python3.9/site-packages/airflow/example_dags/example_time_delta_sensor_async.py
[2024-10-26 09:26:04,457] {logging_mixin.py:115} INFO - [2024-10-26 09:26:04,457] {dag.py:2379} INFO - Sync 1 DAGs
[2024-10-26 09:26:04,467] {logging_mixin.py:115} INFO - [2024-10-26 09:26:04,467] {dag.py:2927} INFO - Setting next_dagrun for example_time_delta_sensor_async to None, run_after=None
[2024-10-26 09:26:04,480] {processor.py:161} INFO - Processing /root/Documentos/airflow/venv/lib/python3.9/site-packages/airflow/example_dags/example_time_delta_sensor_async.py took 0.042 seconds
[2024-10-26 09:26:40,862] {processor.py:153} INFO - Started process (PID=10769) to work on /root/Documentos/airflow/venv/lib/python3.9/site-packages/airflow/example_dags/example_time_delta_sensor_async.py
[2024-10-26 09:26:40,868] {processor.py:641} INFO - Processing file /root/Documentos/airflow/venv/lib/python3.9/site-packages/airflow/example_dags/example_time_delta_sensor_async.py for tasks to queue
[2024-10-26 09:26:40,869] {logging_mixin.py:115} INFO - [2024-10-26 09:26:40,869] {dagbag.py:507} INFO - Filling up the DagBag from /root/Documentos/airflow/venv/lib/python3.9/site-packages/airflow/example_dags/example_time_delta_sensor_async.py
[2024-10-26 09:26:40,871] {processor.py:651} INFO - DAG(s) dict_keys(['example_time_delta_sensor_async']) retrieved from /root/Documentos/airflow/venv/lib/python3.9/site-packages/airflow/example_dags/example_time_delta_sensor_async.py
[2024-10-26 09:26:40,882] {logging_mixin.py:115} INFO - [2024-10-26 09:26:40,882] {dag.py:2379} INFO - Sync 1 DAGs
[2024-10-26 09:26:40,892] {logging_mixin.py:115} INFO - [2024-10-26 09:26:40,892] {dag.py:2927} INFO - Setting next_dagrun for example_time_delta_sensor_async to None, run_after=None
[2024-10-26 09:26:40,906] {processor.py:161} INFO - Processing /root/Documentos/airflow/venv/lib/python3.9/site-packages/airflow/example_dags/example_time_delta_sensor_async.py took 0.045 seconds
[2024-10-26 09:27:11,844] {processor.py:153} INFO - Started process (PID=10924) to work on /root/Documentos/airflow/venv/lib/python3.9/site-packages/airflow/example_dags/example_time_delta_sensor_async.py
[2024-10-26 09:27:11,846] {processor.py:641} INFO - Processing file /root/Documentos/airflow/venv/lib/python3.9/site-packages/airflow/example_dags/example_time_delta_sensor_async.py for tasks to queue
[2024-10-26 09:27:11,846] {logging_mixin.py:115} INFO - [2024-10-26 09:27:11,846] {dagbag.py:507} INFO - Filling up the DagBag from /root/Documentos/airflow/venv/lib/python3.9/site-packages/airflow/example_dags/example_time_delta_sensor_async.py
[2024-10-26 09:27:11,848] {processor.py:651} INFO - DAG(s) dict_keys(['example_time_delta_sensor_async']) retrieved from /root/Documentos/airflow/venv/lib/python3.9/site-packages/airflow/example_dags/example_time_delta_sensor_async.py
[2024-10-26 09:27:11,859] {logging_mixin.py:115} INFO - [2024-10-26 09:27:11,859] {dag.py:2379} INFO - Sync 1 DAGs
[2024-10-26 09:27:11,869] {logging_mixin.py:115} INFO - [2024-10-26 09:27:11,869] {dag.py:2927} INFO - Setting next_dagrun for example_time_delta_sensor_async to None, run_after=None
[2024-10-26 09:27:11,883] {processor.py:161} INFO - Processing /root/Documentos/airflow/venv/lib/python3.9/site-packages/airflow/example_dags/example_time_delta_sensor_async.py took 0.041 seconds
[2024-10-26 09:27:46,980] {processor.py:153} INFO - Started process (PID=11096) to work on /root/Documentos/airflow/venv/lib/python3.9/site-packages/airflow/example_dags/example_time_delta_sensor_async.py
[2024-10-26 09:27:46,981] {processor.py:641} INFO - Processing file /root/Documentos/airflow/venv/lib/python3.9/site-packages/airflow/example_dags/example_time_delta_sensor_async.py for tasks to queue
[2024-10-26 09:27:46,982] {logging_mixin.py:115} INFO - [2024-10-26 09:27:46,982] {dagbag.py:507} INFO - Filling up the DagBag from /root/Documentos/airflow/venv/lib/python3.9/site-packages/airflow/example_dags/example_time_delta_sensor_async.py
[2024-10-26 09:27:46,985] {processor.py:651} INFO - DAG(s) dict_keys(['example_time_delta_sensor_async']) retrieved from /root/Documentos/airflow/venv/lib/python3.9/site-packages/airflow/example_dags/example_time_delta_sensor_async.py
[2024-10-26 09:27:46,995] {logging_mixin.py:115} INFO - [2024-10-26 09:27:46,995] {dag.py:2379} INFO - Sync 1 DAGs
[2024-10-26 09:27:47,006] {logging_mixin.py:115} INFO - [2024-10-26 09:27:47,006] {dag.py:2927} INFO - Setting next_dagrun for example_time_delta_sensor_async to None, run_after=None
[2024-10-26 09:27:47,020] {processor.py:161} INFO - Processing /root/Documentos/airflow/venv/lib/python3.9/site-packages/airflow/example_dags/example_time_delta_sensor_async.py took 0.042 seconds
[2024-10-26 09:28:20,565] {processor.py:153} INFO - Started process (PID=11258) to work on /root/Documentos/airflow/venv/lib/python3.9/site-packages/airflow/example_dags/example_time_delta_sensor_async.py
[2024-10-26 09:28:20,570] {processor.py:641} INFO - Processing file /root/Documentos/airflow/venv/lib/python3.9/site-packages/airflow/example_dags/example_time_delta_sensor_async.py for tasks to queue
[2024-10-26 09:28:20,570] {logging_mixin.py:115} INFO - [2024-10-26 09:28:20,570] {dagbag.py:507} INFO - Filling up the DagBag from /root/Documentos/airflow/venv/lib/python3.9/site-packages/airflow/example_dags/example_time_delta_sensor_async.py
[2024-10-26 09:28:20,573] {processor.py:651} INFO - DAG(s) dict_keys(['example_time_delta_sensor_async']) retrieved from /root/Documentos/airflow/venv/lib/python3.9/site-packages/airflow/example_dags/example_time_delta_sensor_async.py
[2024-10-26 09:28:20,584] {logging_mixin.py:115} INFO - [2024-10-26 09:28:20,584] {dag.py:2379} INFO - Sync 1 DAGs
[2024-10-26 09:28:20,595] {logging_mixin.py:115} INFO - [2024-10-26 09:28:20,595] {dag.py:2927} INFO - Setting next_dagrun for example_time_delta_sensor_async to None, run_after=None
[2024-10-26 09:28:20,607] {processor.py:161} INFO - Processing /root/Documentos/airflow/venv/lib/python3.9/site-packages/airflow/example_dags/example_time_delta_sensor_async.py took 0.044 seconds
[2024-10-26 09:28:55,016] {processor.py:153} INFO - Started process (PID=11430) to work on /root/Documentos/airflow/venv/lib/python3.9/site-packages/airflow/example_dags/example_time_delta_sensor_async.py
[2024-10-26 09:28:55,021] {processor.py:641} INFO - Processing file /root/Documentos/airflow/venv/lib/python3.9/site-packages/airflow/example_dags/example_time_delta_sensor_async.py for tasks to queue
[2024-10-26 09:28:55,021] {logging_mixin.py:115} INFO - [2024-10-26 09:28:55,021] {dagbag.py:507} INFO - Filling up the DagBag from /root/Documentos/airflow/venv/lib/python3.9/site-packages/airflow/example_dags/example_time_delta_sensor_async.py
[2024-10-26 09:28:55,024] {processor.py:651} INFO - DAG(s) dict_keys(['example_time_delta_sensor_async']) retrieved from /root/Documentos/airflow/venv/lib/python3.9/site-packages/airflow/example_dags/example_time_delta_sensor_async.py
[2024-10-26 09:28:55,035] {logging_mixin.py:115} INFO - [2024-10-26 09:28:55,035] {dag.py:2379} INFO - Sync 1 DAGs
[2024-10-26 09:28:55,046] {logging_mixin.py:115} INFO - [2024-10-26 09:28:55,046] {dag.py:2927} INFO - Setting next_dagrun for example_time_delta_sensor_async to None, run_after=None
[2024-10-26 09:28:55,059] {processor.py:161} INFO - Processing /root/Documentos/airflow/venv/lib/python3.9/site-packages/airflow/example_dags/example_time_delta_sensor_async.py took 0.044 seconds
[2024-10-26 09:38:13,324] {processor.py:153} INFO - Started process (PID=1061) to work on /root/Documentos/airflow/venv/lib/python3.9/site-packages/airflow/example_dags/example_time_delta_sensor_async.py
[2024-10-26 09:38:13,328] {processor.py:641} INFO - Processing file /root/Documentos/airflow/venv/lib/python3.9/site-packages/airflow/example_dags/example_time_delta_sensor_async.py for tasks to queue
[2024-10-26 09:38:13,329] {logging_mixin.py:115} INFO - [2024-10-26 09:38:13,329] {dagbag.py:507} INFO - Filling up the DagBag from /root/Documentos/airflow/venv/lib/python3.9/site-packages/airflow/example_dags/example_time_delta_sensor_async.py
[2024-10-26 09:38:13,334] {processor.py:651} INFO - DAG(s) dict_keys(['example_time_delta_sensor_async']) retrieved from /root/Documentos/airflow/venv/lib/python3.9/site-packages/airflow/example_dags/example_time_delta_sensor_async.py
[2024-10-26 09:38:13,345] {logging_mixin.py:115} INFO - [2024-10-26 09:38:13,345] {dag.py:2379} INFO - Sync 1 DAGs
[2024-10-26 09:38:13,356] {logging_mixin.py:115} INFO - [2024-10-26 09:38:13,356] {dag.py:2927} INFO - Setting next_dagrun for example_time_delta_sensor_async to None, run_after=None
[2024-10-26 09:38:13,369] {processor.py:161} INFO - Processing /root/Documentos/airflow/venv/lib/python3.9/site-packages/airflow/example_dags/example_time_delta_sensor_async.py took 0.047 seconds
[2024-10-26 09:38:45,937] {processor.py:153} INFO - Started process (PID=1223) to work on /root/Documentos/airflow/venv/lib/python3.9/site-packages/airflow/example_dags/example_time_delta_sensor_async.py
[2024-10-26 09:38:45,942] {processor.py:641} INFO - Processing file /root/Documentos/airflow/venv/lib/python3.9/site-packages/airflow/example_dags/example_time_delta_sensor_async.py for tasks to queue
[2024-10-26 09:38:45,942] {logging_mixin.py:115} INFO - [2024-10-26 09:38:45,942] {dagbag.py:507} INFO - Filling up the DagBag from /root/Documentos/airflow/venv/lib/python3.9/site-packages/airflow/example_dags/example_time_delta_sensor_async.py
[2024-10-26 09:38:45,946] {processor.py:651} INFO - DAG(s) dict_keys(['example_time_delta_sensor_async']) retrieved from /root/Documentos/airflow/venv/lib/python3.9/site-packages/airflow/example_dags/example_time_delta_sensor_async.py
[2024-10-26 09:38:45,958] {logging_mixin.py:115} INFO - [2024-10-26 09:38:45,958] {dag.py:2379} INFO - Sync 1 DAGs
[2024-10-26 09:38:45,970] {logging_mixin.py:115} INFO - [2024-10-26 09:38:45,970] {dag.py:2927} INFO - Setting next_dagrun for example_time_delta_sensor_async to None, run_after=None
[2024-10-26 09:38:45,982] {processor.py:161} INFO - Processing /root/Documentos/airflow/venv/lib/python3.9/site-packages/airflow/example_dags/example_time_delta_sensor_async.py took 0.047 seconds
[2024-10-26 09:39:20,288] {processor.py:153} INFO - Started process (PID=1392) to work on /root/Documentos/airflow/venv/lib/python3.9/site-packages/airflow/example_dags/example_time_delta_sensor_async.py
[2024-10-26 09:39:20,295] {processor.py:641} INFO - Processing file /root/Documentos/airflow/venv/lib/python3.9/site-packages/airflow/example_dags/example_time_delta_sensor_async.py for tasks to queue
[2024-10-26 09:39:20,296] {logging_mixin.py:115} INFO - [2024-10-26 09:39:20,296] {dagbag.py:507} INFO - Filling up the DagBag from /root/Documentos/airflow/venv/lib/python3.9/site-packages/airflow/example_dags/example_time_delta_sensor_async.py
[2024-10-26 09:39:20,299] {processor.py:651} INFO - DAG(s) dict_keys(['example_time_delta_sensor_async']) retrieved from /root/Documentos/airflow/venv/lib/python3.9/site-packages/airflow/example_dags/example_time_delta_sensor_async.py
[2024-10-26 09:39:20,311] {logging_mixin.py:115} INFO - [2024-10-26 09:39:20,311] {dag.py:2379} INFO - Sync 1 DAGs
[2024-10-26 09:39:20,322] {logging_mixin.py:115} INFO - [2024-10-26 09:39:20,322] {dag.py:2927} INFO - Setting next_dagrun for example_time_delta_sensor_async to None, run_after=None
[2024-10-26 09:39:20,335] {processor.py:161} INFO - Processing /root/Documentos/airflow/venv/lib/python3.9/site-packages/airflow/example_dags/example_time_delta_sensor_async.py took 0.048 seconds
[2024-10-26 09:39:52,964] {processor.py:153} INFO - Started process (PID=1551) to work on /root/Documentos/airflow/venv/lib/python3.9/site-packages/airflow/example_dags/example_time_delta_sensor_async.py
[2024-10-26 09:39:52,970] {processor.py:641} INFO - Processing file /root/Documentos/airflow/venv/lib/python3.9/site-packages/airflow/example_dags/example_time_delta_sensor_async.py for tasks to queue
[2024-10-26 09:39:52,971] {logging_mixin.py:115} INFO - [2024-10-26 09:39:52,971] {dagbag.py:507} INFO - Filling up the DagBag from /root/Documentos/airflow/venv/lib/python3.9/site-packages/airflow/example_dags/example_time_delta_sensor_async.py
[2024-10-26 09:39:52,974] {processor.py:651} INFO - DAG(s) dict_keys(['example_time_delta_sensor_async']) retrieved from /root/Documentos/airflow/venv/lib/python3.9/site-packages/airflow/example_dags/example_time_delta_sensor_async.py
[2024-10-26 09:39:52,986] {logging_mixin.py:115} INFO - [2024-10-26 09:39:52,986] {dag.py:2379} INFO - Sync 1 DAGs
[2024-10-26 09:39:52,996] {logging_mixin.py:115} INFO - [2024-10-26 09:39:52,996] {dag.py:2927} INFO - Setting next_dagrun for example_time_delta_sensor_async to None, run_after=None
[2024-10-26 09:39:53,009] {processor.py:161} INFO - Processing /root/Documentos/airflow/venv/lib/python3.9/site-packages/airflow/example_dags/example_time_delta_sensor_async.py took 0.047 seconds
[2024-10-26 09:40:27,394] {processor.py:153} INFO - Started process (PID=1717) to work on /root/Documentos/airflow/venv/lib/python3.9/site-packages/airflow/example_dags/example_time_delta_sensor_async.py
[2024-10-26 09:40:27,398] {processor.py:641} INFO - Processing file /root/Documentos/airflow/venv/lib/python3.9/site-packages/airflow/example_dags/example_time_delta_sensor_async.py for tasks to queue
[2024-10-26 09:40:27,399] {logging_mixin.py:115} INFO - [2024-10-26 09:40:27,399] {dagbag.py:507} INFO - Filling up the DagBag from /root/Documentos/airflow/venv/lib/python3.9/site-packages/airflow/example_dags/example_time_delta_sensor_async.py
[2024-10-26 09:40:27,401] {processor.py:651} INFO - DAG(s) dict_keys(['example_time_delta_sensor_async']) retrieved from /root/Documentos/airflow/venv/lib/python3.9/site-packages/airflow/example_dags/example_time_delta_sensor_async.py
[2024-10-26 09:40:27,412] {logging_mixin.py:115} INFO - [2024-10-26 09:40:27,412] {dag.py:2379} INFO - Sync 1 DAGs
[2024-10-26 09:40:27,423] {logging_mixin.py:115} INFO - [2024-10-26 09:40:27,423] {dag.py:2927} INFO - Setting next_dagrun for example_time_delta_sensor_async to None, run_after=None
[2024-10-26 09:40:27,435] {processor.py:161} INFO - Processing /root/Documentos/airflow/venv/lib/python3.9/site-packages/airflow/example_dags/example_time_delta_sensor_async.py took 0.043 seconds
[2024-10-26 09:41:02,716] {processor.py:153} INFO - Started process (PID=1888) to work on /root/Documentos/airflow/venv/lib/python3.9/site-packages/airflow/example_dags/example_time_delta_sensor_async.py
[2024-10-26 09:41:02,717] {processor.py:641} INFO - Processing file /root/Documentos/airflow/venv/lib/python3.9/site-packages/airflow/example_dags/example_time_delta_sensor_async.py for tasks to queue
[2024-10-26 09:41:02,718] {logging_mixin.py:115} INFO - [2024-10-26 09:41:02,718] {dagbag.py:507} INFO - Filling up the DagBag from /root/Documentos/airflow/venv/lib/python3.9/site-packages/airflow/example_dags/example_time_delta_sensor_async.py
[2024-10-26 09:41:02,720] {processor.py:651} INFO - DAG(s) dict_keys(['example_time_delta_sensor_async']) retrieved from /root/Documentos/airflow/venv/lib/python3.9/site-packages/airflow/example_dags/example_time_delta_sensor_async.py
[2024-10-26 09:41:02,731] {logging_mixin.py:115} INFO - [2024-10-26 09:41:02,731] {dag.py:2379} INFO - Sync 1 DAGs
[2024-10-26 09:41:02,741] {logging_mixin.py:115} INFO - [2024-10-26 09:41:02,741] {dag.py:2927} INFO - Setting next_dagrun for example_time_delta_sensor_async to None, run_after=None
[2024-10-26 09:41:02,755] {processor.py:161} INFO - Processing /root/Documentos/airflow/venv/lib/python3.9/site-packages/airflow/example_dags/example_time_delta_sensor_async.py took 0.040 seconds
[2024-10-26 09:41:37,628] {processor.py:153} INFO - Started process (PID=2054) to work on /root/Documentos/airflow/venv/lib/python3.9/site-packages/airflow/example_dags/example_time_delta_sensor_async.py
[2024-10-26 09:41:37,633] {processor.py:641} INFO - Processing file /root/Documentos/airflow/venv/lib/python3.9/site-packages/airflow/example_dags/example_time_delta_sensor_async.py for tasks to queue
[2024-10-26 09:41:37,634] {logging_mixin.py:115} INFO - [2024-10-26 09:41:37,634] {dagbag.py:507} INFO - Filling up the DagBag from /root/Documentos/airflow/venv/lib/python3.9/site-packages/airflow/example_dags/example_time_delta_sensor_async.py
[2024-10-26 09:41:37,637] {processor.py:651} INFO - DAG(s) dict_keys(['example_time_delta_sensor_async']) retrieved from /root/Documentos/airflow/venv/lib/python3.9/site-packages/airflow/example_dags/example_time_delta_sensor_async.py
[2024-10-26 09:41:37,648] {logging_mixin.py:115} INFO - [2024-10-26 09:41:37,647] {dag.py:2379} INFO - Sync 1 DAGs
[2024-10-26 09:41:37,658] {logging_mixin.py:115} INFO - [2024-10-26 09:41:37,658] {dag.py:2927} INFO - Setting next_dagrun for example_time_delta_sensor_async to None, run_after=None
[2024-10-26 09:41:37,672] {processor.py:161} INFO - Processing /root/Documentos/airflow/venv/lib/python3.9/site-packages/airflow/example_dags/example_time_delta_sensor_async.py took 0.044 seconds
[2024-10-26 09:42:14,231] {processor.py:153} INFO - Started process (PID=2230) to work on /root/Documentos/airflow/venv/lib/python3.9/site-packages/airflow/example_dags/example_time_delta_sensor_async.py
[2024-10-26 09:42:14,238] {processor.py:641} INFO - Processing file /root/Documentos/airflow/venv/lib/python3.9/site-packages/airflow/example_dags/example_time_delta_sensor_async.py for tasks to queue
[2024-10-26 09:42:14,238] {logging_mixin.py:115} INFO - [2024-10-26 09:42:14,238] {dagbag.py:507} INFO - Filling up the DagBag from /root/Documentos/airflow/venv/lib/python3.9/site-packages/airflow/example_dags/example_time_delta_sensor_async.py
[2024-10-26 09:42:14,241] {processor.py:651} INFO - DAG(s) dict_keys(['example_time_delta_sensor_async']) retrieved from /root/Documentos/airflow/venv/lib/python3.9/site-packages/airflow/example_dags/example_time_delta_sensor_async.py
[2024-10-26 09:42:14,252] {logging_mixin.py:115} INFO - [2024-10-26 09:42:14,252] {dag.py:2379} INFO - Sync 1 DAGs
[2024-10-26 09:42:14,262] {logging_mixin.py:115} INFO - [2024-10-26 09:42:14,262] {dag.py:2927} INFO - Setting next_dagrun for example_time_delta_sensor_async to None, run_after=None
[2024-10-26 09:42:14,276] {processor.py:161} INFO - Processing /root/Documentos/airflow/venv/lib/python3.9/site-packages/airflow/example_dags/example_time_delta_sensor_async.py took 0.047 seconds
[2024-10-26 09:42:45,883] {processor.py:153} INFO - Started process (PID=2385) to work on /root/Documentos/airflow/venv/lib/python3.9/site-packages/airflow/example_dags/example_time_delta_sensor_async.py
[2024-10-26 09:42:45,884] {processor.py:641} INFO - Processing file /root/Documentos/airflow/venv/lib/python3.9/site-packages/airflow/example_dags/example_time_delta_sensor_async.py for tasks to queue
[2024-10-26 09:42:45,884] {logging_mixin.py:115} INFO - [2024-10-26 09:42:45,884] {dagbag.py:507} INFO - Filling up the DagBag from /root/Documentos/airflow/venv/lib/python3.9/site-packages/airflow/example_dags/example_time_delta_sensor_async.py
[2024-10-26 09:42:45,886] {processor.py:651} INFO - DAG(s) dict_keys(['example_time_delta_sensor_async']) retrieved from /root/Documentos/airflow/venv/lib/python3.9/site-packages/airflow/example_dags/example_time_delta_sensor_async.py
[2024-10-26 09:42:45,897] {logging_mixin.py:115} INFO - [2024-10-26 09:42:45,897] {dag.py:2379} INFO - Sync 1 DAGs
[2024-10-26 09:42:45,907] {logging_mixin.py:115} INFO - [2024-10-26 09:42:45,907] {dag.py:2927} INFO - Setting next_dagrun for example_time_delta_sensor_async to None, run_after=None
[2024-10-26 09:42:45,920] {processor.py:161} INFO - Processing /root/Documentos/airflow/venv/lib/python3.9/site-packages/airflow/example_dags/example_time_delta_sensor_async.py took 0.038 seconds
[2024-10-26 09:43:19,272] {processor.py:153} INFO - Started process (PID=2546) to work on /root/Documentos/airflow/venv/lib/python3.9/site-packages/airflow/example_dags/example_time_delta_sensor_async.py
[2024-10-26 09:43:19,274] {processor.py:641} INFO - Processing file /root/Documentos/airflow/venv/lib/python3.9/site-packages/airflow/example_dags/example_time_delta_sensor_async.py for tasks to queue
[2024-10-26 09:43:19,275] {logging_mixin.py:115} INFO - [2024-10-26 09:43:19,275] {dagbag.py:507} INFO - Filling up the DagBag from /root/Documentos/airflow/venv/lib/python3.9/site-packages/airflow/example_dags/example_time_delta_sensor_async.py
[2024-10-26 09:43:19,277] {processor.py:651} INFO - DAG(s) dict_keys(['example_time_delta_sensor_async']) retrieved from /root/Documentos/airflow/venv/lib/python3.9/site-packages/airflow/example_dags/example_time_delta_sensor_async.py
[2024-10-26 09:43:19,288] {logging_mixin.py:115} INFO - [2024-10-26 09:43:19,288] {dag.py:2379} INFO - Sync 1 DAGs
[2024-10-26 09:43:19,298] {logging_mixin.py:115} INFO - [2024-10-26 09:43:19,298] {dag.py:2927} INFO - Setting next_dagrun for example_time_delta_sensor_async to None, run_after=None
[2024-10-26 09:43:19,311] {processor.py:161} INFO - Processing /root/Documentos/airflow/venv/lib/python3.9/site-packages/airflow/example_dags/example_time_delta_sensor_async.py took 0.040 seconds
[2024-10-26 09:43:56,044] {processor.py:153} INFO - Started process (PID=2723) to work on /root/Documentos/airflow/venv/lib/python3.9/site-packages/airflow/example_dags/example_time_delta_sensor_async.py
[2024-10-26 09:43:56,048] {processor.py:641} INFO - Processing file /root/Documentos/airflow/venv/lib/python3.9/site-packages/airflow/example_dags/example_time_delta_sensor_async.py for tasks to queue
[2024-10-26 09:43:56,049] {logging_mixin.py:115} INFO - [2024-10-26 09:43:56,048] {dagbag.py:507} INFO - Filling up the DagBag from /root/Documentos/airflow/venv/lib/python3.9/site-packages/airflow/example_dags/example_time_delta_sensor_async.py
[2024-10-26 09:43:56,051] {processor.py:651} INFO - DAG(s) dict_keys(['example_time_delta_sensor_async']) retrieved from /root/Documentos/airflow/venv/lib/python3.9/site-packages/airflow/example_dags/example_time_delta_sensor_async.py
[2024-10-26 09:43:56,061] {logging_mixin.py:115} INFO - [2024-10-26 09:43:56,061] {dag.py:2379} INFO - Sync 1 DAGs
[2024-10-26 09:43:56,072] {logging_mixin.py:115} INFO - [2024-10-26 09:43:56,071] {dag.py:2927} INFO - Setting next_dagrun for example_time_delta_sensor_async to None, run_after=None
[2024-10-26 09:43:56,085] {processor.py:161} INFO - Processing /root/Documentos/airflow/venv/lib/python3.9/site-packages/airflow/example_dags/example_time_delta_sensor_async.py took 0.042 seconds
[2024-10-26 09:44:28,739] {processor.py:153} INFO - Started process (PID=2883) to work on /root/Documentos/airflow/venv/lib/python3.9/site-packages/airflow/example_dags/example_time_delta_sensor_async.py
[2024-10-26 09:44:28,740] {processor.py:641} INFO - Processing file /root/Documentos/airflow/venv/lib/python3.9/site-packages/airflow/example_dags/example_time_delta_sensor_async.py for tasks to queue
[2024-10-26 09:44:28,741] {logging_mixin.py:115} INFO - [2024-10-26 09:44:28,741] {dagbag.py:507} INFO - Filling up the DagBag from /root/Documentos/airflow/venv/lib/python3.9/site-packages/airflow/example_dags/example_time_delta_sensor_async.py
[2024-10-26 09:44:28,743] {processor.py:651} INFO - DAG(s) dict_keys(['example_time_delta_sensor_async']) retrieved from /root/Documentos/airflow/venv/lib/python3.9/site-packages/airflow/example_dags/example_time_delta_sensor_async.py
[2024-10-26 09:44:28,754] {logging_mixin.py:115} INFO - [2024-10-26 09:44:28,754] {dag.py:2379} INFO - Sync 1 DAGs
[2024-10-26 09:44:28,765] {logging_mixin.py:115} INFO - [2024-10-26 09:44:28,765] {dag.py:2927} INFO - Setting next_dagrun for example_time_delta_sensor_async to None, run_after=None
[2024-10-26 09:44:28,777] {processor.py:161} INFO - Processing /root/Documentos/airflow/venv/lib/python3.9/site-packages/airflow/example_dags/example_time_delta_sensor_async.py took 0.039 seconds
[2024-10-26 09:45:02,050] {processor.py:153} INFO - Started process (PID=3045) to work on /root/Documentos/airflow/venv/lib/python3.9/site-packages/airflow/example_dags/example_time_delta_sensor_async.py
[2024-10-26 09:45:02,050] {processor.py:641} INFO - Processing file /root/Documentos/airflow/venv/lib/python3.9/site-packages/airflow/example_dags/example_time_delta_sensor_async.py for tasks to queue
[2024-10-26 09:45:02,050] {logging_mixin.py:115} INFO - [2024-10-26 09:45:02,050] {dagbag.py:507} INFO - Filling up the DagBag from /root/Documentos/airflow/venv/lib/python3.9/site-packages/airflow/example_dags/example_time_delta_sensor_async.py
[2024-10-26 09:45:02,053] {processor.py:651} INFO - DAG(s) dict_keys(['example_time_delta_sensor_async']) retrieved from /root/Documentos/airflow/venv/lib/python3.9/site-packages/airflow/example_dags/example_time_delta_sensor_async.py
[2024-10-26 09:45:02,064] {logging_mixin.py:115} INFO - [2024-10-26 09:45:02,064] {dag.py:2379} INFO - Sync 1 DAGs
[2024-10-26 09:45:02,075] {logging_mixin.py:115} INFO - [2024-10-26 09:45:02,075] {dag.py:2927} INFO - Setting next_dagrun for example_time_delta_sensor_async to None, run_after=None
[2024-10-26 09:45:02,087] {processor.py:161} INFO - Processing /root/Documentos/airflow/venv/lib/python3.9/site-packages/airflow/example_dags/example_time_delta_sensor_async.py took 0.039 seconds
[2024-10-26 09:45:39,886] {processor.py:153} INFO - Started process (PID=3227) to work on /root/Documentos/airflow/venv/lib/python3.9/site-packages/airflow/example_dags/example_time_delta_sensor_async.py
[2024-10-26 09:45:39,887] {processor.py:641} INFO - Processing file /root/Documentos/airflow/venv/lib/python3.9/site-packages/airflow/example_dags/example_time_delta_sensor_async.py for tasks to queue
[2024-10-26 09:45:39,888] {logging_mixin.py:115} INFO - [2024-10-26 09:45:39,887] {dagbag.py:507} INFO - Filling up the DagBag from /root/Documentos/airflow/venv/lib/python3.9/site-packages/airflow/example_dags/example_time_delta_sensor_async.py
[2024-10-26 09:45:39,890] {processor.py:651} INFO - DAG(s) dict_keys(['example_time_delta_sensor_async']) retrieved from /root/Documentos/airflow/venv/lib/python3.9/site-packages/airflow/example_dags/example_time_delta_sensor_async.py
[2024-10-26 09:45:39,901] {logging_mixin.py:115} INFO - [2024-10-26 09:45:39,901] {dag.py:2379} INFO - Sync 1 DAGs
[2024-10-26 09:45:39,911] {logging_mixin.py:115} INFO - [2024-10-26 09:45:39,911] {dag.py:2927} INFO - Setting next_dagrun for example_time_delta_sensor_async to None, run_after=None
[2024-10-26 09:45:39,924] {processor.py:161} INFO - Processing /root/Documentos/airflow/venv/lib/python3.9/site-packages/airflow/example_dags/example_time_delta_sensor_async.py took 0.039 seconds
[2024-10-26 09:46:15,741] {processor.py:153} INFO - Started process (PID=3402) to work on /root/Documentos/airflow/venv/lib/python3.9/site-packages/airflow/example_dags/example_time_delta_sensor_async.py
[2024-10-26 09:46:15,743] {processor.py:641} INFO - Processing file /root/Documentos/airflow/venv/lib/python3.9/site-packages/airflow/example_dags/example_time_delta_sensor_async.py for tasks to queue
[2024-10-26 09:46:15,743] {logging_mixin.py:115} INFO - [2024-10-26 09:46:15,743] {dagbag.py:507} INFO - Filling up the DagBag from /root/Documentos/airflow/venv/lib/python3.9/site-packages/airflow/example_dags/example_time_delta_sensor_async.py
[2024-10-26 09:46:15,749] {processor.py:651} INFO - DAG(s) dict_keys(['example_time_delta_sensor_async']) retrieved from /root/Documentos/airflow/venv/lib/python3.9/site-packages/airflow/example_dags/example_time_delta_sensor_async.py
[2024-10-26 09:46:15,769] {logging_mixin.py:115} INFO - [2024-10-26 09:46:15,769] {dag.py:2379} INFO - Sync 1 DAGs
[2024-10-26 09:46:15,779] {logging_mixin.py:115} INFO - [2024-10-26 09:46:15,779] {dag.py:2927} INFO - Setting next_dagrun for example_time_delta_sensor_async to None, run_after=None
[2024-10-26 09:46:15,791] {processor.py:161} INFO - Processing /root/Documentos/airflow/venv/lib/python3.9/site-packages/airflow/example_dags/example_time_delta_sensor_async.py took 0.051 seconds
[2024-10-26 09:46:50,937] {processor.py:153} INFO - Started process (PID=3649) to work on /root/Documentos/airflow/venv/lib/python3.9/site-packages/airflow/example_dags/example_time_delta_sensor_async.py
[2024-10-26 09:46:50,938] {processor.py:641} INFO - Processing file /root/Documentos/airflow/venv/lib/python3.9/site-packages/airflow/example_dags/example_time_delta_sensor_async.py for tasks to queue
[2024-10-26 09:46:50,938] {logging_mixin.py:115} INFO - [2024-10-26 09:46:50,938] {dagbag.py:507} INFO - Filling up the DagBag from /root/Documentos/airflow/venv/lib/python3.9/site-packages/airflow/example_dags/example_time_delta_sensor_async.py
[2024-10-26 09:46:50,941] {processor.py:651} INFO - DAG(s) dict_keys(['example_time_delta_sensor_async']) retrieved from /root/Documentos/airflow/venv/lib/python3.9/site-packages/airflow/example_dags/example_time_delta_sensor_async.py
[2024-10-26 09:46:50,950] {logging_mixin.py:115} INFO - [2024-10-26 09:46:50,950] {dag.py:2379} INFO - Sync 1 DAGs
[2024-10-26 09:46:50,960] {logging_mixin.py:115} INFO - [2024-10-26 09:46:50,960] {dag.py:2927} INFO - Setting next_dagrun for example_time_delta_sensor_async to None, run_after=None
[2024-10-26 09:46:50,974] {processor.py:161} INFO - Processing /root/Documentos/airflow/venv/lib/python3.9/site-packages/airflow/example_dags/example_time_delta_sensor_async.py took 0.039 seconds
[2024-10-26 09:47:24,711] {processor.py:153} INFO - Started process (PID=3812) to work on /root/Documentos/airflow/venv/lib/python3.9/site-packages/airflow/example_dags/example_time_delta_sensor_async.py
[2024-10-26 09:47:24,716] {processor.py:641} INFO - Processing file /root/Documentos/airflow/venv/lib/python3.9/site-packages/airflow/example_dags/example_time_delta_sensor_async.py for tasks to queue
[2024-10-26 09:47:24,716] {logging_mixin.py:115} INFO - [2024-10-26 09:47:24,716] {dagbag.py:507} INFO - Filling up the DagBag from /root/Documentos/airflow/venv/lib/python3.9/site-packages/airflow/example_dags/example_time_delta_sensor_async.py
[2024-10-26 09:47:24,719] {processor.py:651} INFO - DAG(s) dict_keys(['example_time_delta_sensor_async']) retrieved from /root/Documentos/airflow/venv/lib/python3.9/site-packages/airflow/example_dags/example_time_delta_sensor_async.py
[2024-10-26 09:47:24,730] {logging_mixin.py:115} INFO - [2024-10-26 09:47:24,730] {dag.py:2379} INFO - Sync 1 DAGs
[2024-10-26 09:47:24,740] {logging_mixin.py:115} INFO - [2024-10-26 09:47:24,740] {dag.py:2927} INFO - Setting next_dagrun for example_time_delta_sensor_async to None, run_after=None
[2024-10-26 09:47:24,752] {processor.py:161} INFO - Processing /root/Documentos/airflow/venv/lib/python3.9/site-packages/airflow/example_dags/example_time_delta_sensor_async.py took 0.042 seconds
[2024-10-26 09:47:56,267] {processor.py:153} INFO - Started process (PID=3967) to work on /root/Documentos/airflow/venv/lib/python3.9/site-packages/airflow/example_dags/example_time_delta_sensor_async.py
[2024-10-26 09:47:56,268] {processor.py:641} INFO - Processing file /root/Documentos/airflow/venv/lib/python3.9/site-packages/airflow/example_dags/example_time_delta_sensor_async.py for tasks to queue
[2024-10-26 09:47:56,268] {logging_mixin.py:115} INFO - [2024-10-26 09:47:56,268] {dagbag.py:507} INFO - Filling up the DagBag from /root/Documentos/airflow/venv/lib/python3.9/site-packages/airflow/example_dags/example_time_delta_sensor_async.py
[2024-10-26 09:47:56,270] {processor.py:651} INFO - DAG(s) dict_keys(['example_time_delta_sensor_async']) retrieved from /root/Documentos/airflow/venv/lib/python3.9/site-packages/airflow/example_dags/example_time_delta_sensor_async.py
[2024-10-26 09:47:56,281] {logging_mixin.py:115} INFO - [2024-10-26 09:47:56,281] {dag.py:2379} INFO - Sync 1 DAGs
[2024-10-26 09:47:56,291] {logging_mixin.py:115} INFO - [2024-10-26 09:47:56,291] {dag.py:2927} INFO - Setting next_dagrun for example_time_delta_sensor_async to None, run_after=None
[2024-10-26 09:47:56,304] {processor.py:161} INFO - Processing /root/Documentos/airflow/venv/lib/python3.9/site-packages/airflow/example_dags/example_time_delta_sensor_async.py took 0.038 seconds
[2024-10-26 09:48:34,651] {processor.py:153} INFO - Started process (PID=4161) to work on /root/Documentos/airflow/venv/lib/python3.9/site-packages/airflow/example_dags/example_time_delta_sensor_async.py
[2024-10-26 09:48:34,654] {processor.py:641} INFO - Processing file /root/Documentos/airflow/venv/lib/python3.9/site-packages/airflow/example_dags/example_time_delta_sensor_async.py for tasks to queue
[2024-10-26 09:48:34,654] {logging_mixin.py:115} INFO - [2024-10-26 09:48:34,654] {dagbag.py:507} INFO - Filling up the DagBag from /root/Documentos/airflow/venv/lib/python3.9/site-packages/airflow/example_dags/example_time_delta_sensor_async.py
[2024-10-26 09:48:34,657] {processor.py:651} INFO - DAG(s) dict_keys(['example_time_delta_sensor_async']) retrieved from /root/Documentos/airflow/venv/lib/python3.9/site-packages/airflow/example_dags/example_time_delta_sensor_async.py
[2024-10-26 09:48:34,668] {logging_mixin.py:115} INFO - [2024-10-26 09:48:34,668] {dag.py:2379} INFO - Sync 1 DAGs
[2024-10-26 09:48:34,678] {logging_mixin.py:115} INFO - [2024-10-26 09:48:34,678] {dag.py:2927} INFO - Setting next_dagrun for example_time_delta_sensor_async to None, run_after=None
[2024-10-26 09:48:34,694] {processor.py:161} INFO - Processing /root/Documentos/airflow/venv/lib/python3.9/site-packages/airflow/example_dags/example_time_delta_sensor_async.py took 0.044 seconds
[2024-10-26 09:49:08,428] {processor.py:153} INFO - Started process (PID=4324) to work on /root/Documentos/airflow/venv/lib/python3.9/site-packages/airflow/example_dags/example_time_delta_sensor_async.py
[2024-10-26 09:49:08,429] {processor.py:641} INFO - Processing file /root/Documentos/airflow/venv/lib/python3.9/site-packages/airflow/example_dags/example_time_delta_sensor_async.py for tasks to queue
[2024-10-26 09:49:08,429] {logging_mixin.py:115} INFO - [2024-10-26 09:49:08,429] {dagbag.py:507} INFO - Filling up the DagBag from /root/Documentos/airflow/venv/lib/python3.9/site-packages/airflow/example_dags/example_time_delta_sensor_async.py
[2024-10-26 09:49:08,431] {processor.py:651} INFO - DAG(s) dict_keys(['example_time_delta_sensor_async']) retrieved from /root/Documentos/airflow/venv/lib/python3.9/site-packages/airflow/example_dags/example_time_delta_sensor_async.py
[2024-10-26 09:49:08,442] {logging_mixin.py:115} INFO - [2024-10-26 09:49:08,442] {dag.py:2379} INFO - Sync 1 DAGs
[2024-10-26 09:49:08,452] {logging_mixin.py:115} INFO - [2024-10-26 09:49:08,452] {dag.py:2927} INFO - Setting next_dagrun for example_time_delta_sensor_async to None, run_after=None
[2024-10-26 09:49:08,468] {processor.py:161} INFO - Processing /root/Documentos/airflow/venv/lib/python3.9/site-packages/airflow/example_dags/example_time_delta_sensor_async.py took 0.041 seconds
[2024-10-26 09:49:43,216] {processor.py:153} INFO - Started process (PID=4491) to work on /root/Documentos/airflow/venv/lib/python3.9/site-packages/airflow/example_dags/example_time_delta_sensor_async.py
[2024-10-26 09:49:43,225] {processor.py:641} INFO - Processing file /root/Documentos/airflow/venv/lib/python3.9/site-packages/airflow/example_dags/example_time_delta_sensor_async.py for tasks to queue
[2024-10-26 09:49:43,225] {logging_mixin.py:115} INFO - [2024-10-26 09:49:43,225] {dagbag.py:507} INFO - Filling up the DagBag from /root/Documentos/airflow/venv/lib/python3.9/site-packages/airflow/example_dags/example_time_delta_sensor_async.py
[2024-10-26 09:49:43,228] {processor.py:651} INFO - DAG(s) dict_keys(['example_time_delta_sensor_async']) retrieved from /root/Documentos/airflow/venv/lib/python3.9/site-packages/airflow/example_dags/example_time_delta_sensor_async.py
[2024-10-26 09:49:43,238] {logging_mixin.py:115} INFO - [2024-10-26 09:49:43,238] {dag.py:2379} INFO - Sync 1 DAGs
[2024-10-26 09:49:43,248] {logging_mixin.py:115} INFO - [2024-10-26 09:49:43,248] {dag.py:2927} INFO - Setting next_dagrun for example_time_delta_sensor_async to None, run_after=None
[2024-10-26 09:49:43,264] {processor.py:161} INFO - Processing /root/Documentos/airflow/venv/lib/python3.9/site-packages/airflow/example_dags/example_time_delta_sensor_async.py took 0.050 seconds
[2024-10-26 09:50:17,896] {processor.py:153} INFO - Started process (PID=4659) to work on /root/Documentos/airflow/venv/lib/python3.9/site-packages/airflow/example_dags/example_time_delta_sensor_async.py
[2024-10-26 09:50:17,901] {processor.py:641} INFO - Processing file /root/Documentos/airflow/venv/lib/python3.9/site-packages/airflow/example_dags/example_time_delta_sensor_async.py for tasks to queue
[2024-10-26 09:50:17,901] {logging_mixin.py:115} INFO - [2024-10-26 09:50:17,901] {dagbag.py:507} INFO - Filling up the DagBag from /root/Documentos/airflow/venv/lib/python3.9/site-packages/airflow/example_dags/example_time_delta_sensor_async.py
[2024-10-26 09:50:17,904] {processor.py:651} INFO - DAG(s) dict_keys(['example_time_delta_sensor_async']) retrieved from /root/Documentos/airflow/venv/lib/python3.9/site-packages/airflow/example_dags/example_time_delta_sensor_async.py
[2024-10-26 09:50:17,915] {logging_mixin.py:115} INFO - [2024-10-26 09:50:17,915] {dag.py:2379} INFO - Sync 1 DAGs
[2024-10-26 09:50:17,925] {logging_mixin.py:115} INFO - [2024-10-26 09:50:17,925] {dag.py:2927} INFO - Setting next_dagrun for example_time_delta_sensor_async to None, run_after=None
[2024-10-26 09:50:17,939] {processor.py:161} INFO - Processing /root/Documentos/airflow/venv/lib/python3.9/site-packages/airflow/example_dags/example_time_delta_sensor_async.py took 0.045 seconds
[2024-10-26 09:50:53,425] {processor.py:153} INFO - Started process (PID=4831) to work on /root/Documentos/airflow/venv/lib/python3.9/site-packages/airflow/example_dags/example_time_delta_sensor_async.py
[2024-10-26 09:50:53,429] {processor.py:641} INFO - Processing file /root/Documentos/airflow/venv/lib/python3.9/site-packages/airflow/example_dags/example_time_delta_sensor_async.py for tasks to queue
[2024-10-26 09:50:53,429] {logging_mixin.py:115} INFO - [2024-10-26 09:50:53,429] {dagbag.py:507} INFO - Filling up the DagBag from /root/Documentos/airflow/venv/lib/python3.9/site-packages/airflow/example_dags/example_time_delta_sensor_async.py
[2024-10-26 09:50:53,431] {processor.py:651} INFO - DAG(s) dict_keys(['example_time_delta_sensor_async']) retrieved from /root/Documentos/airflow/venv/lib/python3.9/site-packages/airflow/example_dags/example_time_delta_sensor_async.py
[2024-10-26 09:50:53,441] {logging_mixin.py:115} INFO - [2024-10-26 09:50:53,441] {dag.py:2379} INFO - Sync 1 DAGs
[2024-10-26 09:50:53,452] {logging_mixin.py:115} INFO - [2024-10-26 09:50:53,452] {dag.py:2927} INFO - Setting next_dagrun for example_time_delta_sensor_async to None, run_after=None
[2024-10-26 09:50:53,465] {processor.py:161} INFO - Processing /root/Documentos/airflow/venv/lib/python3.9/site-packages/airflow/example_dags/example_time_delta_sensor_async.py took 0.041 seconds
[2024-10-26 09:51:25,846] {processor.py:153} INFO - Started process (PID=4989) to work on /root/Documentos/airflow/venv/lib/python3.9/site-packages/airflow/example_dags/example_time_delta_sensor_async.py
[2024-10-26 09:51:25,847] {processor.py:641} INFO - Processing file /root/Documentos/airflow/venv/lib/python3.9/site-packages/airflow/example_dags/example_time_delta_sensor_async.py for tasks to queue
[2024-10-26 09:51:25,847] {logging_mixin.py:115} INFO - [2024-10-26 09:51:25,847] {dagbag.py:507} INFO - Filling up the DagBag from /root/Documentos/airflow/venv/lib/python3.9/site-packages/airflow/example_dags/example_time_delta_sensor_async.py
[2024-10-26 09:51:25,849] {processor.py:651} INFO - DAG(s) dict_keys(['example_time_delta_sensor_async']) retrieved from /root/Documentos/airflow/venv/lib/python3.9/site-packages/airflow/example_dags/example_time_delta_sensor_async.py
[2024-10-26 09:51:25,860] {logging_mixin.py:115} INFO - [2024-10-26 09:51:25,860] {dag.py:2379} INFO - Sync 1 DAGs
[2024-10-26 09:51:25,871] {logging_mixin.py:115} INFO - [2024-10-26 09:51:25,871] {dag.py:2927} INFO - Setting next_dagrun for example_time_delta_sensor_async to None, run_after=None
[2024-10-26 09:51:25,886] {processor.py:161} INFO - Processing /root/Documentos/airflow/venv/lib/python3.9/site-packages/airflow/example_dags/example_time_delta_sensor_async.py took 0.041 seconds
[2024-10-26 09:52:01,701] {processor.py:153} INFO - Started process (PID=5163) to work on /root/Documentos/airflow/venv/lib/python3.9/site-packages/airflow/example_dags/example_time_delta_sensor_async.py
[2024-10-26 09:52:01,704] {processor.py:641} INFO - Processing file /root/Documentos/airflow/venv/lib/python3.9/site-packages/airflow/example_dags/example_time_delta_sensor_async.py for tasks to queue
[2024-10-26 09:52:01,705] {logging_mixin.py:115} INFO - [2024-10-26 09:52:01,705] {dagbag.py:507} INFO - Filling up the DagBag from /root/Documentos/airflow/venv/lib/python3.9/site-packages/airflow/example_dags/example_time_delta_sensor_async.py
[2024-10-26 09:52:01,707] {processor.py:651} INFO - DAG(s) dict_keys(['example_time_delta_sensor_async']) retrieved from /root/Documentos/airflow/venv/lib/python3.9/site-packages/airflow/example_dags/example_time_delta_sensor_async.py
[2024-10-26 09:52:01,718] {logging_mixin.py:115} INFO - [2024-10-26 09:52:01,718] {dag.py:2379} INFO - Sync 1 DAGs
[2024-10-26 09:52:01,728] {logging_mixin.py:115} INFO - [2024-10-26 09:52:01,728] {dag.py:2927} INFO - Setting next_dagrun for example_time_delta_sensor_async to None, run_after=None
[2024-10-26 09:52:01,745] {processor.py:161} INFO - Processing /root/Documentos/airflow/venv/lib/python3.9/site-packages/airflow/example_dags/example_time_delta_sensor_async.py took 0.045 seconds
[2024-10-26 09:52:36,814] {processor.py:153} INFO - Started process (PID=5335) to work on /root/Documentos/airflow/venv/lib/python3.9/site-packages/airflow/example_dags/example_time_delta_sensor_async.py
[2024-10-26 09:52:36,817] {processor.py:641} INFO - Processing file /root/Documentos/airflow/venv/lib/python3.9/site-packages/airflow/example_dags/example_time_delta_sensor_async.py for tasks to queue
[2024-10-26 09:52:36,817] {logging_mixin.py:115} INFO - [2024-10-26 09:52:36,817] {dagbag.py:507} INFO - Filling up the DagBag from /root/Documentos/airflow/venv/lib/python3.9/site-packages/airflow/example_dags/example_time_delta_sensor_async.py
[2024-10-26 09:52:36,819] {processor.py:651} INFO - DAG(s) dict_keys(['example_time_delta_sensor_async']) retrieved from /root/Documentos/airflow/venv/lib/python3.9/site-packages/airflow/example_dags/example_time_delta_sensor_async.py
[2024-10-26 09:52:36,831] {logging_mixin.py:115} INFO - [2024-10-26 09:52:36,831] {dag.py:2379} INFO - Sync 1 DAGs
[2024-10-26 09:52:36,841] {logging_mixin.py:115} INFO - [2024-10-26 09:52:36,841] {dag.py:2927} INFO - Setting next_dagrun for example_time_delta_sensor_async to None, run_after=None
[2024-10-26 09:52:36,858] {processor.py:161} INFO - Processing /root/Documentos/airflow/venv/lib/python3.9/site-packages/airflow/example_dags/example_time_delta_sensor_async.py took 0.045 seconds
[2024-10-26 09:53:13,599] {processor.py:153} INFO - Started process (PID=5508) to work on /root/Documentos/airflow/venv/lib/python3.9/site-packages/airflow/example_dags/example_time_delta_sensor_async.py
[2024-10-26 09:53:13,601] {processor.py:641} INFO - Processing file /root/Documentos/airflow/venv/lib/python3.9/site-packages/airflow/example_dags/example_time_delta_sensor_async.py for tasks to queue
[2024-10-26 09:53:13,602] {logging_mixin.py:115} INFO - [2024-10-26 09:53:13,602] {dagbag.py:507} INFO - Filling up the DagBag from /root/Documentos/airflow/venv/lib/python3.9/site-packages/airflow/example_dags/example_time_delta_sensor_async.py
[2024-10-26 09:53:13,605] {processor.py:651} INFO - DAG(s) dict_keys(['example_time_delta_sensor_async']) retrieved from /root/Documentos/airflow/venv/lib/python3.9/site-packages/airflow/example_dags/example_time_delta_sensor_async.py
[2024-10-26 09:53:13,617] {logging_mixin.py:115} INFO - [2024-10-26 09:53:13,617] {dag.py:2379} INFO - Sync 1 DAGs
[2024-10-26 09:53:13,626] {logging_mixin.py:115} INFO - [2024-10-26 09:53:13,626] {dag.py:2927} INFO - Setting next_dagrun for example_time_delta_sensor_async to None, run_after=None
[2024-10-26 09:53:13,642] {processor.py:161} INFO - Processing /root/Documentos/airflow/venv/lib/python3.9/site-packages/airflow/example_dags/example_time_delta_sensor_async.py took 0.044 seconds
[2024-10-26 09:53:47,454] {processor.py:153} INFO - Started process (PID=5672) to work on /root/Documentos/airflow/venv/lib/python3.9/site-packages/airflow/example_dags/example_time_delta_sensor_async.py
[2024-10-26 09:53:47,455] {processor.py:641} INFO - Processing file /root/Documentos/airflow/venv/lib/python3.9/site-packages/airflow/example_dags/example_time_delta_sensor_async.py for tasks to queue
[2024-10-26 09:53:47,455] {logging_mixin.py:115} INFO - [2024-10-26 09:53:47,455] {dagbag.py:507} INFO - Filling up the DagBag from /root/Documentos/airflow/venv/lib/python3.9/site-packages/airflow/example_dags/example_time_delta_sensor_async.py
[2024-10-26 09:53:47,457] {processor.py:651} INFO - DAG(s) dict_keys(['example_time_delta_sensor_async']) retrieved from /root/Documentos/airflow/venv/lib/python3.9/site-packages/airflow/example_dags/example_time_delta_sensor_async.py
[2024-10-26 09:53:47,469] {logging_mixin.py:115} INFO - [2024-10-26 09:53:47,469] {dag.py:2379} INFO - Sync 1 DAGs
[2024-10-26 09:53:47,478] {logging_mixin.py:115} INFO - [2024-10-26 09:53:47,478] {dag.py:2927} INFO - Setting next_dagrun for example_time_delta_sensor_async to None, run_after=None
[2024-10-26 09:53:47,494] {processor.py:161} INFO - Processing /root/Documentos/airflow/venv/lib/python3.9/site-packages/airflow/example_dags/example_time_delta_sensor_async.py took 0.041 seconds
[2024-10-26 09:54:23,025] {processor.py:153} INFO - Started process (PID=5844) to work on /root/Documentos/airflow/venv/lib/python3.9/site-packages/airflow/example_dags/example_time_delta_sensor_async.py
[2024-10-26 09:54:23,032] {processor.py:641} INFO - Processing file /root/Documentos/airflow/venv/lib/python3.9/site-packages/airflow/example_dags/example_time_delta_sensor_async.py for tasks to queue
[2024-10-26 09:54:23,033] {logging_mixin.py:115} INFO - [2024-10-26 09:54:23,033] {dagbag.py:507} INFO - Filling up the DagBag from /root/Documentos/airflow/venv/lib/python3.9/site-packages/airflow/example_dags/example_time_delta_sensor_async.py
[2024-10-26 09:54:23,035] {processor.py:651} INFO - DAG(s) dict_keys(['example_time_delta_sensor_async']) retrieved from /root/Documentos/airflow/venv/lib/python3.9/site-packages/airflow/example_dags/example_time_delta_sensor_async.py
[2024-10-26 09:54:23,047] {logging_mixin.py:115} INFO - [2024-10-26 09:54:23,047] {dag.py:2379} INFO - Sync 1 DAGs
[2024-10-26 09:54:23,056] {logging_mixin.py:115} INFO - [2024-10-26 09:54:23,056] {dag.py:2927} INFO - Setting next_dagrun for example_time_delta_sensor_async to None, run_after=None
[2024-10-26 09:54:23,073] {processor.py:161} INFO - Processing /root/Documentos/airflow/venv/lib/python3.9/site-packages/airflow/example_dags/example_time_delta_sensor_async.py took 0.050 seconds
[2024-10-26 09:54:59,113] {processor.py:153} INFO - Started process (PID=6017) to work on /root/Documentos/airflow/venv/lib/python3.9/site-packages/airflow/example_dags/example_time_delta_sensor_async.py
[2024-10-26 09:54:59,114] {processor.py:641} INFO - Processing file /root/Documentos/airflow/venv/lib/python3.9/site-packages/airflow/example_dags/example_time_delta_sensor_async.py for tasks to queue
[2024-10-26 09:54:59,114] {logging_mixin.py:115} INFO - [2024-10-26 09:54:59,114] {dagbag.py:507} INFO - Filling up the DagBag from /root/Documentos/airflow/venv/lib/python3.9/site-packages/airflow/example_dags/example_time_delta_sensor_async.py
[2024-10-26 09:54:59,116] {processor.py:651} INFO - DAG(s) dict_keys(['example_time_delta_sensor_async']) retrieved from /root/Documentos/airflow/venv/lib/python3.9/site-packages/airflow/example_dags/example_time_delta_sensor_async.py
[2024-10-26 09:54:59,128] {logging_mixin.py:115} INFO - [2024-10-26 09:54:59,128] {dag.py:2379} INFO - Sync 1 DAGs
[2024-10-26 09:54:59,137] {logging_mixin.py:115} INFO - [2024-10-26 09:54:59,137] {dag.py:2927} INFO - Setting next_dagrun for example_time_delta_sensor_async to None, run_after=None
[2024-10-26 09:54:59,151] {processor.py:161} INFO - Processing /root/Documentos/airflow/venv/lib/python3.9/site-packages/airflow/example_dags/example_time_delta_sensor_async.py took 0.040 seconds
