[2024-10-26 09:24:47,496] {processor.py:153} INFO - Started process (PID=10223) to work on /root/Documentos/airflow/venv/lib/python3.9/site-packages/airflow/example_dags/example_short_circuit_operator.py
[2024-10-26 09:24:47,496] {processor.py:641} INFO - Processing file /root/Documentos/airflow/venv/lib/python3.9/site-packages/airflow/example_dags/example_short_circuit_operator.py for tasks to queue
[2024-10-26 09:24:47,497] {logging_mixin.py:115} INFO - [2024-10-26 09:24:47,497] {dagbag.py:507} INFO - Filling up the DagBag from /root/Documentos/airflow/venv/lib/python3.9/site-packages/airflow/example_dags/example_short_circuit_operator.py
[2024-10-26 09:24:47,501] {processor.py:651} INFO - DAG(s) dict_keys(['example_short_circuit_operator']) retrieved from /root/Documentos/airflow/venv/lib/python3.9/site-packages/airflow/example_dags/example_short_circuit_operator.py
[2024-10-26 09:24:47,548] {logging_mixin.py:115} INFO - [2024-10-26 09:24:47,548] {manager.py:508} INFO - Created Permission View: can edit on DAG:example_short_circuit_operator
[2024-10-26 09:24:47,558] {logging_mixin.py:115} INFO - [2024-10-26 09:24:47,558] {manager.py:508} INFO - Created Permission View: can read on DAG:example_short_circuit_operator
[2024-10-26 09:24:47,567] {logging_mixin.py:115} INFO - [2024-10-26 09:24:47,567] {manager.py:508} INFO - Created Permission View: can delete on DAG:example_short_circuit_operator
[2024-10-26 09:24:47,567] {logging_mixin.py:115} INFO - [2024-10-26 09:24:47,567] {dag.py:2379} INFO - Sync 1 DAGs
[2024-10-26 09:24:47,572] {logging_mixin.py:115} INFO - [2024-10-26 09:24:47,572] {dag.py:2398} INFO - Creating ORM DAG for example_short_circuit_operator
[2024-10-26 09:24:47,577] {logging_mixin.py:115} INFO - [2024-10-26 09:24:47,577] {dag.py:2927} INFO - Setting next_dagrun for example_short_circuit_operator to 2024-10-25T12:24:47.577217+00:00, run_after=2024-10-26T12:24:47.577217+00:00
[2024-10-26 09:24:47,593] {processor.py:161} INFO - Processing /root/Documentos/airflow/venv/lib/python3.9/site-packages/airflow/example_dags/example_short_circuit_operator.py took 0.098 seconds
[2024-10-26 09:25:23,697] {processor.py:153} INFO - Started process (PID=10397) to work on /root/Documentos/airflow/venv/lib/python3.9/site-packages/airflow/example_dags/example_short_circuit_operator.py
[2024-10-26 09:25:23,702] {processor.py:641} INFO - Processing file /root/Documentos/airflow/venv/lib/python3.9/site-packages/airflow/example_dags/example_short_circuit_operator.py for tasks to queue
[2024-10-26 09:25:23,702] {logging_mixin.py:115} INFO - [2024-10-26 09:25:23,702] {dagbag.py:507} INFO - Filling up the DagBag from /root/Documentos/airflow/venv/lib/python3.9/site-packages/airflow/example_dags/example_short_circuit_operator.py
[2024-10-26 09:25:23,706] {processor.py:651} INFO - DAG(s) dict_keys(['example_short_circuit_operator']) retrieved from /root/Documentos/airflow/venv/lib/python3.9/site-packages/airflow/example_dags/example_short_circuit_operator.py
[2024-10-26 09:25:23,715] {logging_mixin.py:115} INFO - [2024-10-26 09:25:23,715] {dag.py:2379} INFO - Sync 1 DAGs
[2024-10-26 09:25:23,726] {logging_mixin.py:115} INFO - [2024-10-26 09:25:23,726] {dag.py:2927} INFO - Setting next_dagrun for example_short_circuit_operator to 2024-10-25T12:25:23.726090+00:00, run_after=2024-10-26T12:25:23.726090+00:00
[2024-10-26 09:25:23,738] {processor.py:161} INFO - Processing /root/Documentos/airflow/venv/lib/python3.9/site-packages/airflow/example_dags/example_short_circuit_operator.py took 0.043 seconds
[2024-10-26 09:25:55,290] {processor.py:153} INFO - Started process (PID=10551) to work on /root/Documentos/airflow/venv/lib/python3.9/site-packages/airflow/example_dags/example_short_circuit_operator.py
[2024-10-26 09:25:55,295] {processor.py:641} INFO - Processing file /root/Documentos/airflow/venv/lib/python3.9/site-packages/airflow/example_dags/example_short_circuit_operator.py for tasks to queue
[2024-10-26 09:25:55,295] {logging_mixin.py:115} INFO - [2024-10-26 09:25:55,295] {dagbag.py:507} INFO - Filling up the DagBag from /root/Documentos/airflow/venv/lib/python3.9/site-packages/airflow/example_dags/example_short_circuit_operator.py
[2024-10-26 09:25:55,301] {processor.py:651} INFO - DAG(s) dict_keys(['example_short_circuit_operator']) retrieved from /root/Documentos/airflow/venv/lib/python3.9/site-packages/airflow/example_dags/example_short_circuit_operator.py
[2024-10-26 09:25:55,310] {logging_mixin.py:115} INFO - [2024-10-26 09:25:55,310] {dag.py:2379} INFO - Sync 1 DAGs
[2024-10-26 09:25:55,321] {logging_mixin.py:115} INFO - [2024-10-26 09:25:55,321] {dag.py:2927} INFO - Setting next_dagrun for example_short_circuit_operator to 2024-10-25T12:25:55.321327+00:00, run_after=2024-10-26T12:25:55.321327+00:00
[2024-10-26 09:25:55,335] {processor.py:161} INFO - Processing /root/Documentos/airflow/venv/lib/python3.9/site-packages/airflow/example_dags/example_short_circuit_operator.py took 0.046 seconds
[2024-10-26 09:26:29,796] {processor.py:153} INFO - Started process (PID=10717) to work on /root/Documentos/airflow/venv/lib/python3.9/site-packages/airflow/example_dags/example_short_circuit_operator.py
[2024-10-26 09:26:29,803] {processor.py:641} INFO - Processing file /root/Documentos/airflow/venv/lib/python3.9/site-packages/airflow/example_dags/example_short_circuit_operator.py for tasks to queue
[2024-10-26 09:26:29,803] {logging_mixin.py:115} INFO - [2024-10-26 09:26:29,803] {dagbag.py:507} INFO - Filling up the DagBag from /root/Documentos/airflow/venv/lib/python3.9/site-packages/airflow/example_dags/example_short_circuit_operator.py
[2024-10-26 09:26:29,807] {processor.py:651} INFO - DAG(s) dict_keys(['example_short_circuit_operator']) retrieved from /root/Documentos/airflow/venv/lib/python3.9/site-packages/airflow/example_dags/example_short_circuit_operator.py
[2024-10-26 09:26:29,816] {logging_mixin.py:115} INFO - [2024-10-26 09:26:29,816] {dag.py:2379} INFO - Sync 1 DAGs
[2024-10-26 09:26:29,827] {logging_mixin.py:115} INFO - [2024-10-26 09:26:29,827] {dag.py:2927} INFO - Setting next_dagrun for example_short_circuit_operator to 2024-10-25T12:26:29.826922+00:00, run_after=2024-10-26T12:26:29.826922+00:00
[2024-10-26 09:26:29,839] {processor.py:161} INFO - Processing /root/Documentos/airflow/venv/lib/python3.9/site-packages/airflow/example_dags/example_short_circuit_operator.py took 0.044 seconds
[2024-10-26 09:27:01,716] {processor.py:153} INFO - Started process (PID=10873) to work on /root/Documentos/airflow/venv/lib/python3.9/site-packages/airflow/example_dags/example_short_circuit_operator.py
[2024-10-26 09:27:01,720] {processor.py:641} INFO - Processing file /root/Documentos/airflow/venv/lib/python3.9/site-packages/airflow/example_dags/example_short_circuit_operator.py for tasks to queue
[2024-10-26 09:27:01,721] {logging_mixin.py:115} INFO - [2024-10-26 09:27:01,721] {dagbag.py:507} INFO - Filling up the DagBag from /root/Documentos/airflow/venv/lib/python3.9/site-packages/airflow/example_dags/example_short_circuit_operator.py
[2024-10-26 09:27:01,725] {processor.py:651} INFO - DAG(s) dict_keys(['example_short_circuit_operator']) retrieved from /root/Documentos/airflow/venv/lib/python3.9/site-packages/airflow/example_dags/example_short_circuit_operator.py
[2024-10-26 09:27:01,734] {logging_mixin.py:115} INFO - [2024-10-26 09:27:01,734] {dag.py:2379} INFO - Sync 1 DAGs
[2024-10-26 09:27:01,744] {logging_mixin.py:115} INFO - [2024-10-26 09:27:01,744] {dag.py:2927} INFO - Setting next_dagrun for example_short_circuit_operator to 2024-10-25T12:27:01.744738+00:00, run_after=2024-10-26T12:27:01.744738+00:00
[2024-10-26 09:27:01,758] {processor.py:161} INFO - Processing /root/Documentos/airflow/venv/lib/python3.9/site-packages/airflow/example_dags/example_short_circuit_operator.py took 0.043 seconds
[2024-10-26 09:27:35,117] {processor.py:153} INFO - Started process (PID=11035) to work on /root/Documentos/airflow/venv/lib/python3.9/site-packages/airflow/example_dags/example_short_circuit_operator.py
[2024-10-26 09:27:35,124] {processor.py:641} INFO - Processing file /root/Documentos/airflow/venv/lib/python3.9/site-packages/airflow/example_dags/example_short_circuit_operator.py for tasks to queue
[2024-10-26 09:27:35,125] {logging_mixin.py:115} INFO - [2024-10-26 09:27:35,125] {dagbag.py:507} INFO - Filling up the DagBag from /root/Documentos/airflow/venv/lib/python3.9/site-packages/airflow/example_dags/example_short_circuit_operator.py
[2024-10-26 09:27:35,129] {processor.py:651} INFO - DAG(s) dict_keys(['example_short_circuit_operator']) retrieved from /root/Documentos/airflow/venv/lib/python3.9/site-packages/airflow/example_dags/example_short_circuit_operator.py
[2024-10-26 09:27:35,139] {logging_mixin.py:115} INFO - [2024-10-26 09:27:35,139] {dag.py:2379} INFO - Sync 1 DAGs
[2024-10-26 09:27:35,150] {logging_mixin.py:115} INFO - [2024-10-26 09:27:35,150] {dag.py:2927} INFO - Setting next_dagrun for example_short_circuit_operator to 2024-10-25T12:27:35.150127+00:00, run_after=2024-10-26T12:27:35.150127+00:00
[2024-10-26 09:27:35,163] {processor.py:161} INFO - Processing /root/Documentos/airflow/venv/lib/python3.9/site-packages/airflow/example_dags/example_short_circuit_operator.py took 0.047 seconds
[2024-10-26 09:28:09,706] {processor.py:153} INFO - Started process (PID=11208) to work on /root/Documentos/airflow/venv/lib/python3.9/site-packages/airflow/example_dags/example_short_circuit_operator.py
[2024-10-26 09:28:09,714] {processor.py:641} INFO - Processing file /root/Documentos/airflow/venv/lib/python3.9/site-packages/airflow/example_dags/example_short_circuit_operator.py for tasks to queue
[2024-10-26 09:28:09,714] {logging_mixin.py:115} INFO - [2024-10-26 09:28:09,714] {dagbag.py:507} INFO - Filling up the DagBag from /root/Documentos/airflow/venv/lib/python3.9/site-packages/airflow/example_dags/example_short_circuit_operator.py
[2024-10-26 09:28:09,718] {processor.py:651} INFO - DAG(s) dict_keys(['example_short_circuit_operator']) retrieved from /root/Documentos/airflow/venv/lib/python3.9/site-packages/airflow/example_dags/example_short_circuit_operator.py
[2024-10-26 09:28:09,727] {logging_mixin.py:115} INFO - [2024-10-26 09:28:09,727] {dag.py:2379} INFO - Sync 1 DAGs
[2024-10-26 09:28:09,738] {logging_mixin.py:115} INFO - [2024-10-26 09:28:09,738] {dag.py:2927} INFO - Setting next_dagrun for example_short_circuit_operator to 2024-10-25T12:28:09.738350+00:00, run_after=2024-10-26T12:28:09.738350+00:00
[2024-10-26 09:28:09,751] {processor.py:161} INFO - Processing /root/Documentos/airflow/venv/lib/python3.9/site-packages/airflow/example_dags/example_short_circuit_operator.py took 0.046 seconds
[2024-10-26 09:28:42,436] {processor.py:153} INFO - Started process (PID=11372) to work on /root/Documentos/airflow/venv/lib/python3.9/site-packages/airflow/example_dags/example_short_circuit_operator.py
[2024-10-26 09:28:42,441] {processor.py:641} INFO - Processing file /root/Documentos/airflow/venv/lib/python3.9/site-packages/airflow/example_dags/example_short_circuit_operator.py for tasks to queue
[2024-10-26 09:28:42,441] {logging_mixin.py:115} INFO - [2024-10-26 09:28:42,441] {dagbag.py:507} INFO - Filling up the DagBag from /root/Documentos/airflow/venv/lib/python3.9/site-packages/airflow/example_dags/example_short_circuit_operator.py
[2024-10-26 09:28:42,446] {processor.py:651} INFO - DAG(s) dict_keys(['example_short_circuit_operator']) retrieved from /root/Documentos/airflow/venv/lib/python3.9/site-packages/airflow/example_dags/example_short_circuit_operator.py
[2024-10-26 09:28:42,455] {logging_mixin.py:115} INFO - [2024-10-26 09:28:42,455] {dag.py:2379} INFO - Sync 1 DAGs
[2024-10-26 09:28:42,466] {logging_mixin.py:115} INFO - [2024-10-26 09:28:42,466] {dag.py:2927} INFO - Setting next_dagrun for example_short_circuit_operator to 2024-10-25T12:28:42.466700+00:00, run_after=2024-10-26T12:28:42.466700+00:00
[2024-10-26 09:28:42,478] {processor.py:161} INFO - Processing /root/Documentos/airflow/venv/lib/python3.9/site-packages/airflow/example_dags/example_short_circuit_operator.py took 0.044 seconds
[2024-10-26 09:38:04,180] {processor.py:153} INFO - Started process (PID=1015) to work on /root/Documentos/airflow/venv/lib/python3.9/site-packages/airflow/example_dags/example_short_circuit_operator.py
[2024-10-26 09:38:04,181] {processor.py:641} INFO - Processing file /root/Documentos/airflow/venv/lib/python3.9/site-packages/airflow/example_dags/example_short_circuit_operator.py for tasks to queue
[2024-10-26 09:38:04,181] {logging_mixin.py:115} INFO - [2024-10-26 09:38:04,181] {dagbag.py:507} INFO - Filling up the DagBag from /root/Documentos/airflow/venv/lib/python3.9/site-packages/airflow/example_dags/example_short_circuit_operator.py
[2024-10-26 09:38:04,187] {processor.py:651} INFO - DAG(s) dict_keys(['example_short_circuit_operator']) retrieved from /root/Documentos/airflow/venv/lib/python3.9/site-packages/airflow/example_dags/example_short_circuit_operator.py
[2024-10-26 09:38:04,197] {logging_mixin.py:115} INFO - [2024-10-26 09:38:04,196] {dag.py:2379} INFO - Sync 1 DAGs
[2024-10-26 09:38:04,208] {logging_mixin.py:115} INFO - [2024-10-26 09:38:04,207] {dag.py:2927} INFO - Setting next_dagrun for example_short_circuit_operator to 2024-10-25T12:38:04.207823+00:00, run_after=2024-10-26T12:38:04.207823+00:00
[2024-10-26 09:38:04,222] {processor.py:161} INFO - Processing /root/Documentos/airflow/venv/lib/python3.9/site-packages/airflow/example_dags/example_short_circuit_operator.py took 0.043 seconds
[2024-10-26 09:38:35,679] {processor.py:153} INFO - Started process (PID=1172) to work on /root/Documentos/airflow/venv/lib/python3.9/site-packages/airflow/example_dags/example_short_circuit_operator.py
[2024-10-26 09:38:35,686] {processor.py:641} INFO - Processing file /root/Documentos/airflow/venv/lib/python3.9/site-packages/airflow/example_dags/example_short_circuit_operator.py for tasks to queue
[2024-10-26 09:38:35,687] {logging_mixin.py:115} INFO - [2024-10-26 09:38:35,687] {dagbag.py:507} INFO - Filling up the DagBag from /root/Documentos/airflow/venv/lib/python3.9/site-packages/airflow/example_dags/example_short_circuit_operator.py
[2024-10-26 09:38:35,691] {processor.py:651} INFO - DAG(s) dict_keys(['example_short_circuit_operator']) retrieved from /root/Documentos/airflow/venv/lib/python3.9/site-packages/airflow/example_dags/example_short_circuit_operator.py
[2024-10-26 09:38:35,700] {logging_mixin.py:115} INFO - [2024-10-26 09:38:35,700] {dag.py:2379} INFO - Sync 1 DAGs
[2024-10-26 09:38:35,711] {logging_mixin.py:115} INFO - [2024-10-26 09:38:35,711] {dag.py:2927} INFO - Setting next_dagrun for example_short_circuit_operator to 2024-10-25T12:38:35.711072+00:00, run_after=2024-10-26T12:38:35.711072+00:00
[2024-10-26 09:38:35,723] {processor.py:161} INFO - Processing /root/Documentos/airflow/venv/lib/python3.9/site-packages/airflow/example_dags/example_short_circuit_operator.py took 0.045 seconds
[2024-10-26 09:39:10,016] {processor.py:153} INFO - Started process (PID=1341) to work on /root/Documentos/airflow/venv/lib/python3.9/site-packages/airflow/example_dags/example_short_circuit_operator.py
[2024-10-26 09:39:10,021] {processor.py:641} INFO - Processing file /root/Documentos/airflow/venv/lib/python3.9/site-packages/airflow/example_dags/example_short_circuit_operator.py for tasks to queue
[2024-10-26 09:39:10,022] {logging_mixin.py:115} INFO - [2024-10-26 09:39:10,022] {dagbag.py:507} INFO - Filling up the DagBag from /root/Documentos/airflow/venv/lib/python3.9/site-packages/airflow/example_dags/example_short_circuit_operator.py
[2024-10-26 09:39:10,026] {processor.py:651} INFO - DAG(s) dict_keys(['example_short_circuit_operator']) retrieved from /root/Documentos/airflow/venv/lib/python3.9/site-packages/airflow/example_dags/example_short_circuit_operator.py
[2024-10-26 09:39:10,036] {logging_mixin.py:115} INFO - [2024-10-26 09:39:10,035] {dag.py:2379} INFO - Sync 1 DAGs
[2024-10-26 09:39:10,047] {logging_mixin.py:115} INFO - [2024-10-26 09:39:10,047] {dag.py:2927} INFO - Setting next_dagrun for example_short_circuit_operator to 2024-10-25T12:39:10.047777+00:00, run_after=2024-10-26T12:39:10.047777+00:00
[2024-10-26 09:39:10,062] {processor.py:161} INFO - Processing /root/Documentos/airflow/venv/lib/python3.9/site-packages/airflow/example_dags/example_short_circuit_operator.py took 0.048 seconds
[2024-10-26 09:39:42,689] {processor.py:153} INFO - Started process (PID=1500) to work on /root/Documentos/airflow/venv/lib/python3.9/site-packages/airflow/example_dags/example_short_circuit_operator.py
[2024-10-26 09:39:42,697] {processor.py:641} INFO - Processing file /root/Documentos/airflow/venv/lib/python3.9/site-packages/airflow/example_dags/example_short_circuit_operator.py for tasks to queue
[2024-10-26 09:39:42,697] {logging_mixin.py:115} INFO - [2024-10-26 09:39:42,697] {dagbag.py:507} INFO - Filling up the DagBag from /root/Documentos/airflow/venv/lib/python3.9/site-packages/airflow/example_dags/example_short_circuit_operator.py
[2024-10-26 09:39:42,701] {processor.py:651} INFO - DAG(s) dict_keys(['example_short_circuit_operator']) retrieved from /root/Documentos/airflow/venv/lib/python3.9/site-packages/airflow/example_dags/example_short_circuit_operator.py
[2024-10-26 09:39:42,710] {logging_mixin.py:115} INFO - [2024-10-26 09:39:42,710] {dag.py:2379} INFO - Sync 1 DAGs
[2024-10-26 09:39:42,720] {logging_mixin.py:115} INFO - [2024-10-26 09:39:42,720] {dag.py:2927} INFO - Setting next_dagrun for example_short_circuit_operator to 2024-10-25T12:39:42.720721+00:00, run_after=2024-10-26T12:39:42.720721+00:00
[2024-10-26 09:39:42,733] {processor.py:161} INFO - Processing /root/Documentos/airflow/venv/lib/python3.9/site-packages/airflow/example_dags/example_short_circuit_operator.py took 0.045 seconds
[2024-10-26 09:40:17,118] {processor.py:153} INFO - Started process (PID=1666) to work on /root/Documentos/airflow/venv/lib/python3.9/site-packages/airflow/example_dags/example_short_circuit_operator.py
[2024-10-26 09:40:17,123] {processor.py:641} INFO - Processing file /root/Documentos/airflow/venv/lib/python3.9/site-packages/airflow/example_dags/example_short_circuit_operator.py for tasks to queue
[2024-10-26 09:40:17,124] {logging_mixin.py:115} INFO - [2024-10-26 09:40:17,124] {dagbag.py:507} INFO - Filling up the DagBag from /root/Documentos/airflow/venv/lib/python3.9/site-packages/airflow/example_dags/example_short_circuit_operator.py
[2024-10-26 09:40:17,128] {processor.py:651} INFO - DAG(s) dict_keys(['example_short_circuit_operator']) retrieved from /root/Documentos/airflow/venv/lib/python3.9/site-packages/airflow/example_dags/example_short_circuit_operator.py
[2024-10-26 09:40:17,138] {logging_mixin.py:115} INFO - [2024-10-26 09:40:17,137] {dag.py:2379} INFO - Sync 1 DAGs
[2024-10-26 09:40:17,149] {logging_mixin.py:115} INFO - [2024-10-26 09:40:17,149] {dag.py:2927} INFO - Setting next_dagrun for example_short_circuit_operator to 2024-10-25T12:40:17.149565+00:00, run_after=2024-10-26T12:40:17.149565+00:00
[2024-10-26 09:40:17,162] {processor.py:161} INFO - Processing /root/Documentos/airflow/venv/lib/python3.9/site-packages/airflow/example_dags/example_short_circuit_operator.py took 0.045 seconds
[2024-10-26 09:40:51,462] {processor.py:153} INFO - Started process (PID=1832) to work on /root/Documentos/airflow/venv/lib/python3.9/site-packages/airflow/example_dags/example_short_circuit_operator.py
[2024-10-26 09:40:51,465] {processor.py:641} INFO - Processing file /root/Documentos/airflow/venv/lib/python3.9/site-packages/airflow/example_dags/example_short_circuit_operator.py for tasks to queue
[2024-10-26 09:40:51,466] {logging_mixin.py:115} INFO - [2024-10-26 09:40:51,466] {dagbag.py:507} INFO - Filling up the DagBag from /root/Documentos/airflow/venv/lib/python3.9/site-packages/airflow/example_dags/example_short_circuit_operator.py
[2024-10-26 09:40:51,470] {processor.py:651} INFO - DAG(s) dict_keys(['example_short_circuit_operator']) retrieved from /root/Documentos/airflow/venv/lib/python3.9/site-packages/airflow/example_dags/example_short_circuit_operator.py
[2024-10-26 09:40:51,479] {logging_mixin.py:115} INFO - [2024-10-26 09:40:51,479] {dag.py:2379} INFO - Sync 1 DAGs
[2024-10-26 09:40:51,490] {logging_mixin.py:115} INFO - [2024-10-26 09:40:51,489] {dag.py:2927} INFO - Setting next_dagrun for example_short_circuit_operator to 2024-10-25T12:40:51.489776+00:00, run_after=2024-10-26T12:40:51.489776+00:00
[2024-10-26 09:40:51,504] {processor.py:161} INFO - Processing /root/Documentos/airflow/venv/lib/python3.9/site-packages/airflow/example_dags/example_short_circuit_operator.py took 0.044 seconds
[2024-10-26 09:41:23,764] {processor.py:153} INFO - Started process (PID=1990) to work on /root/Documentos/airflow/venv/lib/python3.9/site-packages/airflow/example_dags/example_short_circuit_operator.py
[2024-10-26 09:41:23,771] {processor.py:641} INFO - Processing file /root/Documentos/airflow/venv/lib/python3.9/site-packages/airflow/example_dags/example_short_circuit_operator.py for tasks to queue
[2024-10-26 09:41:23,772] {logging_mixin.py:115} INFO - [2024-10-26 09:41:23,772] {dagbag.py:507} INFO - Filling up the DagBag from /root/Documentos/airflow/venv/lib/python3.9/site-packages/airflow/example_dags/example_short_circuit_operator.py
[2024-10-26 09:41:23,776] {processor.py:651} INFO - DAG(s) dict_keys(['example_short_circuit_operator']) retrieved from /root/Documentos/airflow/venv/lib/python3.9/site-packages/airflow/example_dags/example_short_circuit_operator.py
[2024-10-26 09:41:23,785] {logging_mixin.py:115} INFO - [2024-10-26 09:41:23,785] {dag.py:2379} INFO - Sync 1 DAGs
[2024-10-26 09:41:23,795] {logging_mixin.py:115} INFO - [2024-10-26 09:41:23,795] {dag.py:2927} INFO - Setting next_dagrun for example_short_circuit_operator to 2024-10-25T12:41:23.795518+00:00, run_after=2024-10-26T12:41:23.795518+00:00
[2024-10-26 09:41:23,809] {processor.py:161} INFO - Processing /root/Documentos/airflow/venv/lib/python3.9/site-packages/airflow/example_dags/example_short_circuit_operator.py took 0.046 seconds
[2024-10-26 09:42:00,418] {processor.py:153} INFO - Started process (PID=2165) to work on /root/Documentos/airflow/venv/lib/python3.9/site-packages/airflow/example_dags/example_short_circuit_operator.py
[2024-10-26 09:42:00,423] {processor.py:641} INFO - Processing file /root/Documentos/airflow/venv/lib/python3.9/site-packages/airflow/example_dags/example_short_circuit_operator.py for tasks to queue
[2024-10-26 09:42:00,423] {logging_mixin.py:115} INFO - [2024-10-26 09:42:00,423] {dagbag.py:507} INFO - Filling up the DagBag from /root/Documentos/airflow/venv/lib/python3.9/site-packages/airflow/example_dags/example_short_circuit_operator.py
[2024-10-26 09:42:00,428] {processor.py:651} INFO - DAG(s) dict_keys(['example_short_circuit_operator']) retrieved from /root/Documentos/airflow/venv/lib/python3.9/site-packages/airflow/example_dags/example_short_circuit_operator.py
[2024-10-26 09:42:00,437] {logging_mixin.py:115} INFO - [2024-10-26 09:42:00,437] {dag.py:2379} INFO - Sync 1 DAGs
[2024-10-26 09:42:00,449] {logging_mixin.py:115} INFO - [2024-10-26 09:42:00,448] {dag.py:2927} INFO - Setting next_dagrun for example_short_circuit_operator to 2024-10-25T12:42:00.448834+00:00, run_after=2024-10-26T12:42:00.448834+00:00
[2024-10-26 09:42:00,460] {processor.py:161} INFO - Processing /root/Documentos/airflow/venv/lib/python3.9/site-packages/airflow/example_dags/example_short_circuit_operator.py took 0.044 seconds
[2024-10-26 09:42:34,690] {processor.py:153} INFO - Started process (PID=2331) to work on /root/Documentos/airflow/venv/lib/python3.9/site-packages/airflow/example_dags/example_short_circuit_operator.py
[2024-10-26 09:42:34,691] {processor.py:641} INFO - Processing file /root/Documentos/airflow/venv/lib/python3.9/site-packages/airflow/example_dags/example_short_circuit_operator.py for tasks to queue
[2024-10-26 09:42:34,692] {logging_mixin.py:115} INFO - [2024-10-26 09:42:34,692] {dagbag.py:507} INFO - Filling up the DagBag from /root/Documentos/airflow/venv/lib/python3.9/site-packages/airflow/example_dags/example_short_circuit_operator.py
[2024-10-26 09:42:34,696] {processor.py:651} INFO - DAG(s) dict_keys(['example_short_circuit_operator']) retrieved from /root/Documentos/airflow/venv/lib/python3.9/site-packages/airflow/example_dags/example_short_circuit_operator.py
[2024-10-26 09:42:34,705] {logging_mixin.py:115} INFO - [2024-10-26 09:42:34,705] {dag.py:2379} INFO - Sync 1 DAGs
[2024-10-26 09:42:34,716] {logging_mixin.py:115} INFO - [2024-10-26 09:42:34,716] {dag.py:2927} INFO - Setting next_dagrun for example_short_circuit_operator to 2024-10-25T12:42:34.715978+00:00, run_after=2024-10-26T12:42:34.715978+00:00
[2024-10-26 09:42:34,727] {processor.py:161} INFO - Processing /root/Documentos/airflow/venv/lib/python3.9/site-packages/airflow/example_dags/example_short_circuit_operator.py took 0.039 seconds
[2024-10-26 09:43:06,138] {processor.py:153} INFO - Started process (PID=2485) to work on /root/Documentos/airflow/venv/lib/python3.9/site-packages/airflow/example_dags/example_short_circuit_operator.py
[2024-10-26 09:43:06,138] {processor.py:641} INFO - Processing file /root/Documentos/airflow/venv/lib/python3.9/site-packages/airflow/example_dags/example_short_circuit_operator.py for tasks to queue
[2024-10-26 09:43:06,138] {logging_mixin.py:115} INFO - [2024-10-26 09:43:06,138] {dagbag.py:507} INFO - Filling up the DagBag from /root/Documentos/airflow/venv/lib/python3.9/site-packages/airflow/example_dags/example_short_circuit_operator.py
[2024-10-26 09:43:06,142] {processor.py:651} INFO - DAG(s) dict_keys(['example_short_circuit_operator']) retrieved from /root/Documentos/airflow/venv/lib/python3.9/site-packages/airflow/example_dags/example_short_circuit_operator.py
[2024-10-26 09:43:06,151] {logging_mixin.py:115} INFO - [2024-10-26 09:43:06,151] {dag.py:2379} INFO - Sync 1 DAGs
[2024-10-26 09:43:06,162] {logging_mixin.py:115} INFO - [2024-10-26 09:43:06,162] {dag.py:2927} INFO - Setting next_dagrun for example_short_circuit_operator to 2024-10-25T12:43:06.162155+00:00, run_after=2024-10-26T12:43:06.162155+00:00
[2024-10-26 09:43:06,175] {processor.py:161} INFO - Processing /root/Documentos/airflow/venv/lib/python3.9/site-packages/airflow/example_dags/example_short_circuit_operator.py took 0.038 seconds
[2024-10-26 09:43:40,655] {processor.py:153} INFO - Started process (PID=2651) to work on /root/Documentos/airflow/venv/lib/python3.9/site-packages/airflow/example_dags/example_short_circuit_operator.py
[2024-10-26 09:43:40,660] {processor.py:641} INFO - Processing file /root/Documentos/airflow/venv/lib/python3.9/site-packages/airflow/example_dags/example_short_circuit_operator.py for tasks to queue
[2024-10-26 09:43:40,661] {logging_mixin.py:115} INFO - [2024-10-26 09:43:40,660] {dagbag.py:507} INFO - Filling up the DagBag from /root/Documentos/airflow/venv/lib/python3.9/site-packages/airflow/example_dags/example_short_circuit_operator.py
[2024-10-26 09:43:40,665] {processor.py:651} INFO - DAG(s) dict_keys(['example_short_circuit_operator']) retrieved from /root/Documentos/airflow/venv/lib/python3.9/site-packages/airflow/example_dags/example_short_circuit_operator.py
[2024-10-26 09:43:40,674] {logging_mixin.py:115} INFO - [2024-10-26 09:43:40,674] {dag.py:2379} INFO - Sync 1 DAGs
[2024-10-26 09:43:40,685] {logging_mixin.py:115} INFO - [2024-10-26 09:43:40,685] {dag.py:2927} INFO - Setting next_dagrun for example_short_circuit_operator to 2024-10-25T12:43:40.684920+00:00, run_after=2024-10-26T12:43:40.684920+00:00
[2024-10-26 09:43:40,699] {processor.py:161} INFO - Processing /root/Documentos/airflow/venv/lib/python3.9/site-packages/airflow/example_dags/example_short_circuit_operator.py took 0.045 seconds
[2024-10-26 09:44:14,341] {processor.py:153} INFO - Started process (PID=2815) to work on /root/Documentos/airflow/venv/lib/python3.9/site-packages/airflow/example_dags/example_short_circuit_operator.py
[2024-10-26 09:44:14,346] {processor.py:641} INFO - Processing file /root/Documentos/airflow/venv/lib/python3.9/site-packages/airflow/example_dags/example_short_circuit_operator.py for tasks to queue
[2024-10-26 09:44:14,346] {logging_mixin.py:115} INFO - [2024-10-26 09:44:14,346] {dagbag.py:507} INFO - Filling up the DagBag from /root/Documentos/airflow/venv/lib/python3.9/site-packages/airflow/example_dags/example_short_circuit_operator.py
[2024-10-26 09:44:14,351] {processor.py:651} INFO - DAG(s) dict_keys(['example_short_circuit_operator']) retrieved from /root/Documentos/airflow/venv/lib/python3.9/site-packages/airflow/example_dags/example_short_circuit_operator.py
[2024-10-26 09:44:14,360] {logging_mixin.py:115} INFO - [2024-10-26 09:44:14,359] {dag.py:2379} INFO - Sync 1 DAGs
[2024-10-26 09:44:14,370] {logging_mixin.py:115} INFO - [2024-10-26 09:44:14,370] {dag.py:2927} INFO - Setting next_dagrun for example_short_circuit_operator to 2024-10-25T12:44:14.370350+00:00, run_after=2024-10-26T12:44:14.370350+00:00
[2024-10-26 09:44:14,383] {processor.py:161} INFO - Processing /root/Documentos/airflow/venv/lib/python3.9/site-packages/airflow/example_dags/example_short_circuit_operator.py took 0.044 seconds
[2024-10-26 09:44:48,160] {processor.py:153} INFO - Started process (PID=2979) to work on /root/Documentos/airflow/venv/lib/python3.9/site-packages/airflow/example_dags/example_short_circuit_operator.py
[2024-10-26 09:44:48,161] {processor.py:641} INFO - Processing file /root/Documentos/airflow/venv/lib/python3.9/site-packages/airflow/example_dags/example_short_circuit_operator.py for tasks to queue
[2024-10-26 09:44:48,161] {logging_mixin.py:115} INFO - [2024-10-26 09:44:48,161] {dagbag.py:507} INFO - Filling up the DagBag from /root/Documentos/airflow/venv/lib/python3.9/site-packages/airflow/example_dags/example_short_circuit_operator.py
[2024-10-26 09:44:48,165] {processor.py:651} INFO - DAG(s) dict_keys(['example_short_circuit_operator']) retrieved from /root/Documentos/airflow/venv/lib/python3.9/site-packages/airflow/example_dags/example_short_circuit_operator.py
[2024-10-26 09:44:48,174] {logging_mixin.py:115} INFO - [2024-10-26 09:44:48,174] {dag.py:2379} INFO - Sync 1 DAGs
[2024-10-26 09:44:48,185] {logging_mixin.py:115} INFO - [2024-10-26 09:44:48,185] {dag.py:2927} INFO - Setting next_dagrun for example_short_circuit_operator to 2024-10-25T12:44:48.184922+00:00, run_after=2024-10-26T12:44:48.184922+00:00
[2024-10-26 09:44:48,197] {processor.py:161} INFO - Processing /root/Documentos/airflow/venv/lib/python3.9/site-packages/airflow/example_dags/example_short_circuit_operator.py took 0.039 seconds
[2024-10-26 09:45:20,687] {processor.py:153} INFO - Started process (PID=3137) to work on /root/Documentos/airflow/venv/lib/python3.9/site-packages/airflow/example_dags/example_short_circuit_operator.py
[2024-10-26 09:45:20,688] {processor.py:641} INFO - Processing file /root/Documentos/airflow/venv/lib/python3.9/site-packages/airflow/example_dags/example_short_circuit_operator.py for tasks to queue
[2024-10-26 09:45:20,688] {logging_mixin.py:115} INFO - [2024-10-26 09:45:20,688] {dagbag.py:507} INFO - Filling up the DagBag from /root/Documentos/airflow/venv/lib/python3.9/site-packages/airflow/example_dags/example_short_circuit_operator.py
[2024-10-26 09:45:20,692] {processor.py:651} INFO - DAG(s) dict_keys(['example_short_circuit_operator']) retrieved from /root/Documentos/airflow/venv/lib/python3.9/site-packages/airflow/example_dags/example_short_circuit_operator.py
[2024-10-26 09:45:20,701] {logging_mixin.py:115} INFO - [2024-10-26 09:45:20,701] {dag.py:2379} INFO - Sync 1 DAGs
[2024-10-26 09:45:20,711] {logging_mixin.py:115} INFO - [2024-10-26 09:45:20,711] {dag.py:2927} INFO - Setting next_dagrun for example_short_circuit_operator to 2024-10-25T12:45:20.711287+00:00, run_after=2024-10-26T12:45:20.711287+00:00
[2024-10-26 09:45:20,725] {processor.py:161} INFO - Processing /root/Documentos/airflow/venv/lib/python3.9/site-packages/airflow/example_dags/example_short_circuit_operator.py took 0.038 seconds
[2024-10-26 09:45:55,210] {processor.py:153} INFO - Started process (PID=3302) to work on /root/Documentos/airflow/venv/lib/python3.9/site-packages/airflow/example_dags/example_short_circuit_operator.py
[2024-10-26 09:45:55,211] {processor.py:641} INFO - Processing file /root/Documentos/airflow/venv/lib/python3.9/site-packages/airflow/example_dags/example_short_circuit_operator.py for tasks to queue
[2024-10-26 09:45:55,212] {logging_mixin.py:115} INFO - [2024-10-26 09:45:55,212] {dagbag.py:507} INFO - Filling up the DagBag from /root/Documentos/airflow/venv/lib/python3.9/site-packages/airflow/example_dags/example_short_circuit_operator.py
[2024-10-26 09:45:55,216] {processor.py:651} INFO - DAG(s) dict_keys(['example_short_circuit_operator']) retrieved from /root/Documentos/airflow/venv/lib/python3.9/site-packages/airflow/example_dags/example_short_circuit_operator.py
[2024-10-26 09:45:55,224] {logging_mixin.py:115} INFO - [2024-10-26 09:45:55,224] {dag.py:2379} INFO - Sync 1 DAGs
[2024-10-26 09:45:55,235] {logging_mixin.py:115} INFO - [2024-10-26 09:45:55,235] {dag.py:2927} INFO - Setting next_dagrun for example_short_circuit_operator to 2024-10-25T12:45:55.235131+00:00, run_after=2024-10-26T12:45:55.235131+00:00
[2024-10-26 09:45:55,247] {processor.py:161} INFO - Processing /root/Documentos/airflow/venv/lib/python3.9/site-packages/airflow/example_dags/example_short_circuit_operator.py took 0.038 seconds
[2024-10-26 09:46:26,773] {processor.py:153} INFO - Started process (PID=3534) to work on /root/Documentos/airflow/venv/lib/python3.9/site-packages/airflow/example_dags/example_short_circuit_operator.py
[2024-10-26 09:46:26,777] {processor.py:641} INFO - Processing file /root/Documentos/airflow/venv/lib/python3.9/site-packages/airflow/example_dags/example_short_circuit_operator.py for tasks to queue
[2024-10-26 09:46:26,777] {logging_mixin.py:115} INFO - [2024-10-26 09:46:26,777] {dagbag.py:507} INFO - Filling up the DagBag from /root/Documentos/airflow/venv/lib/python3.9/site-packages/airflow/example_dags/example_short_circuit_operator.py
[2024-10-26 09:46:26,782] {processor.py:651} INFO - DAG(s) dict_keys(['example_short_circuit_operator']) retrieved from /root/Documentos/airflow/venv/lib/python3.9/site-packages/airflow/example_dags/example_short_circuit_operator.py
[2024-10-26 09:46:26,791] {logging_mixin.py:115} INFO - [2024-10-26 09:46:26,791] {dag.py:2379} INFO - Sync 1 DAGs
[2024-10-26 09:46:26,801] {logging_mixin.py:115} INFO - [2024-10-26 09:46:26,801] {dag.py:2927} INFO - Setting next_dagrun for example_short_circuit_operator to 2024-10-25T12:46:26.801453+00:00, run_after=2024-10-26T12:46:26.801453+00:00
[2024-10-26 09:46:26,814] {processor.py:161} INFO - Processing /root/Documentos/airflow/venv/lib/python3.9/site-packages/airflow/example_dags/example_short_circuit_operator.py took 0.043 seconds
[2024-10-26 09:47:01,795] {processor.py:153} INFO - Started process (PID=3703) to work on /root/Documentos/airflow/venv/lib/python3.9/site-packages/airflow/example_dags/example_short_circuit_operator.py
[2024-10-26 09:47:01,799] {processor.py:641} INFO - Processing file /root/Documentos/airflow/venv/lib/python3.9/site-packages/airflow/example_dags/example_short_circuit_operator.py for tasks to queue
[2024-10-26 09:47:01,800] {logging_mixin.py:115} INFO - [2024-10-26 09:47:01,800] {dagbag.py:507} INFO - Filling up the DagBag from /root/Documentos/airflow/venv/lib/python3.9/site-packages/airflow/example_dags/example_short_circuit_operator.py
[2024-10-26 09:47:01,804] {processor.py:651} INFO - DAG(s) dict_keys(['example_short_circuit_operator']) retrieved from /root/Documentos/airflow/venv/lib/python3.9/site-packages/airflow/example_dags/example_short_circuit_operator.py
[2024-10-26 09:47:01,813] {logging_mixin.py:115} INFO - [2024-10-26 09:47:01,813] {dag.py:2379} INFO - Sync 1 DAGs
[2024-10-26 09:47:01,823] {logging_mixin.py:115} INFO - [2024-10-26 09:47:01,823] {dag.py:2927} INFO - Setting next_dagrun for example_short_circuit_operator to 2024-10-25T12:47:01.823447+00:00, run_after=2024-10-26T12:47:01.823447+00:00
[2024-10-26 09:47:01,837] {processor.py:161} INFO - Processing /root/Documentos/airflow/venv/lib/python3.9/site-packages/airflow/example_dags/example_short_circuit_operator.py took 0.043 seconds
[2024-10-26 09:47:34,992] {processor.py:153} INFO - Started process (PID=3864) to work on /root/Documentos/airflow/venv/lib/python3.9/site-packages/airflow/example_dags/example_short_circuit_operator.py
[2024-10-26 09:47:34,998] {processor.py:641} INFO - Processing file /root/Documentos/airflow/venv/lib/python3.9/site-packages/airflow/example_dags/example_short_circuit_operator.py for tasks to queue
[2024-10-26 09:47:34,999] {logging_mixin.py:115} INFO - [2024-10-26 09:47:34,998] {dagbag.py:507} INFO - Filling up the DagBag from /root/Documentos/airflow/venv/lib/python3.9/site-packages/airflow/example_dags/example_short_circuit_operator.py
[2024-10-26 09:47:35,003] {processor.py:651} INFO - DAG(s) dict_keys(['example_short_circuit_operator']) retrieved from /root/Documentos/airflow/venv/lib/python3.9/site-packages/airflow/example_dags/example_short_circuit_operator.py
[2024-10-26 09:47:35,012] {logging_mixin.py:115} INFO - [2024-10-26 09:47:35,012] {dag.py:2379} INFO - Sync 1 DAGs
[2024-10-26 09:47:35,022] {logging_mixin.py:115} INFO - [2024-10-26 09:47:35,022] {dag.py:2927} INFO - Setting next_dagrun for example_short_circuit_operator to 2024-10-25T12:47:35.022256+00:00, run_after=2024-10-26T12:47:35.022256+00:00
[2024-10-26 09:47:35,037] {processor.py:161} INFO - Processing /root/Documentos/airflow/venv/lib/python3.9/site-packages/airflow/example_dags/example_short_circuit_operator.py took 0.046 seconds
[2024-10-26 09:48:07,519] {processor.py:153} INFO - Started process (PID=4029) to work on /root/Documentos/airflow/venv/lib/python3.9/site-packages/airflow/example_dags/example_short_circuit_operator.py
[2024-10-26 09:48:07,523] {processor.py:641} INFO - Processing file /root/Documentos/airflow/venv/lib/python3.9/site-packages/airflow/example_dags/example_short_circuit_operator.py for tasks to queue
[2024-10-26 09:48:07,523] {logging_mixin.py:115} INFO - [2024-10-26 09:48:07,523] {dagbag.py:507} INFO - Filling up the DagBag from /root/Documentos/airflow/venv/lib/python3.9/site-packages/airflow/example_dags/example_short_circuit_operator.py
[2024-10-26 09:48:07,528] {processor.py:651} INFO - DAG(s) dict_keys(['example_short_circuit_operator']) retrieved from /root/Documentos/airflow/venv/lib/python3.9/site-packages/airflow/example_dags/example_short_circuit_operator.py
[2024-10-26 09:48:07,537] {logging_mixin.py:115} INFO - [2024-10-26 09:48:07,537] {dag.py:2379} INFO - Sync 1 DAGs
[2024-10-26 09:48:07,547] {logging_mixin.py:115} INFO - [2024-10-26 09:48:07,547] {dag.py:2927} INFO - Setting next_dagrun for example_short_circuit_operator to 2024-10-25T12:48:07.547078+00:00, run_after=2024-10-26T12:48:07.547078+00:00
[2024-10-26 09:48:07,564] {processor.py:161} INFO - Processing /root/Documentos/airflow/venv/lib/python3.9/site-packages/airflow/example_dags/example_short_circuit_operator.py took 0.046 seconds
[2024-10-26 09:48:44,291] {processor.py:153} INFO - Started process (PID=4208) to work on /root/Documentos/airflow/venv/lib/python3.9/site-packages/airflow/example_dags/example_short_circuit_operator.py
[2024-10-26 09:48:44,294] {processor.py:641} INFO - Processing file /root/Documentos/airflow/venv/lib/python3.9/site-packages/airflow/example_dags/example_short_circuit_operator.py for tasks to queue
[2024-10-26 09:48:44,294] {logging_mixin.py:115} INFO - [2024-10-26 09:48:44,294] {dagbag.py:507} INFO - Filling up the DagBag from /root/Documentos/airflow/venv/lib/python3.9/site-packages/airflow/example_dags/example_short_circuit_operator.py
[2024-10-26 09:48:44,299] {processor.py:651} INFO - DAG(s) dict_keys(['example_short_circuit_operator']) retrieved from /root/Documentos/airflow/venv/lib/python3.9/site-packages/airflow/example_dags/example_short_circuit_operator.py
[2024-10-26 09:48:44,307] {logging_mixin.py:115} INFO - [2024-10-26 09:48:44,307] {dag.py:2379} INFO - Sync 1 DAGs
[2024-10-26 09:48:44,318] {logging_mixin.py:115} INFO - [2024-10-26 09:48:44,317] {dag.py:2927} INFO - Setting next_dagrun for example_short_circuit_operator to 2024-10-25T12:48:44.317841+00:00, run_after=2024-10-26T12:48:44.317841+00:00
[2024-10-26 09:48:44,334] {processor.py:161} INFO - Processing /root/Documentos/airflow/venv/lib/python3.9/site-packages/airflow/example_dags/example_short_circuit_operator.py took 0.044 seconds
[2024-10-26 09:49:16,944] {processor.py:153} INFO - Started process (PID=4367) to work on /root/Documentos/airflow/venv/lib/python3.9/site-packages/airflow/example_dags/example_short_circuit_operator.py
[2024-10-26 09:49:16,944] {processor.py:641} INFO - Processing file /root/Documentos/airflow/venv/lib/python3.9/site-packages/airflow/example_dags/example_short_circuit_operator.py for tasks to queue
[2024-10-26 09:49:16,944] {logging_mixin.py:115} INFO - [2024-10-26 09:49:16,944] {dagbag.py:507} INFO - Filling up the DagBag from /root/Documentos/airflow/venv/lib/python3.9/site-packages/airflow/example_dags/example_short_circuit_operator.py
[2024-10-26 09:49:16,948] {processor.py:651} INFO - DAG(s) dict_keys(['example_short_circuit_operator']) retrieved from /root/Documentos/airflow/venv/lib/python3.9/site-packages/airflow/example_dags/example_short_circuit_operator.py
[2024-10-26 09:49:16,957] {logging_mixin.py:115} INFO - [2024-10-26 09:49:16,957] {dag.py:2379} INFO - Sync 1 DAGs
[2024-10-26 09:49:16,967] {logging_mixin.py:115} INFO - [2024-10-26 09:49:16,967] {dag.py:2927} INFO - Setting next_dagrun for example_short_circuit_operator to 2024-10-25T12:49:16.967238+00:00, run_after=2024-10-26T12:49:16.967238+00:00
[2024-10-26 09:49:16,983] {processor.py:161} INFO - Processing /root/Documentos/airflow/venv/lib/python3.9/site-packages/airflow/example_dags/example_short_circuit_operator.py took 0.041 seconds
[2024-10-26 09:49:53,667] {processor.py:153} INFO - Started process (PID=4539) to work on /root/Documentos/airflow/venv/lib/python3.9/site-packages/airflow/example_dags/example_short_circuit_operator.py
[2024-10-26 09:49:53,672] {processor.py:641} INFO - Processing file /root/Documentos/airflow/venv/lib/python3.9/site-packages/airflow/example_dags/example_short_circuit_operator.py for tasks to queue
[2024-10-26 09:49:53,673] {logging_mixin.py:115} INFO - [2024-10-26 09:49:53,673] {dagbag.py:507} INFO - Filling up the DagBag from /root/Documentos/airflow/venv/lib/python3.9/site-packages/airflow/example_dags/example_short_circuit_operator.py
[2024-10-26 09:49:53,677] {processor.py:651} INFO - DAG(s) dict_keys(['example_short_circuit_operator']) retrieved from /root/Documentos/airflow/venv/lib/python3.9/site-packages/airflow/example_dags/example_short_circuit_operator.py
[2024-10-26 09:49:53,686] {logging_mixin.py:115} INFO - [2024-10-26 09:49:53,686] {dag.py:2379} INFO - Sync 1 DAGs
[2024-10-26 09:49:53,696] {logging_mixin.py:115} INFO - [2024-10-26 09:49:53,696] {dag.py:2927} INFO - Setting next_dagrun for example_short_circuit_operator to 2024-10-25T12:49:53.696159+00:00, run_after=2024-10-26T12:49:53.696159+00:00
[2024-10-26 09:49:53,713] {processor.py:161} INFO - Processing /root/Documentos/airflow/venv/lib/python3.9/site-packages/airflow/example_dags/example_short_circuit_operator.py took 0.047 seconds
[2024-10-26 09:50:26,660] {processor.py:153} INFO - Started process (PID=4699) to work on /root/Documentos/airflow/venv/lib/python3.9/site-packages/airflow/example_dags/example_short_circuit_operator.py
[2024-10-26 09:50:26,661] {processor.py:641} INFO - Processing file /root/Documentos/airflow/venv/lib/python3.9/site-packages/airflow/example_dags/example_short_circuit_operator.py for tasks to queue
[2024-10-26 09:50:26,661] {logging_mixin.py:115} INFO - [2024-10-26 09:50:26,661] {dagbag.py:507} INFO - Filling up the DagBag from /root/Documentos/airflow/venv/lib/python3.9/site-packages/airflow/example_dags/example_short_circuit_operator.py
[2024-10-26 09:50:26,665] {processor.py:651} INFO - DAG(s) dict_keys(['example_short_circuit_operator']) retrieved from /root/Documentos/airflow/venv/lib/python3.9/site-packages/airflow/example_dags/example_short_circuit_operator.py
[2024-10-26 09:50:26,674] {logging_mixin.py:115} INFO - [2024-10-26 09:50:26,674] {dag.py:2379} INFO - Sync 1 DAGs
[2024-10-26 09:50:26,685] {logging_mixin.py:115} INFO - [2024-10-26 09:50:26,684] {dag.py:2927} INFO - Setting next_dagrun for example_short_circuit_operator to 2024-10-25T12:50:26.684813+00:00, run_after=2024-10-26T12:50:26.684813+00:00
[2024-10-26 09:50:26,700] {processor.py:161} INFO - Processing /root/Documentos/airflow/venv/lib/python3.9/site-packages/airflow/example_dags/example_short_circuit_operator.py took 0.041 seconds
[2024-10-26 09:50:59,338] {processor.py:153} INFO - Started process (PID=4858) to work on /root/Documentos/airflow/venv/lib/python3.9/site-packages/airflow/example_dags/example_short_circuit_operator.py
[2024-10-26 09:50:59,341] {processor.py:641} INFO - Processing file /root/Documentos/airflow/venv/lib/python3.9/site-packages/airflow/example_dags/example_short_circuit_operator.py for tasks to queue
[2024-10-26 09:50:59,341] {logging_mixin.py:115} INFO - [2024-10-26 09:50:59,341] {dagbag.py:507} INFO - Filling up the DagBag from /root/Documentos/airflow/venv/lib/python3.9/site-packages/airflow/example_dags/example_short_circuit_operator.py
[2024-10-26 09:50:59,346] {processor.py:651} INFO - DAG(s) dict_keys(['example_short_circuit_operator']) retrieved from /root/Documentos/airflow/venv/lib/python3.9/site-packages/airflow/example_dags/example_short_circuit_operator.py
[2024-10-26 09:50:59,354] {logging_mixin.py:115} INFO - [2024-10-26 09:50:59,354] {dag.py:2379} INFO - Sync 1 DAGs
[2024-10-26 09:50:59,364] {logging_mixin.py:115} INFO - [2024-10-26 09:50:59,364] {dag.py:2927} INFO - Setting next_dagrun for example_short_circuit_operator to 2024-10-25T12:50:59.364756+00:00, run_after=2024-10-26T12:50:59.364756+00:00
[2024-10-26 09:50:59,381] {processor.py:161} INFO - Processing /root/Documentos/airflow/venv/lib/python3.9/site-packages/airflow/example_dags/example_short_circuit_operator.py took 0.045 seconds
[2024-10-26 09:51:32,012] {processor.py:153} INFO - Started process (PID=5016) to work on /root/Documentos/airflow/venv/lib/python3.9/site-packages/airflow/example_dags/example_short_circuit_operator.py
[2024-10-26 09:51:32,017] {processor.py:641} INFO - Processing file /root/Documentos/airflow/venv/lib/python3.9/site-packages/airflow/example_dags/example_short_circuit_operator.py for tasks to queue
[2024-10-26 09:51:32,018] {logging_mixin.py:115} INFO - [2024-10-26 09:51:32,018] {dagbag.py:507} INFO - Filling up the DagBag from /root/Documentos/airflow/venv/lib/python3.9/site-packages/airflow/example_dags/example_short_circuit_operator.py
[2024-10-26 09:51:32,022] {processor.py:651} INFO - DAG(s) dict_keys(['example_short_circuit_operator']) retrieved from /root/Documentos/airflow/venv/lib/python3.9/site-packages/airflow/example_dags/example_short_circuit_operator.py
[2024-10-26 09:51:32,031] {logging_mixin.py:115} INFO - [2024-10-26 09:51:32,031] {dag.py:2379} INFO - Sync 1 DAGs
[2024-10-26 09:51:32,041] {logging_mixin.py:115} INFO - [2024-10-26 09:51:32,041] {dag.py:2927} INFO - Setting next_dagrun for example_short_circuit_operator to 2024-10-25T12:51:32.041363+00:00, run_after=2024-10-26T12:51:32.041363+00:00
[2024-10-26 09:51:32,059] {processor.py:161} INFO - Processing /root/Documentos/airflow/venv/lib/python3.9/site-packages/airflow/example_dags/example_short_circuit_operator.py took 0.049 seconds
[2024-10-26 09:52:05,310] {processor.py:153} INFO - Started process (PID=5177) to work on /root/Documentos/airflow/venv/lib/python3.9/site-packages/airflow/example_dags/example_short_circuit_operator.py
[2024-10-26 09:52:05,311] {processor.py:641} INFO - Processing file /root/Documentos/airflow/venv/lib/python3.9/site-packages/airflow/example_dags/example_short_circuit_operator.py for tasks to queue
[2024-10-26 09:52:05,311] {logging_mixin.py:115} INFO - [2024-10-26 09:52:05,311] {dagbag.py:507} INFO - Filling up the DagBag from /root/Documentos/airflow/venv/lib/python3.9/site-packages/airflow/example_dags/example_short_circuit_operator.py
[2024-10-26 09:52:05,316] {processor.py:651} INFO - DAG(s) dict_keys(['example_short_circuit_operator']) retrieved from /root/Documentos/airflow/venv/lib/python3.9/site-packages/airflow/example_dags/example_short_circuit_operator.py
[2024-10-26 09:52:05,324] {logging_mixin.py:115} INFO - [2024-10-26 09:52:05,324] {dag.py:2379} INFO - Sync 1 DAGs
[2024-10-26 09:52:05,335] {logging_mixin.py:115} INFO - [2024-10-26 09:52:05,335] {dag.py:2927} INFO - Setting next_dagrun for example_short_circuit_operator to 2024-10-25T12:52:05.335031+00:00, run_after=2024-10-26T12:52:05.335031+00:00
[2024-10-26 09:52:05,349] {processor.py:161} INFO - Processing /root/Documentos/airflow/venv/lib/python3.9/site-packages/airflow/example_dags/example_short_circuit_operator.py took 0.041 seconds
[2024-10-26 09:52:35,689] {processor.py:153} INFO - Started process (PID=5329) to work on /root/Documentos/airflow/venv/lib/python3.9/site-packages/airflow/example_dags/example_short_circuit_operator.py
[2024-10-26 09:52:35,691] {processor.py:641} INFO - Processing file /root/Documentos/airflow/venv/lib/python3.9/site-packages/airflow/example_dags/example_short_circuit_operator.py for tasks to queue
[2024-10-26 09:52:35,691] {logging_mixin.py:115} INFO - [2024-10-26 09:52:35,691] {dagbag.py:507} INFO - Filling up the DagBag from /root/Documentos/airflow/venv/lib/python3.9/site-packages/airflow/example_dags/example_short_circuit_operator.py
[2024-10-26 09:52:35,696] {processor.py:651} INFO - DAG(s) dict_keys(['example_short_circuit_operator']) retrieved from /root/Documentos/airflow/venv/lib/python3.9/site-packages/airflow/example_dags/example_short_circuit_operator.py
[2024-10-26 09:52:35,705] {logging_mixin.py:115} INFO - [2024-10-26 09:52:35,705] {dag.py:2379} INFO - Sync 1 DAGs
[2024-10-26 09:52:35,715] {logging_mixin.py:115} INFO - [2024-10-26 09:52:35,715] {dag.py:2927} INFO - Setting next_dagrun for example_short_circuit_operator to 2024-10-25T12:52:35.715449+00:00, run_after=2024-10-26T12:52:35.715449+00:00
[2024-10-26 09:52:35,730] {processor.py:161} INFO - Processing /root/Documentos/airflow/venv/lib/python3.9/site-packages/airflow/example_dags/example_short_circuit_operator.py took 0.043 seconds
[2024-10-26 09:53:08,883] {processor.py:153} INFO - Started process (PID=5489) to work on /root/Documentos/airflow/venv/lib/python3.9/site-packages/airflow/example_dags/example_short_circuit_operator.py
[2024-10-26 09:53:08,883] {processor.py:641} INFO - Processing file /root/Documentos/airflow/venv/lib/python3.9/site-packages/airflow/example_dags/example_short_circuit_operator.py for tasks to queue
[2024-10-26 09:53:08,884] {logging_mixin.py:115} INFO - [2024-10-26 09:53:08,883] {dagbag.py:507} INFO - Filling up the DagBag from /root/Documentos/airflow/venv/lib/python3.9/site-packages/airflow/example_dags/example_short_circuit_operator.py
[2024-10-26 09:53:08,888] {processor.py:651} INFO - DAG(s) dict_keys(['example_short_circuit_operator']) retrieved from /root/Documentos/airflow/venv/lib/python3.9/site-packages/airflow/example_dags/example_short_circuit_operator.py
[2024-10-26 09:53:08,898] {logging_mixin.py:115} INFO - [2024-10-26 09:53:08,898] {dag.py:2379} INFO - Sync 1 DAGs
[2024-10-26 09:53:08,907] {logging_mixin.py:115} INFO - [2024-10-26 09:53:08,907] {dag.py:2927} INFO - Setting next_dagrun for example_short_circuit_operator to 2024-10-25T12:53:08.906962+00:00, run_after=2024-10-26T12:53:08.906962+00:00
[2024-10-26 09:53:08,924] {processor.py:161} INFO - Processing /root/Documentos/airflow/venv/lib/python3.9/site-packages/airflow/example_dags/example_short_circuit_operator.py took 0.042 seconds
[2024-10-26 09:53:42,697] {processor.py:153} INFO - Started process (PID=5652) to work on /root/Documentos/airflow/venv/lib/python3.9/site-packages/airflow/example_dags/example_short_circuit_operator.py
[2024-10-26 09:53:42,699] {processor.py:641} INFO - Processing file /root/Documentos/airflow/venv/lib/python3.9/site-packages/airflow/example_dags/example_short_circuit_operator.py for tasks to queue
[2024-10-26 09:53:42,699] {logging_mixin.py:115} INFO - [2024-10-26 09:53:42,699] {dagbag.py:507} INFO - Filling up the DagBag from /root/Documentos/airflow/venv/lib/python3.9/site-packages/airflow/example_dags/example_short_circuit_operator.py
[2024-10-26 09:53:42,703] {processor.py:651} INFO - DAG(s) dict_keys(['example_short_circuit_operator']) retrieved from /root/Documentos/airflow/venv/lib/python3.9/site-packages/airflow/example_dags/example_short_circuit_operator.py
[2024-10-26 09:53:42,713] {logging_mixin.py:115} INFO - [2024-10-26 09:53:42,713] {dag.py:2379} INFO - Sync 1 DAGs
[2024-10-26 09:53:42,722] {logging_mixin.py:115} INFO - [2024-10-26 09:53:42,722] {dag.py:2927} INFO - Setting next_dagrun for example_short_circuit_operator to 2024-10-25T12:53:42.722524+00:00, run_after=2024-10-26T12:53:42.722524+00:00
[2024-10-26 09:53:42,740] {processor.py:161} INFO - Processing /root/Documentos/airflow/venv/lib/python3.9/site-packages/airflow/example_dags/example_short_circuit_operator.py took 0.044 seconds
[2024-10-26 09:54:17,876] {processor.py:153} INFO - Started process (PID=5819) to work on /root/Documentos/airflow/venv/lib/python3.9/site-packages/airflow/example_dags/example_short_circuit_operator.py
[2024-10-26 09:54:17,881] {processor.py:641} INFO - Processing file /root/Documentos/airflow/venv/lib/python3.9/site-packages/airflow/example_dags/example_short_circuit_operator.py for tasks to queue
[2024-10-26 09:54:17,882] {logging_mixin.py:115} INFO - [2024-10-26 09:54:17,882] {dagbag.py:507} INFO - Filling up the DagBag from /root/Documentos/airflow/venv/lib/python3.9/site-packages/airflow/example_dags/example_short_circuit_operator.py
[2024-10-26 09:54:17,886] {processor.py:651} INFO - DAG(s) dict_keys(['example_short_circuit_operator']) retrieved from /root/Documentos/airflow/venv/lib/python3.9/site-packages/airflow/example_dags/example_short_circuit_operator.py
[2024-10-26 09:54:17,896] {logging_mixin.py:115} INFO - [2024-10-26 09:54:17,896] {dag.py:2379} INFO - Sync 1 DAGs
[2024-10-26 09:54:17,906] {logging_mixin.py:115} INFO - [2024-10-26 09:54:17,906] {dag.py:2927} INFO - Setting next_dagrun for example_short_circuit_operator to 2024-10-25T12:54:17.905825+00:00, run_after=2024-10-26T12:54:17.905825+00:00
[2024-10-26 09:54:17,922] {processor.py:161} INFO - Processing /root/Documentos/airflow/venv/lib/python3.9/site-packages/airflow/example_dags/example_short_circuit_operator.py took 0.047 seconds
[2024-10-26 09:54:53,471] {processor.py:153} INFO - Started process (PID=5990) to work on /root/Documentos/airflow/venv/lib/python3.9/site-packages/airflow/example_dags/example_short_circuit_operator.py
[2024-10-26 09:54:53,473] {processor.py:641} INFO - Processing file /root/Documentos/airflow/venv/lib/python3.9/site-packages/airflow/example_dags/example_short_circuit_operator.py for tasks to queue
[2024-10-26 09:54:53,474] {logging_mixin.py:115} INFO - [2024-10-26 09:54:53,474] {dagbag.py:507} INFO - Filling up the DagBag from /root/Documentos/airflow/venv/lib/python3.9/site-packages/airflow/example_dags/example_short_circuit_operator.py
[2024-10-26 09:54:53,479] {processor.py:651} INFO - DAG(s) dict_keys(['example_short_circuit_operator']) retrieved from /root/Documentos/airflow/venv/lib/python3.9/site-packages/airflow/example_dags/example_short_circuit_operator.py
[2024-10-26 09:54:53,491] {logging_mixin.py:115} INFO - [2024-10-26 09:54:53,490] {dag.py:2379} INFO - Sync 1 DAGs
[2024-10-26 09:54:53,500] {logging_mixin.py:115} INFO - [2024-10-26 09:54:53,500] {dag.py:2927} INFO - Setting next_dagrun for example_short_circuit_operator to 2024-10-25T12:54:53.499868+00:00, run_after=2024-10-26T12:54:53.499868+00:00
[2024-10-26 09:54:53,515] {processor.py:161} INFO - Processing /root/Documentos/airflow/venv/lib/python3.9/site-packages/airflow/example_dags/example_short_circuit_operator.py took 0.046 seconds
