[2024-10-26 09:24:48,638] {processor.py:153} INFO - Started process (PID=10229) to work on /root/Documentos/airflow/venv/lib/python3.9/site-packages/airflow/example_dags/example_branch_operator.py
[2024-10-26 09:24:48,638] {processor.py:641} INFO - Processing file /root/Documentos/airflow/venv/lib/python3.9/site-packages/airflow/example_dags/example_branch_operator.py for tasks to queue
[2024-10-26 09:24:48,638] {logging_mixin.py:115} INFO - [2024-10-26 09:24:48,638] {dagbag.py:507} INFO - Filling up the DagBag from /root/Documentos/airflow/venv/lib/python3.9/site-packages/airflow/example_dags/example_branch_operator.py
[2024-10-26 09:24:48,643] {processor.py:651} INFO - DAG(s) dict_keys(['example_branch_operator']) retrieved from /root/Documentos/airflow/venv/lib/python3.9/site-packages/airflow/example_dags/example_branch_operator.py
[2024-10-26 09:24:48,693] {logging_mixin.py:115} INFO - [2024-10-26 09:24:48,693] {manager.py:508} INFO - Created Permission View: can edit on DAG:example_branch_operator
[2024-10-26 09:24:48,703] {logging_mixin.py:115} INFO - [2024-10-26 09:24:48,703] {manager.py:508} INFO - Created Permission View: can read on DAG:example_branch_operator
[2024-10-26 09:24:48,712] {logging_mixin.py:115} INFO - [2024-10-26 09:24:48,712] {manager.py:508} INFO - Created Permission View: can delete on DAG:example_branch_operator
[2024-10-26 09:24:48,712] {logging_mixin.py:115} INFO - [2024-10-26 09:24:48,712] {dag.py:2379} INFO - Sync 1 DAGs
[2024-10-26 09:24:48,716] {logging_mixin.py:115} INFO - [2024-10-26 09:24:48,716] {dag.py:2398} INFO - Creating ORM DAG for example_branch_operator
[2024-10-26 09:24:48,722] {logging_mixin.py:115} INFO - [2024-10-26 09:24:48,722] {dag.py:2927} INFO - Setting next_dagrun for example_branch_operator to 2024-10-25T00:00:00+00:00, run_after=2024-10-26T00:00:00+00:00
[2024-10-26 09:24:48,737] {processor.py:161} INFO - Processing /root/Documentos/airflow/venv/lib/python3.9/site-packages/airflow/example_dags/example_branch_operator.py took 0.100 seconds
[2024-10-26 09:25:24,323] {processor.py:153} INFO - Started process (PID=10400) to work on /root/Documentos/airflow/venv/lib/python3.9/site-packages/airflow/example_dags/example_branch_operator.py
[2024-10-26 09:25:24,328] {processor.py:641} INFO - Processing file /root/Documentos/airflow/venv/lib/python3.9/site-packages/airflow/example_dags/example_branch_operator.py for tasks to queue
[2024-10-26 09:25:24,328] {logging_mixin.py:115} INFO - [2024-10-26 09:25:24,328] {dagbag.py:507} INFO - Filling up the DagBag from /root/Documentos/airflow/venv/lib/python3.9/site-packages/airflow/example_dags/example_branch_operator.py
[2024-10-26 09:25:24,333] {processor.py:651} INFO - DAG(s) dict_keys(['example_branch_operator']) retrieved from /root/Documentos/airflow/venv/lib/python3.9/site-packages/airflow/example_dags/example_branch_operator.py
[2024-10-26 09:25:24,342] {logging_mixin.py:115} INFO - [2024-10-26 09:25:24,342] {dag.py:2379} INFO - Sync 1 DAGs
[2024-10-26 09:25:24,353] {logging_mixin.py:115} INFO - [2024-10-26 09:25:24,353] {dag.py:2927} INFO - Setting next_dagrun for example_branch_operator to 2024-10-25T00:00:00+00:00, run_after=2024-10-26T00:00:00+00:00
[2024-10-26 09:25:24,366] {processor.py:161} INFO - Processing /root/Documentos/airflow/venv/lib/python3.9/site-packages/airflow/example_dags/example_branch_operator.py took 0.044 seconds
[2024-10-26 09:25:55,913] {processor.py:153} INFO - Started process (PID=10555) to work on /root/Documentos/airflow/venv/lib/python3.9/site-packages/airflow/example_dags/example_branch_operator.py
[2024-10-26 09:25:55,915] {processor.py:641} INFO - Processing file /root/Documentos/airflow/venv/lib/python3.9/site-packages/airflow/example_dags/example_branch_operator.py for tasks to queue
[2024-10-26 09:25:55,915] {logging_mixin.py:115} INFO - [2024-10-26 09:25:55,915] {dagbag.py:507} INFO - Filling up the DagBag from /root/Documentos/airflow/venv/lib/python3.9/site-packages/airflow/example_dags/example_branch_operator.py
[2024-10-26 09:25:55,921] {processor.py:651} INFO - DAG(s) dict_keys(['example_branch_operator']) retrieved from /root/Documentos/airflow/venv/lib/python3.9/site-packages/airflow/example_dags/example_branch_operator.py
[2024-10-26 09:25:55,930] {logging_mixin.py:115} INFO - [2024-10-26 09:25:55,930] {dag.py:2379} INFO - Sync 1 DAGs
[2024-10-26 09:25:55,941] {logging_mixin.py:115} INFO - [2024-10-26 09:25:55,941] {dag.py:2927} INFO - Setting next_dagrun for example_branch_operator to 2024-10-25T00:00:00+00:00, run_after=2024-10-26T00:00:00+00:00
[2024-10-26 09:25:55,956] {processor.py:161} INFO - Processing /root/Documentos/airflow/venv/lib/python3.9/site-packages/airflow/example_dags/example_branch_operator.py took 0.044 seconds
[2024-10-26 09:26:30,289] {processor.py:153} INFO - Started process (PID=10720) to work on /root/Documentos/airflow/venv/lib/python3.9/site-packages/airflow/example_dags/example_branch_operator.py
[2024-10-26 09:26:30,291] {processor.py:641} INFO - Processing file /root/Documentos/airflow/venv/lib/python3.9/site-packages/airflow/example_dags/example_branch_operator.py for tasks to queue
[2024-10-26 09:26:30,292] {logging_mixin.py:115} INFO - [2024-10-26 09:26:30,291] {dagbag.py:507} INFO - Filling up the DagBag from /root/Documentos/airflow/venv/lib/python3.9/site-packages/airflow/example_dags/example_branch_operator.py
[2024-10-26 09:26:30,296] {processor.py:651} INFO - DAG(s) dict_keys(['example_branch_operator']) retrieved from /root/Documentos/airflow/venv/lib/python3.9/site-packages/airflow/example_dags/example_branch_operator.py
[2024-10-26 09:26:30,305] {logging_mixin.py:115} INFO - [2024-10-26 09:26:30,305] {dag.py:2379} INFO - Sync 1 DAGs
[2024-10-26 09:26:30,316] {logging_mixin.py:115} INFO - [2024-10-26 09:26:30,316] {dag.py:2927} INFO - Setting next_dagrun for example_branch_operator to 2024-10-25T00:00:00+00:00, run_after=2024-10-26T00:00:00+00:00
[2024-10-26 09:26:30,328] {processor.py:161} INFO - Processing /root/Documentos/airflow/venv/lib/python3.9/site-packages/airflow/example_dags/example_branch_operator.py took 0.040 seconds
[2024-10-26 09:27:02,844] {processor.py:153} INFO - Started process (PID=10879) to work on /root/Documentos/airflow/venv/lib/python3.9/site-packages/airflow/example_dags/example_branch_operator.py
[2024-10-26 09:27:02,845] {processor.py:641} INFO - Processing file /root/Documentos/airflow/venv/lib/python3.9/site-packages/airflow/example_dags/example_branch_operator.py for tasks to queue
[2024-10-26 09:27:02,845] {logging_mixin.py:115} INFO - [2024-10-26 09:27:02,845] {dagbag.py:507} INFO - Filling up the DagBag from /root/Documentos/airflow/venv/lib/python3.9/site-packages/airflow/example_dags/example_branch_operator.py
[2024-10-26 09:27:02,850] {processor.py:651} INFO - DAG(s) dict_keys(['example_branch_operator']) retrieved from /root/Documentos/airflow/venv/lib/python3.9/site-packages/airflow/example_dags/example_branch_operator.py
[2024-10-26 09:27:02,858] {logging_mixin.py:115} INFO - [2024-10-26 09:27:02,858] {dag.py:2379} INFO - Sync 1 DAGs
[2024-10-26 09:27:02,870] {logging_mixin.py:115} INFO - [2024-10-26 09:27:02,870] {dag.py:2927} INFO - Setting next_dagrun for example_branch_operator to 2024-10-25T00:00:00+00:00, run_after=2024-10-26T00:00:00+00:00
[2024-10-26 09:27:02,882] {processor.py:161} INFO - Processing /root/Documentos/airflow/venv/lib/python3.9/site-packages/airflow/example_dags/example_branch_operator.py took 0.039 seconds
[2024-10-26 09:27:35,888] {processor.py:153} INFO - Started process (PID=11039) to work on /root/Documentos/airflow/venv/lib/python3.9/site-packages/airflow/example_dags/example_branch_operator.py
[2024-10-26 09:27:35,889] {processor.py:641} INFO - Processing file /root/Documentos/airflow/venv/lib/python3.9/site-packages/airflow/example_dags/example_branch_operator.py for tasks to queue
[2024-10-26 09:27:35,889] {logging_mixin.py:115} INFO - [2024-10-26 09:27:35,889] {dagbag.py:507} INFO - Filling up the DagBag from /root/Documentos/airflow/venv/lib/python3.9/site-packages/airflow/example_dags/example_branch_operator.py
[2024-10-26 09:27:35,894] {processor.py:651} INFO - DAG(s) dict_keys(['example_branch_operator']) retrieved from /root/Documentos/airflow/venv/lib/python3.9/site-packages/airflow/example_dags/example_branch_operator.py
[2024-10-26 09:27:35,903] {logging_mixin.py:115} INFO - [2024-10-26 09:27:35,903] {dag.py:2379} INFO - Sync 1 DAGs
[2024-10-26 09:27:35,914] {logging_mixin.py:115} INFO - [2024-10-26 09:27:35,914] {dag.py:2927} INFO - Setting next_dagrun for example_branch_operator to 2024-10-25T00:00:00+00:00, run_after=2024-10-26T00:00:00+00:00
[2024-10-26 09:27:35,927] {processor.py:161} INFO - Processing /root/Documentos/airflow/venv/lib/python3.9/site-packages/airflow/example_dags/example_branch_operator.py took 0.040 seconds
[2024-10-26 09:28:10,828] {processor.py:153} INFO - Started process (PID=11213) to work on /root/Documentos/airflow/venv/lib/python3.9/site-packages/airflow/example_dags/example_branch_operator.py
[2024-10-26 09:28:10,829] {processor.py:641} INFO - Processing file /root/Documentos/airflow/venv/lib/python3.9/site-packages/airflow/example_dags/example_branch_operator.py for tasks to queue
[2024-10-26 09:28:10,829] {logging_mixin.py:115} INFO - [2024-10-26 09:28:10,829] {dagbag.py:507} INFO - Filling up the DagBag from /root/Documentos/airflow/venv/lib/python3.9/site-packages/airflow/example_dags/example_branch_operator.py
[2024-10-26 09:28:10,834] {processor.py:651} INFO - DAG(s) dict_keys(['example_branch_operator']) retrieved from /root/Documentos/airflow/venv/lib/python3.9/site-packages/airflow/example_dags/example_branch_operator.py
[2024-10-26 09:28:10,843] {logging_mixin.py:115} INFO - [2024-10-26 09:28:10,843] {dag.py:2379} INFO - Sync 1 DAGs
[2024-10-26 09:28:10,855] {logging_mixin.py:115} INFO - [2024-10-26 09:28:10,855] {dag.py:2927} INFO - Setting next_dagrun for example_branch_operator to 2024-10-25T00:00:00+00:00, run_after=2024-10-26T00:00:00+00:00
[2024-10-26 09:28:10,866] {processor.py:161} INFO - Processing /root/Documentos/airflow/venv/lib/python3.9/site-packages/airflow/example_dags/example_branch_operator.py took 0.040 seconds
[2024-10-26 09:28:43,564] {processor.py:153} INFO - Started process (PID=11377) to work on /root/Documentos/airflow/venv/lib/python3.9/site-packages/airflow/example_dags/example_branch_operator.py
[2024-10-26 09:28:43,569] {processor.py:641} INFO - Processing file /root/Documentos/airflow/venv/lib/python3.9/site-packages/airflow/example_dags/example_branch_operator.py for tasks to queue
[2024-10-26 09:28:43,570] {logging_mixin.py:115} INFO - [2024-10-26 09:28:43,569] {dagbag.py:507} INFO - Filling up the DagBag from /root/Documentos/airflow/venv/lib/python3.9/site-packages/airflow/example_dags/example_branch_operator.py
[2024-10-26 09:28:43,575] {processor.py:651} INFO - DAG(s) dict_keys(['example_branch_operator']) retrieved from /root/Documentos/airflow/venv/lib/python3.9/site-packages/airflow/example_dags/example_branch_operator.py
[2024-10-26 09:28:43,583] {logging_mixin.py:115} INFO - [2024-10-26 09:28:43,583] {dag.py:2379} INFO - Sync 1 DAGs
[2024-10-26 09:28:43,594] {logging_mixin.py:115} INFO - [2024-10-26 09:28:43,594] {dag.py:2927} INFO - Setting next_dagrun for example_branch_operator to 2024-10-25T00:00:00+00:00, run_after=2024-10-26T00:00:00+00:00
[2024-10-26 09:28:43,609] {processor.py:161} INFO - Processing /root/Documentos/airflow/venv/lib/python3.9/site-packages/airflow/example_dags/example_branch_operator.py took 0.047 seconds
[2024-10-26 09:38:05,307] {processor.py:153} INFO - Started process (PID=1020) to work on /root/Documentos/airflow/venv/lib/python3.9/site-packages/airflow/example_dags/example_branch_operator.py
[2024-10-26 09:38:05,308] {processor.py:641} INFO - Processing file /root/Documentos/airflow/venv/lib/python3.9/site-packages/airflow/example_dags/example_branch_operator.py for tasks to queue
[2024-10-26 09:38:05,308] {logging_mixin.py:115} INFO - [2024-10-26 09:38:05,308] {dagbag.py:507} INFO - Filling up the DagBag from /root/Documentos/airflow/venv/lib/python3.9/site-packages/airflow/example_dags/example_branch_operator.py
[2024-10-26 09:38:05,314] {processor.py:651} INFO - DAG(s) dict_keys(['example_branch_operator']) retrieved from /root/Documentos/airflow/venv/lib/python3.9/site-packages/airflow/example_dags/example_branch_operator.py
[2024-10-26 09:38:05,322] {logging_mixin.py:115} INFO - [2024-10-26 09:38:05,322] {dag.py:2379} INFO - Sync 1 DAGs
[2024-10-26 09:38:05,334] {logging_mixin.py:115} INFO - [2024-10-26 09:38:05,334] {dag.py:2927} INFO - Setting next_dagrun for example_branch_operator to 2024-10-25T00:00:00+00:00, run_after=2024-10-26T00:00:00+00:00
[2024-10-26 09:38:05,346] {processor.py:161} INFO - Processing /root/Documentos/airflow/venv/lib/python3.9/site-packages/airflow/example_dags/example_branch_operator.py took 0.041 seconds
[2024-10-26 09:38:36,803] {processor.py:153} INFO - Started process (PID=1178) to work on /root/Documentos/airflow/venv/lib/python3.9/site-packages/airflow/example_dags/example_branch_operator.py
[2024-10-26 09:38:36,805] {processor.py:641} INFO - Processing file /root/Documentos/airflow/venv/lib/python3.9/site-packages/airflow/example_dags/example_branch_operator.py for tasks to queue
[2024-10-26 09:38:36,805] {logging_mixin.py:115} INFO - [2024-10-26 09:38:36,805] {dagbag.py:507} INFO - Filling up the DagBag from /root/Documentos/airflow/venv/lib/python3.9/site-packages/airflow/example_dags/example_branch_operator.py
[2024-10-26 09:38:36,810] {processor.py:651} INFO - DAG(s) dict_keys(['example_branch_operator']) retrieved from /root/Documentos/airflow/venv/lib/python3.9/site-packages/airflow/example_dags/example_branch_operator.py
[2024-10-26 09:38:36,819] {logging_mixin.py:115} INFO - [2024-10-26 09:38:36,819] {dag.py:2379} INFO - Sync 1 DAGs
[2024-10-26 09:38:36,830] {logging_mixin.py:115} INFO - [2024-10-26 09:38:36,830] {dag.py:2927} INFO - Setting next_dagrun for example_branch_operator to 2024-10-25T00:00:00+00:00, run_after=2024-10-26T00:00:00+00:00
[2024-10-26 09:38:36,843] {processor.py:161} INFO - Processing /root/Documentos/airflow/venv/lib/python3.9/site-packages/airflow/example_dags/example_branch_operator.py took 0.041 seconds
[2024-10-26 09:39:11,140] {processor.py:153} INFO - Started process (PID=1346) to work on /root/Documentos/airflow/venv/lib/python3.9/site-packages/airflow/example_dags/example_branch_operator.py
[2024-10-26 09:39:11,145] {processor.py:641} INFO - Processing file /root/Documentos/airflow/venv/lib/python3.9/site-packages/airflow/example_dags/example_branch_operator.py for tasks to queue
[2024-10-26 09:39:11,146] {logging_mixin.py:115} INFO - [2024-10-26 09:39:11,146] {dagbag.py:507} INFO - Filling up the DagBag from /root/Documentos/airflow/venv/lib/python3.9/site-packages/airflow/example_dags/example_branch_operator.py
[2024-10-26 09:39:11,150] {processor.py:651} INFO - DAG(s) dict_keys(['example_branch_operator']) retrieved from /root/Documentos/airflow/venv/lib/python3.9/site-packages/airflow/example_dags/example_branch_operator.py
[2024-10-26 09:39:11,159] {logging_mixin.py:115} INFO - [2024-10-26 09:39:11,159] {dag.py:2379} INFO - Sync 1 DAGs
[2024-10-26 09:39:11,170] {logging_mixin.py:115} INFO - [2024-10-26 09:39:11,170] {dag.py:2927} INFO - Setting next_dagrun for example_branch_operator to 2024-10-25T00:00:00+00:00, run_after=2024-10-26T00:00:00+00:00
[2024-10-26 09:39:11,183] {processor.py:161} INFO - Processing /root/Documentos/airflow/venv/lib/python3.9/site-packages/airflow/example_dags/example_branch_operator.py took 0.044 seconds
[2024-10-26 09:39:43,813] {processor.py:153} INFO - Started process (PID=1506) to work on /root/Documentos/airflow/venv/lib/python3.9/site-packages/airflow/example_dags/example_branch_operator.py
[2024-10-26 09:39:43,820] {processor.py:641} INFO - Processing file /root/Documentos/airflow/venv/lib/python3.9/site-packages/airflow/example_dags/example_branch_operator.py for tasks to queue
[2024-10-26 09:39:43,821] {logging_mixin.py:115} INFO - [2024-10-26 09:39:43,821] {dagbag.py:507} INFO - Filling up the DagBag from /root/Documentos/airflow/venv/lib/python3.9/site-packages/airflow/example_dags/example_branch_operator.py
[2024-10-26 09:39:43,825] {processor.py:651} INFO - DAG(s) dict_keys(['example_branch_operator']) retrieved from /root/Documentos/airflow/venv/lib/python3.9/site-packages/airflow/example_dags/example_branch_operator.py
[2024-10-26 09:39:43,834] {logging_mixin.py:115} INFO - [2024-10-26 09:39:43,834] {dag.py:2379} INFO - Sync 1 DAGs
[2024-10-26 09:39:43,845] {logging_mixin.py:115} INFO - [2024-10-26 09:39:43,845] {dag.py:2927} INFO - Setting next_dagrun for example_branch_operator to 2024-10-25T00:00:00+00:00, run_after=2024-10-26T00:00:00+00:00
[2024-10-26 09:39:43,857] {processor.py:161} INFO - Processing /root/Documentos/airflow/venv/lib/python3.9/site-packages/airflow/example_dags/example_branch_operator.py took 0.045 seconds
[2024-10-26 09:40:18,257] {processor.py:153} INFO - Started process (PID=1672) to work on /root/Documentos/airflow/venv/lib/python3.9/site-packages/airflow/example_dags/example_branch_operator.py
[2024-10-26 09:40:18,262] {processor.py:641} INFO - Processing file /root/Documentos/airflow/venv/lib/python3.9/site-packages/airflow/example_dags/example_branch_operator.py for tasks to queue
[2024-10-26 09:40:18,263] {logging_mixin.py:115} INFO - [2024-10-26 09:40:18,263] {dagbag.py:507} INFO - Filling up the DagBag from /root/Documentos/airflow/venv/lib/python3.9/site-packages/airflow/example_dags/example_branch_operator.py
[2024-10-26 09:40:18,268] {processor.py:651} INFO - DAG(s) dict_keys(['example_branch_operator']) retrieved from /root/Documentos/airflow/venv/lib/python3.9/site-packages/airflow/example_dags/example_branch_operator.py
[2024-10-26 09:40:18,276] {logging_mixin.py:115} INFO - [2024-10-26 09:40:18,276] {dag.py:2379} INFO - Sync 1 DAGs
[2024-10-26 09:40:18,287] {logging_mixin.py:115} INFO - [2024-10-26 09:40:18,287] {dag.py:2927} INFO - Setting next_dagrun for example_branch_operator to 2024-10-25T00:00:00+00:00, run_after=2024-10-26T00:00:00+00:00
[2024-10-26 09:40:18,299] {processor.py:161} INFO - Processing /root/Documentos/airflow/venv/lib/python3.9/site-packages/airflow/example_dags/example_branch_operator.py took 0.043 seconds
[2024-10-26 09:40:52,589] {processor.py:153} INFO - Started process (PID=1837) to work on /root/Documentos/airflow/venv/lib/python3.9/site-packages/airflow/example_dags/example_branch_operator.py
[2024-10-26 09:40:52,596] {processor.py:641} INFO - Processing file /root/Documentos/airflow/venv/lib/python3.9/site-packages/airflow/example_dags/example_branch_operator.py for tasks to queue
[2024-10-26 09:40:52,597] {logging_mixin.py:115} INFO - [2024-10-26 09:40:52,597] {dagbag.py:507} INFO - Filling up the DagBag from /root/Documentos/airflow/venv/lib/python3.9/site-packages/airflow/example_dags/example_branch_operator.py
[2024-10-26 09:40:52,602] {processor.py:651} INFO - DAG(s) dict_keys(['example_branch_operator']) retrieved from /root/Documentos/airflow/venv/lib/python3.9/site-packages/airflow/example_dags/example_branch_operator.py
[2024-10-26 09:40:52,610] {logging_mixin.py:115} INFO - [2024-10-26 09:40:52,610] {dag.py:2379} INFO - Sync 1 DAGs
[2024-10-26 09:40:52,621] {logging_mixin.py:115} INFO - [2024-10-26 09:40:52,621] {dag.py:2927} INFO - Setting next_dagrun for example_branch_operator to 2024-10-25T00:00:00+00:00, run_after=2024-10-26T00:00:00+00:00
[2024-10-26 09:40:52,634] {processor.py:161} INFO - Processing /root/Documentos/airflow/venv/lib/python3.9/site-packages/airflow/example_dags/example_branch_operator.py took 0.047 seconds
[2024-10-26 09:41:24,890] {processor.py:153} INFO - Started process (PID=1995) to work on /root/Documentos/airflow/venv/lib/python3.9/site-packages/airflow/example_dags/example_branch_operator.py
[2024-10-26 09:41:24,892] {processor.py:641} INFO - Processing file /root/Documentos/airflow/venv/lib/python3.9/site-packages/airflow/example_dags/example_branch_operator.py for tasks to queue
[2024-10-26 09:41:24,892] {logging_mixin.py:115} INFO - [2024-10-26 09:41:24,892] {dagbag.py:507} INFO - Filling up the DagBag from /root/Documentos/airflow/venv/lib/python3.9/site-packages/airflow/example_dags/example_branch_operator.py
[2024-10-26 09:41:24,897] {processor.py:651} INFO - DAG(s) dict_keys(['example_branch_operator']) retrieved from /root/Documentos/airflow/venv/lib/python3.9/site-packages/airflow/example_dags/example_branch_operator.py
[2024-10-26 09:41:24,906] {logging_mixin.py:115} INFO - [2024-10-26 09:41:24,905] {dag.py:2379} INFO - Sync 1 DAGs
[2024-10-26 09:41:24,917] {logging_mixin.py:115} INFO - [2024-10-26 09:41:24,917] {dag.py:2927} INFO - Setting next_dagrun for example_branch_operator to 2024-10-25T00:00:00+00:00, run_after=2024-10-26T00:00:00+00:00
[2024-10-26 09:41:24,929] {processor.py:161} INFO - Processing /root/Documentos/airflow/venv/lib/python3.9/site-packages/airflow/example_dags/example_branch_operator.py took 0.040 seconds
[2024-10-26 09:42:01,543] {processor.py:153} INFO - Started process (PID=2171) to work on /root/Documentos/airflow/venv/lib/python3.9/site-packages/airflow/example_dags/example_branch_operator.py
[2024-10-26 09:42:01,550] {processor.py:641} INFO - Processing file /root/Documentos/airflow/venv/lib/python3.9/site-packages/airflow/example_dags/example_branch_operator.py for tasks to queue
[2024-10-26 09:42:01,550] {logging_mixin.py:115} INFO - [2024-10-26 09:42:01,550] {dagbag.py:507} INFO - Filling up the DagBag from /root/Documentos/airflow/venv/lib/python3.9/site-packages/airflow/example_dags/example_branch_operator.py
[2024-10-26 09:42:01,555] {processor.py:651} INFO - DAG(s) dict_keys(['example_branch_operator']) retrieved from /root/Documentos/airflow/venv/lib/python3.9/site-packages/airflow/example_dags/example_branch_operator.py
[2024-10-26 09:42:01,565] {logging_mixin.py:115} INFO - [2024-10-26 09:42:01,565] {dag.py:2379} INFO - Sync 1 DAGs
[2024-10-26 09:42:01,580] {logging_mixin.py:115} INFO - [2024-10-26 09:42:01,580] {dag.py:2927} INFO - Setting next_dagrun for example_branch_operator to 2024-10-25T00:00:00+00:00, run_after=2024-10-26T00:00:00+00:00
[2024-10-26 09:42:01,594] {processor.py:161} INFO - Processing /root/Documentos/airflow/venv/lib/python3.9/site-packages/airflow/example_dags/example_branch_operator.py took 0.052 seconds
[2024-10-26 09:42:34,976] {processor.py:153} INFO - Started process (PID=2333) to work on /root/Documentos/airflow/venv/lib/python3.9/site-packages/airflow/example_dags/example_branch_operator.py
[2024-10-26 09:42:34,976] {processor.py:641} INFO - Processing file /root/Documentos/airflow/venv/lib/python3.9/site-packages/airflow/example_dags/example_branch_operator.py for tasks to queue
[2024-10-26 09:42:34,977] {logging_mixin.py:115} INFO - [2024-10-26 09:42:34,977] {dagbag.py:507} INFO - Filling up the DagBag from /root/Documentos/airflow/venv/lib/python3.9/site-packages/airflow/example_dags/example_branch_operator.py
[2024-10-26 09:42:34,981] {processor.py:651} INFO - DAG(s) dict_keys(['example_branch_operator']) retrieved from /root/Documentos/airflow/venv/lib/python3.9/site-packages/airflow/example_dags/example_branch_operator.py
[2024-10-26 09:42:34,990] {logging_mixin.py:115} INFO - [2024-10-26 09:42:34,990] {dag.py:2379} INFO - Sync 1 DAGs
[2024-10-26 09:42:35,001] {logging_mixin.py:115} INFO - [2024-10-26 09:42:35,001] {dag.py:2927} INFO - Setting next_dagrun for example_branch_operator to 2024-10-25T00:00:00+00:00, run_after=2024-10-26T00:00:00+00:00
[2024-10-26 09:42:35,015] {processor.py:161} INFO - Processing /root/Documentos/airflow/venv/lib/python3.9/site-packages/airflow/example_dags/example_branch_operator.py took 0.040 seconds
[2024-10-26 09:43:08,389] {processor.py:153} INFO - Started process (PID=2496) to work on /root/Documentos/airflow/venv/lib/python3.9/site-packages/airflow/example_dags/example_branch_operator.py
[2024-10-26 09:43:08,391] {processor.py:641} INFO - Processing file /root/Documentos/airflow/venv/lib/python3.9/site-packages/airflow/example_dags/example_branch_operator.py for tasks to queue
[2024-10-26 09:43:08,392] {logging_mixin.py:115} INFO - [2024-10-26 09:43:08,391] {dagbag.py:507} INFO - Filling up the DagBag from /root/Documentos/airflow/venv/lib/python3.9/site-packages/airflow/example_dags/example_branch_operator.py
[2024-10-26 09:43:08,396] {processor.py:651} INFO - DAG(s) dict_keys(['example_branch_operator']) retrieved from /root/Documentos/airflow/venv/lib/python3.9/site-packages/airflow/example_dags/example_branch_operator.py
[2024-10-26 09:43:08,405] {logging_mixin.py:115} INFO - [2024-10-26 09:43:08,405] {dag.py:2379} INFO - Sync 1 DAGs
[2024-10-26 09:43:08,416] {logging_mixin.py:115} INFO - [2024-10-26 09:43:08,416] {dag.py:2927} INFO - Setting next_dagrun for example_branch_operator to 2024-10-25T00:00:00+00:00, run_after=2024-10-26T00:00:00+00:00
[2024-10-26 09:43:08,432] {processor.py:161} INFO - Processing /root/Documentos/airflow/venv/lib/python3.9/site-packages/airflow/example_dags/example_branch_operator.py took 0.044 seconds
[2024-10-26 09:43:41,755] {processor.py:153} INFO - Started process (PID=2657) to work on /root/Documentos/airflow/venv/lib/python3.9/site-packages/airflow/example_dags/example_branch_operator.py
[2024-10-26 09:43:41,756] {processor.py:641} INFO - Processing file /root/Documentos/airflow/venv/lib/python3.9/site-packages/airflow/example_dags/example_branch_operator.py for tasks to queue
[2024-10-26 09:43:41,757] {logging_mixin.py:115} INFO - [2024-10-26 09:43:41,757] {dagbag.py:507} INFO - Filling up the DagBag from /root/Documentos/airflow/venv/lib/python3.9/site-packages/airflow/example_dags/example_branch_operator.py
[2024-10-26 09:43:41,762] {processor.py:651} INFO - DAG(s) dict_keys(['example_branch_operator']) retrieved from /root/Documentos/airflow/venv/lib/python3.9/site-packages/airflow/example_dags/example_branch_operator.py
[2024-10-26 09:43:41,770] {logging_mixin.py:115} INFO - [2024-10-26 09:43:41,770] {dag.py:2379} INFO - Sync 1 DAGs
[2024-10-26 09:43:41,782] {logging_mixin.py:115} INFO - [2024-10-26 09:43:41,782] {dag.py:2927} INFO - Setting next_dagrun for example_branch_operator to 2024-10-25T00:00:00+00:00, run_after=2024-10-26T00:00:00+00:00
[2024-10-26 09:43:41,793] {processor.py:161} INFO - Processing /root/Documentos/airflow/venv/lib/python3.9/site-packages/airflow/example_dags/example_branch_operator.py took 0.040 seconds
[2024-10-26 09:44:15,466] {processor.py:153} INFO - Started process (PID=2820) to work on /root/Documentos/airflow/venv/lib/python3.9/site-packages/airflow/example_dags/example_branch_operator.py
[2024-10-26 09:44:15,467] {processor.py:641} INFO - Processing file /root/Documentos/airflow/venv/lib/python3.9/site-packages/airflow/example_dags/example_branch_operator.py for tasks to queue
[2024-10-26 09:44:15,467] {logging_mixin.py:115} INFO - [2024-10-26 09:44:15,467] {dagbag.py:507} INFO - Filling up the DagBag from /root/Documentos/airflow/venv/lib/python3.9/site-packages/airflow/example_dags/example_branch_operator.py
[2024-10-26 09:44:15,472] {processor.py:651} INFO - DAG(s) dict_keys(['example_branch_operator']) retrieved from /root/Documentos/airflow/venv/lib/python3.9/site-packages/airflow/example_dags/example_branch_operator.py
[2024-10-26 09:44:15,481] {logging_mixin.py:115} INFO - [2024-10-26 09:44:15,481] {dag.py:2379} INFO - Sync 1 DAGs
[2024-10-26 09:44:15,492] {logging_mixin.py:115} INFO - [2024-10-26 09:44:15,492] {dag.py:2927} INFO - Setting next_dagrun for example_branch_operator to 2024-10-25T00:00:00+00:00, run_after=2024-10-26T00:00:00+00:00
[2024-10-26 09:44:15,504] {processor.py:161} INFO - Processing /root/Documentos/airflow/venv/lib/python3.9/site-packages/airflow/example_dags/example_branch_operator.py took 0.039 seconds
[2024-10-26 09:44:49,284] {processor.py:153} INFO - Started process (PID=2984) to work on /root/Documentos/airflow/venv/lib/python3.9/site-packages/airflow/example_dags/example_branch_operator.py
[2024-10-26 09:44:49,285] {processor.py:641} INFO - Processing file /root/Documentos/airflow/venv/lib/python3.9/site-packages/airflow/example_dags/example_branch_operator.py for tasks to queue
[2024-10-26 09:44:49,285] {logging_mixin.py:115} INFO - [2024-10-26 09:44:49,285] {dagbag.py:507} INFO - Filling up the DagBag from /root/Documentos/airflow/venv/lib/python3.9/site-packages/airflow/example_dags/example_branch_operator.py
[2024-10-26 09:44:49,290] {processor.py:651} INFO - DAG(s) dict_keys(['example_branch_operator']) retrieved from /root/Documentos/airflow/venv/lib/python3.9/site-packages/airflow/example_dags/example_branch_operator.py
[2024-10-26 09:44:49,299] {logging_mixin.py:115} INFO - [2024-10-26 09:44:49,299] {dag.py:2379} INFO - Sync 1 DAGs
[2024-10-26 09:44:49,311] {logging_mixin.py:115} INFO - [2024-10-26 09:44:49,311] {dag.py:2927} INFO - Setting next_dagrun for example_branch_operator to 2024-10-25T00:00:00+00:00, run_after=2024-10-26T00:00:00+00:00
[2024-10-26 09:44:49,323] {processor.py:161} INFO - Processing /root/Documentos/airflow/venv/lib/python3.9/site-packages/airflow/example_dags/example_branch_operator.py took 0.041 seconds
[2024-10-26 09:45:22,597] {processor.py:153} INFO - Started process (PID=3147) to work on /root/Documentos/airflow/venv/lib/python3.9/site-packages/airflow/example_dags/example_branch_operator.py
[2024-10-26 09:45:22,598] {processor.py:641} INFO - Processing file /root/Documentos/airflow/venv/lib/python3.9/site-packages/airflow/example_dags/example_branch_operator.py for tasks to queue
[2024-10-26 09:45:22,598] {logging_mixin.py:115} INFO - [2024-10-26 09:45:22,598] {dagbag.py:507} INFO - Filling up the DagBag from /root/Documentos/airflow/venv/lib/python3.9/site-packages/airflow/example_dags/example_branch_operator.py
[2024-10-26 09:45:22,603] {processor.py:651} INFO - DAG(s) dict_keys(['example_branch_operator']) retrieved from /root/Documentos/airflow/venv/lib/python3.9/site-packages/airflow/example_dags/example_branch_operator.py
[2024-10-26 09:45:22,611] {logging_mixin.py:115} INFO - [2024-10-26 09:45:22,611] {dag.py:2379} INFO - Sync 1 DAGs
[2024-10-26 09:45:22,622] {logging_mixin.py:115} INFO - [2024-10-26 09:45:22,622] {dag.py:2927} INFO - Setting next_dagrun for example_branch_operator to 2024-10-25T00:00:00+00:00, run_after=2024-10-26T00:00:00+00:00
[2024-10-26 09:45:22,636] {processor.py:161} INFO - Processing /root/Documentos/airflow/venv/lib/python3.9/site-packages/airflow/example_dags/example_branch_operator.py took 0.040 seconds
[2024-10-26 09:45:59,223] {processor.py:153} INFO - Started process (PID=3322) to work on /root/Documentos/airflow/venv/lib/python3.9/site-packages/airflow/example_dags/example_branch_operator.py
[2024-10-26 09:45:59,229] {processor.py:641} INFO - Processing file /root/Documentos/airflow/venv/lib/python3.9/site-packages/airflow/example_dags/example_branch_operator.py for tasks to queue
[2024-10-26 09:45:59,229] {logging_mixin.py:115} INFO - [2024-10-26 09:45:59,229] {dagbag.py:507} INFO - Filling up the DagBag from /root/Documentos/airflow/venv/lib/python3.9/site-packages/airflow/example_dags/example_branch_operator.py
[2024-10-26 09:45:59,234] {processor.py:651} INFO - DAG(s) dict_keys(['example_branch_operator']) retrieved from /root/Documentos/airflow/venv/lib/python3.9/site-packages/airflow/example_dags/example_branch_operator.py
[2024-10-26 09:45:59,243] {logging_mixin.py:115} INFO - [2024-10-26 09:45:59,242] {dag.py:2379} INFO - Sync 1 DAGs
[2024-10-26 09:45:59,254] {logging_mixin.py:115} INFO - [2024-10-26 09:45:59,254] {dag.py:2927} INFO - Setting next_dagrun for example_branch_operator to 2024-10-25T00:00:00+00:00, run_after=2024-10-26T00:00:00+00:00
[2024-10-26 09:45:59,268] {processor.py:161} INFO - Processing /root/Documentos/airflow/venv/lib/python3.9/site-packages/airflow/example_dags/example_branch_operator.py took 0.046 seconds
[2024-10-26 09:46:30,786] {processor.py:153} INFO - Started process (PID=3553) to work on /root/Documentos/airflow/venv/lib/python3.9/site-packages/airflow/example_dags/example_branch_operator.py
[2024-10-26 09:46:30,788] {processor.py:641} INFO - Processing file /root/Documentos/airflow/venv/lib/python3.9/site-packages/airflow/example_dags/example_branch_operator.py for tasks to queue
[2024-10-26 09:46:30,788] {logging_mixin.py:115} INFO - [2024-10-26 09:46:30,788] {dagbag.py:507} INFO - Filling up the DagBag from /root/Documentos/airflow/venv/lib/python3.9/site-packages/airflow/example_dags/example_branch_operator.py
[2024-10-26 09:46:30,794] {processor.py:651} INFO - DAG(s) dict_keys(['example_branch_operator']) retrieved from /root/Documentos/airflow/venv/lib/python3.9/site-packages/airflow/example_dags/example_branch_operator.py
[2024-10-26 09:46:30,803] {logging_mixin.py:115} INFO - [2024-10-26 09:46:30,803] {dag.py:2379} INFO - Sync 1 DAGs
[2024-10-26 09:46:30,814] {logging_mixin.py:115} INFO - [2024-10-26 09:46:30,814] {dag.py:2927} INFO - Setting next_dagrun for example_branch_operator to 2024-10-25T00:00:00+00:00, run_after=2024-10-26T00:00:00+00:00
[2024-10-26 09:46:30,827] {processor.py:161} INFO - Processing /root/Documentos/airflow/venv/lib/python3.9/site-packages/airflow/example_dags/example_branch_operator.py took 0.042 seconds
[2024-10-26 09:47:05,304] {processor.py:153} INFO - Started process (PID=3720) to work on /root/Documentos/airflow/venv/lib/python3.9/site-packages/airflow/example_dags/example_branch_operator.py
[2024-10-26 09:47:05,309] {processor.py:641} INFO - Processing file /root/Documentos/airflow/venv/lib/python3.9/site-packages/airflow/example_dags/example_branch_operator.py for tasks to queue
[2024-10-26 09:47:05,310] {logging_mixin.py:115} INFO - [2024-10-26 09:47:05,310] {dagbag.py:507} INFO - Filling up the DagBag from /root/Documentos/airflow/venv/lib/python3.9/site-packages/airflow/example_dags/example_branch_operator.py
[2024-10-26 09:47:05,315] {processor.py:651} INFO - DAG(s) dict_keys(['example_branch_operator']) retrieved from /root/Documentos/airflow/venv/lib/python3.9/site-packages/airflow/example_dags/example_branch_operator.py
[2024-10-26 09:47:05,323] {logging_mixin.py:115} INFO - [2024-10-26 09:47:05,323] {dag.py:2379} INFO - Sync 1 DAGs
[2024-10-26 09:47:05,335] {logging_mixin.py:115} INFO - [2024-10-26 09:47:05,334] {dag.py:2927} INFO - Setting next_dagrun for example_branch_operator to 2024-10-25T00:00:00+00:00, run_after=2024-10-26T00:00:00+00:00
[2024-10-26 09:47:05,347] {processor.py:161} INFO - Processing /root/Documentos/airflow/venv/lib/python3.9/site-packages/airflow/example_dags/example_branch_operator.py took 0.044 seconds
[2024-10-26 09:47:37,864] {processor.py:153} INFO - Started process (PID=3879) to work on /root/Documentos/airflow/venv/lib/python3.9/site-packages/airflow/example_dags/example_branch_operator.py
[2024-10-26 09:47:37,866] {processor.py:641} INFO - Processing file /root/Documentos/airflow/venv/lib/python3.9/site-packages/airflow/example_dags/example_branch_operator.py for tasks to queue
[2024-10-26 09:47:37,866] {logging_mixin.py:115} INFO - [2024-10-26 09:47:37,866] {dagbag.py:507} INFO - Filling up the DagBag from /root/Documentos/airflow/venv/lib/python3.9/site-packages/airflow/example_dags/example_branch_operator.py
[2024-10-26 09:47:37,871] {processor.py:651} INFO - DAG(s) dict_keys(['example_branch_operator']) retrieved from /root/Documentos/airflow/venv/lib/python3.9/site-packages/airflow/example_dags/example_branch_operator.py
[2024-10-26 09:47:37,879] {logging_mixin.py:115} INFO - [2024-10-26 09:47:37,879] {dag.py:2379} INFO - Sync 1 DAGs
[2024-10-26 09:47:37,891] {logging_mixin.py:115} INFO - [2024-10-26 09:47:37,890] {dag.py:2927} INFO - Setting next_dagrun for example_branch_operator to 2024-10-25T00:00:00+00:00, run_after=2024-10-26T00:00:00+00:00
[2024-10-26 09:47:37,903] {processor.py:161} INFO - Processing /root/Documentos/airflow/venv/lib/python3.9/site-packages/airflow/example_dags/example_branch_operator.py took 0.040 seconds
[2024-10-26 09:48:08,644] {processor.py:153} INFO - Started process (PID=4034) to work on /root/Documentos/airflow/venv/lib/python3.9/site-packages/airflow/example_dags/example_branch_operator.py
[2024-10-26 09:48:08,644] {processor.py:641} INFO - Processing file /root/Documentos/airflow/venv/lib/python3.9/site-packages/airflow/example_dags/example_branch_operator.py for tasks to queue
[2024-10-26 09:48:08,645] {logging_mixin.py:115} INFO - [2024-10-26 09:48:08,645] {dagbag.py:507} INFO - Filling up the DagBag from /root/Documentos/airflow/venv/lib/python3.9/site-packages/airflow/example_dags/example_branch_operator.py
[2024-10-26 09:48:08,650] {processor.py:651} INFO - DAG(s) dict_keys(['example_branch_operator']) retrieved from /root/Documentos/airflow/venv/lib/python3.9/site-packages/airflow/example_dags/example_branch_operator.py
[2024-10-26 09:48:08,659] {logging_mixin.py:115} INFO - [2024-10-26 09:48:08,659] {dag.py:2379} INFO - Sync 1 DAGs
[2024-10-26 09:48:08,671] {logging_mixin.py:115} INFO - [2024-10-26 09:48:08,670] {dag.py:2927} INFO - Setting next_dagrun for example_branch_operator to 2024-10-25T00:00:00+00:00, run_after=2024-10-26T00:00:00+00:00
[2024-10-26 09:48:08,685] {processor.py:161} INFO - Processing /root/Documentos/airflow/venv/lib/python3.9/site-packages/airflow/example_dags/example_branch_operator.py took 0.042 seconds
[2024-10-26 09:48:46,108] {processor.py:153} INFO - Started process (PID=4213) to work on /root/Documentos/airflow/venv/lib/python3.9/site-packages/airflow/example_dags/example_branch_operator.py
[2024-10-26 09:48:46,112] {processor.py:641} INFO - Processing file /root/Documentos/airflow/venv/lib/python3.9/site-packages/airflow/example_dags/example_branch_operator.py for tasks to queue
[2024-10-26 09:48:46,113] {logging_mixin.py:115} INFO - [2024-10-26 09:48:46,112] {dagbag.py:507} INFO - Filling up the DagBag from /root/Documentos/airflow/venv/lib/python3.9/site-packages/airflow/example_dags/example_branch_operator.py
[2024-10-26 09:48:46,117] {processor.py:651} INFO - DAG(s) dict_keys(['example_branch_operator']) retrieved from /root/Documentos/airflow/venv/lib/python3.9/site-packages/airflow/example_dags/example_branch_operator.py
[2024-10-26 09:48:46,126] {logging_mixin.py:115} INFO - [2024-10-26 09:48:46,126] {dag.py:2379} INFO - Sync 1 DAGs
[2024-10-26 09:48:46,137] {logging_mixin.py:115} INFO - [2024-10-26 09:48:46,137] {dag.py:2927} INFO - Setting next_dagrun for example_branch_operator to 2024-10-25T00:00:00+00:00, run_after=2024-10-26T00:00:00+00:00
[2024-10-26 09:48:46,153] {processor.py:161} INFO - Processing /root/Documentos/airflow/venv/lib/python3.9/site-packages/airflow/example_dags/example_branch_operator.py took 0.046 seconds
[2024-10-26 09:49:17,568] {processor.py:153} INFO - Started process (PID=4370) to work on /root/Documentos/airflow/venv/lib/python3.9/site-packages/airflow/example_dags/example_branch_operator.py
[2024-10-26 09:49:17,568] {processor.py:641} INFO - Processing file /root/Documentos/airflow/venv/lib/python3.9/site-packages/airflow/example_dags/example_branch_operator.py for tasks to queue
[2024-10-26 09:49:17,568] {logging_mixin.py:115} INFO - [2024-10-26 09:49:17,568] {dagbag.py:507} INFO - Filling up the DagBag from /root/Documentos/airflow/venv/lib/python3.9/site-packages/airflow/example_dags/example_branch_operator.py
[2024-10-26 09:49:17,573] {processor.py:651} INFO - DAG(s) dict_keys(['example_branch_operator']) retrieved from /root/Documentos/airflow/venv/lib/python3.9/site-packages/airflow/example_dags/example_branch_operator.py
[2024-10-26 09:49:17,581] {logging_mixin.py:115} INFO - [2024-10-26 09:49:17,581] {dag.py:2379} INFO - Sync 1 DAGs
[2024-10-26 09:49:17,592] {logging_mixin.py:115} INFO - [2024-10-26 09:49:17,592] {dag.py:2927} INFO - Setting next_dagrun for example_branch_operator to 2024-10-25T00:00:00+00:00, run_after=2024-10-26T00:00:00+00:00
[2024-10-26 09:49:17,608] {processor.py:161} INFO - Processing /root/Documentos/airflow/venv/lib/python3.9/site-packages/airflow/example_dags/example_branch_operator.py took 0.041 seconds
[2024-10-26 09:49:54,794] {processor.py:153} INFO - Started process (PID=4544) to work on /root/Documentos/airflow/venv/lib/python3.9/site-packages/airflow/example_dags/example_branch_operator.py
[2024-10-26 09:49:54,795] {processor.py:641} INFO - Processing file /root/Documentos/airflow/venv/lib/python3.9/site-packages/airflow/example_dags/example_branch_operator.py for tasks to queue
[2024-10-26 09:49:54,796] {logging_mixin.py:115} INFO - [2024-10-26 09:49:54,796] {dagbag.py:507} INFO - Filling up the DagBag from /root/Documentos/airflow/venv/lib/python3.9/site-packages/airflow/example_dags/example_branch_operator.py
[2024-10-26 09:49:54,800] {processor.py:651} INFO - DAG(s) dict_keys(['example_branch_operator']) retrieved from /root/Documentos/airflow/venv/lib/python3.9/site-packages/airflow/example_dags/example_branch_operator.py
[2024-10-26 09:49:54,809] {logging_mixin.py:115} INFO - [2024-10-26 09:49:54,809] {dag.py:2379} INFO - Sync 1 DAGs
[2024-10-26 09:49:54,820] {logging_mixin.py:115} INFO - [2024-10-26 09:49:54,820] {dag.py:2927} INFO - Setting next_dagrun for example_branch_operator to 2024-10-25T00:00:00+00:00, run_after=2024-10-26T00:00:00+00:00
[2024-10-26 09:49:54,835] {processor.py:161} INFO - Processing /root/Documentos/airflow/venv/lib/python3.9/site-packages/airflow/example_dags/example_branch_operator.py took 0.042 seconds
[2024-10-26 09:50:30,048] {processor.py:153} INFO - Started process (PID=4715) to work on /root/Documentos/airflow/venv/lib/python3.9/site-packages/airflow/example_dags/example_branch_operator.py
[2024-10-26 09:50:30,051] {processor.py:641} INFO - Processing file /root/Documentos/airflow/venv/lib/python3.9/site-packages/airflow/example_dags/example_branch_operator.py for tasks to queue
[2024-10-26 09:50:30,051] {logging_mixin.py:115} INFO - [2024-10-26 09:50:30,051] {dagbag.py:507} INFO - Filling up the DagBag from /root/Documentos/airflow/venv/lib/python3.9/site-packages/airflow/example_dags/example_branch_operator.py
[2024-10-26 09:50:30,056] {processor.py:651} INFO - DAG(s) dict_keys(['example_branch_operator']) retrieved from /root/Documentos/airflow/venv/lib/python3.9/site-packages/airflow/example_dags/example_branch_operator.py
[2024-10-26 09:50:30,064] {logging_mixin.py:115} INFO - [2024-10-26 09:50:30,064] {dag.py:2379} INFO - Sync 1 DAGs
[2024-10-26 09:50:30,075] {logging_mixin.py:115} INFO - [2024-10-26 09:50:30,075] {dag.py:2927} INFO - Setting next_dagrun for example_branch_operator to 2024-10-25T00:00:00+00:00, run_after=2024-10-26T00:00:00+00:00
[2024-10-26 09:50:30,092] {processor.py:161} INFO - Processing /root/Documentos/airflow/venv/lib/python3.9/site-packages/airflow/example_dags/example_branch_operator.py took 0.045 seconds
[2024-10-26 09:51:02,731] {processor.py:153} INFO - Started process (PID=4874) to work on /root/Documentos/airflow/venv/lib/python3.9/site-packages/airflow/example_dags/example_branch_operator.py
[2024-10-26 09:51:02,733] {processor.py:641} INFO - Processing file /root/Documentos/airflow/venv/lib/python3.9/site-packages/airflow/example_dags/example_branch_operator.py for tasks to queue
[2024-10-26 09:51:02,733] {logging_mixin.py:115} INFO - [2024-10-26 09:51:02,733] {dagbag.py:507} INFO - Filling up the DagBag from /root/Documentos/airflow/venv/lib/python3.9/site-packages/airflow/example_dags/example_branch_operator.py
[2024-10-26 09:51:02,738] {processor.py:651} INFO - DAG(s) dict_keys(['example_branch_operator']) retrieved from /root/Documentos/airflow/venv/lib/python3.9/site-packages/airflow/example_dags/example_branch_operator.py
[2024-10-26 09:51:02,747] {logging_mixin.py:115} INFO - [2024-10-26 09:51:02,747] {dag.py:2379} INFO - Sync 1 DAGs
[2024-10-26 09:51:02,758] {logging_mixin.py:115} INFO - [2024-10-26 09:51:02,758] {dag.py:2927} INFO - Setting next_dagrun for example_branch_operator to 2024-10-25T00:00:00+00:00, run_after=2024-10-26T00:00:00+00:00
[2024-10-26 09:51:02,774] {processor.py:161} INFO - Processing /root/Documentos/airflow/venv/lib/python3.9/site-packages/airflow/example_dags/example_branch_operator.py took 0.044 seconds
[2024-10-26 09:51:38,261] {processor.py:153} INFO - Started process (PID=5047) to work on /root/Documentos/airflow/venv/lib/python3.9/site-packages/airflow/example_dags/example_branch_operator.py
[2024-10-26 09:51:38,263] {processor.py:641} INFO - Processing file /root/Documentos/airflow/venv/lib/python3.9/site-packages/airflow/example_dags/example_branch_operator.py for tasks to queue
[2024-10-26 09:51:38,263] {logging_mixin.py:115} INFO - [2024-10-26 09:51:38,263] {dagbag.py:507} INFO - Filling up the DagBag from /root/Documentos/airflow/venv/lib/python3.9/site-packages/airflow/example_dags/example_branch_operator.py
[2024-10-26 09:51:38,268] {processor.py:651} INFO - DAG(s) dict_keys(['example_branch_operator']) retrieved from /root/Documentos/airflow/venv/lib/python3.9/site-packages/airflow/example_dags/example_branch_operator.py
[2024-10-26 09:51:38,277] {logging_mixin.py:115} INFO - [2024-10-26 09:51:38,277] {dag.py:2379} INFO - Sync 1 DAGs
[2024-10-26 09:51:38,288] {logging_mixin.py:115} INFO - [2024-10-26 09:51:38,288] {dag.py:2927} INFO - Setting next_dagrun for example_branch_operator to 2024-10-25T00:00:00+00:00, run_after=2024-10-26T00:00:00+00:00
[2024-10-26 09:51:38,304] {processor.py:161} INFO - Processing /root/Documentos/airflow/venv/lib/python3.9/site-packages/airflow/example_dags/example_branch_operator.py took 0.044 seconds
[2024-10-26 09:52:14,970] {processor.py:153} INFO - Started process (PID=5225) to work on /root/Documentos/airflow/venv/lib/python3.9/site-packages/airflow/example_dags/example_branch_operator.py
[2024-10-26 09:52:14,973] {processor.py:641} INFO - Processing file /root/Documentos/airflow/venv/lib/python3.9/site-packages/airflow/example_dags/example_branch_operator.py for tasks to queue
[2024-10-26 09:52:14,973] {logging_mixin.py:115} INFO - [2024-10-26 09:52:14,973] {dagbag.py:507} INFO - Filling up the DagBag from /root/Documentos/airflow/venv/lib/python3.9/site-packages/airflow/example_dags/example_branch_operator.py
[2024-10-26 09:52:14,978] {processor.py:651} INFO - DAG(s) dict_keys(['example_branch_operator']) retrieved from /root/Documentos/airflow/venv/lib/python3.9/site-packages/airflow/example_dags/example_branch_operator.py
[2024-10-26 09:52:14,987] {logging_mixin.py:115} INFO - [2024-10-26 09:52:14,987] {dag.py:2379} INFO - Sync 1 DAGs
[2024-10-26 09:52:14,998] {logging_mixin.py:115} INFO - [2024-10-26 09:52:14,998] {dag.py:2927} INFO - Setting next_dagrun for example_branch_operator to 2024-10-25T00:00:00+00:00, run_after=2024-10-26T00:00:00+00:00
[2024-10-26 09:52:15,014] {processor.py:161} INFO - Processing /root/Documentos/airflow/venv/lib/python3.9/site-packages/airflow/example_dags/example_branch_operator.py took 0.045 seconds
[2024-10-26 09:52:47,708] {processor.py:153} INFO - Started process (PID=5384) to work on /root/Documentos/airflow/venv/lib/python3.9/site-packages/airflow/example_dags/example_branch_operator.py
[2024-10-26 09:52:47,713] {processor.py:641} INFO - Processing file /root/Documentos/airflow/venv/lib/python3.9/site-packages/airflow/example_dags/example_branch_operator.py for tasks to queue
[2024-10-26 09:52:47,713] {logging_mixin.py:115} INFO - [2024-10-26 09:52:47,713] {dagbag.py:507} INFO - Filling up the DagBag from /root/Documentos/airflow/venv/lib/python3.9/site-packages/airflow/example_dags/example_branch_operator.py
[2024-10-26 09:52:47,718] {processor.py:651} INFO - DAG(s) dict_keys(['example_branch_operator']) retrieved from /root/Documentos/airflow/venv/lib/python3.9/site-packages/airflow/example_dags/example_branch_operator.py
[2024-10-26 09:52:47,728] {logging_mixin.py:115} INFO - [2024-10-26 09:52:47,728] {dag.py:2379} INFO - Sync 1 DAGs
[2024-10-26 09:52:47,738] {logging_mixin.py:115} INFO - [2024-10-26 09:52:47,737] {dag.py:2927} INFO - Setting next_dagrun for example_branch_operator to 2024-10-25T00:00:00+00:00, run_after=2024-10-26T00:00:00+00:00
[2024-10-26 09:52:47,753] {processor.py:161} INFO - Processing /root/Documentos/airflow/venv/lib/python3.9/site-packages/airflow/example_dags/example_branch_operator.py took 0.046 seconds
[2024-10-26 09:53:25,010] {processor.py:153} INFO - Started process (PID=5564) to work on /root/Documentos/airflow/venv/lib/python3.9/site-packages/airflow/example_dags/example_branch_operator.py
[2024-10-26 09:53:25,014] {processor.py:641} INFO - Processing file /root/Documentos/airflow/venv/lib/python3.9/site-packages/airflow/example_dags/example_branch_operator.py for tasks to queue
[2024-10-26 09:53:25,014] {logging_mixin.py:115} INFO - [2024-10-26 09:53:25,014] {dagbag.py:507} INFO - Filling up the DagBag from /root/Documentos/airflow/venv/lib/python3.9/site-packages/airflow/example_dags/example_branch_operator.py
[2024-10-26 09:53:25,019] {processor.py:651} INFO - DAG(s) dict_keys(['example_branch_operator']) retrieved from /root/Documentos/airflow/venv/lib/python3.9/site-packages/airflow/example_dags/example_branch_operator.py
[2024-10-26 09:53:25,029] {logging_mixin.py:115} INFO - [2024-10-26 09:53:25,029] {dag.py:2379} INFO - Sync 1 DAGs
[2024-10-26 09:53:25,038] {logging_mixin.py:115} INFO - [2024-10-26 09:53:25,038] {dag.py:2927} INFO - Setting next_dagrun for example_branch_operator to 2024-10-25T00:00:00+00:00, run_after=2024-10-26T00:00:00+00:00
[2024-10-26 09:53:25,055] {processor.py:161} INFO - Processing /root/Documentos/airflow/venv/lib/python3.9/site-packages/airflow/example_dags/example_branch_operator.py took 0.046 seconds
[2024-10-26 09:53:58,852] {processor.py:153} INFO - Started process (PID=5728) to work on /root/Documentos/airflow/venv/lib/python3.9/site-packages/airflow/example_dags/example_branch_operator.py
[2024-10-26 09:53:58,853] {processor.py:641} INFO - Processing file /root/Documentos/airflow/venv/lib/python3.9/site-packages/airflow/example_dags/example_branch_operator.py for tasks to queue
[2024-10-26 09:53:58,853] {logging_mixin.py:115} INFO - [2024-10-26 09:53:58,853] {dagbag.py:507} INFO - Filling up the DagBag from /root/Documentos/airflow/venv/lib/python3.9/site-packages/airflow/example_dags/example_branch_operator.py
[2024-10-26 09:53:58,858] {processor.py:651} INFO - DAG(s) dict_keys(['example_branch_operator']) retrieved from /root/Documentos/airflow/venv/lib/python3.9/site-packages/airflow/example_dags/example_branch_operator.py
[2024-10-26 09:53:58,868] {logging_mixin.py:115} INFO - [2024-10-26 09:53:58,868] {dag.py:2379} INFO - Sync 1 DAGs
[2024-10-26 09:53:58,877] {logging_mixin.py:115} INFO - [2024-10-26 09:53:58,877] {dag.py:2927} INFO - Setting next_dagrun for example_branch_operator to 2024-10-25T00:00:00+00:00, run_after=2024-10-26T00:00:00+00:00
[2024-10-26 09:53:58,892] {processor.py:161} INFO - Processing /root/Documentos/airflow/venv/lib/python3.9/site-packages/airflow/example_dags/example_branch_operator.py took 0.041 seconds
[2024-10-26 09:54:33,002] {processor.py:153} INFO - Started process (PID=5893) to work on /root/Documentos/airflow/venv/lib/python3.9/site-packages/airflow/example_dags/example_branch_operator.py
[2024-10-26 09:54:33,003] {processor.py:641} INFO - Processing file /root/Documentos/airflow/venv/lib/python3.9/site-packages/airflow/example_dags/example_branch_operator.py for tasks to queue
[2024-10-26 09:54:33,003] {logging_mixin.py:115} INFO - [2024-10-26 09:54:33,003] {dagbag.py:507} INFO - Filling up the DagBag from /root/Documentos/airflow/venv/lib/python3.9/site-packages/airflow/example_dags/example_branch_operator.py
[2024-10-26 09:54:33,008] {processor.py:651} INFO - DAG(s) dict_keys(['example_branch_operator']) retrieved from /root/Documentos/airflow/venv/lib/python3.9/site-packages/airflow/example_dags/example_branch_operator.py
[2024-10-26 09:54:33,018] {logging_mixin.py:115} INFO - [2024-10-26 09:54:33,018] {dag.py:2379} INFO - Sync 1 DAGs
[2024-10-26 09:54:33,027] {logging_mixin.py:115} INFO - [2024-10-26 09:54:33,027] {dag.py:2927} INFO - Setting next_dagrun for example_branch_operator to 2024-10-25T00:00:00+00:00, run_after=2024-10-26T00:00:00+00:00
[2024-10-26 09:54:33,042] {processor.py:161} INFO - Processing /root/Documentos/airflow/venv/lib/python3.9/site-packages/airflow/example_dags/example_branch_operator.py took 0.041 seconds
[2024-10-26 09:55:07,140] {processor.py:153} INFO - Started process (PID=6057) to work on /root/Documentos/airflow/venv/lib/python3.9/site-packages/airflow/example_dags/example_branch_operator.py
[2024-10-26 09:55:07,143] {processor.py:641} INFO - Processing file /root/Documentos/airflow/venv/lib/python3.9/site-packages/airflow/example_dags/example_branch_operator.py for tasks to queue
[2024-10-26 09:55:07,144] {logging_mixin.py:115} INFO - [2024-10-26 09:55:07,143] {dagbag.py:507} INFO - Filling up the DagBag from /root/Documentos/airflow/venv/lib/python3.9/site-packages/airflow/example_dags/example_branch_operator.py
[2024-10-26 09:55:07,148] {processor.py:651} INFO - DAG(s) dict_keys(['example_branch_operator']) retrieved from /root/Documentos/airflow/venv/lib/python3.9/site-packages/airflow/example_dags/example_branch_operator.py
[2024-10-26 09:55:07,158] {logging_mixin.py:115} INFO - [2024-10-26 09:55:07,158] {dag.py:2379} INFO - Sync 1 DAGs
[2024-10-26 09:55:07,168] {logging_mixin.py:115} INFO - [2024-10-26 09:55:07,168] {dag.py:2927} INFO - Setting next_dagrun for example_branch_operator to 2024-10-25T00:00:00+00:00, run_after=2024-10-26T00:00:00+00:00
[2024-10-26 09:55:07,183] {processor.py:161} INFO - Processing /root/Documentos/airflow/venv/lib/python3.9/site-packages/airflow/example_dags/example_branch_operator.py took 0.044 seconds
