[2024-10-26 09:24:55,104] {processor.py:153} INFO - Started process (PID=10260) to work on /root/Documentos/airflow/venv/lib/python3.9/site-packages/airflow/example_dags/example_sla_dag.py
[2024-10-26 09:24:55,104] {processor.py:641} INFO - Processing file /root/Documentos/airflow/venv/lib/python3.9/site-packages/airflow/example_dags/example_sla_dag.py for tasks to queue
[2024-10-26 09:24:55,105] {logging_mixin.py:115} INFO - [2024-10-26 09:24:55,105] {dagbag.py:507} INFO - Filling up the DagBag from /root/Documentos/airflow/venv/lib/python3.9/site-packages/airflow/example_dags/example_sla_dag.py
[2024-10-26 09:24:55,114] {processor.py:651} INFO - DAG(s) dict_keys(['example_sla_dag']) retrieved from /root/Documentos/airflow/venv/lib/python3.9/site-packages/airflow/example_dags/example_sla_dag.py
[2024-10-26 09:24:55,157] {logging_mixin.py:115} INFO - [2024-10-26 09:24:55,157] {manager.py:508} INFO - Created Permission View: can edit on DAG:example_sla_dag
[2024-10-26 09:24:55,167] {logging_mixin.py:115} INFO - [2024-10-26 09:24:55,167] {manager.py:508} INFO - Created Permission View: can read on DAG:example_sla_dag
[2024-10-26 09:24:55,176] {logging_mixin.py:115} INFO - [2024-10-26 09:24:55,176] {manager.py:508} INFO - Created Permission View: can delete on DAG:example_sla_dag
[2024-10-26 09:24:55,177] {logging_mixin.py:115} INFO - [2024-10-26 09:24:55,176] {dag.py:2379} INFO - Sync 1 DAGs
[2024-10-26 09:24:55,181] {logging_mixin.py:115} INFO - [2024-10-26 09:24:55,181] {dag.py:2398} INFO - Creating ORM DAG for example_sla_dag
[2024-10-26 09:24:55,187] {logging_mixin.py:115} INFO - [2024-10-26 09:24:55,187] {dag.py:2927} INFO - Setting next_dagrun for example_sla_dag to 2024-10-26T12:22:00+00:00, run_after=2024-10-26T12:24:00+00:00
[2024-10-26 09:24:55,200] {processor.py:161} INFO - Processing /root/Documentos/airflow/venv/lib/python3.9/site-packages/airflow/example_dags/example_sla_dag.py took 0.097 seconds
[2024-10-26 09:25:29,458] {processor.py:153} INFO - Started process (PID=10426) to work on /root/Documentos/airflow/venv/lib/python3.9/site-packages/airflow/example_dags/example_sla_dag.py
[2024-10-26 09:25:29,460] {processor.py:641} INFO - Processing file /root/Documentos/airflow/venv/lib/python3.9/site-packages/airflow/example_dags/example_sla_dag.py for tasks to queue
[2024-10-26 09:25:29,460] {logging_mixin.py:115} INFO - [2024-10-26 09:25:29,460] {dagbag.py:507} INFO - Filling up the DagBag from /root/Documentos/airflow/venv/lib/python3.9/site-packages/airflow/example_dags/example_sla_dag.py
[2024-10-26 09:25:29,469] {processor.py:651} INFO - DAG(s) dict_keys(['example_sla_dag']) retrieved from /root/Documentos/airflow/venv/lib/python3.9/site-packages/airflow/example_dags/example_sla_dag.py
[2024-10-26 09:25:29,477] {logging_mixin.py:115} INFO - [2024-10-26 09:25:29,477] {dag.py:2379} INFO - Sync 1 DAGs
[2024-10-26 09:25:29,489] {logging_mixin.py:115} INFO - [2024-10-26 09:25:29,489] {dag.py:2927} INFO - Setting next_dagrun for example_sla_dag to 2024-10-26T12:22:00+00:00, run_after=2024-10-26T12:24:00+00:00
[2024-10-26 09:25:29,502] {processor.py:161} INFO - Processing /root/Documentos/airflow/venv/lib/python3.9/site-packages/airflow/example_dags/example_sla_dag.py took 0.045 seconds
[2024-10-26 09:26:01,049] {processor.py:153} INFO - Started process (PID=10581) to work on /root/Documentos/airflow/venv/lib/python3.9/site-packages/airflow/example_dags/example_sla_dag.py
[2024-10-26 09:26:01,051] {processor.py:641} INFO - Processing file /root/Documentos/airflow/venv/lib/python3.9/site-packages/airflow/example_dags/example_sla_dag.py for tasks to queue
[2024-10-26 09:26:01,051] {logging_mixin.py:115} INFO - [2024-10-26 09:26:01,051] {dagbag.py:507} INFO - Filling up the DagBag from /root/Documentos/airflow/venv/lib/python3.9/site-packages/airflow/example_dags/example_sla_dag.py
[2024-10-26 09:26:01,061] {processor.py:651} INFO - DAG(s) dict_keys(['example_sla_dag']) retrieved from /root/Documentos/airflow/venv/lib/python3.9/site-packages/airflow/example_dags/example_sla_dag.py
[2024-10-26 09:26:01,068] {logging_mixin.py:115} INFO - [2024-10-26 09:26:01,068] {dag.py:2379} INFO - Sync 1 DAGs
[2024-10-26 09:26:01,080] {logging_mixin.py:115} INFO - [2024-10-26 09:26:01,080] {dag.py:2927} INFO - Setting next_dagrun for example_sla_dag to 2024-10-26T12:24:00+00:00, run_after=2024-10-26T12:26:00+00:00
[2024-10-26 09:26:01,094] {processor.py:161} INFO - Processing /root/Documentos/airflow/venv/lib/python3.9/site-packages/airflow/example_dags/example_sla_dag.py took 0.046 seconds
[2024-10-26 09:26:36,054] {processor.py:153} INFO - Started process (PID=10749) to work on /root/Documentos/airflow/venv/lib/python3.9/site-packages/airflow/example_dags/example_sla_dag.py
[2024-10-26 09:26:36,061] {processor.py:641} INFO - Processing file /root/Documentos/airflow/venv/lib/python3.9/site-packages/airflow/example_dags/example_sla_dag.py for tasks to queue
[2024-10-26 09:26:36,062] {logging_mixin.py:115} INFO - [2024-10-26 09:26:36,062] {dagbag.py:507} INFO - Filling up the DagBag from /root/Documentos/airflow/venv/lib/python3.9/site-packages/airflow/example_dags/example_sla_dag.py
[2024-10-26 09:26:36,070] {processor.py:651} INFO - DAG(s) dict_keys(['example_sla_dag']) retrieved from /root/Documentos/airflow/venv/lib/python3.9/site-packages/airflow/example_dags/example_sla_dag.py
[2024-10-26 09:26:36,078] {logging_mixin.py:115} INFO - [2024-10-26 09:26:36,078] {dag.py:2379} INFO - Sync 1 DAGs
[2024-10-26 09:26:36,090] {logging_mixin.py:115} INFO - [2024-10-26 09:26:36,090] {dag.py:2927} INFO - Setting next_dagrun for example_sla_dag to 2024-10-26T12:24:00+00:00, run_after=2024-10-26T12:26:00+00:00
[2024-10-26 09:26:36,103] {processor.py:161} INFO - Processing /root/Documentos/airflow/venv/lib/python3.9/site-packages/airflow/example_dags/example_sla_dag.py took 0.050 seconds
[2024-10-26 09:27:08,780] {processor.py:153} INFO - Started process (PID=10908) to work on /root/Documentos/airflow/venv/lib/python3.9/site-packages/airflow/example_dags/example_sla_dag.py
[2024-10-26 09:27:08,788] {processor.py:641} INFO - Processing file /root/Documentos/airflow/venv/lib/python3.9/site-packages/airflow/example_dags/example_sla_dag.py for tasks to queue
[2024-10-26 09:27:08,789] {logging_mixin.py:115} INFO - [2024-10-26 09:27:08,789] {dagbag.py:507} INFO - Filling up the DagBag from /root/Documentos/airflow/venv/lib/python3.9/site-packages/airflow/example_dags/example_sla_dag.py
[2024-10-26 09:27:08,798] {processor.py:651} INFO - DAG(s) dict_keys(['example_sla_dag']) retrieved from /root/Documentos/airflow/venv/lib/python3.9/site-packages/airflow/example_dags/example_sla_dag.py
[2024-10-26 09:27:08,805] {logging_mixin.py:115} INFO - [2024-10-26 09:27:08,805] {dag.py:2379} INFO - Sync 1 DAGs
[2024-10-26 09:27:08,817] {logging_mixin.py:115} INFO - [2024-10-26 09:27:08,817] {dag.py:2927} INFO - Setting next_dagrun for example_sla_dag to 2024-10-26T12:24:00+00:00, run_after=2024-10-26T12:26:00+00:00
[2024-10-26 09:27:08,831] {processor.py:161} INFO - Processing /root/Documentos/airflow/venv/lib/python3.9/site-packages/airflow/example_dags/example_sla_dag.py took 0.052 seconds
[2024-10-26 09:27:42,993] {processor.py:153} INFO - Started process (PID=11080) to work on /root/Documentos/airflow/venv/lib/python3.9/site-packages/airflow/example_dags/example_sla_dag.py
[2024-10-26 09:27:42,994] {processor.py:641} INFO - Processing file /root/Documentos/airflow/venv/lib/python3.9/site-packages/airflow/example_dags/example_sla_dag.py for tasks to queue
[2024-10-26 09:27:42,994] {logging_mixin.py:115} INFO - [2024-10-26 09:27:42,994] {dagbag.py:507} INFO - Filling up the DagBag from /root/Documentos/airflow/venv/lib/python3.9/site-packages/airflow/example_dags/example_sla_dag.py
[2024-10-26 09:27:43,003] {processor.py:651} INFO - DAG(s) dict_keys(['example_sla_dag']) retrieved from /root/Documentos/airflow/venv/lib/python3.9/site-packages/airflow/example_dags/example_sla_dag.py
[2024-10-26 09:27:43,010] {logging_mixin.py:115} INFO - [2024-10-26 09:27:43,010] {dag.py:2379} INFO - Sync 1 DAGs
[2024-10-26 09:27:43,022] {logging_mixin.py:115} INFO - [2024-10-26 09:27:43,022] {dag.py:2927} INFO - Setting next_dagrun for example_sla_dag to 2024-10-26T12:24:00+00:00, run_after=2024-10-26T12:26:00+00:00
[2024-10-26 09:27:43,035] {processor.py:161} INFO - Processing /root/Documentos/airflow/venv/lib/python3.9/site-packages/airflow/example_dags/example_sla_dag.py took 0.043 seconds
[2024-10-26 09:28:17,569] {processor.py:153} INFO - Started process (PID=11246) to work on /root/Documentos/airflow/venv/lib/python3.9/site-packages/airflow/example_dags/example_sla_dag.py
[2024-10-26 09:28:17,576] {processor.py:641} INFO - Processing file /root/Documentos/airflow/venv/lib/python3.9/site-packages/airflow/example_dags/example_sla_dag.py for tasks to queue
[2024-10-26 09:28:17,576] {logging_mixin.py:115} INFO - [2024-10-26 09:28:17,576] {dagbag.py:507} INFO - Filling up the DagBag from /root/Documentos/airflow/venv/lib/python3.9/site-packages/airflow/example_dags/example_sla_dag.py
[2024-10-26 09:28:17,585] {processor.py:651} INFO - DAG(s) dict_keys(['example_sla_dag']) retrieved from /root/Documentos/airflow/venv/lib/python3.9/site-packages/airflow/example_dags/example_sla_dag.py
[2024-10-26 09:28:17,594] {logging_mixin.py:115} INFO - [2024-10-26 09:28:17,594] {dag.py:2379} INFO - Sync 1 DAGs
[2024-10-26 09:28:17,607] {logging_mixin.py:115} INFO - [2024-10-26 09:28:17,607] {dag.py:2927} INFO - Setting next_dagrun for example_sla_dag to 2024-10-26T12:26:00+00:00, run_after=2024-10-26T12:28:00+00:00
[2024-10-26 09:28:17,618] {processor.py:161} INFO - Processing /root/Documentos/airflow/venv/lib/python3.9/site-packages/airflow/example_dags/example_sla_dag.py took 0.050 seconds
[2024-10-26 09:28:49,693] {processor.py:153} INFO - Started process (PID=11408) to work on /root/Documentos/airflow/venv/lib/python3.9/site-packages/airflow/example_dags/example_sla_dag.py
[2024-10-26 09:28:49,697] {processor.py:641} INFO - Processing file /root/Documentos/airflow/venv/lib/python3.9/site-packages/airflow/example_dags/example_sla_dag.py for tasks to queue
[2024-10-26 09:28:49,697] {logging_mixin.py:115} INFO - [2024-10-26 09:28:49,697] {dagbag.py:507} INFO - Filling up the DagBag from /root/Documentos/airflow/venv/lib/python3.9/site-packages/airflow/example_dags/example_sla_dag.py
[2024-10-26 09:28:49,706] {processor.py:651} INFO - DAG(s) dict_keys(['example_sla_dag']) retrieved from /root/Documentos/airflow/venv/lib/python3.9/site-packages/airflow/example_dags/example_sla_dag.py
[2024-10-26 09:28:49,714] {logging_mixin.py:115} INFO - [2024-10-26 09:28:49,714] {dag.py:2379} INFO - Sync 1 DAGs
[2024-10-26 09:28:49,728] {logging_mixin.py:115} INFO - [2024-10-26 09:28:49,728] {dag.py:2927} INFO - Setting next_dagrun for example_sla_dag to 2024-10-26T12:26:00+00:00, run_after=2024-10-26T12:28:00+00:00
[2024-10-26 09:28:49,741] {processor.py:161} INFO - Processing /root/Documentos/airflow/venv/lib/python3.9/site-packages/airflow/example_dags/example_sla_dag.py took 0.050 seconds
[2024-10-26 09:38:10,442] {processor.py:153} INFO - Started process (PID=1046) to work on /root/Documentos/airflow/venv/lib/python3.9/site-packages/airflow/example_dags/example_sla_dag.py
[2024-10-26 09:38:10,442] {processor.py:641} INFO - Processing file /root/Documentos/airflow/venv/lib/python3.9/site-packages/airflow/example_dags/example_sla_dag.py for tasks to queue
[2024-10-26 09:38:10,443] {logging_mixin.py:115} INFO - [2024-10-26 09:38:10,443] {dagbag.py:507} INFO - Filling up the DagBag from /root/Documentos/airflow/venv/lib/python3.9/site-packages/airflow/example_dags/example_sla_dag.py
[2024-10-26 09:38:10,452] {processor.py:651} INFO - DAG(s) dict_keys(['example_sla_dag']) retrieved from /root/Documentos/airflow/venv/lib/python3.9/site-packages/airflow/example_dags/example_sla_dag.py
[2024-10-26 09:38:10,459] {logging_mixin.py:115} INFO - [2024-10-26 09:38:10,459] {dag.py:2379} INFO - Sync 1 DAGs
[2024-10-26 09:38:10,472] {logging_mixin.py:115} INFO - [2024-10-26 09:38:10,472] {dag.py:2927} INFO - Setting next_dagrun for example_sla_dag to 2024-10-26T12:36:00+00:00, run_after=2024-10-26T12:38:00+00:00
[2024-10-26 09:38:10,484] {processor.py:161} INFO - Processing /root/Documentos/airflow/venv/lib/python3.9/site-packages/airflow/example_dags/example_sla_dag.py took 0.043 seconds
[2024-10-26 09:38:42,558] {processor.py:153} INFO - Started process (PID=1206) to work on /root/Documentos/airflow/venv/lib/python3.9/site-packages/airflow/example_dags/example_sla_dag.py
[2024-10-26 09:38:42,563] {processor.py:641} INFO - Processing file /root/Documentos/airflow/venv/lib/python3.9/site-packages/airflow/example_dags/example_sla_dag.py for tasks to queue
[2024-10-26 09:38:42,563] {logging_mixin.py:115} INFO - [2024-10-26 09:38:42,563] {dagbag.py:507} INFO - Filling up the DagBag from /root/Documentos/airflow/venv/lib/python3.9/site-packages/airflow/example_dags/example_sla_dag.py
[2024-10-26 09:38:42,572] {processor.py:651} INFO - DAG(s) dict_keys(['example_sla_dag']) retrieved from /root/Documentos/airflow/venv/lib/python3.9/site-packages/airflow/example_dags/example_sla_dag.py
[2024-10-26 09:38:42,580] {logging_mixin.py:115} INFO - [2024-10-26 09:38:42,580] {dag.py:2379} INFO - Sync 1 DAGs
[2024-10-26 09:38:42,593] {logging_mixin.py:115} INFO - [2024-10-26 09:38:42,593] {dag.py:2927} INFO - Setting next_dagrun for example_sla_dag to 2024-10-26T12:36:00+00:00, run_after=2024-10-26T12:38:00+00:00
[2024-10-26 09:38:42,605] {processor.py:161} INFO - Processing /root/Documentos/airflow/venv/lib/python3.9/site-packages/airflow/example_dags/example_sla_dag.py took 0.048 seconds
[2024-10-26 09:39:17,400] {processor.py:153} INFO - Started process (PID=1377) to work on /root/Documentos/airflow/venv/lib/python3.9/site-packages/airflow/example_dags/example_sla_dag.py
[2024-10-26 09:39:17,407] {processor.py:641} INFO - Processing file /root/Documentos/airflow/venv/lib/python3.9/site-packages/airflow/example_dags/example_sla_dag.py for tasks to queue
[2024-10-26 09:39:17,407] {logging_mixin.py:115} INFO - [2024-10-26 09:39:17,407] {dagbag.py:507} INFO - Filling up the DagBag from /root/Documentos/airflow/venv/lib/python3.9/site-packages/airflow/example_dags/example_sla_dag.py
[2024-10-26 09:39:17,418] {processor.py:651} INFO - DAG(s) dict_keys(['example_sla_dag']) retrieved from /root/Documentos/airflow/venv/lib/python3.9/site-packages/airflow/example_dags/example_sla_dag.py
[2024-10-26 09:39:17,426] {logging_mixin.py:115} INFO - [2024-10-26 09:39:17,426] {dag.py:2379} INFO - Sync 1 DAGs
[2024-10-26 09:39:17,441] {logging_mixin.py:115} INFO - [2024-10-26 09:39:17,441] {dag.py:2927} INFO - Setting next_dagrun for example_sla_dag to 2024-10-26T12:36:00+00:00, run_after=2024-10-26T12:38:00+00:00
[2024-10-26 09:39:17,453] {processor.py:161} INFO - Processing /root/Documentos/airflow/venv/lib/python3.9/site-packages/airflow/example_dags/example_sla_dag.py took 0.054 seconds
[2024-10-26 09:39:49,144] {processor.py:153} INFO - Started process (PID=1533) to work on /root/Documentos/airflow/venv/lib/python3.9/site-packages/airflow/example_dags/example_sla_dag.py
[2024-10-26 09:39:49,146] {processor.py:641} INFO - Processing file /root/Documentos/airflow/venv/lib/python3.9/site-packages/airflow/example_dags/example_sla_dag.py for tasks to queue
[2024-10-26 09:39:49,146] {logging_mixin.py:115} INFO - [2024-10-26 09:39:49,146] {dagbag.py:507} INFO - Filling up the DagBag from /root/Documentos/airflow/venv/lib/python3.9/site-packages/airflow/example_dags/example_sla_dag.py
[2024-10-26 09:39:49,156] {processor.py:651} INFO - DAG(s) dict_keys(['example_sla_dag']) retrieved from /root/Documentos/airflow/venv/lib/python3.9/site-packages/airflow/example_dags/example_sla_dag.py
[2024-10-26 09:39:49,163] {logging_mixin.py:115} INFO - [2024-10-26 09:39:49,163] {dag.py:2379} INFO - Sync 1 DAGs
[2024-10-26 09:39:49,176] {logging_mixin.py:115} INFO - [2024-10-26 09:39:49,176] {dag.py:2927} INFO - Setting next_dagrun for example_sla_dag to 2024-10-26T12:36:00+00:00, run_after=2024-10-26T12:38:00+00:00
[2024-10-26 09:39:49,188] {processor.py:161} INFO - Processing /root/Documentos/airflow/venv/lib/python3.9/site-packages/airflow/example_dags/example_sla_dag.py took 0.045 seconds
[2024-10-26 09:40:23,394] {processor.py:153} INFO - Started process (PID=1698) to work on /root/Documentos/airflow/venv/lib/python3.9/site-packages/airflow/example_dags/example_sla_dag.py
[2024-10-26 09:40:23,403] {processor.py:641} INFO - Processing file /root/Documentos/airflow/venv/lib/python3.9/site-packages/airflow/example_dags/example_sla_dag.py for tasks to queue
[2024-10-26 09:40:23,403] {logging_mixin.py:115} INFO - [2024-10-26 09:40:23,403] {dagbag.py:507} INFO - Filling up the DagBag from /root/Documentos/airflow/venv/lib/python3.9/site-packages/airflow/example_dags/example_sla_dag.py
[2024-10-26 09:40:23,412] {processor.py:651} INFO - DAG(s) dict_keys(['example_sla_dag']) retrieved from /root/Documentos/airflow/venv/lib/python3.9/site-packages/airflow/example_dags/example_sla_dag.py
[2024-10-26 09:40:23,420] {logging_mixin.py:115} INFO - [2024-10-26 09:40:23,420] {dag.py:2379} INFO - Sync 1 DAGs
[2024-10-26 09:40:23,433] {logging_mixin.py:115} INFO - [2024-10-26 09:40:23,433] {dag.py:2927} INFO - Setting next_dagrun for example_sla_dag to 2024-10-26T12:38:00+00:00, run_after=2024-10-26T12:40:00+00:00
[2024-10-26 09:40:23,445] {processor.py:161} INFO - Processing /root/Documentos/airflow/venv/lib/python3.9/site-packages/airflow/example_dags/example_sla_dag.py took 0.052 seconds
[2024-10-26 09:40:58,997] {processor.py:153} INFO - Started process (PID=1869) to work on /root/Documentos/airflow/venv/lib/python3.9/site-packages/airflow/example_dags/example_sla_dag.py
[2024-10-26 09:40:59,002] {processor.py:641} INFO - Processing file /root/Documentos/airflow/venv/lib/python3.9/site-packages/airflow/example_dags/example_sla_dag.py for tasks to queue
[2024-10-26 09:40:59,003] {logging_mixin.py:115} INFO - [2024-10-26 09:40:59,003] {dagbag.py:507} INFO - Filling up the DagBag from /root/Documentos/airflow/venv/lib/python3.9/site-packages/airflow/example_dags/example_sla_dag.py
[2024-10-26 09:40:59,011] {processor.py:651} INFO - DAG(s) dict_keys(['example_sla_dag']) retrieved from /root/Documentos/airflow/venv/lib/python3.9/site-packages/airflow/example_dags/example_sla_dag.py
[2024-10-26 09:40:59,019] {logging_mixin.py:115} INFO - [2024-10-26 09:40:59,019] {dag.py:2379} INFO - Sync 1 DAGs
[2024-10-26 09:40:59,031] {logging_mixin.py:115} INFO - [2024-10-26 09:40:59,031] {dag.py:2927} INFO - Setting next_dagrun for example_sla_dag to 2024-10-26T12:38:00+00:00, run_after=2024-10-26T12:40:00+00:00
[2024-10-26 09:40:59,042] {processor.py:161} INFO - Processing /root/Documentos/airflow/venv/lib/python3.9/site-packages/airflow/example_dags/example_sla_dag.py took 0.046 seconds
[2024-10-26 09:41:32,764] {processor.py:153} INFO - Started process (PID=2034) to work on /root/Documentos/airflow/venv/lib/python3.9/site-packages/airflow/example_dags/example_sla_dag.py
[2024-10-26 09:41:32,765] {processor.py:641} INFO - Processing file /root/Documentos/airflow/venv/lib/python3.9/site-packages/airflow/example_dags/example_sla_dag.py for tasks to queue
[2024-10-26 09:41:32,766] {logging_mixin.py:115} INFO - [2024-10-26 09:41:32,766] {dagbag.py:507} INFO - Filling up the DagBag from /root/Documentos/airflow/venv/lib/python3.9/site-packages/airflow/example_dags/example_sla_dag.py
[2024-10-26 09:41:32,775] {processor.py:651} INFO - DAG(s) dict_keys(['example_sla_dag']) retrieved from /root/Documentos/airflow/venv/lib/python3.9/site-packages/airflow/example_dags/example_sla_dag.py
[2024-10-26 09:41:32,783] {logging_mixin.py:115} INFO - [2024-10-26 09:41:32,782] {dag.py:2379} INFO - Sync 1 DAGs
[2024-10-26 09:41:32,795] {logging_mixin.py:115} INFO - [2024-10-26 09:41:32,795] {dag.py:2927} INFO - Setting next_dagrun for example_sla_dag to 2024-10-26T12:38:00+00:00, run_after=2024-10-26T12:40:00+00:00
[2024-10-26 09:41:32,807] {processor.py:161} INFO - Processing /root/Documentos/airflow/venv/lib/python3.9/site-packages/airflow/example_dags/example_sla_dag.py took 0.044 seconds
[2024-10-26 09:42:07,883] {processor.py:153} INFO - Started process (PID=2203) to work on /root/Documentos/airflow/venv/lib/python3.9/site-packages/airflow/example_dags/example_sla_dag.py
[2024-10-26 09:42:07,884] {processor.py:641} INFO - Processing file /root/Documentos/airflow/venv/lib/python3.9/site-packages/airflow/example_dags/example_sla_dag.py for tasks to queue
[2024-10-26 09:42:07,885] {logging_mixin.py:115} INFO - [2024-10-26 09:42:07,885] {dagbag.py:507} INFO - Filling up the DagBag from /root/Documentos/airflow/venv/lib/python3.9/site-packages/airflow/example_dags/example_sla_dag.py
[2024-10-26 09:42:07,894] {processor.py:651} INFO - DAG(s) dict_keys(['example_sla_dag']) retrieved from /root/Documentos/airflow/venv/lib/python3.9/site-packages/airflow/example_dags/example_sla_dag.py
[2024-10-26 09:42:07,902] {logging_mixin.py:115} INFO - [2024-10-26 09:42:07,902] {dag.py:2379} INFO - Sync 1 DAGs
[2024-10-26 09:42:07,918] {logging_mixin.py:115} INFO - [2024-10-26 09:42:07,918] {dag.py:2927} INFO - Setting next_dagrun for example_sla_dag to 2024-10-26T12:40:00+00:00, run_after=2024-10-26T12:42:00+00:00
[2024-10-26 09:42:07,930] {processor.py:161} INFO - Processing /root/Documentos/airflow/venv/lib/python3.9/site-packages/airflow/example_dags/example_sla_dag.py took 0.048 seconds
[2024-10-26 09:42:41,099] {processor.py:153} INFO - Started process (PID=2364) to work on /root/Documentos/airflow/venv/lib/python3.9/site-packages/airflow/example_dags/example_sla_dag.py
[2024-10-26 09:42:41,100] {processor.py:641} INFO - Processing file /root/Documentos/airflow/venv/lib/python3.9/site-packages/airflow/example_dags/example_sla_dag.py for tasks to queue
[2024-10-26 09:42:41,100] {logging_mixin.py:115} INFO - [2024-10-26 09:42:41,100] {dagbag.py:507} INFO - Filling up the DagBag from /root/Documentos/airflow/venv/lib/python3.9/site-packages/airflow/example_dags/example_sla_dag.py
[2024-10-26 09:42:41,108] {processor.py:651} INFO - DAG(s) dict_keys(['example_sla_dag']) retrieved from /root/Documentos/airflow/venv/lib/python3.9/site-packages/airflow/example_dags/example_sla_dag.py
[2024-10-26 09:42:41,116] {logging_mixin.py:115} INFO - [2024-10-26 09:42:41,116] {dag.py:2379} INFO - Sync 1 DAGs
[2024-10-26 09:42:41,128] {logging_mixin.py:115} INFO - [2024-10-26 09:42:41,128] {dag.py:2927} INFO - Setting next_dagrun for example_sla_dag to 2024-10-26T12:40:00+00:00, run_after=2024-10-26T12:42:00+00:00
[2024-10-26 09:42:41,140] {processor.py:161} INFO - Processing /root/Documentos/airflow/venv/lib/python3.9/site-packages/airflow/example_dags/example_sla_dag.py took 0.042 seconds
[2024-10-26 09:43:13,546] {processor.py:153} INFO - Started process (PID=2522) to work on /root/Documentos/airflow/venv/lib/python3.9/site-packages/airflow/example_dags/example_sla_dag.py
[2024-10-26 09:43:13,550] {processor.py:641} INFO - Processing file /root/Documentos/airflow/venv/lib/python3.9/site-packages/airflow/example_dags/example_sla_dag.py for tasks to queue
[2024-10-26 09:43:13,550] {logging_mixin.py:115} INFO - [2024-10-26 09:43:13,550] {dagbag.py:507} INFO - Filling up the DagBag from /root/Documentos/airflow/venv/lib/python3.9/site-packages/airflow/example_dags/example_sla_dag.py
[2024-10-26 09:43:13,559] {processor.py:651} INFO - DAG(s) dict_keys(['example_sla_dag']) retrieved from /root/Documentos/airflow/venv/lib/python3.9/site-packages/airflow/example_dags/example_sla_dag.py
[2024-10-26 09:43:13,568] {logging_mixin.py:115} INFO - [2024-10-26 09:43:13,568] {dag.py:2379} INFO - Sync 1 DAGs
[2024-10-26 09:43:13,579] {logging_mixin.py:115} INFO - [2024-10-26 09:43:13,579] {dag.py:2927} INFO - Setting next_dagrun for example_sla_dag to 2024-10-26T12:40:00+00:00, run_after=2024-10-26T12:42:00+00:00
[2024-10-26 09:43:13,593] {processor.py:161} INFO - Processing /root/Documentos/airflow/venv/lib/python3.9/site-packages/airflow/example_dags/example_sla_dag.py took 0.048 seconds
[2024-10-26 09:43:50,409] {processor.py:153} INFO - Started process (PID=2696) to work on /root/Documentos/airflow/venv/lib/python3.9/site-packages/airflow/example_dags/example_sla_dag.py
[2024-10-26 09:43:50,414] {processor.py:641} INFO - Processing file /root/Documentos/airflow/venv/lib/python3.9/site-packages/airflow/example_dags/example_sla_dag.py for tasks to queue
[2024-10-26 09:43:50,414] {logging_mixin.py:115} INFO - [2024-10-26 09:43:50,414] {dagbag.py:507} INFO - Filling up the DagBag from /root/Documentos/airflow/venv/lib/python3.9/site-packages/airflow/example_dags/example_sla_dag.py
[2024-10-26 09:43:50,423] {processor.py:651} INFO - DAG(s) dict_keys(['example_sla_dag']) retrieved from /root/Documentos/airflow/venv/lib/python3.9/site-packages/airflow/example_dags/example_sla_dag.py
[2024-10-26 09:43:50,432] {logging_mixin.py:115} INFO - [2024-10-26 09:43:50,432] {dag.py:2379} INFO - Sync 1 DAGs
[2024-10-26 09:43:50,443] {logging_mixin.py:115} INFO - [2024-10-26 09:43:50,443] {dag.py:2927} INFO - Setting next_dagrun for example_sla_dag to 2024-10-26T12:40:00+00:00, run_after=2024-10-26T12:42:00+00:00
[2024-10-26 09:43:50,456] {processor.py:161} INFO - Processing /root/Documentos/airflow/venv/lib/python3.9/site-packages/airflow/example_dags/example_sla_dag.py took 0.049 seconds
[2024-10-26 09:44:25,360] {processor.py:153} INFO - Started process (PID=2866) to work on /root/Documentos/airflow/venv/lib/python3.9/site-packages/airflow/example_dags/example_sla_dag.py
[2024-10-26 09:44:25,367] {processor.py:641} INFO - Processing file /root/Documentos/airflow/venv/lib/python3.9/site-packages/airflow/example_dags/example_sla_dag.py for tasks to queue
[2024-10-26 09:44:25,367] {logging_mixin.py:115} INFO - [2024-10-26 09:44:25,367] {dagbag.py:507} INFO - Filling up the DagBag from /root/Documentos/airflow/venv/lib/python3.9/site-packages/airflow/example_dags/example_sla_dag.py
[2024-10-26 09:44:25,376] {processor.py:651} INFO - DAG(s) dict_keys(['example_sla_dag']) retrieved from /root/Documentos/airflow/venv/lib/python3.9/site-packages/airflow/example_dags/example_sla_dag.py
[2024-10-26 09:44:25,386] {logging_mixin.py:115} INFO - [2024-10-26 09:44:25,386] {dag.py:2379} INFO - Sync 1 DAGs
[2024-10-26 09:44:25,397] {logging_mixin.py:115} INFO - [2024-10-26 09:44:25,397] {dag.py:2927} INFO - Setting next_dagrun for example_sla_dag to 2024-10-26T12:42:00+00:00, run_after=2024-10-26T12:44:00+00:00
[2024-10-26 09:44:25,410] {processor.py:161} INFO - Processing /root/Documentos/airflow/venv/lib/python3.9/site-packages/airflow/example_dags/example_sla_dag.py took 0.051 seconds
[2024-10-26 09:44:58,617] {processor.py:153} INFO - Started process (PID=3028) to work on /root/Documentos/airflow/venv/lib/python3.9/site-packages/airflow/example_dags/example_sla_dag.py
[2024-10-26 09:44:58,617] {processor.py:641} INFO - Processing file /root/Documentos/airflow/venv/lib/python3.9/site-packages/airflow/example_dags/example_sla_dag.py for tasks to queue
[2024-10-26 09:44:58,618] {logging_mixin.py:115} INFO - [2024-10-26 09:44:58,618] {dagbag.py:507} INFO - Filling up the DagBag from /root/Documentos/airflow/venv/lib/python3.9/site-packages/airflow/example_dags/example_sla_dag.py
[2024-10-26 09:44:58,628] {processor.py:651} INFO - DAG(s) dict_keys(['example_sla_dag']) retrieved from /root/Documentos/airflow/venv/lib/python3.9/site-packages/airflow/example_dags/example_sla_dag.py
[2024-10-26 09:44:58,638] {logging_mixin.py:115} INFO - [2024-10-26 09:44:58,638] {dag.py:2379} INFO - Sync 1 DAGs
[2024-10-26 09:44:58,650] {logging_mixin.py:115} INFO - [2024-10-26 09:44:58,650] {dag.py:2927} INFO - Setting next_dagrun for example_sla_dag to 2024-10-26T12:42:00+00:00, run_after=2024-10-26T12:44:00+00:00
[2024-10-26 09:44:58,661] {processor.py:161} INFO - Processing /root/Documentos/airflow/venv/lib/python3.9/site-packages/airflow/example_dags/example_sla_dag.py took 0.046 seconds
[2024-10-26 09:45:33,625] {processor.py:153} INFO - Started process (PID=3197) to work on /root/Documentos/airflow/venv/lib/python3.9/site-packages/airflow/example_dags/example_sla_dag.py
[2024-10-26 09:45:33,631] {processor.py:641} INFO - Processing file /root/Documentos/airflow/venv/lib/python3.9/site-packages/airflow/example_dags/example_sla_dag.py for tasks to queue
[2024-10-26 09:45:33,631] {logging_mixin.py:115} INFO - [2024-10-26 09:45:33,631] {dagbag.py:507} INFO - Filling up the DagBag from /root/Documentos/airflow/venv/lib/python3.9/site-packages/airflow/example_dags/example_sla_dag.py
[2024-10-26 09:45:33,640] {processor.py:651} INFO - DAG(s) dict_keys(['example_sla_dag']) retrieved from /root/Documentos/airflow/venv/lib/python3.9/site-packages/airflow/example_dags/example_sla_dag.py
[2024-10-26 09:45:33,649] {logging_mixin.py:115} INFO - [2024-10-26 09:45:33,649] {dag.py:2379} INFO - Sync 1 DAGs
[2024-10-26 09:45:33,660] {logging_mixin.py:115} INFO - [2024-10-26 09:45:33,660] {dag.py:2927} INFO - Setting next_dagrun for example_sla_dag to 2024-10-26T12:42:00+00:00, run_after=2024-10-26T12:44:00+00:00
[2024-10-26 09:45:33,672] {processor.py:161} INFO - Processing /root/Documentos/airflow/venv/lib/python3.9/site-packages/airflow/example_dags/example_sla_dag.py took 0.048 seconds
[2024-10-26 09:46:08,473] {processor.py:153} INFO - Started process (PID=3364) to work on /root/Documentos/airflow/venv/lib/python3.9/site-packages/airflow/example_dags/example_sla_dag.py
[2024-10-26 09:46:08,480] {processor.py:641} INFO - Processing file /root/Documentos/airflow/venv/lib/python3.9/site-packages/airflow/example_dags/example_sla_dag.py for tasks to queue
[2024-10-26 09:46:08,481] {logging_mixin.py:115} INFO - [2024-10-26 09:46:08,480] {dagbag.py:507} INFO - Filling up the DagBag from /root/Documentos/airflow/venv/lib/python3.9/site-packages/airflow/example_dags/example_sla_dag.py
[2024-10-26 09:46:08,495] {processor.py:651} INFO - DAG(s) dict_keys(['example_sla_dag']) retrieved from /root/Documentos/airflow/venv/lib/python3.9/site-packages/airflow/example_dags/example_sla_dag.py
[2024-10-26 09:46:08,505] {logging_mixin.py:115} INFO - [2024-10-26 09:46:08,504] {dag.py:2379} INFO - Sync 1 DAGs
[2024-10-26 09:46:08,515] {logging_mixin.py:115} INFO - [2024-10-26 09:46:08,515] {dag.py:2927} INFO - Setting next_dagrun for example_sla_dag to 2024-10-26T12:44:00+00:00, run_after=2024-10-26T12:46:00+00:00
[2024-10-26 09:46:08,527] {processor.py:161} INFO - Processing /root/Documentos/airflow/venv/lib/python3.9/site-packages/airflow/example_dags/example_sla_dag.py took 0.055 seconds
[2024-10-26 09:46:40,670] {processor.py:153} INFO - Started process (PID=3598) to work on /root/Documentos/airflow/venv/lib/python3.9/site-packages/airflow/example_dags/example_sla_dag.py
[2024-10-26 09:46:40,672] {processor.py:641} INFO - Processing file /root/Documentos/airflow/venv/lib/python3.9/site-packages/airflow/example_dags/example_sla_dag.py for tasks to queue
[2024-10-26 09:46:40,672] {logging_mixin.py:115} INFO - [2024-10-26 09:46:40,672] {dagbag.py:507} INFO - Filling up the DagBag from /root/Documentos/airflow/venv/lib/python3.9/site-packages/airflow/example_dags/example_sla_dag.py
[2024-10-26 09:46:40,681] {processor.py:651} INFO - DAG(s) dict_keys(['example_sla_dag']) retrieved from /root/Documentos/airflow/venv/lib/python3.9/site-packages/airflow/example_dags/example_sla_dag.py
[2024-10-26 09:46:40,690] {logging_mixin.py:115} INFO - [2024-10-26 09:46:40,690] {dag.py:2379} INFO - Sync 1 DAGs
[2024-10-26 09:46:40,701] {logging_mixin.py:115} INFO - [2024-10-26 09:46:40,700] {dag.py:2927} INFO - Setting next_dagrun for example_sla_dag to 2024-10-26T12:44:00+00:00, run_after=2024-10-26T12:46:00+00:00
[2024-10-26 09:46:40,714] {processor.py:161} INFO - Processing /root/Documentos/airflow/venv/lib/python3.9/site-packages/airflow/example_dags/example_sla_dag.py took 0.045 seconds
[2024-10-26 09:47:17,678] {processor.py:153} INFO - Started process (PID=3778) to work on /root/Documentos/airflow/venv/lib/python3.9/site-packages/airflow/example_dags/example_sla_dag.py
[2024-10-26 09:47:17,680] {processor.py:641} INFO - Processing file /root/Documentos/airflow/venv/lib/python3.9/site-packages/airflow/example_dags/example_sla_dag.py for tasks to queue
[2024-10-26 09:47:17,680] {logging_mixin.py:115} INFO - [2024-10-26 09:47:17,680] {dagbag.py:507} INFO - Filling up the DagBag from /root/Documentos/airflow/venv/lib/python3.9/site-packages/airflow/example_dags/example_sla_dag.py
[2024-10-26 09:47:17,689] {processor.py:651} INFO - DAG(s) dict_keys(['example_sla_dag']) retrieved from /root/Documentos/airflow/venv/lib/python3.9/site-packages/airflow/example_dags/example_sla_dag.py
[2024-10-26 09:47:17,698] {logging_mixin.py:115} INFO - [2024-10-26 09:47:17,698] {dag.py:2379} INFO - Sync 1 DAGs
[2024-10-26 09:47:17,709] {logging_mixin.py:115} INFO - [2024-10-26 09:47:17,709] {dag.py:2927} INFO - Setting next_dagrun for example_sla_dag to 2024-10-26T12:44:00+00:00, run_after=2024-10-26T12:46:00+00:00
[2024-10-26 09:47:17,722] {processor.py:161} INFO - Processing /root/Documentos/airflow/venv/lib/python3.9/site-packages/airflow/example_dags/example_sla_dag.py took 0.045 seconds
[2024-10-26 09:47:48,880] {processor.py:153} INFO - Started process (PID=3931) to work on /root/Documentos/airflow/venv/lib/python3.9/site-packages/airflow/example_dags/example_sla_dag.py
[2024-10-26 09:47:48,880] {processor.py:641} INFO - Processing file /root/Documentos/airflow/venv/lib/python3.9/site-packages/airflow/example_dags/example_sla_dag.py for tasks to queue
[2024-10-26 09:47:48,880] {logging_mixin.py:115} INFO - [2024-10-26 09:47:48,880] {dagbag.py:507} INFO - Filling up the DagBag from /root/Documentos/airflow/venv/lib/python3.9/site-packages/airflow/example_dags/example_sla_dag.py
[2024-10-26 09:47:48,889] {processor.py:651} INFO - DAG(s) dict_keys(['example_sla_dag']) retrieved from /root/Documentos/airflow/venv/lib/python3.9/site-packages/airflow/example_dags/example_sla_dag.py
[2024-10-26 09:47:48,898] {logging_mixin.py:115} INFO - [2024-10-26 09:47:48,898] {dag.py:2379} INFO - Sync 1 DAGs
[2024-10-26 09:47:48,908] {logging_mixin.py:115} INFO - [2024-10-26 09:47:48,908] {dag.py:2927} INFO - Setting next_dagrun for example_sla_dag to 2024-10-26T12:44:00+00:00, run_after=2024-10-26T12:46:00+00:00
[2024-10-26 09:47:48,920] {processor.py:161} INFO - Processing /root/Documentos/airflow/venv/lib/python3.9/site-packages/airflow/example_dags/example_sla_dag.py took 0.042 seconds
[2024-10-26 09:48:24,966] {processor.py:153} INFO - Started process (PID=4113) to work on /root/Documentos/airflow/venv/lib/python3.9/site-packages/airflow/example_dags/example_sla_dag.py
[2024-10-26 09:48:24,969] {processor.py:641} INFO - Processing file /root/Documentos/airflow/venv/lib/python3.9/site-packages/airflow/example_dags/example_sla_dag.py for tasks to queue
[2024-10-26 09:48:24,969] {logging_mixin.py:115} INFO - [2024-10-26 09:48:24,969] {dagbag.py:507} INFO - Filling up the DagBag from /root/Documentos/airflow/venv/lib/python3.9/site-packages/airflow/example_dags/example_sla_dag.py
[2024-10-26 09:48:24,978] {processor.py:651} INFO - DAG(s) dict_keys(['example_sla_dag']) retrieved from /root/Documentos/airflow/venv/lib/python3.9/site-packages/airflow/example_dags/example_sla_dag.py
[2024-10-26 09:48:24,987] {logging_mixin.py:115} INFO - [2024-10-26 09:48:24,987] {dag.py:2379} INFO - Sync 1 DAGs
[2024-10-26 09:48:24,997] {logging_mixin.py:115} INFO - [2024-10-26 09:48:24,997] {dag.py:2927} INFO - Setting next_dagrun for example_sla_dag to 2024-10-26T12:46:00+00:00, run_after=2024-10-26T12:48:00+00:00
[2024-10-26 09:48:25,013] {processor.py:161} INFO - Processing /root/Documentos/airflow/venv/lib/python3.9/site-packages/airflow/example_dags/example_sla_dag.py took 0.048 seconds
[2024-10-26 09:49:01,848] {processor.py:153} INFO - Started process (PID=4292) to work on /root/Documentos/airflow/venv/lib/python3.9/site-packages/airflow/example_dags/example_sla_dag.py
[2024-10-26 09:49:01,849] {processor.py:641} INFO - Processing file /root/Documentos/airflow/venv/lib/python3.9/site-packages/airflow/example_dags/example_sla_dag.py for tasks to queue
[2024-10-26 09:49:01,850] {logging_mixin.py:115} INFO - [2024-10-26 09:49:01,850] {dagbag.py:507} INFO - Filling up the DagBag from /root/Documentos/airflow/venv/lib/python3.9/site-packages/airflow/example_dags/example_sla_dag.py
[2024-10-26 09:49:01,858] {processor.py:651} INFO - DAG(s) dict_keys(['example_sla_dag']) retrieved from /root/Documentos/airflow/venv/lib/python3.9/site-packages/airflow/example_dags/example_sla_dag.py
[2024-10-26 09:49:01,867] {logging_mixin.py:115} INFO - [2024-10-26 09:49:01,867] {dag.py:2379} INFO - Sync 1 DAGs
[2024-10-26 09:49:01,878] {logging_mixin.py:115} INFO - [2024-10-26 09:49:01,878] {dag.py:2927} INFO - Setting next_dagrun for example_sla_dag to 2024-10-26T12:46:00+00:00, run_after=2024-10-26T12:48:00+00:00
[2024-10-26 09:49:01,894] {processor.py:161} INFO - Processing /root/Documentos/airflow/venv/lib/python3.9/site-packages/airflow/example_dags/example_sla_dag.py took 0.048 seconds
[2024-10-26 09:49:37,784] {processor.py:153} INFO - Started process (PID=4465) to work on /root/Documentos/airflow/venv/lib/python3.9/site-packages/airflow/example_dags/example_sla_dag.py
[2024-10-26 09:49:37,788] {processor.py:641} INFO - Processing file /root/Documentos/airflow/venv/lib/python3.9/site-packages/airflow/example_dags/example_sla_dag.py for tasks to queue
[2024-10-26 09:49:37,788] {logging_mixin.py:115} INFO - [2024-10-26 09:49:37,788] {dagbag.py:507} INFO - Filling up the DagBag from /root/Documentos/airflow/venv/lib/python3.9/site-packages/airflow/example_dags/example_sla_dag.py
[2024-10-26 09:49:37,797] {processor.py:651} INFO - DAG(s) dict_keys(['example_sla_dag']) retrieved from /root/Documentos/airflow/venv/lib/python3.9/site-packages/airflow/example_dags/example_sla_dag.py
[2024-10-26 09:49:37,806] {logging_mixin.py:115} INFO - [2024-10-26 09:49:37,806] {dag.py:2379} INFO - Sync 1 DAGs
[2024-10-26 09:49:37,816] {logging_mixin.py:115} INFO - [2024-10-26 09:49:37,816] {dag.py:2927} INFO - Setting next_dagrun for example_sla_dag to 2024-10-26T12:46:00+00:00, run_after=2024-10-26T12:48:00+00:00
[2024-10-26 09:49:37,831] {processor.py:161} INFO - Processing /root/Documentos/airflow/venv/lib/python3.9/site-packages/airflow/example_dags/example_sla_dag.py took 0.049 seconds
[2024-10-26 09:50:14,348] {processor.py:153} INFO - Started process (PID=4641) to work on /root/Documentos/airflow/venv/lib/python3.9/site-packages/airflow/example_dags/example_sla_dag.py
[2024-10-26 09:50:14,358] {processor.py:641} INFO - Processing file /root/Documentos/airflow/venv/lib/python3.9/site-packages/airflow/example_dags/example_sla_dag.py for tasks to queue
[2024-10-26 09:50:14,358] {logging_mixin.py:115} INFO - [2024-10-26 09:50:14,358] {dagbag.py:507} INFO - Filling up the DagBag from /root/Documentos/airflow/venv/lib/python3.9/site-packages/airflow/example_dags/example_sla_dag.py
[2024-10-26 09:50:14,367] {processor.py:651} INFO - DAG(s) dict_keys(['example_sla_dag']) retrieved from /root/Documentos/airflow/venv/lib/python3.9/site-packages/airflow/example_dags/example_sla_dag.py
[2024-10-26 09:50:14,376] {logging_mixin.py:115} INFO - [2024-10-26 09:50:14,376] {dag.py:2379} INFO - Sync 1 DAGs
[2024-10-26 09:50:14,386] {logging_mixin.py:115} INFO - [2024-10-26 09:50:14,386] {dag.py:2927} INFO - Setting next_dagrun for example_sla_dag to 2024-10-26T12:48:00+00:00, run_after=2024-10-26T12:50:00+00:00
[2024-10-26 09:50:14,403] {processor.py:161} INFO - Processing /root/Documentos/airflow/venv/lib/python3.9/site-packages/airflow/example_dags/example_sla_dag.py took 0.056 seconds
[2024-10-26 09:50:48,283] {processor.py:153} INFO - Started process (PID=4805) to work on /root/Documentos/airflow/venv/lib/python3.9/site-packages/airflow/example_dags/example_sla_dag.py
[2024-10-26 09:50:48,288] {processor.py:641} INFO - Processing file /root/Documentos/airflow/venv/lib/python3.9/site-packages/airflow/example_dags/example_sla_dag.py for tasks to queue
[2024-10-26 09:50:48,289] {logging_mixin.py:115} INFO - [2024-10-26 09:50:48,289] {dagbag.py:507} INFO - Filling up the DagBag from /root/Documentos/airflow/venv/lib/python3.9/site-packages/airflow/example_dags/example_sla_dag.py
[2024-10-26 09:50:48,297] {processor.py:651} INFO - DAG(s) dict_keys(['example_sla_dag']) retrieved from /root/Documentos/airflow/venv/lib/python3.9/site-packages/airflow/example_dags/example_sla_dag.py
[2024-10-26 09:50:48,306] {logging_mixin.py:115} INFO - [2024-10-26 09:50:48,306] {dag.py:2379} INFO - Sync 1 DAGs
[2024-10-26 09:50:48,317] {logging_mixin.py:115} INFO - [2024-10-26 09:50:48,317] {dag.py:2927} INFO - Setting next_dagrun for example_sla_dag to 2024-10-26T12:48:00+00:00, run_after=2024-10-26T12:50:00+00:00
[2024-10-26 09:50:48,332] {processor.py:161} INFO - Processing /root/Documentos/airflow/venv/lib/python3.9/site-packages/airflow/example_dags/example_sla_dag.py took 0.050 seconds
[2024-10-26 09:51:19,841] {processor.py:153} INFO - Started process (PID=4960) to work on /root/Documentos/airflow/venv/lib/python3.9/site-packages/airflow/example_dags/example_sla_dag.py
[2024-10-26 09:51:19,841] {processor.py:641} INFO - Processing file /root/Documentos/airflow/venv/lib/python3.9/site-packages/airflow/example_dags/example_sla_dag.py for tasks to queue
[2024-10-26 09:51:19,841] {logging_mixin.py:115} INFO - [2024-10-26 09:51:19,841] {dagbag.py:507} INFO - Filling up the DagBag from /root/Documentos/airflow/venv/lib/python3.9/site-packages/airflow/example_dags/example_sla_dag.py
[2024-10-26 09:51:19,850] {processor.py:651} INFO - DAG(s) dict_keys(['example_sla_dag']) retrieved from /root/Documentos/airflow/venv/lib/python3.9/site-packages/airflow/example_dags/example_sla_dag.py
[2024-10-26 09:51:19,859] {logging_mixin.py:115} INFO - [2024-10-26 09:51:19,859] {dag.py:2379} INFO - Sync 1 DAGs
[2024-10-26 09:51:19,870] {logging_mixin.py:115} INFO - [2024-10-26 09:51:19,870] {dag.py:2927} INFO - Setting next_dagrun for example_sla_dag to 2024-10-26T12:48:00+00:00, run_after=2024-10-26T12:50:00+00:00
[2024-10-26 09:51:19,885] {processor.py:161} INFO - Processing /root/Documentos/airflow/venv/lib/python3.9/site-packages/airflow/example_dags/example_sla_dag.py took 0.045 seconds
[2024-10-26 09:51:55,748] {processor.py:153} INFO - Started process (PID=5134) to work on /root/Documentos/airflow/venv/lib/python3.9/site-packages/airflow/example_dags/example_sla_dag.py
[2024-10-26 09:51:55,749] {processor.py:641} INFO - Processing file /root/Documentos/airflow/venv/lib/python3.9/site-packages/airflow/example_dags/example_sla_dag.py for tasks to queue
[2024-10-26 09:51:55,750] {logging_mixin.py:115} INFO - [2024-10-26 09:51:55,750] {dagbag.py:507} INFO - Filling up the DagBag from /root/Documentos/airflow/venv/lib/python3.9/site-packages/airflow/example_dags/example_sla_dag.py
[2024-10-26 09:51:55,760] {processor.py:651} INFO - DAG(s) dict_keys(['example_sla_dag']) retrieved from /root/Documentos/airflow/venv/lib/python3.9/site-packages/airflow/example_dags/example_sla_dag.py
[2024-10-26 09:51:55,770] {logging_mixin.py:115} INFO - [2024-10-26 09:51:55,770] {dag.py:2379} INFO - Sync 1 DAGs
[2024-10-26 09:51:55,783] {logging_mixin.py:115} INFO - [2024-10-26 09:51:55,782] {dag.py:2927} INFO - Setting next_dagrun for example_sla_dag to 2024-10-26T12:48:00+00:00, run_after=2024-10-26T12:50:00+00:00
[2024-10-26 09:51:55,798] {processor.py:161} INFO - Processing /root/Documentos/airflow/venv/lib/python3.9/site-packages/airflow/example_dags/example_sla_dag.py took 0.052 seconds
[2024-10-26 09:52:29,264] {processor.py:153} INFO - Started process (PID=5297) to work on /root/Documentos/airflow/venv/lib/python3.9/site-packages/airflow/example_dags/example_sla_dag.py
[2024-10-26 09:52:29,264] {processor.py:641} INFO - Processing file /root/Documentos/airflow/venv/lib/python3.9/site-packages/airflow/example_dags/example_sla_dag.py for tasks to queue
[2024-10-26 09:52:29,264] {logging_mixin.py:115} INFO - [2024-10-26 09:52:29,264] {dagbag.py:507} INFO - Filling up the DagBag from /root/Documentos/airflow/venv/lib/python3.9/site-packages/airflow/example_dags/example_sla_dag.py
[2024-10-26 09:52:29,273] {processor.py:651} INFO - DAG(s) dict_keys(['example_sla_dag']) retrieved from /root/Documentos/airflow/venv/lib/python3.9/site-packages/airflow/example_dags/example_sla_dag.py
[2024-10-26 09:52:29,282] {logging_mixin.py:115} INFO - [2024-10-26 09:52:29,282] {dag.py:2379} INFO - Sync 1 DAGs
[2024-10-26 09:52:29,292] {logging_mixin.py:115} INFO - [2024-10-26 09:52:29,292] {dag.py:2927} INFO - Setting next_dagrun for example_sla_dag to 2024-10-26T12:50:00+00:00, run_after=2024-10-26T12:52:00+00:00
[2024-10-26 09:52:29,307] {processor.py:161} INFO - Processing /root/Documentos/airflow/venv/lib/python3.9/site-packages/airflow/example_dags/example_sla_dag.py took 0.045 seconds
[2024-10-26 09:53:03,741] {processor.py:153} INFO - Started process (PID=5463) to work on /root/Documentos/airflow/venv/lib/python3.9/site-packages/airflow/example_dags/example_sla_dag.py
[2024-10-26 09:53:03,743] {processor.py:641} INFO - Processing file /root/Documentos/airflow/venv/lib/python3.9/site-packages/airflow/example_dags/example_sla_dag.py for tasks to queue
[2024-10-26 09:53:03,744] {logging_mixin.py:115} INFO - [2024-10-26 09:53:03,744] {dagbag.py:507} INFO - Filling up the DagBag from /root/Documentos/airflow/venv/lib/python3.9/site-packages/airflow/example_dags/example_sla_dag.py
[2024-10-26 09:53:03,754] {processor.py:651} INFO - DAG(s) dict_keys(['example_sla_dag']) retrieved from /root/Documentos/airflow/venv/lib/python3.9/site-packages/airflow/example_dags/example_sla_dag.py
[2024-10-26 09:53:03,762] {logging_mixin.py:115} INFO - [2024-10-26 09:53:03,762] {dag.py:2379} INFO - Sync 1 DAGs
[2024-10-26 09:53:03,773] {logging_mixin.py:115} INFO - [2024-10-26 09:53:03,773] {dag.py:2927} INFO - Setting next_dagrun for example_sla_dag to 2024-10-26T12:50:00+00:00, run_after=2024-10-26T12:52:00+00:00
[2024-10-26 09:53:03,788] {processor.py:161} INFO - Processing /root/Documentos/airflow/venv/lib/python3.9/site-packages/airflow/example_dags/example_sla_dag.py took 0.048 seconds
[2024-10-26 09:53:37,558] {processor.py:153} INFO - Started process (PID=5626) to work on /root/Documentos/airflow/venv/lib/python3.9/site-packages/airflow/example_dags/example_sla_dag.py
[2024-10-26 09:53:37,559] {processor.py:641} INFO - Processing file /root/Documentos/airflow/venv/lib/python3.9/site-packages/airflow/example_dags/example_sla_dag.py for tasks to queue
[2024-10-26 09:53:37,559] {logging_mixin.py:115} INFO - [2024-10-26 09:53:37,559] {dagbag.py:507} INFO - Filling up the DagBag from /root/Documentos/airflow/venv/lib/python3.9/site-packages/airflow/example_dags/example_sla_dag.py
[2024-10-26 09:53:37,569] {processor.py:651} INFO - DAG(s) dict_keys(['example_sla_dag']) retrieved from /root/Documentos/airflow/venv/lib/python3.9/site-packages/airflow/example_dags/example_sla_dag.py
[2024-10-26 09:53:37,577] {logging_mixin.py:115} INFO - [2024-10-26 09:53:37,577] {dag.py:2379} INFO - Sync 1 DAGs
[2024-10-26 09:53:37,587] {logging_mixin.py:115} INFO - [2024-10-26 09:53:37,587] {dag.py:2927} INFO - Setting next_dagrun for example_sla_dag to 2024-10-26T12:50:00+00:00, run_after=2024-10-26T12:52:00+00:00
[2024-10-26 09:53:37,603] {processor.py:161} INFO - Processing /root/Documentos/airflow/venv/lib/python3.9/site-packages/airflow/example_dags/example_sla_dag.py took 0.047 seconds
[2024-10-26 09:54:10,254] {processor.py:153} INFO - Started process (PID=5785) to work on /root/Documentos/airflow/venv/lib/python3.9/site-packages/airflow/example_dags/example_sla_dag.py
[2024-10-26 09:54:10,259] {processor.py:641} INFO - Processing file /root/Documentos/airflow/venv/lib/python3.9/site-packages/airflow/example_dags/example_sla_dag.py for tasks to queue
[2024-10-26 09:54:10,259] {logging_mixin.py:115} INFO - [2024-10-26 09:54:10,259] {dagbag.py:507} INFO - Filling up the DagBag from /root/Documentos/airflow/venv/lib/python3.9/site-packages/airflow/example_dags/example_sla_dag.py
[2024-10-26 09:54:10,269] {processor.py:651} INFO - DAG(s) dict_keys(['example_sla_dag']) retrieved from /root/Documentos/airflow/venv/lib/python3.9/site-packages/airflow/example_dags/example_sla_dag.py
[2024-10-26 09:54:10,277] {logging_mixin.py:115} INFO - [2024-10-26 09:54:10,277] {dag.py:2379} INFO - Sync 1 DAGs
[2024-10-26 09:54:10,287] {logging_mixin.py:115} INFO - [2024-10-26 09:54:10,287] {dag.py:2927} INFO - Setting next_dagrun for example_sla_dag to 2024-10-26T12:52:00+00:00, run_after=2024-10-26T12:54:00+00:00
[2024-10-26 09:54:10,303] {processor.py:161} INFO - Processing /root/Documentos/airflow/venv/lib/python3.9/site-packages/airflow/example_dags/example_sla_dag.py took 0.051 seconds
[2024-10-26 09:54:48,101] {processor.py:153} INFO - Started process (PID=5967) to work on /root/Documentos/airflow/venv/lib/python3.9/site-packages/airflow/example_dags/example_sla_dag.py
[2024-10-26 09:54:48,106] {processor.py:641} INFO - Processing file /root/Documentos/airflow/venv/lib/python3.9/site-packages/airflow/example_dags/example_sla_dag.py for tasks to queue
[2024-10-26 09:54:48,107] {logging_mixin.py:115} INFO - [2024-10-26 09:54:48,107] {dagbag.py:507} INFO - Filling up the DagBag from /root/Documentos/airflow/venv/lib/python3.9/site-packages/airflow/example_dags/example_sla_dag.py
[2024-10-26 09:54:48,117] {processor.py:651} INFO - DAG(s) dict_keys(['example_sla_dag']) retrieved from /root/Documentos/airflow/venv/lib/python3.9/site-packages/airflow/example_dags/example_sla_dag.py
[2024-10-26 09:54:48,124] {logging_mixin.py:115} INFO - [2024-10-26 09:54:48,124] {dag.py:2379} INFO - Sync 1 DAGs
[2024-10-26 09:54:48,135] {logging_mixin.py:115} INFO - [2024-10-26 09:54:48,135] {dag.py:2927} INFO - Setting next_dagrun for example_sla_dag to 2024-10-26T12:52:00+00:00, run_after=2024-10-26T12:54:00+00:00
[2024-10-26 09:54:48,149] {processor.py:161} INFO - Processing /root/Documentos/airflow/venv/lib/python3.9/site-packages/airflow/example_dags/example_sla_dag.py took 0.049 seconds
[2024-10-26 09:55:53,387] {processor.py:153} INFO - Started process (PID=6165) to work on /root/Documentos/airflow/venv/lib/python3.9/site-packages/airflow/example_dags/example_sla_dag.py
[2024-10-26 09:55:53,388] {processor.py:641} INFO - Processing file /root/Documentos/airflow/venv/lib/python3.9/site-packages/airflow/example_dags/example_sla_dag.py for tasks to queue
[2024-10-26 09:55:53,388] {logging_mixin.py:115} INFO - [2024-10-26 09:55:53,388] {dagbag.py:507} INFO - Filling up the DagBag from /root/Documentos/airflow/venv/lib/python3.9/site-packages/airflow/example_dags/example_sla_dag.py
[2024-10-26 09:55:53,399] {processor.py:651} INFO - DAG(s) dict_keys(['example_sla_dag']) retrieved from /root/Documentos/airflow/venv/lib/python3.9/site-packages/airflow/example_dags/example_sla_dag.py
[2024-10-26 09:55:53,406] {logging_mixin.py:115} INFO - [2024-10-26 09:55:53,406] {dag.py:2379} INFO - Sync 1 DAGs
[2024-10-26 09:55:53,417] {logging_mixin.py:115} INFO - [2024-10-26 09:55:53,417] {dag.py:2927} INFO - Setting next_dagrun for example_sla_dag to 2024-10-26T12:52:00+00:00, run_after=2024-10-26T12:54:00+00:00
[2024-10-26 09:55:53,428] {processor.py:161} INFO - Processing /root/Documentos/airflow/venv/lib/python3.9/site-packages/airflow/example_dags/example_sla_dag.py took 0.042 seconds
