[2024-10-26 09:24:49,862] {processor.py:153} INFO - Started process (PID=10234) to work on /root/Documentos/airflow/venv/lib/python3.9/site-packages/airflow/example_dags/example_branch_day_of_week_operator.py
[2024-10-26 09:24:49,862] {processor.py:641} INFO - Processing file /root/Documentos/airflow/venv/lib/python3.9/site-packages/airflow/example_dags/example_branch_day_of_week_operator.py for tasks to queue
[2024-10-26 09:24:49,863] {logging_mixin.py:115} INFO - [2024-10-26 09:24:49,863] {dagbag.py:507} INFO - Filling up the DagBag from /root/Documentos/airflow/venv/lib/python3.9/site-packages/airflow/example_dags/example_branch_day_of_week_operator.py
[2024-10-26 09:24:49,875] {processor.py:651} INFO - DAG(s) dict_keys(['example_weekday_branch_operator']) retrieved from /root/Documentos/airflow/venv/lib/python3.9/site-packages/airflow/example_dags/example_branch_day_of_week_operator.py
[2024-10-26 09:24:49,922] {logging_mixin.py:115} INFO - [2024-10-26 09:24:49,922] {manager.py:508} INFO - Created Permission View: can edit on DAG:example_weekday_branch_operator
[2024-10-26 09:24:49,932] {logging_mixin.py:115} INFO - [2024-10-26 09:24:49,932] {manager.py:508} INFO - Created Permission View: can read on DAG:example_weekday_branch_operator
[2024-10-26 09:24:49,942] {logging_mixin.py:115} INFO - [2024-10-26 09:24:49,942] {manager.py:508} INFO - Created Permission View: can delete on DAG:example_weekday_branch_operator
[2024-10-26 09:24:49,942] {logging_mixin.py:115} INFO - [2024-10-26 09:24:49,942] {dag.py:2379} INFO - Sync 1 DAGs
[2024-10-26 09:24:49,946] {logging_mixin.py:115} INFO - [2024-10-26 09:24:49,946] {dag.py:2398} INFO - Creating ORM DAG for example_weekday_branch_operator
[2024-10-26 09:24:49,953] {logging_mixin.py:115} INFO - [2024-10-26 09:24:49,953] {dag.py:2927} INFO - Setting next_dagrun for example_weekday_branch_operator to 2024-10-25T00:00:00+00:00, run_after=2024-10-26T00:00:00+00:00
[2024-10-26 09:24:49,967] {processor.py:161} INFO - Processing /root/Documentos/airflow/venv/lib/python3.9/site-packages/airflow/example_dags/example_branch_day_of_week_operator.py took 0.107 seconds
[2024-10-26 09:25:25,459] {processor.py:153} INFO - Started process (PID=10405) to work on /root/Documentos/airflow/venv/lib/python3.9/site-packages/airflow/example_dags/example_branch_day_of_week_operator.py
[2024-10-26 09:25:25,464] {processor.py:641} INFO - Processing file /root/Documentos/airflow/venv/lib/python3.9/site-packages/airflow/example_dags/example_branch_day_of_week_operator.py for tasks to queue
[2024-10-26 09:25:25,464] {logging_mixin.py:115} INFO - [2024-10-26 09:25:25,464] {dagbag.py:507} INFO - Filling up the DagBag from /root/Documentos/airflow/venv/lib/python3.9/site-packages/airflow/example_dags/example_branch_day_of_week_operator.py
[2024-10-26 09:25:25,468] {processor.py:651} INFO - DAG(s) dict_keys(['example_weekday_branch_operator']) retrieved from /root/Documentos/airflow/venv/lib/python3.9/site-packages/airflow/example_dags/example_branch_day_of_week_operator.py
[2024-10-26 09:25:25,476] {logging_mixin.py:115} INFO - [2024-10-26 09:25:25,476] {dag.py:2379} INFO - Sync 1 DAGs
[2024-10-26 09:25:25,487] {logging_mixin.py:115} INFO - [2024-10-26 09:25:25,487] {dag.py:2927} INFO - Setting next_dagrun for example_weekday_branch_operator to 2024-10-25T00:00:00+00:00, run_after=2024-10-26T00:00:00+00:00
[2024-10-26 09:25:25,501] {processor.py:161} INFO - Processing /root/Documentos/airflow/venv/lib/python3.9/site-packages/airflow/example_dags/example_branch_day_of_week_operator.py took 0.044 seconds
[2024-10-26 09:25:57,050] {processor.py:153} INFO - Started process (PID=10560) to work on /root/Documentos/airflow/venv/lib/python3.9/site-packages/airflow/example_dags/example_branch_day_of_week_operator.py
[2024-10-26 09:25:57,056] {processor.py:641} INFO - Processing file /root/Documentos/airflow/venv/lib/python3.9/site-packages/airflow/example_dags/example_branch_day_of_week_operator.py for tasks to queue
[2024-10-26 09:25:57,056] {logging_mixin.py:115} INFO - [2024-10-26 09:25:57,056] {dagbag.py:507} INFO - Filling up the DagBag from /root/Documentos/airflow/venv/lib/python3.9/site-packages/airflow/example_dags/example_branch_day_of_week_operator.py
[2024-10-26 09:25:57,062] {processor.py:651} INFO - DAG(s) dict_keys(['example_weekday_branch_operator']) retrieved from /root/Documentos/airflow/venv/lib/python3.9/site-packages/airflow/example_dags/example_branch_day_of_week_operator.py
[2024-10-26 09:25:57,070] {logging_mixin.py:115} INFO - [2024-10-26 09:25:57,070] {dag.py:2379} INFO - Sync 1 DAGs
[2024-10-26 09:25:57,081] {logging_mixin.py:115} INFO - [2024-10-26 09:25:57,081] {dag.py:2927} INFO - Setting next_dagrun for example_weekday_branch_operator to 2024-10-25T00:00:00+00:00, run_after=2024-10-26T00:00:00+00:00
[2024-10-26 09:25:57,096] {processor.py:161} INFO - Processing /root/Documentos/airflow/venv/lib/python3.9/site-packages/airflow/example_dags/example_branch_day_of_week_operator.py took 0.047 seconds
[2024-10-26 09:26:30,542] {processor.py:153} INFO - Started process (PID=10722) to work on /root/Documentos/airflow/venv/lib/python3.9/site-packages/airflow/example_dags/example_branch_day_of_week_operator.py
[2024-10-26 09:26:30,544] {processor.py:641} INFO - Processing file /root/Documentos/airflow/venv/lib/python3.9/site-packages/airflow/example_dags/example_branch_day_of_week_operator.py for tasks to queue
[2024-10-26 09:26:30,545] {logging_mixin.py:115} INFO - [2024-10-26 09:26:30,545] {dagbag.py:507} INFO - Filling up the DagBag from /root/Documentos/airflow/venv/lib/python3.9/site-packages/airflow/example_dags/example_branch_day_of_week_operator.py
[2024-10-26 09:26:30,549] {processor.py:651} INFO - DAG(s) dict_keys(['example_weekday_branch_operator']) retrieved from /root/Documentos/airflow/venv/lib/python3.9/site-packages/airflow/example_dags/example_branch_day_of_week_operator.py
[2024-10-26 09:26:30,557] {logging_mixin.py:115} INFO - [2024-10-26 09:26:30,557] {dag.py:2379} INFO - Sync 1 DAGs
[2024-10-26 09:26:30,568] {logging_mixin.py:115} INFO - [2024-10-26 09:26:30,568] {dag.py:2927} INFO - Setting next_dagrun for example_weekday_branch_operator to 2024-10-25T00:00:00+00:00, run_after=2024-10-26T00:00:00+00:00
[2024-10-26 09:26:30,582] {processor.py:161} INFO - Processing /root/Documentos/airflow/venv/lib/python3.9/site-packages/airflow/example_dags/example_branch_day_of_week_operator.py took 0.041 seconds
[2024-10-26 09:27:03,967] {processor.py:153} INFO - Started process (PID=10884) to work on /root/Documentos/airflow/venv/lib/python3.9/site-packages/airflow/example_dags/example_branch_day_of_week_operator.py
[2024-10-26 09:27:03,973] {processor.py:641} INFO - Processing file /root/Documentos/airflow/venv/lib/python3.9/site-packages/airflow/example_dags/example_branch_day_of_week_operator.py for tasks to queue
[2024-10-26 09:27:03,974] {logging_mixin.py:115} INFO - [2024-10-26 09:27:03,974] {dagbag.py:507} INFO - Filling up the DagBag from /root/Documentos/airflow/venv/lib/python3.9/site-packages/airflow/example_dags/example_branch_day_of_week_operator.py
[2024-10-26 09:27:03,977] {processor.py:651} INFO - DAG(s) dict_keys(['example_weekday_branch_operator']) retrieved from /root/Documentos/airflow/venv/lib/python3.9/site-packages/airflow/example_dags/example_branch_day_of_week_operator.py
[2024-10-26 09:27:03,986] {logging_mixin.py:115} INFO - [2024-10-26 09:27:03,986] {dag.py:2379} INFO - Sync 1 DAGs
[2024-10-26 09:27:03,998] {logging_mixin.py:115} INFO - [2024-10-26 09:27:03,998] {dag.py:2927} INFO - Setting next_dagrun for example_weekday_branch_operator to 2024-10-25T00:00:00+00:00, run_after=2024-10-26T00:00:00+00:00
[2024-10-26 09:27:04,011] {processor.py:161} INFO - Processing /root/Documentos/airflow/venv/lib/python3.9/site-packages/airflow/example_dags/example_branch_day_of_week_operator.py took 0.045 seconds
[2024-10-26 09:27:37,024] {processor.py:153} INFO - Started process (PID=11045) to work on /root/Documentos/airflow/venv/lib/python3.9/site-packages/airflow/example_dags/example_branch_day_of_week_operator.py
[2024-10-26 09:27:37,031] {processor.py:641} INFO - Processing file /root/Documentos/airflow/venv/lib/python3.9/site-packages/airflow/example_dags/example_branch_day_of_week_operator.py for tasks to queue
[2024-10-26 09:27:37,031] {logging_mixin.py:115} INFO - [2024-10-26 09:27:37,031] {dagbag.py:507} INFO - Filling up the DagBag from /root/Documentos/airflow/venv/lib/python3.9/site-packages/airflow/example_dags/example_branch_day_of_week_operator.py
[2024-10-26 09:27:37,036] {processor.py:651} INFO - DAG(s) dict_keys(['example_weekday_branch_operator']) retrieved from /root/Documentos/airflow/venv/lib/python3.9/site-packages/airflow/example_dags/example_branch_day_of_week_operator.py
[2024-10-26 09:27:37,044] {logging_mixin.py:115} INFO - [2024-10-26 09:27:37,044] {dag.py:2379} INFO - Sync 1 DAGs
[2024-10-26 09:27:37,056] {logging_mixin.py:115} INFO - [2024-10-26 09:27:37,056] {dag.py:2927} INFO - Setting next_dagrun for example_weekday_branch_operator to 2024-10-25T00:00:00+00:00, run_after=2024-10-26T00:00:00+00:00
[2024-10-26 09:27:37,068] {processor.py:161} INFO - Processing /root/Documentos/airflow/venv/lib/python3.9/site-packages/airflow/example_dags/example_branch_day_of_week_operator.py took 0.046 seconds
[2024-10-26 09:28:11,952] {processor.py:153} INFO - Started process (PID=11218) to work on /root/Documentos/airflow/venv/lib/python3.9/site-packages/airflow/example_dags/example_branch_day_of_week_operator.py
[2024-10-26 09:28:11,953] {processor.py:641} INFO - Processing file /root/Documentos/airflow/venv/lib/python3.9/site-packages/airflow/example_dags/example_branch_day_of_week_operator.py for tasks to queue
[2024-10-26 09:28:11,953] {logging_mixin.py:115} INFO - [2024-10-26 09:28:11,953] {dagbag.py:507} INFO - Filling up the DagBag from /root/Documentos/airflow/venv/lib/python3.9/site-packages/airflow/example_dags/example_branch_day_of_week_operator.py
[2024-10-26 09:28:11,957] {processor.py:651} INFO - DAG(s) dict_keys(['example_weekday_branch_operator']) retrieved from /root/Documentos/airflow/venv/lib/python3.9/site-packages/airflow/example_dags/example_branch_day_of_week_operator.py
[2024-10-26 09:28:11,966] {logging_mixin.py:115} INFO - [2024-10-26 09:28:11,966] {dag.py:2379} INFO - Sync 1 DAGs
[2024-10-26 09:28:11,978] {logging_mixin.py:115} INFO - [2024-10-26 09:28:11,978] {dag.py:2927} INFO - Setting next_dagrun for example_weekday_branch_operator to 2024-10-25T00:00:00+00:00, run_after=2024-10-26T00:00:00+00:00
[2024-10-26 09:28:11,990] {processor.py:161} INFO - Processing /root/Documentos/airflow/venv/lib/python3.9/site-packages/airflow/example_dags/example_branch_day_of_week_operator.py took 0.039 seconds
[2024-10-26 09:28:44,186] {processor.py:153} INFO - Started process (PID=11381) to work on /root/Documentos/airflow/venv/lib/python3.9/site-packages/airflow/example_dags/example_branch_day_of_week_operator.py
[2024-10-26 09:28:44,187] {processor.py:641} INFO - Processing file /root/Documentos/airflow/venv/lib/python3.9/site-packages/airflow/example_dags/example_branch_day_of_week_operator.py for tasks to queue
[2024-10-26 09:28:44,187] {logging_mixin.py:115} INFO - [2024-10-26 09:28:44,187] {dagbag.py:507} INFO - Filling up the DagBag from /root/Documentos/airflow/venv/lib/python3.9/site-packages/airflow/example_dags/example_branch_day_of_week_operator.py
[2024-10-26 09:28:44,191] {processor.py:651} INFO - DAG(s) dict_keys(['example_weekday_branch_operator']) retrieved from /root/Documentos/airflow/venv/lib/python3.9/site-packages/airflow/example_dags/example_branch_day_of_week_operator.py
[2024-10-26 09:28:44,200] {logging_mixin.py:115} INFO - [2024-10-26 09:28:44,199] {dag.py:2379} INFO - Sync 1 DAGs
[2024-10-26 09:28:44,211] {logging_mixin.py:115} INFO - [2024-10-26 09:28:44,211] {dag.py:2927} INFO - Setting next_dagrun for example_weekday_branch_operator to 2024-10-25T00:00:00+00:00, run_after=2024-10-26T00:00:00+00:00
[2024-10-26 09:28:44,222] {processor.py:161} INFO - Processing /root/Documentos/airflow/venv/lib/python3.9/site-packages/airflow/example_dags/example_branch_day_of_week_operator.py took 0.038 seconds
[2024-10-26 09:38:05,789] {processor.py:153} INFO - Started process (PID=1023) to work on /root/Documentos/airflow/venv/lib/python3.9/site-packages/airflow/example_dags/example_branch_day_of_week_operator.py
[2024-10-26 09:38:05,790] {processor.py:641} INFO - Processing file /root/Documentos/airflow/venv/lib/python3.9/site-packages/airflow/example_dags/example_branch_day_of_week_operator.py for tasks to queue
[2024-10-26 09:38:05,790] {logging_mixin.py:115} INFO - [2024-10-26 09:38:05,790] {dagbag.py:507} INFO - Filling up the DagBag from /root/Documentos/airflow/venv/lib/python3.9/site-packages/airflow/example_dags/example_branch_day_of_week_operator.py
[2024-10-26 09:38:05,796] {processor.py:651} INFO - DAG(s) dict_keys(['example_weekday_branch_operator']) retrieved from /root/Documentos/airflow/venv/lib/python3.9/site-packages/airflow/example_dags/example_branch_day_of_week_operator.py
[2024-10-26 09:38:05,807] {logging_mixin.py:115} INFO - [2024-10-26 09:38:05,806] {dag.py:2379} INFO - Sync 1 DAGs
[2024-10-26 09:38:05,821] {logging_mixin.py:115} INFO - [2024-10-26 09:38:05,821] {dag.py:2927} INFO - Setting next_dagrun for example_weekday_branch_operator to 2024-10-25T00:00:00+00:00, run_after=2024-10-26T00:00:00+00:00
[2024-10-26 09:38:05,832] {processor.py:161} INFO - Processing /root/Documentos/airflow/venv/lib/python3.9/site-packages/airflow/example_dags/example_branch_day_of_week_operator.py took 0.044 seconds
[2024-10-26 09:38:37,431] {processor.py:153} INFO - Started process (PID=1181) to work on /root/Documentos/airflow/venv/lib/python3.9/site-packages/airflow/example_dags/example_branch_day_of_week_operator.py
[2024-10-26 09:38:37,437] {processor.py:641} INFO - Processing file /root/Documentos/airflow/venv/lib/python3.9/site-packages/airflow/example_dags/example_branch_day_of_week_operator.py for tasks to queue
[2024-10-26 09:38:37,438] {logging_mixin.py:115} INFO - [2024-10-26 09:38:37,437] {dagbag.py:507} INFO - Filling up the DagBag from /root/Documentos/airflow/venv/lib/python3.9/site-packages/airflow/example_dags/example_branch_day_of_week_operator.py
[2024-10-26 09:38:37,442] {processor.py:651} INFO - DAG(s) dict_keys(['example_weekday_branch_operator']) retrieved from /root/Documentos/airflow/venv/lib/python3.9/site-packages/airflow/example_dags/example_branch_day_of_week_operator.py
[2024-10-26 09:38:37,450] {logging_mixin.py:115} INFO - [2024-10-26 09:38:37,450] {dag.py:2379} INFO - Sync 1 DAGs
[2024-10-26 09:38:37,461] {logging_mixin.py:115} INFO - [2024-10-26 09:38:37,461] {dag.py:2927} INFO - Setting next_dagrun for example_weekday_branch_operator to 2024-10-25T00:00:00+00:00, run_after=2024-10-26T00:00:00+00:00
[2024-10-26 09:38:37,473] {processor.py:161} INFO - Processing /root/Documentos/airflow/venv/lib/python3.9/site-packages/airflow/example_dags/example_branch_day_of_week_operator.py took 0.044 seconds
[2024-10-26 09:39:12,265] {processor.py:153} INFO - Started process (PID=1352) to work on /root/Documentos/airflow/venv/lib/python3.9/site-packages/airflow/example_dags/example_branch_day_of_week_operator.py
[2024-10-26 09:39:12,270] {processor.py:641} INFO - Processing file /root/Documentos/airflow/venv/lib/python3.9/site-packages/airflow/example_dags/example_branch_day_of_week_operator.py for tasks to queue
[2024-10-26 09:39:12,270] {logging_mixin.py:115} INFO - [2024-10-26 09:39:12,270] {dagbag.py:507} INFO - Filling up the DagBag from /root/Documentos/airflow/venv/lib/python3.9/site-packages/airflow/example_dags/example_branch_day_of_week_operator.py
[2024-10-26 09:39:12,274] {processor.py:651} INFO - DAG(s) dict_keys(['example_weekday_branch_operator']) retrieved from /root/Documentos/airflow/venv/lib/python3.9/site-packages/airflow/example_dags/example_branch_day_of_week_operator.py
[2024-10-26 09:39:12,282] {logging_mixin.py:115} INFO - [2024-10-26 09:39:12,282] {dag.py:2379} INFO - Sync 1 DAGs
[2024-10-26 09:39:12,294] {logging_mixin.py:115} INFO - [2024-10-26 09:39:12,294] {dag.py:2927} INFO - Setting next_dagrun for example_weekday_branch_operator to 2024-10-25T00:00:00+00:00, run_after=2024-10-26T00:00:00+00:00
[2024-10-26 09:39:12,307] {processor.py:161} INFO - Processing /root/Documentos/airflow/venv/lib/python3.9/site-packages/airflow/example_dags/example_branch_day_of_week_operator.py took 0.044 seconds
[2024-10-26 09:39:44,938] {processor.py:153} INFO - Started process (PID=1511) to work on /root/Documentos/airflow/venv/lib/python3.9/site-packages/airflow/example_dags/example_branch_day_of_week_operator.py
[2024-10-26 09:39:44,943] {processor.py:641} INFO - Processing file /root/Documentos/airflow/venv/lib/python3.9/site-packages/airflow/example_dags/example_branch_day_of_week_operator.py for tasks to queue
[2024-10-26 09:39:44,944] {logging_mixin.py:115} INFO - [2024-10-26 09:39:44,944] {dagbag.py:507} INFO - Filling up the DagBag from /root/Documentos/airflow/venv/lib/python3.9/site-packages/airflow/example_dags/example_branch_day_of_week_operator.py
[2024-10-26 09:39:44,947] {processor.py:651} INFO - DAG(s) dict_keys(['example_weekday_branch_operator']) retrieved from /root/Documentos/airflow/venv/lib/python3.9/site-packages/airflow/example_dags/example_branch_day_of_week_operator.py
[2024-10-26 09:39:44,955] {logging_mixin.py:115} INFO - [2024-10-26 09:39:44,955] {dag.py:2379} INFO - Sync 1 DAGs
[2024-10-26 09:39:44,967] {logging_mixin.py:115} INFO - [2024-10-26 09:39:44,967] {dag.py:2927} INFO - Setting next_dagrun for example_weekday_branch_operator to 2024-10-25T00:00:00+00:00, run_after=2024-10-26T00:00:00+00:00
[2024-10-26 09:39:44,980] {processor.py:161} INFO - Processing /root/Documentos/airflow/venv/lib/python3.9/site-packages/airflow/example_dags/example_branch_day_of_week_operator.py took 0.043 seconds
[2024-10-26 09:40:19,381] {processor.py:153} INFO - Started process (PID=1677) to work on /root/Documentos/airflow/venv/lib/python3.9/site-packages/airflow/example_dags/example_branch_day_of_week_operator.py
[2024-10-26 09:40:19,387] {processor.py:641} INFO - Processing file /root/Documentos/airflow/venv/lib/python3.9/site-packages/airflow/example_dags/example_branch_day_of_week_operator.py for tasks to queue
[2024-10-26 09:40:19,388] {logging_mixin.py:115} INFO - [2024-10-26 09:40:19,388] {dagbag.py:507} INFO - Filling up the DagBag from /root/Documentos/airflow/venv/lib/python3.9/site-packages/airflow/example_dags/example_branch_day_of_week_operator.py
[2024-10-26 09:40:19,392] {processor.py:651} INFO - DAG(s) dict_keys(['example_weekday_branch_operator']) retrieved from /root/Documentos/airflow/venv/lib/python3.9/site-packages/airflow/example_dags/example_branch_day_of_week_operator.py
[2024-10-26 09:40:19,400] {logging_mixin.py:115} INFO - [2024-10-26 09:40:19,400] {dag.py:2379} INFO - Sync 1 DAGs
[2024-10-26 09:40:19,412] {logging_mixin.py:115} INFO - [2024-10-26 09:40:19,412] {dag.py:2927} INFO - Setting next_dagrun for example_weekday_branch_operator to 2024-10-25T00:00:00+00:00, run_after=2024-10-26T00:00:00+00:00
[2024-10-26 09:40:19,423] {processor.py:161} INFO - Processing /root/Documentos/airflow/venv/lib/python3.9/site-packages/airflow/example_dags/example_branch_day_of_week_operator.py took 0.044 seconds
[2024-10-26 09:40:53,713] {processor.py:153} INFO - Started process (PID=1842) to work on /root/Documentos/airflow/venv/lib/python3.9/site-packages/airflow/example_dags/example_branch_day_of_week_operator.py
[2024-10-26 09:40:53,720] {processor.py:641} INFO - Processing file /root/Documentos/airflow/venv/lib/python3.9/site-packages/airflow/example_dags/example_branch_day_of_week_operator.py for tasks to queue
[2024-10-26 09:40:53,720] {logging_mixin.py:115} INFO - [2024-10-26 09:40:53,720] {dagbag.py:507} INFO - Filling up the DagBag from /root/Documentos/airflow/venv/lib/python3.9/site-packages/airflow/example_dags/example_branch_day_of_week_operator.py
[2024-10-26 09:40:53,724] {processor.py:651} INFO - DAG(s) dict_keys(['example_weekday_branch_operator']) retrieved from /root/Documentos/airflow/venv/lib/python3.9/site-packages/airflow/example_dags/example_branch_day_of_week_operator.py
[2024-10-26 09:40:53,732] {logging_mixin.py:115} INFO - [2024-10-26 09:40:53,732] {dag.py:2379} INFO - Sync 1 DAGs
[2024-10-26 09:40:53,743] {logging_mixin.py:115} INFO - [2024-10-26 09:40:53,743] {dag.py:2927} INFO - Setting next_dagrun for example_weekday_branch_operator to 2024-10-25T00:00:00+00:00, run_after=2024-10-26T00:00:00+00:00
[2024-10-26 09:40:53,756] {processor.py:161} INFO - Processing /root/Documentos/airflow/venv/lib/python3.9/site-packages/airflow/example_dags/example_branch_day_of_week_operator.py took 0.045 seconds
[2024-10-26 09:41:26,572] {processor.py:153} INFO - Started process (PID=2004) to work on /root/Documentos/airflow/venv/lib/python3.9/site-packages/airflow/example_dags/example_branch_day_of_week_operator.py
[2024-10-26 09:41:26,579] {processor.py:641} INFO - Processing file /root/Documentos/airflow/venv/lib/python3.9/site-packages/airflow/example_dags/example_branch_day_of_week_operator.py for tasks to queue
[2024-10-26 09:41:26,580] {logging_mixin.py:115} INFO - [2024-10-26 09:41:26,580] {dagbag.py:507} INFO - Filling up the DagBag from /root/Documentos/airflow/venv/lib/python3.9/site-packages/airflow/example_dags/example_branch_day_of_week_operator.py
[2024-10-26 09:41:26,583] {processor.py:651} INFO - DAG(s) dict_keys(['example_weekday_branch_operator']) retrieved from /root/Documentos/airflow/venv/lib/python3.9/site-packages/airflow/example_dags/example_branch_day_of_week_operator.py
[2024-10-26 09:41:26,592] {logging_mixin.py:115} INFO - [2024-10-26 09:41:26,592] {dag.py:2379} INFO - Sync 1 DAGs
[2024-10-26 09:41:26,603] {logging_mixin.py:115} INFO - [2024-10-26 09:41:26,603] {dag.py:2927} INFO - Setting next_dagrun for example_weekday_branch_operator to 2024-10-25T00:00:00+00:00, run_after=2024-10-26T00:00:00+00:00
[2024-10-26 09:41:26,617] {processor.py:161} INFO - Processing /root/Documentos/airflow/venv/lib/python3.9/site-packages/airflow/example_dags/example_branch_day_of_week_operator.py took 0.046 seconds
[2024-10-26 09:42:02,168] {processor.py:153} INFO - Started process (PID=2174) to work on /root/Documentos/airflow/venv/lib/python3.9/site-packages/airflow/example_dags/example_branch_day_of_week_operator.py
[2024-10-26 09:42:02,174] {processor.py:641} INFO - Processing file /root/Documentos/airflow/venv/lib/python3.9/site-packages/airflow/example_dags/example_branch_day_of_week_operator.py for tasks to queue
[2024-10-26 09:42:02,174] {logging_mixin.py:115} INFO - [2024-10-26 09:42:02,174] {dagbag.py:507} INFO - Filling up the DagBag from /root/Documentos/airflow/venv/lib/python3.9/site-packages/airflow/example_dags/example_branch_day_of_week_operator.py
[2024-10-26 09:42:02,178] {processor.py:651} INFO - DAG(s) dict_keys(['example_weekday_branch_operator']) retrieved from /root/Documentos/airflow/venv/lib/python3.9/site-packages/airflow/example_dags/example_branch_day_of_week_operator.py
[2024-10-26 09:42:02,186] {logging_mixin.py:115} INFO - [2024-10-26 09:42:02,186] {dag.py:2379} INFO - Sync 1 DAGs
[2024-10-26 09:42:02,198] {logging_mixin.py:115} INFO - [2024-10-26 09:42:02,197] {dag.py:2927} INFO - Setting next_dagrun for example_weekday_branch_operator to 2024-10-25T00:00:00+00:00, run_after=2024-10-26T00:00:00+00:00
[2024-10-26 09:42:02,210] {processor.py:161} INFO - Processing /root/Documentos/airflow/venv/lib/python3.9/site-packages/airflow/example_dags/example_branch_day_of_week_operator.py took 0.043 seconds
[2024-10-26 09:42:37,229] {processor.py:153} INFO - Started process (PID=2344) to work on /root/Documentos/airflow/venv/lib/python3.9/site-packages/airflow/example_dags/example_branch_day_of_week_operator.py
[2024-10-26 09:42:37,230] {processor.py:641} INFO - Processing file /root/Documentos/airflow/venv/lib/python3.9/site-packages/airflow/example_dags/example_branch_day_of_week_operator.py for tasks to queue
[2024-10-26 09:42:37,231] {logging_mixin.py:115} INFO - [2024-10-26 09:42:37,231] {dagbag.py:507} INFO - Filling up the DagBag from /root/Documentos/airflow/venv/lib/python3.9/site-packages/airflow/example_dags/example_branch_day_of_week_operator.py
[2024-10-26 09:42:37,234] {processor.py:651} INFO - DAG(s) dict_keys(['example_weekday_branch_operator']) retrieved from /root/Documentos/airflow/venv/lib/python3.9/site-packages/airflow/example_dags/example_branch_day_of_week_operator.py
[2024-10-26 09:42:37,242] {logging_mixin.py:115} INFO - [2024-10-26 09:42:37,242] {dag.py:2379} INFO - Sync 1 DAGs
[2024-10-26 09:42:37,254] {logging_mixin.py:115} INFO - [2024-10-26 09:42:37,254] {dag.py:2927} INFO - Setting next_dagrun for example_weekday_branch_operator to 2024-10-25T00:00:00+00:00, run_after=2024-10-26T00:00:00+00:00
[2024-10-26 09:42:37,265] {processor.py:161} INFO - Processing /root/Documentos/airflow/venv/lib/python3.9/site-packages/airflow/example_dags/example_branch_day_of_week_operator.py took 0.038 seconds
[2024-10-26 09:43:09,514] {processor.py:153} INFO - Started process (PID=2501) to work on /root/Documentos/airflow/venv/lib/python3.9/site-packages/airflow/example_dags/example_branch_day_of_week_operator.py
[2024-10-26 09:43:09,521] {processor.py:641} INFO - Processing file /root/Documentos/airflow/venv/lib/python3.9/site-packages/airflow/example_dags/example_branch_day_of_week_operator.py for tasks to queue
[2024-10-26 09:43:09,521] {logging_mixin.py:115} INFO - [2024-10-26 09:43:09,521] {dagbag.py:507} INFO - Filling up the DagBag from /root/Documentos/airflow/venv/lib/python3.9/site-packages/airflow/example_dags/example_branch_day_of_week_operator.py
[2024-10-26 09:43:09,525] {processor.py:651} INFO - DAG(s) dict_keys(['example_weekday_branch_operator']) retrieved from /root/Documentos/airflow/venv/lib/python3.9/site-packages/airflow/example_dags/example_branch_day_of_week_operator.py
[2024-10-26 09:43:09,533] {logging_mixin.py:115} INFO - [2024-10-26 09:43:09,532] {dag.py:2379} INFO - Sync 1 DAGs
[2024-10-26 09:43:09,544] {logging_mixin.py:115} INFO - [2024-10-26 09:43:09,543] {dag.py:2927} INFO - Setting next_dagrun for example_weekday_branch_operator to 2024-10-25T00:00:00+00:00, run_after=2024-10-26T00:00:00+00:00
[2024-10-26 09:43:09,557] {processor.py:161} INFO - Processing /root/Documentos/airflow/venv/lib/python3.9/site-packages/airflow/example_dags/example_branch_day_of_week_operator.py took 0.045 seconds
[2024-10-26 09:43:42,890] {processor.py:153} INFO - Started process (PID=2663) to work on /root/Documentos/airflow/venv/lib/python3.9/site-packages/airflow/example_dags/example_branch_day_of_week_operator.py
[2024-10-26 09:43:42,898] {processor.py:641} INFO - Processing file /root/Documentos/airflow/venv/lib/python3.9/site-packages/airflow/example_dags/example_branch_day_of_week_operator.py for tasks to queue
[2024-10-26 09:43:42,899] {logging_mixin.py:115} INFO - [2024-10-26 09:43:42,898] {dagbag.py:507} INFO - Filling up the DagBag from /root/Documentos/airflow/venv/lib/python3.9/site-packages/airflow/example_dags/example_branch_day_of_week_operator.py
[2024-10-26 09:43:42,903] {processor.py:651} INFO - DAG(s) dict_keys(['example_weekday_branch_operator']) retrieved from /root/Documentos/airflow/venv/lib/python3.9/site-packages/airflow/example_dags/example_branch_day_of_week_operator.py
[2024-10-26 09:43:42,911] {logging_mixin.py:115} INFO - [2024-10-26 09:43:42,911] {dag.py:2379} INFO - Sync 1 DAGs
[2024-10-26 09:43:42,922] {logging_mixin.py:115} INFO - [2024-10-26 09:43:42,922] {dag.py:2927} INFO - Setting next_dagrun for example_weekday_branch_operator to 2024-10-25T00:00:00+00:00, run_after=2024-10-26T00:00:00+00:00
[2024-10-26 09:43:42,936] {processor.py:161} INFO - Processing /root/Documentos/airflow/venv/lib/python3.9/site-packages/airflow/example_dags/example_branch_day_of_week_operator.py took 0.047 seconds
[2024-10-26 09:44:17,718] {processor.py:153} INFO - Started process (PID=2831) to work on /root/Documentos/airflow/venv/lib/python3.9/site-packages/airflow/example_dags/example_branch_day_of_week_operator.py
[2024-10-26 09:44:17,725] {processor.py:641} INFO - Processing file /root/Documentos/airflow/venv/lib/python3.9/site-packages/airflow/example_dags/example_branch_day_of_week_operator.py for tasks to queue
[2024-10-26 09:44:17,726] {logging_mixin.py:115} INFO - [2024-10-26 09:44:17,726] {dagbag.py:507} INFO - Filling up the DagBag from /root/Documentos/airflow/venv/lib/python3.9/site-packages/airflow/example_dags/example_branch_day_of_week_operator.py
[2024-10-26 09:44:17,729] {processor.py:651} INFO - DAG(s) dict_keys(['example_weekday_branch_operator']) retrieved from /root/Documentos/airflow/venv/lib/python3.9/site-packages/airflow/example_dags/example_branch_day_of_week_operator.py
[2024-10-26 09:44:17,738] {logging_mixin.py:115} INFO - [2024-10-26 09:44:17,738] {dag.py:2379} INFO - Sync 1 DAGs
[2024-10-26 09:44:17,749] {logging_mixin.py:115} INFO - [2024-10-26 09:44:17,749] {dag.py:2927} INFO - Setting next_dagrun for example_weekday_branch_operator to 2024-10-25T00:00:00+00:00, run_after=2024-10-26T00:00:00+00:00
[2024-10-26 09:44:17,762] {processor.py:161} INFO - Processing /root/Documentos/airflow/venv/lib/python3.9/site-packages/airflow/example_dags/example_branch_day_of_week_operator.py took 0.045 seconds
[2024-10-26 09:44:49,908] {processor.py:153} INFO - Started process (PID=2989) to work on /root/Documentos/airflow/venv/lib/python3.9/site-packages/airflow/example_dags/example_branch_day_of_week_operator.py
[2024-10-26 09:44:49,908] {processor.py:641} INFO - Processing file /root/Documentos/airflow/venv/lib/python3.9/site-packages/airflow/example_dags/example_branch_day_of_week_operator.py for tasks to queue
[2024-10-26 09:44:49,908] {logging_mixin.py:115} INFO - [2024-10-26 09:44:49,908] {dagbag.py:507} INFO - Filling up the DagBag from /root/Documentos/airflow/venv/lib/python3.9/site-packages/airflow/example_dags/example_branch_day_of_week_operator.py
[2024-10-26 09:44:49,912] {processor.py:651} INFO - DAG(s) dict_keys(['example_weekday_branch_operator']) retrieved from /root/Documentos/airflow/venv/lib/python3.9/site-packages/airflow/example_dags/example_branch_day_of_week_operator.py
[2024-10-26 09:44:49,923] {logging_mixin.py:115} INFO - [2024-10-26 09:44:49,923] {dag.py:2379} INFO - Sync 1 DAGs
[2024-10-26 09:44:49,936] {logging_mixin.py:115} INFO - [2024-10-26 09:44:49,936] {dag.py:2927} INFO - Setting next_dagrun for example_weekday_branch_operator to 2024-10-25T00:00:00+00:00, run_after=2024-10-26T00:00:00+00:00
[2024-10-26 09:44:49,952] {processor.py:161} INFO - Processing /root/Documentos/airflow/venv/lib/python3.9/site-packages/airflow/example_dags/example_branch_day_of_week_operator.py took 0.046 seconds
[2024-10-26 09:45:23,722] {processor.py:153} INFO - Started process (PID=3152) to work on /root/Documentos/airflow/venv/lib/python3.9/site-packages/airflow/example_dags/example_branch_day_of_week_operator.py
[2024-10-26 09:45:23,729] {processor.py:641} INFO - Processing file /root/Documentos/airflow/venv/lib/python3.9/site-packages/airflow/example_dags/example_branch_day_of_week_operator.py for tasks to queue
[2024-10-26 09:45:23,730] {logging_mixin.py:115} INFO - [2024-10-26 09:45:23,730] {dagbag.py:507} INFO - Filling up the DagBag from /root/Documentos/airflow/venv/lib/python3.9/site-packages/airflow/example_dags/example_branch_day_of_week_operator.py
[2024-10-26 09:45:23,734] {processor.py:651} INFO - DAG(s) dict_keys(['example_weekday_branch_operator']) retrieved from /root/Documentos/airflow/venv/lib/python3.9/site-packages/airflow/example_dags/example_branch_day_of_week_operator.py
[2024-10-26 09:45:23,742] {logging_mixin.py:115} INFO - [2024-10-26 09:45:23,742] {dag.py:2379} INFO - Sync 1 DAGs
[2024-10-26 09:45:23,753] {logging_mixin.py:115} INFO - [2024-10-26 09:45:23,753] {dag.py:2927} INFO - Setting next_dagrun for example_weekday_branch_operator to 2024-10-25T00:00:00+00:00, run_after=2024-10-26T00:00:00+00:00
[2024-10-26 09:45:23,766] {processor.py:161} INFO - Processing /root/Documentos/airflow/venv/lib/python3.9/site-packages/airflow/example_dags/example_branch_day_of_week_operator.py took 0.045 seconds
[2024-10-26 09:45:59,865] {processor.py:153} INFO - Started process (PID=3326) to work on /root/Documentos/airflow/venv/lib/python3.9/site-packages/airflow/example_dags/example_branch_day_of_week_operator.py
[2024-10-26 09:45:59,870] {processor.py:641} INFO - Processing file /root/Documentos/airflow/venv/lib/python3.9/site-packages/airflow/example_dags/example_branch_day_of_week_operator.py for tasks to queue
[2024-10-26 09:45:59,870] {logging_mixin.py:115} INFO - [2024-10-26 09:45:59,870] {dagbag.py:507} INFO - Filling up the DagBag from /root/Documentos/airflow/venv/lib/python3.9/site-packages/airflow/example_dags/example_branch_day_of_week_operator.py
[2024-10-26 09:45:59,874] {processor.py:651} INFO - DAG(s) dict_keys(['example_weekday_branch_operator']) retrieved from /root/Documentos/airflow/venv/lib/python3.9/site-packages/airflow/example_dags/example_branch_day_of_week_operator.py
[2024-10-26 09:45:59,882] {logging_mixin.py:115} INFO - [2024-10-26 09:45:59,882] {dag.py:2379} INFO - Sync 1 DAGs
[2024-10-26 09:45:59,893] {logging_mixin.py:115} INFO - [2024-10-26 09:45:59,893] {dag.py:2927} INFO - Setting next_dagrun for example_weekday_branch_operator to 2024-10-25T00:00:00+00:00, run_after=2024-10-26T00:00:00+00:00
[2024-10-26 09:45:59,907] {processor.py:161} INFO - Processing /root/Documentos/airflow/venv/lib/python3.9/site-packages/airflow/example_dags/example_branch_day_of_week_operator.py took 0.044 seconds
[2024-10-26 09:46:31,913] {processor.py:153} INFO - Started process (PID=3559) to work on /root/Documentos/airflow/venv/lib/python3.9/site-packages/airflow/example_dags/example_branch_day_of_week_operator.py
[2024-10-26 09:46:31,915] {processor.py:641} INFO - Processing file /root/Documentos/airflow/venv/lib/python3.9/site-packages/airflow/example_dags/example_branch_day_of_week_operator.py for tasks to queue
[2024-10-26 09:46:31,915] {logging_mixin.py:115} INFO - [2024-10-26 09:46:31,915] {dagbag.py:507} INFO - Filling up the DagBag from /root/Documentos/airflow/venv/lib/python3.9/site-packages/airflow/example_dags/example_branch_day_of_week_operator.py
[2024-10-26 09:46:31,921] {processor.py:651} INFO - DAG(s) dict_keys(['example_weekday_branch_operator']) retrieved from /root/Documentos/airflow/venv/lib/python3.9/site-packages/airflow/example_dags/example_branch_day_of_week_operator.py
[2024-10-26 09:46:31,930] {logging_mixin.py:115} INFO - [2024-10-26 09:46:31,929] {dag.py:2379} INFO - Sync 1 DAGs
[2024-10-26 09:46:31,941] {logging_mixin.py:115} INFO - [2024-10-26 09:46:31,940] {dag.py:2927} INFO - Setting next_dagrun for example_weekday_branch_operator to 2024-10-25T00:00:00+00:00, run_after=2024-10-26T00:00:00+00:00
[2024-10-26 09:46:31,953] {processor.py:161} INFO - Processing /root/Documentos/airflow/venv/lib/python3.9/site-packages/airflow/example_dags/example_branch_day_of_week_operator.py took 0.040 seconds
[2024-10-26 09:47:07,108] {processor.py:153} INFO - Started process (PID=3726) to work on /root/Documentos/airflow/venv/lib/python3.9/site-packages/airflow/example_dags/example_branch_day_of_week_operator.py
[2024-10-26 09:47:07,110] {processor.py:641} INFO - Processing file /root/Documentos/airflow/venv/lib/python3.9/site-packages/airflow/example_dags/example_branch_day_of_week_operator.py for tasks to queue
[2024-10-26 09:47:07,110] {logging_mixin.py:115} INFO - [2024-10-26 09:47:07,110] {dagbag.py:507} INFO - Filling up the DagBag from /root/Documentos/airflow/venv/lib/python3.9/site-packages/airflow/example_dags/example_branch_day_of_week_operator.py
[2024-10-26 09:47:07,114] {processor.py:651} INFO - DAG(s) dict_keys(['example_weekday_branch_operator']) retrieved from /root/Documentos/airflow/venv/lib/python3.9/site-packages/airflow/example_dags/example_branch_day_of_week_operator.py
[2024-10-26 09:47:07,122] {logging_mixin.py:115} INFO - [2024-10-26 09:47:07,122] {dag.py:2379} INFO - Sync 1 DAGs
[2024-10-26 09:47:07,133] {logging_mixin.py:115} INFO - [2024-10-26 09:47:07,133] {dag.py:2927} INFO - Setting next_dagrun for example_weekday_branch_operator to 2024-10-25T00:00:00+00:00, run_after=2024-10-26T00:00:00+00:00
[2024-10-26 09:47:07,147] {processor.py:161} INFO - Processing /root/Documentos/airflow/venv/lib/python3.9/site-packages/airflow/example_dags/example_branch_day_of_week_operator.py took 0.041 seconds
[2024-10-26 09:47:39,755] {processor.py:153} INFO - Started process (PID=3884) to work on /root/Documentos/airflow/venv/lib/python3.9/site-packages/airflow/example_dags/example_branch_day_of_week_operator.py
[2024-10-26 09:47:39,763] {processor.py:641} INFO - Processing file /root/Documentos/airflow/venv/lib/python3.9/site-packages/airflow/example_dags/example_branch_day_of_week_operator.py for tasks to queue
[2024-10-26 09:47:39,763] {logging_mixin.py:115} INFO - [2024-10-26 09:47:39,763] {dagbag.py:507} INFO - Filling up the DagBag from /root/Documentos/airflow/venv/lib/python3.9/site-packages/airflow/example_dags/example_branch_day_of_week_operator.py
[2024-10-26 09:47:39,767] {processor.py:651} INFO - DAG(s) dict_keys(['example_weekday_branch_operator']) retrieved from /root/Documentos/airflow/venv/lib/python3.9/site-packages/airflow/example_dags/example_branch_day_of_week_operator.py
[2024-10-26 09:47:39,775] {logging_mixin.py:115} INFO - [2024-10-26 09:47:39,775] {dag.py:2379} INFO - Sync 1 DAGs
[2024-10-26 09:47:39,786] {logging_mixin.py:115} INFO - [2024-10-26 09:47:39,786] {dag.py:2927} INFO - Setting next_dagrun for example_weekday_branch_operator to 2024-10-25T00:00:00+00:00, run_after=2024-10-26T00:00:00+00:00
[2024-10-26 09:47:39,799] {processor.py:161} INFO - Processing /root/Documentos/airflow/venv/lib/python3.9/site-packages/airflow/example_dags/example_branch_day_of_week_operator.py took 0.046 seconds
[2024-10-26 09:48:13,567] {processor.py:153} INFO - Started process (PID=4055) to work on /root/Documentos/airflow/venv/lib/python3.9/site-packages/airflow/example_dags/example_branch_day_of_week_operator.py
[2024-10-26 09:48:13,572] {processor.py:641} INFO - Processing file /root/Documentos/airflow/venv/lib/python3.9/site-packages/airflow/example_dags/example_branch_day_of_week_operator.py for tasks to queue
[2024-10-26 09:48:13,572] {logging_mixin.py:115} INFO - [2024-10-26 09:48:13,572] {dagbag.py:507} INFO - Filling up the DagBag from /root/Documentos/airflow/venv/lib/python3.9/site-packages/airflow/example_dags/example_branch_day_of_week_operator.py
[2024-10-26 09:48:13,576] {processor.py:651} INFO - DAG(s) dict_keys(['example_weekday_branch_operator']) retrieved from /root/Documentos/airflow/venv/lib/python3.9/site-packages/airflow/example_dags/example_branch_day_of_week_operator.py
[2024-10-26 09:48:13,584] {logging_mixin.py:115} INFO - [2024-10-26 09:48:13,584] {dag.py:2379} INFO - Sync 1 DAGs
[2024-10-26 09:48:13,595] {logging_mixin.py:115} INFO - [2024-10-26 09:48:13,595] {dag.py:2927} INFO - Setting next_dagrun for example_weekday_branch_operator to 2024-10-25T00:00:00+00:00, run_after=2024-10-26T00:00:00+00:00
[2024-10-26 09:48:13,611] {processor.py:161} INFO - Processing /root/Documentos/airflow/venv/lib/python3.9/site-packages/airflow/example_dags/example_branch_day_of_week_operator.py took 0.045 seconds
[2024-10-26 09:48:51,601] {processor.py:153} INFO - Started process (PID=4241) to work on /root/Documentos/airflow/venv/lib/python3.9/site-packages/airflow/example_dags/example_branch_day_of_week_operator.py
[2024-10-26 09:48:51,606] {processor.py:641} INFO - Processing file /root/Documentos/airflow/venv/lib/python3.9/site-packages/airflow/example_dags/example_branch_day_of_week_operator.py for tasks to queue
[2024-10-26 09:48:51,607] {logging_mixin.py:115} INFO - [2024-10-26 09:48:51,607] {dagbag.py:507} INFO - Filling up the DagBag from /root/Documentos/airflow/venv/lib/python3.9/site-packages/airflow/example_dags/example_branch_day_of_week_operator.py
[2024-10-26 09:48:51,610] {processor.py:651} INFO - DAG(s) dict_keys(['example_weekday_branch_operator']) retrieved from /root/Documentos/airflow/venv/lib/python3.9/site-packages/airflow/example_dags/example_branch_day_of_week_operator.py
[2024-10-26 09:48:51,618] {logging_mixin.py:115} INFO - [2024-10-26 09:48:51,618] {dag.py:2379} INFO - Sync 1 DAGs
[2024-10-26 09:48:51,629] {logging_mixin.py:115} INFO - [2024-10-26 09:48:51,629] {dag.py:2927} INFO - Setting next_dagrun for example_weekday_branch_operator to 2024-10-25T00:00:00+00:00, run_after=2024-10-26T00:00:00+00:00
[2024-10-26 09:48:51,644] {processor.py:161} INFO - Processing /root/Documentos/airflow/venv/lib/python3.9/site-packages/airflow/example_dags/example_branch_day_of_week_operator.py took 0.045 seconds
[2024-10-26 09:49:26,967] {processor.py:153} INFO - Started process (PID=4411) to work on /root/Documentos/airflow/venv/lib/python3.9/site-packages/airflow/example_dags/example_branch_day_of_week_operator.py
[2024-10-26 09:49:26,969] {processor.py:641} INFO - Processing file /root/Documentos/airflow/venv/lib/python3.9/site-packages/airflow/example_dags/example_branch_day_of_week_operator.py for tasks to queue
[2024-10-26 09:49:26,969] {logging_mixin.py:115} INFO - [2024-10-26 09:49:26,969] {dagbag.py:507} INFO - Filling up the DagBag from /root/Documentos/airflow/venv/lib/python3.9/site-packages/airflow/example_dags/example_branch_day_of_week_operator.py
[2024-10-26 09:49:26,973] {processor.py:651} INFO - DAG(s) dict_keys(['example_weekday_branch_operator']) retrieved from /root/Documentos/airflow/venv/lib/python3.9/site-packages/airflow/example_dags/example_branch_day_of_week_operator.py
[2024-10-26 09:49:26,981] {logging_mixin.py:115} INFO - [2024-10-26 09:49:26,981] {dag.py:2379} INFO - Sync 1 DAGs
[2024-10-26 09:49:26,992] {logging_mixin.py:115} INFO - [2024-10-26 09:49:26,992] {dag.py:2927} INFO - Setting next_dagrun for example_weekday_branch_operator to 2024-10-25T00:00:00+00:00, run_after=2024-10-26T00:00:00+00:00
[2024-10-26 09:49:27,007] {processor.py:161} INFO - Processing /root/Documentos/airflow/venv/lib/python3.9/site-packages/airflow/example_dags/example_branch_day_of_week_operator.py took 0.041 seconds
[2024-10-26 09:50:03,099] {processor.py:153} INFO - Started process (PID=4586) to work on /root/Documentos/airflow/venv/lib/python3.9/site-packages/airflow/example_dags/example_branch_day_of_week_operator.py
[2024-10-26 09:50:03,102] {processor.py:641} INFO - Processing file /root/Documentos/airflow/venv/lib/python3.9/site-packages/airflow/example_dags/example_branch_day_of_week_operator.py for tasks to queue
[2024-10-26 09:50:03,102] {logging_mixin.py:115} INFO - [2024-10-26 09:50:03,102] {dagbag.py:507} INFO - Filling up the DagBag from /root/Documentos/airflow/venv/lib/python3.9/site-packages/airflow/example_dags/example_branch_day_of_week_operator.py
[2024-10-26 09:50:03,106] {processor.py:651} INFO - DAG(s) dict_keys(['example_weekday_branch_operator']) retrieved from /root/Documentos/airflow/venv/lib/python3.9/site-packages/airflow/example_dags/example_branch_day_of_week_operator.py
[2024-10-26 09:50:03,114] {logging_mixin.py:115} INFO - [2024-10-26 09:50:03,114] {dag.py:2379} INFO - Sync 1 DAGs
[2024-10-26 09:50:03,125] {logging_mixin.py:115} INFO - [2024-10-26 09:50:03,125] {dag.py:2927} INFO - Setting next_dagrun for example_weekday_branch_operator to 2024-10-25T00:00:00+00:00, run_after=2024-10-26T00:00:00+00:00
[2024-10-26 09:50:03,139] {processor.py:161} INFO - Processing /root/Documentos/airflow/venv/lib/python3.9/site-packages/airflow/example_dags/example_branch_day_of_week_operator.py took 0.042 seconds
[2024-10-26 09:50:36,483] {processor.py:153} INFO - Started process (PID=4747) to work on /root/Documentos/airflow/venv/lib/python3.9/site-packages/airflow/example_dags/example_branch_day_of_week_operator.py
[2024-10-26 09:50:36,483] {processor.py:641} INFO - Processing file /root/Documentos/airflow/venv/lib/python3.9/site-packages/airflow/example_dags/example_branch_day_of_week_operator.py for tasks to queue
[2024-10-26 09:50:36,484] {logging_mixin.py:115} INFO - [2024-10-26 09:50:36,484] {dagbag.py:507} INFO - Filling up the DagBag from /root/Documentos/airflow/venv/lib/python3.9/site-packages/airflow/example_dags/example_branch_day_of_week_operator.py
[2024-10-26 09:50:36,487] {processor.py:651} INFO - DAG(s) dict_keys(['example_weekday_branch_operator']) retrieved from /root/Documentos/airflow/venv/lib/python3.9/site-packages/airflow/example_dags/example_branch_day_of_week_operator.py
[2024-10-26 09:50:36,495] {logging_mixin.py:115} INFO - [2024-10-26 09:50:36,495] {dag.py:2379} INFO - Sync 1 DAGs
[2024-10-26 09:50:36,506] {logging_mixin.py:115} INFO - [2024-10-26 09:50:36,506] {dag.py:2927} INFO - Setting next_dagrun for example_weekday_branch_operator to 2024-10-25T00:00:00+00:00, run_after=2024-10-26T00:00:00+00:00
[2024-10-26 09:50:36,523] {processor.py:161} INFO - Processing /root/Documentos/airflow/venv/lib/python3.9/site-packages/airflow/example_dags/example_branch_day_of_week_operator.py took 0.041 seconds
[2024-10-26 09:51:09,589] {processor.py:153} INFO - Started process (PID=4909) to work on /root/Documentos/airflow/venv/lib/python3.9/site-packages/airflow/example_dags/example_branch_day_of_week_operator.py
[2024-10-26 09:51:09,594] {processor.py:641} INFO - Processing file /root/Documentos/airflow/venv/lib/python3.9/site-packages/airflow/example_dags/example_branch_day_of_week_operator.py for tasks to queue
[2024-10-26 09:51:09,595] {logging_mixin.py:115} INFO - [2024-10-26 09:51:09,595] {dagbag.py:507} INFO - Filling up the DagBag from /root/Documentos/airflow/venv/lib/python3.9/site-packages/airflow/example_dags/example_branch_day_of_week_operator.py
[2024-10-26 09:51:09,598] {processor.py:651} INFO - DAG(s) dict_keys(['example_weekday_branch_operator']) retrieved from /root/Documentos/airflow/venv/lib/python3.9/site-packages/airflow/example_dags/example_branch_day_of_week_operator.py
[2024-10-26 09:51:09,607] {logging_mixin.py:115} INFO - [2024-10-26 09:51:09,606] {dag.py:2379} INFO - Sync 1 DAGs
[2024-10-26 09:51:09,617] {logging_mixin.py:115} INFO - [2024-10-26 09:51:09,617] {dag.py:2927} INFO - Setting next_dagrun for example_weekday_branch_operator to 2024-10-25T00:00:00+00:00, run_after=2024-10-26T00:00:00+00:00
[2024-10-26 09:51:09,634] {processor.py:161} INFO - Processing /root/Documentos/airflow/venv/lib/python3.9/site-packages/airflow/example_dags/example_branch_day_of_week_operator.py took 0.046 seconds
[2024-10-26 09:51:46,278] {processor.py:153} INFO - Started process (PID=5087) to work on /root/Documentos/airflow/venv/lib/python3.9/site-packages/airflow/example_dags/example_branch_day_of_week_operator.py
[2024-10-26 09:51:46,283] {processor.py:641} INFO - Processing file /root/Documentos/airflow/venv/lib/python3.9/site-packages/airflow/example_dags/example_branch_day_of_week_operator.py for tasks to queue
[2024-10-26 09:51:46,283] {logging_mixin.py:115} INFO - [2024-10-26 09:51:46,283] {dagbag.py:507} INFO - Filling up the DagBag from /root/Documentos/airflow/venv/lib/python3.9/site-packages/airflow/example_dags/example_branch_day_of_week_operator.py
[2024-10-26 09:51:46,287] {processor.py:651} INFO - DAG(s) dict_keys(['example_weekday_branch_operator']) retrieved from /root/Documentos/airflow/venv/lib/python3.9/site-packages/airflow/example_dags/example_branch_day_of_week_operator.py
[2024-10-26 09:51:46,295] {logging_mixin.py:115} INFO - [2024-10-26 09:51:46,295] {dag.py:2379} INFO - Sync 1 DAGs
[2024-10-26 09:51:46,306] {logging_mixin.py:115} INFO - [2024-10-26 09:51:46,306] {dag.py:2927} INFO - Setting next_dagrun for example_weekday_branch_operator to 2024-10-25T00:00:00+00:00, run_after=2024-10-26T00:00:00+00:00
[2024-10-26 09:51:46,321] {processor.py:161} INFO - Processing /root/Documentos/airflow/venv/lib/python3.9/site-packages/airflow/example_dags/example_branch_day_of_week_operator.py took 0.044 seconds
[2024-10-26 09:52:21,231] {processor.py:153} INFO - Started process (PID=5257) to work on /root/Documentos/airflow/venv/lib/python3.9/site-packages/airflow/example_dags/example_branch_day_of_week_operator.py
[2024-10-26 09:52:21,237] {processor.py:641} INFO - Processing file /root/Documentos/airflow/venv/lib/python3.9/site-packages/airflow/example_dags/example_branch_day_of_week_operator.py for tasks to queue
[2024-10-26 09:52:21,238] {logging_mixin.py:115} INFO - [2024-10-26 09:52:21,238] {dagbag.py:507} INFO - Filling up the DagBag from /root/Documentos/airflow/venv/lib/python3.9/site-packages/airflow/example_dags/example_branch_day_of_week_operator.py
[2024-10-26 09:52:21,242] {processor.py:651} INFO - DAG(s) dict_keys(['example_weekday_branch_operator']) retrieved from /root/Documentos/airflow/venv/lib/python3.9/site-packages/airflow/example_dags/example_branch_day_of_week_operator.py
[2024-10-26 09:52:21,250] {logging_mixin.py:115} INFO - [2024-10-26 09:52:21,250] {dag.py:2379} INFO - Sync 1 DAGs
[2024-10-26 09:52:21,260] {logging_mixin.py:115} INFO - [2024-10-26 09:52:21,260] {dag.py:2927} INFO - Setting next_dagrun for example_weekday_branch_operator to 2024-10-25T00:00:00+00:00, run_after=2024-10-26T00:00:00+00:00
[2024-10-26 09:52:21,276] {processor.py:161} INFO - Processing /root/Documentos/airflow/venv/lib/python3.9/site-packages/airflow/example_dags/example_branch_day_of_week_operator.py took 0.046 seconds
[2024-10-26 09:52:53,461] {processor.py:153} INFO - Started process (PID=5413) to work on /root/Documentos/airflow/venv/lib/python3.9/site-packages/airflow/example_dags/example_branch_day_of_week_operator.py
[2024-10-26 09:52:53,461] {processor.py:641} INFO - Processing file /root/Documentos/airflow/venv/lib/python3.9/site-packages/airflow/example_dags/example_branch_day_of_week_operator.py for tasks to queue
[2024-10-26 09:52:53,461] {logging_mixin.py:115} INFO - [2024-10-26 09:52:53,461] {dagbag.py:507} INFO - Filling up the DagBag from /root/Documentos/airflow/venv/lib/python3.9/site-packages/airflow/example_dags/example_branch_day_of_week_operator.py
[2024-10-26 09:52:53,465] {processor.py:651} INFO - DAG(s) dict_keys(['example_weekday_branch_operator']) retrieved from /root/Documentos/airflow/venv/lib/python3.9/site-packages/airflow/example_dags/example_branch_day_of_week_operator.py
[2024-10-26 09:52:53,473] {logging_mixin.py:115} INFO - [2024-10-26 09:52:53,473] {dag.py:2379} INFO - Sync 1 DAGs
[2024-10-26 09:52:53,484] {logging_mixin.py:115} INFO - [2024-10-26 09:52:53,484] {dag.py:2927} INFO - Setting next_dagrun for example_weekday_branch_operator to 2024-10-25T00:00:00+00:00, run_after=2024-10-26T00:00:00+00:00
[2024-10-26 09:52:53,499] {processor.py:161} INFO - Processing /root/Documentos/airflow/venv/lib/python3.9/site-packages/airflow/example_dags/example_branch_day_of_week_operator.py took 0.039 seconds
[2024-10-26 09:53:28,728] {processor.py:153} INFO - Started process (PID=5582) to work on /root/Documentos/airflow/venv/lib/python3.9/site-packages/airflow/example_dags/example_branch_day_of_week_operator.py
[2024-10-26 09:53:28,730] {processor.py:641} INFO - Processing file /root/Documentos/airflow/venv/lib/python3.9/site-packages/airflow/example_dags/example_branch_day_of_week_operator.py for tasks to queue
[2024-10-26 09:53:28,731] {logging_mixin.py:115} INFO - [2024-10-26 09:53:28,730] {dagbag.py:507} INFO - Filling up the DagBag from /root/Documentos/airflow/venv/lib/python3.9/site-packages/airflow/example_dags/example_branch_day_of_week_operator.py
[2024-10-26 09:53:28,734] {processor.py:651} INFO - DAG(s) dict_keys(['example_weekday_branch_operator']) retrieved from /root/Documentos/airflow/venv/lib/python3.9/site-packages/airflow/example_dags/example_branch_day_of_week_operator.py
[2024-10-26 09:53:28,742] {logging_mixin.py:115} INFO - [2024-10-26 09:53:28,742] {dag.py:2379} INFO - Sync 1 DAGs
[2024-10-26 09:53:28,753] {logging_mixin.py:115} INFO - [2024-10-26 09:53:28,753] {dag.py:2927} INFO - Setting next_dagrun for example_weekday_branch_operator to 2024-10-25T00:00:00+00:00, run_after=2024-10-26T00:00:00+00:00
[2024-10-26 09:53:28,768] {processor.py:161} INFO - Processing /root/Documentos/airflow/venv/lib/python3.9/site-packages/airflow/example_dags/example_branch_day_of_week_operator.py took 0.041 seconds
[2024-10-26 09:54:00,835] {processor.py:153} INFO - Started process (PID=5739) to work on /root/Documentos/airflow/venv/lib/python3.9/site-packages/airflow/example_dags/example_branch_day_of_week_operator.py
[2024-10-26 09:54:00,835] {processor.py:641} INFO - Processing file /root/Documentos/airflow/venv/lib/python3.9/site-packages/airflow/example_dags/example_branch_day_of_week_operator.py for tasks to queue
[2024-10-26 09:54:00,835] {logging_mixin.py:115} INFO - [2024-10-26 09:54:00,835] {dagbag.py:507} INFO - Filling up the DagBag from /root/Documentos/airflow/venv/lib/python3.9/site-packages/airflow/example_dags/example_branch_day_of_week_operator.py
[2024-10-26 09:54:00,839] {processor.py:651} INFO - DAG(s) dict_keys(['example_weekday_branch_operator']) retrieved from /root/Documentos/airflow/venv/lib/python3.9/site-packages/airflow/example_dags/example_branch_day_of_week_operator.py
[2024-10-26 09:54:00,847] {logging_mixin.py:115} INFO - [2024-10-26 09:54:00,847] {dag.py:2379} INFO - Sync 1 DAGs
[2024-10-26 09:54:00,858] {logging_mixin.py:115} INFO - [2024-10-26 09:54:00,858] {dag.py:2927} INFO - Setting next_dagrun for example_weekday_branch_operator to 2024-10-25T00:00:00+00:00, run_after=2024-10-26T00:00:00+00:00
[2024-10-26 09:54:00,873] {processor.py:161} INFO - Processing /root/Documentos/airflow/venv/lib/python3.9/site-packages/airflow/example_dags/example_branch_day_of_week_operator.py took 0.039 seconds
[2024-10-26 09:54:36,692] {processor.py:153} INFO - Started process (PID=5911) to work on /root/Documentos/airflow/venv/lib/python3.9/site-packages/airflow/example_dags/example_branch_day_of_week_operator.py
[2024-10-26 09:54:36,697] {processor.py:641} INFO - Processing file /root/Documentos/airflow/venv/lib/python3.9/site-packages/airflow/example_dags/example_branch_day_of_week_operator.py for tasks to queue
[2024-10-26 09:54:36,698] {logging_mixin.py:115} INFO - [2024-10-26 09:54:36,698] {dagbag.py:507} INFO - Filling up the DagBag from /root/Documentos/airflow/venv/lib/python3.9/site-packages/airflow/example_dags/example_branch_day_of_week_operator.py
[2024-10-26 09:54:36,702] {processor.py:651} INFO - DAG(s) dict_keys(['example_weekday_branch_operator']) retrieved from /root/Documentos/airflow/venv/lib/python3.9/site-packages/airflow/example_dags/example_branch_day_of_week_operator.py
[2024-10-26 09:54:36,710] {logging_mixin.py:115} INFO - [2024-10-26 09:54:36,710] {dag.py:2379} INFO - Sync 1 DAGs
[2024-10-26 09:54:36,721] {logging_mixin.py:115} INFO - [2024-10-26 09:54:36,720] {dag.py:2927} INFO - Setting next_dagrun for example_weekday_branch_operator to 2024-10-25T00:00:00+00:00, run_after=2024-10-26T00:00:00+00:00
[2024-10-26 09:54:36,737] {processor.py:161} INFO - Processing /root/Documentos/airflow/venv/lib/python3.9/site-packages/airflow/example_dags/example_branch_day_of_week_operator.py took 0.046 seconds
[2024-10-26 09:55:11,153] {processor.py:153} INFO - Started process (PID=6077) to work on /root/Documentos/airflow/venv/lib/python3.9/site-packages/airflow/example_dags/example_branch_day_of_week_operator.py
[2024-10-26 09:55:11,155] {processor.py:641} INFO - Processing file /root/Documentos/airflow/venv/lib/python3.9/site-packages/airflow/example_dags/example_branch_day_of_week_operator.py for tasks to queue
[2024-10-26 09:55:11,156] {logging_mixin.py:115} INFO - [2024-10-26 09:55:11,156] {dagbag.py:507} INFO - Filling up the DagBag from /root/Documentos/airflow/venv/lib/python3.9/site-packages/airflow/example_dags/example_branch_day_of_week_operator.py
[2024-10-26 09:55:11,160] {processor.py:651} INFO - DAG(s) dict_keys(['example_weekday_branch_operator']) retrieved from /root/Documentos/airflow/venv/lib/python3.9/site-packages/airflow/example_dags/example_branch_day_of_week_operator.py
[2024-10-26 09:55:11,168] {logging_mixin.py:115} INFO - [2024-10-26 09:55:11,168] {dag.py:2379} INFO - Sync 1 DAGs
[2024-10-26 09:55:11,178] {logging_mixin.py:115} INFO - [2024-10-26 09:55:11,178] {dag.py:2927} INFO - Setting next_dagrun for example_weekday_branch_operator to 2024-10-25T00:00:00+00:00, run_after=2024-10-26T00:00:00+00:00
[2024-10-26 09:55:11,194] {processor.py:161} INFO - Processing /root/Documentos/airflow/venv/lib/python3.9/site-packages/airflow/example_dags/example_branch_day_of_week_operator.py took 0.042 seconds
