[2024-10-26 09:24:45,943] {processor.py:153} INFO - Started process (PID=10215) to work on /root/Documentos/airflow/venv/lib/python3.9/site-packages/airflow/example_dags/example_subdag_operator.py
[2024-10-26 09:24:45,943] {processor.py:641} INFO - Processing file /root/Documentos/airflow/venv/lib/python3.9/site-packages/airflow/example_dags/example_subdag_operator.py for tasks to queue
[2024-10-26 09:24:45,943] {logging_mixin.py:115} INFO - [2024-10-26 09:24:45,943] {dagbag.py:507} INFO - Filling up the DagBag from /root/Documentos/airflow/venv/lib/python3.9/site-packages/airflow/example_dags/example_subdag_operator.py
[2024-10-26 09:24:45,954] {processor.py:651} INFO - DAG(s) dict_keys(['example_subdag_operator.section-1', 'example_subdag_operator.section-2', 'example_subdag_operator']) retrieved from /root/Documentos/airflow/venv/lib/python3.9/site-packages/airflow/example_dags/example_subdag_operator.py
[2024-10-26 09:24:46,005] {logging_mixin.py:115} INFO - [2024-10-26 09:24:46,005] {manager.py:508} INFO - Created Permission View: can edit on DAG:example_subdag_operator
[2024-10-26 09:24:46,015] {logging_mixin.py:115} INFO - [2024-10-26 09:24:46,015] {manager.py:508} INFO - Created Permission View: can read on DAG:example_subdag_operator
[2024-10-26 09:24:46,025] {logging_mixin.py:115} INFO - [2024-10-26 09:24:46,025] {manager.py:508} INFO - Created Permission View: can delete on DAG:example_subdag_operator
[2024-10-26 09:24:46,025] {logging_mixin.py:115} INFO - [2024-10-26 09:24:46,025] {dag.py:2379} INFO - Sync 3 DAGs
[2024-10-26 09:24:46,029] {logging_mixin.py:115} INFO - [2024-10-26 09:24:46,029] {dag.py:2398} INFO - Creating ORM DAG for example_subdag_operator
[2024-10-26 09:24:46,029] {logging_mixin.py:115} INFO - [2024-10-26 09:24:46,029] {dag.py:2398} INFO - Creating ORM DAG for example_subdag_operator.section-1
[2024-10-26 09:24:46,029] {logging_mixin.py:115} INFO - [2024-10-26 09:24:46,029] {dag.py:2398} INFO - Creating ORM DAG for example_subdag_operator.section-2
[2024-10-26 09:24:46,034] {logging_mixin.py:115} INFO - [2024-10-26 09:24:46,034] {dag.py:2927} INFO - Setting next_dagrun for example_subdag_operator to 2022-01-01T00:00:00+00:00, run_after=2022-01-01T00:00:00+00:00
[2024-10-26 09:24:46,034] {logging_mixin.py:115} INFO - [2024-10-26 09:24:46,034] {dag.py:2927} INFO - Setting next_dagrun for example_subdag_operator.section-1 to None, run_after=None
[2024-10-26 09:24:46,034] {logging_mixin.py:115} INFO - [2024-10-26 09:24:46,034] {dag.py:2927} INFO - Setting next_dagrun for example_subdag_operator.section-2 to None, run_after=None
[2024-10-26 09:24:46,038] {logging_mixin.py:115} INFO - [2024-10-26 09:24:46,038] {dag.py:2379} INFO - Sync 2 DAGs
[2024-10-26 09:24:46,040] {logging_mixin.py:115} INFO - [2024-10-26 09:24:46,040] {dag.py:2927} INFO - Setting next_dagrun for example_subdag_operator.section-1 to None, run_after=None
[2024-10-26 09:24:46,040] {logging_mixin.py:115} INFO - [2024-10-26 09:24:46,040] {dag.py:2927} INFO - Setting next_dagrun for example_subdag_operator.section-2 to None, run_after=None
[2024-10-26 09:24:46,054] {processor.py:161} INFO - Processing /root/Documentos/airflow/venv/lib/python3.9/site-packages/airflow/example_dags/example_subdag_operator.py took 0.113 seconds
[2024-10-26 09:25:21,450] {processor.py:153} INFO - Started process (PID=10386) to work on /root/Documentos/airflow/venv/lib/python3.9/site-packages/airflow/example_dags/example_subdag_operator.py
[2024-10-26 09:25:21,455] {processor.py:641} INFO - Processing file /root/Documentos/airflow/venv/lib/python3.9/site-packages/airflow/example_dags/example_subdag_operator.py for tasks to queue
[2024-10-26 09:25:21,456] {logging_mixin.py:115} INFO - [2024-10-26 09:25:21,456] {dagbag.py:507} INFO - Filling up the DagBag from /root/Documentos/airflow/venv/lib/python3.9/site-packages/airflow/example_dags/example_subdag_operator.py
[2024-10-26 09:25:21,467] {processor.py:651} INFO - DAG(s) dict_keys(['example_subdag_operator.section-1', 'example_subdag_operator.section-2', 'example_subdag_operator']) retrieved from /root/Documentos/airflow/venv/lib/python3.9/site-packages/airflow/example_dags/example_subdag_operator.py
[2024-10-26 09:25:21,475] {logging_mixin.py:115} INFO - [2024-10-26 09:25:21,475] {dag.py:2379} INFO - Sync 3 DAGs
[2024-10-26 09:25:21,486] {logging_mixin.py:115} INFO - [2024-10-26 09:25:21,485] {dag.py:2927} INFO - Setting next_dagrun for example_subdag_operator to 2022-01-01T00:00:00+00:00, run_after=2022-01-01T00:00:00+00:00
[2024-10-26 09:25:21,486] {logging_mixin.py:115} INFO - [2024-10-26 09:25:21,486] {dag.py:2927} INFO - Setting next_dagrun for example_subdag_operator.section-1 to None, run_after=None
[2024-10-26 09:25:21,486] {logging_mixin.py:115} INFO - [2024-10-26 09:25:21,486] {dag.py:2927} INFO - Setting next_dagrun for example_subdag_operator.section-2 to None, run_after=None
[2024-10-26 09:25:21,489] {logging_mixin.py:115} INFO - [2024-10-26 09:25:21,489] {dag.py:2379} INFO - Sync 2 DAGs
[2024-10-26 09:25:21,491] {logging_mixin.py:115} INFO - [2024-10-26 09:25:21,490] {dag.py:2927} INFO - Setting next_dagrun for example_subdag_operator.section-1 to None, run_after=None
[2024-10-26 09:25:21,491] {logging_mixin.py:115} INFO - [2024-10-26 09:25:21,491] {dag.py:2927} INFO - Setting next_dagrun for example_subdag_operator.section-2 to None, run_after=None
[2024-10-26 09:25:21,501] {processor.py:161} INFO - Processing /root/Documentos/airflow/venv/lib/python3.9/site-packages/airflow/example_dags/example_subdag_operator.py took 0.053 seconds
[2024-10-26 09:25:53,039] {processor.py:153} INFO - Started process (PID=10540) to work on /root/Documentos/airflow/venv/lib/python3.9/site-packages/airflow/example_dags/example_subdag_operator.py
[2024-10-26 09:25:53,040] {processor.py:641} INFO - Processing file /root/Documentos/airflow/venv/lib/python3.9/site-packages/airflow/example_dags/example_subdag_operator.py for tasks to queue
[2024-10-26 09:25:53,040] {logging_mixin.py:115} INFO - [2024-10-26 09:25:53,040] {dagbag.py:507} INFO - Filling up the DagBag from /root/Documentos/airflow/venv/lib/python3.9/site-packages/airflow/example_dags/example_subdag_operator.py
[2024-10-26 09:25:53,053] {processor.py:651} INFO - DAG(s) dict_keys(['example_subdag_operator.section-1', 'example_subdag_operator.section-2', 'example_subdag_operator']) retrieved from /root/Documentos/airflow/venv/lib/python3.9/site-packages/airflow/example_dags/example_subdag_operator.py
[2024-10-26 09:25:53,071] {logging_mixin.py:115} INFO - [2024-10-26 09:25:53,071] {dag.py:2379} INFO - Sync 3 DAGs
[2024-10-26 09:25:53,081] {logging_mixin.py:115} INFO - [2024-10-26 09:25:53,081] {dag.py:2927} INFO - Setting next_dagrun for example_subdag_operator to 2022-01-01T00:00:00+00:00, run_after=2022-01-01T00:00:00+00:00
[2024-10-26 09:25:53,081] {logging_mixin.py:115} INFO - [2024-10-26 09:25:53,081] {dag.py:2927} INFO - Setting next_dagrun for example_subdag_operator.section-1 to None, run_after=None
[2024-10-26 09:25:53,081] {logging_mixin.py:115} INFO - [2024-10-26 09:25:53,081] {dag.py:2927} INFO - Setting next_dagrun for example_subdag_operator.section-2 to None, run_after=None
[2024-10-26 09:25:53,084] {logging_mixin.py:115} INFO - [2024-10-26 09:25:53,084] {dag.py:2379} INFO - Sync 2 DAGs
[2024-10-26 09:25:53,086] {logging_mixin.py:115} INFO - [2024-10-26 09:25:53,086] {dag.py:2927} INFO - Setting next_dagrun for example_subdag_operator.section-1 to None, run_after=None
[2024-10-26 09:25:53,086] {logging_mixin.py:115} INFO - [2024-10-26 09:25:53,086] {dag.py:2927} INFO - Setting next_dagrun for example_subdag_operator.section-2 to None, run_after=None
[2024-10-26 09:25:53,096] {processor.py:161} INFO - Processing /root/Documentos/airflow/venv/lib/python3.9/site-packages/airflow/example_dags/example_subdag_operator.py took 0.059 seconds
[2024-10-26 09:26:27,531] {processor.py:153} INFO - Started process (PID=10707) to work on /root/Documentos/airflow/venv/lib/python3.9/site-packages/airflow/example_dags/example_subdag_operator.py
[2024-10-26 09:26:27,532] {processor.py:641} INFO - Processing file /root/Documentos/airflow/venv/lib/python3.9/site-packages/airflow/example_dags/example_subdag_operator.py for tasks to queue
[2024-10-26 09:26:27,533] {logging_mixin.py:115} INFO - [2024-10-26 09:26:27,533] {dagbag.py:507} INFO - Filling up the DagBag from /root/Documentos/airflow/venv/lib/python3.9/site-packages/airflow/example_dags/example_subdag_operator.py
[2024-10-26 09:26:27,543] {processor.py:651} INFO - DAG(s) dict_keys(['example_subdag_operator.section-1', 'example_subdag_operator.section-2', 'example_subdag_operator']) retrieved from /root/Documentos/airflow/venv/lib/python3.9/site-packages/airflow/example_dags/example_subdag_operator.py
[2024-10-26 09:26:27,552] {logging_mixin.py:115} INFO - [2024-10-26 09:26:27,552] {dag.py:2379} INFO - Sync 3 DAGs
[2024-10-26 09:26:27,562] {logging_mixin.py:115} INFO - [2024-10-26 09:26:27,562] {dag.py:2927} INFO - Setting next_dagrun for example_subdag_operator to 2022-01-01T00:00:00+00:00, run_after=2022-01-01T00:00:00+00:00
[2024-10-26 09:26:27,562] {logging_mixin.py:115} INFO - [2024-10-26 09:26:27,562] {dag.py:2927} INFO - Setting next_dagrun for example_subdag_operator.section-1 to None, run_after=None
[2024-10-26 09:26:27,563] {logging_mixin.py:115} INFO - [2024-10-26 09:26:27,563] {dag.py:2927} INFO - Setting next_dagrun for example_subdag_operator.section-2 to None, run_after=None
[2024-10-26 09:26:27,565] {logging_mixin.py:115} INFO - [2024-10-26 09:26:27,565] {dag.py:2379} INFO - Sync 2 DAGs
[2024-10-26 09:26:27,568] {logging_mixin.py:115} INFO - [2024-10-26 09:26:27,568] {dag.py:2927} INFO - Setting next_dagrun for example_subdag_operator.section-1 to None, run_after=None
[2024-10-26 09:26:27,568] {logging_mixin.py:115} INFO - [2024-10-26 09:26:27,568] {dag.py:2927} INFO - Setting next_dagrun for example_subdag_operator.section-2 to None, run_after=None
[2024-10-26 09:26:27,577] {processor.py:161} INFO - Processing /root/Documentos/airflow/venv/lib/python3.9/site-packages/airflow/example_dags/example_subdag_operator.py took 0.048 seconds
[2024-10-26 09:27:00,271] {processor.py:153} INFO - Started process (PID=10866) to work on /root/Documentos/airflow/venv/lib/python3.9/site-packages/airflow/example_dags/example_subdag_operator.py
[2024-10-26 09:27:00,277] {processor.py:641} INFO - Processing file /root/Documentos/airflow/venv/lib/python3.9/site-packages/airflow/example_dags/example_subdag_operator.py for tasks to queue
[2024-10-26 09:27:00,277] {logging_mixin.py:115} INFO - [2024-10-26 09:27:00,277] {dagbag.py:507} INFO - Filling up the DagBag from /root/Documentos/airflow/venv/lib/python3.9/site-packages/airflow/example_dags/example_subdag_operator.py
[2024-10-26 09:27:00,288] {processor.py:651} INFO - DAG(s) dict_keys(['example_subdag_operator.section-1', 'example_subdag_operator.section-2', 'example_subdag_operator']) retrieved from /root/Documentos/airflow/venv/lib/python3.9/site-packages/airflow/example_dags/example_subdag_operator.py
[2024-10-26 09:27:00,297] {logging_mixin.py:115} INFO - [2024-10-26 09:27:00,297] {dag.py:2379} INFO - Sync 3 DAGs
[2024-10-26 09:27:00,307] {logging_mixin.py:115} INFO - [2024-10-26 09:27:00,307] {dag.py:2927} INFO - Setting next_dagrun for example_subdag_operator to 2022-01-01T00:00:00+00:00, run_after=2022-01-01T00:00:00+00:00
[2024-10-26 09:27:00,307] {logging_mixin.py:115} INFO - [2024-10-26 09:27:00,307] {dag.py:2927} INFO - Setting next_dagrun for example_subdag_operator.section-1 to None, run_after=None
[2024-10-26 09:27:00,307] {logging_mixin.py:115} INFO - [2024-10-26 09:27:00,307] {dag.py:2927} INFO - Setting next_dagrun for example_subdag_operator.section-2 to None, run_after=None
[2024-10-26 09:27:00,310] {logging_mixin.py:115} INFO - [2024-10-26 09:27:00,310] {dag.py:2379} INFO - Sync 2 DAGs
[2024-10-26 09:27:00,312] {logging_mixin.py:115} INFO - [2024-10-26 09:27:00,312] {dag.py:2927} INFO - Setting next_dagrun for example_subdag_operator.section-1 to None, run_after=None
[2024-10-26 09:27:00,312] {logging_mixin.py:115} INFO - [2024-10-26 09:27:00,312] {dag.py:2927} INFO - Setting next_dagrun for example_subdag_operator.section-2 to None, run_after=None
[2024-10-26 09:27:00,323] {processor.py:161} INFO - Processing /root/Documentos/airflow/venv/lib/python3.9/site-packages/airflow/example_dags/example_subdag_operator.py took 0.054 seconds
[2024-10-26 09:27:32,865] {processor.py:153} INFO - Started process (PID=11024) to work on /root/Documentos/airflow/venv/lib/python3.9/site-packages/airflow/example_dags/example_subdag_operator.py
[2024-10-26 09:27:32,869] {processor.py:641} INFO - Processing file /root/Documentos/airflow/venv/lib/python3.9/site-packages/airflow/example_dags/example_subdag_operator.py for tasks to queue
[2024-10-26 09:27:32,869] {logging_mixin.py:115} INFO - [2024-10-26 09:27:32,869] {dagbag.py:507} INFO - Filling up the DagBag from /root/Documentos/airflow/venv/lib/python3.9/site-packages/airflow/example_dags/example_subdag_operator.py
[2024-10-26 09:27:32,880] {processor.py:651} INFO - DAG(s) dict_keys(['example_subdag_operator.section-1', 'example_subdag_operator.section-2', 'example_subdag_operator']) retrieved from /root/Documentos/airflow/venv/lib/python3.9/site-packages/airflow/example_dags/example_subdag_operator.py
[2024-10-26 09:27:32,890] {logging_mixin.py:115} INFO - [2024-10-26 09:27:32,890] {dag.py:2379} INFO - Sync 3 DAGs
[2024-10-26 09:27:32,902] {logging_mixin.py:115} INFO - [2024-10-26 09:27:32,902] {dag.py:2927} INFO - Setting next_dagrun for example_subdag_operator to 2022-01-01T00:00:00+00:00, run_after=2022-01-01T00:00:00+00:00
[2024-10-26 09:27:32,902] {logging_mixin.py:115} INFO - [2024-10-26 09:27:32,902] {dag.py:2927} INFO - Setting next_dagrun for example_subdag_operator.section-1 to None, run_after=None
[2024-10-26 09:27:32,902] {logging_mixin.py:115} INFO - [2024-10-26 09:27:32,902] {dag.py:2927} INFO - Setting next_dagrun for example_subdag_operator.section-2 to None, run_after=None
[2024-10-26 09:27:32,906] {logging_mixin.py:115} INFO - [2024-10-26 09:27:32,906] {dag.py:2379} INFO - Sync 2 DAGs
[2024-10-26 09:27:32,908] {logging_mixin.py:115} INFO - [2024-10-26 09:27:32,908] {dag.py:2927} INFO - Setting next_dagrun for example_subdag_operator.section-1 to None, run_after=None
[2024-10-26 09:27:32,908] {logging_mixin.py:115} INFO - [2024-10-26 09:27:32,908] {dag.py:2927} INFO - Setting next_dagrun for example_subdag_operator.section-2 to None, run_after=None
[2024-10-26 09:27:32,918] {processor.py:161} INFO - Processing /root/Documentos/airflow/venv/lib/python3.9/site-packages/airflow/example_dags/example_subdag_operator.py took 0.054 seconds
[2024-10-26 09:28:07,442] {processor.py:153} INFO - Started process (PID=11197) to work on /root/Documentos/airflow/venv/lib/python3.9/site-packages/airflow/example_dags/example_subdag_operator.py
[2024-10-26 09:28:07,447] {processor.py:641} INFO - Processing file /root/Documentos/airflow/venv/lib/python3.9/site-packages/airflow/example_dags/example_subdag_operator.py for tasks to queue
[2024-10-26 09:28:07,448] {logging_mixin.py:115} INFO - [2024-10-26 09:28:07,447] {dagbag.py:507} INFO - Filling up the DagBag from /root/Documentos/airflow/venv/lib/python3.9/site-packages/airflow/example_dags/example_subdag_operator.py
[2024-10-26 09:28:07,458] {processor.py:651} INFO - DAG(s) dict_keys(['example_subdag_operator.section-1', 'example_subdag_operator.section-2', 'example_subdag_operator']) retrieved from /root/Documentos/airflow/venv/lib/python3.9/site-packages/airflow/example_dags/example_subdag_operator.py
[2024-10-26 09:28:07,467] {logging_mixin.py:115} INFO - [2024-10-26 09:28:07,467] {dag.py:2379} INFO - Sync 3 DAGs
[2024-10-26 09:28:07,478] {logging_mixin.py:115} INFO - [2024-10-26 09:28:07,477] {dag.py:2927} INFO - Setting next_dagrun for example_subdag_operator to 2022-01-01T00:00:00+00:00, run_after=2022-01-01T00:00:00+00:00
[2024-10-26 09:28:07,478] {logging_mixin.py:115} INFO - [2024-10-26 09:28:07,478] {dag.py:2927} INFO - Setting next_dagrun for example_subdag_operator.section-1 to None, run_after=None
[2024-10-26 09:28:07,478] {logging_mixin.py:115} INFO - [2024-10-26 09:28:07,478] {dag.py:2927} INFO - Setting next_dagrun for example_subdag_operator.section-2 to None, run_after=None
[2024-10-26 09:28:07,481] {logging_mixin.py:115} INFO - [2024-10-26 09:28:07,481] {dag.py:2379} INFO - Sync 2 DAGs
[2024-10-26 09:28:07,483] {logging_mixin.py:115} INFO - [2024-10-26 09:28:07,483] {dag.py:2927} INFO - Setting next_dagrun for example_subdag_operator.section-1 to None, run_after=None
[2024-10-26 09:28:07,483] {logging_mixin.py:115} INFO - [2024-10-26 09:28:07,483] {dag.py:2927} INFO - Setting next_dagrun for example_subdag_operator.section-2 to None, run_after=None
[2024-10-26 09:28:07,494] {processor.py:161} INFO - Processing /root/Documentos/airflow/venv/lib/python3.9/site-packages/airflow/example_dags/example_subdag_operator.py took 0.053 seconds
[2024-10-26 09:28:40,187] {processor.py:153} INFO - Started process (PID=11361) to work on /root/Documentos/airflow/venv/lib/python3.9/site-packages/airflow/example_dags/example_subdag_operator.py
[2024-10-26 09:28:40,188] {processor.py:641} INFO - Processing file /root/Documentos/airflow/venv/lib/python3.9/site-packages/airflow/example_dags/example_subdag_operator.py for tasks to queue
[2024-10-26 09:28:40,188] {logging_mixin.py:115} INFO - [2024-10-26 09:28:40,188] {dagbag.py:507} INFO - Filling up the DagBag from /root/Documentos/airflow/venv/lib/python3.9/site-packages/airflow/example_dags/example_subdag_operator.py
[2024-10-26 09:28:40,199] {processor.py:651} INFO - DAG(s) dict_keys(['example_subdag_operator.section-1', 'example_subdag_operator.section-2', 'example_subdag_operator']) retrieved from /root/Documentos/airflow/venv/lib/python3.9/site-packages/airflow/example_dags/example_subdag_operator.py
[2024-10-26 09:28:40,208] {logging_mixin.py:115} INFO - [2024-10-26 09:28:40,208] {dag.py:2379} INFO - Sync 3 DAGs
[2024-10-26 09:28:40,219] {logging_mixin.py:115} INFO - [2024-10-26 09:28:40,218] {dag.py:2927} INFO - Setting next_dagrun for example_subdag_operator to 2022-01-01T00:00:00+00:00, run_after=2022-01-01T00:00:00+00:00
[2024-10-26 09:28:40,219] {logging_mixin.py:115} INFO - [2024-10-26 09:28:40,219] {dag.py:2927} INFO - Setting next_dagrun for example_subdag_operator.section-1 to None, run_after=None
[2024-10-26 09:28:40,219] {logging_mixin.py:115} INFO - [2024-10-26 09:28:40,219] {dag.py:2927} INFO - Setting next_dagrun for example_subdag_operator.section-2 to None, run_after=None
[2024-10-26 09:28:40,222] {logging_mixin.py:115} INFO - [2024-10-26 09:28:40,222] {dag.py:2379} INFO - Sync 2 DAGs
[2024-10-26 09:28:40,224] {logging_mixin.py:115} INFO - [2024-10-26 09:28:40,224] {dag.py:2927} INFO - Setting next_dagrun for example_subdag_operator.section-1 to None, run_after=None
[2024-10-26 09:28:40,224] {logging_mixin.py:115} INFO - [2024-10-26 09:28:40,224] {dag.py:2927} INFO - Setting next_dagrun for example_subdag_operator.section-2 to None, run_after=None
[2024-10-26 09:28:40,234] {processor.py:161} INFO - Processing /root/Documentos/airflow/venv/lib/python3.9/site-packages/airflow/example_dags/example_subdag_operator.py took 0.048 seconds
[2024-10-26 09:38:01,928] {processor.py:153} INFO - Started process (PID=1004) to work on /root/Documentos/airflow/venv/lib/python3.9/site-packages/airflow/example_dags/example_subdag_operator.py
[2024-10-26 09:38:01,934] {processor.py:641} INFO - Processing file /root/Documentos/airflow/venv/lib/python3.9/site-packages/airflow/example_dags/example_subdag_operator.py for tasks to queue
[2024-10-26 09:38:01,934] {logging_mixin.py:115} INFO - [2024-10-26 09:38:01,934] {dagbag.py:507} INFO - Filling up the DagBag from /root/Documentos/airflow/venv/lib/python3.9/site-packages/airflow/example_dags/example_subdag_operator.py
[2024-10-26 09:38:01,945] {processor.py:651} INFO - DAG(s) dict_keys(['example_subdag_operator.section-1', 'example_subdag_operator.section-2', 'example_subdag_operator']) retrieved from /root/Documentos/airflow/venv/lib/python3.9/site-packages/airflow/example_dags/example_subdag_operator.py
[2024-10-26 09:38:01,956] {logging_mixin.py:115} INFO - [2024-10-26 09:38:01,956] {dag.py:2379} INFO - Sync 3 DAGs
[2024-10-26 09:38:01,967] {logging_mixin.py:115} INFO - [2024-10-26 09:38:01,967] {dag.py:2927} INFO - Setting next_dagrun for example_subdag_operator to 2022-01-01T00:00:00+00:00, run_after=2022-01-01T00:00:00+00:00
[2024-10-26 09:38:01,967] {logging_mixin.py:115} INFO - [2024-10-26 09:38:01,967] {dag.py:2927} INFO - Setting next_dagrun for example_subdag_operator.section-1 to None, run_after=None
[2024-10-26 09:38:01,968] {logging_mixin.py:115} INFO - [2024-10-26 09:38:01,968] {dag.py:2927} INFO - Setting next_dagrun for example_subdag_operator.section-2 to None, run_after=None
[2024-10-26 09:38:01,971] {logging_mixin.py:115} INFO - [2024-10-26 09:38:01,971] {dag.py:2379} INFO - Sync 2 DAGs
[2024-10-26 09:38:01,973] {logging_mixin.py:115} INFO - [2024-10-26 09:38:01,973] {dag.py:2927} INFO - Setting next_dagrun for example_subdag_operator.section-1 to None, run_after=None
[2024-10-26 09:38:01,973] {logging_mixin.py:115} INFO - [2024-10-26 09:38:01,973] {dag.py:2927} INFO - Setting next_dagrun for example_subdag_operator.section-2 to None, run_after=None
[2024-10-26 09:38:01,983] {processor.py:161} INFO - Processing /root/Documentos/airflow/venv/lib/python3.9/site-packages/airflow/example_dags/example_subdag_operator.py took 0.056 seconds
[2024-10-26 09:38:33,431] {processor.py:153} INFO - Started process (PID=1162) to work on /root/Documentos/airflow/venv/lib/python3.9/site-packages/airflow/example_dags/example_subdag_operator.py
[2024-10-26 09:38:33,436] {processor.py:641} INFO - Processing file /root/Documentos/airflow/venv/lib/python3.9/site-packages/airflow/example_dags/example_subdag_operator.py for tasks to queue
[2024-10-26 09:38:33,436] {logging_mixin.py:115} INFO - [2024-10-26 09:38:33,436] {dagbag.py:507} INFO - Filling up the DagBag from /root/Documentos/airflow/venv/lib/python3.9/site-packages/airflow/example_dags/example_subdag_operator.py
[2024-10-26 09:38:33,447] {processor.py:651} INFO - DAG(s) dict_keys(['example_subdag_operator.section-1', 'example_subdag_operator.section-2', 'example_subdag_operator']) retrieved from /root/Documentos/airflow/venv/lib/python3.9/site-packages/airflow/example_dags/example_subdag_operator.py
[2024-10-26 09:38:33,456] {logging_mixin.py:115} INFO - [2024-10-26 09:38:33,456] {dag.py:2379} INFO - Sync 3 DAGs
[2024-10-26 09:38:33,467] {logging_mixin.py:115} INFO - [2024-10-26 09:38:33,467] {dag.py:2927} INFO - Setting next_dagrun for example_subdag_operator to 2022-01-01T00:00:00+00:00, run_after=2022-01-01T00:00:00+00:00
[2024-10-26 09:38:33,467] {logging_mixin.py:115} INFO - [2024-10-26 09:38:33,467] {dag.py:2927} INFO - Setting next_dagrun for example_subdag_operator.section-1 to None, run_after=None
[2024-10-26 09:38:33,467] {logging_mixin.py:115} INFO - [2024-10-26 09:38:33,467] {dag.py:2927} INFO - Setting next_dagrun for example_subdag_operator.section-2 to None, run_after=None
[2024-10-26 09:38:33,470] {logging_mixin.py:115} INFO - [2024-10-26 09:38:33,470] {dag.py:2379} INFO - Sync 2 DAGs
[2024-10-26 09:38:33,472] {logging_mixin.py:115} INFO - [2024-10-26 09:38:33,472] {dag.py:2927} INFO - Setting next_dagrun for example_subdag_operator.section-1 to None, run_after=None
[2024-10-26 09:38:33,472] {logging_mixin.py:115} INFO - [2024-10-26 09:38:33,472] {dag.py:2927} INFO - Setting next_dagrun for example_subdag_operator.section-2 to None, run_after=None
[2024-10-26 09:38:33,483] {processor.py:161} INFO - Processing /root/Documentos/airflow/venv/lib/python3.9/site-packages/airflow/example_dags/example_subdag_operator.py took 0.053 seconds
[2024-10-26 09:39:07,914] {processor.py:153} INFO - Started process (PID=1331) to work on /root/Documentos/airflow/venv/lib/python3.9/site-packages/airflow/example_dags/example_subdag_operator.py
[2024-10-26 09:39:07,916] {processor.py:641} INFO - Processing file /root/Documentos/airflow/venv/lib/python3.9/site-packages/airflow/example_dags/example_subdag_operator.py for tasks to queue
[2024-10-26 09:39:07,916] {logging_mixin.py:115} INFO - [2024-10-26 09:39:07,916] {dagbag.py:507} INFO - Filling up the DagBag from /root/Documentos/airflow/venv/lib/python3.9/site-packages/airflow/example_dags/example_subdag_operator.py
[2024-10-26 09:39:07,929] {processor.py:651} INFO - DAG(s) dict_keys(['example_subdag_operator.section-1', 'example_subdag_operator.section-2', 'example_subdag_operator']) retrieved from /root/Documentos/airflow/venv/lib/python3.9/site-packages/airflow/example_dags/example_subdag_operator.py
[2024-10-26 09:39:07,938] {logging_mixin.py:115} INFO - [2024-10-26 09:39:07,938] {dag.py:2379} INFO - Sync 3 DAGs
[2024-10-26 09:39:07,949] {logging_mixin.py:115} INFO - [2024-10-26 09:39:07,949] {dag.py:2927} INFO - Setting next_dagrun for example_subdag_operator to 2022-01-01T00:00:00+00:00, run_after=2022-01-01T00:00:00+00:00
[2024-10-26 09:39:07,949] {logging_mixin.py:115} INFO - [2024-10-26 09:39:07,949] {dag.py:2927} INFO - Setting next_dagrun for example_subdag_operator.section-1 to None, run_after=None
[2024-10-26 09:39:07,949] {logging_mixin.py:115} INFO - [2024-10-26 09:39:07,949] {dag.py:2927} INFO - Setting next_dagrun for example_subdag_operator.section-2 to None, run_after=None
[2024-10-26 09:39:07,952] {logging_mixin.py:115} INFO - [2024-10-26 09:39:07,952] {dag.py:2379} INFO - Sync 2 DAGs
[2024-10-26 09:39:07,954] {logging_mixin.py:115} INFO - [2024-10-26 09:39:07,954] {dag.py:2927} INFO - Setting next_dagrun for example_subdag_operator.section-1 to None, run_after=None
[2024-10-26 09:39:07,954] {logging_mixin.py:115} INFO - [2024-10-26 09:39:07,954] {dag.py:2927} INFO - Setting next_dagrun for example_subdag_operator.section-2 to None, run_after=None
[2024-10-26 09:39:07,964] {processor.py:161} INFO - Processing /root/Documentos/airflow/venv/lib/python3.9/site-packages/airflow/example_dags/example_subdag_operator.py took 0.051 seconds
[2024-10-26 09:39:40,423] {processor.py:153} INFO - Started process (PID=1489) to work on /root/Documentos/airflow/venv/lib/python3.9/site-packages/airflow/example_dags/example_subdag_operator.py
[2024-10-26 09:39:40,424] {processor.py:641} INFO - Processing file /root/Documentos/airflow/venv/lib/python3.9/site-packages/airflow/example_dags/example_subdag_operator.py for tasks to queue
[2024-10-26 09:39:40,424] {logging_mixin.py:115} INFO - [2024-10-26 09:39:40,424] {dagbag.py:507} INFO - Filling up the DagBag from /root/Documentos/airflow/venv/lib/python3.9/site-packages/airflow/example_dags/example_subdag_operator.py
[2024-10-26 09:39:40,434] {processor.py:651} INFO - DAG(s) dict_keys(['example_subdag_operator.section-1', 'example_subdag_operator.section-2', 'example_subdag_operator']) retrieved from /root/Documentos/airflow/venv/lib/python3.9/site-packages/airflow/example_dags/example_subdag_operator.py
[2024-10-26 09:39:40,443] {logging_mixin.py:115} INFO - [2024-10-26 09:39:40,443] {dag.py:2379} INFO - Sync 3 DAGs
[2024-10-26 09:39:40,453] {logging_mixin.py:115} INFO - [2024-10-26 09:39:40,453] {dag.py:2927} INFO - Setting next_dagrun for example_subdag_operator to 2022-01-01T00:00:00+00:00, run_after=2022-01-01T00:00:00+00:00
[2024-10-26 09:39:40,454] {logging_mixin.py:115} INFO - [2024-10-26 09:39:40,454] {dag.py:2927} INFO - Setting next_dagrun for example_subdag_operator.section-1 to None, run_after=None
[2024-10-26 09:39:40,454] {logging_mixin.py:115} INFO - [2024-10-26 09:39:40,454] {dag.py:2927} INFO - Setting next_dagrun for example_subdag_operator.section-2 to None, run_after=None
[2024-10-26 09:39:40,457] {logging_mixin.py:115} INFO - [2024-10-26 09:39:40,457] {dag.py:2379} INFO - Sync 2 DAGs
[2024-10-26 09:39:40,459] {logging_mixin.py:115} INFO - [2024-10-26 09:39:40,459] {dag.py:2927} INFO - Setting next_dagrun for example_subdag_operator.section-1 to None, run_after=None
[2024-10-26 09:39:40,459] {logging_mixin.py:115} INFO - [2024-10-26 09:39:40,459] {dag.py:2927} INFO - Setting next_dagrun for example_subdag_operator.section-2 to None, run_after=None
[2024-10-26 09:39:40,469] {processor.py:161} INFO - Processing /root/Documentos/airflow/venv/lib/python3.9/site-packages/airflow/example_dags/example_subdag_operator.py took 0.047 seconds
[2024-10-26 09:40:15,369] {processor.py:153} INFO - Started process (PID=1657) to work on /root/Documentos/airflow/venv/lib/python3.9/site-packages/airflow/example_dags/example_subdag_operator.py
[2024-10-26 09:40:15,370] {processor.py:641} INFO - Processing file /root/Documentos/airflow/venv/lib/python3.9/site-packages/airflow/example_dags/example_subdag_operator.py for tasks to queue
[2024-10-26 09:40:15,370] {logging_mixin.py:115} INFO - [2024-10-26 09:40:15,370] {dagbag.py:507} INFO - Filling up the DagBag from /root/Documentos/airflow/venv/lib/python3.9/site-packages/airflow/example_dags/example_subdag_operator.py
[2024-10-26 09:40:15,381] {processor.py:651} INFO - DAG(s) dict_keys(['example_subdag_operator.section-1', 'example_subdag_operator.section-2', 'example_subdag_operator']) retrieved from /root/Documentos/airflow/venv/lib/python3.9/site-packages/airflow/example_dags/example_subdag_operator.py
[2024-10-26 09:40:15,391] {logging_mixin.py:115} INFO - [2024-10-26 09:40:15,391] {dag.py:2379} INFO - Sync 3 DAGs
[2024-10-26 09:40:15,401] {logging_mixin.py:115} INFO - [2024-10-26 09:40:15,401] {dag.py:2927} INFO - Setting next_dagrun for example_subdag_operator to 2022-01-01T00:00:00+00:00, run_after=2022-01-01T00:00:00+00:00
[2024-10-26 09:40:15,401] {logging_mixin.py:115} INFO - [2024-10-26 09:40:15,401] {dag.py:2927} INFO - Setting next_dagrun for example_subdag_operator.section-1 to None, run_after=None
[2024-10-26 09:40:15,401] {logging_mixin.py:115} INFO - [2024-10-26 09:40:15,401] {dag.py:2927} INFO - Setting next_dagrun for example_subdag_operator.section-2 to None, run_after=None
[2024-10-26 09:40:15,404] {logging_mixin.py:115} INFO - [2024-10-26 09:40:15,404] {dag.py:2379} INFO - Sync 2 DAGs
[2024-10-26 09:40:15,406] {logging_mixin.py:115} INFO - [2024-10-26 09:40:15,406] {dag.py:2927} INFO - Setting next_dagrun for example_subdag_operator.section-1 to None, run_after=None
[2024-10-26 09:40:15,406] {logging_mixin.py:115} INFO - [2024-10-26 09:40:15,406] {dag.py:2927} INFO - Setting next_dagrun for example_subdag_operator.section-2 to None, run_after=None
[2024-10-26 09:40:15,417] {processor.py:161} INFO - Processing /root/Documentos/airflow/venv/lib/python3.9/site-packages/airflow/example_dags/example_subdag_operator.py took 0.050 seconds
[2024-10-26 09:40:49,861] {processor.py:153} INFO - Started process (PID=1823) to work on /root/Documentos/airflow/venv/lib/python3.9/site-packages/airflow/example_dags/example_subdag_operator.py
[2024-10-26 09:40:49,863] {processor.py:641} INFO - Processing file /root/Documentos/airflow/venv/lib/python3.9/site-packages/airflow/example_dags/example_subdag_operator.py for tasks to queue
[2024-10-26 09:40:49,863] {logging_mixin.py:115} INFO - [2024-10-26 09:40:49,863] {dagbag.py:507} INFO - Filling up the DagBag from /root/Documentos/airflow/venv/lib/python3.9/site-packages/airflow/example_dags/example_subdag_operator.py
[2024-10-26 09:40:49,874] {processor.py:651} INFO - DAG(s) dict_keys(['example_subdag_operator.section-1', 'example_subdag_operator.section-2', 'example_subdag_operator']) retrieved from /root/Documentos/airflow/venv/lib/python3.9/site-packages/airflow/example_dags/example_subdag_operator.py
[2024-10-26 09:40:49,883] {logging_mixin.py:115} INFO - [2024-10-26 09:40:49,883] {dag.py:2379} INFO - Sync 3 DAGs
[2024-10-26 09:40:49,893] {logging_mixin.py:115} INFO - [2024-10-26 09:40:49,893] {dag.py:2927} INFO - Setting next_dagrun for example_subdag_operator to 2022-01-01T00:00:00+00:00, run_after=2022-01-01T00:00:00+00:00
[2024-10-26 09:40:49,893] {logging_mixin.py:115} INFO - [2024-10-26 09:40:49,893] {dag.py:2927} INFO - Setting next_dagrun for example_subdag_operator.section-1 to None, run_after=None
[2024-10-26 09:40:49,893] {logging_mixin.py:115} INFO - [2024-10-26 09:40:49,893] {dag.py:2927} INFO - Setting next_dagrun for example_subdag_operator.section-2 to None, run_after=None
[2024-10-26 09:40:49,896] {logging_mixin.py:115} INFO - [2024-10-26 09:40:49,896] {dag.py:2379} INFO - Sync 2 DAGs
[2024-10-26 09:40:49,898] {logging_mixin.py:115} INFO - [2024-10-26 09:40:49,898] {dag.py:2927} INFO - Setting next_dagrun for example_subdag_operator.section-1 to None, run_after=None
[2024-10-26 09:40:49,898] {logging_mixin.py:115} INFO - [2024-10-26 09:40:49,898] {dag.py:2927} INFO - Setting next_dagrun for example_subdag_operator.section-2 to None, run_after=None
[2024-10-26 09:40:49,911] {processor.py:161} INFO - Processing /root/Documentos/airflow/venv/lib/python3.9/site-packages/airflow/example_dags/example_subdag_operator.py took 0.050 seconds
[2024-10-26 09:41:21,779] {processor.py:153} INFO - Started process (PID=1980) to work on /root/Documentos/airflow/venv/lib/python3.9/site-packages/airflow/example_dags/example_subdag_operator.py
[2024-10-26 09:41:21,782] {processor.py:641} INFO - Processing file /root/Documentos/airflow/venv/lib/python3.9/site-packages/airflow/example_dags/example_subdag_operator.py for tasks to queue
[2024-10-26 09:41:21,783] {logging_mixin.py:115} INFO - [2024-10-26 09:41:21,783] {dagbag.py:507} INFO - Filling up the DagBag from /root/Documentos/airflow/venv/lib/python3.9/site-packages/airflow/example_dags/example_subdag_operator.py
[2024-10-26 09:41:21,794] {processor.py:651} INFO - DAG(s) dict_keys(['example_subdag_operator.section-1', 'example_subdag_operator.section-2', 'example_subdag_operator']) retrieved from /root/Documentos/airflow/venv/lib/python3.9/site-packages/airflow/example_dags/example_subdag_operator.py
[2024-10-26 09:41:21,803] {logging_mixin.py:115} INFO - [2024-10-26 09:41:21,803] {dag.py:2379} INFO - Sync 3 DAGs
[2024-10-26 09:41:21,813] {logging_mixin.py:115} INFO - [2024-10-26 09:41:21,813] {dag.py:2927} INFO - Setting next_dagrun for example_subdag_operator to 2022-01-01T00:00:00+00:00, run_after=2022-01-01T00:00:00+00:00
[2024-10-26 09:41:21,813] {logging_mixin.py:115} INFO - [2024-10-26 09:41:21,813] {dag.py:2927} INFO - Setting next_dagrun for example_subdag_operator.section-1 to None, run_after=None
[2024-10-26 09:41:21,813] {logging_mixin.py:115} INFO - [2024-10-26 09:41:21,813] {dag.py:2927} INFO - Setting next_dagrun for example_subdag_operator.section-2 to None, run_after=None
[2024-10-26 09:41:21,816] {logging_mixin.py:115} INFO - [2024-10-26 09:41:21,816] {dag.py:2379} INFO - Sync 2 DAGs
[2024-10-26 09:41:21,818] {logging_mixin.py:115} INFO - [2024-10-26 09:41:21,818] {dag.py:2927} INFO - Setting next_dagrun for example_subdag_operator.section-1 to None, run_after=None
[2024-10-26 09:41:21,818] {logging_mixin.py:115} INFO - [2024-10-26 09:41:21,818] {dag.py:2927} INFO - Setting next_dagrun for example_subdag_operator.section-2 to None, run_after=None
[2024-10-26 09:41:21,830] {processor.py:161} INFO - Processing /root/Documentos/airflow/venv/lib/python3.9/site-packages/airflow/example_dags/example_subdag_operator.py took 0.053 seconds
[2024-10-26 09:41:57,031] {processor.py:153} INFO - Started process (PID=2149) to work on /root/Documentos/airflow/venv/lib/python3.9/site-packages/airflow/example_dags/example_subdag_operator.py
[2024-10-26 09:41:57,038] {processor.py:641} INFO - Processing file /root/Documentos/airflow/venv/lib/python3.9/site-packages/airflow/example_dags/example_subdag_operator.py for tasks to queue
[2024-10-26 09:41:57,039] {logging_mixin.py:115} INFO - [2024-10-26 09:41:57,039] {dagbag.py:507} INFO - Filling up the DagBag from /root/Documentos/airflow/venv/lib/python3.9/site-packages/airflow/example_dags/example_subdag_operator.py
[2024-10-26 09:41:57,049] {processor.py:651} INFO - DAG(s) dict_keys(['example_subdag_operator.section-1', 'example_subdag_operator.section-2', 'example_subdag_operator']) retrieved from /root/Documentos/airflow/venv/lib/python3.9/site-packages/airflow/example_dags/example_subdag_operator.py
[2024-10-26 09:41:57,059] {logging_mixin.py:115} INFO - [2024-10-26 09:41:57,058] {dag.py:2379} INFO - Sync 3 DAGs
[2024-10-26 09:41:57,069] {logging_mixin.py:115} INFO - [2024-10-26 09:41:57,069] {dag.py:2927} INFO - Setting next_dagrun for example_subdag_operator to 2022-01-01T00:00:00+00:00, run_after=2022-01-01T00:00:00+00:00
[2024-10-26 09:41:57,069] {logging_mixin.py:115} INFO - [2024-10-26 09:41:57,069] {dag.py:2927} INFO - Setting next_dagrun for example_subdag_operator.section-1 to None, run_after=None
[2024-10-26 09:41:57,069] {logging_mixin.py:115} INFO - [2024-10-26 09:41:57,069] {dag.py:2927} INFO - Setting next_dagrun for example_subdag_operator.section-2 to None, run_after=None
[2024-10-26 09:41:57,072] {logging_mixin.py:115} INFO - [2024-10-26 09:41:57,072] {dag.py:2379} INFO - Sync 2 DAGs
[2024-10-26 09:41:57,074] {logging_mixin.py:115} INFO - [2024-10-26 09:41:57,074] {dag.py:2927} INFO - Setting next_dagrun for example_subdag_operator.section-1 to None, run_after=None
[2024-10-26 09:41:57,074] {logging_mixin.py:115} INFO - [2024-10-26 09:41:57,074] {dag.py:2927} INFO - Setting next_dagrun for example_subdag_operator.section-2 to None, run_after=None
[2024-10-26 09:41:57,084] {processor.py:161} INFO - Processing /root/Documentos/airflow/venv/lib/python3.9/site-packages/airflow/example_dags/example_subdag_operator.py took 0.054 seconds
[2024-10-26 09:42:32,927] {processor.py:153} INFO - Started process (PID=2322) to work on /root/Documentos/airflow/venv/lib/python3.9/site-packages/airflow/example_dags/example_subdag_operator.py
[2024-10-26 09:42:32,932] {processor.py:641} INFO - Processing file /root/Documentos/airflow/venv/lib/python3.9/site-packages/airflow/example_dags/example_subdag_operator.py for tasks to queue
[2024-10-26 09:42:32,933] {logging_mixin.py:115} INFO - [2024-10-26 09:42:32,933] {dagbag.py:507} INFO - Filling up the DagBag from /root/Documentos/airflow/venv/lib/python3.9/site-packages/airflow/example_dags/example_subdag_operator.py
[2024-10-26 09:42:32,944] {processor.py:651} INFO - DAG(s) dict_keys(['example_subdag_operator.section-1', 'example_subdag_operator.section-2', 'example_subdag_operator']) retrieved from /root/Documentos/airflow/venv/lib/python3.9/site-packages/airflow/example_dags/example_subdag_operator.py
[2024-10-26 09:42:32,953] {logging_mixin.py:115} INFO - [2024-10-26 09:42:32,953] {dag.py:2379} INFO - Sync 3 DAGs
[2024-10-26 09:42:32,963] {logging_mixin.py:115} INFO - [2024-10-26 09:42:32,963] {dag.py:2927} INFO - Setting next_dagrun for example_subdag_operator to 2022-01-01T00:00:00+00:00, run_after=2022-01-01T00:00:00+00:00
[2024-10-26 09:42:32,963] {logging_mixin.py:115} INFO - [2024-10-26 09:42:32,963] {dag.py:2927} INFO - Setting next_dagrun for example_subdag_operator.section-1 to None, run_after=None
[2024-10-26 09:42:32,963] {logging_mixin.py:115} INFO - [2024-10-26 09:42:32,963] {dag.py:2927} INFO - Setting next_dagrun for example_subdag_operator.section-2 to None, run_after=None
[2024-10-26 09:42:32,966] {logging_mixin.py:115} INFO - [2024-10-26 09:42:32,966] {dag.py:2379} INFO - Sync 2 DAGs
[2024-10-26 09:42:32,968] {logging_mixin.py:115} INFO - [2024-10-26 09:42:32,968] {dag.py:2927} INFO - Setting next_dagrun for example_subdag_operator.section-1 to None, run_after=None
[2024-10-26 09:42:32,969] {logging_mixin.py:115} INFO - [2024-10-26 09:42:32,969] {dag.py:2927} INFO - Setting next_dagrun for example_subdag_operator.section-2 to None, run_after=None
[2024-10-26 09:42:32,978] {processor.py:161} INFO - Processing /root/Documentos/airflow/venv/lib/python3.9/site-packages/airflow/example_dags/example_subdag_operator.py took 0.053 seconds
[2024-10-26 09:43:04,400] {processor.py:153} INFO - Started process (PID=2476) to work on /root/Documentos/airflow/venv/lib/python3.9/site-packages/airflow/example_dags/example_subdag_operator.py
[2024-10-26 09:43:04,400] {processor.py:641} INFO - Processing file /root/Documentos/airflow/venv/lib/python3.9/site-packages/airflow/example_dags/example_subdag_operator.py for tasks to queue
[2024-10-26 09:43:04,400] {logging_mixin.py:115} INFO - [2024-10-26 09:43:04,400] {dagbag.py:507} INFO - Filling up the DagBag from /root/Documentos/airflow/venv/lib/python3.9/site-packages/airflow/example_dags/example_subdag_operator.py
[2024-10-26 09:43:04,411] {processor.py:651} INFO - DAG(s) dict_keys(['example_subdag_operator.section-1', 'example_subdag_operator.section-2', 'example_subdag_operator']) retrieved from /root/Documentos/airflow/venv/lib/python3.9/site-packages/airflow/example_dags/example_subdag_operator.py
[2024-10-26 09:43:04,421] {logging_mixin.py:115} INFO - [2024-10-26 09:43:04,421] {dag.py:2379} INFO - Sync 3 DAGs
[2024-10-26 09:43:04,430] {logging_mixin.py:115} INFO - [2024-10-26 09:43:04,430] {dag.py:2927} INFO - Setting next_dagrun for example_subdag_operator to 2022-01-01T00:00:00+00:00, run_after=2022-01-01T00:00:00+00:00
[2024-10-26 09:43:04,430] {logging_mixin.py:115} INFO - [2024-10-26 09:43:04,430] {dag.py:2927} INFO - Setting next_dagrun for example_subdag_operator.section-1 to None, run_after=None
[2024-10-26 09:43:04,431] {logging_mixin.py:115} INFO - [2024-10-26 09:43:04,431] {dag.py:2927} INFO - Setting next_dagrun for example_subdag_operator.section-2 to None, run_after=None
[2024-10-26 09:43:04,433] {logging_mixin.py:115} INFO - [2024-10-26 09:43:04,433] {dag.py:2379} INFO - Sync 2 DAGs
[2024-10-26 09:43:04,436] {logging_mixin.py:115} INFO - [2024-10-26 09:43:04,435] {dag.py:2927} INFO - Setting next_dagrun for example_subdag_operator.section-1 to None, run_after=None
[2024-10-26 09:43:04,436] {logging_mixin.py:115} INFO - [2024-10-26 09:43:04,436] {dag.py:2927} INFO - Setting next_dagrun for example_subdag_operator.section-2 to None, run_after=None
[2024-10-26 09:43:04,448] {processor.py:161} INFO - Processing /root/Documentos/airflow/venv/lib/python3.9/site-packages/airflow/example_dags/example_subdag_operator.py took 0.049 seconds
[2024-10-26 09:43:38,403] {processor.py:153} INFO - Started process (PID=2640) to work on /root/Documentos/airflow/venv/lib/python3.9/site-packages/airflow/example_dags/example_subdag_operator.py
[2024-10-26 09:43:38,408] {processor.py:641} INFO - Processing file /root/Documentos/airflow/venv/lib/python3.9/site-packages/airflow/example_dags/example_subdag_operator.py for tasks to queue
[2024-10-26 09:43:38,409] {logging_mixin.py:115} INFO - [2024-10-26 09:43:38,409] {dagbag.py:507} INFO - Filling up the DagBag from /root/Documentos/airflow/venv/lib/python3.9/site-packages/airflow/example_dags/example_subdag_operator.py
[2024-10-26 09:43:38,419] {processor.py:651} INFO - DAG(s) dict_keys(['example_subdag_operator.section-1', 'example_subdag_operator.section-2', 'example_subdag_operator']) retrieved from /root/Documentos/airflow/venv/lib/python3.9/site-packages/airflow/example_dags/example_subdag_operator.py
[2024-10-26 09:43:38,429] {logging_mixin.py:115} INFO - [2024-10-26 09:43:38,429] {dag.py:2379} INFO - Sync 3 DAGs
[2024-10-26 09:43:38,438] {logging_mixin.py:115} INFO - [2024-10-26 09:43:38,438] {dag.py:2927} INFO - Setting next_dagrun for example_subdag_operator to 2022-01-01T00:00:00+00:00, run_after=2022-01-01T00:00:00+00:00
[2024-10-26 09:43:38,438] {logging_mixin.py:115} INFO - [2024-10-26 09:43:38,438] {dag.py:2927} INFO - Setting next_dagrun for example_subdag_operator.section-1 to None, run_after=None
[2024-10-26 09:43:38,439] {logging_mixin.py:115} INFO - [2024-10-26 09:43:38,439] {dag.py:2927} INFO - Setting next_dagrun for example_subdag_operator.section-2 to None, run_after=None
[2024-10-26 09:43:38,441] {logging_mixin.py:115} INFO - [2024-10-26 09:43:38,441] {dag.py:2379} INFO - Sync 2 DAGs
[2024-10-26 09:43:38,443] {logging_mixin.py:115} INFO - [2024-10-26 09:43:38,443] {dag.py:2927} INFO - Setting next_dagrun for example_subdag_operator.section-1 to None, run_after=None
[2024-10-26 09:43:38,443] {logging_mixin.py:115} INFO - [2024-10-26 09:43:38,443] {dag.py:2927} INFO - Setting next_dagrun for example_subdag_operator.section-2 to None, run_after=None
[2024-10-26 09:43:38,455] {processor.py:161} INFO - Processing /root/Documentos/airflow/venv/lib/python3.9/site-packages/airflow/example_dags/example_subdag_operator.py took 0.053 seconds
[2024-10-26 09:44:10,664] {processor.py:153} INFO - Started process (PID=2797) to work on /root/Documentos/airflow/venv/lib/python3.9/site-packages/airflow/example_dags/example_subdag_operator.py
[2024-10-26 09:44:10,667] {processor.py:641} INFO - Processing file /root/Documentos/airflow/venv/lib/python3.9/site-packages/airflow/example_dags/example_subdag_operator.py for tasks to queue
[2024-10-26 09:44:10,667] {logging_mixin.py:115} INFO - [2024-10-26 09:44:10,667] {dagbag.py:507} INFO - Filling up the DagBag from /root/Documentos/airflow/venv/lib/python3.9/site-packages/airflow/example_dags/example_subdag_operator.py
[2024-10-26 09:44:10,678] {processor.py:651} INFO - DAG(s) dict_keys(['example_subdag_operator.section-1', 'example_subdag_operator.section-2', 'example_subdag_operator']) retrieved from /root/Documentos/airflow/venv/lib/python3.9/site-packages/airflow/example_dags/example_subdag_operator.py
[2024-10-26 09:44:10,690] {logging_mixin.py:115} INFO - [2024-10-26 09:44:10,690] {dag.py:2379} INFO - Sync 3 DAGs
[2024-10-26 09:44:10,700] {logging_mixin.py:115} INFO - [2024-10-26 09:44:10,700] {dag.py:2927} INFO - Setting next_dagrun for example_subdag_operator to 2022-01-01T00:00:00+00:00, run_after=2022-01-01T00:00:00+00:00
[2024-10-26 09:44:10,700] {logging_mixin.py:115} INFO - [2024-10-26 09:44:10,700] {dag.py:2927} INFO - Setting next_dagrun for example_subdag_operator.section-1 to None, run_after=None
[2024-10-26 09:44:10,700] {logging_mixin.py:115} INFO - [2024-10-26 09:44:10,700] {dag.py:2927} INFO - Setting next_dagrun for example_subdag_operator.section-2 to None, run_after=None
[2024-10-26 09:44:10,704] {logging_mixin.py:115} INFO - [2024-10-26 09:44:10,703] {dag.py:2379} INFO - Sync 2 DAGs
[2024-10-26 09:44:10,706] {logging_mixin.py:115} INFO - [2024-10-26 09:44:10,706] {dag.py:2927} INFO - Setting next_dagrun for example_subdag_operator.section-1 to None, run_after=None
[2024-10-26 09:44:10,706] {logging_mixin.py:115} INFO - [2024-10-26 09:44:10,706] {dag.py:2927} INFO - Setting next_dagrun for example_subdag_operator.section-2 to None, run_after=None
[2024-10-26 09:44:10,717] {processor.py:161} INFO - Processing /root/Documentos/airflow/venv/lib/python3.9/site-packages/airflow/example_dags/example_subdag_operator.py took 0.054 seconds
[2024-10-26 09:44:43,864] {processor.py:153} INFO - Started process (PID=2958) to work on /root/Documentos/airflow/venv/lib/python3.9/site-packages/airflow/example_dags/example_subdag_operator.py
[2024-10-26 09:44:43,865] {processor.py:641} INFO - Processing file /root/Documentos/airflow/venv/lib/python3.9/site-packages/airflow/example_dags/example_subdag_operator.py for tasks to queue
[2024-10-26 09:44:43,865] {logging_mixin.py:115} INFO - [2024-10-26 09:44:43,865] {dagbag.py:507} INFO - Filling up the DagBag from /root/Documentos/airflow/venv/lib/python3.9/site-packages/airflow/example_dags/example_subdag_operator.py
[2024-10-26 09:44:43,877] {processor.py:651} INFO - DAG(s) dict_keys(['example_subdag_operator.section-1', 'example_subdag_operator.section-2', 'example_subdag_operator']) retrieved from /root/Documentos/airflow/venv/lib/python3.9/site-packages/airflow/example_dags/example_subdag_operator.py
[2024-10-26 09:44:43,887] {logging_mixin.py:115} INFO - [2024-10-26 09:44:43,887] {dag.py:2379} INFO - Sync 3 DAGs
[2024-10-26 09:44:43,896] {logging_mixin.py:115} INFO - [2024-10-26 09:44:43,896] {dag.py:2927} INFO - Setting next_dagrun for example_subdag_operator to 2022-01-01T00:00:00+00:00, run_after=2022-01-01T00:00:00+00:00
[2024-10-26 09:44:43,896] {logging_mixin.py:115} INFO - [2024-10-26 09:44:43,896] {dag.py:2927} INFO - Setting next_dagrun for example_subdag_operator.section-1 to None, run_after=None
[2024-10-26 09:44:43,896] {logging_mixin.py:115} INFO - [2024-10-26 09:44:43,896] {dag.py:2927} INFO - Setting next_dagrun for example_subdag_operator.section-2 to None, run_after=None
[2024-10-26 09:44:43,900] {logging_mixin.py:115} INFO - [2024-10-26 09:44:43,899] {dag.py:2379} INFO - Sync 2 DAGs
[2024-10-26 09:44:43,902] {logging_mixin.py:115} INFO - [2024-10-26 09:44:43,902] {dag.py:2927} INFO - Setting next_dagrun for example_subdag_operator.section-1 to None, run_after=None
[2024-10-26 09:44:43,902] {logging_mixin.py:115} INFO - [2024-10-26 09:44:43,902] {dag.py:2927} INFO - Setting next_dagrun for example_subdag_operator.section-2 to None, run_after=None
[2024-10-26 09:44:43,911] {processor.py:161} INFO - Processing /root/Documentos/airflow/venv/lib/python3.9/site-packages/airflow/example_dags/example_subdag_operator.py took 0.049 seconds
[2024-10-26 09:45:16,322] {processor.py:153} INFO - Started process (PID=3116) to work on /root/Documentos/airflow/venv/lib/python3.9/site-packages/airflow/example_dags/example_subdag_operator.py
[2024-10-26 09:45:16,323] {processor.py:641} INFO - Processing file /root/Documentos/airflow/venv/lib/python3.9/site-packages/airflow/example_dags/example_subdag_operator.py for tasks to queue
[2024-10-26 09:45:16,323] {logging_mixin.py:115} INFO - [2024-10-26 09:45:16,323] {dagbag.py:507} INFO - Filling up the DagBag from /root/Documentos/airflow/venv/lib/python3.9/site-packages/airflow/example_dags/example_subdag_operator.py
[2024-10-26 09:45:16,333] {processor.py:651} INFO - DAG(s) dict_keys(['example_subdag_operator.section-1', 'example_subdag_operator.section-2', 'example_subdag_operator']) retrieved from /root/Documentos/airflow/venv/lib/python3.9/site-packages/airflow/example_dags/example_subdag_operator.py
[2024-10-26 09:45:16,343] {logging_mixin.py:115} INFO - [2024-10-26 09:45:16,343] {dag.py:2379} INFO - Sync 3 DAGs
[2024-10-26 09:45:16,352] {logging_mixin.py:115} INFO - [2024-10-26 09:45:16,352] {dag.py:2927} INFO - Setting next_dagrun for example_subdag_operator to 2022-01-01T00:00:00+00:00, run_after=2022-01-01T00:00:00+00:00
[2024-10-26 09:45:16,352] {logging_mixin.py:115} INFO - [2024-10-26 09:45:16,352] {dag.py:2927} INFO - Setting next_dagrun for example_subdag_operator.section-1 to None, run_after=None
[2024-10-26 09:45:16,353] {logging_mixin.py:115} INFO - [2024-10-26 09:45:16,352] {dag.py:2927} INFO - Setting next_dagrun for example_subdag_operator.section-2 to None, run_after=None
[2024-10-26 09:45:16,355] {logging_mixin.py:115} INFO - [2024-10-26 09:45:16,355] {dag.py:2379} INFO - Sync 2 DAGs
[2024-10-26 09:45:16,357] {logging_mixin.py:115} INFO - [2024-10-26 09:45:16,357] {dag.py:2927} INFO - Setting next_dagrun for example_subdag_operator.section-1 to None, run_after=None
[2024-10-26 09:45:16,358] {logging_mixin.py:115} INFO - [2024-10-26 09:45:16,358] {dag.py:2927} INFO - Setting next_dagrun for example_subdag_operator.section-2 to None, run_after=None
[2024-10-26 09:45:16,369] {processor.py:161} INFO - Processing /root/Documentos/airflow/venv/lib/python3.9/site-packages/airflow/example_dags/example_subdag_operator.py took 0.048 seconds
[2024-10-26 09:45:52,947] {processor.py:153} INFO - Started process (PID=3292) to work on /root/Documentos/airflow/venv/lib/python3.9/site-packages/airflow/example_dags/example_subdag_operator.py
[2024-10-26 09:45:52,949] {processor.py:641} INFO - Processing file /root/Documentos/airflow/venv/lib/python3.9/site-packages/airflow/example_dags/example_subdag_operator.py for tasks to queue
[2024-10-26 09:45:52,949] {logging_mixin.py:115} INFO - [2024-10-26 09:45:52,949] {dagbag.py:507} INFO - Filling up the DagBag from /root/Documentos/airflow/venv/lib/python3.9/site-packages/airflow/example_dags/example_subdag_operator.py
[2024-10-26 09:45:52,959] {processor.py:651} INFO - DAG(s) dict_keys(['example_subdag_operator.section-1', 'example_subdag_operator.section-2', 'example_subdag_operator']) retrieved from /root/Documentos/airflow/venv/lib/python3.9/site-packages/airflow/example_dags/example_subdag_operator.py
[2024-10-26 09:45:52,970] {logging_mixin.py:115} INFO - [2024-10-26 09:45:52,970] {dag.py:2379} INFO - Sync 3 DAGs
[2024-10-26 09:45:52,979] {logging_mixin.py:115} INFO - [2024-10-26 09:45:52,979] {dag.py:2927} INFO - Setting next_dagrun for example_subdag_operator to 2022-01-01T00:00:00+00:00, run_after=2022-01-01T00:00:00+00:00
[2024-10-26 09:45:52,979] {logging_mixin.py:115} INFO - [2024-10-26 09:45:52,979] {dag.py:2927} INFO - Setting next_dagrun for example_subdag_operator.section-1 to None, run_after=None
[2024-10-26 09:45:52,979] {logging_mixin.py:115} INFO - [2024-10-26 09:45:52,979] {dag.py:2927} INFO - Setting next_dagrun for example_subdag_operator.section-2 to None, run_after=None
[2024-10-26 09:45:52,982] {logging_mixin.py:115} INFO - [2024-10-26 09:45:52,982] {dag.py:2379} INFO - Sync 2 DAGs
[2024-10-26 09:45:52,984] {logging_mixin.py:115} INFO - [2024-10-26 09:45:52,984] {dag.py:2927} INFO - Setting next_dagrun for example_subdag_operator.section-1 to None, run_after=None
[2024-10-26 09:45:52,984] {logging_mixin.py:115} INFO - [2024-10-26 09:45:52,984] {dag.py:2927} INFO - Setting next_dagrun for example_subdag_operator.section-2 to None, run_after=None
[2024-10-26 09:45:52,994] {processor.py:161} INFO - Processing /root/Documentos/airflow/venv/lib/python3.9/site-packages/airflow/example_dags/example_subdag_operator.py took 0.048 seconds
[2024-10-26 09:46:24,511] {processor.py:153} INFO - Started process (PID=3523) to work on /root/Documentos/airflow/venv/lib/python3.9/site-packages/airflow/example_dags/example_subdag_operator.py
[2024-10-26 09:46:24,513] {processor.py:641} INFO - Processing file /root/Documentos/airflow/venv/lib/python3.9/site-packages/airflow/example_dags/example_subdag_operator.py for tasks to queue
[2024-10-26 09:46:24,513] {logging_mixin.py:115} INFO - [2024-10-26 09:46:24,513] {dagbag.py:507} INFO - Filling up the DagBag from /root/Documentos/airflow/venv/lib/python3.9/site-packages/airflow/example_dags/example_subdag_operator.py
[2024-10-26 09:46:24,527] {processor.py:651} INFO - DAG(s) dict_keys(['example_subdag_operator.section-1', 'example_subdag_operator.section-2', 'example_subdag_operator']) retrieved from /root/Documentos/airflow/venv/lib/python3.9/site-packages/airflow/example_dags/example_subdag_operator.py
[2024-10-26 09:46:24,537] {logging_mixin.py:115} INFO - [2024-10-26 09:46:24,537] {dag.py:2379} INFO - Sync 3 DAGs
[2024-10-26 09:46:24,546] {logging_mixin.py:115} INFO - [2024-10-26 09:46:24,545] {dag.py:2927} INFO - Setting next_dagrun for example_subdag_operator to 2022-01-01T00:00:00+00:00, run_after=2022-01-01T00:00:00+00:00
[2024-10-26 09:46:24,546] {logging_mixin.py:115} INFO - [2024-10-26 09:46:24,546] {dag.py:2927} INFO - Setting next_dagrun for example_subdag_operator.section-1 to None, run_after=None
[2024-10-26 09:46:24,546] {logging_mixin.py:115} INFO - [2024-10-26 09:46:24,546] {dag.py:2927} INFO - Setting next_dagrun for example_subdag_operator.section-2 to None, run_after=None
[2024-10-26 09:46:24,549] {logging_mixin.py:115} INFO - [2024-10-26 09:46:24,549] {dag.py:2379} INFO - Sync 2 DAGs
[2024-10-26 09:46:24,551] {logging_mixin.py:115} INFO - [2024-10-26 09:46:24,551] {dag.py:2927} INFO - Setting next_dagrun for example_subdag_operator.section-1 to None, run_after=None
[2024-10-26 09:46:24,551] {logging_mixin.py:115} INFO - [2024-10-26 09:46:24,551] {dag.py:2927} INFO - Setting next_dagrun for example_subdag_operator.section-2 to None, run_after=None
[2024-10-26 09:46:24,561] {processor.py:161} INFO - Processing /root/Documentos/airflow/venv/lib/python3.9/site-packages/airflow/example_dags/example_subdag_operator.py took 0.051 seconds
[2024-10-26 09:47:00,591] {processor.py:153} INFO - Started process (PID=3696) to work on /root/Documentos/airflow/venv/lib/python3.9/site-packages/airflow/example_dags/example_subdag_operator.py
[2024-10-26 09:47:00,596] {processor.py:641} INFO - Processing file /root/Documentos/airflow/venv/lib/python3.9/site-packages/airflow/example_dags/example_subdag_operator.py for tasks to queue
[2024-10-26 09:47:00,596] {logging_mixin.py:115} INFO - [2024-10-26 09:47:00,596] {dagbag.py:507} INFO - Filling up the DagBag from /root/Documentos/airflow/venv/lib/python3.9/site-packages/airflow/example_dags/example_subdag_operator.py
[2024-10-26 09:47:00,606] {processor.py:651} INFO - DAG(s) dict_keys(['example_subdag_operator.section-1', 'example_subdag_operator.section-2', 'example_subdag_operator']) retrieved from /root/Documentos/airflow/venv/lib/python3.9/site-packages/airflow/example_dags/example_subdag_operator.py
[2024-10-26 09:47:00,617] {logging_mixin.py:115} INFO - [2024-10-26 09:47:00,616] {dag.py:2379} INFO - Sync 3 DAGs
[2024-10-26 09:47:00,625] {logging_mixin.py:115} INFO - [2024-10-26 09:47:00,625] {dag.py:2927} INFO - Setting next_dagrun for example_subdag_operator to 2022-01-01T00:00:00+00:00, run_after=2022-01-01T00:00:00+00:00
[2024-10-26 09:47:00,625] {logging_mixin.py:115} INFO - [2024-10-26 09:47:00,625] {dag.py:2927} INFO - Setting next_dagrun for example_subdag_operator.section-1 to None, run_after=None
[2024-10-26 09:47:00,625] {logging_mixin.py:115} INFO - [2024-10-26 09:47:00,625] {dag.py:2927} INFO - Setting next_dagrun for example_subdag_operator.section-2 to None, run_after=None
[2024-10-26 09:47:00,628] {logging_mixin.py:115} INFO - [2024-10-26 09:47:00,628] {dag.py:2379} INFO - Sync 2 DAGs
[2024-10-26 09:47:00,630] {logging_mixin.py:115} INFO - [2024-10-26 09:47:00,630] {dag.py:2927} INFO - Setting next_dagrun for example_subdag_operator.section-1 to None, run_after=None
[2024-10-26 09:47:00,631] {logging_mixin.py:115} INFO - [2024-10-26 09:47:00,631] {dag.py:2927} INFO - Setting next_dagrun for example_subdag_operator.section-2 to None, run_after=None
[2024-10-26 09:47:00,642] {processor.py:161} INFO - Processing /root/Documentos/airflow/venv/lib/python3.9/site-packages/airflow/example_dags/example_subdag_operator.py took 0.053 seconds
[2024-10-26 09:47:32,724] {processor.py:153} INFO - Started process (PID=3853) to work on /root/Documentos/airflow/venv/lib/python3.9/site-packages/airflow/example_dags/example_subdag_operator.py
[2024-10-26 09:47:32,728] {processor.py:641} INFO - Processing file /root/Documentos/airflow/venv/lib/python3.9/site-packages/airflow/example_dags/example_subdag_operator.py for tasks to queue
[2024-10-26 09:47:32,728] {logging_mixin.py:115} INFO - [2024-10-26 09:47:32,728] {dagbag.py:507} INFO - Filling up the DagBag from /root/Documentos/airflow/venv/lib/python3.9/site-packages/airflow/example_dags/example_subdag_operator.py
[2024-10-26 09:47:32,739] {processor.py:651} INFO - DAG(s) dict_keys(['example_subdag_operator.section-1', 'example_subdag_operator.section-2', 'example_subdag_operator']) retrieved from /root/Documentos/airflow/venv/lib/python3.9/site-packages/airflow/example_dags/example_subdag_operator.py
[2024-10-26 09:47:32,749] {logging_mixin.py:115} INFO - [2024-10-26 09:47:32,749] {dag.py:2379} INFO - Sync 3 DAGs
[2024-10-26 09:47:32,758] {logging_mixin.py:115} INFO - [2024-10-26 09:47:32,758] {dag.py:2927} INFO - Setting next_dagrun for example_subdag_operator to 2022-01-01T00:00:00+00:00, run_after=2022-01-01T00:00:00+00:00
[2024-10-26 09:47:32,758] {logging_mixin.py:115} INFO - [2024-10-26 09:47:32,758] {dag.py:2927} INFO - Setting next_dagrun for example_subdag_operator.section-1 to None, run_after=None
[2024-10-26 09:47:32,758] {logging_mixin.py:115} INFO - [2024-10-26 09:47:32,758] {dag.py:2927} INFO - Setting next_dagrun for example_subdag_operator.section-2 to None, run_after=None
[2024-10-26 09:47:32,761] {logging_mixin.py:115} INFO - [2024-10-26 09:47:32,761] {dag.py:2379} INFO - Sync 2 DAGs
[2024-10-26 09:47:32,763] {logging_mixin.py:115} INFO - [2024-10-26 09:47:32,763] {dag.py:2927} INFO - Setting next_dagrun for example_subdag_operator.section-1 to None, run_after=None
[2024-10-26 09:47:32,763] {logging_mixin.py:115} INFO - [2024-10-26 09:47:32,763] {dag.py:2927} INFO - Setting next_dagrun for example_subdag_operator.section-2 to None, run_after=None
[2024-10-26 09:47:32,774] {processor.py:161} INFO - Processing /root/Documentos/airflow/venv/lib/python3.9/site-packages/airflow/example_dags/example_subdag_operator.py took 0.051 seconds
[2024-10-26 09:48:03,746] {processor.py:153} INFO - Started process (PID=4004) to work on /root/Documentos/airflow/venv/lib/python3.9/site-packages/airflow/example_dags/example_subdag_operator.py
[2024-10-26 09:48:03,746] {processor.py:641} INFO - Processing file /root/Documentos/airflow/venv/lib/python3.9/site-packages/airflow/example_dags/example_subdag_operator.py for tasks to queue
[2024-10-26 09:48:03,747] {logging_mixin.py:115} INFO - [2024-10-26 09:48:03,747] {dagbag.py:507} INFO - Filling up the DagBag from /root/Documentos/airflow/venv/lib/python3.9/site-packages/airflow/example_dags/example_subdag_operator.py
[2024-10-26 09:48:03,764] {processor.py:651} INFO - DAG(s) dict_keys(['example_subdag_operator.section-1', 'example_subdag_operator.section-2', 'example_subdag_operator']) retrieved from /root/Documentos/airflow/venv/lib/python3.9/site-packages/airflow/example_dags/example_subdag_operator.py
[2024-10-26 09:48:03,780] {logging_mixin.py:115} INFO - [2024-10-26 09:48:03,780] {dag.py:2379} INFO - Sync 3 DAGs
[2024-10-26 09:48:03,797] {logging_mixin.py:115} INFO - [2024-10-26 09:48:03,797] {dag.py:2927} INFO - Setting next_dagrun for example_subdag_operator to 2022-01-01T00:00:00+00:00, run_after=2022-01-01T00:00:00+00:00
[2024-10-26 09:48:03,797] {logging_mixin.py:115} INFO - [2024-10-26 09:48:03,797] {dag.py:2927} INFO - Setting next_dagrun for example_subdag_operator.section-1 to None, run_after=None
[2024-10-26 09:48:03,797] {logging_mixin.py:115} INFO - [2024-10-26 09:48:03,797] {dag.py:2927} INFO - Setting next_dagrun for example_subdag_operator.section-2 to None, run_after=None
[2024-10-26 09:48:03,802] {logging_mixin.py:115} INFO - [2024-10-26 09:48:03,802] {dag.py:2379} INFO - Sync 2 DAGs
[2024-10-26 09:48:03,808] {logging_mixin.py:115} INFO - [2024-10-26 09:48:03,807] {dag.py:2927} INFO - Setting next_dagrun for example_subdag_operator.section-1 to None, run_after=None
[2024-10-26 09:48:03,808] {logging_mixin.py:115} INFO - [2024-10-26 09:48:03,808] {dag.py:2927} INFO - Setting next_dagrun for example_subdag_operator.section-2 to None, run_after=None
[2024-10-26 09:48:03,822] {processor.py:161} INFO - Processing /root/Documentos/airflow/venv/lib/python3.9/site-packages/airflow/example_dags/example_subdag_operator.py took 0.079 seconds
[2024-10-26 09:48:39,780] {processor.py:153} INFO - Started process (PID=4186) to work on /root/Documentos/airflow/venv/lib/python3.9/site-packages/airflow/example_dags/example_subdag_operator.py
[2024-10-26 09:48:39,785] {processor.py:641} INFO - Processing file /root/Documentos/airflow/venv/lib/python3.9/site-packages/airflow/example_dags/example_subdag_operator.py for tasks to queue
[2024-10-26 09:48:39,786] {logging_mixin.py:115} INFO - [2024-10-26 09:48:39,786] {dagbag.py:507} INFO - Filling up the DagBag from /root/Documentos/airflow/venv/lib/python3.9/site-packages/airflow/example_dags/example_subdag_operator.py
[2024-10-26 09:48:39,796] {processor.py:651} INFO - DAG(s) dict_keys(['example_subdag_operator.section-1', 'example_subdag_operator.section-2', 'example_subdag_operator']) retrieved from /root/Documentos/airflow/venv/lib/python3.9/site-packages/airflow/example_dags/example_subdag_operator.py
[2024-10-26 09:48:39,807] {logging_mixin.py:115} INFO - [2024-10-26 09:48:39,806] {dag.py:2379} INFO - Sync 3 DAGs
[2024-10-26 09:48:39,815] {logging_mixin.py:115} INFO - [2024-10-26 09:48:39,815] {dag.py:2927} INFO - Setting next_dagrun for example_subdag_operator to 2022-01-01T00:00:00+00:00, run_after=2022-01-01T00:00:00+00:00
[2024-10-26 09:48:39,815] {logging_mixin.py:115} INFO - [2024-10-26 09:48:39,815] {dag.py:2927} INFO - Setting next_dagrun for example_subdag_operator.section-1 to None, run_after=None
[2024-10-26 09:48:39,816] {logging_mixin.py:115} INFO - [2024-10-26 09:48:39,816] {dag.py:2927} INFO - Setting next_dagrun for example_subdag_operator.section-2 to None, run_after=None
[2024-10-26 09:48:39,818] {logging_mixin.py:115} INFO - [2024-10-26 09:48:39,818] {dag.py:2379} INFO - Sync 2 DAGs
[2024-10-26 09:48:39,821] {logging_mixin.py:115} INFO - [2024-10-26 09:48:39,820] {dag.py:2927} INFO - Setting next_dagrun for example_subdag_operator.section-1 to None, run_after=None
[2024-10-26 09:48:39,821] {logging_mixin.py:115} INFO - [2024-10-26 09:48:39,821] {dag.py:2927} INFO - Setting next_dagrun for example_subdag_operator.section-2 to None, run_after=None
[2024-10-26 09:48:39,835] {processor.py:161} INFO - Processing /root/Documentos/airflow/venv/lib/python3.9/site-packages/airflow/example_dags/example_subdag_operator.py took 0.056 seconds
[2024-10-26 09:49:12,429] {processor.py:153} INFO - Started process (PID=4345) to work on /root/Documentos/airflow/venv/lib/python3.9/site-packages/airflow/example_dags/example_subdag_operator.py
[2024-10-26 09:49:12,429] {processor.py:641} INFO - Processing file /root/Documentos/airflow/venv/lib/python3.9/site-packages/airflow/example_dags/example_subdag_operator.py for tasks to queue
[2024-10-26 09:49:12,429] {logging_mixin.py:115} INFO - [2024-10-26 09:49:12,429] {dagbag.py:507} INFO - Filling up the DagBag from /root/Documentos/airflow/venv/lib/python3.9/site-packages/airflow/example_dags/example_subdag_operator.py
[2024-10-26 09:49:12,440] {processor.py:651} INFO - DAG(s) dict_keys(['example_subdag_operator.section-1', 'example_subdag_operator.section-2', 'example_subdag_operator']) retrieved from /root/Documentos/airflow/venv/lib/python3.9/site-packages/airflow/example_dags/example_subdag_operator.py
[2024-10-26 09:49:12,450] {logging_mixin.py:115} INFO - [2024-10-26 09:49:12,450] {dag.py:2379} INFO - Sync 3 DAGs
[2024-10-26 09:49:12,459] {logging_mixin.py:115} INFO - [2024-10-26 09:49:12,459] {dag.py:2927} INFO - Setting next_dagrun for example_subdag_operator to 2022-01-01T00:00:00+00:00, run_after=2022-01-01T00:00:00+00:00
[2024-10-26 09:49:12,459] {logging_mixin.py:115} INFO - [2024-10-26 09:49:12,459] {dag.py:2927} INFO - Setting next_dagrun for example_subdag_operator.section-1 to None, run_after=None
[2024-10-26 09:49:12,459] {logging_mixin.py:115} INFO - [2024-10-26 09:49:12,459] {dag.py:2927} INFO - Setting next_dagrun for example_subdag_operator.section-2 to None, run_after=None
[2024-10-26 09:49:12,462] {logging_mixin.py:115} INFO - [2024-10-26 09:49:12,462] {dag.py:2379} INFO - Sync 2 DAGs
[2024-10-26 09:49:12,464] {logging_mixin.py:115} INFO - [2024-10-26 09:49:12,464] {dag.py:2927} INFO - Setting next_dagrun for example_subdag_operator.section-1 to None, run_after=None
[2024-10-26 09:49:12,464] {logging_mixin.py:115} INFO - [2024-10-26 09:49:12,464] {dag.py:2927} INFO - Setting next_dagrun for example_subdag_operator.section-2 to None, run_after=None
[2024-10-26 09:49:12,480] {processor.py:161} INFO - Processing /root/Documentos/airflow/venv/lib/python3.9/site-packages/airflow/example_dags/example_subdag_operator.py took 0.053 seconds
[2024-10-26 09:49:48,562] {processor.py:153} INFO - Started process (PID=4517) to work on /root/Documentos/airflow/venv/lib/python3.9/site-packages/airflow/example_dags/example_subdag_operator.py
[2024-10-26 09:49:48,565] {processor.py:641} INFO - Processing file /root/Documentos/airflow/venv/lib/python3.9/site-packages/airflow/example_dags/example_subdag_operator.py for tasks to queue
[2024-10-26 09:49:48,565] {logging_mixin.py:115} INFO - [2024-10-26 09:49:48,565] {dagbag.py:507} INFO - Filling up the DagBag from /root/Documentos/airflow/venv/lib/python3.9/site-packages/airflow/example_dags/example_subdag_operator.py
[2024-10-26 09:49:48,576] {processor.py:651} INFO - DAG(s) dict_keys(['example_subdag_operator.section-1', 'example_subdag_operator.section-2', 'example_subdag_operator']) retrieved from /root/Documentos/airflow/venv/lib/python3.9/site-packages/airflow/example_dags/example_subdag_operator.py
[2024-10-26 09:49:48,586] {logging_mixin.py:115} INFO - [2024-10-26 09:49:48,586] {dag.py:2379} INFO - Sync 3 DAGs
[2024-10-26 09:49:48,595] {logging_mixin.py:115} INFO - [2024-10-26 09:49:48,595] {dag.py:2927} INFO - Setting next_dagrun for example_subdag_operator to 2022-01-01T00:00:00+00:00, run_after=2022-01-01T00:00:00+00:00
[2024-10-26 09:49:48,595] {logging_mixin.py:115} INFO - [2024-10-26 09:49:48,595] {dag.py:2927} INFO - Setting next_dagrun for example_subdag_operator.section-1 to None, run_after=None
[2024-10-26 09:49:48,595] {logging_mixin.py:115} INFO - [2024-10-26 09:49:48,595] {dag.py:2927} INFO - Setting next_dagrun for example_subdag_operator.section-2 to None, run_after=None
[2024-10-26 09:49:48,598] {logging_mixin.py:115} INFO - [2024-10-26 09:49:48,598] {dag.py:2379} INFO - Sync 2 DAGs
[2024-10-26 09:49:48,600] {logging_mixin.py:115} INFO - [2024-10-26 09:49:48,600] {dag.py:2927} INFO - Setting next_dagrun for example_subdag_operator.section-1 to None, run_after=None
[2024-10-26 09:49:48,600] {logging_mixin.py:115} INFO - [2024-10-26 09:49:48,600] {dag.py:2927} INFO - Setting next_dagrun for example_subdag_operator.section-2 to None, run_after=None
[2024-10-26 09:49:48,615] {processor.py:161} INFO - Processing /root/Documentos/airflow/venv/lib/python3.9/site-packages/airflow/example_dags/example_subdag_operator.py took 0.055 seconds
[2024-10-26 09:50:21,100] {processor.py:153} INFO - Started process (PID=4675) to work on /root/Documentos/airflow/venv/lib/python3.9/site-packages/airflow/example_dags/example_subdag_operator.py
[2024-10-26 09:50:21,101] {processor.py:641} INFO - Processing file /root/Documentos/airflow/venv/lib/python3.9/site-packages/airflow/example_dags/example_subdag_operator.py for tasks to queue
[2024-10-26 09:50:21,101] {logging_mixin.py:115} INFO - [2024-10-26 09:50:21,101] {dagbag.py:507} INFO - Filling up the DagBag from /root/Documentos/airflow/venv/lib/python3.9/site-packages/airflow/example_dags/example_subdag_operator.py
[2024-10-26 09:50:21,112] {processor.py:651} INFO - DAG(s) dict_keys(['example_subdag_operator.section-1', 'example_subdag_operator.section-2', 'example_subdag_operator']) retrieved from /root/Documentos/airflow/venv/lib/python3.9/site-packages/airflow/example_dags/example_subdag_operator.py
[2024-10-26 09:50:21,122] {logging_mixin.py:115} INFO - [2024-10-26 09:50:21,122] {dag.py:2379} INFO - Sync 3 DAGs
[2024-10-26 09:50:21,131] {logging_mixin.py:115} INFO - [2024-10-26 09:50:21,131] {dag.py:2927} INFO - Setting next_dagrun for example_subdag_operator to 2022-01-01T00:00:00+00:00, run_after=2022-01-01T00:00:00+00:00
[2024-10-26 09:50:21,131] {logging_mixin.py:115} INFO - [2024-10-26 09:50:21,131] {dag.py:2927} INFO - Setting next_dagrun for example_subdag_operator.section-1 to None, run_after=None
[2024-10-26 09:50:21,131] {logging_mixin.py:115} INFO - [2024-10-26 09:50:21,131] {dag.py:2927} INFO - Setting next_dagrun for example_subdag_operator.section-2 to None, run_after=None
[2024-10-26 09:50:21,134] {logging_mixin.py:115} INFO - [2024-10-26 09:50:21,134] {dag.py:2379} INFO - Sync 2 DAGs
[2024-10-26 09:50:21,136] {logging_mixin.py:115} INFO - [2024-10-26 09:50:21,136] {dag.py:2927} INFO - Setting next_dagrun for example_subdag_operator.section-1 to None, run_after=None
[2024-10-26 09:50:21,136] {logging_mixin.py:115} INFO - [2024-10-26 09:50:21,136] {dag.py:2927} INFO - Setting next_dagrun for example_subdag_operator.section-2 to None, run_after=None
[2024-10-26 09:50:21,151] {processor.py:161} INFO - Processing /root/Documentos/airflow/venv/lib/python3.9/site-packages/airflow/example_dags/example_subdag_operator.py took 0.052 seconds
[2024-10-26 09:50:52,283] {processor.py:153} INFO - Started process (PID=4826) to work on /root/Documentos/airflow/venv/lib/python3.9/site-packages/airflow/example_dags/example_subdag_operator.py
[2024-10-26 09:50:52,284] {processor.py:641} INFO - Processing file /root/Documentos/airflow/venv/lib/python3.9/site-packages/airflow/example_dags/example_subdag_operator.py for tasks to queue
[2024-10-26 09:50:52,284] {logging_mixin.py:115} INFO - [2024-10-26 09:50:52,284] {dagbag.py:507} INFO - Filling up the DagBag from /root/Documentos/airflow/venv/lib/python3.9/site-packages/airflow/example_dags/example_subdag_operator.py
[2024-10-26 09:50:52,294] {processor.py:651} INFO - DAG(s) dict_keys(['example_subdag_operator.section-1', 'example_subdag_operator.section-2', 'example_subdag_operator']) retrieved from /root/Documentos/airflow/venv/lib/python3.9/site-packages/airflow/example_dags/example_subdag_operator.py
[2024-10-26 09:50:52,305] {logging_mixin.py:115} INFO - [2024-10-26 09:50:52,305] {dag.py:2379} INFO - Sync 3 DAGs
[2024-10-26 09:50:52,314] {logging_mixin.py:115} INFO - [2024-10-26 09:50:52,313] {dag.py:2927} INFO - Setting next_dagrun for example_subdag_operator to 2022-01-01T00:00:00+00:00, run_after=2022-01-01T00:00:00+00:00
[2024-10-26 09:50:52,314] {logging_mixin.py:115} INFO - [2024-10-26 09:50:52,314] {dag.py:2927} INFO - Setting next_dagrun for example_subdag_operator.section-1 to None, run_after=None
[2024-10-26 09:50:52,314] {logging_mixin.py:115} INFO - [2024-10-26 09:50:52,314] {dag.py:2927} INFO - Setting next_dagrun for example_subdag_operator.section-2 to None, run_after=None
[2024-10-26 09:50:52,317] {logging_mixin.py:115} INFO - [2024-10-26 09:50:52,316] {dag.py:2379} INFO - Sync 2 DAGs
[2024-10-26 09:50:52,319] {logging_mixin.py:115} INFO - [2024-10-26 09:50:52,319] {dag.py:2927} INFO - Setting next_dagrun for example_subdag_operator.section-1 to None, run_after=None
[2024-10-26 09:50:52,319] {logging_mixin.py:115} INFO - [2024-10-26 09:50:52,319] {dag.py:2927} INFO - Setting next_dagrun for example_subdag_operator.section-2 to None, run_after=None
[2024-10-26 09:50:52,334] {processor.py:161} INFO - Processing /root/Documentos/airflow/venv/lib/python3.9/site-packages/airflow/example_dags/example_subdag_operator.py took 0.052 seconds
[2024-10-26 09:51:24,719] {processor.py:153} INFO - Started process (PID=4984) to work on /root/Documentos/airflow/venv/lib/python3.9/site-packages/airflow/example_dags/example_subdag_operator.py
[2024-10-26 09:51:24,722] {processor.py:641} INFO - Processing file /root/Documentos/airflow/venv/lib/python3.9/site-packages/airflow/example_dags/example_subdag_operator.py for tasks to queue
[2024-10-26 09:51:24,723] {logging_mixin.py:115} INFO - [2024-10-26 09:51:24,723] {dagbag.py:507} INFO - Filling up the DagBag from /root/Documentos/airflow/venv/lib/python3.9/site-packages/airflow/example_dags/example_subdag_operator.py
[2024-10-26 09:51:24,733] {processor.py:651} INFO - DAG(s) dict_keys(['example_subdag_operator.section-1', 'example_subdag_operator.section-2', 'example_subdag_operator']) retrieved from /root/Documentos/airflow/venv/lib/python3.9/site-packages/airflow/example_dags/example_subdag_operator.py
[2024-10-26 09:51:24,744] {logging_mixin.py:115} INFO - [2024-10-26 09:51:24,744] {dag.py:2379} INFO - Sync 3 DAGs
[2024-10-26 09:51:24,752] {logging_mixin.py:115} INFO - [2024-10-26 09:51:24,752] {dag.py:2927} INFO - Setting next_dagrun for example_subdag_operator to 2022-01-01T00:00:00+00:00, run_after=2022-01-01T00:00:00+00:00
[2024-10-26 09:51:24,753] {logging_mixin.py:115} INFO - [2024-10-26 09:51:24,753] {dag.py:2927} INFO - Setting next_dagrun for example_subdag_operator.section-1 to None, run_after=None
[2024-10-26 09:51:24,753] {logging_mixin.py:115} INFO - [2024-10-26 09:51:24,753] {dag.py:2927} INFO - Setting next_dagrun for example_subdag_operator.section-2 to None, run_after=None
[2024-10-26 09:51:24,756] {logging_mixin.py:115} INFO - [2024-10-26 09:51:24,755] {dag.py:2379} INFO - Sync 2 DAGs
[2024-10-26 09:51:24,758] {logging_mixin.py:115} INFO - [2024-10-26 09:51:24,757] {dag.py:2927} INFO - Setting next_dagrun for example_subdag_operator.section-1 to None, run_after=None
[2024-10-26 09:51:24,758] {logging_mixin.py:115} INFO - [2024-10-26 09:51:24,758] {dag.py:2927} INFO - Setting next_dagrun for example_subdag_operator.section-2 to None, run_after=None
[2024-10-26 09:51:24,771] {processor.py:161} INFO - Processing /root/Documentos/airflow/venv/lib/python3.9/site-packages/airflow/example_dags/example_subdag_operator.py took 0.053 seconds
[2024-10-26 09:52:00,247] {processor.py:153} INFO - Started process (PID=5156) to work on /root/Documentos/airflow/venv/lib/python3.9/site-packages/airflow/example_dags/example_subdag_operator.py
[2024-10-26 09:52:00,251] {processor.py:641} INFO - Processing file /root/Documentos/airflow/venv/lib/python3.9/site-packages/airflow/example_dags/example_subdag_operator.py for tasks to queue
[2024-10-26 09:52:00,252] {logging_mixin.py:115} INFO - [2024-10-26 09:52:00,252] {dagbag.py:507} INFO - Filling up the DagBag from /root/Documentos/airflow/venv/lib/python3.9/site-packages/airflow/example_dags/example_subdag_operator.py
[2024-10-26 09:52:00,264] {processor.py:651} INFO - DAG(s) dict_keys(['example_subdag_operator.section-1', 'example_subdag_operator.section-2', 'example_subdag_operator']) retrieved from /root/Documentos/airflow/venv/lib/python3.9/site-packages/airflow/example_dags/example_subdag_operator.py
[2024-10-26 09:52:00,277] {logging_mixin.py:115} INFO - [2024-10-26 09:52:00,276] {dag.py:2379} INFO - Sync 3 DAGs
[2024-10-26 09:52:00,287] {logging_mixin.py:115} INFO - [2024-10-26 09:52:00,287] {dag.py:2927} INFO - Setting next_dagrun for example_subdag_operator to 2022-01-01T00:00:00+00:00, run_after=2022-01-01T00:00:00+00:00
[2024-10-26 09:52:00,287] {logging_mixin.py:115} INFO - [2024-10-26 09:52:00,287] {dag.py:2927} INFO - Setting next_dagrun for example_subdag_operator.section-1 to None, run_after=None
[2024-10-26 09:52:00,287] {logging_mixin.py:115} INFO - [2024-10-26 09:52:00,287] {dag.py:2927} INFO - Setting next_dagrun for example_subdag_operator.section-2 to None, run_after=None
[2024-10-26 09:52:00,291] {logging_mixin.py:115} INFO - [2024-10-26 09:52:00,291] {dag.py:2379} INFO - Sync 2 DAGs
[2024-10-26 09:52:00,293] {logging_mixin.py:115} INFO - [2024-10-26 09:52:00,293] {dag.py:2927} INFO - Setting next_dagrun for example_subdag_operator.section-1 to None, run_after=None
[2024-10-26 09:52:00,294] {logging_mixin.py:115} INFO - [2024-10-26 09:52:00,294] {dag.py:2927} INFO - Setting next_dagrun for example_subdag_operator.section-2 to None, run_after=None
[2024-10-26 09:52:00,306] {processor.py:161} INFO - Processing /root/Documentos/airflow/venv/lib/python3.9/site-packages/airflow/example_dags/example_subdag_operator.py took 0.060 seconds
[2024-10-26 09:52:32,139] {processor.py:153} INFO - Started process (PID=5311) to work on /root/Documentos/airflow/venv/lib/python3.9/site-packages/airflow/example_dags/example_subdag_operator.py
[2024-10-26 09:52:32,139] {processor.py:641} INFO - Processing file /root/Documentos/airflow/venv/lib/python3.9/site-packages/airflow/example_dags/example_subdag_operator.py for tasks to queue
[2024-10-26 09:52:32,140] {logging_mixin.py:115} INFO - [2024-10-26 09:52:32,140] {dagbag.py:507} INFO - Filling up the DagBag from /root/Documentos/airflow/venv/lib/python3.9/site-packages/airflow/example_dags/example_subdag_operator.py
[2024-10-26 09:52:32,150] {processor.py:651} INFO - DAG(s) dict_keys(['example_subdag_operator.section-1', 'example_subdag_operator.section-2', 'example_subdag_operator']) retrieved from /root/Documentos/airflow/venv/lib/python3.9/site-packages/airflow/example_dags/example_subdag_operator.py
[2024-10-26 09:52:32,160] {logging_mixin.py:115} INFO - [2024-10-26 09:52:32,160] {dag.py:2379} INFO - Sync 3 DAGs
[2024-10-26 09:52:32,169] {logging_mixin.py:115} INFO - [2024-10-26 09:52:32,169] {dag.py:2927} INFO - Setting next_dagrun for example_subdag_operator to 2022-01-01T00:00:00+00:00, run_after=2022-01-01T00:00:00+00:00
[2024-10-26 09:52:32,169] {logging_mixin.py:115} INFO - [2024-10-26 09:52:32,169] {dag.py:2927} INFO - Setting next_dagrun for example_subdag_operator.section-1 to None, run_after=None
[2024-10-26 09:52:32,169] {logging_mixin.py:115} INFO - [2024-10-26 09:52:32,169] {dag.py:2927} INFO - Setting next_dagrun for example_subdag_operator.section-2 to None, run_after=None
[2024-10-26 09:52:32,172] {logging_mixin.py:115} INFO - [2024-10-26 09:52:32,172] {dag.py:2379} INFO - Sync 2 DAGs
[2024-10-26 09:52:32,174] {logging_mixin.py:115} INFO - [2024-10-26 09:52:32,174] {dag.py:2927} INFO - Setting next_dagrun for example_subdag_operator.section-1 to None, run_after=None
[2024-10-26 09:52:32,174] {logging_mixin.py:115} INFO - [2024-10-26 09:52:32,174] {dag.py:2927} INFO - Setting next_dagrun for example_subdag_operator.section-2 to None, run_after=None
[2024-10-26 09:52:32,188] {processor.py:161} INFO - Processing /root/Documentos/airflow/venv/lib/python3.9/site-packages/airflow/example_dags/example_subdag_operator.py took 0.050 seconds
[2024-10-26 09:53:06,835] {processor.py:153} INFO - Started process (PID=5479) to work on /root/Documentos/airflow/venv/lib/python3.9/site-packages/airflow/example_dags/example_subdag_operator.py
[2024-10-26 09:53:06,836] {processor.py:641} INFO - Processing file /root/Documentos/airflow/venv/lib/python3.9/site-packages/airflow/example_dags/example_subdag_operator.py for tasks to queue
[2024-10-26 09:53:06,836] {logging_mixin.py:115} INFO - [2024-10-26 09:53:06,836] {dagbag.py:507} INFO - Filling up the DagBag from /root/Documentos/airflow/venv/lib/python3.9/site-packages/airflow/example_dags/example_subdag_operator.py
[2024-10-26 09:53:06,847] {processor.py:651} INFO - DAG(s) dict_keys(['example_subdag_operator.section-1', 'example_subdag_operator.section-2', 'example_subdag_operator']) retrieved from /root/Documentos/airflow/venv/lib/python3.9/site-packages/airflow/example_dags/example_subdag_operator.py
[2024-10-26 09:53:06,858] {logging_mixin.py:115} INFO - [2024-10-26 09:53:06,858] {dag.py:2379} INFO - Sync 3 DAGs
[2024-10-26 09:53:06,866] {logging_mixin.py:115} INFO - [2024-10-26 09:53:06,866] {dag.py:2927} INFO - Setting next_dagrun for example_subdag_operator to 2022-01-01T00:00:00+00:00, run_after=2022-01-01T00:00:00+00:00
[2024-10-26 09:53:06,867] {logging_mixin.py:115} INFO - [2024-10-26 09:53:06,867] {dag.py:2927} INFO - Setting next_dagrun for example_subdag_operator.section-1 to None, run_after=None
[2024-10-26 09:53:06,867] {logging_mixin.py:115} INFO - [2024-10-26 09:53:06,867] {dag.py:2927} INFO - Setting next_dagrun for example_subdag_operator.section-2 to None, run_after=None
[2024-10-26 09:53:06,870] {logging_mixin.py:115} INFO - [2024-10-26 09:53:06,869] {dag.py:2379} INFO - Sync 2 DAGs
[2024-10-26 09:53:06,872] {logging_mixin.py:115} INFO - [2024-10-26 09:53:06,872] {dag.py:2927} INFO - Setting next_dagrun for example_subdag_operator.section-1 to None, run_after=None
[2024-10-26 09:53:06,872] {logging_mixin.py:115} INFO - [2024-10-26 09:53:06,872] {dag.py:2927} INFO - Setting next_dagrun for example_subdag_operator.section-2 to None, run_after=None
[2024-10-26 09:53:06,886] {processor.py:161} INFO - Processing /root/Documentos/airflow/venv/lib/python3.9/site-packages/airflow/example_dags/example_subdag_operator.py took 0.052 seconds
[2024-10-26 09:53:40,431] {processor.py:153} INFO - Started process (PID=5641) to work on /root/Documentos/airflow/venv/lib/python3.9/site-packages/airflow/example_dags/example_subdag_operator.py
[2024-10-26 09:53:40,432] {processor.py:641} INFO - Processing file /root/Documentos/airflow/venv/lib/python3.9/site-packages/airflow/example_dags/example_subdag_operator.py for tasks to queue
[2024-10-26 09:53:40,432] {logging_mixin.py:115} INFO - [2024-10-26 09:53:40,432] {dagbag.py:507} INFO - Filling up the DagBag from /root/Documentos/airflow/venv/lib/python3.9/site-packages/airflow/example_dags/example_subdag_operator.py
[2024-10-26 09:53:40,442] {processor.py:651} INFO - DAG(s) dict_keys(['example_subdag_operator.section-1', 'example_subdag_operator.section-2', 'example_subdag_operator']) retrieved from /root/Documentos/airflow/venv/lib/python3.9/site-packages/airflow/example_dags/example_subdag_operator.py
[2024-10-26 09:53:40,452] {logging_mixin.py:115} INFO - [2024-10-26 09:53:40,452] {dag.py:2379} INFO - Sync 3 DAGs
[2024-10-26 09:53:40,461] {logging_mixin.py:115} INFO - [2024-10-26 09:53:40,461] {dag.py:2927} INFO - Setting next_dagrun for example_subdag_operator to 2022-01-01T00:00:00+00:00, run_after=2022-01-01T00:00:00+00:00
[2024-10-26 09:53:40,462] {logging_mixin.py:115} INFO - [2024-10-26 09:53:40,461] {dag.py:2927} INFO - Setting next_dagrun for example_subdag_operator.section-1 to None, run_after=None
[2024-10-26 09:53:40,462] {logging_mixin.py:115} INFO - [2024-10-26 09:53:40,462] {dag.py:2927} INFO - Setting next_dagrun for example_subdag_operator.section-2 to None, run_after=None
[2024-10-26 09:53:40,464] {logging_mixin.py:115} INFO - [2024-10-26 09:53:40,464] {dag.py:2379} INFO - Sync 2 DAGs
[2024-10-26 09:53:40,467] {logging_mixin.py:115} INFO - [2024-10-26 09:53:40,466] {dag.py:2927} INFO - Setting next_dagrun for example_subdag_operator.section-1 to None, run_after=None
[2024-10-26 09:53:40,467] {logging_mixin.py:115} INFO - [2024-10-26 09:53:40,467] {dag.py:2927} INFO - Setting next_dagrun for example_subdag_operator.section-2 to None, run_after=None
[2024-10-26 09:53:40,480] {processor.py:161} INFO - Processing /root/Documentos/airflow/venv/lib/python3.9/site-packages/airflow/example_dags/example_subdag_operator.py took 0.050 seconds
[2024-10-26 09:54:13,141] {processor.py:153} INFO - Started process (PID=5799) to work on /root/Documentos/airflow/venv/lib/python3.9/site-packages/airflow/example_dags/example_subdag_operator.py
[2024-10-26 09:54:13,144] {processor.py:641} INFO - Processing file /root/Documentos/airflow/venv/lib/python3.9/site-packages/airflow/example_dags/example_subdag_operator.py for tasks to queue
[2024-10-26 09:54:13,145] {logging_mixin.py:115} INFO - [2024-10-26 09:54:13,145] {dagbag.py:507} INFO - Filling up the DagBag from /root/Documentos/airflow/venv/lib/python3.9/site-packages/airflow/example_dags/example_subdag_operator.py
[2024-10-26 09:54:13,155] {processor.py:651} INFO - DAG(s) dict_keys(['example_subdag_operator.section-1', 'example_subdag_operator.section-2', 'example_subdag_operator']) retrieved from /root/Documentos/airflow/venv/lib/python3.9/site-packages/airflow/example_dags/example_subdag_operator.py
[2024-10-26 09:54:13,166] {logging_mixin.py:115} INFO - [2024-10-26 09:54:13,166] {dag.py:2379} INFO - Sync 3 DAGs
[2024-10-26 09:54:13,175] {logging_mixin.py:115} INFO - [2024-10-26 09:54:13,175] {dag.py:2927} INFO - Setting next_dagrun for example_subdag_operator to 2022-01-01T00:00:00+00:00, run_after=2022-01-01T00:00:00+00:00
[2024-10-26 09:54:13,176] {logging_mixin.py:115} INFO - [2024-10-26 09:54:13,176] {dag.py:2927} INFO - Setting next_dagrun for example_subdag_operator.section-1 to None, run_after=None
[2024-10-26 09:54:13,176] {logging_mixin.py:115} INFO - [2024-10-26 09:54:13,176] {dag.py:2927} INFO - Setting next_dagrun for example_subdag_operator.section-2 to None, run_after=None
[2024-10-26 09:54:13,178] {logging_mixin.py:115} INFO - [2024-10-26 09:54:13,178] {dag.py:2379} INFO - Sync 2 DAGs
[2024-10-26 09:54:13,181] {logging_mixin.py:115} INFO - [2024-10-26 09:54:13,181] {dag.py:2927} INFO - Setting next_dagrun for example_subdag_operator.section-1 to None, run_after=None
[2024-10-26 09:54:13,181] {logging_mixin.py:115} INFO - [2024-10-26 09:54:13,181] {dag.py:2927} INFO - Setting next_dagrun for example_subdag_operator.section-2 to None, run_after=None
[2024-10-26 09:54:13,194] {processor.py:161} INFO - Processing /root/Documentos/airflow/venv/lib/python3.9/site-packages/airflow/example_dags/example_subdag_operator.py took 0.054 seconds
[2024-10-26 09:54:46,975] {processor.py:153} INFO - Started process (PID=5961) to work on /root/Documentos/airflow/venv/lib/python3.9/site-packages/airflow/example_dags/example_subdag_operator.py
[2024-10-26 09:54:46,977] {processor.py:641} INFO - Processing file /root/Documentos/airflow/venv/lib/python3.9/site-packages/airflow/example_dags/example_subdag_operator.py for tasks to queue
[2024-10-26 09:54:46,978] {logging_mixin.py:115} INFO - [2024-10-26 09:54:46,978] {dagbag.py:507} INFO - Filling up the DagBag from /root/Documentos/airflow/venv/lib/python3.9/site-packages/airflow/example_dags/example_subdag_operator.py
[2024-10-26 09:54:46,989] {processor.py:651} INFO - DAG(s) dict_keys(['example_subdag_operator.section-1', 'example_subdag_operator.section-2', 'example_subdag_operator']) retrieved from /root/Documentos/airflow/venv/lib/python3.9/site-packages/airflow/example_dags/example_subdag_operator.py
[2024-10-26 09:54:46,999] {logging_mixin.py:115} INFO - [2024-10-26 09:54:46,999] {dag.py:2379} INFO - Sync 3 DAGs
[2024-10-26 09:54:47,008] {logging_mixin.py:115} INFO - [2024-10-26 09:54:47,008] {dag.py:2927} INFO - Setting next_dagrun for example_subdag_operator to 2022-01-01T00:00:00+00:00, run_after=2022-01-01T00:00:00+00:00
[2024-10-26 09:54:47,008] {logging_mixin.py:115} INFO - [2024-10-26 09:54:47,008] {dag.py:2927} INFO - Setting next_dagrun for example_subdag_operator.section-1 to None, run_after=None
[2024-10-26 09:54:47,008] {logging_mixin.py:115} INFO - [2024-10-26 09:54:47,008] {dag.py:2927} INFO - Setting next_dagrun for example_subdag_operator.section-2 to None, run_after=None
[2024-10-26 09:54:47,011] {logging_mixin.py:115} INFO - [2024-10-26 09:54:47,011] {dag.py:2379} INFO - Sync 2 DAGs
[2024-10-26 09:54:47,013] {logging_mixin.py:115} INFO - [2024-10-26 09:54:47,013] {dag.py:2927} INFO - Setting next_dagrun for example_subdag_operator.section-1 to None, run_after=None
[2024-10-26 09:54:47,013] {logging_mixin.py:115} INFO - [2024-10-26 09:54:47,013] {dag.py:2927} INFO - Setting next_dagrun for example_subdag_operator.section-2 to None, run_after=None
[2024-10-26 09:54:47,027] {processor.py:161} INFO - Processing /root/Documentos/airflow/venv/lib/python3.9/site-packages/airflow/example_dags/example_subdag_operator.py took 0.053 seconds
[2024-10-26 09:55:20,272] {processor.py:153} INFO - Started process (PID=6128) to work on /root/Documentos/airflow/venv/lib/python3.9/site-packages/airflow/example_dags/example_subdag_operator.py
[2024-10-26 09:55:20,272] {processor.py:641} INFO - Processing file /root/Documentos/airflow/venv/lib/python3.9/site-packages/airflow/example_dags/example_subdag_operator.py for tasks to queue
[2024-10-26 09:55:20,272] {logging_mixin.py:115} INFO - [2024-10-26 09:55:20,272] {dagbag.py:507} INFO - Filling up the DagBag from /root/Documentos/airflow/venv/lib/python3.9/site-packages/airflow/example_dags/example_subdag_operator.py
[2024-10-26 09:55:20,283] {processor.py:651} INFO - DAG(s) dict_keys(['example_subdag_operator.section-1', 'example_subdag_operator.section-2', 'example_subdag_operator']) retrieved from /root/Documentos/airflow/venv/lib/python3.9/site-packages/airflow/example_dags/example_subdag_operator.py
[2024-10-26 09:55:20,293] {logging_mixin.py:115} INFO - [2024-10-26 09:55:20,293] {dag.py:2379} INFO - Sync 3 DAGs
[2024-10-26 09:55:20,302] {logging_mixin.py:115} INFO - [2024-10-26 09:55:20,302] {dag.py:2927} INFO - Setting next_dagrun for example_subdag_operator to 2022-01-01T00:00:00+00:00, run_after=2022-01-01T00:00:00+00:00
[2024-10-26 09:55:20,302] {logging_mixin.py:115} INFO - [2024-10-26 09:55:20,302] {dag.py:2927} INFO - Setting next_dagrun for example_subdag_operator.section-1 to None, run_after=None
[2024-10-26 09:55:20,302] {logging_mixin.py:115} INFO - [2024-10-26 09:55:20,302] {dag.py:2927} INFO - Setting next_dagrun for example_subdag_operator.section-2 to None, run_after=None
[2024-10-26 09:55:20,305] {logging_mixin.py:115} INFO - [2024-10-26 09:55:20,305] {dag.py:2379} INFO - Sync 2 DAGs
[2024-10-26 09:55:20,307] {logging_mixin.py:115} INFO - [2024-10-26 09:55:20,307] {dag.py:2927} INFO - Setting next_dagrun for example_subdag_operator.section-1 to None, run_after=None
[2024-10-26 09:55:20,307] {logging_mixin.py:115} INFO - [2024-10-26 09:55:20,307] {dag.py:2927} INFO - Setting next_dagrun for example_subdag_operator.section-2 to None, run_after=None
[2024-10-26 09:55:20,320] {processor.py:161} INFO - Processing /root/Documentos/airflow/venv/lib/python3.9/site-packages/airflow/example_dags/example_subdag_operator.py took 0.050 seconds
