[2024-10-26 09:24:40,708] {processor.py:153} INFO - Started process (PID=10189) to work on /root/Documentos/airflow/venv/lib/python3.9/site-packages/airflow/example_dags/example_xcomargs.py
[2024-10-26 09:24:40,709] {processor.py:641} INFO - Processing file /root/Documentos/airflow/venv/lib/python3.9/site-packages/airflow/example_dags/example_xcomargs.py for tasks to queue
[2024-10-26 09:24:40,709] {logging_mixin.py:115} INFO - [2024-10-26 09:24:40,709] {dagbag.py:507} INFO - Filling up the DagBag from /root/Documentos/airflow/venv/lib/python3.9/site-packages/airflow/example_dags/example_xcomargs.py
[2024-10-26 09:24:40,718] {processor.py:651} INFO - DAG(s) dict_keys(['example_xcom_args', 'example_xcom_args_with_operators']) retrieved from /root/Documentos/airflow/venv/lib/python3.9/site-packages/airflow/example_dags/example_xcomargs.py
[2024-10-26 09:24:40,767] {logging_mixin.py:115} INFO - [2024-10-26 09:24:40,767] {manager.py:508} INFO - Created Permission View: can edit on DAG:example_xcom_args
[2024-10-26 09:24:40,777] {logging_mixin.py:115} INFO - [2024-10-26 09:24:40,777] {manager.py:508} INFO - Created Permission View: can read on DAG:example_xcom_args
[2024-10-26 09:24:40,787] {logging_mixin.py:115} INFO - [2024-10-26 09:24:40,787] {manager.py:508} INFO - Created Permission View: can delete on DAG:example_xcom_args
[2024-10-26 09:24:40,807] {logging_mixin.py:115} INFO - [2024-10-26 09:24:40,807] {manager.py:508} INFO - Created Permission View: can edit on DAG:example_xcom_args_with_operators
[2024-10-26 09:24:40,817] {logging_mixin.py:115} INFO - [2024-10-26 09:24:40,816] {manager.py:508} INFO - Created Permission View: can read on DAG:example_xcom_args_with_operators
[2024-10-26 09:24:40,825] {logging_mixin.py:115} INFO - [2024-10-26 09:24:40,825] {manager.py:508} INFO - Created Permission View: can delete on DAG:example_xcom_args_with_operators
[2024-10-26 09:24:40,825] {logging_mixin.py:115} INFO - [2024-10-26 09:24:40,825] {dag.py:2379} INFO - Sync 2 DAGs
[2024-10-26 09:24:40,830] {logging_mixin.py:115} INFO - [2024-10-26 09:24:40,830] {dag.py:2398} INFO - Creating ORM DAG for example_xcom_args_with_operators
[2024-10-26 09:24:40,830] {logging_mixin.py:115} INFO - [2024-10-26 09:24:40,830] {dag.py:2398} INFO - Creating ORM DAG for example_xcom_args
[2024-10-26 09:24:40,835] {logging_mixin.py:115} INFO - [2024-10-26 09:24:40,835] {dag.py:2927} INFO - Setting next_dagrun for example_xcom_args to None, run_after=None
[2024-10-26 09:24:40,835] {logging_mixin.py:115} INFO - [2024-10-26 09:24:40,835] {dag.py:2927} INFO - Setting next_dagrun for example_xcom_args_with_operators to None, run_after=None
[2024-10-26 09:24:40,849] {processor.py:161} INFO - Processing /root/Documentos/airflow/venv/lib/python3.9/site-packages/airflow/example_dags/example_xcomargs.py took 0.142 seconds
[2024-10-26 09:25:16,312] {processor.py:153} INFO - Started process (PID=10361) to work on /root/Documentos/airflow/venv/lib/python3.9/site-packages/airflow/example_dags/example_xcomargs.py
[2024-10-26 09:25:16,319] {processor.py:641} INFO - Processing file /root/Documentos/airflow/venv/lib/python3.9/site-packages/airflow/example_dags/example_xcomargs.py for tasks to queue
[2024-10-26 09:25:16,319] {logging_mixin.py:115} INFO - [2024-10-26 09:25:16,319] {dagbag.py:507} INFO - Filling up the DagBag from /root/Documentos/airflow/venv/lib/python3.9/site-packages/airflow/example_dags/example_xcomargs.py
[2024-10-26 09:25:16,328] {processor.py:651} INFO - DAG(s) dict_keys(['example_xcom_args', 'example_xcom_args_with_operators']) retrieved from /root/Documentos/airflow/venv/lib/python3.9/site-packages/airflow/example_dags/example_xcomargs.py
[2024-10-26 09:25:16,353] {logging_mixin.py:115} INFO - [2024-10-26 09:25:16,353] {dag.py:2379} INFO - Sync 2 DAGs
[2024-10-26 09:25:16,362] {logging_mixin.py:115} INFO - [2024-10-26 09:25:16,362] {dag.py:2927} INFO - Setting next_dagrun for example_xcom_args to None, run_after=None
[2024-10-26 09:25:16,362] {logging_mixin.py:115} INFO - [2024-10-26 09:25:16,362] {dag.py:2927} INFO - Setting next_dagrun for example_xcom_args_with_operators to None, run_after=None
[2024-10-26 09:25:16,376] {processor.py:161} INFO - Processing /root/Documentos/airflow/venv/lib/python3.9/site-packages/airflow/example_dags/example_xcomargs.py took 0.066 seconds
[2024-10-26 09:25:49,022] {processor.py:153} INFO - Started process (PID=10520) to work on /root/Documentos/airflow/venv/lib/python3.9/site-packages/airflow/example_dags/example_xcomargs.py
[2024-10-26 09:25:49,030] {processor.py:641} INFO - Processing file /root/Documentos/airflow/venv/lib/python3.9/site-packages/airflow/example_dags/example_xcomargs.py for tasks to queue
[2024-10-26 09:25:49,030] {logging_mixin.py:115} INFO - [2024-10-26 09:25:49,030] {dagbag.py:507} INFO - Filling up the DagBag from /root/Documentos/airflow/venv/lib/python3.9/site-packages/airflow/example_dags/example_xcomargs.py
[2024-10-26 09:25:49,041] {processor.py:651} INFO - DAG(s) dict_keys(['example_xcom_args', 'example_xcom_args_with_operators']) retrieved from /root/Documentos/airflow/venv/lib/python3.9/site-packages/airflow/example_dags/example_xcomargs.py
[2024-10-26 09:25:49,070] {logging_mixin.py:115} INFO - [2024-10-26 09:25:49,070] {dag.py:2379} INFO - Sync 2 DAGs
[2024-10-26 09:25:49,078] {logging_mixin.py:115} INFO - [2024-10-26 09:25:49,078] {dag.py:2927} INFO - Setting next_dagrun for example_xcom_args to None, run_after=None
[2024-10-26 09:25:49,078] {logging_mixin.py:115} INFO - [2024-10-26 09:25:49,078] {dag.py:2927} INFO - Setting next_dagrun for example_xcom_args_with_operators to None, run_after=None
[2024-10-26 09:25:49,091] {processor.py:161} INFO - Processing /root/Documentos/airflow/venv/lib/python3.9/site-packages/airflow/example_dags/example_xcomargs.py took 0.071 seconds
[2024-10-26 09:26:22,389] {processor.py:153} INFO - Started process (PID=10681) to work on /root/Documentos/airflow/venv/lib/python3.9/site-packages/airflow/example_dags/example_xcomargs.py
[2024-10-26 09:26:22,390] {processor.py:641} INFO - Processing file /root/Documentos/airflow/venv/lib/python3.9/site-packages/airflow/example_dags/example_xcomargs.py for tasks to queue
[2024-10-26 09:26:22,390] {logging_mixin.py:115} INFO - [2024-10-26 09:26:22,390] {dagbag.py:507} INFO - Filling up the DagBag from /root/Documentos/airflow/venv/lib/python3.9/site-packages/airflow/example_dags/example_xcomargs.py
[2024-10-26 09:26:22,399] {processor.py:651} INFO - DAG(s) dict_keys(['example_xcom_args', 'example_xcom_args_with_operators']) retrieved from /root/Documentos/airflow/venv/lib/python3.9/site-packages/airflow/example_dags/example_xcomargs.py
[2024-10-26 09:26:22,410] {logging_mixin.py:115} INFO - [2024-10-26 09:26:22,410] {dag.py:2379} INFO - Sync 2 DAGs
[2024-10-26 09:26:22,419] {logging_mixin.py:115} INFO - [2024-10-26 09:26:22,419] {dag.py:2927} INFO - Setting next_dagrun for example_xcom_args to None, run_after=None
[2024-10-26 09:26:22,419] {logging_mixin.py:115} INFO - [2024-10-26 09:26:22,419] {dag.py:2927} INFO - Setting next_dagrun for example_xcom_args_with_operators to None, run_after=None
[2024-10-26 09:26:22,432] {processor.py:161} INFO - Processing /root/Documentos/airflow/venv/lib/python3.9/site-packages/airflow/example_dags/example_xcomargs.py took 0.044 seconds
[2024-10-26 09:26:55,132] {processor.py:153} INFO - Started process (PID=10841) to work on /root/Documentos/airflow/venv/lib/python3.9/site-packages/airflow/example_dags/example_xcomargs.py
[2024-10-26 09:26:55,140] {processor.py:641} INFO - Processing file /root/Documentos/airflow/venv/lib/python3.9/site-packages/airflow/example_dags/example_xcomargs.py for tasks to queue
[2024-10-26 09:26:55,140] {logging_mixin.py:115} INFO - [2024-10-26 09:26:55,140] {dagbag.py:507} INFO - Filling up the DagBag from /root/Documentos/airflow/venv/lib/python3.9/site-packages/airflow/example_dags/example_xcomargs.py
[2024-10-26 09:26:55,151] {processor.py:651} INFO - DAG(s) dict_keys(['example_xcom_args', 'example_xcom_args_with_operators']) retrieved from /root/Documentos/airflow/venv/lib/python3.9/site-packages/airflow/example_dags/example_xcomargs.py
[2024-10-26 09:26:55,178] {logging_mixin.py:115} INFO - [2024-10-26 09:26:55,178] {dag.py:2379} INFO - Sync 2 DAGs
[2024-10-26 09:26:55,190] {logging_mixin.py:115} INFO - [2024-10-26 09:26:55,190] {dag.py:2927} INFO - Setting next_dagrun for example_xcom_args to None, run_after=None
[2024-10-26 09:26:55,190] {logging_mixin.py:115} INFO - [2024-10-26 09:26:55,190] {dag.py:2927} INFO - Setting next_dagrun for example_xcom_args_with_operators to None, run_after=None
[2024-10-26 09:26:55,205] {processor.py:161} INFO - Processing /root/Documentos/airflow/venv/lib/python3.9/site-packages/airflow/example_dags/example_xcomargs.py took 0.074 seconds
[2024-10-26 09:27:29,002] {processor.py:153} INFO - Started process (PID=11004) to work on /root/Documentos/airflow/venv/lib/python3.9/site-packages/airflow/example_dags/example_xcomargs.py
[2024-10-26 09:27:29,009] {processor.py:641} INFO - Processing file /root/Documentos/airflow/venv/lib/python3.9/site-packages/airflow/example_dags/example_xcomargs.py for tasks to queue
[2024-10-26 09:27:29,009] {logging_mixin.py:115} INFO - [2024-10-26 09:27:29,009] {dagbag.py:507} INFO - Filling up the DagBag from /root/Documentos/airflow/venv/lib/python3.9/site-packages/airflow/example_dags/example_xcomargs.py
[2024-10-26 09:27:29,020] {processor.py:651} INFO - DAG(s) dict_keys(['example_xcom_args', 'example_xcom_args_with_operators']) retrieved from /root/Documentos/airflow/venv/lib/python3.9/site-packages/airflow/example_dags/example_xcomargs.py
[2024-10-26 09:27:29,030] {logging_mixin.py:115} INFO - [2024-10-26 09:27:29,030] {dag.py:2379} INFO - Sync 2 DAGs
[2024-10-26 09:27:29,040] {logging_mixin.py:115} INFO - [2024-10-26 09:27:29,040] {dag.py:2927} INFO - Setting next_dagrun for example_xcom_args to None, run_after=None
[2024-10-26 09:27:29,040] {logging_mixin.py:115} INFO - [2024-10-26 09:27:29,040] {dag.py:2927} INFO - Setting next_dagrun for example_xcom_args_with_operators to None, run_after=None
[2024-10-26 09:27:29,052] {processor.py:161} INFO - Processing /root/Documentos/airflow/venv/lib/python3.9/site-packages/airflow/example_dags/example_xcomargs.py took 0.051 seconds
[2024-10-26 09:28:02,393] {processor.py:153} INFO - Started process (PID=11172) to work on /root/Documentos/airflow/venv/lib/python3.9/site-packages/airflow/example_dags/example_xcomargs.py
[2024-10-26 09:28:02,394] {processor.py:641} INFO - Processing file /root/Documentos/airflow/venv/lib/python3.9/site-packages/airflow/example_dags/example_xcomargs.py for tasks to queue
[2024-10-26 09:28:02,394] {logging_mixin.py:115} INFO - [2024-10-26 09:28:02,394] {dagbag.py:507} INFO - Filling up the DagBag from /root/Documentos/airflow/venv/lib/python3.9/site-packages/airflow/example_dags/example_xcomargs.py
[2024-10-26 09:28:02,403] {processor.py:651} INFO - DAG(s) dict_keys(['example_xcom_args', 'example_xcom_args_with_operators']) retrieved from /root/Documentos/airflow/venv/lib/python3.9/site-packages/airflow/example_dags/example_xcomargs.py
[2024-10-26 09:28:02,414] {logging_mixin.py:115} INFO - [2024-10-26 09:28:02,414] {dag.py:2379} INFO - Sync 2 DAGs
[2024-10-26 09:28:02,423] {logging_mixin.py:115} INFO - [2024-10-26 09:28:02,423] {dag.py:2927} INFO - Setting next_dagrun for example_xcom_args to None, run_after=None
[2024-10-26 09:28:02,423] {logging_mixin.py:115} INFO - [2024-10-26 09:28:02,423] {dag.py:2927} INFO - Setting next_dagrun for example_xcom_args_with_operators to None, run_after=None
[2024-10-26 09:28:02,435] {processor.py:161} INFO - Processing /root/Documentos/airflow/venv/lib/python3.9/site-packages/airflow/example_dags/example_xcomargs.py took 0.044 seconds
[2024-10-26 09:28:35,262] {processor.py:153} INFO - Started process (PID=11337) to work on /root/Documentos/airflow/venv/lib/python3.9/site-packages/airflow/example_dags/example_xcomargs.py
[2024-10-26 09:28:35,263] {processor.py:641} INFO - Processing file /root/Documentos/airflow/venv/lib/python3.9/site-packages/airflow/example_dags/example_xcomargs.py for tasks to queue
[2024-10-26 09:28:35,263] {logging_mixin.py:115} INFO - [2024-10-26 09:28:35,263] {dagbag.py:507} INFO - Filling up the DagBag from /root/Documentos/airflow/venv/lib/python3.9/site-packages/airflow/example_dags/example_xcomargs.py
[2024-10-26 09:28:35,272] {processor.py:651} INFO - DAG(s) dict_keys(['example_xcom_args', 'example_xcom_args_with_operators']) retrieved from /root/Documentos/airflow/venv/lib/python3.9/site-packages/airflow/example_dags/example_xcomargs.py
[2024-10-26 09:28:35,296] {logging_mixin.py:115} INFO - [2024-10-26 09:28:35,296] {dag.py:2379} INFO - Sync 2 DAGs
[2024-10-26 09:28:35,304] {logging_mixin.py:115} INFO - [2024-10-26 09:28:35,304] {dag.py:2927} INFO - Setting next_dagrun for example_xcom_args to None, run_after=None
[2024-10-26 09:28:35,304] {logging_mixin.py:115} INFO - [2024-10-26 09:28:35,304] {dag.py:2927} INFO - Setting next_dagrun for example_xcom_args_with_operators to None, run_after=None
[2024-10-26 09:28:35,318] {processor.py:161} INFO - Processing /root/Documentos/airflow/venv/lib/python3.9/site-packages/airflow/example_dags/example_xcomargs.py took 0.058 seconds
[2024-10-26 09:37:57,918] {processor.py:153} INFO - Started process (PID=983) to work on /root/Documentos/airflow/venv/lib/python3.9/site-packages/airflow/example_dags/example_xcomargs.py
[2024-10-26 09:37:57,925] {processor.py:641} INFO - Processing file /root/Documentos/airflow/venv/lib/python3.9/site-packages/airflow/example_dags/example_xcomargs.py for tasks to queue
[2024-10-26 09:37:57,925] {logging_mixin.py:115} INFO - [2024-10-26 09:37:57,925] {dagbag.py:507} INFO - Filling up the DagBag from /root/Documentos/airflow/venv/lib/python3.9/site-packages/airflow/example_dags/example_xcomargs.py
[2024-10-26 09:37:57,937] {processor.py:651} INFO - DAG(s) dict_keys(['example_xcom_args', 'example_xcom_args_with_operators']) retrieved from /root/Documentos/airflow/venv/lib/python3.9/site-packages/airflow/example_dags/example_xcomargs.py
[2024-10-26 09:37:57,968] {logging_mixin.py:115} INFO - [2024-10-26 09:37:57,967] {dag.py:2379} INFO - Sync 2 DAGs
[2024-10-26 09:37:57,978] {logging_mixin.py:115} INFO - [2024-10-26 09:37:57,978] {dag.py:2927} INFO - Setting next_dagrun for example_xcom_args to None, run_after=None
[2024-10-26 09:37:57,978] {logging_mixin.py:115} INFO - [2024-10-26 09:37:57,978] {dag.py:2927} INFO - Setting next_dagrun for example_xcom_args_with_operators to None, run_after=None
[2024-10-26 09:37:57,992] {processor.py:161} INFO - Processing /root/Documentos/airflow/venv/lib/python3.9/site-packages/airflow/example_dags/example_xcomargs.py took 0.076 seconds
[2024-10-26 09:38:28,304] {processor.py:153} INFO - Started process (PID=1137) to work on /root/Documentos/airflow/venv/lib/python3.9/site-packages/airflow/example_dags/example_xcomargs.py
[2024-10-26 09:38:28,309] {processor.py:641} INFO - Processing file /root/Documentos/airflow/venv/lib/python3.9/site-packages/airflow/example_dags/example_xcomargs.py for tasks to queue
[2024-10-26 09:38:28,309] {logging_mixin.py:115} INFO - [2024-10-26 09:38:28,309] {dagbag.py:507} INFO - Filling up the DagBag from /root/Documentos/airflow/venv/lib/python3.9/site-packages/airflow/example_dags/example_xcomargs.py
[2024-10-26 09:38:28,319] {processor.py:651} INFO - DAG(s) dict_keys(['example_xcom_args', 'example_xcom_args_with_operators']) retrieved from /root/Documentos/airflow/venv/lib/python3.9/site-packages/airflow/example_dags/example_xcomargs.py
[2024-10-26 09:38:28,344] {logging_mixin.py:115} INFO - [2024-10-26 09:38:28,344] {dag.py:2379} INFO - Sync 2 DAGs
[2024-10-26 09:38:28,352] {logging_mixin.py:115} INFO - [2024-10-26 09:38:28,352] {dag.py:2927} INFO - Setting next_dagrun for example_xcom_args to None, run_after=None
[2024-10-26 09:38:28,352] {logging_mixin.py:115} INFO - [2024-10-26 09:38:28,352] {dag.py:2927} INFO - Setting next_dagrun for example_xcom_args_with_operators to None, run_after=None
[2024-10-26 09:38:28,365] {processor.py:161} INFO - Processing /root/Documentos/airflow/venv/lib/python3.9/site-packages/airflow/example_dags/example_xcomargs.py took 0.062 seconds
[2024-10-26 09:39:02,619] {processor.py:153} INFO - Started process (PID=1305) to work on /root/Documentos/airflow/venv/lib/python3.9/site-packages/airflow/example_dags/example_xcomargs.py
[2024-10-26 09:39:02,623] {processor.py:641} INFO - Processing file /root/Documentos/airflow/venv/lib/python3.9/site-packages/airflow/example_dags/example_xcomargs.py for tasks to queue
[2024-10-26 09:39:02,623] {logging_mixin.py:115} INFO - [2024-10-26 09:39:02,623] {dagbag.py:507} INFO - Filling up the DagBag from /root/Documentos/airflow/venv/lib/python3.9/site-packages/airflow/example_dags/example_xcomargs.py
[2024-10-26 09:39:02,633] {processor.py:651} INFO - DAG(s) dict_keys(['example_xcom_args', 'example_xcom_args_with_operators']) retrieved from /root/Documentos/airflow/venv/lib/python3.9/site-packages/airflow/example_dags/example_xcomargs.py
[2024-10-26 09:39:02,644] {logging_mixin.py:115} INFO - [2024-10-26 09:39:02,643] {dag.py:2379} INFO - Sync 2 DAGs
[2024-10-26 09:39:02,653] {logging_mixin.py:115} INFO - [2024-10-26 09:39:02,653] {dag.py:2927} INFO - Setting next_dagrun for example_xcom_args to None, run_after=None
[2024-10-26 09:39:02,653] {logging_mixin.py:115} INFO - [2024-10-26 09:39:02,653] {dag.py:2927} INFO - Setting next_dagrun for example_xcom_args_with_operators to None, run_after=None
[2024-10-26 09:39:02,666] {processor.py:161} INFO - Processing /root/Documentos/airflow/venv/lib/python3.9/site-packages/airflow/example_dags/example_xcomargs.py took 0.048 seconds
[2024-10-26 09:39:36,422] {processor.py:153} INFO - Started process (PID=1469) to work on /root/Documentos/airflow/venv/lib/python3.9/site-packages/airflow/example_dags/example_xcomargs.py
[2024-10-26 09:39:36,427] {processor.py:641} INFO - Processing file /root/Documentos/airflow/venv/lib/python3.9/site-packages/airflow/example_dags/example_xcomargs.py for tasks to queue
[2024-10-26 09:39:36,427] {logging_mixin.py:115} INFO - [2024-10-26 09:39:36,427] {dagbag.py:507} INFO - Filling up the DagBag from /root/Documentos/airflow/venv/lib/python3.9/site-packages/airflow/example_dags/example_xcomargs.py
[2024-10-26 09:39:36,436] {processor.py:651} INFO - DAG(s) dict_keys(['example_xcom_args', 'example_xcom_args_with_operators']) retrieved from /root/Documentos/airflow/venv/lib/python3.9/site-packages/airflow/example_dags/example_xcomargs.py
[2024-10-26 09:39:36,461] {logging_mixin.py:115} INFO - [2024-10-26 09:39:36,461] {dag.py:2379} INFO - Sync 2 DAGs
[2024-10-26 09:39:36,469] {logging_mixin.py:115} INFO - [2024-10-26 09:39:36,469] {dag.py:2927} INFO - Setting next_dagrun for example_xcom_args to None, run_after=None
[2024-10-26 09:39:36,469] {logging_mixin.py:115} INFO - [2024-10-26 09:39:36,469] {dag.py:2927} INFO - Setting next_dagrun for example_xcom_args_with_operators to None, run_after=None
[2024-10-26 09:39:36,481] {processor.py:161} INFO - Processing /root/Documentos/airflow/venv/lib/python3.9/site-packages/airflow/example_dags/example_xcomargs.py took 0.060 seconds
[2024-10-26 09:40:10,152] {processor.py:153} INFO - Started process (PID=1632) to work on /root/Documentos/airflow/venv/lib/python3.9/site-packages/airflow/example_dags/example_xcomargs.py
[2024-10-26 09:40:10,153] {processor.py:641} INFO - Processing file /root/Documentos/airflow/venv/lib/python3.9/site-packages/airflow/example_dags/example_xcomargs.py for tasks to queue
[2024-10-26 09:40:10,153] {logging_mixin.py:115} INFO - [2024-10-26 09:40:10,153] {dagbag.py:507} INFO - Filling up the DagBag from /root/Documentos/airflow/venv/lib/python3.9/site-packages/airflow/example_dags/example_xcomargs.py
[2024-10-26 09:40:10,162] {processor.py:651} INFO - DAG(s) dict_keys(['example_xcom_args', 'example_xcom_args_with_operators']) retrieved from /root/Documentos/airflow/venv/lib/python3.9/site-packages/airflow/example_dags/example_xcomargs.py
[2024-10-26 09:40:10,188] {logging_mixin.py:115} INFO - [2024-10-26 09:40:10,188] {dag.py:2379} INFO - Sync 2 DAGs
[2024-10-26 09:40:10,198] {logging_mixin.py:115} INFO - [2024-10-26 09:40:10,198] {dag.py:2927} INFO - Setting next_dagrun for example_xcom_args to None, run_after=None
[2024-10-26 09:40:10,198] {logging_mixin.py:115} INFO - [2024-10-26 09:40:10,198] {dag.py:2927} INFO - Setting next_dagrun for example_xcom_args_with_operators to None, run_after=None
[2024-10-26 09:40:10,211] {processor.py:161} INFO - Processing /root/Documentos/airflow/venv/lib/python3.9/site-packages/airflow/example_dags/example_xcomargs.py took 0.061 seconds
[2024-10-26 09:40:44,724] {processor.py:153} INFO - Started process (PID=1798) to work on /root/Documentos/airflow/venv/lib/python3.9/site-packages/airflow/example_dags/example_xcomargs.py
[2024-10-26 09:40:44,724] {processor.py:641} INFO - Processing file /root/Documentos/airflow/venv/lib/python3.9/site-packages/airflow/example_dags/example_xcomargs.py for tasks to queue
[2024-10-26 09:40:44,725] {logging_mixin.py:115} INFO - [2024-10-26 09:40:44,725] {dagbag.py:507} INFO - Filling up the DagBag from /root/Documentos/airflow/venv/lib/python3.9/site-packages/airflow/example_dags/example_xcomargs.py
[2024-10-26 09:40:44,734] {processor.py:651} INFO - DAG(s) dict_keys(['example_xcom_args', 'example_xcom_args_with_operators']) retrieved from /root/Documentos/airflow/venv/lib/python3.9/site-packages/airflow/example_dags/example_xcomargs.py
[2024-10-26 09:40:44,745] {logging_mixin.py:115} INFO - [2024-10-26 09:40:44,744] {dag.py:2379} INFO - Sync 2 DAGs
[2024-10-26 09:40:44,754] {logging_mixin.py:115} INFO - [2024-10-26 09:40:44,753] {dag.py:2927} INFO - Setting next_dagrun for example_xcom_args to None, run_after=None
[2024-10-26 09:40:44,754] {logging_mixin.py:115} INFO - [2024-10-26 09:40:44,754] {dag.py:2927} INFO - Setting next_dagrun for example_xcom_args_with_operators to None, run_after=None
[2024-10-26 09:40:44,768] {processor.py:161} INFO - Processing /root/Documentos/airflow/venv/lib/python3.9/site-packages/airflow/example_dags/example_xcomargs.py took 0.046 seconds
[2024-10-26 09:41:16,301] {processor.py:153} INFO - Started process (PID=1953) to work on /root/Documentos/airflow/venv/lib/python3.9/site-packages/airflow/example_dags/example_xcomargs.py
[2024-10-26 09:41:16,305] {processor.py:641} INFO - Processing file /root/Documentos/airflow/venv/lib/python3.9/site-packages/airflow/example_dags/example_xcomargs.py for tasks to queue
[2024-10-26 09:41:16,306] {logging_mixin.py:115} INFO - [2024-10-26 09:41:16,306] {dagbag.py:507} INFO - Filling up the DagBag from /root/Documentos/airflow/venv/lib/python3.9/site-packages/airflow/example_dags/example_xcomargs.py
[2024-10-26 09:41:16,315] {processor.py:651} INFO - DAG(s) dict_keys(['example_xcom_args', 'example_xcom_args_with_operators']) retrieved from /root/Documentos/airflow/venv/lib/python3.9/site-packages/airflow/example_dags/example_xcomargs.py
[2024-10-26 09:41:16,341] {logging_mixin.py:115} INFO - [2024-10-26 09:41:16,341] {dag.py:2379} INFO - Sync 2 DAGs
[2024-10-26 09:41:16,349] {logging_mixin.py:115} INFO - [2024-10-26 09:41:16,349] {dag.py:2927} INFO - Setting next_dagrun for example_xcom_args to None, run_after=None
[2024-10-26 09:41:16,349] {logging_mixin.py:115} INFO - [2024-10-26 09:41:16,349] {dag.py:2927} INFO - Setting next_dagrun for example_xcom_args_with_operators to None, run_after=None
[2024-10-26 09:41:16,361] {processor.py:161} INFO - Processing /root/Documentos/airflow/venv/lib/python3.9/site-packages/airflow/example_dags/example_xcomargs.py took 0.062 seconds
[2024-10-26 09:41:51,275] {processor.py:153} INFO - Started process (PID=2121) to work on /root/Documentos/airflow/venv/lib/python3.9/site-packages/airflow/example_dags/example_xcomargs.py
[2024-10-26 09:41:51,280] {processor.py:641} INFO - Processing file /root/Documentos/airflow/venv/lib/python3.9/site-packages/airflow/example_dags/example_xcomargs.py for tasks to queue
[2024-10-26 09:41:51,280] {logging_mixin.py:115} INFO - [2024-10-26 09:41:51,280] {dagbag.py:507} INFO - Filling up the DagBag from /root/Documentos/airflow/venv/lib/python3.9/site-packages/airflow/example_dags/example_xcomargs.py
[2024-10-26 09:41:51,291] {processor.py:651} INFO - DAG(s) dict_keys(['example_xcom_args', 'example_xcom_args_with_operators']) retrieved from /root/Documentos/airflow/venv/lib/python3.9/site-packages/airflow/example_dags/example_xcomargs.py
[2024-10-26 09:41:51,319] {logging_mixin.py:115} INFO - [2024-10-26 09:41:51,319] {dag.py:2379} INFO - Sync 2 DAGs
[2024-10-26 09:41:51,328] {logging_mixin.py:115} INFO - [2024-10-26 09:41:51,328] {dag.py:2927} INFO - Setting next_dagrun for example_xcom_args to None, run_after=None
[2024-10-26 09:41:51,329] {logging_mixin.py:115} INFO - [2024-10-26 09:41:51,329] {dag.py:2927} INFO - Setting next_dagrun for example_xcom_args_with_operators to None, run_after=None
[2024-10-26 09:41:51,341] {processor.py:161} INFO - Processing /root/Documentos/airflow/venv/lib/python3.9/site-packages/airflow/example_dags/example_xcomargs.py took 0.067 seconds
[2024-10-26 09:42:25,976] {processor.py:153} INFO - Started process (PID=2288) to work on /root/Documentos/airflow/venv/lib/python3.9/site-packages/airflow/example_dags/example_xcomargs.py
[2024-10-26 09:42:25,983] {processor.py:641} INFO - Processing file /root/Documentos/airflow/venv/lib/python3.9/site-packages/airflow/example_dags/example_xcomargs.py for tasks to queue
[2024-10-26 09:42:25,984] {logging_mixin.py:115} INFO - [2024-10-26 09:42:25,984] {dagbag.py:507} INFO - Filling up the DagBag from /root/Documentos/airflow/venv/lib/python3.9/site-packages/airflow/example_dags/example_xcomargs.py
[2024-10-26 09:42:25,993] {processor.py:651} INFO - DAG(s) dict_keys(['example_xcom_args', 'example_xcom_args_with_operators']) retrieved from /root/Documentos/airflow/venv/lib/python3.9/site-packages/airflow/example_dags/example_xcomargs.py
[2024-10-26 09:42:26,004] {logging_mixin.py:115} INFO - [2024-10-26 09:42:26,004] {dag.py:2379} INFO - Sync 2 DAGs
[2024-10-26 09:42:26,013] {logging_mixin.py:115} INFO - [2024-10-26 09:42:26,012] {dag.py:2927} INFO - Setting next_dagrun for example_xcom_args to None, run_after=None
[2024-10-26 09:42:26,013] {logging_mixin.py:115} INFO - [2024-10-26 09:42:26,013] {dag.py:2927} INFO - Setting next_dagrun for example_xcom_args_with_operators to None, run_after=None
[2024-10-26 09:42:26,027] {processor.py:161} INFO - Processing /root/Documentos/airflow/venv/lib/python3.9/site-packages/airflow/example_dags/example_xcomargs.py took 0.052 seconds
[2024-10-26 09:42:57,138] {processor.py:153} INFO - Started process (PID=2441) to work on /root/Documentos/airflow/venv/lib/python3.9/site-packages/airflow/example_dags/example_xcomargs.py
[2024-10-26 09:42:57,139] {processor.py:641} INFO - Processing file /root/Documentos/airflow/venv/lib/python3.9/site-packages/airflow/example_dags/example_xcomargs.py for tasks to queue
[2024-10-26 09:42:57,139] {logging_mixin.py:115} INFO - [2024-10-26 09:42:57,139] {dagbag.py:507} INFO - Filling up the DagBag from /root/Documentos/airflow/venv/lib/python3.9/site-packages/airflow/example_dags/example_xcomargs.py
[2024-10-26 09:42:57,148] {processor.py:651} INFO - DAG(s) dict_keys(['example_xcom_args', 'example_xcom_args_with_operators']) retrieved from /root/Documentos/airflow/venv/lib/python3.9/site-packages/airflow/example_dags/example_xcomargs.py
[2024-10-26 09:42:57,172] {logging_mixin.py:115} INFO - [2024-10-26 09:42:57,172] {dag.py:2379} INFO - Sync 2 DAGs
[2024-10-26 09:42:57,180] {logging_mixin.py:115} INFO - [2024-10-26 09:42:57,180] {dag.py:2927} INFO - Setting next_dagrun for example_xcom_args to None, run_after=None
[2024-10-26 09:42:57,181] {logging_mixin.py:115} INFO - [2024-10-26 09:42:57,180] {dag.py:2927} INFO - Setting next_dagrun for example_xcom_args_with_operators to None, run_after=None
[2024-10-26 09:42:57,195] {processor.py:161} INFO - Processing /root/Documentos/airflow/venv/lib/python3.9/site-packages/airflow/example_dags/example_xcomargs.py took 0.058 seconds
[2024-10-26 09:43:31,467] {processor.py:153} INFO - Started process (PID=2606) to work on /root/Documentos/airflow/venv/lib/python3.9/site-packages/airflow/example_dags/example_xcomargs.py
[2024-10-26 09:43:31,473] {processor.py:641} INFO - Processing file /root/Documentos/airflow/venv/lib/python3.9/site-packages/airflow/example_dags/example_xcomargs.py for tasks to queue
[2024-10-26 09:43:31,473] {logging_mixin.py:115} INFO - [2024-10-26 09:43:31,473] {dagbag.py:507} INFO - Filling up the DagBag from /root/Documentos/airflow/venv/lib/python3.9/site-packages/airflow/example_dags/example_xcomargs.py
[2024-10-26 09:43:31,483] {processor.py:651} INFO - DAG(s) dict_keys(['example_xcom_args', 'example_xcom_args_with_operators']) retrieved from /root/Documentos/airflow/venv/lib/python3.9/site-packages/airflow/example_dags/example_xcomargs.py
[2024-10-26 09:43:31,493] {logging_mixin.py:115} INFO - [2024-10-26 09:43:31,493] {dag.py:2379} INFO - Sync 2 DAGs
[2024-10-26 09:43:31,502] {logging_mixin.py:115} INFO - [2024-10-26 09:43:31,502] {dag.py:2927} INFO - Setting next_dagrun for example_xcom_args to None, run_after=None
[2024-10-26 09:43:31,502] {logging_mixin.py:115} INFO - [2024-10-26 09:43:31,502] {dag.py:2927} INFO - Setting next_dagrun for example_xcom_args_with_operators to None, run_after=None
[2024-10-26 09:43:31,513] {processor.py:161} INFO - Processing /root/Documentos/airflow/venv/lib/python3.9/site-packages/airflow/example_dags/example_xcomargs.py took 0.047 seconds
[2024-10-26 09:44:04,070] {processor.py:153} INFO - Started process (PID=2764) to work on /root/Documentos/airflow/venv/lib/python3.9/site-packages/airflow/example_dags/example_xcomargs.py
[2024-10-26 09:44:04,077] {processor.py:641} INFO - Processing file /root/Documentos/airflow/venv/lib/python3.9/site-packages/airflow/example_dags/example_xcomargs.py for tasks to queue
[2024-10-26 09:44:04,078] {logging_mixin.py:115} INFO - [2024-10-26 09:44:04,078] {dagbag.py:507} INFO - Filling up the DagBag from /root/Documentos/airflow/venv/lib/python3.9/site-packages/airflow/example_dags/example_xcomargs.py
[2024-10-26 09:44:04,087] {processor.py:651} INFO - DAG(s) dict_keys(['example_xcom_args', 'example_xcom_args_with_operators']) retrieved from /root/Documentos/airflow/venv/lib/python3.9/site-packages/airflow/example_dags/example_xcomargs.py
[2024-10-26 09:44:04,098] {logging_mixin.py:115} INFO - [2024-10-26 09:44:04,097] {dag.py:2379} INFO - Sync 2 DAGs
[2024-10-26 09:44:04,107] {logging_mixin.py:115} INFO - [2024-10-26 09:44:04,107] {dag.py:2927} INFO - Setting next_dagrun for example_xcom_args to None, run_after=None
[2024-10-26 09:44:04,107] {logging_mixin.py:115} INFO - [2024-10-26 09:44:04,107] {dag.py:2927} INFO - Setting next_dagrun for example_xcom_args_with_operators to None, run_after=None
[2024-10-26 09:44:04,120] {processor.py:161} INFO - Processing /root/Documentos/airflow/venv/lib/python3.9/site-packages/airflow/example_dags/example_xcomargs.py took 0.052 seconds
[2024-10-26 09:44:37,882] {processor.py:153} INFO - Started process (PID=2927) to work on /root/Documentos/airflow/venv/lib/python3.9/site-packages/airflow/example_dags/example_xcomargs.py
[2024-10-26 09:44:37,883] {processor.py:641} INFO - Processing file /root/Documentos/airflow/venv/lib/python3.9/site-packages/airflow/example_dags/example_xcomargs.py for tasks to queue
[2024-10-26 09:44:37,883] {logging_mixin.py:115} INFO - [2024-10-26 09:44:37,883] {dagbag.py:507} INFO - Filling up the DagBag from /root/Documentos/airflow/venv/lib/python3.9/site-packages/airflow/example_dags/example_xcomargs.py
[2024-10-26 09:44:37,894] {processor.py:651} INFO - DAG(s) dict_keys(['example_xcom_args', 'example_xcom_args_with_operators']) retrieved from /root/Documentos/airflow/venv/lib/python3.9/site-packages/airflow/example_dags/example_xcomargs.py
[2024-10-26 09:44:37,906] {logging_mixin.py:115} INFO - [2024-10-26 09:44:37,906] {dag.py:2379} INFO - Sync 2 DAGs
[2024-10-26 09:44:37,917] {logging_mixin.py:115} INFO - [2024-10-26 09:44:37,917] {dag.py:2927} INFO - Setting next_dagrun for example_xcom_args to None, run_after=None
[2024-10-26 09:44:37,917] {logging_mixin.py:115} INFO - [2024-10-26 09:44:37,917] {dag.py:2927} INFO - Setting next_dagrun for example_xcom_args_with_operators to None, run_after=None
[2024-10-26 09:44:37,929] {processor.py:161} INFO - Processing /root/Documentos/airflow/venv/lib/python3.9/site-packages/airflow/example_dags/example_xcomargs.py took 0.049 seconds
[2024-10-26 09:45:10,562] {processor.py:153} INFO - Started process (PID=3087) to work on /root/Documentos/airflow/venv/lib/python3.9/site-packages/airflow/example_dags/example_xcomargs.py
[2024-10-26 09:45:10,567] {processor.py:641} INFO - Processing file /root/Documentos/airflow/venv/lib/python3.9/site-packages/airflow/example_dags/example_xcomargs.py for tasks to queue
[2024-10-26 09:45:10,568] {logging_mixin.py:115} INFO - [2024-10-26 09:45:10,567] {dagbag.py:507} INFO - Filling up the DagBag from /root/Documentos/airflow/venv/lib/python3.9/site-packages/airflow/example_dags/example_xcomargs.py
[2024-10-26 09:45:10,577] {processor.py:651} INFO - DAG(s) dict_keys(['example_xcom_args', 'example_xcom_args_with_operators']) retrieved from /root/Documentos/airflow/venv/lib/python3.9/site-packages/airflow/example_dags/example_xcomargs.py
[2024-10-26 09:45:10,588] {logging_mixin.py:115} INFO - [2024-10-26 09:45:10,587] {dag.py:2379} INFO - Sync 2 DAGs
[2024-10-26 09:45:10,597] {logging_mixin.py:115} INFO - [2024-10-26 09:45:10,596] {dag.py:2927} INFO - Setting next_dagrun for example_xcom_args to None, run_after=None
[2024-10-26 09:45:10,597] {logging_mixin.py:115} INFO - [2024-10-26 09:45:10,597] {dag.py:2927} INFO - Setting next_dagrun for example_xcom_args_with_operators to None, run_after=None
[2024-10-26 09:45:10,610] {processor.py:161} INFO - Processing /root/Documentos/airflow/venv/lib/python3.9/site-packages/airflow/example_dags/example_xcomargs.py took 0.049 seconds
[2024-10-26 09:45:42,760] {processor.py:153} INFO - Started process (PID=3242) to work on /root/Documentos/airflow/venv/lib/python3.9/site-packages/airflow/example_dags/example_xcomargs.py
[2024-10-26 09:45:42,760] {processor.py:641} INFO - Processing file /root/Documentos/airflow/venv/lib/python3.9/site-packages/airflow/example_dags/example_xcomargs.py for tasks to queue
[2024-10-26 09:45:42,760] {logging_mixin.py:115} INFO - [2024-10-26 09:45:42,760] {dagbag.py:507} INFO - Filling up the DagBag from /root/Documentos/airflow/venv/lib/python3.9/site-packages/airflow/example_dags/example_xcomargs.py
[2024-10-26 09:45:42,770] {processor.py:651} INFO - DAG(s) dict_keys(['example_xcom_args', 'example_xcom_args_with_operators']) retrieved from /root/Documentos/airflow/venv/lib/python3.9/site-packages/airflow/example_dags/example_xcomargs.py
[2024-10-26 09:45:42,795] {logging_mixin.py:115} INFO - [2024-10-26 09:45:42,794] {dag.py:2379} INFO - Sync 2 DAGs
[2024-10-26 09:45:42,803] {logging_mixin.py:115} INFO - [2024-10-26 09:45:42,803] {dag.py:2927} INFO - Setting next_dagrun for example_xcom_args to None, run_after=None
[2024-10-26 09:45:42,803] {logging_mixin.py:115} INFO - [2024-10-26 09:45:42,803] {dag.py:2927} INFO - Setting next_dagrun for example_xcom_args_with_operators to None, run_after=None
[2024-10-26 09:45:42,815] {processor.py:161} INFO - Processing /root/Documentos/airflow/venv/lib/python3.9/site-packages/airflow/example_dags/example_xcomargs.py took 0.057 seconds
[2024-10-26 09:46:15,374] {processor.py:153} INFO - Started process (PID=3399) to work on /root/Documentos/airflow/venv/lib/python3.9/site-packages/airflow/example_dags/example_xcomargs.py
[2024-10-26 09:46:15,379] {processor.py:641} INFO - Processing file /root/Documentos/airflow/venv/lib/python3.9/site-packages/airflow/example_dags/example_xcomargs.py for tasks to queue
[2024-10-26 09:46:15,380] {logging_mixin.py:115} INFO - [2024-10-26 09:46:15,380] {dagbag.py:507} INFO - Filling up the DagBag from /root/Documentos/airflow/venv/lib/python3.9/site-packages/airflow/example_dags/example_xcomargs.py
[2024-10-26 09:46:15,394] {processor.py:651} INFO - DAG(s) dict_keys(['example_xcom_args', 'example_xcom_args_with_operators']) retrieved from /root/Documentos/airflow/venv/lib/python3.9/site-packages/airflow/example_dags/example_xcomargs.py
[2024-10-26 09:46:15,418] {logging_mixin.py:115} INFO - [2024-10-26 09:46:15,418] {dag.py:2379} INFO - Sync 2 DAGs
[2024-10-26 09:46:15,426] {logging_mixin.py:115} INFO - [2024-10-26 09:46:15,426] {dag.py:2927} INFO - Setting next_dagrun for example_xcom_args to None, run_after=None
[2024-10-26 09:46:15,426] {logging_mixin.py:115} INFO - [2024-10-26 09:46:15,426] {dag.py:2927} INFO - Setting next_dagrun for example_xcom_args_with_operators to None, run_after=None
[2024-10-26 09:46:15,439] {processor.py:161} INFO - Processing /root/Documentos/airflow/venv/lib/python3.9/site-packages/airflow/example_dags/example_xcomargs.py took 0.066 seconds
[2024-10-26 09:46:48,921] {processor.py:153} INFO - Started process (PID=3639) to work on /root/Documentos/airflow/venv/lib/python3.9/site-packages/airflow/example_dags/example_xcomargs.py
[2024-10-26 09:46:48,928] {processor.py:641} INFO - Processing file /root/Documentos/airflow/venv/lib/python3.9/site-packages/airflow/example_dags/example_xcomargs.py for tasks to queue
[2024-10-26 09:46:48,928] {logging_mixin.py:115} INFO - [2024-10-26 09:46:48,928] {dagbag.py:507} INFO - Filling up the DagBag from /root/Documentos/airflow/venv/lib/python3.9/site-packages/airflow/example_dags/example_xcomargs.py
[2024-10-26 09:46:48,938] {processor.py:651} INFO - DAG(s) dict_keys(['example_xcom_args', 'example_xcom_args_with_operators']) retrieved from /root/Documentos/airflow/venv/lib/python3.9/site-packages/airflow/example_dags/example_xcomargs.py
[2024-10-26 09:46:48,949] {logging_mixin.py:115} INFO - [2024-10-26 09:46:48,949] {dag.py:2379} INFO - Sync 2 DAGs
[2024-10-26 09:46:48,958] {logging_mixin.py:115} INFO - [2024-10-26 09:46:48,958] {dag.py:2927} INFO - Setting next_dagrun for example_xcom_args to None, run_after=None
[2024-10-26 09:46:48,958] {logging_mixin.py:115} INFO - [2024-10-26 09:46:48,958] {dag.py:2927} INFO - Setting next_dagrun for example_xcom_args_with_operators to None, run_after=None
[2024-10-26 09:46:48,969] {processor.py:161} INFO - Processing /root/Documentos/airflow/venv/lib/python3.9/site-packages/airflow/example_dags/example_xcomargs.py took 0.049 seconds
[2024-10-26 09:47:22,448] {processor.py:153} INFO - Started process (PID=3802) to work on /root/Documentos/airflow/venv/lib/python3.9/site-packages/airflow/example_dags/example_xcomargs.py
[2024-10-26 09:47:22,449] {processor.py:641} INFO - Processing file /root/Documentos/airflow/venv/lib/python3.9/site-packages/airflow/example_dags/example_xcomargs.py for tasks to queue
[2024-10-26 09:47:22,449] {logging_mixin.py:115} INFO - [2024-10-26 09:47:22,449] {dagbag.py:507} INFO - Filling up the DagBag from /root/Documentos/airflow/venv/lib/python3.9/site-packages/airflow/example_dags/example_xcomargs.py
[2024-10-26 09:47:22,459] {processor.py:651} INFO - DAG(s) dict_keys(['example_xcom_args', 'example_xcom_args_with_operators']) retrieved from /root/Documentos/airflow/venv/lib/python3.9/site-packages/airflow/example_dags/example_xcomargs.py
[2024-10-26 09:47:22,469] {logging_mixin.py:115} INFO - [2024-10-26 09:47:22,469] {dag.py:2379} INFO - Sync 2 DAGs
[2024-10-26 09:47:22,479] {logging_mixin.py:115} INFO - [2024-10-26 09:47:22,478] {dag.py:2927} INFO - Setting next_dagrun for example_xcom_args to None, run_after=None
[2024-10-26 09:47:22,479] {logging_mixin.py:115} INFO - [2024-10-26 09:47:22,479] {dag.py:2927} INFO - Setting next_dagrun for example_xcom_args_with_operators to None, run_after=None
[2024-10-26 09:47:22,491] {processor.py:161} INFO - Processing /root/Documentos/airflow/venv/lib/python3.9/site-packages/airflow/example_dags/example_xcomargs.py took 0.044 seconds
[2024-10-26 09:47:53,385] {processor.py:153} INFO - Started process (PID=3953) to work on /root/Documentos/airflow/venv/lib/python3.9/site-packages/airflow/example_dags/example_xcomargs.py
[2024-10-26 09:47:53,385] {processor.py:641} INFO - Processing file /root/Documentos/airflow/venv/lib/python3.9/site-packages/airflow/example_dags/example_xcomargs.py for tasks to queue
[2024-10-26 09:47:53,385] {logging_mixin.py:115} INFO - [2024-10-26 09:47:53,385] {dagbag.py:507} INFO - Filling up the DagBag from /root/Documentos/airflow/venv/lib/python3.9/site-packages/airflow/example_dags/example_xcomargs.py
[2024-10-26 09:47:53,394] {processor.py:651} INFO - DAG(s) dict_keys(['example_xcom_args', 'example_xcom_args_with_operators']) retrieved from /root/Documentos/airflow/venv/lib/python3.9/site-packages/airflow/example_dags/example_xcomargs.py
[2024-10-26 09:47:53,418] {logging_mixin.py:115} INFO - [2024-10-26 09:47:53,418] {dag.py:2379} INFO - Sync 2 DAGs
[2024-10-26 09:47:53,427] {logging_mixin.py:115} INFO - [2024-10-26 09:47:53,426] {dag.py:2927} INFO - Setting next_dagrun for example_xcom_args to None, run_after=None
[2024-10-26 09:47:53,427] {logging_mixin.py:115} INFO - [2024-10-26 09:47:53,427] {dag.py:2927} INFO - Setting next_dagrun for example_xcom_args_with_operators to None, run_after=None
[2024-10-26 09:47:53,439] {processor.py:161} INFO - Processing /root/Documentos/airflow/venv/lib/python3.9/site-packages/airflow/example_dags/example_xcomargs.py took 0.056 seconds
[2024-10-26 09:48:26,720] {processor.py:153} INFO - Started process (PID=4122) to work on /root/Documentos/airflow/venv/lib/python3.9/site-packages/airflow/example_dags/example_xcomargs.py
[2024-10-26 09:48:26,721] {processor.py:641} INFO - Processing file /root/Documentos/airflow/venv/lib/python3.9/site-packages/airflow/example_dags/example_xcomargs.py for tasks to queue
[2024-10-26 09:48:26,721] {logging_mixin.py:115} INFO - [2024-10-26 09:48:26,721] {dagbag.py:507} INFO - Filling up the DagBag from /root/Documentos/airflow/venv/lib/python3.9/site-packages/airflow/example_dags/example_xcomargs.py
[2024-10-26 09:48:26,731] {processor.py:651} INFO - DAG(s) dict_keys(['example_xcom_args', 'example_xcom_args_with_operators']) retrieved from /root/Documentos/airflow/venv/lib/python3.9/site-packages/airflow/example_dags/example_xcomargs.py
[2024-10-26 09:48:26,741] {logging_mixin.py:115} INFO - [2024-10-26 09:48:26,741] {dag.py:2379} INFO - Sync 2 DAGs
[2024-10-26 09:48:26,750] {logging_mixin.py:115} INFO - [2024-10-26 09:48:26,750] {dag.py:2927} INFO - Setting next_dagrun for example_xcom_args to None, run_after=None
[2024-10-26 09:48:26,750] {logging_mixin.py:115} INFO - [2024-10-26 09:48:26,750] {dag.py:2927} INFO - Setting next_dagrun for example_xcom_args_with_operators to None, run_after=None
[2024-10-26 09:48:26,765] {processor.py:161} INFO - Processing /root/Documentos/airflow/venv/lib/python3.9/site-packages/airflow/example_dags/example_xcomargs.py took 0.046 seconds
[2024-10-26 09:48:58,471] {processor.py:153} INFO - Started process (PID=4275) to work on /root/Documentos/airflow/venv/lib/python3.9/site-packages/airflow/example_dags/example_xcomargs.py
[2024-10-26 09:48:58,471] {processor.py:641} INFO - Processing file /root/Documentos/airflow/venv/lib/python3.9/site-packages/airflow/example_dags/example_xcomargs.py for tasks to queue
[2024-10-26 09:48:58,471] {logging_mixin.py:115} INFO - [2024-10-26 09:48:58,471] {dagbag.py:507} INFO - Filling up the DagBag from /root/Documentos/airflow/venv/lib/python3.9/site-packages/airflow/example_dags/example_xcomargs.py
[2024-10-26 09:48:58,480] {processor.py:651} INFO - DAG(s) dict_keys(['example_xcom_args', 'example_xcom_args_with_operators']) retrieved from /root/Documentos/airflow/venv/lib/python3.9/site-packages/airflow/example_dags/example_xcomargs.py
[2024-10-26 09:48:58,491] {logging_mixin.py:115} INFO - [2024-10-26 09:48:58,491] {dag.py:2379} INFO - Sync 2 DAGs
[2024-10-26 09:48:58,500] {logging_mixin.py:115} INFO - [2024-10-26 09:48:58,500] {dag.py:2927} INFO - Setting next_dagrun for example_xcom_args to None, run_after=None
[2024-10-26 09:48:58,500] {logging_mixin.py:115} INFO - [2024-10-26 09:48:58,500] {dag.py:2927} INFO - Setting next_dagrun for example_xcom_args_with_operators to None, run_after=None
[2024-10-26 09:48:58,516] {processor.py:161} INFO - Processing /root/Documentos/airflow/venv/lib/python3.9/site-packages/airflow/example_dags/example_xcomargs.py took 0.047 seconds
[2024-10-26 09:49:30,839] {processor.py:153} INFO - Started process (PID=4431) to work on /root/Documentos/airflow/venv/lib/python3.9/site-packages/airflow/example_dags/example_xcomargs.py
[2024-10-26 09:49:30,842] {processor.py:641} INFO - Processing file /root/Documentos/airflow/venv/lib/python3.9/site-packages/airflow/example_dags/example_xcomargs.py for tasks to queue
[2024-10-26 09:49:30,842] {logging_mixin.py:115} INFO - [2024-10-26 09:49:30,842] {dagbag.py:507} INFO - Filling up the DagBag from /root/Documentos/airflow/venv/lib/python3.9/site-packages/airflow/example_dags/example_xcomargs.py
[2024-10-26 09:49:30,852] {processor.py:651} INFO - DAG(s) dict_keys(['example_xcom_args', 'example_xcom_args_with_operators']) retrieved from /root/Documentos/airflow/venv/lib/python3.9/site-packages/airflow/example_dags/example_xcomargs.py
[2024-10-26 09:49:30,863] {logging_mixin.py:115} INFO - [2024-10-26 09:49:30,863] {dag.py:2379} INFO - Sync 2 DAGs
[2024-10-26 09:49:30,872] {logging_mixin.py:115} INFO - [2024-10-26 09:49:30,872] {dag.py:2927} INFO - Setting next_dagrun for example_xcom_args to None, run_after=None
[2024-10-26 09:49:30,872] {logging_mixin.py:115} INFO - [2024-10-26 09:49:30,872] {dag.py:2927} INFO - Setting next_dagrun for example_xcom_args_with_operators to None, run_after=None
[2024-10-26 09:49:30,887] {processor.py:161} INFO - Processing /root/Documentos/airflow/venv/lib/python3.9/site-packages/airflow/example_dags/example_xcomargs.py took 0.049 seconds
[2024-10-26 09:50:07,617] {processor.py:153} INFO - Started process (PID=4607) to work on /root/Documentos/airflow/venv/lib/python3.9/site-packages/airflow/example_dags/example_xcomargs.py
[2024-10-26 09:50:07,620] {processor.py:641} INFO - Processing file /root/Documentos/airflow/venv/lib/python3.9/site-packages/airflow/example_dags/example_xcomargs.py for tasks to queue
[2024-10-26 09:50:07,621] {logging_mixin.py:115} INFO - [2024-10-26 09:50:07,620] {dagbag.py:507} INFO - Filling up the DagBag from /root/Documentos/airflow/venv/lib/python3.9/site-packages/airflow/example_dags/example_xcomargs.py
[2024-10-26 09:50:07,630] {processor.py:651} INFO - DAG(s) dict_keys(['example_xcom_args', 'example_xcom_args_with_operators']) retrieved from /root/Documentos/airflow/venv/lib/python3.9/site-packages/airflow/example_dags/example_xcomargs.py
[2024-10-26 09:50:07,641] {logging_mixin.py:115} INFO - [2024-10-26 09:50:07,641] {dag.py:2379} INFO - Sync 2 DAGs
[2024-10-26 09:50:07,650] {logging_mixin.py:115} INFO - [2024-10-26 09:50:07,650] {dag.py:2927} INFO - Setting next_dagrun for example_xcom_args to None, run_after=None
[2024-10-26 09:50:07,650] {logging_mixin.py:115} INFO - [2024-10-26 09:50:07,650] {dag.py:2927} INFO - Setting next_dagrun for example_xcom_args_with_operators to None, run_after=None
[2024-10-26 09:50:07,665] {processor.py:161} INFO - Processing /root/Documentos/airflow/venv/lib/python3.9/site-packages/airflow/example_dags/example_xcomargs.py took 0.049 seconds
[2024-10-26 09:50:39,750] {processor.py:153} INFO - Started process (PID=4764) to work on /root/Documentos/airflow/venv/lib/python3.9/site-packages/airflow/example_dags/example_xcomargs.py
[2024-10-26 09:50:39,750] {processor.py:641} INFO - Processing file /root/Documentos/airflow/venv/lib/python3.9/site-packages/airflow/example_dags/example_xcomargs.py for tasks to queue
[2024-10-26 09:50:39,750] {logging_mixin.py:115} INFO - [2024-10-26 09:50:39,750] {dagbag.py:507} INFO - Filling up the DagBag from /root/Documentos/airflow/venv/lib/python3.9/site-packages/airflow/example_dags/example_xcomargs.py
[2024-10-26 09:50:39,759] {processor.py:651} INFO - DAG(s) dict_keys(['example_xcom_args', 'example_xcom_args_with_operators']) retrieved from /root/Documentos/airflow/venv/lib/python3.9/site-packages/airflow/example_dags/example_xcomargs.py
[2024-10-26 09:50:39,770] {logging_mixin.py:115} INFO - [2024-10-26 09:50:39,770] {dag.py:2379} INFO - Sync 2 DAGs
[2024-10-26 09:50:39,779] {logging_mixin.py:115} INFO - [2024-10-26 09:50:39,779] {dag.py:2927} INFO - Setting next_dagrun for example_xcom_args to None, run_after=None
[2024-10-26 09:50:39,779] {logging_mixin.py:115} INFO - [2024-10-26 09:50:39,779] {dag.py:2927} INFO - Setting next_dagrun for example_xcom_args_with_operators to None, run_after=None
[2024-10-26 09:50:39,794] {processor.py:161} INFO - Processing /root/Documentos/airflow/venv/lib/python3.9/site-packages/airflow/example_dags/example_xcomargs.py took 0.046 seconds
[2024-10-26 09:51:12,971] {processor.py:153} INFO - Started process (PID=4925) to work on /root/Documentos/airflow/venv/lib/python3.9/site-packages/airflow/example_dags/example_xcomargs.py
[2024-10-26 09:51:12,972] {processor.py:641} INFO - Processing file /root/Documentos/airflow/venv/lib/python3.9/site-packages/airflow/example_dags/example_xcomargs.py for tasks to queue
[2024-10-26 09:51:12,973] {logging_mixin.py:115} INFO - [2024-10-26 09:51:12,972] {dagbag.py:507} INFO - Filling up the DagBag from /root/Documentos/airflow/venv/lib/python3.9/site-packages/airflow/example_dags/example_xcomargs.py
[2024-10-26 09:51:12,982] {processor.py:651} INFO - DAG(s) dict_keys(['example_xcom_args', 'example_xcom_args_with_operators']) retrieved from /root/Documentos/airflow/venv/lib/python3.9/site-packages/airflow/example_dags/example_xcomargs.py
[2024-10-26 09:51:12,992] {logging_mixin.py:115} INFO - [2024-10-26 09:51:12,992] {dag.py:2379} INFO - Sync 2 DAGs
[2024-10-26 09:51:13,001] {logging_mixin.py:115} INFO - [2024-10-26 09:51:13,001] {dag.py:2927} INFO - Setting next_dagrun for example_xcom_args to None, run_after=None
[2024-10-26 09:51:13,001] {logging_mixin.py:115} INFO - [2024-10-26 09:51:13,001] {dag.py:2927} INFO - Setting next_dagrun for example_xcom_args_with_operators to None, run_after=None
[2024-10-26 09:51:13,017] {processor.py:161} INFO - Processing /root/Documentos/airflow/venv/lib/python3.9/site-packages/airflow/example_dags/example_xcomargs.py took 0.047 seconds
[2024-10-26 09:51:44,270] {processor.py:153} INFO - Started process (PID=5077) to work on /root/Documentos/airflow/venv/lib/python3.9/site-packages/airflow/example_dags/example_xcomargs.py
[2024-10-26 09:51:44,272] {processor.py:641} INFO - Processing file /root/Documentos/airflow/venv/lib/python3.9/site-packages/airflow/example_dags/example_xcomargs.py for tasks to queue
[2024-10-26 09:51:44,273] {logging_mixin.py:115} INFO - [2024-10-26 09:51:44,272] {dagbag.py:507} INFO - Filling up the DagBag from /root/Documentos/airflow/venv/lib/python3.9/site-packages/airflow/example_dags/example_xcomargs.py
[2024-10-26 09:51:44,282] {processor.py:651} INFO - DAG(s) dict_keys(['example_xcom_args', 'example_xcom_args_with_operators']) retrieved from /root/Documentos/airflow/venv/lib/python3.9/site-packages/airflow/example_dags/example_xcomargs.py
[2024-10-26 09:51:44,292] {logging_mixin.py:115} INFO - [2024-10-26 09:51:44,292] {dag.py:2379} INFO - Sync 2 DAGs
[2024-10-26 09:51:44,301] {logging_mixin.py:115} INFO - [2024-10-26 09:51:44,301] {dag.py:2927} INFO - Setting next_dagrun for example_xcom_args to None, run_after=None
[2024-10-26 09:51:44,301] {logging_mixin.py:115} INFO - [2024-10-26 09:51:44,301] {dag.py:2927} INFO - Setting next_dagrun for example_xcom_args_with_operators to None, run_after=None
[2024-10-26 09:51:44,318] {processor.py:161} INFO - Processing /root/Documentos/airflow/venv/lib/python3.9/site-packages/airflow/example_dags/example_xcomargs.py took 0.049 seconds
[2024-10-26 09:52:16,562] {processor.py:153} INFO - Started process (PID=5233) to work on /root/Documentos/airflow/venv/lib/python3.9/site-packages/airflow/example_dags/example_xcomargs.py
[2024-10-26 09:52:16,568] {processor.py:641} INFO - Processing file /root/Documentos/airflow/venv/lib/python3.9/site-packages/airflow/example_dags/example_xcomargs.py for tasks to queue
[2024-10-26 09:52:16,568] {logging_mixin.py:115} INFO - [2024-10-26 09:52:16,568] {dagbag.py:507} INFO - Filling up the DagBag from /root/Documentos/airflow/venv/lib/python3.9/site-packages/airflow/example_dags/example_xcomargs.py
[2024-10-26 09:52:16,578] {processor.py:651} INFO - DAG(s) dict_keys(['example_xcom_args', 'example_xcom_args_with_operators']) retrieved from /root/Documentos/airflow/venv/lib/python3.9/site-packages/airflow/example_dags/example_xcomargs.py
[2024-10-26 09:52:16,588] {logging_mixin.py:115} INFO - [2024-10-26 09:52:16,588] {dag.py:2379} INFO - Sync 2 DAGs
[2024-10-26 09:52:16,597] {logging_mixin.py:115} INFO - [2024-10-26 09:52:16,597] {dag.py:2927} INFO - Setting next_dagrun for example_xcom_args to None, run_after=None
[2024-10-26 09:52:16,597] {logging_mixin.py:115} INFO - [2024-10-26 09:52:16,597] {dag.py:2927} INFO - Setting next_dagrun for example_xcom_args_with_operators to None, run_after=None
[2024-10-26 09:52:16,613] {processor.py:161} INFO - Processing /root/Documentos/airflow/venv/lib/python3.9/site-packages/airflow/example_dags/example_xcomargs.py took 0.052 seconds
[2024-10-26 09:52:49,462] {processor.py:153} INFO - Started process (PID=5393) to work on /root/Documentos/airflow/venv/lib/python3.9/site-packages/airflow/example_dags/example_xcomargs.py
[2024-10-26 09:52:49,463] {processor.py:641} INFO - Processing file /root/Documentos/airflow/venv/lib/python3.9/site-packages/airflow/example_dags/example_xcomargs.py for tasks to queue
[2024-10-26 09:52:49,463] {logging_mixin.py:115} INFO - [2024-10-26 09:52:49,463] {dagbag.py:507} INFO - Filling up the DagBag from /root/Documentos/airflow/venv/lib/python3.9/site-packages/airflow/example_dags/example_xcomargs.py
[2024-10-26 09:52:49,473] {processor.py:651} INFO - DAG(s) dict_keys(['example_xcom_args', 'example_xcom_args_with_operators']) retrieved from /root/Documentos/airflow/venv/lib/python3.9/site-packages/airflow/example_dags/example_xcomargs.py
[2024-10-26 09:52:49,496] {logging_mixin.py:115} INFO - [2024-10-26 09:52:49,496] {dag.py:2379} INFO - Sync 2 DAGs
[2024-10-26 09:52:49,504] {logging_mixin.py:115} INFO - [2024-10-26 09:52:49,504] {dag.py:2927} INFO - Setting next_dagrun for example_xcom_args to None, run_after=None
[2024-10-26 09:52:49,504] {logging_mixin.py:115} INFO - [2024-10-26 09:52:49,504] {dag.py:2927} INFO - Setting next_dagrun for example_xcom_args_with_operators to None, run_after=None
[2024-10-26 09:52:49,519] {processor.py:161} INFO - Processing /root/Documentos/airflow/venv/lib/python3.9/site-packages/airflow/example_dags/example_xcomargs.py took 0.058 seconds
[2024-10-26 09:53:23,260] {processor.py:153} INFO - Started process (PID=5555) to work on /root/Documentos/airflow/venv/lib/python3.9/site-packages/airflow/example_dags/example_xcomargs.py
[2024-10-26 09:53:23,263] {processor.py:641} INFO - Processing file /root/Documentos/airflow/venv/lib/python3.9/site-packages/airflow/example_dags/example_xcomargs.py for tasks to queue
[2024-10-26 09:53:23,263] {logging_mixin.py:115} INFO - [2024-10-26 09:53:23,263] {dagbag.py:507} INFO - Filling up the DagBag from /root/Documentos/airflow/venv/lib/python3.9/site-packages/airflow/example_dags/example_xcomargs.py
[2024-10-26 09:53:23,274] {processor.py:651} INFO - DAG(s) dict_keys(['example_xcom_args', 'example_xcom_args_with_operators']) retrieved from /root/Documentos/airflow/venv/lib/python3.9/site-packages/airflow/example_dags/example_xcomargs.py
[2024-10-26 09:53:23,283] {logging_mixin.py:115} INFO - [2024-10-26 09:53:23,283] {dag.py:2379} INFO - Sync 2 DAGs
[2024-10-26 09:53:23,292] {logging_mixin.py:115} INFO - [2024-10-26 09:53:23,292] {dag.py:2927} INFO - Setting next_dagrun for example_xcom_args to None, run_after=None
[2024-10-26 09:53:23,292] {logging_mixin.py:115} INFO - [2024-10-26 09:53:23,292] {dag.py:2927} INFO - Setting next_dagrun for example_xcom_args_with_operators to None, run_after=None
[2024-10-26 09:53:23,308] {processor.py:161} INFO - Processing /root/Documentos/airflow/venv/lib/python3.9/site-packages/airflow/example_dags/example_xcomargs.py took 0.049 seconds
[2024-10-26 09:53:55,955] {processor.py:153} INFO - Started process (PID=5714) to work on /root/Documentos/airflow/venv/lib/python3.9/site-packages/airflow/example_dags/example_xcomargs.py
[2024-10-26 09:53:55,955] {processor.py:641} INFO - Processing file /root/Documentos/airflow/venv/lib/python3.9/site-packages/airflow/example_dags/example_xcomargs.py for tasks to queue
[2024-10-26 09:53:55,955] {logging_mixin.py:115} INFO - [2024-10-26 09:53:55,955] {dagbag.py:507} INFO - Filling up the DagBag from /root/Documentos/airflow/venv/lib/python3.9/site-packages/airflow/example_dags/example_xcomargs.py
[2024-10-26 09:53:55,966] {processor.py:651} INFO - DAG(s) dict_keys(['example_xcom_args', 'example_xcom_args_with_operators']) retrieved from /root/Documentos/airflow/venv/lib/python3.9/site-packages/airflow/example_dags/example_xcomargs.py
[2024-10-26 09:53:55,975] {logging_mixin.py:115} INFO - [2024-10-26 09:53:55,975] {dag.py:2379} INFO - Sync 2 DAGs
[2024-10-26 09:53:55,984] {logging_mixin.py:115} INFO - [2024-10-26 09:53:55,984] {dag.py:2927} INFO - Setting next_dagrun for example_xcom_args to None, run_after=None
[2024-10-26 09:53:55,984] {logging_mixin.py:115} INFO - [2024-10-26 09:53:55,984] {dag.py:2927} INFO - Setting next_dagrun for example_xcom_args_with_operators to None, run_after=None
[2024-10-26 09:53:55,998] {processor.py:161} INFO - Processing /root/Documentos/airflow/venv/lib/python3.9/site-packages/airflow/example_dags/example_xcomargs.py took 0.045 seconds
[2024-10-26 09:54:30,750] {processor.py:153} INFO - Started process (PID=5882) to work on /root/Documentos/airflow/venv/lib/python3.9/site-packages/airflow/example_dags/example_xcomargs.py
[2024-10-26 09:54:30,754] {processor.py:641} INFO - Processing file /root/Documentos/airflow/venv/lib/python3.9/site-packages/airflow/example_dags/example_xcomargs.py for tasks to queue
[2024-10-26 09:54:30,754] {logging_mixin.py:115} INFO - [2024-10-26 09:54:30,754] {dagbag.py:507} INFO - Filling up the DagBag from /root/Documentos/airflow/venv/lib/python3.9/site-packages/airflow/example_dags/example_xcomargs.py
[2024-10-26 09:54:30,765] {processor.py:651} INFO - DAG(s) dict_keys(['example_xcom_args', 'example_xcom_args_with_operators']) retrieved from /root/Documentos/airflow/venv/lib/python3.9/site-packages/airflow/example_dags/example_xcomargs.py
[2024-10-26 09:54:30,774] {logging_mixin.py:115} INFO - [2024-10-26 09:54:30,774] {dag.py:2379} INFO - Sync 2 DAGs
[2024-10-26 09:54:30,782] {logging_mixin.py:115} INFO - [2024-10-26 09:54:30,782] {dag.py:2927} INFO - Setting next_dagrun for example_xcom_args to None, run_after=None
[2024-10-26 09:54:30,782] {logging_mixin.py:115} INFO - [2024-10-26 09:54:30,782] {dag.py:2927} INFO - Setting next_dagrun for example_xcom_args_with_operators to None, run_after=None
[2024-10-26 09:54:30,798] {processor.py:161} INFO - Processing /root/Documentos/airflow/venv/lib/python3.9/site-packages/airflow/example_dags/example_xcomargs.py took 0.049 seconds
[2024-10-26 09:55:04,874] {processor.py:153} INFO - Started process (PID=6046) to work on /root/Documentos/airflow/venv/lib/python3.9/site-packages/airflow/example_dags/example_xcomargs.py
[2024-10-26 09:55:04,874] {processor.py:641} INFO - Processing file /root/Documentos/airflow/venv/lib/python3.9/site-packages/airflow/example_dags/example_xcomargs.py for tasks to queue
[2024-10-26 09:55:04,874] {logging_mixin.py:115} INFO - [2024-10-26 09:55:04,874] {dagbag.py:507} INFO - Filling up the DagBag from /root/Documentos/airflow/venv/lib/python3.9/site-packages/airflow/example_dags/example_xcomargs.py
[2024-10-26 09:55:04,885] {processor.py:651} INFO - DAG(s) dict_keys(['example_xcom_args', 'example_xcom_args_with_operators']) retrieved from /root/Documentos/airflow/venv/lib/python3.9/site-packages/airflow/example_dags/example_xcomargs.py
[2024-10-26 09:55:04,894] {logging_mixin.py:115} INFO - [2024-10-26 09:55:04,894] {dag.py:2379} INFO - Sync 2 DAGs
[2024-10-26 09:55:04,903] {logging_mixin.py:115} INFO - [2024-10-26 09:55:04,902] {dag.py:2927} INFO - Setting next_dagrun for example_xcom_args to None, run_after=None
[2024-10-26 09:55:04,903] {logging_mixin.py:115} INFO - [2024-10-26 09:55:04,903] {dag.py:2927} INFO - Setting next_dagrun for example_xcom_args_with_operators to None, run_after=None
[2024-10-26 09:55:04,919] {processor.py:161} INFO - Processing /root/Documentos/airflow/venv/lib/python3.9/site-packages/airflow/example_dags/example_xcomargs.py took 0.046 seconds
