[2024-10-26 09:24:30,756] {processor.py:153} INFO - Started process (PID=10141) to work on /root/Documentos/airflow/venv/lib/python3.9/site-packages/airflow/example_dags/example_complex.py
[2024-10-26 09:24:30,757] {processor.py:641} INFO - Processing file /root/Documentos/airflow/venv/lib/python3.9/site-packages/airflow/example_dags/example_complex.py for tasks to queue
[2024-10-26 09:24:30,757] {logging_mixin.py:115} INFO - [2024-10-26 09:24:30,757] {dagbag.py:507} INFO - Filling up the DagBag from /root/Documentos/airflow/venv/lib/python3.9/site-packages/airflow/example_dags/example_complex.py
[2024-10-26 09:24:30,763] {processor.py:651} INFO - DAG(s) dict_keys(['example_complex']) retrieved from /root/Documentos/airflow/venv/lib/python3.9/site-packages/airflow/example_dags/example_complex.py
[2024-10-26 09:24:30,817] {logging_mixin.py:115} INFO - [2024-10-26 09:24:30,817] {manager.py:508} INFO - Created Permission View: can edit on DAG:example_complex
[2024-10-26 09:24:30,829] {logging_mixin.py:115} INFO - [2024-10-26 09:24:30,829] {manager.py:508} INFO - Created Permission View: can read on DAG:example_complex
[2024-10-26 09:24:30,839] {logging_mixin.py:115} INFO - [2024-10-26 09:24:30,839] {manager.py:508} INFO - Created Permission View: can delete on DAG:example_complex
[2024-10-26 09:24:30,839] {logging_mixin.py:115} INFO - [2024-10-26 09:24:30,839] {dag.py:2379} INFO - Sync 1 DAGs
[2024-10-26 09:24:30,844] {logging_mixin.py:115} INFO - [2024-10-26 09:24:30,844] {dag.py:2398} INFO - Creating ORM DAG for example_complex
[2024-10-26 09:24:30,849] {logging_mixin.py:115} INFO - [2024-10-26 09:24:30,849] {dag.py:2927} INFO - Setting next_dagrun for example_complex to None, run_after=None
[2024-10-26 09:24:30,866] {processor.py:161} INFO - Processing /root/Documentos/airflow/venv/lib/python3.9/site-packages/airflow/example_dags/example_complex.py took 0.111 seconds
[2024-10-26 09:25:07,163] {processor.py:153} INFO - Started process (PID=10316) to work on /root/Documentos/airflow/venv/lib/python3.9/site-packages/airflow/example_dags/example_complex.py
[2024-10-26 09:25:07,170] {processor.py:641} INFO - Processing file /root/Documentos/airflow/venv/lib/python3.9/site-packages/airflow/example_dags/example_complex.py for tasks to queue
[2024-10-26 09:25:07,171] {logging_mixin.py:115} INFO - [2024-10-26 09:25:07,171] {dagbag.py:507} INFO - Filling up the DagBag from /root/Documentos/airflow/venv/lib/python3.9/site-packages/airflow/example_dags/example_complex.py
[2024-10-26 09:25:07,176] {processor.py:651} INFO - DAG(s) dict_keys(['example_complex']) retrieved from /root/Documentos/airflow/venv/lib/python3.9/site-packages/airflow/example_dags/example_complex.py
[2024-10-26 09:25:07,187] {logging_mixin.py:115} INFO - [2024-10-26 09:25:07,187] {dag.py:2379} INFO - Sync 1 DAGs
[2024-10-26 09:25:07,198] {logging_mixin.py:115} INFO - [2024-10-26 09:25:07,198] {dag.py:2927} INFO - Setting next_dagrun for example_complex to None, run_after=None
[2024-10-26 09:25:07,212] {processor.py:161} INFO - Processing /root/Documentos/airflow/venv/lib/python3.9/site-packages/airflow/example_dags/example_complex.py took 0.050 seconds
[2024-10-26 09:25:40,512] {processor.py:153} INFO - Started process (PID=10477) to work on /root/Documentos/airflow/venv/lib/python3.9/site-packages/airflow/example_dags/example_complex.py
[2024-10-26 09:25:40,514] {processor.py:641} INFO - Processing file /root/Documentos/airflow/venv/lib/python3.9/site-packages/airflow/example_dags/example_complex.py for tasks to queue
[2024-10-26 09:25:40,514] {logging_mixin.py:115} INFO - [2024-10-26 09:25:40,514] {dagbag.py:507} INFO - Filling up the DagBag from /root/Documentos/airflow/venv/lib/python3.9/site-packages/airflow/example_dags/example_complex.py
[2024-10-26 09:25:40,520] {processor.py:651} INFO - DAG(s) dict_keys(['example_complex']) retrieved from /root/Documentos/airflow/venv/lib/python3.9/site-packages/airflow/example_dags/example_complex.py
[2024-10-26 09:25:40,530] {logging_mixin.py:115} INFO - [2024-10-26 09:25:40,530] {dag.py:2379} INFO - Sync 1 DAGs
[2024-10-26 09:25:40,540] {logging_mixin.py:115} INFO - [2024-10-26 09:25:40,540] {dag.py:2927} INFO - Setting next_dagrun for example_complex to None, run_after=None
[2024-10-26 09:25:40,553] {processor.py:161} INFO - Processing /root/Documentos/airflow/venv/lib/python3.9/site-packages/airflow/example_dags/example_complex.py took 0.042 seconds
[2024-10-26 09:26:13,253] {processor.py:153} INFO - Started process (PID=10637) to work on /root/Documentos/airflow/venv/lib/python3.9/site-packages/airflow/example_dags/example_complex.py
[2024-10-26 09:26:13,255] {processor.py:641} INFO - Processing file /root/Documentos/airflow/venv/lib/python3.9/site-packages/airflow/example_dags/example_complex.py for tasks to queue
[2024-10-26 09:26:13,255] {logging_mixin.py:115} INFO - [2024-10-26 09:26:13,255] {dagbag.py:507} INFO - Filling up the DagBag from /root/Documentos/airflow/venv/lib/python3.9/site-packages/airflow/example_dags/example_complex.py
[2024-10-26 09:26:13,263] {processor.py:651} INFO - DAG(s) dict_keys(['example_complex']) retrieved from /root/Documentos/airflow/venv/lib/python3.9/site-packages/airflow/example_dags/example_complex.py
[2024-10-26 09:26:13,274] {logging_mixin.py:115} INFO - [2024-10-26 09:26:13,274] {dag.py:2379} INFO - Sync 1 DAGs
[2024-10-26 09:26:13,285] {logging_mixin.py:115} INFO - [2024-10-26 09:26:13,285] {dag.py:2927} INFO - Setting next_dagrun for example_complex to None, run_after=None
[2024-10-26 09:26:13,298] {processor.py:161} INFO - Processing /root/Documentos/airflow/venv/lib/python3.9/site-packages/airflow/example_dags/example_complex.py took 0.046 seconds
[2024-10-26 09:26:47,347] {processor.py:153} INFO - Started process (PID=10801) to work on /root/Documentos/airflow/venv/lib/python3.9/site-packages/airflow/example_dags/example_complex.py
[2024-10-26 09:26:47,355] {processor.py:641} INFO - Processing file /root/Documentos/airflow/venv/lib/python3.9/site-packages/airflow/example_dags/example_complex.py for tasks to queue
[2024-10-26 09:26:47,356] {logging_mixin.py:115} INFO - [2024-10-26 09:26:47,356] {dagbag.py:507} INFO - Filling up the DagBag from /root/Documentos/airflow/venv/lib/python3.9/site-packages/airflow/example_dags/example_complex.py
[2024-10-26 09:26:47,362] {processor.py:651} INFO - DAG(s) dict_keys(['example_complex']) retrieved from /root/Documentos/airflow/venv/lib/python3.9/site-packages/airflow/example_dags/example_complex.py
[2024-10-26 09:26:47,372] {logging_mixin.py:115} INFO - [2024-10-26 09:26:47,372] {dag.py:2379} INFO - Sync 1 DAGs
[2024-10-26 09:26:47,382] {logging_mixin.py:115} INFO - [2024-10-26 09:26:47,382] {dag.py:2927} INFO - Setting next_dagrun for example_complex to None, run_after=None
[2024-10-26 09:26:47,396] {processor.py:161} INFO - Processing /root/Documentos/airflow/venv/lib/python3.9/site-packages/airflow/example_dags/example_complex.py took 0.050 seconds
[2024-10-26 09:27:19,541] {processor.py:153} INFO - Started process (PID=10958) to work on /root/Documentos/airflow/venv/lib/python3.9/site-packages/airflow/example_dags/example_complex.py
[2024-10-26 09:27:19,549] {processor.py:641} INFO - Processing file /root/Documentos/airflow/venv/lib/python3.9/site-packages/airflow/example_dags/example_complex.py for tasks to queue
[2024-10-26 09:27:19,549] {logging_mixin.py:115} INFO - [2024-10-26 09:27:19,549] {dagbag.py:507} INFO - Filling up the DagBag from /root/Documentos/airflow/venv/lib/python3.9/site-packages/airflow/example_dags/example_complex.py
[2024-10-26 09:27:19,555] {processor.py:651} INFO - DAG(s) dict_keys(['example_complex']) retrieved from /root/Documentos/airflow/venv/lib/python3.9/site-packages/airflow/example_dags/example_complex.py
[2024-10-26 09:27:19,566] {logging_mixin.py:115} INFO - [2024-10-26 09:27:19,566] {dag.py:2379} INFO - Sync 1 DAGs
[2024-10-26 09:27:19,576] {logging_mixin.py:115} INFO - [2024-10-26 09:27:19,576] {dag.py:2927} INFO - Setting next_dagrun for example_complex to None, run_after=None
[2024-10-26 09:27:19,589] {processor.py:161} INFO - Processing /root/Documentos/airflow/venv/lib/python3.9/site-packages/airflow/example_dags/example_complex.py took 0.049 seconds
[2024-10-26 09:27:52,118] {processor.py:153} INFO - Started process (PID=11122) to work on /root/Documentos/airflow/venv/lib/python3.9/site-packages/airflow/example_dags/example_complex.py
[2024-10-26 09:27:52,119] {processor.py:641} INFO - Processing file /root/Documentos/airflow/venv/lib/python3.9/site-packages/airflow/example_dags/example_complex.py for tasks to queue
[2024-10-26 09:27:52,119] {logging_mixin.py:115} INFO - [2024-10-26 09:27:52,119] {dagbag.py:507} INFO - Filling up the DagBag from /root/Documentos/airflow/venv/lib/python3.9/site-packages/airflow/example_dags/example_complex.py
[2024-10-26 09:27:52,126] {processor.py:651} INFO - DAG(s) dict_keys(['example_complex']) retrieved from /root/Documentos/airflow/venv/lib/python3.9/site-packages/airflow/example_dags/example_complex.py
[2024-10-26 09:27:52,136] {logging_mixin.py:115} INFO - [2024-10-26 09:27:52,136] {dag.py:2379} INFO - Sync 1 DAGs
[2024-10-26 09:27:52,147] {logging_mixin.py:115} INFO - [2024-10-26 09:27:52,147] {dag.py:2927} INFO - Setting next_dagrun for example_complex to None, run_after=None
[2024-10-26 09:27:52,159] {processor.py:161} INFO - Processing /root/Documentos/airflow/venv/lib/python3.9/site-packages/airflow/example_dags/example_complex.py took 0.042 seconds
[2024-10-26 09:28:25,135] {processor.py:153} INFO - Started process (PID=11284) to work on /root/Documentos/airflow/venv/lib/python3.9/site-packages/airflow/example_dags/example_complex.py
[2024-10-26 09:28:25,136] {processor.py:641} INFO - Processing file /root/Documentos/airflow/venv/lib/python3.9/site-packages/airflow/example_dags/example_complex.py for tasks to queue
[2024-10-26 09:28:25,137] {logging_mixin.py:115} INFO - [2024-10-26 09:28:25,136] {dagbag.py:507} INFO - Filling up the DagBag from /root/Documentos/airflow/venv/lib/python3.9/site-packages/airflow/example_dags/example_complex.py
[2024-10-26 09:28:25,142] {processor.py:651} INFO - DAG(s) dict_keys(['example_complex']) retrieved from /root/Documentos/airflow/venv/lib/python3.9/site-packages/airflow/example_dags/example_complex.py
[2024-10-26 09:28:25,153] {logging_mixin.py:115} INFO - [2024-10-26 09:28:25,153] {dag.py:2379} INFO - Sync 1 DAGs
[2024-10-26 09:28:25,163] {logging_mixin.py:115} INFO - [2024-10-26 09:28:25,163] {dag.py:2927} INFO - Setting next_dagrun for example_complex to None, run_after=None
[2024-10-26 09:28:25,176] {processor.py:161} INFO - Processing /root/Documentos/airflow/venv/lib/python3.9/site-packages/airflow/example_dags/example_complex.py took 0.042 seconds
[2024-10-26 09:28:56,272] {processor.py:153} INFO - Started process (PID=11437) to work on /root/Documentos/airflow/venv/lib/python3.9/site-packages/airflow/example_dags/example_complex.py
[2024-10-26 09:28:56,273] {processor.py:641} INFO - Processing file /root/Documentos/airflow/venv/lib/python3.9/site-packages/airflow/example_dags/example_complex.py for tasks to queue
[2024-10-26 09:28:56,273] {logging_mixin.py:115} INFO - [2024-10-26 09:28:56,273] {dagbag.py:507} INFO - Filling up the DagBag from /root/Documentos/airflow/venv/lib/python3.9/site-packages/airflow/example_dags/example_complex.py
[2024-10-26 09:28:56,279] {processor.py:651} INFO - DAG(s) dict_keys(['example_complex']) retrieved from /root/Documentos/airflow/venv/lib/python3.9/site-packages/airflow/example_dags/example_complex.py
[2024-10-26 09:28:56,290] {logging_mixin.py:115} INFO - [2024-10-26 09:28:56,290] {dag.py:2379} INFO - Sync 1 DAGs
[2024-10-26 09:28:56,302] {logging_mixin.py:115} INFO - [2024-10-26 09:28:56,302] {dag.py:2927} INFO - Setting next_dagrun for example_complex to None, run_after=None
[2024-10-26 09:28:56,314] {processor.py:161} INFO - Processing /root/Documentos/airflow/venv/lib/python3.9/site-packages/airflow/example_dags/example_complex.py took 0.044 seconds
[2024-10-26 09:37:49,086] {processor.py:153} INFO - Started process (PID=940) to work on /root/Documentos/airflow/venv/lib/python3.9/site-packages/airflow/example_dags/example_complex.py
[2024-10-26 09:37:49,093] {processor.py:641} INFO - Processing file /root/Documentos/airflow/venv/lib/python3.9/site-packages/airflow/example_dags/example_complex.py for tasks to queue
[2024-10-26 09:37:49,093] {logging_mixin.py:115} INFO - [2024-10-26 09:37:49,093] {dagbag.py:507} INFO - Filling up the DagBag from /root/Documentos/airflow/venv/lib/python3.9/site-packages/airflow/example_dags/example_complex.py
[2024-10-26 09:37:49,100] {processor.py:651} INFO - DAG(s) dict_keys(['example_complex']) retrieved from /root/Documentos/airflow/venv/lib/python3.9/site-packages/airflow/example_dags/example_complex.py
[2024-10-26 09:37:49,111] {logging_mixin.py:115} INFO - [2024-10-26 09:37:49,111] {dag.py:2379} INFO - Sync 1 DAGs
[2024-10-26 09:37:49,122] {logging_mixin.py:115} INFO - [2024-10-26 09:37:49,122] {dag.py:2927} INFO - Setting next_dagrun for example_complex to None, run_after=None
[2024-10-26 09:37:49,135] {processor.py:161} INFO - Processing /root/Documentos/airflow/venv/lib/python3.9/site-packages/airflow/example_dags/example_complex.py took 0.050 seconds
[2024-10-26 09:38:20,303] {processor.py:153} INFO - Started process (PID=1096) to work on /root/Documentos/airflow/venv/lib/python3.9/site-packages/airflow/example_dags/example_complex.py
[2024-10-26 09:38:20,310] {processor.py:641} INFO - Processing file /root/Documentos/airflow/venv/lib/python3.9/site-packages/airflow/example_dags/example_complex.py for tasks to queue
[2024-10-26 09:38:20,311] {logging_mixin.py:115} INFO - [2024-10-26 09:38:20,311] {dagbag.py:507} INFO - Filling up the DagBag from /root/Documentos/airflow/venv/lib/python3.9/site-packages/airflow/example_dags/example_complex.py
[2024-10-26 09:38:20,317] {processor.py:651} INFO - DAG(s) dict_keys(['example_complex']) retrieved from /root/Documentos/airflow/venv/lib/python3.9/site-packages/airflow/example_dags/example_complex.py
[2024-10-26 09:38:20,328] {logging_mixin.py:115} INFO - [2024-10-26 09:38:20,327] {dag.py:2379} INFO - Sync 1 DAGs
[2024-10-26 09:38:20,339] {logging_mixin.py:115} INFO - [2024-10-26 09:38:20,338] {dag.py:2927} INFO - Setting next_dagrun for example_complex to None, run_after=None
[2024-10-26 09:38:20,351] {processor.py:161} INFO - Processing /root/Documentos/airflow/venv/lib/python3.9/site-packages/airflow/example_dags/example_complex.py took 0.050 seconds
[2024-10-26 09:38:53,541] {processor.py:153} INFO - Started process (PID=1258) to work on /root/Documentos/airflow/venv/lib/python3.9/site-packages/airflow/example_dags/example_complex.py
[2024-10-26 09:38:53,543] {processor.py:641} INFO - Processing file /root/Documentos/airflow/venv/lib/python3.9/site-packages/airflow/example_dags/example_complex.py for tasks to queue
[2024-10-26 09:38:53,543] {logging_mixin.py:115} INFO - [2024-10-26 09:38:53,543] {dagbag.py:507} INFO - Filling up the DagBag from /root/Documentos/airflow/venv/lib/python3.9/site-packages/airflow/example_dags/example_complex.py
[2024-10-26 09:38:53,550] {processor.py:651} INFO - DAG(s) dict_keys(['example_complex']) retrieved from /root/Documentos/airflow/venv/lib/python3.9/site-packages/airflow/example_dags/example_complex.py
[2024-10-26 09:38:53,561] {logging_mixin.py:115} INFO - [2024-10-26 09:38:53,560] {dag.py:2379} INFO - Sync 1 DAGs
[2024-10-26 09:38:53,573] {logging_mixin.py:115} INFO - [2024-10-26 09:38:53,573] {dag.py:2927} INFO - Setting next_dagrun for example_complex to None, run_after=None
[2024-10-26 09:38:53,586] {processor.py:161} INFO - Processing /root/Documentos/airflow/venv/lib/python3.9/site-packages/airflow/example_dags/example_complex.py took 0.047 seconds
[2024-10-26 09:39:27,275] {processor.py:153} INFO - Started process (PID=1423) to work on /root/Documentos/airflow/venv/lib/python3.9/site-packages/airflow/example_dags/example_complex.py
[2024-10-26 09:39:27,282] {processor.py:641} INFO - Processing file /root/Documentos/airflow/venv/lib/python3.9/site-packages/airflow/example_dags/example_complex.py for tasks to queue
[2024-10-26 09:39:27,282] {logging_mixin.py:115} INFO - [2024-10-26 09:39:27,282] {dagbag.py:507} INFO - Filling up the DagBag from /root/Documentos/airflow/venv/lib/python3.9/site-packages/airflow/example_dags/example_complex.py
[2024-10-26 09:39:27,289] {processor.py:651} INFO - DAG(s) dict_keys(['example_complex']) retrieved from /root/Documentos/airflow/venv/lib/python3.9/site-packages/airflow/example_dags/example_complex.py
[2024-10-26 09:39:27,300] {logging_mixin.py:115} INFO - [2024-10-26 09:39:27,300] {dag.py:2379} INFO - Sync 1 DAGs
[2024-10-26 09:39:27,311] {logging_mixin.py:115} INFO - [2024-10-26 09:39:27,311] {dag.py:2927} INFO - Setting next_dagrun for example_complex to None, run_after=None
[2024-10-26 09:39:27,323] {processor.py:161} INFO - Processing /root/Documentos/airflow/venv/lib/python3.9/site-packages/airflow/example_dags/example_complex.py took 0.049 seconds
[2024-10-26 09:40:00,024] {processor.py:153} INFO - Started process (PID=1582) to work on /root/Documentos/airflow/venv/lib/python3.9/site-packages/airflow/example_dags/example_complex.py
[2024-10-26 09:40:00,024] {processor.py:641} INFO - Processing file /root/Documentos/airflow/venv/lib/python3.9/site-packages/airflow/example_dags/example_complex.py for tasks to queue
[2024-10-26 09:40:00,025] {logging_mixin.py:115} INFO - [2024-10-26 09:40:00,025] {dagbag.py:507} INFO - Filling up the DagBag from /root/Documentos/airflow/venv/lib/python3.9/site-packages/airflow/example_dags/example_complex.py
[2024-10-26 09:40:00,032] {processor.py:651} INFO - DAG(s) dict_keys(['example_complex']) retrieved from /root/Documentos/airflow/venv/lib/python3.9/site-packages/airflow/example_dags/example_complex.py
[2024-10-26 09:40:00,045] {logging_mixin.py:115} INFO - [2024-10-26 09:40:00,044] {dag.py:2379} INFO - Sync 1 DAGs
[2024-10-26 09:40:00,056] {logging_mixin.py:115} INFO - [2024-10-26 09:40:00,056] {dag.py:2927} INFO - Setting next_dagrun for example_complex to None, run_after=None
[2024-10-26 09:40:00,069] {processor.py:161} INFO - Processing /root/Documentos/airflow/venv/lib/python3.9/site-packages/airflow/example_dags/example_complex.py took 0.047 seconds
[2024-10-26 09:40:34,476] {processor.py:153} INFO - Started process (PID=1748) to work on /root/Documentos/airflow/venv/lib/python3.9/site-packages/airflow/example_dags/example_complex.py
[2024-10-26 09:40:34,481] {processor.py:641} INFO - Processing file /root/Documentos/airflow/venv/lib/python3.9/site-packages/airflow/example_dags/example_complex.py for tasks to queue
[2024-10-26 09:40:34,481] {logging_mixin.py:115} INFO - [2024-10-26 09:40:34,481] {dagbag.py:507} INFO - Filling up the DagBag from /root/Documentos/airflow/venv/lib/python3.9/site-packages/airflow/example_dags/example_complex.py
[2024-10-26 09:40:34,487] {processor.py:651} INFO - DAG(s) dict_keys(['example_complex']) retrieved from /root/Documentos/airflow/venv/lib/python3.9/site-packages/airflow/example_dags/example_complex.py
[2024-10-26 09:40:34,497] {logging_mixin.py:115} INFO - [2024-10-26 09:40:34,497] {dag.py:2379} INFO - Sync 1 DAGs
[2024-10-26 09:40:34,507] {logging_mixin.py:115} INFO - [2024-10-26 09:40:34,507] {dag.py:2927} INFO - Setting next_dagrun for example_complex to None, run_after=None
[2024-10-26 09:40:34,520] {processor.py:161} INFO - Processing /root/Documentos/airflow/venv/lib/python3.9/site-packages/airflow/example_dags/example_complex.py took 0.045 seconds
[2024-10-26 09:41:06,054] {processor.py:153} INFO - Started process (PID=1901) to work on /root/Documentos/airflow/venv/lib/python3.9/site-packages/airflow/example_dags/example_complex.py
[2024-10-26 09:41:06,061] {processor.py:641} INFO - Processing file /root/Documentos/airflow/venv/lib/python3.9/site-packages/airflow/example_dags/example_complex.py for tasks to queue
[2024-10-26 09:41:06,062] {logging_mixin.py:115} INFO - [2024-10-26 09:41:06,062] {dagbag.py:507} INFO - Filling up the DagBag from /root/Documentos/airflow/venv/lib/python3.9/site-packages/airflow/example_dags/example_complex.py
[2024-10-26 09:41:06,068] {processor.py:651} INFO - DAG(s) dict_keys(['example_complex']) retrieved from /root/Documentos/airflow/venv/lib/python3.9/site-packages/airflow/example_dags/example_complex.py
[2024-10-26 09:41:06,078] {logging_mixin.py:115} INFO - [2024-10-26 09:41:06,078] {dag.py:2379} INFO - Sync 1 DAGs
[2024-10-26 09:41:06,088] {logging_mixin.py:115} INFO - [2024-10-26 09:41:06,088] {dag.py:2927} INFO - Setting next_dagrun for example_complex to None, run_after=None
[2024-10-26 09:41:06,099] {processor.py:161} INFO - Processing /root/Documentos/airflow/venv/lib/python3.9/site-packages/airflow/example_dags/example_complex.py took 0.047 seconds
[2024-10-26 09:41:39,883] {processor.py:153} INFO - Started process (PID=2065) to work on /root/Documentos/airflow/venv/lib/python3.9/site-packages/airflow/example_dags/example_complex.py
[2024-10-26 09:41:39,888] {processor.py:641} INFO - Processing file /root/Documentos/airflow/venv/lib/python3.9/site-packages/airflow/example_dags/example_complex.py for tasks to queue
[2024-10-26 09:41:39,888] {logging_mixin.py:115} INFO - [2024-10-26 09:41:39,888] {dagbag.py:507} INFO - Filling up the DagBag from /root/Documentos/airflow/venv/lib/python3.9/site-packages/airflow/example_dags/example_complex.py
[2024-10-26 09:41:39,894] {processor.py:651} INFO - DAG(s) dict_keys(['example_complex']) retrieved from /root/Documentos/airflow/venv/lib/python3.9/site-packages/airflow/example_dags/example_complex.py
[2024-10-26 09:41:39,904] {logging_mixin.py:115} INFO - [2024-10-26 09:41:39,904] {dag.py:2379} INFO - Sync 1 DAGs
[2024-10-26 09:41:39,915] {logging_mixin.py:115} INFO - [2024-10-26 09:41:39,915] {dag.py:2927} INFO - Setting next_dagrun for example_complex to None, run_after=None
[2024-10-26 09:41:39,928] {processor.py:161} INFO - Processing /root/Documentos/airflow/venv/lib/python3.9/site-packages/airflow/example_dags/example_complex.py took 0.046 seconds
[2024-10-26 09:42:11,970] {processor.py:153} INFO - Started process (PID=2219) to work on /root/Documentos/airflow/venv/lib/python3.9/site-packages/airflow/example_dags/example_complex.py
[2024-10-26 09:42:11,970] {processor.py:641} INFO - Processing file /root/Documentos/airflow/venv/lib/python3.9/site-packages/airflow/example_dags/example_complex.py for tasks to queue
[2024-10-26 09:42:11,971] {logging_mixin.py:115} INFO - [2024-10-26 09:42:11,971] {dagbag.py:507} INFO - Filling up the DagBag from /root/Documentos/airflow/venv/lib/python3.9/site-packages/airflow/example_dags/example_complex.py
[2024-10-26 09:42:11,976] {processor.py:651} INFO - DAG(s) dict_keys(['example_complex']) retrieved from /root/Documentos/airflow/venv/lib/python3.9/site-packages/airflow/example_dags/example_complex.py
[2024-10-26 09:42:11,987] {logging_mixin.py:115} INFO - [2024-10-26 09:42:11,987] {dag.py:2379} INFO - Sync 1 DAGs
[2024-10-26 09:42:11,996] {logging_mixin.py:115} INFO - [2024-10-26 09:42:11,996] {dag.py:2927} INFO - Setting next_dagrun for example_complex to None, run_after=None
[2024-10-26 09:42:12,009] {processor.py:161} INFO - Processing /root/Documentos/airflow/venv/lib/python3.9/site-packages/airflow/example_dags/example_complex.py took 0.040 seconds
[2024-10-26 09:42:44,128] {processor.py:153} INFO - Started process (PID=2375) to work on /root/Documentos/airflow/venv/lib/python3.9/site-packages/airflow/example_dags/example_complex.py
[2024-10-26 09:42:44,132] {processor.py:641} INFO - Processing file /root/Documentos/airflow/venv/lib/python3.9/site-packages/airflow/example_dags/example_complex.py for tasks to queue
[2024-10-26 09:42:44,132] {logging_mixin.py:115} INFO - [2024-10-26 09:42:44,132] {dagbag.py:507} INFO - Filling up the DagBag from /root/Documentos/airflow/venv/lib/python3.9/site-packages/airflow/example_dags/example_complex.py
[2024-10-26 09:42:44,138] {processor.py:651} INFO - DAG(s) dict_keys(['example_complex']) retrieved from /root/Documentos/airflow/venv/lib/python3.9/site-packages/airflow/example_dags/example_complex.py
[2024-10-26 09:42:44,149] {logging_mixin.py:115} INFO - [2024-10-26 09:42:44,149] {dag.py:2379} INFO - Sync 1 DAGs
[2024-10-26 09:42:44,159] {logging_mixin.py:115} INFO - [2024-10-26 09:42:44,159] {dag.py:2927} INFO - Setting next_dagrun for example_complex to None, run_after=None
[2024-10-26 09:42:44,173] {processor.py:161} INFO - Processing /root/Documentos/airflow/venv/lib/python3.9/site-packages/airflow/example_dags/example_complex.py took 0.046 seconds
[2024-10-26 09:43:16,055] {processor.py:153} INFO - Started process (PID=2531) to work on /root/Documentos/airflow/venv/lib/python3.9/site-packages/airflow/example_dags/example_complex.py
[2024-10-26 09:43:16,055] {processor.py:641} INFO - Processing file /root/Documentos/airflow/venv/lib/python3.9/site-packages/airflow/example_dags/example_complex.py for tasks to queue
[2024-10-26 09:43:16,055] {logging_mixin.py:115} INFO - [2024-10-26 09:43:16,055] {dagbag.py:507} INFO - Filling up the DagBag from /root/Documentos/airflow/venv/lib/python3.9/site-packages/airflow/example_dags/example_complex.py
[2024-10-26 09:43:16,061] {processor.py:651} INFO - DAG(s) dict_keys(['example_complex']) retrieved from /root/Documentos/airflow/venv/lib/python3.9/site-packages/airflow/example_dags/example_complex.py
[2024-10-26 09:43:16,071] {logging_mixin.py:115} INFO - [2024-10-26 09:43:16,071] {dag.py:2379} INFO - Sync 1 DAGs
[2024-10-26 09:43:16,081] {logging_mixin.py:115} INFO - [2024-10-26 09:43:16,081] {dag.py:2927} INFO - Setting next_dagrun for example_complex to None, run_after=None
[2024-10-26 09:43:16,093] {processor.py:161} INFO - Processing /root/Documentos/airflow/venv/lib/python3.9/site-packages/airflow/example_dags/example_complex.py took 0.040 seconds
[2024-10-26 09:43:46,890] {processor.py:153} INFO - Started process (PID=2682) to work on /root/Documentos/airflow/venv/lib/python3.9/site-packages/airflow/example_dags/example_complex.py
[2024-10-26 09:43:46,891] {processor.py:641} INFO - Processing file /root/Documentos/airflow/venv/lib/python3.9/site-packages/airflow/example_dags/example_complex.py for tasks to queue
[2024-10-26 09:43:46,892] {logging_mixin.py:115} INFO - [2024-10-26 09:43:46,892] {dagbag.py:507} INFO - Filling up the DagBag from /root/Documentos/airflow/venv/lib/python3.9/site-packages/airflow/example_dags/example_complex.py
[2024-10-26 09:43:46,898] {processor.py:651} INFO - DAG(s) dict_keys(['example_complex']) retrieved from /root/Documentos/airflow/venv/lib/python3.9/site-packages/airflow/example_dags/example_complex.py
[2024-10-26 09:43:46,909] {logging_mixin.py:115} INFO - [2024-10-26 09:43:46,909] {dag.py:2379} INFO - Sync 1 DAGs
[2024-10-26 09:43:46,919] {logging_mixin.py:115} INFO - [2024-10-26 09:43:46,919] {dag.py:2927} INFO - Setting next_dagrun for example_complex to None, run_after=None
[2024-10-26 09:43:46,933] {processor.py:161} INFO - Processing /root/Documentos/airflow/venv/lib/python3.9/site-packages/airflow/example_dags/example_complex.py took 0.044 seconds
[2024-10-26 09:44:19,666] {processor.py:153} INFO - Started process (PID=2842) to work on /root/Documentos/airflow/venv/lib/python3.9/site-packages/airflow/example_dags/example_complex.py
[2024-10-26 09:44:19,673] {processor.py:641} INFO - Processing file /root/Documentos/airflow/venv/lib/python3.9/site-packages/airflow/example_dags/example_complex.py for tasks to queue
[2024-10-26 09:44:19,673] {logging_mixin.py:115} INFO - [2024-10-26 09:44:19,673] {dagbag.py:507} INFO - Filling up the DagBag from /root/Documentos/airflow/venv/lib/python3.9/site-packages/airflow/example_dags/example_complex.py
[2024-10-26 09:44:19,679] {processor.py:651} INFO - DAG(s) dict_keys(['example_complex']) retrieved from /root/Documentos/airflow/venv/lib/python3.9/site-packages/airflow/example_dags/example_complex.py
[2024-10-26 09:44:19,689] {logging_mixin.py:115} INFO - [2024-10-26 09:44:19,689] {dag.py:2379} INFO - Sync 1 DAGs
[2024-10-26 09:44:19,701] {logging_mixin.py:115} INFO - [2024-10-26 09:44:19,701] {dag.py:2927} INFO - Setting next_dagrun for example_complex to None, run_after=None
[2024-10-26 09:44:19,714] {processor.py:161} INFO - Processing /root/Documentos/airflow/venv/lib/python3.9/site-packages/airflow/example_dags/example_complex.py took 0.050 seconds
[2024-10-26 09:44:53,296] {processor.py:153} INFO - Started process (PID=3005) to work on /root/Documentos/airflow/venv/lib/python3.9/site-packages/airflow/example_dags/example_complex.py
[2024-10-26 09:44:53,297] {processor.py:641} INFO - Processing file /root/Documentos/airflow/venv/lib/python3.9/site-packages/airflow/example_dags/example_complex.py for tasks to queue
[2024-10-26 09:44:53,298] {logging_mixin.py:115} INFO - [2024-10-26 09:44:53,298] {dagbag.py:507} INFO - Filling up the DagBag from /root/Documentos/airflow/venv/lib/python3.9/site-packages/airflow/example_dags/example_complex.py
[2024-10-26 09:44:53,305] {processor.py:651} INFO - DAG(s) dict_keys(['example_complex']) retrieved from /root/Documentos/airflow/venv/lib/python3.9/site-packages/airflow/example_dags/example_complex.py
[2024-10-26 09:44:53,317] {logging_mixin.py:115} INFO - [2024-10-26 09:44:53,317] {dag.py:2379} INFO - Sync 1 DAGs
[2024-10-26 09:44:53,328] {logging_mixin.py:115} INFO - [2024-10-26 09:44:53,328] {dag.py:2927} INFO - Setting next_dagrun for example_complex to None, run_after=None
[2024-10-26 09:44:53,342] {processor.py:161} INFO - Processing /root/Documentos/airflow/venv/lib/python3.9/site-packages/airflow/example_dags/example_complex.py took 0.048 seconds
[2024-10-26 09:45:25,981] {processor.py:153} INFO - Started process (PID=3163) to work on /root/Documentos/airflow/venv/lib/python3.9/site-packages/airflow/example_dags/example_complex.py
[2024-10-26 09:45:25,982] {processor.py:641} INFO - Processing file /root/Documentos/airflow/venv/lib/python3.9/site-packages/airflow/example_dags/example_complex.py for tasks to queue
[2024-10-26 09:45:25,982] {logging_mixin.py:115} INFO - [2024-10-26 09:45:25,982] {dagbag.py:507} INFO - Filling up the DagBag from /root/Documentos/airflow/venv/lib/python3.9/site-packages/airflow/example_dags/example_complex.py
[2024-10-26 09:45:25,988] {processor.py:651} INFO - DAG(s) dict_keys(['example_complex']) retrieved from /root/Documentos/airflow/venv/lib/python3.9/site-packages/airflow/example_dags/example_complex.py
[2024-10-26 09:45:25,998] {logging_mixin.py:115} INFO - [2024-10-26 09:45:25,998] {dag.py:2379} INFO - Sync 1 DAGs
[2024-10-26 09:45:26,008] {logging_mixin.py:115} INFO - [2024-10-26 09:45:26,008] {dag.py:2927} INFO - Setting next_dagrun for example_complex to None, run_after=None
[2024-10-26 09:45:26,023] {processor.py:161} INFO - Processing /root/Documentos/airflow/venv/lib/python3.9/site-packages/airflow/example_dags/example_complex.py took 0.043 seconds
[2024-10-26 09:45:58,087] {processor.py:153} INFO - Started process (PID=3317) to work on /root/Documentos/airflow/venv/lib/python3.9/site-packages/airflow/example_dags/example_complex.py
[2024-10-26 09:45:58,092] {processor.py:641} INFO - Processing file /root/Documentos/airflow/venv/lib/python3.9/site-packages/airflow/example_dags/example_complex.py for tasks to queue
[2024-10-26 09:45:58,092] {logging_mixin.py:115} INFO - [2024-10-26 09:45:58,092] {dagbag.py:507} INFO - Filling up the DagBag from /root/Documentos/airflow/venv/lib/python3.9/site-packages/airflow/example_dags/example_complex.py
[2024-10-26 09:45:58,098] {processor.py:651} INFO - DAG(s) dict_keys(['example_complex']) retrieved from /root/Documentos/airflow/venv/lib/python3.9/site-packages/airflow/example_dags/example_complex.py
[2024-10-26 09:45:58,109] {logging_mixin.py:115} INFO - [2024-10-26 09:45:58,109] {dag.py:2379} INFO - Sync 1 DAGs
[2024-10-26 09:45:58,119] {logging_mixin.py:115} INFO - [2024-10-26 09:45:58,119] {dag.py:2927} INFO - Setting next_dagrun for example_complex to None, run_after=None
[2024-10-26 09:45:58,132] {processor.py:161} INFO - Processing /root/Documentos/airflow/venv/lib/python3.9/site-packages/airflow/example_dags/example_complex.py took 0.047 seconds
[2024-10-26 09:46:29,648] {processor.py:153} INFO - Started process (PID=3548) to work on /root/Documentos/airflow/venv/lib/python3.9/site-packages/airflow/example_dags/example_complex.py
[2024-10-26 09:46:29,654] {processor.py:641} INFO - Processing file /root/Documentos/airflow/venv/lib/python3.9/site-packages/airflow/example_dags/example_complex.py for tasks to queue
[2024-10-26 09:46:29,654] {logging_mixin.py:115} INFO - [2024-10-26 09:46:29,654] {dagbag.py:507} INFO - Filling up the DagBag from /root/Documentos/airflow/venv/lib/python3.9/site-packages/airflow/example_dags/example_complex.py
[2024-10-26 09:46:29,661] {processor.py:651} INFO - DAG(s) dict_keys(['example_complex']) retrieved from /root/Documentos/airflow/venv/lib/python3.9/site-packages/airflow/example_dags/example_complex.py
[2024-10-26 09:46:29,672] {logging_mixin.py:115} INFO - [2024-10-26 09:46:29,672] {dag.py:2379} INFO - Sync 1 DAGs
[2024-10-26 09:46:29,682] {logging_mixin.py:115} INFO - [2024-10-26 09:46:29,682] {dag.py:2927} INFO - Setting next_dagrun for example_complex to None, run_after=None
[2024-10-26 09:46:29,696] {processor.py:161} INFO - Processing /root/Documentos/airflow/venv/lib/python3.9/site-packages/airflow/example_dags/example_complex.py took 0.049 seconds
[2024-10-26 09:47:04,177] {processor.py:153} INFO - Started process (PID=3715) to work on /root/Documentos/airflow/venv/lib/python3.9/site-packages/airflow/example_dags/example_complex.py
[2024-10-26 09:47:04,179] {processor.py:641} INFO - Processing file /root/Documentos/airflow/venv/lib/python3.9/site-packages/airflow/example_dags/example_complex.py for tasks to queue
[2024-10-26 09:47:04,179] {logging_mixin.py:115} INFO - [2024-10-26 09:47:04,179] {dagbag.py:507} INFO - Filling up the DagBag from /root/Documentos/airflow/venv/lib/python3.9/site-packages/airflow/example_dags/example_complex.py
[2024-10-26 09:47:04,185] {processor.py:651} INFO - DAG(s) dict_keys(['example_complex']) retrieved from /root/Documentos/airflow/venv/lib/python3.9/site-packages/airflow/example_dags/example_complex.py
[2024-10-26 09:47:04,195] {logging_mixin.py:115} INFO - [2024-10-26 09:47:04,195] {dag.py:2379} INFO - Sync 1 DAGs
[2024-10-26 09:47:04,205] {logging_mixin.py:115} INFO - [2024-10-26 09:47:04,205] {dag.py:2927} INFO - Setting next_dagrun for example_complex to None, run_after=None
[2024-10-26 09:47:04,217] {processor.py:161} INFO - Processing /root/Documentos/airflow/venv/lib/python3.9/site-packages/airflow/example_dags/example_complex.py took 0.040 seconds
[2024-10-26 09:47:35,311] {processor.py:153} INFO - Started process (PID=3866) to work on /root/Documentos/airflow/venv/lib/python3.9/site-packages/airflow/example_dags/example_complex.py
[2024-10-26 09:47:35,312] {processor.py:641} INFO - Processing file /root/Documentos/airflow/venv/lib/python3.9/site-packages/airflow/example_dags/example_complex.py for tasks to queue
[2024-10-26 09:47:35,313] {logging_mixin.py:115} INFO - [2024-10-26 09:47:35,313] {dagbag.py:507} INFO - Filling up the DagBag from /root/Documentos/airflow/venv/lib/python3.9/site-packages/airflow/example_dags/example_complex.py
[2024-10-26 09:47:35,319] {processor.py:651} INFO - DAG(s) dict_keys(['example_complex']) retrieved from /root/Documentos/airflow/venv/lib/python3.9/site-packages/airflow/example_dags/example_complex.py
[2024-10-26 09:47:35,329] {logging_mixin.py:115} INFO - [2024-10-26 09:47:35,329] {dag.py:2379} INFO - Sync 1 DAGs
[2024-10-26 09:47:35,339] {logging_mixin.py:115} INFO - [2024-10-26 09:47:35,339] {dag.py:2927} INFO - Setting next_dagrun for example_complex to None, run_after=None
[2024-10-26 09:47:35,352] {processor.py:161} INFO - Processing /root/Documentos/airflow/venv/lib/python3.9/site-packages/airflow/example_dags/example_complex.py took 0.042 seconds
[2024-10-26 09:48:05,426] {processor.py:153} INFO - Started process (PID=4019) to work on /root/Documentos/airflow/venv/lib/python3.9/site-packages/airflow/example_dags/example_complex.py
[2024-10-26 09:48:05,426] {processor.py:641} INFO - Processing file /root/Documentos/airflow/venv/lib/python3.9/site-packages/airflow/example_dags/example_complex.py for tasks to queue
[2024-10-26 09:48:05,426] {logging_mixin.py:115} INFO - [2024-10-26 09:48:05,426] {dagbag.py:507} INFO - Filling up the DagBag from /root/Documentos/airflow/venv/lib/python3.9/site-packages/airflow/example_dags/example_complex.py
[2024-10-26 09:48:05,432] {processor.py:651} INFO - DAG(s) dict_keys(['example_complex']) retrieved from /root/Documentos/airflow/venv/lib/python3.9/site-packages/airflow/example_dags/example_complex.py
[2024-10-26 09:48:05,444] {logging_mixin.py:115} INFO - [2024-10-26 09:48:05,443] {dag.py:2379} INFO - Sync 1 DAGs
[2024-10-26 09:48:05,452] {logging_mixin.py:115} INFO - [2024-10-26 09:48:05,452] {dag.py:2927} INFO - Setting next_dagrun for example_complex to None, run_after=None
[2024-10-26 09:48:05,468] {processor.py:161} INFO - Processing /root/Documentos/airflow/venv/lib/python3.9/site-packages/airflow/example_dags/example_complex.py took 0.044 seconds
[2024-10-26 09:48:37,524] {processor.py:153} INFO - Started process (PID=4175) to work on /root/Documentos/airflow/venv/lib/python3.9/site-packages/airflow/example_dags/example_complex.py
[2024-10-26 09:48:37,528] {processor.py:641} INFO - Processing file /root/Documentos/airflow/venv/lib/python3.9/site-packages/airflow/example_dags/example_complex.py for tasks to queue
[2024-10-26 09:48:37,528] {logging_mixin.py:115} INFO - [2024-10-26 09:48:37,528] {dagbag.py:507} INFO - Filling up the DagBag from /root/Documentos/airflow/venv/lib/python3.9/site-packages/airflow/example_dags/example_complex.py
[2024-10-26 09:48:37,534] {processor.py:651} INFO - DAG(s) dict_keys(['example_complex']) retrieved from /root/Documentos/airflow/venv/lib/python3.9/site-packages/airflow/example_dags/example_complex.py
[2024-10-26 09:48:37,545] {logging_mixin.py:115} INFO - [2024-10-26 09:48:37,545] {dag.py:2379} INFO - Sync 1 DAGs
[2024-10-26 09:48:37,554] {logging_mixin.py:115} INFO - [2024-10-26 09:48:37,554] {dag.py:2927} INFO - Setting next_dagrun for example_complex to None, run_after=None
[2024-10-26 09:48:37,569] {processor.py:161} INFO - Processing /root/Documentos/airflow/venv/lib/python3.9/site-packages/airflow/example_dags/example_complex.py took 0.046 seconds
[2024-10-26 09:49:10,847] {processor.py:153} INFO - Started process (PID=4337) to work on /root/Documentos/airflow/venv/lib/python3.9/site-packages/airflow/example_dags/example_complex.py
[2024-10-26 09:49:10,851] {processor.py:641} INFO - Processing file /root/Documentos/airflow/venv/lib/python3.9/site-packages/airflow/example_dags/example_complex.py for tasks to queue
[2024-10-26 09:49:10,852] {logging_mixin.py:115} INFO - [2024-10-26 09:49:10,852] {dagbag.py:507} INFO - Filling up the DagBag from /root/Documentos/airflow/venv/lib/python3.9/site-packages/airflow/example_dags/example_complex.py
[2024-10-26 09:49:10,858] {processor.py:651} INFO - DAG(s) dict_keys(['example_complex']) retrieved from /root/Documentos/airflow/venv/lib/python3.9/site-packages/airflow/example_dags/example_complex.py
[2024-10-26 09:49:10,869] {logging_mixin.py:115} INFO - [2024-10-26 09:49:10,869] {dag.py:2379} INFO - Sync 1 DAGs
[2024-10-26 09:49:10,878] {logging_mixin.py:115} INFO - [2024-10-26 09:49:10,878] {dag.py:2927} INFO - Setting next_dagrun for example_complex to None, run_after=None
[2024-10-26 09:49:10,894] {processor.py:161} INFO - Processing /root/Documentos/airflow/venv/lib/python3.9/site-packages/airflow/example_dags/example_complex.py took 0.049 seconds
[2024-10-26 09:49:46,313] {processor.py:153} INFO - Started process (PID=4506) to work on /root/Documentos/airflow/venv/lib/python3.9/site-packages/airflow/example_dags/example_complex.py
[2024-10-26 09:49:46,319] {processor.py:641} INFO - Processing file /root/Documentos/airflow/venv/lib/python3.9/site-packages/airflow/example_dags/example_complex.py for tasks to queue
[2024-10-26 09:49:46,319] {logging_mixin.py:115} INFO - [2024-10-26 09:49:46,319] {dagbag.py:507} INFO - Filling up the DagBag from /root/Documentos/airflow/venv/lib/python3.9/site-packages/airflow/example_dags/example_complex.py
[2024-10-26 09:49:46,325] {processor.py:651} INFO - DAG(s) dict_keys(['example_complex']) retrieved from /root/Documentos/airflow/venv/lib/python3.9/site-packages/airflow/example_dags/example_complex.py
[2024-10-26 09:49:46,336] {logging_mixin.py:115} INFO - [2024-10-26 09:49:46,336] {dag.py:2379} INFO - Sync 1 DAGs
[2024-10-26 09:49:46,345] {logging_mixin.py:115} INFO - [2024-10-26 09:49:46,345] {dag.py:2927} INFO - Setting next_dagrun for example_complex to None, run_after=None
[2024-10-26 09:49:46,360] {processor.py:161} INFO - Processing /root/Documentos/airflow/venv/lib/python3.9/site-packages/airflow/example_dags/example_complex.py took 0.049 seconds
[2024-10-26 09:50:20,145] {processor.py:153} INFO - Started process (PID=4669) to work on /root/Documentos/airflow/venv/lib/python3.9/site-packages/airflow/example_dags/example_complex.py
[2024-10-26 09:50:20,146] {processor.py:641} INFO - Processing file /root/Documentos/airflow/venv/lib/python3.9/site-packages/airflow/example_dags/example_complex.py for tasks to queue
[2024-10-26 09:50:20,146] {logging_mixin.py:115} INFO - [2024-10-26 09:50:20,146] {dagbag.py:507} INFO - Filling up the DagBag from /root/Documentos/airflow/venv/lib/python3.9/site-packages/airflow/example_dags/example_complex.py
[2024-10-26 09:50:20,152] {processor.py:651} INFO - DAG(s) dict_keys(['example_complex']) retrieved from /root/Documentos/airflow/venv/lib/python3.9/site-packages/airflow/example_dags/example_complex.py
[2024-10-26 09:50:20,163] {logging_mixin.py:115} INFO - [2024-10-26 09:50:20,163] {dag.py:2379} INFO - Sync 1 DAGs
[2024-10-26 09:50:20,172] {logging_mixin.py:115} INFO - [2024-10-26 09:50:20,172] {dag.py:2927} INFO - Setting next_dagrun for example_complex to None, run_after=None
[2024-10-26 09:50:20,188] {processor.py:161} INFO - Processing /root/Documentos/airflow/venv/lib/python3.9/site-packages/airflow/example_dags/example_complex.py took 0.044 seconds
[2024-10-26 09:50:51,657] {processor.py:153} INFO - Started process (PID=4822) to work on /root/Documentos/airflow/venv/lib/python3.9/site-packages/airflow/example_dags/example_complex.py
[2024-10-26 09:50:51,659] {processor.py:641} INFO - Processing file /root/Documentos/airflow/venv/lib/python3.9/site-packages/airflow/example_dags/example_complex.py for tasks to queue
[2024-10-26 09:50:51,659] {logging_mixin.py:115} INFO - [2024-10-26 09:50:51,659] {dagbag.py:507} INFO - Filling up the DagBag from /root/Documentos/airflow/venv/lib/python3.9/site-packages/airflow/example_dags/example_complex.py
[2024-10-26 09:50:51,665] {processor.py:651} INFO - DAG(s) dict_keys(['example_complex']) retrieved from /root/Documentos/airflow/venv/lib/python3.9/site-packages/airflow/example_dags/example_complex.py
[2024-10-26 09:50:51,677] {logging_mixin.py:115} INFO - [2024-10-26 09:50:51,677] {dag.py:2379} INFO - Sync 1 DAGs
[2024-10-26 09:50:51,686] {logging_mixin.py:115} INFO - [2024-10-26 09:50:51,686] {dag.py:2927} INFO - Setting next_dagrun for example_complex to None, run_after=None
[2024-10-26 09:50:51,701] {processor.py:161} INFO - Processing /root/Documentos/airflow/venv/lib/python3.9/site-packages/airflow/example_dags/example_complex.py took 0.046 seconds
[2024-10-26 09:51:22,091] {processor.py:153} INFO - Started process (PID=4971) to work on /root/Documentos/airflow/venv/lib/python3.9/site-packages/airflow/example_dags/example_complex.py
[2024-10-26 09:51:22,092] {processor.py:641} INFO - Processing file /root/Documentos/airflow/venv/lib/python3.9/site-packages/airflow/example_dags/example_complex.py for tasks to queue
[2024-10-26 09:51:22,092] {logging_mixin.py:115} INFO - [2024-10-26 09:51:22,092] {dagbag.py:507} INFO - Filling up the DagBag from /root/Documentos/airflow/venv/lib/python3.9/site-packages/airflow/example_dags/example_complex.py
[2024-10-26 09:51:22,098] {processor.py:651} INFO - DAG(s) dict_keys(['example_complex']) retrieved from /root/Documentos/airflow/venv/lib/python3.9/site-packages/airflow/example_dags/example_complex.py
[2024-10-26 09:51:22,109] {logging_mixin.py:115} INFO - [2024-10-26 09:51:22,109] {dag.py:2379} INFO - Sync 1 DAGs
[2024-10-26 09:51:22,118] {logging_mixin.py:115} INFO - [2024-10-26 09:51:22,118] {dag.py:2927} INFO - Setting next_dagrun for example_complex to None, run_after=None
[2024-10-26 09:51:22,132] {processor.py:161} INFO - Processing /root/Documentos/airflow/venv/lib/python3.9/site-packages/airflow/example_dags/example_complex.py took 0.042 seconds
[2024-10-26 09:51:54,396] {processor.py:153} INFO - Started process (PID=5127) to work on /root/Documentos/airflow/venv/lib/python3.9/site-packages/airflow/example_dags/example_complex.py
[2024-10-26 09:51:54,399] {processor.py:641} INFO - Processing file /root/Documentos/airflow/venv/lib/python3.9/site-packages/airflow/example_dags/example_complex.py for tasks to queue
[2024-10-26 09:51:54,399] {logging_mixin.py:115} INFO - [2024-10-26 09:51:54,399] {dagbag.py:507} INFO - Filling up the DagBag from /root/Documentos/airflow/venv/lib/python3.9/site-packages/airflow/example_dags/example_complex.py
[2024-10-26 09:51:54,405] {processor.py:651} INFO - DAG(s) dict_keys(['example_complex']) retrieved from /root/Documentos/airflow/venv/lib/python3.9/site-packages/airflow/example_dags/example_complex.py
[2024-10-26 09:51:54,416] {logging_mixin.py:115} INFO - [2024-10-26 09:51:54,416] {dag.py:2379} INFO - Sync 1 DAGs
[2024-10-26 09:51:54,425] {logging_mixin.py:115} INFO - [2024-10-26 09:51:54,425] {dag.py:2927} INFO - Setting next_dagrun for example_complex to None, run_after=None
[2024-10-26 09:51:54,440] {processor.py:161} INFO - Processing /root/Documentos/airflow/venv/lib/python3.9/site-packages/airflow/example_dags/example_complex.py took 0.046 seconds
[2024-10-26 09:52:26,997] {processor.py:153} INFO - Started process (PID=5286) to work on /root/Documentos/airflow/venv/lib/python3.9/site-packages/airflow/example_dags/example_complex.py
[2024-10-26 09:52:26,999] {processor.py:641} INFO - Processing file /root/Documentos/airflow/venv/lib/python3.9/site-packages/airflow/example_dags/example_complex.py for tasks to queue
[2024-10-26 09:52:26,999] {logging_mixin.py:115} INFO - [2024-10-26 09:52:26,999] {dagbag.py:507} INFO - Filling up the DagBag from /root/Documentos/airflow/venv/lib/python3.9/site-packages/airflow/example_dags/example_complex.py
[2024-10-26 09:52:27,005] {processor.py:651} INFO - DAG(s) dict_keys(['example_complex']) retrieved from /root/Documentos/airflow/venv/lib/python3.9/site-packages/airflow/example_dags/example_complex.py
[2024-10-26 09:52:27,017] {logging_mixin.py:115} INFO - [2024-10-26 09:52:27,017] {dag.py:2379} INFO - Sync 1 DAGs
[2024-10-26 09:52:27,026] {logging_mixin.py:115} INFO - [2024-10-26 09:52:27,026] {dag.py:2927} INFO - Setting next_dagrun for example_complex to None, run_after=None
[2024-10-26 09:52:27,041] {processor.py:161} INFO - Processing /root/Documentos/airflow/venv/lib/python3.9/site-packages/airflow/example_dags/example_complex.py took 0.045 seconds
[2024-10-26 09:53:00,866] {processor.py:153} INFO - Started process (PID=5449) to work on /root/Documentos/airflow/venv/lib/python3.9/site-packages/airflow/example_dags/example_complex.py
[2024-10-26 09:53:00,866] {processor.py:641} INFO - Processing file /root/Documentos/airflow/venv/lib/python3.9/site-packages/airflow/example_dags/example_complex.py for tasks to queue
[2024-10-26 09:53:00,866] {logging_mixin.py:115} INFO - [2024-10-26 09:53:00,866] {dagbag.py:507} INFO - Filling up the DagBag from /root/Documentos/airflow/venv/lib/python3.9/site-packages/airflow/example_dags/example_complex.py
[2024-10-26 09:53:00,872] {processor.py:651} INFO - DAG(s) dict_keys(['example_complex']) retrieved from /root/Documentos/airflow/venv/lib/python3.9/site-packages/airflow/example_dags/example_complex.py
[2024-10-26 09:53:00,883] {logging_mixin.py:115} INFO - [2024-10-26 09:53:00,883] {dag.py:2379} INFO - Sync 1 DAGs
[2024-10-26 09:53:00,892] {logging_mixin.py:115} INFO - [2024-10-26 09:53:00,892] {dag.py:2927} INFO - Setting next_dagrun for example_complex to None, run_after=None
[2024-10-26 09:53:00,906] {processor.py:161} INFO - Processing /root/Documentos/airflow/venv/lib/python3.9/site-packages/airflow/example_dags/example_complex.py took 0.041 seconds
[2024-10-26 09:53:31,292] {processor.py:153} INFO - Started process (PID=5596) to work on /root/Documentos/airflow/venv/lib/python3.9/site-packages/airflow/example_dags/example_complex.py
[2024-10-26 09:53:31,297] {processor.py:641} INFO - Processing file /root/Documentos/airflow/venv/lib/python3.9/site-packages/airflow/example_dags/example_complex.py for tasks to queue
[2024-10-26 09:53:31,297] {logging_mixin.py:115} INFO - [2024-10-26 09:53:31,297] {dagbag.py:507} INFO - Filling up the DagBag from /root/Documentos/airflow/venv/lib/python3.9/site-packages/airflow/example_dags/example_complex.py
[2024-10-26 09:53:31,303] {processor.py:651} INFO - DAG(s) dict_keys(['example_complex']) retrieved from /root/Documentos/airflow/venv/lib/python3.9/site-packages/airflow/example_dags/example_complex.py
[2024-10-26 09:53:31,315] {logging_mixin.py:115} INFO - [2024-10-26 09:53:31,315] {dag.py:2379} INFO - Sync 1 DAGs
[2024-10-26 09:53:31,324] {logging_mixin.py:115} INFO - [2024-10-26 09:53:31,324] {dag.py:2927} INFO - Setting next_dagrun for example_complex to None, run_after=None
[2024-10-26 09:53:31,339] {processor.py:161} INFO - Processing /root/Documentos/airflow/venv/lib/python3.9/site-packages/airflow/example_dags/example_complex.py took 0.048 seconds
[2024-10-26 09:54:01,726] {processor.py:153} INFO - Started process (PID=5744) to work on /root/Documentos/airflow/venv/lib/python3.9/site-packages/airflow/example_dags/example_complex.py
[2024-10-26 09:54:01,726] {processor.py:641} INFO - Processing file /root/Documentos/airflow/venv/lib/python3.9/site-packages/airflow/example_dags/example_complex.py for tasks to queue
[2024-10-26 09:54:01,726] {logging_mixin.py:115} INFO - [2024-10-26 09:54:01,726] {dagbag.py:507} INFO - Filling up the DagBag from /root/Documentos/airflow/venv/lib/python3.9/site-packages/airflow/example_dags/example_complex.py
[2024-10-26 09:54:01,732] {processor.py:651} INFO - DAG(s) dict_keys(['example_complex']) retrieved from /root/Documentos/airflow/venv/lib/python3.9/site-packages/airflow/example_dags/example_complex.py
[2024-10-26 09:54:01,743] {logging_mixin.py:115} INFO - [2024-10-26 09:54:01,743] {dag.py:2379} INFO - Sync 1 DAGs
[2024-10-26 09:54:01,753] {logging_mixin.py:115} INFO - [2024-10-26 09:54:01,753] {dag.py:2927} INFO - Setting next_dagrun for example_complex to None, run_after=None
[2024-10-26 09:54:01,767] {processor.py:161} INFO - Processing /root/Documentos/airflow/venv/lib/python3.9/site-packages/airflow/example_dags/example_complex.py took 0.043 seconds
[2024-10-26 09:54:34,444] {processor.py:153} INFO - Started process (PID=5900) to work on /root/Documentos/airflow/venv/lib/python3.9/site-packages/airflow/example_dags/example_complex.py
[2024-10-26 09:54:34,445] {processor.py:641} INFO - Processing file /root/Documentos/airflow/venv/lib/python3.9/site-packages/airflow/example_dags/example_complex.py for tasks to queue
[2024-10-26 09:54:34,446] {logging_mixin.py:115} INFO - [2024-10-26 09:54:34,446] {dagbag.py:507} INFO - Filling up the DagBag from /root/Documentos/airflow/venv/lib/python3.9/site-packages/airflow/example_dags/example_complex.py
[2024-10-26 09:54:34,452] {processor.py:651} INFO - DAG(s) dict_keys(['example_complex']) retrieved from /root/Documentos/airflow/venv/lib/python3.9/site-packages/airflow/example_dags/example_complex.py
[2024-10-26 09:54:34,463] {logging_mixin.py:115} INFO - [2024-10-26 09:54:34,463] {dag.py:2379} INFO - Sync 1 DAGs
[2024-10-26 09:54:34,472] {logging_mixin.py:115} INFO - [2024-10-26 09:54:34,472] {dag.py:2927} INFO - Setting next_dagrun for example_complex to None, run_after=None
[2024-10-26 09:54:34,487] {processor.py:161} INFO - Processing /root/Documentos/airflow/venv/lib/python3.9/site-packages/airflow/example_dags/example_complex.py took 0.044 seconds
[2024-10-26 09:55:09,389] {processor.py:153} INFO - Started process (PID=6068) to work on /root/Documentos/airflow/venv/lib/python3.9/site-packages/airflow/example_dags/example_complex.py
[2024-10-26 09:55:09,394] {processor.py:641} INFO - Processing file /root/Documentos/airflow/venv/lib/python3.9/site-packages/airflow/example_dags/example_complex.py for tasks to queue
[2024-10-26 09:55:09,394] {logging_mixin.py:115} INFO - [2024-10-26 09:55:09,394] {dagbag.py:507} INFO - Filling up the DagBag from /root/Documentos/airflow/venv/lib/python3.9/site-packages/airflow/example_dags/example_complex.py
[2024-10-26 09:55:09,400] {processor.py:651} INFO - DAG(s) dict_keys(['example_complex']) retrieved from /root/Documentos/airflow/venv/lib/python3.9/site-packages/airflow/example_dags/example_complex.py
[2024-10-26 09:55:09,412] {logging_mixin.py:115} INFO - [2024-10-26 09:55:09,412] {dag.py:2379} INFO - Sync 1 DAGs
[2024-10-26 09:55:09,421] {logging_mixin.py:115} INFO - [2024-10-26 09:55:09,421] {dag.py:2927} INFO - Setting next_dagrun for example_complex to None, run_after=None
[2024-10-26 09:55:09,436] {processor.py:161} INFO - Processing /root/Documentos/airflow/venv/lib/python3.9/site-packages/airflow/example_dags/example_complex.py took 0.048 seconds
[2024-10-26 09:55:58,333] {processor.py:153} INFO - Started process (PID=6201) to work on /root/Documentos/airflow/venv/lib/python3.9/site-packages/airflow/example_dags/example_complex.py
[2024-10-26 09:55:58,334] {processor.py:641} INFO - Processing file /root/Documentos/airflow/venv/lib/python3.9/site-packages/airflow/example_dags/example_complex.py for tasks to queue
[2024-10-26 09:55:58,334] {logging_mixin.py:115} INFO - [2024-10-26 09:55:58,334] {dagbag.py:507} INFO - Filling up the DagBag from /root/Documentos/airflow/venv/lib/python3.9/site-packages/airflow/example_dags/example_complex.py
[2024-10-26 09:55:58,340] {processor.py:651} INFO - DAG(s) dict_keys(['example_complex']) retrieved from /root/Documentos/airflow/venv/lib/python3.9/site-packages/airflow/example_dags/example_complex.py
[2024-10-26 09:55:58,351] {logging_mixin.py:115} INFO - [2024-10-26 09:55:58,351] {dag.py:2379} INFO - Sync 1 DAGs
[2024-10-26 09:55:58,361] {logging_mixin.py:115} INFO - [2024-10-26 09:55:58,361] {dag.py:2927} INFO - Setting next_dagrun for example_complex to None, run_after=None
[2024-10-26 09:55:58,373] {processor.py:161} INFO - Processing /root/Documentos/airflow/venv/lib/python3.9/site-packages/airflow/example_dags/example_complex.py took 0.040 seconds
