[2024-10-26 09:24:39,483] {processor.py:153} INFO - Started process (PID=10184) to work on /root/Documentos/airflow/venv/lib/python3.9/site-packages/airflow/example_dags/example_python_operator.py
[2024-10-26 09:24:39,484] {processor.py:641} INFO - Processing file /root/Documentos/airflow/venv/lib/python3.9/site-packages/airflow/example_dags/example_python_operator.py for tasks to queue
[2024-10-26 09:24:39,484] {logging_mixin.py:115} INFO - [2024-10-26 09:24:39,484] {dagbag.py:507} INFO - Filling up the DagBag from /root/Documentos/airflow/venv/lib/python3.9/site-packages/airflow/example_dags/example_python_operator.py
[2024-10-26 09:24:39,499] {processor.py:651} INFO - DAG(s) dict_keys(['example_python_operator']) retrieved from /root/Documentos/airflow/venv/lib/python3.9/site-packages/airflow/example_dags/example_python_operator.py
[2024-10-26 09:24:39,545] {logging_mixin.py:115} INFO - [2024-10-26 09:24:39,544] {manager.py:508} INFO - Created Permission View: can edit on DAG:example_python_operator
[2024-10-26 09:24:39,554] {logging_mixin.py:115} INFO - [2024-10-26 09:24:39,554] {manager.py:508} INFO - Created Permission View: can read on DAG:example_python_operator
[2024-10-26 09:24:39,563] {logging_mixin.py:115} INFO - [2024-10-26 09:24:39,563] {manager.py:508} INFO - Created Permission View: can delete on DAG:example_python_operator
[2024-10-26 09:24:39,563] {logging_mixin.py:115} INFO - [2024-10-26 09:24:39,563] {dag.py:2379} INFO - Sync 1 DAGs
[2024-10-26 09:24:39,567] {logging_mixin.py:115} INFO - [2024-10-26 09:24:39,567] {dag.py:2398} INFO - Creating ORM DAG for example_python_operator
[2024-10-26 09:24:39,572] {logging_mixin.py:115} INFO - [2024-10-26 09:24:39,572] {dag.py:2927} INFO - Setting next_dagrun for example_python_operator to None, run_after=None
[2024-10-26 09:24:39,587] {processor.py:161} INFO - Processing /root/Documentos/airflow/venv/lib/python3.9/site-packages/airflow/example_dags/example_python_operator.py took 0.106 seconds
[2024-10-26 09:25:15,187] {processor.py:153} INFO - Started process (PID=10355) to work on /root/Documentos/airflow/venv/lib/python3.9/site-packages/airflow/example_dags/example_python_operator.py
[2024-10-26 09:25:15,195] {processor.py:641} INFO - Processing file /root/Documentos/airflow/venv/lib/python3.9/site-packages/airflow/example_dags/example_python_operator.py for tasks to queue
[2024-10-26 09:25:15,195] {logging_mixin.py:115} INFO - [2024-10-26 09:25:15,195] {dagbag.py:507} INFO - Filling up the DagBag from /root/Documentos/airflow/venv/lib/python3.9/site-packages/airflow/example_dags/example_python_operator.py
[2024-10-26 09:25:15,204] {processor.py:651} INFO - DAG(s) dict_keys(['example_python_operator']) retrieved from /root/Documentos/airflow/venv/lib/python3.9/site-packages/airflow/example_dags/example_python_operator.py
[2024-10-26 09:25:15,212] {logging_mixin.py:115} INFO - [2024-10-26 09:25:15,212] {dag.py:2379} INFO - Sync 1 DAGs
[2024-10-26 09:25:15,222] {logging_mixin.py:115} INFO - [2024-10-26 09:25:15,222] {dag.py:2927} INFO - Setting next_dagrun for example_python_operator to None, run_after=None
[2024-10-26 09:25:15,235] {processor.py:161} INFO - Processing /root/Documentos/airflow/venv/lib/python3.9/site-packages/airflow/example_dags/example_python_operator.py took 0.049 seconds
[2024-10-26 09:25:47,899] {processor.py:153} INFO - Started process (PID=10514) to work on /root/Documentos/airflow/venv/lib/python3.9/site-packages/airflow/example_dags/example_python_operator.py
[2024-10-26 09:25:47,900] {processor.py:641} INFO - Processing file /root/Documentos/airflow/venv/lib/python3.9/site-packages/airflow/example_dags/example_python_operator.py for tasks to queue
[2024-10-26 09:25:47,901] {logging_mixin.py:115} INFO - [2024-10-26 09:25:47,901] {dagbag.py:507} INFO - Filling up the DagBag from /root/Documentos/airflow/venv/lib/python3.9/site-packages/airflow/example_dags/example_python_operator.py
[2024-10-26 09:25:47,910] {processor.py:651} INFO - DAG(s) dict_keys(['example_python_operator']) retrieved from /root/Documentos/airflow/venv/lib/python3.9/site-packages/airflow/example_dags/example_python_operator.py
[2024-10-26 09:25:47,918] {logging_mixin.py:115} INFO - [2024-10-26 09:25:47,918] {dag.py:2379} INFO - Sync 1 DAGs
[2024-10-26 09:25:47,927] {logging_mixin.py:115} INFO - [2024-10-26 09:25:47,927] {dag.py:2927} INFO - Setting next_dagrun for example_python_operator to None, run_after=None
[2024-10-26 09:25:47,940] {processor.py:161} INFO - Processing /root/Documentos/airflow/venv/lib/python3.9/site-packages/airflow/example_dags/example_python_operator.py took 0.043 seconds
[2024-10-26 09:26:21,543] {processor.py:153} INFO - Started process (PID=10677) to work on /root/Documentos/airflow/venv/lib/python3.9/site-packages/airflow/example_dags/example_python_operator.py
[2024-10-26 09:26:21,548] {processor.py:641} INFO - Processing file /root/Documentos/airflow/venv/lib/python3.9/site-packages/airflow/example_dags/example_python_operator.py for tasks to queue
[2024-10-26 09:26:21,549] {logging_mixin.py:115} INFO - [2024-10-26 09:26:21,549] {dagbag.py:507} INFO - Filling up the DagBag from /root/Documentos/airflow/venv/lib/python3.9/site-packages/airflow/example_dags/example_python_operator.py
[2024-10-26 09:26:21,558] {processor.py:651} INFO - DAG(s) dict_keys(['example_python_operator']) retrieved from /root/Documentos/airflow/venv/lib/python3.9/site-packages/airflow/example_dags/example_python_operator.py
[2024-10-26 09:26:21,566] {logging_mixin.py:115} INFO - [2024-10-26 09:26:21,566] {dag.py:2379} INFO - Sync 1 DAGs
[2024-10-26 09:26:21,576] {logging_mixin.py:115} INFO - [2024-10-26 09:26:21,576] {dag.py:2927} INFO - Setting next_dagrun for example_python_operator to None, run_after=None
[2024-10-26 09:26:21,589] {processor.py:161} INFO - Processing /root/Documentos/airflow/venv/lib/python3.9/site-packages/airflow/example_dags/example_python_operator.py took 0.047 seconds
[2024-10-26 09:26:53,993] {processor.py:153} INFO - Started process (PID=10835) to work on /root/Documentos/airflow/venv/lib/python3.9/site-packages/airflow/example_dags/example_python_operator.py
[2024-10-26 09:26:53,995] {processor.py:641} INFO - Processing file /root/Documentos/airflow/venv/lib/python3.9/site-packages/airflow/example_dags/example_python_operator.py for tasks to queue
[2024-10-26 09:26:53,995] {logging_mixin.py:115} INFO - [2024-10-26 09:26:53,995] {dagbag.py:507} INFO - Filling up the DagBag from /root/Documentos/airflow/venv/lib/python3.9/site-packages/airflow/example_dags/example_python_operator.py
[2024-10-26 09:26:54,004] {processor.py:651} INFO - DAG(s) dict_keys(['example_python_operator']) retrieved from /root/Documentos/airflow/venv/lib/python3.9/site-packages/airflow/example_dags/example_python_operator.py
[2024-10-26 09:26:54,012] {logging_mixin.py:115} INFO - [2024-10-26 09:26:54,012] {dag.py:2379} INFO - Sync 1 DAGs
[2024-10-26 09:26:54,022] {logging_mixin.py:115} INFO - [2024-10-26 09:26:54,022] {dag.py:2927} INFO - Setting next_dagrun for example_python_operator to None, run_after=None
[2024-10-26 09:26:54,035] {processor.py:161} INFO - Processing /root/Documentos/airflow/venv/lib/python3.9/site-packages/airflow/example_dags/example_python_operator.py took 0.042 seconds
[2024-10-26 09:27:27,878] {processor.py:153} INFO - Started process (PID=10999) to work on /root/Documentos/airflow/venv/lib/python3.9/site-packages/airflow/example_dags/example_python_operator.py
[2024-10-26 09:27:27,883] {processor.py:641} INFO - Processing file /root/Documentos/airflow/venv/lib/python3.9/site-packages/airflow/example_dags/example_python_operator.py for tasks to queue
[2024-10-26 09:27:27,883] {logging_mixin.py:115} INFO - [2024-10-26 09:27:27,883] {dagbag.py:507} INFO - Filling up the DagBag from /root/Documentos/airflow/venv/lib/python3.9/site-packages/airflow/example_dags/example_python_operator.py
[2024-10-26 09:27:27,892] {processor.py:651} INFO - DAG(s) dict_keys(['example_python_operator']) retrieved from /root/Documentos/airflow/venv/lib/python3.9/site-packages/airflow/example_dags/example_python_operator.py
[2024-10-26 09:27:27,899] {logging_mixin.py:115} INFO - [2024-10-26 09:27:27,899] {dag.py:2379} INFO - Sync 1 DAGs
[2024-10-26 09:27:27,910] {logging_mixin.py:115} INFO - [2024-10-26 09:27:27,909] {dag.py:2927} INFO - Setting next_dagrun for example_python_operator to None, run_after=None
[2024-10-26 09:27:27,922] {processor.py:161} INFO - Processing /root/Documentos/airflow/venv/lib/python3.9/site-packages/airflow/example_dags/example_python_operator.py took 0.045 seconds
[2024-10-26 09:28:01,769] {processor.py:153} INFO - Started process (PID=11168) to work on /root/Documentos/airflow/venv/lib/python3.9/site-packages/airflow/example_dags/example_python_operator.py
[2024-10-26 09:28:01,774] {processor.py:641} INFO - Processing file /root/Documentos/airflow/venv/lib/python3.9/site-packages/airflow/example_dags/example_python_operator.py for tasks to queue
[2024-10-26 09:28:01,774] {logging_mixin.py:115} INFO - [2024-10-26 09:28:01,774] {dagbag.py:507} INFO - Filling up the DagBag from /root/Documentos/airflow/venv/lib/python3.9/site-packages/airflow/example_dags/example_python_operator.py
[2024-10-26 09:28:01,783] {processor.py:651} INFO - DAG(s) dict_keys(['example_python_operator']) retrieved from /root/Documentos/airflow/venv/lib/python3.9/site-packages/airflow/example_dags/example_python_operator.py
[2024-10-26 09:28:01,792] {logging_mixin.py:115} INFO - [2024-10-26 09:28:01,792] {dag.py:2379} INFO - Sync 1 DAGs
[2024-10-26 09:28:01,804] {logging_mixin.py:115} INFO - [2024-10-26 09:28:01,804] {dag.py:2927} INFO - Setting next_dagrun for example_python_operator to None, run_after=None
[2024-10-26 09:28:01,816] {processor.py:161} INFO - Processing /root/Documentos/airflow/venv/lib/python3.9/site-packages/airflow/example_dags/example_python_operator.py took 0.048 seconds
[2024-10-26 09:28:34,566] {processor.py:153} INFO - Started process (PID=11333) to work on /root/Documentos/airflow/venv/lib/python3.9/site-packages/airflow/example_dags/example_python_operator.py
[2024-10-26 09:28:34,572] {processor.py:641} INFO - Processing file /root/Documentos/airflow/venv/lib/python3.9/site-packages/airflow/example_dags/example_python_operator.py for tasks to queue
[2024-10-26 09:28:34,572] {logging_mixin.py:115} INFO - [2024-10-26 09:28:34,572] {dagbag.py:507} INFO - Filling up the DagBag from /root/Documentos/airflow/venv/lib/python3.9/site-packages/airflow/example_dags/example_python_operator.py
[2024-10-26 09:28:34,581] {processor.py:651} INFO - DAG(s) dict_keys(['example_python_operator']) retrieved from /root/Documentos/airflow/venv/lib/python3.9/site-packages/airflow/example_dags/example_python_operator.py
[2024-10-26 09:28:34,590] {logging_mixin.py:115} INFO - [2024-10-26 09:28:34,590] {dag.py:2379} INFO - Sync 1 DAGs
[2024-10-26 09:28:34,600] {logging_mixin.py:115} INFO - [2024-10-26 09:28:34,600] {dag.py:2927} INFO - Setting next_dagrun for example_python_operator to None, run_after=None
[2024-10-26 09:28:34,611] {processor.py:161} INFO - Processing /root/Documentos/airflow/venv/lib/python3.9/site-packages/airflow/example_dags/example_python_operator.py took 0.047 seconds
[2024-10-26 09:37:56,791] {processor.py:153} INFO - Started process (PID=978) to work on /root/Documentos/airflow/venv/lib/python3.9/site-packages/airflow/example_dags/example_python_operator.py
[2024-10-26 09:37:56,798] {processor.py:641} INFO - Processing file /root/Documentos/airflow/venv/lib/python3.9/site-packages/airflow/example_dags/example_python_operator.py for tasks to queue
[2024-10-26 09:37:56,798] {logging_mixin.py:115} INFO - [2024-10-26 09:37:56,798] {dagbag.py:507} INFO - Filling up the DagBag from /root/Documentos/airflow/venv/lib/python3.9/site-packages/airflow/example_dags/example_python_operator.py
[2024-10-26 09:37:56,809] {processor.py:651} INFO - DAG(s) dict_keys(['example_python_operator']) retrieved from /root/Documentos/airflow/venv/lib/python3.9/site-packages/airflow/example_dags/example_python_operator.py
[2024-10-26 09:37:56,819] {logging_mixin.py:115} INFO - [2024-10-26 09:37:56,819] {dag.py:2379} INFO - Sync 1 DAGs
[2024-10-26 09:37:56,829] {logging_mixin.py:115} INFO - [2024-10-26 09:37:56,829] {dag.py:2927} INFO - Setting next_dagrun for example_python_operator to None, run_after=None
[2024-10-26 09:37:56,840] {processor.py:161} INFO - Processing /root/Documentos/airflow/venv/lib/python3.9/site-packages/airflow/example_dags/example_python_operator.py took 0.050 seconds
[2024-10-26 09:38:27,178] {processor.py:153} INFO - Started process (PID=1131) to work on /root/Documentos/airflow/venv/lib/python3.9/site-packages/airflow/example_dags/example_python_operator.py
[2024-10-26 09:38:27,179] {processor.py:641} INFO - Processing file /root/Documentos/airflow/venv/lib/python3.9/site-packages/airflow/example_dags/example_python_operator.py for tasks to queue
[2024-10-26 09:38:27,180] {logging_mixin.py:115} INFO - [2024-10-26 09:38:27,180] {dagbag.py:507} INFO - Filling up the DagBag from /root/Documentos/airflow/venv/lib/python3.9/site-packages/airflow/example_dags/example_python_operator.py
[2024-10-26 09:38:27,189] {processor.py:651} INFO - DAG(s) dict_keys(['example_python_operator']) retrieved from /root/Documentos/airflow/venv/lib/python3.9/site-packages/airflow/example_dags/example_python_operator.py
[2024-10-26 09:38:27,199] {logging_mixin.py:115} INFO - [2024-10-26 09:38:27,198] {dag.py:2379} INFO - Sync 1 DAGs
[2024-10-26 09:38:27,208] {logging_mixin.py:115} INFO - [2024-10-26 09:38:27,208] {dag.py:2927} INFO - Setting next_dagrun for example_python_operator to None, run_after=None
[2024-10-26 09:38:27,219] {processor.py:161} INFO - Processing /root/Documentos/airflow/venv/lib/python3.9/site-packages/airflow/example_dags/example_python_operator.py took 0.043 seconds
[2024-10-26 09:39:02,074] {processor.py:153} INFO - Started process (PID=1302) to work on /root/Documentos/airflow/venv/lib/python3.9/site-packages/airflow/example_dags/example_python_operator.py
[2024-10-26 09:39:02,081] {processor.py:641} INFO - Processing file /root/Documentos/airflow/venv/lib/python3.9/site-packages/airflow/example_dags/example_python_operator.py for tasks to queue
[2024-10-26 09:39:02,081] {logging_mixin.py:115} INFO - [2024-10-26 09:39:02,081] {dagbag.py:507} INFO - Filling up the DagBag from /root/Documentos/airflow/venv/lib/python3.9/site-packages/airflow/example_dags/example_python_operator.py
[2024-10-26 09:39:02,091] {processor.py:651} INFO - DAG(s) dict_keys(['example_python_operator']) retrieved from /root/Documentos/airflow/venv/lib/python3.9/site-packages/airflow/example_dags/example_python_operator.py
[2024-10-26 09:39:02,102] {logging_mixin.py:115} INFO - [2024-10-26 09:39:02,102] {dag.py:2379} INFO - Sync 1 DAGs
[2024-10-26 09:39:02,112] {logging_mixin.py:115} INFO - [2024-10-26 09:39:02,112] {dag.py:2927} INFO - Setting next_dagrun for example_python_operator to None, run_after=None
[2024-10-26 09:39:02,125] {processor.py:161} INFO - Processing /root/Documentos/airflow/venv/lib/python3.9/site-packages/airflow/example_dags/example_python_operator.py took 0.052 seconds
[2024-10-26 09:39:35,286] {processor.py:153} INFO - Started process (PID=1463) to work on /root/Documentos/airflow/venv/lib/python3.9/site-packages/airflow/example_dags/example_python_operator.py
[2024-10-26 09:39:35,291] {processor.py:641} INFO - Processing file /root/Documentos/airflow/venv/lib/python3.9/site-packages/airflow/example_dags/example_python_operator.py for tasks to queue
[2024-10-26 09:39:35,292] {logging_mixin.py:115} INFO - [2024-10-26 09:39:35,292] {dagbag.py:507} INFO - Filling up the DagBag from /root/Documentos/airflow/venv/lib/python3.9/site-packages/airflow/example_dags/example_python_operator.py
[2024-10-26 09:39:35,301] {processor.py:651} INFO - DAG(s) dict_keys(['example_python_operator']) retrieved from /root/Documentos/airflow/venv/lib/python3.9/site-packages/airflow/example_dags/example_python_operator.py
[2024-10-26 09:39:35,310] {logging_mixin.py:115} INFO - [2024-10-26 09:39:35,310] {dag.py:2379} INFO - Sync 1 DAGs
[2024-10-26 09:39:35,319] {logging_mixin.py:115} INFO - [2024-10-26 09:39:35,319] {dag.py:2927} INFO - Setting next_dagrun for example_python_operator to None, run_after=None
[2024-10-26 09:39:35,332] {processor.py:161} INFO - Processing /root/Documentos/airflow/venv/lib/python3.9/site-packages/airflow/example_dags/example_python_operator.py took 0.047 seconds
[2024-10-26 09:40:09,105] {processor.py:153} INFO - Started process (PID=1627) to work on /root/Documentos/airflow/venv/lib/python3.9/site-packages/airflow/example_dags/example_python_operator.py
[2024-10-26 09:40:09,112] {processor.py:641} INFO - Processing file /root/Documentos/airflow/venv/lib/python3.9/site-packages/airflow/example_dags/example_python_operator.py for tasks to queue
[2024-10-26 09:40:09,112] {logging_mixin.py:115} INFO - [2024-10-26 09:40:09,112] {dagbag.py:507} INFO - Filling up the DagBag from /root/Documentos/airflow/venv/lib/python3.9/site-packages/airflow/example_dags/example_python_operator.py
[2024-10-26 09:40:09,121] {processor.py:651} INFO - DAG(s) dict_keys(['example_python_operator']) retrieved from /root/Documentos/airflow/venv/lib/python3.9/site-packages/airflow/example_dags/example_python_operator.py
[2024-10-26 09:40:09,131] {logging_mixin.py:115} INFO - [2024-10-26 09:40:09,131] {dag.py:2379} INFO - Sync 1 DAGs
[2024-10-26 09:40:09,142] {logging_mixin.py:115} INFO - [2024-10-26 09:40:09,142] {dag.py:2927} INFO - Setting next_dagrun for example_python_operator to None, run_after=None
[2024-10-26 09:40:09,154] {processor.py:161} INFO - Processing /root/Documentos/airflow/venv/lib/python3.9/site-packages/airflow/example_dags/example_python_operator.py took 0.050 seconds
[2024-10-26 09:40:42,463] {processor.py:153} INFO - Started process (PID=1787) to work on /root/Documentos/airflow/venv/lib/python3.9/site-packages/airflow/example_dags/example_python_operator.py
[2024-10-26 09:40:42,469] {processor.py:641} INFO - Processing file /root/Documentos/airflow/venv/lib/python3.9/site-packages/airflow/example_dags/example_python_operator.py for tasks to queue
[2024-10-26 09:40:42,469] {logging_mixin.py:115} INFO - [2024-10-26 09:40:42,469] {dagbag.py:507} INFO - Filling up the DagBag from /root/Documentos/airflow/venv/lib/python3.9/site-packages/airflow/example_dags/example_python_operator.py
[2024-10-26 09:40:42,478] {processor.py:651} INFO - DAG(s) dict_keys(['example_python_operator']) retrieved from /root/Documentos/airflow/venv/lib/python3.9/site-packages/airflow/example_dags/example_python_operator.py
[2024-10-26 09:40:42,488] {logging_mixin.py:115} INFO - [2024-10-26 09:40:42,488] {dag.py:2379} INFO - Sync 1 DAGs
[2024-10-26 09:40:42,496] {logging_mixin.py:115} INFO - [2024-10-26 09:40:42,496] {dag.py:2927} INFO - Setting next_dagrun for example_python_operator to None, run_after=None
[2024-10-26 09:40:42,508] {processor.py:161} INFO - Processing /root/Documentos/airflow/venv/lib/python3.9/site-packages/airflow/example_dags/example_python_operator.py took 0.046 seconds
[2024-10-26 09:41:15,166] {processor.py:153} INFO - Started process (PID=1947) to work on /root/Documentos/airflow/venv/lib/python3.9/site-packages/airflow/example_dags/example_python_operator.py
[2024-10-26 09:41:15,167] {processor.py:641} INFO - Processing file /root/Documentos/airflow/venv/lib/python3.9/site-packages/airflow/example_dags/example_python_operator.py for tasks to queue
[2024-10-26 09:41:15,167] {logging_mixin.py:115} INFO - [2024-10-26 09:41:15,167] {dagbag.py:507} INFO - Filling up the DagBag from /root/Documentos/airflow/venv/lib/python3.9/site-packages/airflow/example_dags/example_python_operator.py
[2024-10-26 09:41:15,175] {processor.py:651} INFO - DAG(s) dict_keys(['example_python_operator']) retrieved from /root/Documentos/airflow/venv/lib/python3.9/site-packages/airflow/example_dags/example_python_operator.py
[2024-10-26 09:41:15,185] {logging_mixin.py:115} INFO - [2024-10-26 09:41:15,185] {dag.py:2379} INFO - Sync 1 DAGs
[2024-10-26 09:41:15,194] {logging_mixin.py:115} INFO - [2024-10-26 09:41:15,194] {dag.py:2927} INFO - Setting next_dagrun for example_python_operator to None, run_after=None
[2024-10-26 09:41:15,206] {processor.py:161} INFO - Processing /root/Documentos/airflow/venv/lib/python3.9/site-packages/airflow/example_dags/example_python_operator.py took 0.041 seconds
[2024-10-26 09:41:50,146] {processor.py:153} INFO - Started process (PID=2115) to work on /root/Documentos/airflow/venv/lib/python3.9/site-packages/airflow/example_dags/example_python_operator.py
[2024-10-26 09:41:50,147] {processor.py:641} INFO - Processing file /root/Documentos/airflow/venv/lib/python3.9/site-packages/airflow/example_dags/example_python_operator.py for tasks to queue
[2024-10-26 09:41:50,147] {logging_mixin.py:115} INFO - [2024-10-26 09:41:50,147] {dagbag.py:507} INFO - Filling up the DagBag from /root/Documentos/airflow/venv/lib/python3.9/site-packages/airflow/example_dags/example_python_operator.py
[2024-10-26 09:41:50,157] {processor.py:651} INFO - DAG(s) dict_keys(['example_python_operator']) retrieved from /root/Documentos/airflow/venv/lib/python3.9/site-packages/airflow/example_dags/example_python_operator.py
[2024-10-26 09:41:50,166] {logging_mixin.py:115} INFO - [2024-10-26 09:41:50,166] {dag.py:2379} INFO - Sync 1 DAGs
[2024-10-26 09:41:50,176] {logging_mixin.py:115} INFO - [2024-10-26 09:41:50,176] {dag.py:2927} INFO - Setting next_dagrun for example_python_operator to None, run_after=None
[2024-10-26 09:41:50,187] {processor.py:161} INFO - Processing /root/Documentos/airflow/venv/lib/python3.9/site-packages/airflow/example_dags/example_python_operator.py took 0.043 seconds
[2024-10-26 09:42:24,850] {processor.py:153} INFO - Started process (PID=2282) to work on /root/Documentos/airflow/venv/lib/python3.9/site-packages/airflow/example_dags/example_python_operator.py
[2024-10-26 09:42:24,853] {processor.py:641} INFO - Processing file /root/Documentos/airflow/venv/lib/python3.9/site-packages/airflow/example_dags/example_python_operator.py for tasks to queue
[2024-10-26 09:42:24,854] {logging_mixin.py:115} INFO - [2024-10-26 09:42:24,854] {dagbag.py:507} INFO - Filling up the DagBag from /root/Documentos/airflow/venv/lib/python3.9/site-packages/airflow/example_dags/example_python_operator.py
[2024-10-26 09:42:24,862] {processor.py:651} INFO - DAG(s) dict_keys(['example_python_operator']) retrieved from /root/Documentos/airflow/venv/lib/python3.9/site-packages/airflow/example_dags/example_python_operator.py
[2024-10-26 09:42:24,872] {logging_mixin.py:115} INFO - [2024-10-26 09:42:24,872] {dag.py:2379} INFO - Sync 1 DAGs
[2024-10-26 09:42:24,881] {logging_mixin.py:115} INFO - [2024-10-26 09:42:24,880] {dag.py:2927} INFO - Setting next_dagrun for example_python_operator to None, run_after=None
[2024-10-26 09:42:24,892] {processor.py:161} INFO - Processing /root/Documentos/airflow/venv/lib/python3.9/site-packages/airflow/example_dags/example_python_operator.py took 0.044 seconds
[2024-10-26 09:42:56,010] {processor.py:153} INFO - Started process (PID=2435) to work on /root/Documentos/airflow/venv/lib/python3.9/site-packages/airflow/example_dags/example_python_operator.py
[2024-10-26 09:42:56,010] {processor.py:641} INFO - Processing file /root/Documentos/airflow/venv/lib/python3.9/site-packages/airflow/example_dags/example_python_operator.py for tasks to queue
[2024-10-26 09:42:56,010] {logging_mixin.py:115} INFO - [2024-10-26 09:42:56,010] {dagbag.py:507} INFO - Filling up the DagBag from /root/Documentos/airflow/venv/lib/python3.9/site-packages/airflow/example_dags/example_python_operator.py
[2024-10-26 09:42:56,019] {processor.py:651} INFO - DAG(s) dict_keys(['example_python_operator']) retrieved from /root/Documentos/airflow/venv/lib/python3.9/site-packages/airflow/example_dags/example_python_operator.py
[2024-10-26 09:42:56,028] {logging_mixin.py:115} INFO - [2024-10-26 09:42:56,028] {dag.py:2379} INFO - Sync 1 DAGs
[2024-10-26 09:42:56,037] {logging_mixin.py:115} INFO - [2024-10-26 09:42:56,037] {dag.py:2927} INFO - Setting next_dagrun for example_python_operator to None, run_after=None
[2024-10-26 09:42:56,049] {processor.py:161} INFO - Processing /root/Documentos/airflow/venv/lib/python3.9/site-packages/airflow/example_dags/example_python_operator.py took 0.041 seconds
[2024-10-26 09:43:30,527] {processor.py:153} INFO - Started process (PID=2601) to work on /root/Documentos/airflow/venv/lib/python3.9/site-packages/airflow/example_dags/example_python_operator.py
[2024-10-26 09:43:30,529] {processor.py:641} INFO - Processing file /root/Documentos/airflow/venv/lib/python3.9/site-packages/airflow/example_dags/example_python_operator.py for tasks to queue
[2024-10-26 09:43:30,530] {logging_mixin.py:115} INFO - [2024-10-26 09:43:30,530] {dagbag.py:507} INFO - Filling up the DagBag from /root/Documentos/airflow/venv/lib/python3.9/site-packages/airflow/example_dags/example_python_operator.py
[2024-10-26 09:43:30,539] {processor.py:651} INFO - DAG(s) dict_keys(['example_python_operator']) retrieved from /root/Documentos/airflow/venv/lib/python3.9/site-packages/airflow/example_dags/example_python_operator.py
[2024-10-26 09:43:30,548] {logging_mixin.py:115} INFO - [2024-10-26 09:43:30,548] {dag.py:2379} INFO - Sync 1 DAGs
[2024-10-26 09:43:30,557] {logging_mixin.py:115} INFO - [2024-10-26 09:43:30,557] {dag.py:2927} INFO - Setting next_dagrun for example_python_operator to None, run_after=None
[2024-10-26 09:43:30,570] {processor.py:161} INFO - Processing /root/Documentos/airflow/venv/lib/python3.9/site-packages/airflow/example_dags/example_python_operator.py took 0.044 seconds
[2024-10-26 09:44:02,934] {processor.py:153} INFO - Started process (PID=2758) to work on /root/Documentos/airflow/venv/lib/python3.9/site-packages/airflow/example_dags/example_python_operator.py
[2024-10-26 09:44:02,935] {processor.py:641} INFO - Processing file /root/Documentos/airflow/venv/lib/python3.9/site-packages/airflow/example_dags/example_python_operator.py for tasks to queue
[2024-10-26 09:44:02,936] {logging_mixin.py:115} INFO - [2024-10-26 09:44:02,936] {dagbag.py:507} INFO - Filling up the DagBag from /root/Documentos/airflow/venv/lib/python3.9/site-packages/airflow/example_dags/example_python_operator.py
[2024-10-26 09:44:02,945] {processor.py:651} INFO - DAG(s) dict_keys(['example_python_operator']) retrieved from /root/Documentos/airflow/venv/lib/python3.9/site-packages/airflow/example_dags/example_python_operator.py
[2024-10-26 09:44:02,954] {logging_mixin.py:115} INFO - [2024-10-26 09:44:02,954] {dag.py:2379} INFO - Sync 1 DAGs
[2024-10-26 09:44:02,963] {logging_mixin.py:115} INFO - [2024-10-26 09:44:02,963] {dag.py:2927} INFO - Setting next_dagrun for example_python_operator to None, run_after=None
[2024-10-26 09:44:02,975] {processor.py:161} INFO - Processing /root/Documentos/airflow/venv/lib/python3.9/site-packages/airflow/example_dags/example_python_operator.py took 0.042 seconds
[2024-10-26 09:44:36,757] {processor.py:153} INFO - Started process (PID=2922) to work on /root/Documentos/airflow/venv/lib/python3.9/site-packages/airflow/example_dags/example_python_operator.py
[2024-10-26 09:44:36,757] {processor.py:641} INFO - Processing file /root/Documentos/airflow/venv/lib/python3.9/site-packages/airflow/example_dags/example_python_operator.py for tasks to queue
[2024-10-26 09:44:36,757] {logging_mixin.py:115} INFO - [2024-10-26 09:44:36,757] {dagbag.py:507} INFO - Filling up the DagBag from /root/Documentos/airflow/venv/lib/python3.9/site-packages/airflow/example_dags/example_python_operator.py
[2024-10-26 09:44:36,766] {processor.py:651} INFO - DAG(s) dict_keys(['example_python_operator']) retrieved from /root/Documentos/airflow/venv/lib/python3.9/site-packages/airflow/example_dags/example_python_operator.py
[2024-10-26 09:44:36,777] {logging_mixin.py:115} INFO - [2024-10-26 09:44:36,777] {dag.py:2379} INFO - Sync 1 DAGs
[2024-10-26 09:44:36,788] {logging_mixin.py:115} INFO - [2024-10-26 09:44:36,788] {dag.py:2927} INFO - Setting next_dagrun for example_python_operator to None, run_after=None
[2024-10-26 09:44:36,801] {processor.py:161} INFO - Processing /root/Documentos/airflow/venv/lib/python3.9/site-packages/airflow/example_dags/example_python_operator.py took 0.045 seconds
[2024-10-26 09:45:09,437] {processor.py:153} INFO - Started process (PID=3081) to work on /root/Documentos/airflow/venv/lib/python3.9/site-packages/airflow/example_dags/example_python_operator.py
[2024-10-26 09:45:09,443] {processor.py:641} INFO - Processing file /root/Documentos/airflow/venv/lib/python3.9/site-packages/airflow/example_dags/example_python_operator.py for tasks to queue
[2024-10-26 09:45:09,444] {logging_mixin.py:115} INFO - [2024-10-26 09:45:09,443] {dagbag.py:507} INFO - Filling up the DagBag from /root/Documentos/airflow/venv/lib/python3.9/site-packages/airflow/example_dags/example_python_operator.py
[2024-10-26 09:45:09,453] {processor.py:651} INFO - DAG(s) dict_keys(['example_python_operator']) retrieved from /root/Documentos/airflow/venv/lib/python3.9/site-packages/airflow/example_dags/example_python_operator.py
[2024-10-26 09:45:09,462] {logging_mixin.py:115} INFO - [2024-10-26 09:45:09,462] {dag.py:2379} INFO - Sync 1 DAGs
[2024-10-26 09:45:09,471] {logging_mixin.py:115} INFO - [2024-10-26 09:45:09,471] {dag.py:2927} INFO - Setting next_dagrun for example_python_operator to None, run_after=None
[2024-10-26 09:45:09,483] {processor.py:161} INFO - Processing /root/Documentos/airflow/venv/lib/python3.9/site-packages/airflow/example_dags/example_python_operator.py took 0.047 seconds
[2024-10-26 09:45:41,694] {processor.py:153} INFO - Started process (PID=3237) to work on /root/Documentos/airflow/venv/lib/python3.9/site-packages/airflow/example_dags/example_python_operator.py
[2024-10-26 09:45:41,694] {processor.py:641} INFO - Processing file /root/Documentos/airflow/venv/lib/python3.9/site-packages/airflow/example_dags/example_python_operator.py for tasks to queue
[2024-10-26 09:45:41,694] {logging_mixin.py:115} INFO - [2024-10-26 09:45:41,694] {dagbag.py:507} INFO - Filling up the DagBag from /root/Documentos/airflow/venv/lib/python3.9/site-packages/airflow/example_dags/example_python_operator.py
[2024-10-26 09:45:41,703] {processor.py:651} INFO - DAG(s) dict_keys(['example_python_operator']) retrieved from /root/Documentos/airflow/venv/lib/python3.9/site-packages/airflow/example_dags/example_python_operator.py
[2024-10-26 09:45:41,713] {logging_mixin.py:115} INFO - [2024-10-26 09:45:41,713] {dag.py:2379} INFO - Sync 1 DAGs
[2024-10-26 09:45:41,722] {logging_mixin.py:115} INFO - [2024-10-26 09:45:41,722] {dag.py:2927} INFO - Setting next_dagrun for example_python_operator to None, run_after=None
[2024-10-26 09:45:41,735] {processor.py:161} INFO - Processing /root/Documentos/airflow/venv/lib/python3.9/site-packages/airflow/example_dags/example_python_operator.py took 0.043 seconds
[2024-10-26 09:46:14,237] {processor.py:153} INFO - Started process (PID=3394) to work on /root/Documentos/airflow/venv/lib/python3.9/site-packages/airflow/example_dags/example_python_operator.py
[2024-10-26 09:46:14,238] {processor.py:641} INFO - Processing file /root/Documentos/airflow/venv/lib/python3.9/site-packages/airflow/example_dags/example_python_operator.py for tasks to queue
[2024-10-26 09:46:14,238] {logging_mixin.py:115} INFO - [2024-10-26 09:46:14,238] {dagbag.py:507} INFO - Filling up the DagBag from /root/Documentos/airflow/venv/lib/python3.9/site-packages/airflow/example_dags/example_python_operator.py
[2024-10-26 09:46:14,248] {processor.py:651} INFO - DAG(s) dict_keys(['example_python_operator']) retrieved from /root/Documentos/airflow/venv/lib/python3.9/site-packages/airflow/example_dags/example_python_operator.py
[2024-10-26 09:46:14,258] {logging_mixin.py:115} INFO - [2024-10-26 09:46:14,258] {dag.py:2379} INFO - Sync 1 DAGs
[2024-10-26 09:46:14,267] {logging_mixin.py:115} INFO - [2024-10-26 09:46:14,267] {dag.py:2927} INFO - Setting next_dagrun for example_python_operator to None, run_after=None
[2024-10-26 09:46:14,278] {processor.py:161} INFO - Processing /root/Documentos/airflow/venv/lib/python3.9/site-packages/airflow/example_dags/example_python_operator.py took 0.043 seconds
[2024-10-26 09:46:45,795] {processor.py:153} INFO - Started process (PID=3624) to work on /root/Documentos/airflow/venv/lib/python3.9/site-packages/airflow/example_dags/example_python_operator.py
[2024-10-26 09:46:45,800] {processor.py:641} INFO - Processing file /root/Documentos/airflow/venv/lib/python3.9/site-packages/airflow/example_dags/example_python_operator.py for tasks to queue
[2024-10-26 09:46:45,801] {logging_mixin.py:115} INFO - [2024-10-26 09:46:45,801] {dagbag.py:507} INFO - Filling up the DagBag from /root/Documentos/airflow/venv/lib/python3.9/site-packages/airflow/example_dags/example_python_operator.py
[2024-10-26 09:46:45,810] {processor.py:651} INFO - DAG(s) dict_keys(['example_python_operator']) retrieved from /root/Documentos/airflow/venv/lib/python3.9/site-packages/airflow/example_dags/example_python_operator.py
[2024-10-26 09:46:45,820] {logging_mixin.py:115} INFO - [2024-10-26 09:46:45,820] {dag.py:2379} INFO - Sync 1 DAGs
[2024-10-26 09:46:45,829] {logging_mixin.py:115} INFO - [2024-10-26 09:46:45,829] {dag.py:2927} INFO - Setting next_dagrun for example_python_operator to None, run_after=None
[2024-10-26 09:46:45,841] {processor.py:161} INFO - Processing /root/Documentos/airflow/venv/lib/python3.9/site-packages/airflow/example_dags/example_python_operator.py took 0.047 seconds
[2024-10-26 09:47:19,931] {processor.py:153} INFO - Started process (PID=3789) to work on /root/Documentos/airflow/venv/lib/python3.9/site-packages/airflow/example_dags/example_python_operator.py
[2024-10-26 09:47:19,936] {processor.py:641} INFO - Processing file /root/Documentos/airflow/venv/lib/python3.9/site-packages/airflow/example_dags/example_python_operator.py for tasks to queue
[2024-10-26 09:47:19,937] {logging_mixin.py:115} INFO - [2024-10-26 09:47:19,937] {dagbag.py:507} INFO - Filling up the DagBag from /root/Documentos/airflow/venv/lib/python3.9/site-packages/airflow/example_dags/example_python_operator.py
[2024-10-26 09:47:19,946] {processor.py:651} INFO - DAG(s) dict_keys(['example_python_operator']) retrieved from /root/Documentos/airflow/venv/lib/python3.9/site-packages/airflow/example_dags/example_python_operator.py
[2024-10-26 09:47:19,955] {logging_mixin.py:115} INFO - [2024-10-26 09:47:19,955] {dag.py:2379} INFO - Sync 1 DAGs
[2024-10-26 09:47:19,964] {logging_mixin.py:115} INFO - [2024-10-26 09:47:19,964] {dag.py:2927} INFO - Setting next_dagrun for example_python_operator to None, run_after=None
[2024-10-26 09:47:19,975] {processor.py:161} INFO - Processing /root/Documentos/airflow/venv/lib/python3.9/site-packages/airflow/example_dags/example_python_operator.py took 0.045 seconds
[2024-10-26 09:47:51,135] {processor.py:153} INFO - Started process (PID=3942) to work on /root/Documentos/airflow/venv/lib/python3.9/site-packages/airflow/example_dags/example_python_operator.py
[2024-10-26 09:47:51,135] {processor.py:641} INFO - Processing file /root/Documentos/airflow/venv/lib/python3.9/site-packages/airflow/example_dags/example_python_operator.py for tasks to queue
[2024-10-26 09:47:51,135] {logging_mixin.py:115} INFO - [2024-10-26 09:47:51,135] {dagbag.py:507} INFO - Filling up the DagBag from /root/Documentos/airflow/venv/lib/python3.9/site-packages/airflow/example_dags/example_python_operator.py
[2024-10-26 09:47:51,144] {processor.py:651} INFO - DAG(s) dict_keys(['example_python_operator']) retrieved from /root/Documentos/airflow/venv/lib/python3.9/site-packages/airflow/example_dags/example_python_operator.py
[2024-10-26 09:47:51,153] {logging_mixin.py:115} INFO - [2024-10-26 09:47:51,153] {dag.py:2379} INFO - Sync 1 DAGs
[2024-10-26 09:47:51,161] {logging_mixin.py:115} INFO - [2024-10-26 09:47:51,161] {dag.py:2927} INFO - Setting next_dagrun for example_python_operator to None, run_after=None
[2024-10-26 09:47:51,173] {processor.py:161} INFO - Processing /root/Documentos/airflow/venv/lib/python3.9/site-packages/airflow/example_dags/example_python_operator.py took 0.040 seconds
[2024-10-26 09:48:25,581] {processor.py:153} INFO - Started process (PID=4117) to work on /root/Documentos/airflow/venv/lib/python3.9/site-packages/airflow/example_dags/example_python_operator.py
[2024-10-26 09:48:25,583] {processor.py:641} INFO - Processing file /root/Documentos/airflow/venv/lib/python3.9/site-packages/airflow/example_dags/example_python_operator.py for tasks to queue
[2024-10-26 09:48:25,584] {logging_mixin.py:115} INFO - [2024-10-26 09:48:25,584] {dagbag.py:507} INFO - Filling up the DagBag from /root/Documentos/airflow/venv/lib/python3.9/site-packages/airflow/example_dags/example_python_operator.py
[2024-10-26 09:48:25,593] {processor.py:651} INFO - DAG(s) dict_keys(['example_python_operator']) retrieved from /root/Documentos/airflow/venv/lib/python3.9/site-packages/airflow/example_dags/example_python_operator.py
[2024-10-26 09:48:25,605] {logging_mixin.py:115} INFO - [2024-10-26 09:48:25,605] {dag.py:2379} INFO - Sync 1 DAGs
[2024-10-26 09:48:25,615] {logging_mixin.py:115} INFO - [2024-10-26 09:48:25,614] {dag.py:2927} INFO - Setting next_dagrun for example_python_operator to None, run_after=None
[2024-10-26 09:48:25,632] {processor.py:161} INFO - Processing /root/Documentos/airflow/venv/lib/python3.9/site-packages/airflow/example_dags/example_python_operator.py took 0.052 seconds
[2024-10-26 09:48:58,130] {processor.py:153} INFO - Started process (PID=4273) to work on /root/Documentos/airflow/venv/lib/python3.9/site-packages/airflow/example_dags/example_python_operator.py
[2024-10-26 09:48:58,130] {processor.py:641} INFO - Processing file /root/Documentos/airflow/venv/lib/python3.9/site-packages/airflow/example_dags/example_python_operator.py for tasks to queue
[2024-10-26 09:48:58,130] {logging_mixin.py:115} INFO - [2024-10-26 09:48:58,130] {dagbag.py:507} INFO - Filling up the DagBag from /root/Documentos/airflow/venv/lib/python3.9/site-packages/airflow/example_dags/example_python_operator.py
[2024-10-26 09:48:58,139] {processor.py:651} INFO - DAG(s) dict_keys(['example_python_operator']) retrieved from /root/Documentos/airflow/venv/lib/python3.9/site-packages/airflow/example_dags/example_python_operator.py
[2024-10-26 09:48:58,148] {logging_mixin.py:115} INFO - [2024-10-26 09:48:58,148] {dag.py:2379} INFO - Sync 1 DAGs
[2024-10-26 09:48:58,158] {logging_mixin.py:115} INFO - [2024-10-26 09:48:58,158] {dag.py:2927} INFO - Setting next_dagrun for example_python_operator to None, run_after=None
[2024-10-26 09:48:58,172] {processor.py:161} INFO - Processing /root/Documentos/airflow/venv/lib/python3.9/site-packages/airflow/example_dags/example_python_operator.py took 0.044 seconds
[2024-10-26 09:49:29,713] {processor.py:153} INFO - Started process (PID=4425) to work on /root/Documentos/airflow/venv/lib/python3.9/site-packages/airflow/example_dags/example_python_operator.py
[2024-10-26 09:49:29,715] {processor.py:641} INFO - Processing file /root/Documentos/airflow/venv/lib/python3.9/site-packages/airflow/example_dags/example_python_operator.py for tasks to queue
[2024-10-26 09:49:29,715] {logging_mixin.py:115} INFO - [2024-10-26 09:49:29,715] {dagbag.py:507} INFO - Filling up the DagBag from /root/Documentos/airflow/venv/lib/python3.9/site-packages/airflow/example_dags/example_python_operator.py
[2024-10-26 09:49:29,724] {processor.py:651} INFO - DAG(s) dict_keys(['example_python_operator']) retrieved from /root/Documentos/airflow/venv/lib/python3.9/site-packages/airflow/example_dags/example_python_operator.py
[2024-10-26 09:49:29,733] {logging_mixin.py:115} INFO - [2024-10-26 09:49:29,733] {dag.py:2379} INFO - Sync 1 DAGs
[2024-10-26 09:49:29,742] {logging_mixin.py:115} INFO - [2024-10-26 09:49:29,742] {dag.py:2927} INFO - Setting next_dagrun for example_python_operator to None, run_after=None
[2024-10-26 09:49:29,756] {processor.py:161} INFO - Processing /root/Documentos/airflow/venv/lib/python3.9/site-packages/airflow/example_dags/example_python_operator.py took 0.044 seconds
[2024-10-26 09:50:01,974] {processor.py:153} INFO - Started process (PID=4580) to work on /root/Documentos/airflow/venv/lib/python3.9/site-packages/airflow/example_dags/example_python_operator.py
[2024-10-26 09:50:01,975] {processor.py:641} INFO - Processing file /root/Documentos/airflow/venv/lib/python3.9/site-packages/airflow/example_dags/example_python_operator.py for tasks to queue
[2024-10-26 09:50:01,975] {logging_mixin.py:115} INFO - [2024-10-26 09:50:01,975] {dagbag.py:507} INFO - Filling up the DagBag from /root/Documentos/airflow/venv/lib/python3.9/site-packages/airflow/example_dags/example_python_operator.py
[2024-10-26 09:50:01,984] {processor.py:651} INFO - DAG(s) dict_keys(['example_python_operator']) retrieved from /root/Documentos/airflow/venv/lib/python3.9/site-packages/airflow/example_dags/example_python_operator.py
[2024-10-26 09:50:01,994] {logging_mixin.py:115} INFO - [2024-10-26 09:50:01,994] {dag.py:2379} INFO - Sync 1 DAGs
[2024-10-26 09:50:02,002] {logging_mixin.py:115} INFO - [2024-10-26 09:50:02,002] {dag.py:2927} INFO - Setting next_dagrun for example_python_operator to None, run_after=None
[2024-10-26 09:50:02,018] {processor.py:161} INFO - Processing /root/Documentos/airflow/venv/lib/python3.9/site-packages/airflow/example_dags/example_python_operator.py took 0.045 seconds
[2024-10-26 09:50:35,357] {processor.py:153} INFO - Started process (PID=4742) to work on /root/Documentos/airflow/venv/lib/python3.9/site-packages/airflow/example_dags/example_python_operator.py
[2024-10-26 09:50:35,357] {processor.py:641} INFO - Processing file /root/Documentos/airflow/venv/lib/python3.9/site-packages/airflow/example_dags/example_python_operator.py for tasks to queue
[2024-10-26 09:50:35,358] {logging_mixin.py:115} INFO - [2024-10-26 09:50:35,358] {dagbag.py:507} INFO - Filling up the DagBag from /root/Documentos/airflow/venv/lib/python3.9/site-packages/airflow/example_dags/example_python_operator.py
[2024-10-26 09:50:35,368] {processor.py:651} INFO - DAG(s) dict_keys(['example_python_operator']) retrieved from /root/Documentos/airflow/venv/lib/python3.9/site-packages/airflow/example_dags/example_python_operator.py
[2024-10-26 09:50:35,378] {logging_mixin.py:115} INFO - [2024-10-26 09:50:35,378] {dag.py:2379} INFO - Sync 1 DAGs
[2024-10-26 09:50:35,387] {logging_mixin.py:115} INFO - [2024-10-26 09:50:35,387] {dag.py:2927} INFO - Setting next_dagrun for example_python_operator to None, run_after=None
[2024-10-26 09:50:35,400] {processor.py:161} INFO - Processing /root/Documentos/airflow/venv/lib/python3.9/site-packages/airflow/example_dags/example_python_operator.py took 0.045 seconds
[2024-10-26 09:51:06,714] {processor.py:153} INFO - Started process (PID=4894) to work on /root/Documentos/airflow/venv/lib/python3.9/site-packages/airflow/example_dags/example_python_operator.py
[2024-10-26 09:51:06,720] {processor.py:641} INFO - Processing file /root/Documentos/airflow/venv/lib/python3.9/site-packages/airflow/example_dags/example_python_operator.py for tasks to queue
[2024-10-26 09:51:06,720] {logging_mixin.py:115} INFO - [2024-10-26 09:51:06,720] {dagbag.py:507} INFO - Filling up the DagBag from /root/Documentos/airflow/venv/lib/python3.9/site-packages/airflow/example_dags/example_python_operator.py
[2024-10-26 09:51:06,729] {processor.py:651} INFO - DAG(s) dict_keys(['example_python_operator']) retrieved from /root/Documentos/airflow/venv/lib/python3.9/site-packages/airflow/example_dags/example_python_operator.py
[2024-10-26 09:51:06,738] {logging_mixin.py:115} INFO - [2024-10-26 09:51:06,738] {dag.py:2379} INFO - Sync 1 DAGs
[2024-10-26 09:51:06,748] {logging_mixin.py:115} INFO - [2024-10-26 09:51:06,748] {dag.py:2927} INFO - Setting next_dagrun for example_python_operator to None, run_after=None
[2024-10-26 09:51:06,764] {processor.py:161} INFO - Processing /root/Documentos/airflow/venv/lib/python3.9/site-packages/airflow/example_dags/example_python_operator.py took 0.051 seconds
[2024-10-26 09:51:40,618] {processor.py:153} INFO - Started process (PID=5059) to work on /root/Documentos/airflow/venv/lib/python3.9/site-packages/airflow/example_dags/example_python_operator.py
[2024-10-26 09:51:40,621] {processor.py:641} INFO - Processing file /root/Documentos/airflow/venv/lib/python3.9/site-packages/airflow/example_dags/example_python_operator.py for tasks to queue
[2024-10-26 09:51:40,622] {logging_mixin.py:115} INFO - [2024-10-26 09:51:40,622] {dagbag.py:507} INFO - Filling up the DagBag from /root/Documentos/airflow/venv/lib/python3.9/site-packages/airflow/example_dags/example_python_operator.py
[2024-10-26 09:51:40,631] {processor.py:651} INFO - DAG(s) dict_keys(['example_python_operator']) retrieved from /root/Documentos/airflow/venv/lib/python3.9/site-packages/airflow/example_dags/example_python_operator.py
[2024-10-26 09:51:40,640] {logging_mixin.py:115} INFO - [2024-10-26 09:51:40,640] {dag.py:2379} INFO - Sync 1 DAGs
[2024-10-26 09:51:40,649] {logging_mixin.py:115} INFO - [2024-10-26 09:51:40,649] {dag.py:2927} INFO - Setting next_dagrun for example_python_operator to None, run_after=None
[2024-10-26 09:51:40,666] {processor.py:161} INFO - Processing /root/Documentos/airflow/venv/lib/python3.9/site-packages/airflow/example_dags/example_python_operator.py took 0.049 seconds
[2024-10-26 09:52:13,846] {processor.py:153} INFO - Started process (PID=5220) to work on /root/Documentos/airflow/venv/lib/python3.9/site-packages/airflow/example_dags/example_python_operator.py
[2024-10-26 09:52:13,846] {processor.py:641} INFO - Processing file /root/Documentos/airflow/venv/lib/python3.9/site-packages/airflow/example_dags/example_python_operator.py for tasks to queue
[2024-10-26 09:52:13,847] {logging_mixin.py:115} INFO - [2024-10-26 09:52:13,846] {dagbag.py:507} INFO - Filling up the DagBag from /root/Documentos/airflow/venv/lib/python3.9/site-packages/airflow/example_dags/example_python_operator.py
[2024-10-26 09:52:13,855] {processor.py:651} INFO - DAG(s) dict_keys(['example_python_operator']) retrieved from /root/Documentos/airflow/venv/lib/python3.9/site-packages/airflow/example_dags/example_python_operator.py
[2024-10-26 09:52:13,865] {logging_mixin.py:115} INFO - [2024-10-26 09:52:13,865] {dag.py:2379} INFO - Sync 1 DAGs
[2024-10-26 09:52:13,874] {logging_mixin.py:115} INFO - [2024-10-26 09:52:13,874] {dag.py:2927} INFO - Setting next_dagrun for example_python_operator to None, run_after=None
[2024-10-26 09:52:13,889] {processor.py:161} INFO - Processing /root/Documentos/airflow/venv/lib/python3.9/site-packages/airflow/example_dags/example_python_operator.py took 0.045 seconds
[2024-10-26 09:52:46,579] {processor.py:153} INFO - Started process (PID=5379) to work on /root/Documentos/airflow/venv/lib/python3.9/site-packages/airflow/example_dags/example_python_operator.py
[2024-10-26 09:52:46,583] {processor.py:641} INFO - Processing file /root/Documentos/airflow/venv/lib/python3.9/site-packages/airflow/example_dags/example_python_operator.py for tasks to queue
[2024-10-26 09:52:46,584] {logging_mixin.py:115} INFO - [2024-10-26 09:52:46,584] {dagbag.py:507} INFO - Filling up the DagBag from /root/Documentos/airflow/venv/lib/python3.9/site-packages/airflow/example_dags/example_python_operator.py
[2024-10-26 09:52:46,594] {processor.py:651} INFO - DAG(s) dict_keys(['example_python_operator']) retrieved from /root/Documentos/airflow/venv/lib/python3.9/site-packages/airflow/example_dags/example_python_operator.py
[2024-10-26 09:52:46,601] {logging_mixin.py:115} INFO - [2024-10-26 09:52:46,601] {dag.py:2379} INFO - Sync 1 DAGs
[2024-10-26 09:52:46,610] {logging_mixin.py:115} INFO - [2024-10-26 09:52:46,610] {dag.py:2927} INFO - Setting next_dagrun for example_python_operator to None, run_after=None
[2024-10-26 09:52:46,626] {processor.py:161} INFO - Processing /root/Documentos/airflow/venv/lib/python3.9/site-packages/airflow/example_dags/example_python_operator.py took 0.047 seconds
[2024-10-26 09:53:21,011] {processor.py:153} INFO - Started process (PID=5544) to work on /root/Documentos/airflow/venv/lib/python3.9/site-packages/airflow/example_dags/example_python_operator.py
[2024-10-26 09:53:21,011] {processor.py:641} INFO - Processing file /root/Documentos/airflow/venv/lib/python3.9/site-packages/airflow/example_dags/example_python_operator.py for tasks to queue
[2024-10-26 09:53:21,011] {logging_mixin.py:115} INFO - [2024-10-26 09:53:21,011] {dagbag.py:507} INFO - Filling up the DagBag from /root/Documentos/airflow/venv/lib/python3.9/site-packages/airflow/example_dags/example_python_operator.py
[2024-10-26 09:53:21,022] {processor.py:651} INFO - DAG(s) dict_keys(['example_python_operator']) retrieved from /root/Documentos/airflow/venv/lib/python3.9/site-packages/airflow/example_dags/example_python_operator.py
[2024-10-26 09:53:21,030] {logging_mixin.py:115} INFO - [2024-10-26 09:53:21,030] {dag.py:2379} INFO - Sync 1 DAGs
[2024-10-26 09:53:21,038] {logging_mixin.py:115} INFO - [2024-10-26 09:53:21,038] {dag.py:2927} INFO - Setting next_dagrun for example_python_operator to None, run_after=None
[2024-10-26 09:53:21,054] {processor.py:161} INFO - Processing /root/Documentos/airflow/venv/lib/python3.9/site-packages/airflow/example_dags/example_python_operator.py took 0.044 seconds
[2024-10-26 09:53:53,703] {processor.py:153} INFO - Started process (PID=5703) to work on /root/Documentos/airflow/venv/lib/python3.9/site-packages/airflow/example_dags/example_python_operator.py
[2024-10-26 09:53:53,708] {processor.py:641} INFO - Processing file /root/Documentos/airflow/venv/lib/python3.9/site-packages/airflow/example_dags/example_python_operator.py for tasks to queue
[2024-10-26 09:53:53,709] {logging_mixin.py:115} INFO - [2024-10-26 09:53:53,709] {dagbag.py:507} INFO - Filling up the DagBag from /root/Documentos/airflow/venv/lib/python3.9/site-packages/airflow/example_dags/example_python_operator.py
[2024-10-26 09:53:53,719] {processor.py:651} INFO - DAG(s) dict_keys(['example_python_operator']) retrieved from /root/Documentos/airflow/venv/lib/python3.9/site-packages/airflow/example_dags/example_python_operator.py
[2024-10-26 09:53:53,727] {logging_mixin.py:115} INFO - [2024-10-26 09:53:53,727] {dag.py:2379} INFO - Sync 1 DAGs
[2024-10-26 09:53:53,735] {logging_mixin.py:115} INFO - [2024-10-26 09:53:53,735] {dag.py:2927} INFO - Setting next_dagrun for example_python_operator to None, run_after=None
[2024-10-26 09:53:53,750] {processor.py:161} INFO - Processing /root/Documentos/airflow/venv/lib/python3.9/site-packages/airflow/example_dags/example_python_operator.py took 0.048 seconds
[2024-10-26 09:54:26,413] {processor.py:153} INFO - Started process (PID=5860) to work on /root/Documentos/airflow/venv/lib/python3.9/site-packages/airflow/example_dags/example_python_operator.py
[2024-10-26 09:54:26,413] {processor.py:641} INFO - Processing file /root/Documentos/airflow/venv/lib/python3.9/site-packages/airflow/example_dags/example_python_operator.py for tasks to queue
[2024-10-26 09:54:26,413] {logging_mixin.py:115} INFO - [2024-10-26 09:54:26,413] {dagbag.py:507} INFO - Filling up the DagBag from /root/Documentos/airflow/venv/lib/python3.9/site-packages/airflow/example_dags/example_python_operator.py
[2024-10-26 09:54:26,423] {processor.py:651} INFO - DAG(s) dict_keys(['example_python_operator']) retrieved from /root/Documentos/airflow/venv/lib/python3.9/site-packages/airflow/example_dags/example_python_operator.py
[2024-10-26 09:54:26,431] {logging_mixin.py:115} INFO - [2024-10-26 09:54:26,431] {dag.py:2379} INFO - Sync 1 DAGs
[2024-10-26 09:54:26,439] {logging_mixin.py:115} INFO - [2024-10-26 09:54:26,439] {dag.py:2927} INFO - Setting next_dagrun for example_python_operator to None, run_after=None
[2024-10-26 09:54:26,457] {processor.py:161} INFO - Processing /root/Documentos/airflow/venv/lib/python3.9/site-packages/airflow/example_dags/example_python_operator.py took 0.046 seconds
[2024-10-26 09:55:01,344] {processor.py:153} INFO - Started process (PID=6028) to work on /root/Documentos/airflow/venv/lib/python3.9/site-packages/airflow/example_dags/example_python_operator.py
[2024-10-26 09:55:01,346] {processor.py:641} INFO - Processing file /root/Documentos/airflow/venv/lib/python3.9/site-packages/airflow/example_dags/example_python_operator.py for tasks to queue
[2024-10-26 09:55:01,347] {logging_mixin.py:115} INFO - [2024-10-26 09:55:01,347] {dagbag.py:507} INFO - Filling up the DagBag from /root/Documentos/airflow/venv/lib/python3.9/site-packages/airflow/example_dags/example_python_operator.py
[2024-10-26 09:55:01,357] {processor.py:651} INFO - DAG(s) dict_keys(['example_python_operator']) retrieved from /root/Documentos/airflow/venv/lib/python3.9/site-packages/airflow/example_dags/example_python_operator.py
[2024-10-26 09:55:01,364] {logging_mixin.py:115} INFO - [2024-10-26 09:55:01,364] {dag.py:2379} INFO - Sync 1 DAGs
[2024-10-26 09:55:01,373] {logging_mixin.py:115} INFO - [2024-10-26 09:55:01,373] {dag.py:2927} INFO - Setting next_dagrun for example_python_operator to None, run_after=None
[2024-10-26 09:55:01,389] {processor.py:161} INFO - Processing /root/Documentos/airflow/venv/lib/python3.9/site-packages/airflow/example_dags/example_python_operator.py took 0.046 seconds
