[2024-10-26 09:24:33,114] {processor.py:153} INFO - Started process (PID=10153) to work on /root/Documentos/airflow/venv/lib/python3.9/site-packages/airflow/example_dags/example_branch_python_dop_operator_3.py
[2024-10-26 09:24:33,114] {processor.py:641} INFO - Processing file /root/Documentos/airflow/venv/lib/python3.9/site-packages/airflow/example_dags/example_branch_python_dop_operator_3.py for tasks to queue
[2024-10-26 09:24:33,115] {logging_mixin.py:115} INFO - [2024-10-26 09:24:33,115] {dagbag.py:507} INFO - Filling up the DagBag from /root/Documentos/airflow/venv/lib/python3.9/site-packages/airflow/example_dags/example_branch_python_dop_operator_3.py
[2024-10-26 09:24:33,120] {processor.py:651} INFO - DAG(s) dict_keys(['example_branch_dop_operator_v3']) retrieved from /root/Documentos/airflow/venv/lib/python3.9/site-packages/airflow/example_dags/example_branch_python_dop_operator_3.py
[2024-10-26 09:24:33,173] {logging_mixin.py:115} INFO - [2024-10-26 09:24:33,173] {manager.py:508} INFO - Created Permission View: can edit on DAG:example_branch_dop_operator_v3
[2024-10-26 09:24:33,185] {logging_mixin.py:115} INFO - [2024-10-26 09:24:33,185] {manager.py:508} INFO - Created Permission View: can read on DAG:example_branch_dop_operator_v3
[2024-10-26 09:24:33,195] {logging_mixin.py:115} INFO - [2024-10-26 09:24:33,195] {manager.py:508} INFO - Created Permission View: can delete on DAG:example_branch_dop_operator_v3
[2024-10-26 09:24:33,195] {logging_mixin.py:115} INFO - [2024-10-26 09:24:33,195] {dag.py:2379} INFO - Sync 1 DAGs
[2024-10-26 09:24:33,200] {logging_mixin.py:115} INFO - [2024-10-26 09:24:33,200] {dag.py:2398} INFO - Creating ORM DAG for example_branch_dop_operator_v3
[2024-10-26 09:24:33,208] {logging_mixin.py:115} INFO - [2024-10-26 09:24:33,208] {dag.py:2927} INFO - Setting next_dagrun for example_branch_dop_operator_v3 to 2024-10-26T12:23:00+00:00, run_after=2024-10-26T12:24:00+00:00
[2024-10-26 09:24:33,224] {processor.py:161} INFO - Processing /root/Documentos/airflow/venv/lib/python3.9/site-packages/airflow/example_dags/example_branch_python_dop_operator_3.py took 0.111 seconds
[2024-10-26 09:25:08,913] {processor.py:153} INFO - Started process (PID=10325) to work on /root/Documentos/airflow/venv/lib/python3.9/site-packages/airflow/example_dags/example_branch_python_dop_operator_3.py
[2024-10-26 09:25:08,918] {processor.py:641} INFO - Processing file /root/Documentos/airflow/venv/lib/python3.9/site-packages/airflow/example_dags/example_branch_python_dop_operator_3.py for tasks to queue
[2024-10-26 09:25:08,918] {logging_mixin.py:115} INFO - [2024-10-26 09:25:08,918] {dagbag.py:507} INFO - Filling up the DagBag from /root/Documentos/airflow/venv/lib/python3.9/site-packages/airflow/example_dags/example_branch_python_dop_operator_3.py
[2024-10-26 09:25:08,923] {processor.py:651} INFO - DAG(s) dict_keys(['example_branch_dop_operator_v3']) retrieved from /root/Documentos/airflow/venv/lib/python3.9/site-packages/airflow/example_dags/example_branch_python_dop_operator_3.py
[2024-10-26 09:25:08,931] {logging_mixin.py:115} INFO - [2024-10-26 09:25:08,931] {dag.py:2379} INFO - Sync 1 DAGs
[2024-10-26 09:25:08,944] {logging_mixin.py:115} INFO - [2024-10-26 09:25:08,944] {dag.py:2927} INFO - Setting next_dagrun for example_branch_dop_operator_v3 to 2024-10-26T12:24:00+00:00, run_after=2024-10-26T12:25:00+00:00
[2024-10-26 09:25:08,958] {processor.py:161} INFO - Processing /root/Documentos/airflow/venv/lib/python3.9/site-packages/airflow/example_dags/example_branch_python_dop_operator_3.py took 0.046 seconds
[2024-10-26 09:25:42,768] {processor.py:153} INFO - Started process (PID=10488) to work on /root/Documentos/airflow/venv/lib/python3.9/site-packages/airflow/example_dags/example_branch_python_dop_operator_3.py
[2024-10-26 09:25:42,774] {processor.py:641} INFO - Processing file /root/Documentos/airflow/venv/lib/python3.9/site-packages/airflow/example_dags/example_branch_python_dop_operator_3.py for tasks to queue
[2024-10-26 09:25:42,774] {logging_mixin.py:115} INFO - [2024-10-26 09:25:42,774] {dagbag.py:507} INFO - Filling up the DagBag from /root/Documentos/airflow/venv/lib/python3.9/site-packages/airflow/example_dags/example_branch_python_dop_operator_3.py
[2024-10-26 09:25:42,780] {processor.py:651} INFO - DAG(s) dict_keys(['example_branch_dop_operator_v3']) retrieved from /root/Documentos/airflow/venv/lib/python3.9/site-packages/airflow/example_dags/example_branch_python_dop_operator_3.py
[2024-10-26 09:25:42,791] {logging_mixin.py:115} INFO - [2024-10-26 09:25:42,791] {dag.py:2379} INFO - Sync 1 DAGs
[2024-10-26 09:25:42,804] {logging_mixin.py:115} INFO - [2024-10-26 09:25:42,804] {dag.py:2927} INFO - Setting next_dagrun for example_branch_dop_operator_v3 to 2024-10-26T12:24:00+00:00, run_after=2024-10-26T12:25:00+00:00
[2024-10-26 09:25:42,817] {processor.py:161} INFO - Processing /root/Documentos/airflow/venv/lib/python3.9/site-packages/airflow/example_dags/example_branch_python_dop_operator_3.py took 0.050 seconds
[2024-10-26 09:26:15,162] {processor.py:153} INFO - Started process (PID=10646) to work on /root/Documentos/airflow/venv/lib/python3.9/site-packages/airflow/example_dags/example_branch_python_dop_operator_3.py
[2024-10-26 09:26:15,168] {processor.py:641} INFO - Processing file /root/Documentos/airflow/venv/lib/python3.9/site-packages/airflow/example_dags/example_branch_python_dop_operator_3.py for tasks to queue
[2024-10-26 09:26:15,168] {logging_mixin.py:115} INFO - [2024-10-26 09:26:15,168] {dagbag.py:507} INFO - Filling up the DagBag from /root/Documentos/airflow/venv/lib/python3.9/site-packages/airflow/example_dags/example_branch_python_dop_operator_3.py
[2024-10-26 09:26:15,173] {processor.py:651} INFO - DAG(s) dict_keys(['example_branch_dop_operator_v3']) retrieved from /root/Documentos/airflow/venv/lib/python3.9/site-packages/airflow/example_dags/example_branch_python_dop_operator_3.py
[2024-10-26 09:26:15,181] {logging_mixin.py:115} INFO - [2024-10-26 09:26:15,181] {dag.py:2379} INFO - Sync 1 DAGs
[2024-10-26 09:26:15,194] {logging_mixin.py:115} INFO - [2024-10-26 09:26:15,194] {dag.py:2927} INFO - Setting next_dagrun for example_branch_dop_operator_v3 to 2024-10-26T12:25:00+00:00, run_after=2024-10-26T12:26:00+00:00
[2024-10-26 09:26:15,208] {processor.py:161} INFO - Processing /root/Documentos/airflow/venv/lib/python3.9/site-packages/airflow/example_dags/example_branch_python_dop_operator_3.py took 0.047 seconds
[2024-10-26 09:26:48,856] {processor.py:153} INFO - Started process (PID=10809) to work on /root/Documentos/airflow/venv/lib/python3.9/site-packages/airflow/example_dags/example_branch_python_dop_operator_3.py
[2024-10-26 09:26:48,857] {processor.py:641} INFO - Processing file /root/Documentos/airflow/venv/lib/python3.9/site-packages/airflow/example_dags/example_branch_python_dop_operator_3.py for tasks to queue
[2024-10-26 09:26:48,857] {logging_mixin.py:115} INFO - [2024-10-26 09:26:48,857] {dagbag.py:507} INFO - Filling up the DagBag from /root/Documentos/airflow/venv/lib/python3.9/site-packages/airflow/example_dags/example_branch_python_dop_operator_3.py
[2024-10-26 09:26:48,862] {processor.py:651} INFO - DAG(s) dict_keys(['example_branch_dop_operator_v3']) retrieved from /root/Documentos/airflow/venv/lib/python3.9/site-packages/airflow/example_dags/example_branch_python_dop_operator_3.py
[2024-10-26 09:26:48,870] {logging_mixin.py:115} INFO - [2024-10-26 09:26:48,870] {dag.py:2379} INFO - Sync 1 DAGs
[2024-10-26 09:26:48,883] {logging_mixin.py:115} INFO - [2024-10-26 09:26:48,883] {dag.py:2927} INFO - Setting next_dagrun for example_branch_dop_operator_v3 to 2024-10-26T12:25:00+00:00, run_after=2024-10-26T12:26:00+00:00
[2024-10-26 09:26:48,895] {processor.py:161} INFO - Processing /root/Documentos/airflow/venv/lib/python3.9/site-packages/airflow/example_dags/example_branch_python_dop_operator_3.py took 0.041 seconds
[2024-10-26 09:27:21,615] {processor.py:153} INFO - Started process (PID=10968) to work on /root/Documentos/airflow/venv/lib/python3.9/site-packages/airflow/example_dags/example_branch_python_dop_operator_3.py
[2024-10-26 09:27:21,622] {processor.py:641} INFO - Processing file /root/Documentos/airflow/venv/lib/python3.9/site-packages/airflow/example_dags/example_branch_python_dop_operator_3.py for tasks to queue
[2024-10-26 09:27:21,622] {logging_mixin.py:115} INFO - [2024-10-26 09:27:21,622] {dagbag.py:507} INFO - Filling up the DagBag from /root/Documentos/airflow/venv/lib/python3.9/site-packages/airflow/example_dags/example_branch_python_dop_operator_3.py
[2024-10-26 09:27:21,627] {processor.py:651} INFO - DAG(s) dict_keys(['example_branch_dop_operator_v3']) retrieved from /root/Documentos/airflow/venv/lib/python3.9/site-packages/airflow/example_dags/example_branch_python_dop_operator_3.py
[2024-10-26 09:27:21,635] {logging_mixin.py:115} INFO - [2024-10-26 09:27:21,635] {dag.py:2379} INFO - Sync 1 DAGs
[2024-10-26 09:27:21,648] {logging_mixin.py:115} INFO - [2024-10-26 09:27:21,648] {dag.py:2927} INFO - Setting next_dagrun for example_branch_dop_operator_v3 to 2024-10-26T12:26:00+00:00, run_after=2024-10-26T12:27:00+00:00
[2024-10-26 09:27:21,662] {processor.py:161} INFO - Processing /root/Documentos/airflow/venv/lib/python3.9/site-packages/airflow/example_dags/example_branch_python_dop_operator_3.py took 0.048 seconds
[2024-10-26 09:27:53,940] {processor.py:153} INFO - Started process (PID=11131) to work on /root/Documentos/airflow/venv/lib/python3.9/site-packages/airflow/example_dags/example_branch_python_dop_operator_3.py
[2024-10-26 09:27:53,942] {processor.py:641} INFO - Processing file /root/Documentos/airflow/venv/lib/python3.9/site-packages/airflow/example_dags/example_branch_python_dop_operator_3.py for tasks to queue
[2024-10-26 09:27:53,942] {logging_mixin.py:115} INFO - [2024-10-26 09:27:53,942] {dagbag.py:507} INFO - Filling up the DagBag from /root/Documentos/airflow/venv/lib/python3.9/site-packages/airflow/example_dags/example_branch_python_dop_operator_3.py
[2024-10-26 09:27:53,946] {processor.py:651} INFO - DAG(s) dict_keys(['example_branch_dop_operator_v3']) retrieved from /root/Documentos/airflow/venv/lib/python3.9/site-packages/airflow/example_dags/example_branch_python_dop_operator_3.py
[2024-10-26 09:27:53,955] {logging_mixin.py:115} INFO - [2024-10-26 09:27:53,955] {dag.py:2379} INFO - Sync 1 DAGs
[2024-10-26 09:27:53,968] {logging_mixin.py:115} INFO - [2024-10-26 09:27:53,968] {dag.py:2927} INFO - Setting next_dagrun for example_branch_dop_operator_v3 to 2024-10-26T12:26:00+00:00, run_after=2024-10-26T12:27:00+00:00
[2024-10-26 09:27:53,979] {processor.py:161} INFO - Processing /root/Documentos/airflow/venv/lib/python3.9/site-packages/airflow/example_dags/example_branch_python_dop_operator_3.py took 0.040 seconds
[2024-10-26 09:28:27,386] {processor.py:153} INFO - Started process (PID=11295) to work on /root/Documentos/airflow/venv/lib/python3.9/site-packages/airflow/example_dags/example_branch_python_dop_operator_3.py
[2024-10-26 09:28:27,393] {processor.py:641} INFO - Processing file /root/Documentos/airflow/venv/lib/python3.9/site-packages/airflow/example_dags/example_branch_python_dop_operator_3.py for tasks to queue
[2024-10-26 09:28:27,394] {logging_mixin.py:115} INFO - [2024-10-26 09:28:27,394] {dagbag.py:507} INFO - Filling up the DagBag from /root/Documentos/airflow/venv/lib/python3.9/site-packages/airflow/example_dags/example_branch_python_dop_operator_3.py
[2024-10-26 09:28:27,398] {processor.py:651} INFO - DAG(s) dict_keys(['example_branch_dop_operator_v3']) retrieved from /root/Documentos/airflow/venv/lib/python3.9/site-packages/airflow/example_dags/example_branch_python_dop_operator_3.py
[2024-10-26 09:28:27,407] {logging_mixin.py:115} INFO - [2024-10-26 09:28:27,407] {dag.py:2379} INFO - Sync 1 DAGs
[2024-10-26 09:28:27,420] {logging_mixin.py:115} INFO - [2024-10-26 09:28:27,420] {dag.py:2927} INFO - Setting next_dagrun for example_branch_dop_operator_v3 to 2024-10-26T12:27:00+00:00, run_after=2024-10-26T12:28:00+00:00
[2024-10-26 09:28:27,435] {processor.py:161} INFO - Processing /root/Documentos/airflow/venv/lib/python3.9/site-packages/airflow/example_dags/example_branch_python_dop_operator_3.py took 0.050 seconds
[2024-10-26 09:37:50,649] {processor.py:153} INFO - Started process (PID=948) to work on /root/Documentos/airflow/venv/lib/python3.9/site-packages/airflow/example_dags/example_branch_python_dop_operator_3.py
[2024-10-26 09:37:50,650] {processor.py:641} INFO - Processing file /root/Documentos/airflow/venv/lib/python3.9/site-packages/airflow/example_dags/example_branch_python_dop_operator_3.py for tasks to queue
[2024-10-26 09:37:50,651] {logging_mixin.py:115} INFO - [2024-10-26 09:37:50,651] {dagbag.py:507} INFO - Filling up the DagBag from /root/Documentos/airflow/venv/lib/python3.9/site-packages/airflow/example_dags/example_branch_python_dop_operator_3.py
[2024-10-26 09:37:50,656] {processor.py:651} INFO - DAG(s) dict_keys(['example_branch_dop_operator_v3']) retrieved from /root/Documentos/airflow/venv/lib/python3.9/site-packages/airflow/example_dags/example_branch_python_dop_operator_3.py
[2024-10-26 09:37:50,665] {logging_mixin.py:115} INFO - [2024-10-26 09:37:50,665] {dag.py:2379} INFO - Sync 1 DAGs
[2024-10-26 09:37:50,680] {logging_mixin.py:115} INFO - [2024-10-26 09:37:50,679] {dag.py:2927} INFO - Setting next_dagrun for example_branch_dop_operator_v3 to 2024-10-26T12:36:00+00:00, run_after=2024-10-26T12:37:00+00:00
[2024-10-26 09:37:50,692] {processor.py:161} INFO - Processing /root/Documentos/airflow/venv/lib/python3.9/site-packages/airflow/example_dags/example_branch_python_dop_operator_3.py took 0.044 seconds
[2024-10-26 09:38:22,049] {processor.py:153} INFO - Started process (PID=1105) to work on /root/Documentos/airflow/venv/lib/python3.9/site-packages/airflow/example_dags/example_branch_python_dop_operator_3.py
[2024-10-26 09:38:22,053] {processor.py:641} INFO - Processing file /root/Documentos/airflow/venv/lib/python3.9/site-packages/airflow/example_dags/example_branch_python_dop_operator_3.py for tasks to queue
[2024-10-26 09:38:22,053] {logging_mixin.py:115} INFO - [2024-10-26 09:38:22,053] {dagbag.py:507} INFO - Filling up the DagBag from /root/Documentos/airflow/venv/lib/python3.9/site-packages/airflow/example_dags/example_branch_python_dop_operator_3.py
[2024-10-26 09:38:22,058] {processor.py:651} INFO - DAG(s) dict_keys(['example_branch_dop_operator_v3']) retrieved from /root/Documentos/airflow/venv/lib/python3.9/site-packages/airflow/example_dags/example_branch_python_dop_operator_3.py
[2024-10-26 09:38:22,066] {logging_mixin.py:115} INFO - [2024-10-26 09:38:22,066] {dag.py:2379} INFO - Sync 1 DAGs
[2024-10-26 09:38:22,080] {logging_mixin.py:115} INFO - [2024-10-26 09:38:22,080] {dag.py:2927} INFO - Setting next_dagrun for example_branch_dop_operator_v3 to 2024-10-26T12:37:00+00:00, run_after=2024-10-26T12:38:00+00:00
[2024-10-26 09:38:22,092] {processor.py:161} INFO - Processing /root/Documentos/airflow/venv/lib/python3.9/site-packages/airflow/example_dags/example_branch_python_dop_operator_3.py took 0.044 seconds
[2024-10-26 09:38:55,813] {processor.py:153} INFO - Started process (PID=1271) to work on /root/Documentos/airflow/venv/lib/python3.9/site-packages/airflow/example_dags/example_branch_python_dop_operator_3.py
[2024-10-26 09:38:55,820] {processor.py:641} INFO - Processing file /root/Documentos/airflow/venv/lib/python3.9/site-packages/airflow/example_dags/example_branch_python_dop_operator_3.py for tasks to queue
[2024-10-26 09:38:55,820] {logging_mixin.py:115} INFO - [2024-10-26 09:38:55,820] {dagbag.py:507} INFO - Filling up the DagBag from /root/Documentos/airflow/venv/lib/python3.9/site-packages/airflow/example_dags/example_branch_python_dop_operator_3.py
[2024-10-26 09:38:55,825] {processor.py:651} INFO - DAG(s) dict_keys(['example_branch_dop_operator_v3']) retrieved from /root/Documentos/airflow/venv/lib/python3.9/site-packages/airflow/example_dags/example_branch_python_dop_operator_3.py
[2024-10-26 09:38:55,834] {logging_mixin.py:115} INFO - [2024-10-26 09:38:55,834] {dag.py:2379} INFO - Sync 1 DAGs
[2024-10-26 09:38:55,849] {logging_mixin.py:115} INFO - [2024-10-26 09:38:55,849] {dag.py:2927} INFO - Setting next_dagrun for example_branch_dop_operator_v3 to 2024-10-26T12:37:00+00:00, run_after=2024-10-26T12:38:00+00:00
[2024-10-26 09:38:55,862] {processor.py:161} INFO - Processing /root/Documentos/airflow/venv/lib/python3.9/site-packages/airflow/example_dags/example_branch_python_dop_operator_3.py took 0.051 seconds
[2024-10-26 09:39:30,021] {processor.py:153} INFO - Started process (PID=1437) to work on /root/Documentos/airflow/venv/lib/python3.9/site-packages/airflow/example_dags/example_branch_python_dop_operator_3.py
[2024-10-26 09:39:30,022] {processor.py:641} INFO - Processing file /root/Documentos/airflow/venv/lib/python3.9/site-packages/airflow/example_dags/example_branch_python_dop_operator_3.py for tasks to queue
[2024-10-26 09:39:30,022] {logging_mixin.py:115} INFO - [2024-10-26 09:39:30,022] {dagbag.py:507} INFO - Filling up the DagBag from /root/Documentos/airflow/venv/lib/python3.9/site-packages/airflow/example_dags/example_branch_python_dop_operator_3.py
[2024-10-26 09:39:30,028] {processor.py:651} INFO - DAG(s) dict_keys(['example_branch_dop_operator_v3']) retrieved from /root/Documentos/airflow/venv/lib/python3.9/site-packages/airflow/example_dags/example_branch_python_dop_operator_3.py
[2024-10-26 09:39:30,036] {logging_mixin.py:115} INFO - [2024-10-26 09:39:30,035] {dag.py:2379} INFO - Sync 1 DAGs
[2024-10-26 09:39:30,048] {logging_mixin.py:115} INFO - [2024-10-26 09:39:30,048] {dag.py:2927} INFO - Setting next_dagrun for example_branch_dop_operator_v3 to 2024-10-26T12:38:00+00:00, run_after=2024-10-26T12:39:00+00:00
[2024-10-26 09:39:30,063] {processor.py:161} INFO - Processing /root/Documentos/airflow/venv/lib/python3.9/site-packages/airflow/example_dags/example_branch_python_dop_operator_3.py took 0.043 seconds
[2024-10-26 09:40:01,777] {processor.py:153} INFO - Started process (PID=1591) to work on /root/Documentos/airflow/venv/lib/python3.9/site-packages/airflow/example_dags/example_branch_python_dop_operator_3.py
[2024-10-26 09:40:01,778] {processor.py:641} INFO - Processing file /root/Documentos/airflow/venv/lib/python3.9/site-packages/airflow/example_dags/example_branch_python_dop_operator_3.py for tasks to queue
[2024-10-26 09:40:01,779] {logging_mixin.py:115} INFO - [2024-10-26 09:40:01,779] {dagbag.py:507} INFO - Filling up the DagBag from /root/Documentos/airflow/venv/lib/python3.9/site-packages/airflow/example_dags/example_branch_python_dop_operator_3.py
[2024-10-26 09:40:01,784] {processor.py:651} INFO - DAG(s) dict_keys(['example_branch_dop_operator_v3']) retrieved from /root/Documentos/airflow/venv/lib/python3.9/site-packages/airflow/example_dags/example_branch_python_dop_operator_3.py
[2024-10-26 09:40:01,792] {logging_mixin.py:115} INFO - [2024-10-26 09:40:01,792] {dag.py:2379} INFO - Sync 1 DAGs
[2024-10-26 09:40:01,805] {logging_mixin.py:115} INFO - [2024-10-26 09:40:01,805] {dag.py:2927} INFO - Setting next_dagrun for example_branch_dop_operator_v3 to 2024-10-26T12:39:00+00:00, run_after=2024-10-26T12:40:00+00:00
[2024-10-26 09:40:01,818] {processor.py:161} INFO - Processing /root/Documentos/airflow/venv/lib/python3.9/site-packages/airflow/example_dags/example_branch_python_dop_operator_3.py took 0.043 seconds
[2024-10-26 09:40:36,728] {processor.py:153} INFO - Started process (PID=1759) to work on /root/Documentos/airflow/venv/lib/python3.9/site-packages/airflow/example_dags/example_branch_python_dop_operator_3.py
[2024-10-26 09:40:36,733] {processor.py:641} INFO - Processing file /root/Documentos/airflow/venv/lib/python3.9/site-packages/airflow/example_dags/example_branch_python_dop_operator_3.py for tasks to queue
[2024-10-26 09:40:36,733] {logging_mixin.py:115} INFO - [2024-10-26 09:40:36,733] {dagbag.py:507} INFO - Filling up the DagBag from /root/Documentos/airflow/venv/lib/python3.9/site-packages/airflow/example_dags/example_branch_python_dop_operator_3.py
[2024-10-26 09:40:36,738] {processor.py:651} INFO - DAG(s) dict_keys(['example_branch_dop_operator_v3']) retrieved from /root/Documentos/airflow/venv/lib/python3.9/site-packages/airflow/example_dags/example_branch_python_dop_operator_3.py
[2024-10-26 09:40:36,746] {logging_mixin.py:115} INFO - [2024-10-26 09:40:36,746] {dag.py:2379} INFO - Sync 1 DAGs
[2024-10-26 09:40:36,759] {logging_mixin.py:115} INFO - [2024-10-26 09:40:36,759] {dag.py:2927} INFO - Setting next_dagrun for example_branch_dop_operator_v3 to 2024-10-26T12:39:00+00:00, run_after=2024-10-26T12:40:00+00:00
[2024-10-26 09:40:36,774] {processor.py:161} INFO - Processing /root/Documentos/airflow/venv/lib/python3.9/site-packages/airflow/example_dags/example_branch_python_dop_operator_3.py took 0.048 seconds
[2024-10-26 09:41:10,029] {processor.py:153} INFO - Started process (PID=1920) to work on /root/Documentos/airflow/venv/lib/python3.9/site-packages/airflow/example_dags/example_branch_python_dop_operator_3.py
[2024-10-26 09:41:10,035] {processor.py:641} INFO - Processing file /root/Documentos/airflow/venv/lib/python3.9/site-packages/airflow/example_dags/example_branch_python_dop_operator_3.py for tasks to queue
[2024-10-26 09:41:10,035] {logging_mixin.py:115} INFO - [2024-10-26 09:41:10,035] {dagbag.py:507} INFO - Filling up the DagBag from /root/Documentos/airflow/venv/lib/python3.9/site-packages/airflow/example_dags/example_branch_python_dop_operator_3.py
[2024-10-26 09:41:10,041] {processor.py:651} INFO - DAG(s) dict_keys(['example_branch_dop_operator_v3']) retrieved from /root/Documentos/airflow/venv/lib/python3.9/site-packages/airflow/example_dags/example_branch_python_dop_operator_3.py
[2024-10-26 09:41:10,050] {logging_mixin.py:115} INFO - [2024-10-26 09:41:10,050] {dag.py:2379} INFO - Sync 1 DAGs
[2024-10-26 09:41:10,065] {logging_mixin.py:115} INFO - [2024-10-26 09:41:10,065] {dag.py:2927} INFO - Setting next_dagrun for example_branch_dop_operator_v3 to 2024-10-26T12:40:00+00:00, run_after=2024-10-26T12:41:00+00:00
[2024-10-26 09:41:10,077] {processor.py:161} INFO - Processing /root/Documentos/airflow/venv/lib/python3.9/site-packages/airflow/example_dags/example_branch_python_dop_operator_3.py took 0.049 seconds
[2024-10-26 09:41:43,676] {processor.py:153} INFO - Started process (PID=2084) to work on /root/Documentos/airflow/venv/lib/python3.9/site-packages/airflow/example_dags/example_branch_python_dop_operator_3.py
[2024-10-26 09:41:43,677] {processor.py:641} INFO - Processing file /root/Documentos/airflow/venv/lib/python3.9/site-packages/airflow/example_dags/example_branch_python_dop_operator_3.py for tasks to queue
[2024-10-26 09:41:43,678] {logging_mixin.py:115} INFO - [2024-10-26 09:41:43,678] {dagbag.py:507} INFO - Filling up the DagBag from /root/Documentos/airflow/venv/lib/python3.9/site-packages/airflow/example_dags/example_branch_python_dop_operator_3.py
[2024-10-26 09:41:43,683] {processor.py:651} INFO - DAG(s) dict_keys(['example_branch_dop_operator_v3']) retrieved from /root/Documentos/airflow/venv/lib/python3.9/site-packages/airflow/example_dags/example_branch_python_dop_operator_3.py
[2024-10-26 09:41:43,691] {logging_mixin.py:115} INFO - [2024-10-26 09:41:43,691] {dag.py:2379} INFO - Sync 1 DAGs
[2024-10-26 09:41:43,704] {logging_mixin.py:115} INFO - [2024-10-26 09:41:43,704] {dag.py:2927} INFO - Setting next_dagrun for example_branch_dop_operator_v3 to 2024-10-26T12:40:00+00:00, run_after=2024-10-26T12:41:00+00:00
[2024-10-26 09:41:43,716] {processor.py:161} INFO - Processing /root/Documentos/airflow/venv/lib/python3.9/site-packages/airflow/example_dags/example_branch_python_dop_operator_3.py took 0.041 seconds
[2024-10-26 09:42:17,017] {processor.py:153} INFO - Started process (PID=2244) to work on /root/Documentos/airflow/venv/lib/python3.9/site-packages/airflow/example_dags/example_branch_python_dop_operator_3.py
[2024-10-26 09:42:17,018] {processor.py:641} INFO - Processing file /root/Documentos/airflow/venv/lib/python3.9/site-packages/airflow/example_dags/example_branch_python_dop_operator_3.py for tasks to queue
[2024-10-26 09:42:17,018] {logging_mixin.py:115} INFO - [2024-10-26 09:42:17,018] {dagbag.py:507} INFO - Filling up the DagBag from /root/Documentos/airflow/venv/lib/python3.9/site-packages/airflow/example_dags/example_branch_python_dop_operator_3.py
[2024-10-26 09:42:17,023] {processor.py:651} INFO - DAG(s) dict_keys(['example_branch_dop_operator_v3']) retrieved from /root/Documentos/airflow/venv/lib/python3.9/site-packages/airflow/example_dags/example_branch_python_dop_operator_3.py
[2024-10-26 09:42:17,031] {logging_mixin.py:115} INFO - [2024-10-26 09:42:17,031] {dag.py:2379} INFO - Sync 1 DAGs
[2024-10-26 09:42:17,045] {logging_mixin.py:115} INFO - [2024-10-26 09:42:17,045] {dag.py:2927} INFO - Setting next_dagrun for example_branch_dop_operator_v3 to 2024-10-26T12:41:00+00:00, run_after=2024-10-26T12:42:00+00:00
[2024-10-26 09:42:17,058] {processor.py:161} INFO - Processing /root/Documentos/airflow/venv/lib/python3.9/site-packages/airflow/example_dags/example_branch_python_dop_operator_3.py took 0.042 seconds
[2024-10-26 09:42:49,261] {processor.py:153} INFO - Started process (PID=2401) to work on /root/Documentos/airflow/venv/lib/python3.9/site-packages/airflow/example_dags/example_branch_python_dop_operator_3.py
[2024-10-26 09:42:49,268] {processor.py:641} INFO - Processing file /root/Documentos/airflow/venv/lib/python3.9/site-packages/airflow/example_dags/example_branch_python_dop_operator_3.py for tasks to queue
[2024-10-26 09:42:49,268] {logging_mixin.py:115} INFO - [2024-10-26 09:42:49,268] {dagbag.py:507} INFO - Filling up the DagBag from /root/Documentos/airflow/venv/lib/python3.9/site-packages/airflow/example_dags/example_branch_python_dop_operator_3.py
[2024-10-26 09:42:49,273] {processor.py:651} INFO - DAG(s) dict_keys(['example_branch_dop_operator_v3']) retrieved from /root/Documentos/airflow/venv/lib/python3.9/site-packages/airflow/example_dags/example_branch_python_dop_operator_3.py
[2024-10-26 09:42:49,281] {logging_mixin.py:115} INFO - [2024-10-26 09:42:49,281] {dag.py:2379} INFO - Sync 1 DAGs
[2024-10-26 09:42:49,294] {logging_mixin.py:115} INFO - [2024-10-26 09:42:49,294] {dag.py:2927} INFO - Setting next_dagrun for example_branch_dop_operator_v3 to 2024-10-26T12:41:00+00:00, run_after=2024-10-26T12:42:00+00:00
[2024-10-26 09:42:49,305] {processor.py:161} INFO - Processing /root/Documentos/airflow/venv/lib/python3.9/site-packages/airflow/example_dags/example_branch_python_dop_operator_3.py took 0.046 seconds
[2024-10-26 09:43:21,192] {processor.py:153} INFO - Started process (PID=2556) to work on /root/Documentos/airflow/venv/lib/python3.9/site-packages/airflow/example_dags/example_branch_python_dop_operator_3.py
[2024-10-26 09:43:21,192] {processor.py:641} INFO - Processing file /root/Documentos/airflow/venv/lib/python3.9/site-packages/airflow/example_dags/example_branch_python_dop_operator_3.py for tasks to queue
[2024-10-26 09:43:21,192] {logging_mixin.py:115} INFO - [2024-10-26 09:43:21,192] {dagbag.py:507} INFO - Filling up the DagBag from /root/Documentos/airflow/venv/lib/python3.9/site-packages/airflow/example_dags/example_branch_python_dop_operator_3.py
[2024-10-26 09:43:21,197] {processor.py:651} INFO - DAG(s) dict_keys(['example_branch_dop_operator_v3']) retrieved from /root/Documentos/airflow/venv/lib/python3.9/site-packages/airflow/example_dags/example_branch_python_dop_operator_3.py
[2024-10-26 09:43:21,205] {logging_mixin.py:115} INFO - [2024-10-26 09:43:21,205] {dag.py:2379} INFO - Sync 1 DAGs
[2024-10-26 09:43:21,217] {logging_mixin.py:115} INFO - [2024-10-26 09:43:21,217] {dag.py:2927} INFO - Setting next_dagrun for example_branch_dop_operator_v3 to 2024-10-26T12:42:00+00:00, run_after=2024-10-26T12:43:00+00:00
[2024-10-26 09:43:21,232] {processor.py:161} INFO - Processing /root/Documentos/airflow/venv/lib/python3.9/site-packages/airflow/example_dags/example_branch_python_dop_operator_3.py took 0.041 seconds
[2024-10-26 09:43:52,659] {processor.py:153} INFO - Started process (PID=2707) to work on /root/Documentos/airflow/venv/lib/python3.9/site-packages/airflow/example_dags/example_branch_python_dop_operator_3.py
[2024-10-26 09:43:52,660] {processor.py:641} INFO - Processing file /root/Documentos/airflow/venv/lib/python3.9/site-packages/airflow/example_dags/example_branch_python_dop_operator_3.py for tasks to queue
[2024-10-26 09:43:52,660] {logging_mixin.py:115} INFO - [2024-10-26 09:43:52,660] {dagbag.py:507} INFO - Filling up the DagBag from /root/Documentos/airflow/venv/lib/python3.9/site-packages/airflow/example_dags/example_branch_python_dop_operator_3.py
[2024-10-26 09:43:52,665] {processor.py:651} INFO - DAG(s) dict_keys(['example_branch_dop_operator_v3']) retrieved from /root/Documentos/airflow/venv/lib/python3.9/site-packages/airflow/example_dags/example_branch_python_dop_operator_3.py
[2024-10-26 09:43:52,673] {logging_mixin.py:115} INFO - [2024-10-26 09:43:52,673] {dag.py:2379} INFO - Sync 1 DAGs
[2024-10-26 09:43:52,686] {logging_mixin.py:115} INFO - [2024-10-26 09:43:52,686] {dag.py:2927} INFO - Setting next_dagrun for example_branch_dop_operator_v3 to 2024-10-26T12:42:00+00:00, run_after=2024-10-26T12:43:00+00:00
[2024-10-26 09:43:52,705] {processor.py:161} INFO - Processing /root/Documentos/airflow/venv/lib/python3.9/site-packages/airflow/example_dags/example_branch_python_dop_operator_3.py took 0.047 seconds
[2024-10-26 09:44:24,231] {processor.py:153} INFO - Started process (PID=2861) to work on /root/Documentos/airflow/venv/lib/python3.9/site-packages/airflow/example_dags/example_branch_python_dop_operator_3.py
[2024-10-26 09:44:24,235] {processor.py:641} INFO - Processing file /root/Documentos/airflow/venv/lib/python3.9/site-packages/airflow/example_dags/example_branch_python_dop_operator_3.py for tasks to queue
[2024-10-26 09:44:24,236] {logging_mixin.py:115} INFO - [2024-10-26 09:44:24,236] {dagbag.py:507} INFO - Filling up the DagBag from /root/Documentos/airflow/venv/lib/python3.9/site-packages/airflow/example_dags/example_branch_python_dop_operator_3.py
[2024-10-26 09:44:24,241] {processor.py:651} INFO - DAG(s) dict_keys(['example_branch_dop_operator_v3']) retrieved from /root/Documentos/airflow/venv/lib/python3.9/site-packages/airflow/example_dags/example_branch_python_dop_operator_3.py
[2024-10-26 09:44:24,250] {logging_mixin.py:115} INFO - [2024-10-26 09:44:24,250] {dag.py:2379} INFO - Sync 1 DAGs
[2024-10-26 09:44:24,265] {logging_mixin.py:115} INFO - [2024-10-26 09:44:24,265] {dag.py:2927} INFO - Setting next_dagrun for example_branch_dop_operator_v3 to 2024-10-26T12:43:00+00:00, run_after=2024-10-26T12:44:00+00:00
[2024-10-26 09:44:24,278] {processor.py:161} INFO - Processing /root/Documentos/airflow/venv/lib/python3.9/site-packages/airflow/example_dags/example_branch_python_dop_operator_3.py took 0.049 seconds
[2024-10-26 09:44:58,049] {processor.py:153} INFO - Started process (PID=3025) to work on /root/Documentos/airflow/venv/lib/python3.9/site-packages/airflow/example_dags/example_branch_python_dop_operator_3.py
[2024-10-26 09:44:58,050] {processor.py:641} INFO - Processing file /root/Documentos/airflow/venv/lib/python3.9/site-packages/airflow/example_dags/example_branch_python_dop_operator_3.py for tasks to queue
[2024-10-26 09:44:58,050] {logging_mixin.py:115} INFO - [2024-10-26 09:44:58,050] {dagbag.py:507} INFO - Filling up the DagBag from /root/Documentos/airflow/venv/lib/python3.9/site-packages/airflow/example_dags/example_branch_python_dop_operator_3.py
[2024-10-26 09:44:58,054] {processor.py:651} INFO - DAG(s) dict_keys(['example_branch_dop_operator_v3']) retrieved from /root/Documentos/airflow/venv/lib/python3.9/site-packages/airflow/example_dags/example_branch_python_dop_operator_3.py
[2024-10-26 09:44:58,063] {logging_mixin.py:115} INFO - [2024-10-26 09:44:58,063] {dag.py:2379} INFO - Sync 1 DAGs
[2024-10-26 09:44:58,076] {logging_mixin.py:115} INFO - [2024-10-26 09:44:58,076] {dag.py:2927} INFO - Setting next_dagrun for example_branch_dop_operator_v3 to 2024-10-26T12:43:00+00:00, run_after=2024-10-26T12:44:00+00:00
[2024-10-26 09:44:58,089] {processor.py:161} INFO - Processing /root/Documentos/airflow/venv/lib/python3.9/site-packages/airflow/example_dags/example_branch_python_dop_operator_3.py took 0.041 seconds
[2024-10-26 09:45:31,567] {processor.py:153} INFO - Started process (PID=3187) to work on /root/Documentos/airflow/venv/lib/python3.9/site-packages/airflow/example_dags/example_branch_python_dop_operator_3.py
[2024-10-26 09:45:31,572] {processor.py:641} INFO - Processing file /root/Documentos/airflow/venv/lib/python3.9/site-packages/airflow/example_dags/example_branch_python_dop_operator_3.py for tasks to queue
[2024-10-26 09:45:31,573] {logging_mixin.py:115} INFO - [2024-10-26 09:45:31,573] {dagbag.py:507} INFO - Filling up the DagBag from /root/Documentos/airflow/venv/lib/python3.9/site-packages/airflow/example_dags/example_branch_python_dop_operator_3.py
[2024-10-26 09:45:31,578] {processor.py:651} INFO - DAG(s) dict_keys(['example_branch_dop_operator_v3']) retrieved from /root/Documentos/airflow/venv/lib/python3.9/site-packages/airflow/example_dags/example_branch_python_dop_operator_3.py
[2024-10-26 09:45:31,586] {logging_mixin.py:115} INFO - [2024-10-26 09:45:31,586] {dag.py:2379} INFO - Sync 1 DAGs
[2024-10-26 09:45:31,598] {logging_mixin.py:115} INFO - [2024-10-26 09:45:31,598] {dag.py:2927} INFO - Setting next_dagrun for example_branch_dop_operator_v3 to 2024-10-26T12:44:00+00:00, run_after=2024-10-26T12:45:00+00:00
[2024-10-26 09:45:31,612] {processor.py:161} INFO - Processing /root/Documentos/airflow/venv/lib/python3.9/site-packages/airflow/example_dags/example_branch_python_dop_operator_3.py took 0.046 seconds
[2024-10-26 09:46:03,973] {processor.py:153} INFO - Started process (PID=3343) to work on /root/Documentos/airflow/venv/lib/python3.9/site-packages/airflow/example_dags/example_branch_python_dop_operator_3.py
[2024-10-26 09:46:03,973] {processor.py:641} INFO - Processing file /root/Documentos/airflow/venv/lib/python3.9/site-packages/airflow/example_dags/example_branch_python_dop_operator_3.py for tasks to queue
[2024-10-26 09:46:03,973] {logging_mixin.py:115} INFO - [2024-10-26 09:46:03,973] {dagbag.py:507} INFO - Filling up the DagBag from /root/Documentos/airflow/venv/lib/python3.9/site-packages/airflow/example_dags/example_branch_python_dop_operator_3.py
[2024-10-26 09:46:03,978] {processor.py:651} INFO - DAG(s) dict_keys(['example_branch_dop_operator_v3']) retrieved from /root/Documentos/airflow/venv/lib/python3.9/site-packages/airflow/example_dags/example_branch_python_dop_operator_3.py
[2024-10-26 09:46:03,986] {logging_mixin.py:115} INFO - [2024-10-26 09:46:03,986] {dag.py:2379} INFO - Sync 1 DAGs
[2024-10-26 09:46:03,999] {logging_mixin.py:115} INFO - [2024-10-26 09:46:03,999] {dag.py:2927} INFO - Setting next_dagrun for example_branch_dop_operator_v3 to 2024-10-26T12:45:00+00:00, run_after=2024-10-26T12:46:00+00:00
[2024-10-26 09:46:04,013] {processor.py:161} INFO - Processing /root/Documentos/airflow/venv/lib/python3.9/site-packages/airflow/example_dags/example_branch_python_dop_operator_3.py took 0.042 seconds
[2024-10-26 09:46:36,671] {processor.py:153} INFO - Started process (PID=3579) to work on /root/Documentos/airflow/venv/lib/python3.9/site-packages/airflow/example_dags/example_branch_python_dop_operator_3.py
[2024-10-26 09:46:36,673] {processor.py:641} INFO - Processing file /root/Documentos/airflow/venv/lib/python3.9/site-packages/airflow/example_dags/example_branch_python_dop_operator_3.py for tasks to queue
[2024-10-26 09:46:36,673] {logging_mixin.py:115} INFO - [2024-10-26 09:46:36,673] {dagbag.py:507} INFO - Filling up the DagBag from /root/Documentos/airflow/venv/lib/python3.9/site-packages/airflow/example_dags/example_branch_python_dop_operator_3.py
[2024-10-26 09:46:36,680] {processor.py:651} INFO - DAG(s) dict_keys(['example_branch_dop_operator_v3']) retrieved from /root/Documentos/airflow/venv/lib/python3.9/site-packages/airflow/example_dags/example_branch_python_dop_operator_3.py
[2024-10-26 09:46:36,688] {logging_mixin.py:115} INFO - [2024-10-26 09:46:36,688] {dag.py:2379} INFO - Sync 1 DAGs
[2024-10-26 09:46:36,701] {logging_mixin.py:115} INFO - [2024-10-26 09:46:36,701] {dag.py:2927} INFO - Setting next_dagrun for example_branch_dop_operator_v3 to 2024-10-26T12:45:00+00:00, run_after=2024-10-26T12:46:00+00:00
[2024-10-26 09:46:36,714] {processor.py:161} INFO - Processing /root/Documentos/airflow/venv/lib/python3.9/site-packages/airflow/example_dags/example_branch_python_dop_operator_3.py took 0.044 seconds
[2024-10-26 09:47:10,495] {processor.py:153} INFO - Started process (PID=3742) to work on /root/Documentos/airflow/venv/lib/python3.9/site-packages/airflow/example_dags/example_branch_python_dop_operator_3.py
[2024-10-26 09:47:10,500] {processor.py:641} INFO - Processing file /root/Documentos/airflow/venv/lib/python3.9/site-packages/airflow/example_dags/example_branch_python_dop_operator_3.py for tasks to queue
[2024-10-26 09:47:10,501] {logging_mixin.py:115} INFO - [2024-10-26 09:47:10,501] {dagbag.py:507} INFO - Filling up the DagBag from /root/Documentos/airflow/venv/lib/python3.9/site-packages/airflow/example_dags/example_branch_python_dop_operator_3.py
[2024-10-26 09:47:10,505] {processor.py:651} INFO - DAG(s) dict_keys(['example_branch_dop_operator_v3']) retrieved from /root/Documentos/airflow/venv/lib/python3.9/site-packages/airflow/example_dags/example_branch_python_dop_operator_3.py
[2024-10-26 09:47:10,513] {logging_mixin.py:115} INFO - [2024-10-26 09:47:10,513] {dag.py:2379} INFO - Sync 1 DAGs
[2024-10-26 09:47:10,526] {logging_mixin.py:115} INFO - [2024-10-26 09:47:10,526] {dag.py:2927} INFO - Setting next_dagrun for example_branch_dop_operator_v3 to 2024-10-26T12:46:00+00:00, run_after=2024-10-26T12:47:00+00:00
[2024-10-26 09:47:10,538] {processor.py:161} INFO - Processing /root/Documentos/airflow/venv/lib/python3.9/site-packages/airflow/example_dags/example_branch_python_dop_operator_3.py took 0.044 seconds
[2024-10-26 09:47:42,004] {processor.py:153} INFO - Started process (PID=3895) to work on /root/Documentos/airflow/venv/lib/python3.9/site-packages/airflow/example_dags/example_branch_python_dop_operator_3.py
[2024-10-26 09:47:42,009] {processor.py:641} INFO - Processing file /root/Documentos/airflow/venv/lib/python3.9/site-packages/airflow/example_dags/example_branch_python_dop_operator_3.py for tasks to queue
[2024-10-26 09:47:42,010] {logging_mixin.py:115} INFO - [2024-10-26 09:47:42,009] {dagbag.py:507} INFO - Filling up the DagBag from /root/Documentos/airflow/venv/lib/python3.9/site-packages/airflow/example_dags/example_branch_python_dop_operator_3.py
[2024-10-26 09:47:42,015] {processor.py:651} INFO - DAG(s) dict_keys(['example_branch_dop_operator_v3']) retrieved from /root/Documentos/airflow/venv/lib/python3.9/site-packages/airflow/example_dags/example_branch_python_dop_operator_3.py
[2024-10-26 09:47:42,023] {logging_mixin.py:115} INFO - [2024-10-26 09:47:42,023] {dag.py:2379} INFO - Sync 1 DAGs
[2024-10-26 09:47:42,036] {logging_mixin.py:115} INFO - [2024-10-26 09:47:42,036] {dag.py:2927} INFO - Setting next_dagrun for example_branch_dop_operator_v3 to 2024-10-26T12:46:00+00:00, run_after=2024-10-26T12:47:00+00:00
[2024-10-26 09:47:42,047] {processor.py:161} INFO - Processing /root/Documentos/airflow/venv/lib/python3.9/site-packages/airflow/example_dags/example_branch_python_dop_operator_3.py took 0.044 seconds
[2024-10-26 09:48:14,692] {processor.py:153} INFO - Started process (PID=4060) to work on /root/Documentos/airflow/venv/lib/python3.9/site-packages/airflow/example_dags/example_branch_python_dop_operator_3.py
[2024-10-26 09:48:14,692] {processor.py:641} INFO - Processing file /root/Documentos/airflow/venv/lib/python3.9/site-packages/airflow/example_dags/example_branch_python_dop_operator_3.py for tasks to queue
[2024-10-26 09:48:14,692] {logging_mixin.py:115} INFO - [2024-10-26 09:48:14,692] {dagbag.py:507} INFO - Filling up the DagBag from /root/Documentos/airflow/venv/lib/python3.9/site-packages/airflow/example_dags/example_branch_python_dop_operator_3.py
[2024-10-26 09:48:14,697] {processor.py:651} INFO - DAG(s) dict_keys(['example_branch_dop_operator_v3']) retrieved from /root/Documentos/airflow/venv/lib/python3.9/site-packages/airflow/example_dags/example_branch_python_dop_operator_3.py
[2024-10-26 09:48:14,705] {logging_mixin.py:115} INFO - [2024-10-26 09:48:14,705] {dag.py:2379} INFO - Sync 1 DAGs
[2024-10-26 09:48:14,717] {logging_mixin.py:115} INFO - [2024-10-26 09:48:14,717] {dag.py:2927} INFO - Setting next_dagrun for example_branch_dop_operator_v3 to 2024-10-26T12:47:00+00:00, run_after=2024-10-26T12:48:00+00:00
[2024-10-26 09:48:14,732] {processor.py:161} INFO - Processing /root/Documentos/airflow/venv/lib/python3.9/site-packages/airflow/example_dags/example_branch_python_dop_operator_3.py took 0.041 seconds
[2024-10-26 09:48:48,343] {processor.py:153} INFO - Started process (PID=4225) to work on /root/Documentos/airflow/venv/lib/python3.9/site-packages/airflow/example_dags/example_branch_python_dop_operator_3.py
[2024-10-26 09:48:48,348] {processor.py:641} INFO - Processing file /root/Documentos/airflow/venv/lib/python3.9/site-packages/airflow/example_dags/example_branch_python_dop_operator_3.py for tasks to queue
[2024-10-26 09:48:48,348] {logging_mixin.py:115} INFO - [2024-10-26 09:48:48,348] {dagbag.py:507} INFO - Filling up the DagBag from /root/Documentos/airflow/venv/lib/python3.9/site-packages/airflow/example_dags/example_branch_python_dop_operator_3.py
[2024-10-26 09:48:48,353] {processor.py:651} INFO - DAG(s) dict_keys(['example_branch_dop_operator_v3']) retrieved from /root/Documentos/airflow/venv/lib/python3.9/site-packages/airflow/example_dags/example_branch_python_dop_operator_3.py
[2024-10-26 09:48:48,360] {logging_mixin.py:115} INFO - [2024-10-26 09:48:48,360] {dag.py:2379} INFO - Sync 1 DAGs
[2024-10-26 09:48:48,374] {logging_mixin.py:115} INFO - [2024-10-26 09:48:48,374] {dag.py:2927} INFO - Setting next_dagrun for example_branch_dop_operator_v3 to 2024-10-26T12:47:00+00:00, run_after=2024-10-26T12:48:00+00:00
[2024-10-26 09:48:48,389] {processor.py:161} INFO - Processing /root/Documentos/airflow/venv/lib/python3.9/site-packages/airflow/example_dags/example_branch_python_dop_operator_3.py took 0.047 seconds
[2024-10-26 09:49:20,711] {processor.py:153} INFO - Started process (PID=4381) to work on /root/Documentos/airflow/venv/lib/python3.9/site-packages/airflow/example_dags/example_branch_python_dop_operator_3.py
[2024-10-26 09:49:20,716] {processor.py:641} INFO - Processing file /root/Documentos/airflow/venv/lib/python3.9/site-packages/airflow/example_dags/example_branch_python_dop_operator_3.py for tasks to queue
[2024-10-26 09:49:20,716] {logging_mixin.py:115} INFO - [2024-10-26 09:49:20,716] {dagbag.py:507} INFO - Filling up the DagBag from /root/Documentos/airflow/venv/lib/python3.9/site-packages/airflow/example_dags/example_branch_python_dop_operator_3.py
[2024-10-26 09:49:20,721] {processor.py:651} INFO - DAG(s) dict_keys(['example_branch_dop_operator_v3']) retrieved from /root/Documentos/airflow/venv/lib/python3.9/site-packages/airflow/example_dags/example_branch_python_dop_operator_3.py
[2024-10-26 09:49:20,729] {logging_mixin.py:115} INFO - [2024-10-26 09:49:20,729] {dag.py:2379} INFO - Sync 1 DAGs
[2024-10-26 09:49:20,741] {logging_mixin.py:115} INFO - [2024-10-26 09:49:20,741] {dag.py:2927} INFO - Setting next_dagrun for example_branch_dop_operator_v3 to 2024-10-26T12:48:00+00:00, run_after=2024-10-26T12:49:00+00:00
[2024-10-26 09:49:20,758] {processor.py:161} INFO - Processing /root/Documentos/airflow/venv/lib/python3.9/site-packages/airflow/example_dags/example_branch_python_dop_operator_3.py took 0.048 seconds
[2024-10-26 09:49:52,543] {processor.py:153} INFO - Started process (PID=4533) to work on /root/Documentos/airflow/venv/lib/python3.9/site-packages/airflow/example_dags/example_branch_python_dop_operator_3.py
[2024-10-26 09:49:52,543] {processor.py:641} INFO - Processing file /root/Documentos/airflow/venv/lib/python3.9/site-packages/airflow/example_dags/example_branch_python_dop_operator_3.py for tasks to queue
[2024-10-26 09:49:52,543] {logging_mixin.py:115} INFO - [2024-10-26 09:49:52,543] {dagbag.py:507} INFO - Filling up the DagBag from /root/Documentos/airflow/venv/lib/python3.9/site-packages/airflow/example_dags/example_branch_python_dop_operator_3.py
[2024-10-26 09:49:52,548] {processor.py:651} INFO - DAG(s) dict_keys(['example_branch_dop_operator_v3']) retrieved from /root/Documentos/airflow/venv/lib/python3.9/site-packages/airflow/example_dags/example_branch_python_dop_operator_3.py
[2024-10-26 09:49:52,555] {logging_mixin.py:115} INFO - [2024-10-26 09:49:52,555] {dag.py:2379} INFO - Sync 1 DAGs
[2024-10-26 09:49:52,568] {logging_mixin.py:115} INFO - [2024-10-26 09:49:52,568] {dag.py:2927} INFO - Setting next_dagrun for example_branch_dop_operator_v3 to 2024-10-26T12:48:00+00:00, run_after=2024-10-26T12:49:00+00:00
[2024-10-26 09:49:52,584] {processor.py:161} INFO - Processing /root/Documentos/airflow/venv/lib/python3.9/site-packages/airflow/example_dags/example_branch_python_dop_operator_3.py took 0.043 seconds
[2024-10-26 09:50:25,746] {processor.py:153} INFO - Started process (PID=4694) to work on /root/Documentos/airflow/venv/lib/python3.9/site-packages/airflow/example_dags/example_branch_python_dop_operator_3.py
[2024-10-26 09:50:25,747] {processor.py:641} INFO - Processing file /root/Documentos/airflow/venv/lib/python3.9/site-packages/airflow/example_dags/example_branch_python_dop_operator_3.py for tasks to queue
[2024-10-26 09:50:25,748] {logging_mixin.py:115} INFO - [2024-10-26 09:50:25,748] {dagbag.py:507} INFO - Filling up the DagBag from /root/Documentos/airflow/venv/lib/python3.9/site-packages/airflow/example_dags/example_branch_python_dop_operator_3.py
[2024-10-26 09:50:25,753] {processor.py:651} INFO - DAG(s) dict_keys(['example_branch_dop_operator_v3']) retrieved from /root/Documentos/airflow/venv/lib/python3.9/site-packages/airflow/example_dags/example_branch_python_dop_operator_3.py
[2024-10-26 09:50:25,760] {logging_mixin.py:115} INFO - [2024-10-26 09:50:25,760] {dag.py:2379} INFO - Sync 1 DAGs
[2024-10-26 09:50:25,773] {logging_mixin.py:115} INFO - [2024-10-26 09:50:25,773] {dag.py:2927} INFO - Setting next_dagrun for example_branch_dop_operator_v3 to 2024-10-26T12:49:00+00:00, run_after=2024-10-26T12:50:00+00:00
[2024-10-26 09:50:25,788] {processor.py:161} INFO - Processing /root/Documentos/airflow/venv/lib/python3.9/site-packages/airflow/example_dags/example_branch_python_dop_operator_3.py took 0.044 seconds
[2024-10-26 09:50:57,422] {processor.py:153} INFO - Started process (PID=4852) to work on /root/Documentos/airflow/venv/lib/python3.9/site-packages/airflow/example_dags/example_branch_python_dop_operator_3.py
[2024-10-26 09:50:57,424] {processor.py:641} INFO - Processing file /root/Documentos/airflow/venv/lib/python3.9/site-packages/airflow/example_dags/example_branch_python_dop_operator_3.py for tasks to queue
[2024-10-26 09:50:57,424] {logging_mixin.py:115} INFO - [2024-10-26 09:50:57,424] {dagbag.py:507} INFO - Filling up the DagBag from /root/Documentos/airflow/venv/lib/python3.9/site-packages/airflow/example_dags/example_branch_python_dop_operator_3.py
[2024-10-26 09:50:57,429] {processor.py:651} INFO - DAG(s) dict_keys(['example_branch_dop_operator_v3']) retrieved from /root/Documentos/airflow/venv/lib/python3.9/site-packages/airflow/example_dags/example_branch_python_dop_operator_3.py
[2024-10-26 09:50:57,437] {logging_mixin.py:115} INFO - [2024-10-26 09:50:57,437] {dag.py:2379} INFO - Sync 1 DAGs
[2024-10-26 09:50:57,450] {logging_mixin.py:115} INFO - [2024-10-26 09:50:57,450] {dag.py:2927} INFO - Setting next_dagrun for example_branch_dop_operator_v3 to 2024-10-26T12:49:00+00:00, run_after=2024-10-26T12:50:00+00:00
[2024-10-26 09:50:57,466] {processor.py:161} INFO - Processing /root/Documentos/airflow/venv/lib/python3.9/site-packages/airflow/example_dags/example_branch_python_dop_operator_3.py took 0.045 seconds
[2024-10-26 09:51:30,115] {processor.py:153} INFO - Started process (PID=5011) to work on /root/Documentos/airflow/venv/lib/python3.9/site-packages/airflow/example_dags/example_branch_python_dop_operator_3.py
[2024-10-26 09:51:30,121] {processor.py:641} INFO - Processing file /root/Documentos/airflow/venv/lib/python3.9/site-packages/airflow/example_dags/example_branch_python_dop_operator_3.py for tasks to queue
[2024-10-26 09:51:30,121] {logging_mixin.py:115} INFO - [2024-10-26 09:51:30,121] {dagbag.py:507} INFO - Filling up the DagBag from /root/Documentos/airflow/venv/lib/python3.9/site-packages/airflow/example_dags/example_branch_python_dop_operator_3.py
[2024-10-26 09:51:30,126] {processor.py:651} INFO - DAG(s) dict_keys(['example_branch_dop_operator_v3']) retrieved from /root/Documentos/airflow/venv/lib/python3.9/site-packages/airflow/example_dags/example_branch_python_dop_operator_3.py
[2024-10-26 09:51:30,134] {logging_mixin.py:115} INFO - [2024-10-26 09:51:30,134] {dag.py:2379} INFO - Sync 1 DAGs
[2024-10-26 09:51:30,147] {logging_mixin.py:115} INFO - [2024-10-26 09:51:30,146] {dag.py:2927} INFO - Setting next_dagrun for example_branch_dop_operator_v3 to 2024-10-26T12:50:00+00:00, run_after=2024-10-26T12:51:00+00:00
[2024-10-26 09:51:30,161] {processor.py:161} INFO - Processing /root/Documentos/airflow/venv/lib/python3.9/site-packages/airflow/example_dags/example_branch_python_dop_operator_3.py took 0.047 seconds
[2024-10-26 09:52:03,950] {processor.py:153} INFO - Started process (PID=5174) to work on /root/Documentos/airflow/venv/lib/python3.9/site-packages/airflow/example_dags/example_branch_python_dop_operator_3.py
[2024-10-26 09:52:03,955] {processor.py:641} INFO - Processing file /root/Documentos/airflow/venv/lib/python3.9/site-packages/airflow/example_dags/example_branch_python_dop_operator_3.py for tasks to queue
[2024-10-26 09:52:03,956] {logging_mixin.py:115} INFO - [2024-10-26 09:52:03,956] {dagbag.py:507} INFO - Filling up the DagBag from /root/Documentos/airflow/venv/lib/python3.9/site-packages/airflow/example_dags/example_branch_python_dop_operator_3.py
[2024-10-26 09:52:03,961] {processor.py:651} INFO - DAG(s) dict_keys(['example_branch_dop_operator_v3']) retrieved from /root/Documentos/airflow/venv/lib/python3.9/site-packages/airflow/example_dags/example_branch_python_dop_operator_3.py
[2024-10-26 09:52:03,969] {logging_mixin.py:115} INFO - [2024-10-26 09:52:03,968] {dag.py:2379} INFO - Sync 1 DAGs
[2024-10-26 09:52:03,981] {logging_mixin.py:115} INFO - [2024-10-26 09:52:03,981] {dag.py:2927} INFO - Setting next_dagrun for example_branch_dop_operator_v3 to 2024-10-26T12:51:00+00:00, run_after=2024-10-26T12:52:00+00:00
[2024-10-26 09:52:03,995] {processor.py:161} INFO - Processing /root/Documentos/airflow/venv/lib/python3.9/site-packages/airflow/example_dags/example_branch_python_dop_operator_3.py took 0.046 seconds
[2024-10-26 09:52:35,537] {processor.py:153} INFO - Started process (PID=5328) to work on /root/Documentos/airflow/venv/lib/python3.9/site-packages/airflow/example_dags/example_branch_python_dop_operator_3.py
[2024-10-26 09:52:35,539] {processor.py:641} INFO - Processing file /root/Documentos/airflow/venv/lib/python3.9/site-packages/airflow/example_dags/example_branch_python_dop_operator_3.py for tasks to queue
[2024-10-26 09:52:35,539] {logging_mixin.py:115} INFO - [2024-10-26 09:52:35,539] {dagbag.py:507} INFO - Filling up the DagBag from /root/Documentos/airflow/venv/lib/python3.9/site-packages/airflow/example_dags/example_branch_python_dop_operator_3.py
[2024-10-26 09:52:35,544] {processor.py:651} INFO - DAG(s) dict_keys(['example_branch_dop_operator_v3']) retrieved from /root/Documentos/airflow/venv/lib/python3.9/site-packages/airflow/example_dags/example_branch_python_dop_operator_3.py
[2024-10-26 09:52:35,552] {logging_mixin.py:115} INFO - [2024-10-26 09:52:35,552] {dag.py:2379} INFO - Sync 1 DAGs
[2024-10-26 09:52:35,565] {logging_mixin.py:115} INFO - [2024-10-26 09:52:35,565] {dag.py:2927} INFO - Setting next_dagrun for example_branch_dop_operator_v3 to 2024-10-26T12:51:00+00:00, run_after=2024-10-26T12:52:00+00:00
[2024-10-26 09:52:35,579] {processor.py:161} INFO - Processing /root/Documentos/airflow/venv/lib/python3.9/site-packages/airflow/example_dags/example_branch_python_dop_operator_3.py took 0.043 seconds
[2024-10-26 09:53:06,450] {processor.py:153} INFO - Started process (PID=5476) to work on /root/Documentos/airflow/venv/lib/python3.9/site-packages/airflow/example_dags/example_branch_python_dop_operator_3.py
[2024-10-26 09:53:06,451] {processor.py:641} INFO - Processing file /root/Documentos/airflow/venv/lib/python3.9/site-packages/airflow/example_dags/example_branch_python_dop_operator_3.py for tasks to queue
[2024-10-26 09:53:06,451] {logging_mixin.py:115} INFO - [2024-10-26 09:53:06,451] {dagbag.py:507} INFO - Filling up the DagBag from /root/Documentos/airflow/venv/lib/python3.9/site-packages/airflow/example_dags/example_branch_python_dop_operator_3.py
[2024-10-26 09:53:06,456] {processor.py:651} INFO - DAG(s) dict_keys(['example_branch_dop_operator_v3']) retrieved from /root/Documentos/airflow/venv/lib/python3.9/site-packages/airflow/example_dags/example_branch_python_dop_operator_3.py
[2024-10-26 09:53:06,465] {logging_mixin.py:115} INFO - [2024-10-26 09:53:06,465] {dag.py:2379} INFO - Sync 1 DAGs
[2024-10-26 09:53:06,477] {logging_mixin.py:115} INFO - [2024-10-26 09:53:06,477] {dag.py:2927} INFO - Setting next_dagrun for example_branch_dop_operator_v3 to 2024-10-26T12:52:00+00:00, run_after=2024-10-26T12:53:00+00:00
[2024-10-26 09:53:06,493] {processor.py:161} INFO - Processing /root/Documentos/airflow/venv/lib/python3.9/site-packages/airflow/example_dags/example_branch_python_dop_operator_3.py took 0.044 seconds
[2024-10-26 09:53:40,249] {processor.py:153} INFO - Started process (PID=5640) to work on /root/Documentos/airflow/venv/lib/python3.9/site-packages/airflow/example_dags/example_branch_python_dop_operator_3.py
[2024-10-26 09:53:40,255] {processor.py:641} INFO - Processing file /root/Documentos/airflow/venv/lib/python3.9/site-packages/airflow/example_dags/example_branch_python_dop_operator_3.py for tasks to queue
[2024-10-26 09:53:40,255] {logging_mixin.py:115} INFO - [2024-10-26 09:53:40,255] {dagbag.py:507} INFO - Filling up the DagBag from /root/Documentos/airflow/venv/lib/python3.9/site-packages/airflow/example_dags/example_branch_python_dop_operator_3.py
[2024-10-26 09:53:40,260] {processor.py:651} INFO - DAG(s) dict_keys(['example_branch_dop_operator_v3']) retrieved from /root/Documentos/airflow/venv/lib/python3.9/site-packages/airflow/example_dags/example_branch_python_dop_operator_3.py
[2024-10-26 09:53:40,270] {logging_mixin.py:115} INFO - [2024-10-26 09:53:40,270] {dag.py:2379} INFO - Sync 1 DAGs
[2024-10-26 09:53:40,281] {logging_mixin.py:115} INFO - [2024-10-26 09:53:40,281] {dag.py:2927} INFO - Setting next_dagrun for example_branch_dop_operator_v3 to 2024-10-26T12:52:00+00:00, run_after=2024-10-26T12:53:00+00:00
[2024-10-26 09:53:40,296] {processor.py:161} INFO - Processing /root/Documentos/airflow/venv/lib/python3.9/site-packages/airflow/example_dags/example_branch_python_dop_operator_3.py took 0.048 seconds
[2024-10-26 09:54:12,002] {processor.py:153} INFO - Started process (PID=5794) to work on /root/Documentos/airflow/venv/lib/python3.9/site-packages/airflow/example_dags/example_branch_python_dop_operator_3.py
[2024-10-26 09:54:12,003] {processor.py:641} INFO - Processing file /root/Documentos/airflow/venv/lib/python3.9/site-packages/airflow/example_dags/example_branch_python_dop_operator_3.py for tasks to queue
[2024-10-26 09:54:12,003] {logging_mixin.py:115} INFO - [2024-10-26 09:54:12,003] {dagbag.py:507} INFO - Filling up the DagBag from /root/Documentos/airflow/venv/lib/python3.9/site-packages/airflow/example_dags/example_branch_python_dop_operator_3.py
[2024-10-26 09:54:12,007] {processor.py:651} INFO - DAG(s) dict_keys(['example_branch_dop_operator_v3']) retrieved from /root/Documentos/airflow/venv/lib/python3.9/site-packages/airflow/example_dags/example_branch_python_dop_operator_3.py
[2024-10-26 09:54:12,016] {logging_mixin.py:115} INFO - [2024-10-26 09:54:12,016] {dag.py:2379} INFO - Sync 1 DAGs
[2024-10-26 09:54:12,028] {logging_mixin.py:115} INFO - [2024-10-26 09:54:12,028] {dag.py:2927} INFO - Setting next_dagrun for example_branch_dop_operator_v3 to 2024-10-26T12:53:00+00:00, run_after=2024-10-26T12:54:00+00:00
[2024-10-26 09:54:12,044] {processor.py:161} INFO - Processing /root/Documentos/airflow/venv/lib/python3.9/site-packages/airflow/example_dags/example_branch_python_dop_operator_3.py took 0.043 seconds
[2024-10-26 09:54:45,847] {processor.py:153} INFO - Started process (PID=5956) to work on /root/Documentos/airflow/venv/lib/python3.9/site-packages/airflow/example_dags/example_branch_python_dop_operator_3.py
[2024-10-26 09:54:45,850] {processor.py:641} INFO - Processing file /root/Documentos/airflow/venv/lib/python3.9/site-packages/airflow/example_dags/example_branch_python_dop_operator_3.py for tasks to queue
[2024-10-26 09:54:45,851] {logging_mixin.py:115} INFO - [2024-10-26 09:54:45,851] {dagbag.py:507} INFO - Filling up the DagBag from /root/Documentos/airflow/venv/lib/python3.9/site-packages/airflow/example_dags/example_branch_python_dop_operator_3.py
[2024-10-26 09:54:45,855] {processor.py:651} INFO - DAG(s) dict_keys(['example_branch_dop_operator_v3']) retrieved from /root/Documentos/airflow/venv/lib/python3.9/site-packages/airflow/example_dags/example_branch_python_dop_operator_3.py
[2024-10-26 09:54:45,865] {logging_mixin.py:115} INFO - [2024-10-26 09:54:45,865] {dag.py:2379} INFO - Sync 1 DAGs
[2024-10-26 09:54:45,877] {logging_mixin.py:115} INFO - [2024-10-26 09:54:45,877] {dag.py:2927} INFO - Setting next_dagrun for example_branch_dop_operator_v3 to 2024-10-26T12:53:00+00:00, run_after=2024-10-26T12:54:00+00:00
[2024-10-26 09:54:45,893] {processor.py:161} INFO - Processing /root/Documentos/airflow/venv/lib/python3.9/site-packages/airflow/example_dags/example_branch_python_dop_operator_3.py took 0.048 seconds
[2024-10-26 09:55:19,148] {processor.py:153} INFO - Started process (PID=6123) to work on /root/Documentos/airflow/venv/lib/python3.9/site-packages/airflow/example_dags/example_branch_python_dop_operator_3.py
[2024-10-26 09:55:19,148] {processor.py:641} INFO - Processing file /root/Documentos/airflow/venv/lib/python3.9/site-packages/airflow/example_dags/example_branch_python_dop_operator_3.py for tasks to queue
[2024-10-26 09:55:19,148] {logging_mixin.py:115} INFO - [2024-10-26 09:55:19,148] {dagbag.py:507} INFO - Filling up the DagBag from /root/Documentos/airflow/venv/lib/python3.9/site-packages/airflow/example_dags/example_branch_python_dop_operator_3.py
[2024-10-26 09:55:19,153] {processor.py:651} INFO - DAG(s) dict_keys(['example_branch_dop_operator_v3']) retrieved from /root/Documentos/airflow/venv/lib/python3.9/site-packages/airflow/example_dags/example_branch_python_dop_operator_3.py
[2024-10-26 09:55:19,162] {logging_mixin.py:115} INFO - [2024-10-26 09:55:19,162] {dag.py:2379} INFO - Sync 1 DAGs
[2024-10-26 09:55:19,173] {logging_mixin.py:115} INFO - [2024-10-26 09:55:19,173] {dag.py:2927} INFO - Setting next_dagrun for example_branch_dop_operator_v3 to 2024-10-26T12:54:00+00:00, run_after=2024-10-26T12:55:00+00:00
[2024-10-26 09:55:19,189] {processor.py:161} INFO - Processing /root/Documentos/airflow/venv/lib/python3.9/site-packages/airflow/example_dags/example_branch_python_dop_operator_3.py took 0.043 seconds
[2024-10-26 09:56:00,591] {processor.py:153} INFO - Started process (PID=6212) to work on /root/Documentos/airflow/venv/lib/python3.9/site-packages/airflow/example_dags/example_branch_python_dop_operator_3.py
[2024-10-26 09:56:00,596] {processor.py:641} INFO - Processing file /root/Documentos/airflow/venv/lib/python3.9/site-packages/airflow/example_dags/example_branch_python_dop_operator_3.py for tasks to queue
[2024-10-26 09:56:00,597] {logging_mixin.py:115} INFO - [2024-10-26 09:56:00,597] {dagbag.py:507} INFO - Filling up the DagBag from /root/Documentos/airflow/venv/lib/python3.9/site-packages/airflow/example_dags/example_branch_python_dop_operator_3.py
[2024-10-26 09:56:00,601] {processor.py:651} INFO - DAG(s) dict_keys(['example_branch_dop_operator_v3']) retrieved from /root/Documentos/airflow/venv/lib/python3.9/site-packages/airflow/example_dags/example_branch_python_dop_operator_3.py
[2024-10-26 09:56:00,610] {logging_mixin.py:115} INFO - [2024-10-26 09:56:00,610] {dag.py:2379} INFO - Sync 1 DAGs
[2024-10-26 09:56:00,622] {logging_mixin.py:115} INFO - [2024-10-26 09:56:00,622] {dag.py:2927} INFO - Setting next_dagrun for example_branch_dop_operator_v3 to 2024-10-26T12:55:00+00:00, run_after=2024-10-26T12:56:00+00:00
[2024-10-26 09:56:00,636] {processor.py:161} INFO - Processing /root/Documentos/airflow/venv/lib/python3.9/site-packages/airflow/example_dags/example_branch_python_dop_operator_3.py took 0.046 seconds
