[2024-10-26 09:24:38,260] {processor.py:153} INFO - Started process (PID=10178) to work on /root/Documentos/airflow/venv/lib/python3.9/site-packages/airflow/example_dags/example_branch_datetime_operator.py
[2024-10-26 09:24:38,261] {processor.py:641} INFO - Processing file /root/Documentos/airflow/venv/lib/python3.9/site-packages/airflow/example_dags/example_branch_datetime_operator.py for tasks to queue
[2024-10-26 09:24:38,261] {logging_mixin.py:115} INFO - [2024-10-26 09:24:38,261] {dagbag.py:507} INFO - Filling up the DagBag from /root/Documentos/airflow/venv/lib/python3.9/site-packages/airflow/example_dags/example_branch_datetime_operator.py
[2024-10-26 09:24:38,273] {processor.py:651} INFO - DAG(s) dict_keys(['example_branch_datetime_operator_2']) retrieved from /root/Documentos/airflow/venv/lib/python3.9/site-packages/airflow/example_dags/example_branch_datetime_operator.py
[2024-10-26 09:24:38,319] {logging_mixin.py:115} INFO - [2024-10-26 09:24:38,319] {manager.py:508} INFO - Created Permission View: can edit on DAG:example_branch_datetime_operator_2
[2024-10-26 09:24:38,331] {logging_mixin.py:115} INFO - [2024-10-26 09:24:38,331] {manager.py:508} INFO - Created Permission View: can read on DAG:example_branch_datetime_operator_2
[2024-10-26 09:24:38,340] {logging_mixin.py:115} INFO - [2024-10-26 09:24:38,340] {manager.py:508} INFO - Created Permission View: can delete on DAG:example_branch_datetime_operator_2
[2024-10-26 09:24:38,341] {logging_mixin.py:115} INFO - [2024-10-26 09:24:38,341] {dag.py:2379} INFO - Sync 1 DAGs
[2024-10-26 09:24:38,345] {logging_mixin.py:115} INFO - [2024-10-26 09:24:38,344] {dag.py:2398} INFO - Creating ORM DAG for example_branch_datetime_operator_2
[2024-10-26 09:24:38,350] {logging_mixin.py:115} INFO - [2024-10-26 09:24:38,350] {dag.py:2927} INFO - Setting next_dagrun for example_branch_datetime_operator_2 to 2024-10-25T00:00:00+00:00, run_after=2024-10-26T00:00:00+00:00
[2024-10-26 09:24:38,364] {processor.py:161} INFO - Processing /root/Documentos/airflow/venv/lib/python3.9/site-packages/airflow/example_dags/example_branch_datetime_operator.py took 0.105 seconds
[2024-10-26 09:25:14,052] {processor.py:153} INFO - Started process (PID=10350) to work on /root/Documentos/airflow/venv/lib/python3.9/site-packages/airflow/example_dags/example_branch_datetime_operator.py
[2024-10-26 09:25:14,058] {processor.py:641} INFO - Processing file /root/Documentos/airflow/venv/lib/python3.9/site-packages/airflow/example_dags/example_branch_datetime_operator.py for tasks to queue
[2024-10-26 09:25:14,059] {logging_mixin.py:115} INFO - [2024-10-26 09:25:14,059] {dagbag.py:507} INFO - Filling up the DagBag from /root/Documentos/airflow/venv/lib/python3.9/site-packages/airflow/example_dags/example_branch_datetime_operator.py
[2024-10-26 09:25:14,062] {processor.py:651} INFO - DAG(s) dict_keys(['example_branch_datetime_operator_2']) retrieved from /root/Documentos/airflow/venv/lib/python3.9/site-packages/airflow/example_dags/example_branch_datetime_operator.py
[2024-10-26 09:25:14,070] {logging_mixin.py:115} INFO - [2024-10-26 09:25:14,070] {dag.py:2379} INFO - Sync 1 DAGs
[2024-10-26 09:25:14,081] {logging_mixin.py:115} INFO - [2024-10-26 09:25:14,081] {dag.py:2927} INFO - Setting next_dagrun for example_branch_datetime_operator_2 to 2024-10-25T00:00:00+00:00, run_after=2024-10-26T00:00:00+00:00
[2024-10-26 09:25:14,094] {processor.py:161} INFO - Processing /root/Documentos/airflow/venv/lib/python3.9/site-packages/airflow/example_dags/example_branch_datetime_operator.py took 0.044 seconds
[2024-10-26 09:25:46,775] {processor.py:153} INFO - Started process (PID=10509) to work on /root/Documentos/airflow/venv/lib/python3.9/site-packages/airflow/example_dags/example_branch_datetime_operator.py
[2024-10-26 09:25:46,779] {processor.py:641} INFO - Processing file /root/Documentos/airflow/venv/lib/python3.9/site-packages/airflow/example_dags/example_branch_datetime_operator.py for tasks to queue
[2024-10-26 09:25:46,780] {logging_mixin.py:115} INFO - [2024-10-26 09:25:46,780] {dagbag.py:507} INFO - Filling up the DagBag from /root/Documentos/airflow/venv/lib/python3.9/site-packages/airflow/example_dags/example_branch_datetime_operator.py
[2024-10-26 09:25:46,786] {processor.py:651} INFO - DAG(s) dict_keys(['example_branch_datetime_operator_2']) retrieved from /root/Documentos/airflow/venv/lib/python3.9/site-packages/airflow/example_dags/example_branch_datetime_operator.py
[2024-10-26 09:25:46,794] {logging_mixin.py:115} INFO - [2024-10-26 09:25:46,793] {dag.py:2379} INFO - Sync 1 DAGs
[2024-10-26 09:25:46,804] {logging_mixin.py:115} INFO - [2024-10-26 09:25:46,804] {dag.py:2927} INFO - Setting next_dagrun for example_branch_datetime_operator_2 to 2024-10-25T00:00:00+00:00, run_after=2024-10-26T00:00:00+00:00
[2024-10-26 09:25:46,818] {processor.py:161} INFO - Processing /root/Documentos/airflow/venv/lib/python3.9/site-packages/airflow/example_dags/example_branch_datetime_operator.py took 0.044 seconds
[2024-10-26 09:26:20,417] {processor.py:153} INFO - Started process (PID=10672) to work on /root/Documentos/airflow/venv/lib/python3.9/site-packages/airflow/example_dags/example_branch_datetime_operator.py
[2024-10-26 09:26:20,418] {processor.py:641} INFO - Processing file /root/Documentos/airflow/venv/lib/python3.9/site-packages/airflow/example_dags/example_branch_datetime_operator.py for tasks to queue
[2024-10-26 09:26:20,419] {logging_mixin.py:115} INFO - [2024-10-26 09:26:20,419] {dagbag.py:507} INFO - Filling up the DagBag from /root/Documentos/airflow/venv/lib/python3.9/site-packages/airflow/example_dags/example_branch_datetime_operator.py
[2024-10-26 09:26:20,422] {processor.py:651} INFO - DAG(s) dict_keys(['example_branch_datetime_operator_2']) retrieved from /root/Documentos/airflow/venv/lib/python3.9/site-packages/airflow/example_dags/example_branch_datetime_operator.py
[2024-10-26 09:26:20,429] {logging_mixin.py:115} INFO - [2024-10-26 09:26:20,429] {dag.py:2379} INFO - Sync 1 DAGs
[2024-10-26 09:26:20,440] {logging_mixin.py:115} INFO - [2024-10-26 09:26:20,440] {dag.py:2927} INFO - Setting next_dagrun for example_branch_datetime_operator_2 to 2024-10-25T00:00:00+00:00, run_after=2024-10-26T00:00:00+00:00
[2024-10-26 09:26:20,453] {processor.py:161} INFO - Processing /root/Documentos/airflow/venv/lib/python3.9/site-packages/airflow/example_dags/example_branch_datetime_operator.py took 0.037 seconds
[2024-10-26 09:26:53,842] {processor.py:153} INFO - Started process (PID=10834) to work on /root/Documentos/airflow/venv/lib/python3.9/site-packages/airflow/example_dags/example_branch_datetime_operator.py
[2024-10-26 09:26:53,850] {processor.py:641} INFO - Processing file /root/Documentos/airflow/venv/lib/python3.9/site-packages/airflow/example_dags/example_branch_datetime_operator.py for tasks to queue
[2024-10-26 09:26:53,850] {logging_mixin.py:115} INFO - [2024-10-26 09:26:53,850] {dagbag.py:507} INFO - Filling up the DagBag from /root/Documentos/airflow/venv/lib/python3.9/site-packages/airflow/example_dags/example_branch_datetime_operator.py
[2024-10-26 09:26:53,854] {processor.py:651} INFO - DAG(s) dict_keys(['example_branch_datetime_operator_2']) retrieved from /root/Documentos/airflow/venv/lib/python3.9/site-packages/airflow/example_dags/example_branch_datetime_operator.py
[2024-10-26 09:26:53,862] {logging_mixin.py:115} INFO - [2024-10-26 09:26:53,862] {dag.py:2379} INFO - Sync 1 DAGs
[2024-10-26 09:26:53,873] {logging_mixin.py:115} INFO - [2024-10-26 09:26:53,873] {dag.py:2927} INFO - Setting next_dagrun for example_branch_datetime_operator_2 to 2024-10-25T00:00:00+00:00, run_after=2024-10-26T00:00:00+00:00
[2024-10-26 09:26:53,886] {processor.py:161} INFO - Processing /root/Documentos/airflow/venv/lib/python3.9/site-packages/airflow/example_dags/example_branch_datetime_operator.py took 0.045 seconds
[2024-10-26 09:27:26,751] {processor.py:153} INFO - Started process (PID=10993) to work on /root/Documentos/airflow/venv/lib/python3.9/site-packages/airflow/example_dags/example_branch_datetime_operator.py
[2024-10-26 09:27:26,756] {processor.py:641} INFO - Processing file /root/Documentos/airflow/venv/lib/python3.9/site-packages/airflow/example_dags/example_branch_datetime_operator.py for tasks to queue
[2024-10-26 09:27:26,757] {logging_mixin.py:115} INFO - [2024-10-26 09:27:26,757] {dagbag.py:507} INFO - Filling up the DagBag from /root/Documentos/airflow/venv/lib/python3.9/site-packages/airflow/example_dags/example_branch_datetime_operator.py
[2024-10-26 09:27:26,760] {processor.py:651} INFO - DAG(s) dict_keys(['example_branch_datetime_operator_2']) retrieved from /root/Documentos/airflow/venv/lib/python3.9/site-packages/airflow/example_dags/example_branch_datetime_operator.py
[2024-10-26 09:27:26,768] {logging_mixin.py:115} INFO - [2024-10-26 09:27:26,768] {dag.py:2379} INFO - Sync 1 DAGs
[2024-10-26 09:27:26,780] {logging_mixin.py:115} INFO - [2024-10-26 09:27:26,780] {dag.py:2927} INFO - Setting next_dagrun for example_branch_datetime_operator_2 to 2024-10-25T00:00:00+00:00, run_after=2024-10-26T00:00:00+00:00
[2024-10-26 09:27:26,793] {processor.py:161} INFO - Processing /root/Documentos/airflow/venv/lib/python3.9/site-packages/airflow/example_dags/example_branch_datetime_operator.py took 0.043 seconds
[2024-10-26 09:28:00,644] {processor.py:153} INFO - Started process (PID=11163) to work on /root/Documentos/airflow/venv/lib/python3.9/site-packages/airflow/example_dags/example_branch_datetime_operator.py
[2024-10-26 09:28:00,649] {processor.py:641} INFO - Processing file /root/Documentos/airflow/venv/lib/python3.9/site-packages/airflow/example_dags/example_branch_datetime_operator.py for tasks to queue
[2024-10-26 09:28:00,649] {logging_mixin.py:115} INFO - [2024-10-26 09:28:00,649] {dagbag.py:507} INFO - Filling up the DagBag from /root/Documentos/airflow/venv/lib/python3.9/site-packages/airflow/example_dags/example_branch_datetime_operator.py
[2024-10-26 09:28:00,653] {processor.py:651} INFO - DAG(s) dict_keys(['example_branch_datetime_operator_2']) retrieved from /root/Documentos/airflow/venv/lib/python3.9/site-packages/airflow/example_dags/example_branch_datetime_operator.py
[2024-10-26 09:28:00,661] {logging_mixin.py:115} INFO - [2024-10-26 09:28:00,661] {dag.py:2379} INFO - Sync 1 DAGs
[2024-10-26 09:28:00,673] {logging_mixin.py:115} INFO - [2024-10-26 09:28:00,672] {dag.py:2927} INFO - Setting next_dagrun for example_branch_datetime_operator_2 to 2024-10-25T00:00:00+00:00, run_after=2024-10-26T00:00:00+00:00
[2024-10-26 09:28:00,685] {processor.py:161} INFO - Processing /root/Documentos/airflow/venv/lib/python3.9/site-packages/airflow/example_dags/example_branch_datetime_operator.py took 0.042 seconds
[2024-10-26 09:28:33,913] {processor.py:153} INFO - Started process (PID=11329) to work on /root/Documentos/airflow/venv/lib/python3.9/site-packages/airflow/example_dags/example_branch_datetime_operator.py
[2024-10-26 09:28:33,913] {processor.py:641} INFO - Processing file /root/Documentos/airflow/venv/lib/python3.9/site-packages/airflow/example_dags/example_branch_datetime_operator.py for tasks to queue
[2024-10-26 09:28:33,914] {logging_mixin.py:115} INFO - [2024-10-26 09:28:33,914] {dagbag.py:507} INFO - Filling up the DagBag from /root/Documentos/airflow/venv/lib/python3.9/site-packages/airflow/example_dags/example_branch_datetime_operator.py
[2024-10-26 09:28:33,917] {processor.py:651} INFO - DAG(s) dict_keys(['example_branch_datetime_operator_2']) retrieved from /root/Documentos/airflow/venv/lib/python3.9/site-packages/airflow/example_dags/example_branch_datetime_operator.py
[2024-10-26 09:28:33,926] {logging_mixin.py:115} INFO - [2024-10-26 09:28:33,926] {dag.py:2379} INFO - Sync 1 DAGs
[2024-10-26 09:28:33,938] {logging_mixin.py:115} INFO - [2024-10-26 09:28:33,938] {dag.py:2927} INFO - Setting next_dagrun for example_branch_datetime_operator_2 to 2024-10-25T00:00:00+00:00, run_after=2024-10-26T00:00:00+00:00
[2024-10-26 09:28:33,950] {processor.py:161} INFO - Processing /root/Documentos/airflow/venv/lib/python3.9/site-packages/airflow/example_dags/example_branch_datetime_operator.py took 0.038 seconds
[2024-10-26 09:37:55,651] {processor.py:153} INFO - Started process (PID=972) to work on /root/Documentos/airflow/venv/lib/python3.9/site-packages/airflow/example_dags/example_branch_datetime_operator.py
[2024-10-26 09:37:55,654] {processor.py:641} INFO - Processing file /root/Documentos/airflow/venv/lib/python3.9/site-packages/airflow/example_dags/example_branch_datetime_operator.py for tasks to queue
[2024-10-26 09:37:55,655] {logging_mixin.py:115} INFO - [2024-10-26 09:37:55,655] {dagbag.py:507} INFO - Filling up the DagBag from /root/Documentos/airflow/venv/lib/python3.9/site-packages/airflow/example_dags/example_branch_datetime_operator.py
[2024-10-26 09:37:55,659] {processor.py:651} INFO - DAG(s) dict_keys(['example_branch_datetime_operator_2']) retrieved from /root/Documentos/airflow/venv/lib/python3.9/site-packages/airflow/example_dags/example_branch_datetime_operator.py
[2024-10-26 09:37:55,670] {logging_mixin.py:115} INFO - [2024-10-26 09:37:55,670] {dag.py:2379} INFO - Sync 1 DAGs
[2024-10-26 09:37:55,683] {logging_mixin.py:115} INFO - [2024-10-26 09:37:55,683] {dag.py:2927} INFO - Setting next_dagrun for example_branch_datetime_operator_2 to 2024-10-25T00:00:00+00:00, run_after=2024-10-26T00:00:00+00:00
[2024-10-26 09:37:55,695] {processor.py:161} INFO - Processing /root/Documentos/airflow/venv/lib/python3.9/site-packages/airflow/example_dags/example_branch_datetime_operator.py took 0.046 seconds
[2024-10-26 09:38:26,752] {processor.py:153} INFO - Started process (PID=1128) to work on /root/Documentos/airflow/venv/lib/python3.9/site-packages/airflow/example_dags/example_branch_datetime_operator.py
[2024-10-26 09:38:26,753] {processor.py:641} INFO - Processing file /root/Documentos/airflow/venv/lib/python3.9/site-packages/airflow/example_dags/example_branch_datetime_operator.py for tasks to queue
[2024-10-26 09:38:26,753] {logging_mixin.py:115} INFO - [2024-10-26 09:38:26,753] {dagbag.py:507} INFO - Filling up the DagBag from /root/Documentos/airflow/venv/lib/python3.9/site-packages/airflow/example_dags/example_branch_datetime_operator.py
[2024-10-26 09:38:26,757] {processor.py:651} INFO - DAG(s) dict_keys(['example_branch_datetime_operator_2']) retrieved from /root/Documentos/airflow/venv/lib/python3.9/site-packages/airflow/example_dags/example_branch_datetime_operator.py
[2024-10-26 09:38:26,765] {logging_mixin.py:115} INFO - [2024-10-26 09:38:26,765] {dag.py:2379} INFO - Sync 1 DAGs
[2024-10-26 09:38:26,777] {logging_mixin.py:115} INFO - [2024-10-26 09:38:26,777] {dag.py:2927} INFO - Setting next_dagrun for example_branch_datetime_operator_2 to 2024-10-25T00:00:00+00:00, run_after=2024-10-26T00:00:00+00:00
[2024-10-26 09:38:26,788] {processor.py:161} INFO - Processing /root/Documentos/airflow/venv/lib/python3.9/site-packages/airflow/example_dags/example_branch_datetime_operator.py took 0.037 seconds
[2024-10-26 09:39:00,949] {processor.py:153} INFO - Started process (PID=1297) to work on /root/Documentos/airflow/venv/lib/python3.9/site-packages/airflow/example_dags/example_branch_datetime_operator.py
[2024-10-26 09:39:00,956] {processor.py:641} INFO - Processing file /root/Documentos/airflow/venv/lib/python3.9/site-packages/airflow/example_dags/example_branch_datetime_operator.py for tasks to queue
[2024-10-26 09:39:00,957] {logging_mixin.py:115} INFO - [2024-10-26 09:39:00,956] {dagbag.py:507} INFO - Filling up the DagBag from /root/Documentos/airflow/venv/lib/python3.9/site-packages/airflow/example_dags/example_branch_datetime_operator.py
[2024-10-26 09:39:00,961] {processor.py:651} INFO - DAG(s) dict_keys(['example_branch_datetime_operator_2']) retrieved from /root/Documentos/airflow/venv/lib/python3.9/site-packages/airflow/example_dags/example_branch_datetime_operator.py
[2024-10-26 09:39:00,970] {logging_mixin.py:115} INFO - [2024-10-26 09:39:00,970] {dag.py:2379} INFO - Sync 1 DAGs
[2024-10-26 09:39:00,983] {logging_mixin.py:115} INFO - [2024-10-26 09:39:00,983] {dag.py:2927} INFO - Setting next_dagrun for example_branch_datetime_operator_2 to 2024-10-25T00:00:00+00:00, run_after=2024-10-26T00:00:00+00:00
[2024-10-26 09:39:00,995] {processor.py:161} INFO - Processing /root/Documentos/airflow/venv/lib/python3.9/site-packages/airflow/example_dags/example_branch_datetime_operator.py took 0.047 seconds
[2024-10-26 09:39:34,662] {processor.py:153} INFO - Started process (PID=1460) to work on /root/Documentos/airflow/venv/lib/python3.9/site-packages/airflow/example_dags/example_branch_datetime_operator.py
[2024-10-26 09:39:34,663] {processor.py:641} INFO - Processing file /root/Documentos/airflow/venv/lib/python3.9/site-packages/airflow/example_dags/example_branch_datetime_operator.py for tasks to queue
[2024-10-26 09:39:34,663] {logging_mixin.py:115} INFO - [2024-10-26 09:39:34,663] {dagbag.py:507} INFO - Filling up the DagBag from /root/Documentos/airflow/venv/lib/python3.9/site-packages/airflow/example_dags/example_branch_datetime_operator.py
[2024-10-26 09:39:34,667] {processor.py:651} INFO - DAG(s) dict_keys(['example_branch_datetime_operator_2']) retrieved from /root/Documentos/airflow/venv/lib/python3.9/site-packages/airflow/example_dags/example_branch_datetime_operator.py
[2024-10-26 09:39:34,675] {logging_mixin.py:115} INFO - [2024-10-26 09:39:34,675] {dag.py:2379} INFO - Sync 1 DAGs
[2024-10-26 09:39:34,686] {logging_mixin.py:115} INFO - [2024-10-26 09:39:34,686] {dag.py:2927} INFO - Setting next_dagrun for example_branch_datetime_operator_2 to 2024-10-25T00:00:00+00:00, run_after=2024-10-26T00:00:00+00:00
[2024-10-26 09:39:34,699] {processor.py:161} INFO - Processing /root/Documentos/airflow/venv/lib/python3.9/site-packages/airflow/example_dags/example_branch_datetime_operator.py took 0.038 seconds
[2024-10-26 09:40:07,982] {processor.py:153} INFO - Started process (PID=1621) to work on /root/Documentos/airflow/venv/lib/python3.9/site-packages/airflow/example_dags/example_branch_datetime_operator.py
[2024-10-26 09:40:07,989] {processor.py:641} INFO - Processing file /root/Documentos/airflow/venv/lib/python3.9/site-packages/airflow/example_dags/example_branch_datetime_operator.py for tasks to queue
[2024-10-26 09:40:07,990] {logging_mixin.py:115} INFO - [2024-10-26 09:40:07,990] {dagbag.py:507} INFO - Filling up the DagBag from /root/Documentos/airflow/venv/lib/python3.9/site-packages/airflow/example_dags/example_branch_datetime_operator.py
[2024-10-26 09:40:07,994] {processor.py:651} INFO - DAG(s) dict_keys(['example_branch_datetime_operator_2']) retrieved from /root/Documentos/airflow/venv/lib/python3.9/site-packages/airflow/example_dags/example_branch_datetime_operator.py
[2024-10-26 09:40:08,002] {logging_mixin.py:115} INFO - [2024-10-26 09:40:08,002] {dag.py:2379} INFO - Sync 1 DAGs
[2024-10-26 09:40:08,014] {logging_mixin.py:115} INFO - [2024-10-26 09:40:08,014] {dag.py:2927} INFO - Setting next_dagrun for example_branch_datetime_operator_2 to 2024-10-25T00:00:00+00:00, run_after=2024-10-26T00:00:00+00:00
[2024-10-26 09:40:08,026] {processor.py:161} INFO - Processing /root/Documentos/airflow/venv/lib/python3.9/site-packages/airflow/example_dags/example_branch_datetime_operator.py took 0.045 seconds
[2024-10-26 09:40:41,335] {processor.py:153} INFO - Started process (PID=1782) to work on /root/Documentos/airflow/venv/lib/python3.9/site-packages/airflow/example_dags/example_branch_datetime_operator.py
[2024-10-26 09:40:41,337] {processor.py:641} INFO - Processing file /root/Documentos/airflow/venv/lib/python3.9/site-packages/airflow/example_dags/example_branch_datetime_operator.py for tasks to queue
[2024-10-26 09:40:41,337] {logging_mixin.py:115} INFO - [2024-10-26 09:40:41,337] {dagbag.py:507} INFO - Filling up the DagBag from /root/Documentos/airflow/venv/lib/python3.9/site-packages/airflow/example_dags/example_branch_datetime_operator.py
[2024-10-26 09:40:41,341] {processor.py:651} INFO - DAG(s) dict_keys(['example_branch_datetime_operator_2']) retrieved from /root/Documentos/airflow/venv/lib/python3.9/site-packages/airflow/example_dags/example_branch_datetime_operator.py
[2024-10-26 09:40:41,349] {logging_mixin.py:115} INFO - [2024-10-26 09:40:41,349] {dag.py:2379} INFO - Sync 1 DAGs
[2024-10-26 09:40:41,360] {logging_mixin.py:115} INFO - [2024-10-26 09:40:41,360] {dag.py:2927} INFO - Setting next_dagrun for example_branch_datetime_operator_2 to 2024-10-25T00:00:00+00:00, run_after=2024-10-26T00:00:00+00:00
[2024-10-26 09:40:41,373] {processor.py:161} INFO - Processing /root/Documentos/airflow/venv/lib/python3.9/site-packages/airflow/example_dags/example_branch_datetime_operator.py took 0.039 seconds
[2024-10-26 09:41:14,764] {processor.py:153} INFO - Started process (PID=1945) to work on /root/Documentos/airflow/venv/lib/python3.9/site-packages/airflow/example_dags/example_branch_datetime_operator.py
[2024-10-26 09:41:14,771] {processor.py:641} INFO - Processing file /root/Documentos/airflow/venv/lib/python3.9/site-packages/airflow/example_dags/example_branch_datetime_operator.py for tasks to queue
[2024-10-26 09:41:14,771] {logging_mixin.py:115} INFO - [2024-10-26 09:41:14,771] {dagbag.py:507} INFO - Filling up the DagBag from /root/Documentos/airflow/venv/lib/python3.9/site-packages/airflow/example_dags/example_branch_datetime_operator.py
[2024-10-26 09:41:14,775] {processor.py:651} INFO - DAG(s) dict_keys(['example_branch_datetime_operator_2']) retrieved from /root/Documentos/airflow/venv/lib/python3.9/site-packages/airflow/example_dags/example_branch_datetime_operator.py
[2024-10-26 09:41:14,785] {logging_mixin.py:115} INFO - [2024-10-26 09:41:14,785] {dag.py:2379} INFO - Sync 1 DAGs
[2024-10-26 09:41:14,797] {logging_mixin.py:115} INFO - [2024-10-26 09:41:14,797] {dag.py:2927} INFO - Setting next_dagrun for example_branch_datetime_operator_2 to 2024-10-25T00:00:00+00:00, run_after=2024-10-26T00:00:00+00:00
[2024-10-26 09:41:14,810] {processor.py:161} INFO - Processing /root/Documentos/airflow/venv/lib/python3.9/site-packages/airflow/example_dags/example_branch_datetime_operator.py took 0.047 seconds
[2024-10-26 09:41:49,020] {processor.py:153} INFO - Started process (PID=2110) to work on /root/Documentos/airflow/venv/lib/python3.9/site-packages/airflow/example_dags/example_branch_datetime_operator.py
[2024-10-26 09:41:49,025] {processor.py:641} INFO - Processing file /root/Documentos/airflow/venv/lib/python3.9/site-packages/airflow/example_dags/example_branch_datetime_operator.py for tasks to queue
[2024-10-26 09:41:49,026] {logging_mixin.py:115} INFO - [2024-10-26 09:41:49,025] {dagbag.py:507} INFO - Filling up the DagBag from /root/Documentos/airflow/venv/lib/python3.9/site-packages/airflow/example_dags/example_branch_datetime_operator.py
[2024-10-26 09:41:49,030] {processor.py:651} INFO - DAG(s) dict_keys(['example_branch_datetime_operator_2']) retrieved from /root/Documentos/airflow/venv/lib/python3.9/site-packages/airflow/example_dags/example_branch_datetime_operator.py
[2024-10-26 09:41:49,039] {logging_mixin.py:115} INFO - [2024-10-26 09:41:49,039] {dag.py:2379} INFO - Sync 1 DAGs
[2024-10-26 09:41:49,051] {logging_mixin.py:115} INFO - [2024-10-26 09:41:49,051] {dag.py:2927} INFO - Setting next_dagrun for example_branch_datetime_operator_2 to 2024-10-25T00:00:00+00:00, run_after=2024-10-26T00:00:00+00:00
[2024-10-26 09:41:49,063] {processor.py:161} INFO - Processing /root/Documentos/airflow/venv/lib/python3.9/site-packages/airflow/example_dags/example_branch_datetime_operator.py took 0.044 seconds
[2024-10-26 09:42:23,720] {processor.py:153} INFO - Started process (PID=2277) to work on /root/Documentos/airflow/venv/lib/python3.9/site-packages/airflow/example_dags/example_branch_datetime_operator.py
[2024-10-26 09:42:23,724] {processor.py:641} INFO - Processing file /root/Documentos/airflow/venv/lib/python3.9/site-packages/airflow/example_dags/example_branch_datetime_operator.py for tasks to queue
[2024-10-26 09:42:23,725] {logging_mixin.py:115} INFO - [2024-10-26 09:42:23,725] {dagbag.py:507} INFO - Filling up the DagBag from /root/Documentos/airflow/venv/lib/python3.9/site-packages/airflow/example_dags/example_branch_datetime_operator.py
[2024-10-26 09:42:23,729] {processor.py:651} INFO - DAG(s) dict_keys(['example_branch_datetime_operator_2']) retrieved from /root/Documentos/airflow/venv/lib/python3.9/site-packages/airflow/example_dags/example_branch_datetime_operator.py
[2024-10-26 09:42:23,737] {logging_mixin.py:115} INFO - [2024-10-26 09:42:23,737] {dag.py:2379} INFO - Sync 1 DAGs
[2024-10-26 09:42:23,748] {logging_mixin.py:115} INFO - [2024-10-26 09:42:23,748] {dag.py:2927} INFO - Setting next_dagrun for example_branch_datetime_operator_2 to 2024-10-25T00:00:00+00:00, run_after=2024-10-26T00:00:00+00:00
[2024-10-26 09:42:23,761] {processor.py:161} INFO - Processing /root/Documentos/airflow/venv/lib/python3.9/site-packages/airflow/example_dags/example_branch_datetime_operator.py took 0.042 seconds
[2024-10-26 09:42:55,885] {processor.py:153} INFO - Started process (PID=2434) to work on /root/Documentos/airflow/venv/lib/python3.9/site-packages/airflow/example_dags/example_branch_datetime_operator.py
[2024-10-26 09:42:55,886] {processor.py:641} INFO - Processing file /root/Documentos/airflow/venv/lib/python3.9/site-packages/airflow/example_dags/example_branch_datetime_operator.py for tasks to queue
[2024-10-26 09:42:55,886] {logging_mixin.py:115} INFO - [2024-10-26 09:42:55,886] {dagbag.py:507} INFO - Filling up the DagBag from /root/Documentos/airflow/venv/lib/python3.9/site-packages/airflow/example_dags/example_branch_datetime_operator.py
[2024-10-26 09:42:55,890] {processor.py:651} INFO - DAG(s) dict_keys(['example_branch_datetime_operator_2']) retrieved from /root/Documentos/airflow/venv/lib/python3.9/site-packages/airflow/example_dags/example_branch_datetime_operator.py
[2024-10-26 09:42:55,898] {logging_mixin.py:115} INFO - [2024-10-26 09:42:55,898] {dag.py:2379} INFO - Sync 1 DAGs
[2024-10-26 09:42:55,909] {logging_mixin.py:115} INFO - [2024-10-26 09:42:55,909] {dag.py:2927} INFO - Setting next_dagrun for example_branch_datetime_operator_2 to 2024-10-25T00:00:00+00:00, run_after=2024-10-26T00:00:00+00:00
[2024-10-26 09:42:55,923] {processor.py:161} INFO - Processing /root/Documentos/airflow/venv/lib/python3.9/site-packages/airflow/example_dags/example_branch_datetime_operator.py took 0.039 seconds
[2024-10-26 09:43:29,403] {processor.py:153} INFO - Started process (PID=2596) to work on /root/Documentos/airflow/venv/lib/python3.9/site-packages/airflow/example_dags/example_branch_datetime_operator.py
[2024-10-26 09:43:29,405] {processor.py:641} INFO - Processing file /root/Documentos/airflow/venv/lib/python3.9/site-packages/airflow/example_dags/example_branch_datetime_operator.py for tasks to queue
[2024-10-26 09:43:29,405] {logging_mixin.py:115} INFO - [2024-10-26 09:43:29,405] {dagbag.py:507} INFO - Filling up the DagBag from /root/Documentos/airflow/venv/lib/python3.9/site-packages/airflow/example_dags/example_branch_datetime_operator.py
[2024-10-26 09:43:29,408] {processor.py:651} INFO - DAG(s) dict_keys(['example_branch_datetime_operator_2']) retrieved from /root/Documentos/airflow/venv/lib/python3.9/site-packages/airflow/example_dags/example_branch_datetime_operator.py
[2024-10-26 09:43:29,417] {logging_mixin.py:115} INFO - [2024-10-26 09:43:29,417] {dag.py:2379} INFO - Sync 1 DAGs
[2024-10-26 09:43:29,428] {logging_mixin.py:115} INFO - [2024-10-26 09:43:29,428] {dag.py:2927} INFO - Setting next_dagrun for example_branch_datetime_operator_2 to 2024-10-25T00:00:00+00:00, run_after=2024-10-26T00:00:00+00:00
[2024-10-26 09:43:29,441] {processor.py:161} INFO - Processing /root/Documentos/airflow/venv/lib/python3.9/site-packages/airflow/example_dags/example_branch_datetime_operator.py took 0.039 seconds
[2024-10-26 09:44:02,787] {processor.py:153} INFO - Started process (PID=2757) to work on /root/Documentos/airflow/venv/lib/python3.9/site-packages/airflow/example_dags/example_branch_datetime_operator.py
[2024-10-26 09:44:02,791] {processor.py:641} INFO - Processing file /root/Documentos/airflow/venv/lib/python3.9/site-packages/airflow/example_dags/example_branch_datetime_operator.py for tasks to queue
[2024-10-26 09:44:02,792] {logging_mixin.py:115} INFO - [2024-10-26 09:44:02,792] {dagbag.py:507} INFO - Filling up the DagBag from /root/Documentos/airflow/venv/lib/python3.9/site-packages/airflow/example_dags/example_branch_datetime_operator.py
[2024-10-26 09:44:02,796] {processor.py:651} INFO - DAG(s) dict_keys(['example_branch_datetime_operator_2']) retrieved from /root/Documentos/airflow/venv/lib/python3.9/site-packages/airflow/example_dags/example_branch_datetime_operator.py
[2024-10-26 09:44:02,804] {logging_mixin.py:115} INFO - [2024-10-26 09:44:02,804] {dag.py:2379} INFO - Sync 1 DAGs
[2024-10-26 09:44:02,815] {logging_mixin.py:115} INFO - [2024-10-26 09:44:02,815] {dag.py:2927} INFO - Setting next_dagrun for example_branch_datetime_operator_2 to 2024-10-25T00:00:00+00:00, run_after=2024-10-26T00:00:00+00:00
[2024-10-26 09:44:02,826] {processor.py:161} INFO - Processing /root/Documentos/airflow/venv/lib/python3.9/site-packages/airflow/example_dags/example_branch_datetime_operator.py took 0.041 seconds
[2024-10-26 09:44:35,633] {processor.py:153} INFO - Started process (PID=2917) to work on /root/Documentos/airflow/venv/lib/python3.9/site-packages/airflow/example_dags/example_branch_datetime_operator.py
[2024-10-26 09:44:35,633] {processor.py:641} INFO - Processing file /root/Documentos/airflow/venv/lib/python3.9/site-packages/airflow/example_dags/example_branch_datetime_operator.py for tasks to queue
[2024-10-26 09:44:35,633] {logging_mixin.py:115} INFO - [2024-10-26 09:44:35,633] {dagbag.py:507} INFO - Filling up the DagBag from /root/Documentos/airflow/venv/lib/python3.9/site-packages/airflow/example_dags/example_branch_datetime_operator.py
[2024-10-26 09:44:35,637] {processor.py:651} INFO - DAG(s) dict_keys(['example_branch_datetime_operator_2']) retrieved from /root/Documentos/airflow/venv/lib/python3.9/site-packages/airflow/example_dags/example_branch_datetime_operator.py
[2024-10-26 09:44:35,646] {logging_mixin.py:115} INFO - [2024-10-26 09:44:35,646] {dag.py:2379} INFO - Sync 1 DAGs
[2024-10-26 09:44:35,659] {logging_mixin.py:115} INFO - [2024-10-26 09:44:35,659] {dag.py:2927} INFO - Setting next_dagrun for example_branch_datetime_operator_2 to 2024-10-25T00:00:00+00:00, run_after=2024-10-26T00:00:00+00:00
[2024-10-26 09:44:35,672] {processor.py:161} INFO - Processing /root/Documentos/airflow/venv/lib/python3.9/site-packages/airflow/example_dags/example_branch_datetime_operator.py took 0.040 seconds
[2024-10-26 09:45:06,051] {processor.py:153} INFO - Started process (PID=3065) to work on /root/Documentos/airflow/venv/lib/python3.9/site-packages/airflow/example_dags/example_branch_datetime_operator.py
[2024-10-26 09:45:06,054] {processor.py:641} INFO - Processing file /root/Documentos/airflow/venv/lib/python3.9/site-packages/airflow/example_dags/example_branch_datetime_operator.py for tasks to queue
[2024-10-26 09:45:06,055] {logging_mixin.py:115} INFO - [2024-10-26 09:45:06,055] {dagbag.py:507} INFO - Filling up the DagBag from /root/Documentos/airflow/venv/lib/python3.9/site-packages/airflow/example_dags/example_branch_datetime_operator.py
[2024-10-26 09:45:06,059] {processor.py:651} INFO - DAG(s) dict_keys(['example_branch_datetime_operator_2']) retrieved from /root/Documentos/airflow/venv/lib/python3.9/site-packages/airflow/example_dags/example_branch_datetime_operator.py
[2024-10-26 09:45:06,068] {logging_mixin.py:115} INFO - [2024-10-26 09:45:06,068] {dag.py:2379} INFO - Sync 1 DAGs
[2024-10-26 09:45:06,079] {logging_mixin.py:115} INFO - [2024-10-26 09:45:06,079] {dag.py:2927} INFO - Setting next_dagrun for example_branch_datetime_operator_2 to 2024-10-25T00:00:00+00:00, run_after=2024-10-26T00:00:00+00:00
[2024-10-26 09:45:06,092] {processor.py:161} INFO - Processing /root/Documentos/airflow/venv/lib/python3.9/site-packages/airflow/example_dags/example_branch_datetime_operator.py took 0.042 seconds
[2024-10-26 09:45:41,011] {processor.py:153} INFO - Started process (PID=3233) to work on /root/Documentos/airflow/venv/lib/python3.9/site-packages/airflow/example_dags/example_branch_datetime_operator.py
[2024-10-26 09:45:41,016] {processor.py:641} INFO - Processing file /root/Documentos/airflow/venv/lib/python3.9/site-packages/airflow/example_dags/example_branch_datetime_operator.py for tasks to queue
[2024-10-26 09:45:41,016] {logging_mixin.py:115} INFO - [2024-10-26 09:45:41,016] {dagbag.py:507} INFO - Filling up the DagBag from /root/Documentos/airflow/venv/lib/python3.9/site-packages/airflow/example_dags/example_branch_datetime_operator.py
[2024-10-26 09:45:41,020] {processor.py:651} INFO - DAG(s) dict_keys(['example_branch_datetime_operator_2']) retrieved from /root/Documentos/airflow/venv/lib/python3.9/site-packages/airflow/example_dags/example_branch_datetime_operator.py
[2024-10-26 09:45:41,028] {logging_mixin.py:115} INFO - [2024-10-26 09:45:41,028] {dag.py:2379} INFO - Sync 1 DAGs
[2024-10-26 09:45:41,039] {logging_mixin.py:115} INFO - [2024-10-26 09:45:41,039] {dag.py:2927} INFO - Setting next_dagrun for example_branch_datetime_operator_2 to 2024-10-25T00:00:00+00:00, run_after=2024-10-26T00:00:00+00:00
[2024-10-26 09:45:41,053] {processor.py:161} INFO - Processing /root/Documentos/airflow/venv/lib/python3.9/site-packages/airflow/example_dags/example_branch_datetime_operator.py took 0.043 seconds
[2024-10-26 09:46:13,946] {processor.py:153} INFO - Started process (PID=3392) to work on /root/Documentos/airflow/venv/lib/python3.9/site-packages/airflow/example_dags/example_branch_datetime_operator.py
[2024-10-26 09:46:13,954] {processor.py:641} INFO - Processing file /root/Documentos/airflow/venv/lib/python3.9/site-packages/airflow/example_dags/example_branch_datetime_operator.py for tasks to queue
[2024-10-26 09:46:13,954] {logging_mixin.py:115} INFO - [2024-10-26 09:46:13,954] {dagbag.py:507} INFO - Filling up the DagBag from /root/Documentos/airflow/venv/lib/python3.9/site-packages/airflow/example_dags/example_branch_datetime_operator.py
[2024-10-26 09:46:13,959] {processor.py:651} INFO - DAG(s) dict_keys(['example_branch_datetime_operator_2']) retrieved from /root/Documentos/airflow/venv/lib/python3.9/site-packages/airflow/example_dags/example_branch_datetime_operator.py
[2024-10-26 09:46:13,968] {logging_mixin.py:115} INFO - [2024-10-26 09:46:13,968] {dag.py:2379} INFO - Sync 1 DAGs
[2024-10-26 09:46:13,979] {logging_mixin.py:115} INFO - [2024-10-26 09:46:13,979] {dag.py:2927} INFO - Setting next_dagrun for example_branch_datetime_operator_2 to 2024-10-25T00:00:00+00:00, run_after=2024-10-26T00:00:00+00:00
[2024-10-26 09:46:13,992] {processor.py:161} INFO - Processing /root/Documentos/airflow/venv/lib/python3.9/site-packages/airflow/example_dags/example_branch_datetime_operator.py took 0.047 seconds
[2024-10-26 09:46:45,052] {processor.py:153} INFO - Started process (PID=3620) to work on /root/Documentos/airflow/venv/lib/python3.9/site-packages/airflow/example_dags/example_branch_datetime_operator.py
[2024-10-26 09:46:45,059] {processor.py:641} INFO - Processing file /root/Documentos/airflow/venv/lib/python3.9/site-packages/airflow/example_dags/example_branch_datetime_operator.py for tasks to queue
[2024-10-26 09:46:45,059] {logging_mixin.py:115} INFO - [2024-10-26 09:46:45,059] {dagbag.py:507} INFO - Filling up the DagBag from /root/Documentos/airflow/venv/lib/python3.9/site-packages/airflow/example_dags/example_branch_datetime_operator.py
[2024-10-26 09:46:45,063] {processor.py:651} INFO - DAG(s) dict_keys(['example_branch_datetime_operator_2']) retrieved from /root/Documentos/airflow/venv/lib/python3.9/site-packages/airflow/example_dags/example_branch_datetime_operator.py
[2024-10-26 09:46:45,071] {logging_mixin.py:115} INFO - [2024-10-26 09:46:45,071] {dag.py:2379} INFO - Sync 1 DAGs
[2024-10-26 09:46:45,082] {logging_mixin.py:115} INFO - [2024-10-26 09:46:45,082] {dag.py:2927} INFO - Setting next_dagrun for example_branch_datetime_operator_2 to 2024-10-25T00:00:00+00:00, run_after=2024-10-26T00:00:00+00:00
[2024-10-26 09:46:45,095] {processor.py:161} INFO - Processing /root/Documentos/airflow/venv/lib/python3.9/site-packages/airflow/example_dags/example_branch_datetime_operator.py took 0.045 seconds
[2024-10-26 09:47:18,806] {processor.py:153} INFO - Started process (PID=3783) to work on /root/Documentos/airflow/venv/lib/python3.9/site-packages/airflow/example_dags/example_branch_datetime_operator.py
[2024-10-26 09:47:18,812] {processor.py:641} INFO - Processing file /root/Documentos/airflow/venv/lib/python3.9/site-packages/airflow/example_dags/example_branch_datetime_operator.py for tasks to queue
[2024-10-26 09:47:18,812] {logging_mixin.py:115} INFO - [2024-10-26 09:47:18,812] {dagbag.py:507} INFO - Filling up the DagBag from /root/Documentos/airflow/venv/lib/python3.9/site-packages/airflow/example_dags/example_branch_datetime_operator.py
[2024-10-26 09:47:18,816] {processor.py:651} INFO - DAG(s) dict_keys(['example_branch_datetime_operator_2']) retrieved from /root/Documentos/airflow/venv/lib/python3.9/site-packages/airflow/example_dags/example_branch_datetime_operator.py
[2024-10-26 09:47:18,824] {logging_mixin.py:115} INFO - [2024-10-26 09:47:18,823] {dag.py:2379} INFO - Sync 1 DAGs
[2024-10-26 09:47:18,835] {logging_mixin.py:115} INFO - [2024-10-26 09:47:18,834] {dag.py:2927} INFO - Setting next_dagrun for example_branch_datetime_operator_2 to 2024-10-25T00:00:00+00:00, run_after=2024-10-26T00:00:00+00:00
[2024-10-26 09:47:18,847] {processor.py:161} INFO - Processing /root/Documentos/airflow/venv/lib/python3.9/site-packages/airflow/example_dags/example_branch_datetime_operator.py took 0.043 seconds
[2024-10-26 09:47:50,007] {processor.py:153} INFO - Started process (PID=3936) to work on /root/Documentos/airflow/venv/lib/python3.9/site-packages/airflow/example_dags/example_branch_datetime_operator.py
[2024-10-26 09:47:50,007] {processor.py:641} INFO - Processing file /root/Documentos/airflow/venv/lib/python3.9/site-packages/airflow/example_dags/example_branch_datetime_operator.py for tasks to queue
[2024-10-26 09:47:50,007] {logging_mixin.py:115} INFO - [2024-10-26 09:47:50,007] {dagbag.py:507} INFO - Filling up the DagBag from /root/Documentos/airflow/venv/lib/python3.9/site-packages/airflow/example_dags/example_branch_datetime_operator.py
[2024-10-26 09:47:50,011] {processor.py:651} INFO - DAG(s) dict_keys(['example_branch_datetime_operator_2']) retrieved from /root/Documentos/airflow/venv/lib/python3.9/site-packages/airflow/example_dags/example_branch_datetime_operator.py
[2024-10-26 09:47:50,019] {logging_mixin.py:115} INFO - [2024-10-26 09:47:50,019] {dag.py:2379} INFO - Sync 1 DAGs
[2024-10-26 09:47:50,030] {logging_mixin.py:115} INFO - [2024-10-26 09:47:50,030] {dag.py:2927} INFO - Setting next_dagrun for example_branch_datetime_operator_2 to 2024-10-25T00:00:00+00:00, run_after=2024-10-26T00:00:00+00:00
[2024-10-26 09:47:50,042] {processor.py:161} INFO - Processing /root/Documentos/airflow/venv/lib/python3.9/site-packages/airflow/example_dags/example_branch_datetime_operator.py took 0.037 seconds
[2024-10-26 09:48:22,717] {processor.py:153} INFO - Started process (PID=4102) to work on /root/Documentos/airflow/venv/lib/python3.9/site-packages/airflow/example_dags/example_branch_datetime_operator.py
[2024-10-26 09:48:22,719] {processor.py:641} INFO - Processing file /root/Documentos/airflow/venv/lib/python3.9/site-packages/airflow/example_dags/example_branch_datetime_operator.py for tasks to queue
[2024-10-26 09:48:22,720] {logging_mixin.py:115} INFO - [2024-10-26 09:48:22,720] {dagbag.py:507} INFO - Filling up the DagBag from /root/Documentos/airflow/venv/lib/python3.9/site-packages/airflow/example_dags/example_branch_datetime_operator.py
[2024-10-26 09:48:22,724] {processor.py:651} INFO - DAG(s) dict_keys(['example_branch_datetime_operator_2']) retrieved from /root/Documentos/airflow/venv/lib/python3.9/site-packages/airflow/example_dags/example_branch_datetime_operator.py
[2024-10-26 09:48:22,732] {logging_mixin.py:115} INFO - [2024-10-26 09:48:22,732] {dag.py:2379} INFO - Sync 1 DAGs
[2024-10-26 09:48:22,743] {logging_mixin.py:115} INFO - [2024-10-26 09:48:22,743] {dag.py:2927} INFO - Setting next_dagrun for example_branch_datetime_operator_2 to 2024-10-25T00:00:00+00:00, run_after=2024-10-26T00:00:00+00:00
[2024-10-26 09:48:22,757] {processor.py:161} INFO - Processing /root/Documentos/airflow/venv/lib/python3.9/site-packages/airflow/example_dags/example_branch_datetime_operator.py took 0.043 seconds
[2024-10-26 09:48:55,236] {processor.py:153} INFO - Started process (PID=4259) to work on /root/Documentos/airflow/venv/lib/python3.9/site-packages/airflow/example_dags/example_branch_datetime_operator.py
[2024-10-26 09:48:55,242] {processor.py:641} INFO - Processing file /root/Documentos/airflow/venv/lib/python3.9/site-packages/airflow/example_dags/example_branch_datetime_operator.py for tasks to queue
[2024-10-26 09:48:55,242] {logging_mixin.py:115} INFO - [2024-10-26 09:48:55,242] {dagbag.py:507} INFO - Filling up the DagBag from /root/Documentos/airflow/venv/lib/python3.9/site-packages/airflow/example_dags/example_branch_datetime_operator.py
[2024-10-26 09:48:55,246] {processor.py:651} INFO - DAG(s) dict_keys(['example_branch_datetime_operator_2']) retrieved from /root/Documentos/airflow/venv/lib/python3.9/site-packages/airflow/example_dags/example_branch_datetime_operator.py
[2024-10-26 09:48:55,253] {logging_mixin.py:115} INFO - [2024-10-26 09:48:55,253] {dag.py:2379} INFO - Sync 1 DAGs
[2024-10-26 09:48:55,264] {logging_mixin.py:115} INFO - [2024-10-26 09:48:55,264] {dag.py:2927} INFO - Setting next_dagrun for example_branch_datetime_operator_2 to 2024-10-25T00:00:00+00:00, run_after=2024-10-26T00:00:00+00:00
[2024-10-26 09:48:55,279] {processor.py:161} INFO - Processing /root/Documentos/airflow/venv/lib/python3.9/site-packages/airflow/example_dags/example_branch_datetime_operator.py took 0.043 seconds
[2024-10-26 09:49:28,712] {processor.py:153} INFO - Started process (PID=4420) to work on /root/Documentos/airflow/venv/lib/python3.9/site-packages/airflow/example_dags/example_branch_datetime_operator.py
[2024-10-26 09:49:28,712] {processor.py:641} INFO - Processing file /root/Documentos/airflow/venv/lib/python3.9/site-packages/airflow/example_dags/example_branch_datetime_operator.py for tasks to queue
[2024-10-26 09:49:28,713] {logging_mixin.py:115} INFO - [2024-10-26 09:49:28,712] {dagbag.py:507} INFO - Filling up the DagBag from /root/Documentos/airflow/venv/lib/python3.9/site-packages/airflow/example_dags/example_branch_datetime_operator.py
[2024-10-26 09:49:28,716] {processor.py:651} INFO - DAG(s) dict_keys(['example_branch_datetime_operator_2']) retrieved from /root/Documentos/airflow/venv/lib/python3.9/site-packages/airflow/example_dags/example_branch_datetime_operator.py
[2024-10-26 09:49:28,724] {logging_mixin.py:115} INFO - [2024-10-26 09:49:28,724] {dag.py:2379} INFO - Sync 1 DAGs
[2024-10-26 09:49:28,735] {logging_mixin.py:115} INFO - [2024-10-26 09:49:28,735] {dag.py:2927} INFO - Setting next_dagrun for example_branch_datetime_operator_2 to 2024-10-25T00:00:00+00:00, run_after=2024-10-26T00:00:00+00:00
[2024-10-26 09:49:28,750] {processor.py:161} INFO - Processing /root/Documentos/airflow/venv/lib/python3.9/site-packages/airflow/example_dags/example_branch_datetime_operator.py took 0.040 seconds
[2024-10-26 09:50:00,849] {processor.py:153} INFO - Started process (PID=4575) to work on /root/Documentos/airflow/venv/lib/python3.9/site-packages/airflow/example_dags/example_branch_datetime_operator.py
[2024-10-26 09:50:00,850] {processor.py:641} INFO - Processing file /root/Documentos/airflow/venv/lib/python3.9/site-packages/airflow/example_dags/example_branch_datetime_operator.py for tasks to queue
[2024-10-26 09:50:00,850] {logging_mixin.py:115} INFO - [2024-10-26 09:50:00,850] {dagbag.py:507} INFO - Filling up the DagBag from /root/Documentos/airflow/venv/lib/python3.9/site-packages/airflow/example_dags/example_branch_datetime_operator.py
[2024-10-26 09:50:00,854] {processor.py:651} INFO - DAG(s) dict_keys(['example_branch_datetime_operator_2']) retrieved from /root/Documentos/airflow/venv/lib/python3.9/site-packages/airflow/example_dags/example_branch_datetime_operator.py
[2024-10-26 09:50:00,862] {logging_mixin.py:115} INFO - [2024-10-26 09:50:00,862] {dag.py:2379} INFO - Sync 1 DAGs
[2024-10-26 09:50:00,873] {logging_mixin.py:115} INFO - [2024-10-26 09:50:00,873] {dag.py:2927} INFO - Setting next_dagrun for example_branch_datetime_operator_2 to 2024-10-25T00:00:00+00:00, run_after=2024-10-26T00:00:00+00:00
[2024-10-26 09:50:00,889] {processor.py:161} INFO - Processing /root/Documentos/airflow/venv/lib/python3.9/site-packages/airflow/example_dags/example_branch_datetime_operator.py took 0.042 seconds
[2024-10-26 09:50:33,100] {processor.py:153} INFO - Started process (PID=4731) to work on /root/Documentos/airflow/venv/lib/python3.9/site-packages/airflow/example_dags/example_branch_datetime_operator.py
[2024-10-26 09:50:33,104] {processor.py:641} INFO - Processing file /root/Documentos/airflow/venv/lib/python3.9/site-packages/airflow/example_dags/example_branch_datetime_operator.py for tasks to queue
[2024-10-26 09:50:33,105] {logging_mixin.py:115} INFO - [2024-10-26 09:50:33,105] {dagbag.py:507} INFO - Filling up the DagBag from /root/Documentos/airflow/venv/lib/python3.9/site-packages/airflow/example_dags/example_branch_datetime_operator.py
[2024-10-26 09:50:33,108] {processor.py:651} INFO - DAG(s) dict_keys(['example_branch_datetime_operator_2']) retrieved from /root/Documentos/airflow/venv/lib/python3.9/site-packages/airflow/example_dags/example_branch_datetime_operator.py
[2024-10-26 09:50:33,116] {logging_mixin.py:115} INFO - [2024-10-26 09:50:33,116] {dag.py:2379} INFO - Sync 1 DAGs
[2024-10-26 09:50:33,127] {logging_mixin.py:115} INFO - [2024-10-26 09:50:33,127] {dag.py:2927} INFO - Setting next_dagrun for example_branch_datetime_operator_2 to 2024-10-25T00:00:00+00:00, run_after=2024-10-26T00:00:00+00:00
[2024-10-26 09:50:33,142] {processor.py:161} INFO - Processing /root/Documentos/airflow/venv/lib/python3.9/site-packages/airflow/example_dags/example_branch_datetime_operator.py took 0.043 seconds
[2024-10-26 09:51:05,588] {processor.py:153} INFO - Started process (PID=4889) to work on /root/Documentos/airflow/venv/lib/python3.9/site-packages/airflow/example_dags/example_branch_datetime_operator.py
[2024-10-26 09:51:05,588] {processor.py:641} INFO - Processing file /root/Documentos/airflow/venv/lib/python3.9/site-packages/airflow/example_dags/example_branch_datetime_operator.py for tasks to queue
[2024-10-26 09:51:05,588] {logging_mixin.py:115} INFO - [2024-10-26 09:51:05,588] {dagbag.py:507} INFO - Filling up the DagBag from /root/Documentos/airflow/venv/lib/python3.9/site-packages/airflow/example_dags/example_branch_datetime_operator.py
[2024-10-26 09:51:05,592] {processor.py:651} INFO - DAG(s) dict_keys(['example_branch_datetime_operator_2']) retrieved from /root/Documentos/airflow/venv/lib/python3.9/site-packages/airflow/example_dags/example_branch_datetime_operator.py
[2024-10-26 09:51:05,601] {logging_mixin.py:115} INFO - [2024-10-26 09:51:05,601] {dag.py:2379} INFO - Sync 1 DAGs
[2024-10-26 09:51:05,611] {logging_mixin.py:115} INFO - [2024-10-26 09:51:05,611] {dag.py:2927} INFO - Setting next_dagrun for example_branch_datetime_operator_2 to 2024-10-25T00:00:00+00:00, run_after=2024-10-26T00:00:00+00:00
[2024-10-26 09:51:05,626] {processor.py:161} INFO - Processing /root/Documentos/airflow/venv/lib/python3.9/site-packages/airflow/example_dags/example_branch_datetime_operator.py took 0.040 seconds
[2024-10-26 09:51:40,011] {processor.py:153} INFO - Started process (PID=5056) to work on /root/Documentos/airflow/venv/lib/python3.9/site-packages/airflow/example_dags/example_branch_datetime_operator.py
[2024-10-26 09:51:40,014] {processor.py:641} INFO - Processing file /root/Documentos/airflow/venv/lib/python3.9/site-packages/airflow/example_dags/example_branch_datetime_operator.py for tasks to queue
[2024-10-26 09:51:40,014] {logging_mixin.py:115} INFO - [2024-10-26 09:51:40,014] {dagbag.py:507} INFO - Filling up the DagBag from /root/Documentos/airflow/venv/lib/python3.9/site-packages/airflow/example_dags/example_branch_datetime_operator.py
[2024-10-26 09:51:40,018] {processor.py:651} INFO - DAG(s) dict_keys(['example_branch_datetime_operator_2']) retrieved from /root/Documentos/airflow/venv/lib/python3.9/site-packages/airflow/example_dags/example_branch_datetime_operator.py
[2024-10-26 09:51:40,026] {logging_mixin.py:115} INFO - [2024-10-26 09:51:40,026] {dag.py:2379} INFO - Sync 1 DAGs
[2024-10-26 09:51:40,037] {logging_mixin.py:115} INFO - [2024-10-26 09:51:40,037] {dag.py:2927} INFO - Setting next_dagrun for example_branch_datetime_operator_2 to 2024-10-25T00:00:00+00:00, run_after=2024-10-26T00:00:00+00:00
[2024-10-26 09:51:40,054] {processor.py:161} INFO - Processing /root/Documentos/airflow/venv/lib/python3.9/site-packages/airflow/example_dags/example_branch_datetime_operator.py took 0.044 seconds
[2024-10-26 09:52:12,722] {processor.py:153} INFO - Started process (PID=5213) to work on /root/Documentos/airflow/venv/lib/python3.9/site-packages/airflow/example_dags/example_branch_datetime_operator.py
[2024-10-26 09:52:12,722] {processor.py:641} INFO - Processing file /root/Documentos/airflow/venv/lib/python3.9/site-packages/airflow/example_dags/example_branch_datetime_operator.py for tasks to queue
[2024-10-26 09:52:12,722] {logging_mixin.py:115} INFO - [2024-10-26 09:52:12,722] {dagbag.py:507} INFO - Filling up the DagBag from /root/Documentos/airflow/venv/lib/python3.9/site-packages/airflow/example_dags/example_branch_datetime_operator.py
[2024-10-26 09:52:12,726] {processor.py:651} INFO - DAG(s) dict_keys(['example_branch_datetime_operator_2']) retrieved from /root/Documentos/airflow/venv/lib/python3.9/site-packages/airflow/example_dags/example_branch_datetime_operator.py
[2024-10-26 09:52:12,734] {logging_mixin.py:115} INFO - [2024-10-26 09:52:12,734] {dag.py:2379} INFO - Sync 1 DAGs
[2024-10-26 09:52:12,745] {logging_mixin.py:115} INFO - [2024-10-26 09:52:12,745] {dag.py:2927} INFO - Setting next_dagrun for example_branch_datetime_operator_2 to 2024-10-25T00:00:00+00:00, run_after=2024-10-26T00:00:00+00:00
[2024-10-26 09:52:12,760] {processor.py:161} INFO - Processing /root/Documentos/airflow/venv/lib/python3.9/site-packages/airflow/example_dags/example_branch_datetime_operator.py took 0.040 seconds
[2024-10-26 09:52:45,443] {processor.py:153} INFO - Started process (PID=5373) to work on /root/Documentos/airflow/venv/lib/python3.9/site-packages/airflow/example_dags/example_branch_datetime_operator.py
[2024-10-26 09:52:45,445] {processor.py:641} INFO - Processing file /root/Documentos/airflow/venv/lib/python3.9/site-packages/airflow/example_dags/example_branch_datetime_operator.py for tasks to queue
[2024-10-26 09:52:45,445] {logging_mixin.py:115} INFO - [2024-10-26 09:52:45,445] {dagbag.py:507} INFO - Filling up the DagBag from /root/Documentos/airflow/venv/lib/python3.9/site-packages/airflow/example_dags/example_branch_datetime_operator.py
[2024-10-26 09:52:45,449] {processor.py:651} INFO - DAG(s) dict_keys(['example_branch_datetime_operator_2']) retrieved from /root/Documentos/airflow/venv/lib/python3.9/site-packages/airflow/example_dags/example_branch_datetime_operator.py
[2024-10-26 09:52:45,457] {logging_mixin.py:115} INFO - [2024-10-26 09:52:45,457] {dag.py:2379} INFO - Sync 1 DAGs
[2024-10-26 09:52:45,468] {logging_mixin.py:115} INFO - [2024-10-26 09:52:45,468] {dag.py:2927} INFO - Setting next_dagrun for example_branch_datetime_operator_2 to 2024-10-25T00:00:00+00:00, run_after=2024-10-26T00:00:00+00:00
[2024-10-26 09:52:45,485] {processor.py:161} INFO - Processing /root/Documentos/airflow/venv/lib/python3.9/site-packages/airflow/example_dags/example_branch_datetime_operator.py took 0.043 seconds
[2024-10-26 09:53:19,870] {processor.py:153} INFO - Started process (PID=5539) to work on /root/Documentos/airflow/venv/lib/python3.9/site-packages/airflow/example_dags/example_branch_datetime_operator.py
[2024-10-26 09:53:19,876] {processor.py:641} INFO - Processing file /root/Documentos/airflow/venv/lib/python3.9/site-packages/airflow/example_dags/example_branch_datetime_operator.py for tasks to queue
[2024-10-26 09:53:19,876] {logging_mixin.py:115} INFO - [2024-10-26 09:53:19,876] {dagbag.py:507} INFO - Filling up the DagBag from /root/Documentos/airflow/venv/lib/python3.9/site-packages/airflow/example_dags/example_branch_datetime_operator.py
[2024-10-26 09:53:19,880] {processor.py:651} INFO - DAG(s) dict_keys(['example_branch_datetime_operator_2']) retrieved from /root/Documentos/airflow/venv/lib/python3.9/site-packages/airflow/example_dags/example_branch_datetime_operator.py
[2024-10-26 09:53:19,888] {logging_mixin.py:115} INFO - [2024-10-26 09:53:19,888] {dag.py:2379} INFO - Sync 1 DAGs
[2024-10-26 09:53:19,899] {logging_mixin.py:115} INFO - [2024-10-26 09:53:19,899] {dag.py:2927} INFO - Setting next_dagrun for example_branch_datetime_operator_2 to 2024-10-25T00:00:00+00:00, run_after=2024-10-26T00:00:00+00:00
[2024-10-26 09:53:19,915] {processor.py:161} INFO - Processing /root/Documentos/airflow/venv/lib/python3.9/site-packages/airflow/example_dags/example_branch_datetime_operator.py took 0.046 seconds
[2024-10-26 09:53:52,579] {processor.py:153} INFO - Started process (PID=5698) to work on /root/Documentos/airflow/venv/lib/python3.9/site-packages/airflow/example_dags/example_branch_datetime_operator.py
[2024-10-26 09:53:52,579] {processor.py:641} INFO - Processing file /root/Documentos/airflow/venv/lib/python3.9/site-packages/airflow/example_dags/example_branch_datetime_operator.py for tasks to queue
[2024-10-26 09:53:52,579] {logging_mixin.py:115} INFO - [2024-10-26 09:53:52,579] {dagbag.py:507} INFO - Filling up the DagBag from /root/Documentos/airflow/venv/lib/python3.9/site-packages/airflow/example_dags/example_branch_datetime_operator.py
[2024-10-26 09:53:52,583] {processor.py:651} INFO - DAG(s) dict_keys(['example_branch_datetime_operator_2']) retrieved from /root/Documentos/airflow/venv/lib/python3.9/site-packages/airflow/example_dags/example_branch_datetime_operator.py
[2024-10-26 09:53:52,591] {logging_mixin.py:115} INFO - [2024-10-26 09:53:52,591] {dag.py:2379} INFO - Sync 1 DAGs
[2024-10-26 09:53:52,602] {logging_mixin.py:115} INFO - [2024-10-26 09:53:52,602] {dag.py:2927} INFO - Setting next_dagrun for example_branch_datetime_operator_2 to 2024-10-25T00:00:00+00:00, run_after=2024-10-26T00:00:00+00:00
[2024-10-26 09:53:52,618] {processor.py:161} INFO - Processing /root/Documentos/airflow/venv/lib/python3.9/site-packages/airflow/example_dags/example_branch_datetime_operator.py took 0.041 seconds
[2024-10-26 09:54:25,289] {processor.py:153} INFO - Started process (PID=5855) to work on /root/Documentos/airflow/venv/lib/python3.9/site-packages/airflow/example_dags/example_branch_datetime_operator.py
[2024-10-26 09:54:25,291] {processor.py:641} INFO - Processing file /root/Documentos/airflow/venv/lib/python3.9/site-packages/airflow/example_dags/example_branch_datetime_operator.py for tasks to queue
[2024-10-26 09:54:25,292] {logging_mixin.py:115} INFO - [2024-10-26 09:54:25,292] {dagbag.py:507} INFO - Filling up the DagBag from /root/Documentos/airflow/venv/lib/python3.9/site-packages/airflow/example_dags/example_branch_datetime_operator.py
[2024-10-26 09:54:25,296] {processor.py:651} INFO - DAG(s) dict_keys(['example_branch_datetime_operator_2']) retrieved from /root/Documentos/airflow/venv/lib/python3.9/site-packages/airflow/example_dags/example_branch_datetime_operator.py
[2024-10-26 09:54:25,304] {logging_mixin.py:115} INFO - [2024-10-26 09:54:25,304] {dag.py:2379} INFO - Sync 1 DAGs
[2024-10-26 09:54:25,315] {logging_mixin.py:115} INFO - [2024-10-26 09:54:25,315] {dag.py:2927} INFO - Setting next_dagrun for example_branch_datetime_operator_2 to 2024-10-25T00:00:00+00:00, run_after=2024-10-26T00:00:00+00:00
[2024-10-26 09:54:25,332] {processor.py:161} INFO - Processing /root/Documentos/airflow/venv/lib/python3.9/site-packages/airflow/example_dags/example_branch_datetime_operator.py took 0.044 seconds
[2024-10-26 09:55:00,873] {processor.py:153} INFO - Started process (PID=6026) to work on /root/Documentos/airflow/venv/lib/python3.9/site-packages/airflow/example_dags/example_branch_datetime_operator.py
[2024-10-26 09:55:00,877] {processor.py:641} INFO - Processing file /root/Documentos/airflow/venv/lib/python3.9/site-packages/airflow/example_dags/example_branch_datetime_operator.py for tasks to queue
[2024-10-26 09:55:00,878] {logging_mixin.py:115} INFO - [2024-10-26 09:55:00,877] {dagbag.py:507} INFO - Filling up the DagBag from /root/Documentos/airflow/venv/lib/python3.9/site-packages/airflow/example_dags/example_branch_datetime_operator.py
[2024-10-26 09:55:00,882] {processor.py:651} INFO - DAG(s) dict_keys(['example_branch_datetime_operator_2']) retrieved from /root/Documentos/airflow/venv/lib/python3.9/site-packages/airflow/example_dags/example_branch_datetime_operator.py
[2024-10-26 09:55:00,890] {logging_mixin.py:115} INFO - [2024-10-26 09:55:00,890] {dag.py:2379} INFO - Sync 1 DAGs
[2024-10-26 09:55:00,900] {logging_mixin.py:115} INFO - [2024-10-26 09:55:00,900] {dag.py:2927} INFO - Setting next_dagrun for example_branch_datetime_operator_2 to 2024-10-25T00:00:00+00:00, run_after=2024-10-26T00:00:00+00:00
[2024-10-26 09:55:00,915] {processor.py:161} INFO - Processing /root/Documentos/airflow/venv/lib/python3.9/site-packages/airflow/example_dags/example_branch_datetime_operator.py took 0.043 seconds
