[2024-10-26 09:24:31,983] {processor.py:153} INFO - Started process (PID=10147) to work on /root/Documentos/airflow/venv/lib/python3.9/site-packages/airflow/example_dags/example_kubernetes_executor.py
[2024-10-26 09:24:31,983] {processor.py:641} INFO - Processing file /root/Documentos/airflow/venv/lib/python3.9/site-packages/airflow/example_dags/example_kubernetes_executor.py for tasks to queue
[2024-10-26 09:24:31,983] {logging_mixin.py:115} INFO - [2024-10-26 09:24:31,983] {dagbag.py:507} INFO - Filling up the DagBag from /root/Documentos/airflow/venv/lib/python3.9/site-packages/airflow/example_dags/example_kubernetes_executor.py
[2024-10-26 09:24:31,991] {logging_mixin.py:115} INFO - [2024-10-26 09:24:31,991] {example_kubernetes_executor.py:39} WARNING - The example_kubernetes_executor example DAG requires the kubernetes provider. Please install it with: pip install apache-airflow[cncf.kubernetes]
[2024-10-26 09:24:31,991] {processor.py:653} WARNING - No viable dags retrieved from /root/Documentos/airflow/venv/lib/python3.9/site-packages/airflow/example_dags/example_kubernetes_executor.py
[2024-10-26 09:24:31,996] {processor.py:161} INFO - Processing /root/Documentos/airflow/venv/lib/python3.9/site-packages/airflow/example_dags/example_kubernetes_executor.py took 0.015 seconds
[2024-10-26 09:25:08,063] {processor.py:153} INFO - Started process (PID=10320) to work on /root/Documentos/airflow/venv/lib/python3.9/site-packages/airflow/example_dags/example_kubernetes_executor.py
[2024-10-26 09:25:08,067] {processor.py:641} INFO - Processing file /root/Documentos/airflow/venv/lib/python3.9/site-packages/airflow/example_dags/example_kubernetes_executor.py for tasks to queue
[2024-10-26 09:25:08,068] {logging_mixin.py:115} INFO - [2024-10-26 09:25:08,067] {dagbag.py:507} INFO - Filling up the DagBag from /root/Documentos/airflow/venv/lib/python3.9/site-packages/airflow/example_dags/example_kubernetes_executor.py
[2024-10-26 09:25:08,075] {logging_mixin.py:115} INFO - [2024-10-26 09:25:08,074] {example_kubernetes_executor.py:39} WARNING - The example_kubernetes_executor example DAG requires the kubernetes provider. Please install it with: pip install apache-airflow[cncf.kubernetes]
[2024-10-26 09:25:08,075] {processor.py:653} WARNING - No viable dags retrieved from /root/Documentos/airflow/venv/lib/python3.9/site-packages/airflow/example_dags/example_kubernetes_executor.py
[2024-10-26 09:25:08,080] {processor.py:161} INFO - Processing /root/Documentos/airflow/venv/lib/python3.9/site-packages/airflow/example_dags/example_kubernetes_executor.py took 0.019 seconds
[2024-10-26 09:25:41,639] {processor.py:153} INFO - Started process (PID=10483) to work on /root/Documentos/airflow/venv/lib/python3.9/site-packages/airflow/example_dags/example_kubernetes_executor.py
[2024-10-26 09:25:41,646] {processor.py:641} INFO - Processing file /root/Documentos/airflow/venv/lib/python3.9/site-packages/airflow/example_dags/example_kubernetes_executor.py for tasks to queue
[2024-10-26 09:25:41,646] {logging_mixin.py:115} INFO - [2024-10-26 09:25:41,646] {dagbag.py:507} INFO - Filling up the DagBag from /root/Documentos/airflow/venv/lib/python3.9/site-packages/airflow/example_dags/example_kubernetes_executor.py
[2024-10-26 09:25:41,660] {logging_mixin.py:115} INFO - [2024-10-26 09:25:41,660] {example_kubernetes_executor.py:39} WARNING - The example_kubernetes_executor example DAG requires the kubernetes provider. Please install it with: pip install apache-airflow[cncf.kubernetes]
[2024-10-26 09:25:41,660] {processor.py:653} WARNING - No viable dags retrieved from /root/Documentos/airflow/venv/lib/python3.9/site-packages/airflow/example_dags/example_kubernetes_executor.py
[2024-10-26 09:25:41,666] {processor.py:161} INFO - Processing /root/Documentos/airflow/venv/lib/python3.9/site-packages/airflow/example_dags/example_kubernetes_executor.py took 0.028 seconds
[2024-10-26 09:26:14,379] {processor.py:153} INFO - Started process (PID=10642) to work on /root/Documentos/airflow/venv/lib/python3.9/site-packages/airflow/example_dags/example_kubernetes_executor.py
[2024-10-26 09:26:14,386] {processor.py:641} INFO - Processing file /root/Documentos/airflow/venv/lib/python3.9/site-packages/airflow/example_dags/example_kubernetes_executor.py for tasks to queue
[2024-10-26 09:26:14,387] {logging_mixin.py:115} INFO - [2024-10-26 09:26:14,387] {dagbag.py:507} INFO - Filling up the DagBag from /root/Documentos/airflow/venv/lib/python3.9/site-packages/airflow/example_dags/example_kubernetes_executor.py
[2024-10-26 09:26:14,394] {logging_mixin.py:115} INFO - [2024-10-26 09:26:14,394] {example_kubernetes_executor.py:39} WARNING - The example_kubernetes_executor example DAG requires the kubernetes provider. Please install it with: pip install apache-airflow[cncf.kubernetes]
[2024-10-26 09:26:14,394] {processor.py:653} WARNING - No viable dags retrieved from /root/Documentos/airflow/venv/lib/python3.9/site-packages/airflow/example_dags/example_kubernetes_executor.py
[2024-10-26 09:26:14,399] {processor.py:161} INFO - Processing /root/Documentos/airflow/venv/lib/python3.9/site-packages/airflow/example_dags/example_kubernetes_executor.py took 0.022 seconds
[2024-10-26 09:26:48,472] {processor.py:153} INFO - Started process (PID=10806) to work on /root/Documentos/airflow/venv/lib/python3.9/site-packages/airflow/example_dags/example_kubernetes_executor.py
[2024-10-26 09:26:48,474] {processor.py:641} INFO - Processing file /root/Documentos/airflow/venv/lib/python3.9/site-packages/airflow/example_dags/example_kubernetes_executor.py for tasks to queue
[2024-10-26 09:26:48,475] {logging_mixin.py:115} INFO - [2024-10-26 09:26:48,475] {dagbag.py:507} INFO - Filling up the DagBag from /root/Documentos/airflow/venv/lib/python3.9/site-packages/airflow/example_dags/example_kubernetes_executor.py
[2024-10-26 09:26:48,482] {logging_mixin.py:115} INFO - [2024-10-26 09:26:48,482] {example_kubernetes_executor.py:39} WARNING - The example_kubernetes_executor example DAG requires the kubernetes provider. Please install it with: pip install apache-airflow[cncf.kubernetes]
[2024-10-26 09:26:48,482] {processor.py:653} WARNING - No viable dags retrieved from /root/Documentos/airflow/venv/lib/python3.9/site-packages/airflow/example_dags/example_kubernetes_executor.py
[2024-10-26 09:26:48,487] {processor.py:161} INFO - Processing /root/Documentos/airflow/venv/lib/python3.9/site-packages/airflow/example_dags/example_kubernetes_executor.py took 0.017 seconds
[2024-10-26 09:27:20,478] {processor.py:153} INFO - Started process (PID=10963) to work on /root/Documentos/airflow/venv/lib/python3.9/site-packages/airflow/example_dags/example_kubernetes_executor.py
[2024-10-26 09:27:20,480] {processor.py:641} INFO - Processing file /root/Documentos/airflow/venv/lib/python3.9/site-packages/airflow/example_dags/example_kubernetes_executor.py for tasks to queue
[2024-10-26 09:27:20,480] {logging_mixin.py:115} INFO - [2024-10-26 09:27:20,480] {dagbag.py:507} INFO - Filling up the DagBag from /root/Documentos/airflow/venv/lib/python3.9/site-packages/airflow/example_dags/example_kubernetes_executor.py
[2024-10-26 09:27:20,487] {logging_mixin.py:115} INFO - [2024-10-26 09:27:20,487] {example_kubernetes_executor.py:39} WARNING - The example_kubernetes_executor example DAG requires the kubernetes provider. Please install it with: pip install apache-airflow[cncf.kubernetes]
[2024-10-26 09:27:20,487] {processor.py:653} WARNING - No viable dags retrieved from /root/Documentos/airflow/venv/lib/python3.9/site-packages/airflow/example_dags/example_kubernetes_executor.py
[2024-10-26 09:27:20,492] {processor.py:161} INFO - Processing /root/Documentos/airflow/venv/lib/python3.9/site-packages/airflow/example_dags/example_kubernetes_executor.py took 0.015 seconds
[2024-10-26 09:27:53,258] {processor.py:153} INFO - Started process (PID=11127) to work on /root/Documentos/airflow/venv/lib/python3.9/site-packages/airflow/example_dags/example_kubernetes_executor.py
[2024-10-26 09:27:53,265] {processor.py:641} INFO - Processing file /root/Documentos/airflow/venv/lib/python3.9/site-packages/airflow/example_dags/example_kubernetes_executor.py for tasks to queue
[2024-10-26 09:27:53,265] {logging_mixin.py:115} INFO - [2024-10-26 09:27:53,265] {dagbag.py:507} INFO - Filling up the DagBag from /root/Documentos/airflow/venv/lib/python3.9/site-packages/airflow/example_dags/example_kubernetes_executor.py
[2024-10-26 09:27:53,272] {logging_mixin.py:115} INFO - [2024-10-26 09:27:53,272] {example_kubernetes_executor.py:39} WARNING - The example_kubernetes_executor example DAG requires the kubernetes provider. Please install it with: pip install apache-airflow[cncf.kubernetes]
[2024-10-26 09:27:53,272] {processor.py:653} WARNING - No viable dags retrieved from /root/Documentos/airflow/venv/lib/python3.9/site-packages/airflow/example_dags/example_kubernetes_executor.py
[2024-10-26 09:27:53,278] {processor.py:161} INFO - Processing /root/Documentos/airflow/venv/lib/python3.9/site-packages/airflow/example_dags/example_kubernetes_executor.py took 0.021 seconds
[2024-10-26 09:28:26,261] {processor.py:153} INFO - Started process (PID=11289) to work on /root/Documentos/airflow/venv/lib/python3.9/site-packages/airflow/example_dags/example_kubernetes_executor.py
[2024-10-26 09:28:26,269] {processor.py:641} INFO - Processing file /root/Documentos/airflow/venv/lib/python3.9/site-packages/airflow/example_dags/example_kubernetes_executor.py for tasks to queue
[2024-10-26 09:28:26,269] {logging_mixin.py:115} INFO - [2024-10-26 09:28:26,269] {dagbag.py:507} INFO - Filling up the DagBag from /root/Documentos/airflow/venv/lib/python3.9/site-packages/airflow/example_dags/example_kubernetes_executor.py
[2024-10-26 09:28:26,276] {logging_mixin.py:115} INFO - [2024-10-26 09:28:26,276] {example_kubernetes_executor.py:39} WARNING - The example_kubernetes_executor example DAG requires the kubernetes provider. Please install it with: pip install apache-airflow[cncf.kubernetes]
[2024-10-26 09:28:26,276] {processor.py:653} WARNING - No viable dags retrieved from /root/Documentos/airflow/venv/lib/python3.9/site-packages/airflow/example_dags/example_kubernetes_executor.py
[2024-10-26 09:28:26,282] {processor.py:161} INFO - Processing /root/Documentos/airflow/venv/lib/python3.9/site-packages/airflow/example_dags/example_kubernetes_executor.py took 0.022 seconds
[2024-10-26 09:37:50,211] {processor.py:153} INFO - Started process (PID=945) to work on /root/Documentos/airflow/venv/lib/python3.9/site-packages/airflow/example_dags/example_kubernetes_executor.py
[2024-10-26 09:37:50,216] {processor.py:641} INFO - Processing file /root/Documentos/airflow/venv/lib/python3.9/site-packages/airflow/example_dags/example_kubernetes_executor.py for tasks to queue
[2024-10-26 09:37:50,217] {logging_mixin.py:115} INFO - [2024-10-26 09:37:50,216] {dagbag.py:507} INFO - Filling up the DagBag from /root/Documentos/airflow/venv/lib/python3.9/site-packages/airflow/example_dags/example_kubernetes_executor.py
[2024-10-26 09:37:50,225] {logging_mixin.py:115} INFO - [2024-10-26 09:37:50,225] {example_kubernetes_executor.py:39} WARNING - The example_kubernetes_executor example DAG requires the kubernetes provider. Please install it with: pip install apache-airflow[cncf.kubernetes]
[2024-10-26 09:37:50,225] {processor.py:653} WARNING - No viable dags retrieved from /root/Documentos/airflow/venv/lib/python3.9/site-packages/airflow/example_dags/example_kubernetes_executor.py
[2024-10-26 09:37:50,230] {processor.py:161} INFO - Processing /root/Documentos/airflow/venv/lib/python3.9/site-packages/airflow/example_dags/example_kubernetes_executor.py took 0.021 seconds
[2024-10-26 09:38:21,429] {processor.py:153} INFO - Started process (PID=1102) to work on /root/Documentos/airflow/venv/lib/python3.9/site-packages/airflow/example_dags/example_kubernetes_executor.py
[2024-10-26 09:38:21,434] {processor.py:641} INFO - Processing file /root/Documentos/airflow/venv/lib/python3.9/site-packages/airflow/example_dags/example_kubernetes_executor.py for tasks to queue
[2024-10-26 09:38:21,435] {logging_mixin.py:115} INFO - [2024-10-26 09:38:21,435] {dagbag.py:507} INFO - Filling up the DagBag from /root/Documentos/airflow/venv/lib/python3.9/site-packages/airflow/example_dags/example_kubernetes_executor.py
[2024-10-26 09:38:21,444] {logging_mixin.py:115} INFO - [2024-10-26 09:38:21,444] {example_kubernetes_executor.py:39} WARNING - The example_kubernetes_executor example DAG requires the kubernetes provider. Please install it with: pip install apache-airflow[cncf.kubernetes]
[2024-10-26 09:38:21,444] {processor.py:653} WARNING - No viable dags retrieved from /root/Documentos/airflow/venv/lib/python3.9/site-packages/airflow/example_dags/example_kubernetes_executor.py
[2024-10-26 09:38:21,450] {processor.py:161} INFO - Processing /root/Documentos/airflow/venv/lib/python3.9/site-packages/airflow/example_dags/example_kubernetes_executor.py took 0.022 seconds
[2024-10-26 09:38:54,687] {processor.py:153} INFO - Started process (PID=1266) to work on /root/Documentos/airflow/venv/lib/python3.9/site-packages/airflow/example_dags/example_kubernetes_executor.py
[2024-10-26 09:38:54,688] {processor.py:641} INFO - Processing file /root/Documentos/airflow/venv/lib/python3.9/site-packages/airflow/example_dags/example_kubernetes_executor.py for tasks to queue
[2024-10-26 09:38:54,689] {logging_mixin.py:115} INFO - [2024-10-26 09:38:54,689] {dagbag.py:507} INFO - Filling up the DagBag from /root/Documentos/airflow/venv/lib/python3.9/site-packages/airflow/example_dags/example_kubernetes_executor.py
[2024-10-26 09:38:54,697] {logging_mixin.py:115} INFO - [2024-10-26 09:38:54,697] {example_kubernetes_executor.py:39} WARNING - The example_kubernetes_executor example DAG requires the kubernetes provider. Please install it with: pip install apache-airflow[cncf.kubernetes]
[2024-10-26 09:38:54,698] {processor.py:653} WARNING - No viable dags retrieved from /root/Documentos/airflow/venv/lib/python3.9/site-packages/airflow/example_dags/example_kubernetes_executor.py
[2024-10-26 09:38:54,704] {processor.py:161} INFO - Processing /root/Documentos/airflow/venv/lib/python3.9/site-packages/airflow/example_dags/example_kubernetes_executor.py took 0.018 seconds
[2024-10-26 09:39:28,399] {processor.py:153} INFO - Started process (PID=1428) to work on /root/Documentos/airflow/venv/lib/python3.9/site-packages/airflow/example_dags/example_kubernetes_executor.py
[2024-10-26 09:39:28,404] {processor.py:641} INFO - Processing file /root/Documentos/airflow/venv/lib/python3.9/site-packages/airflow/example_dags/example_kubernetes_executor.py for tasks to queue
[2024-10-26 09:39:28,404] {logging_mixin.py:115} INFO - [2024-10-26 09:39:28,404] {dagbag.py:507} INFO - Filling up the DagBag from /root/Documentos/airflow/venv/lib/python3.9/site-packages/airflow/example_dags/example_kubernetes_executor.py
[2024-10-26 09:39:28,411] {logging_mixin.py:115} INFO - [2024-10-26 09:39:28,411] {example_kubernetes_executor.py:39} WARNING - The example_kubernetes_executor example DAG requires the kubernetes provider. Please install it with: pip install apache-airflow[cncf.kubernetes]
[2024-10-26 09:39:28,411] {processor.py:653} WARNING - No viable dags retrieved from /root/Documentos/airflow/venv/lib/python3.9/site-packages/airflow/example_dags/example_kubernetes_executor.py
[2024-10-26 09:39:28,416] {processor.py:161} INFO - Processing /root/Documentos/airflow/venv/lib/python3.9/site-packages/airflow/example_dags/example_kubernetes_executor.py took 0.019 seconds
[2024-10-26 09:40:01,149] {processor.py:153} INFO - Started process (PID=1587) to work on /root/Documentos/airflow/venv/lib/python3.9/site-packages/airflow/example_dags/example_kubernetes_executor.py
[2024-10-26 09:40:01,157] {processor.py:641} INFO - Processing file /root/Documentos/airflow/venv/lib/python3.9/site-packages/airflow/example_dags/example_kubernetes_executor.py for tasks to queue
[2024-10-26 09:40:01,157] {logging_mixin.py:115} INFO - [2024-10-26 09:40:01,157] {dagbag.py:507} INFO - Filling up the DagBag from /root/Documentos/airflow/venv/lib/python3.9/site-packages/airflow/example_dags/example_kubernetes_executor.py
[2024-10-26 09:40:01,165] {logging_mixin.py:115} INFO - [2024-10-26 09:40:01,165] {example_kubernetes_executor.py:39} WARNING - The example_kubernetes_executor example DAG requires the kubernetes provider. Please install it with: pip install apache-airflow[cncf.kubernetes]
[2024-10-26 09:40:01,165] {processor.py:653} WARNING - No viable dags retrieved from /root/Documentos/airflow/venv/lib/python3.9/site-packages/airflow/example_dags/example_kubernetes_executor.py
[2024-10-26 09:40:01,171] {processor.py:161} INFO - Processing /root/Documentos/airflow/venv/lib/python3.9/site-packages/airflow/example_dags/example_kubernetes_executor.py took 0.022 seconds
[2024-10-26 09:40:35,601] {processor.py:153} INFO - Started process (PID=1753) to work on /root/Documentos/airflow/venv/lib/python3.9/site-packages/airflow/example_dags/example_kubernetes_executor.py
[2024-10-26 09:40:35,601] {processor.py:641} INFO - Processing file /root/Documentos/airflow/venv/lib/python3.9/site-packages/airflow/example_dags/example_kubernetes_executor.py for tasks to queue
[2024-10-26 09:40:35,601] {logging_mixin.py:115} INFO - [2024-10-26 09:40:35,601] {dagbag.py:507} INFO - Filling up the DagBag from /root/Documentos/airflow/venv/lib/python3.9/site-packages/airflow/example_dags/example_kubernetes_executor.py
[2024-10-26 09:40:35,609] {logging_mixin.py:115} INFO - [2024-10-26 09:40:35,608] {example_kubernetes_executor.py:39} WARNING - The example_kubernetes_executor example DAG requires the kubernetes provider. Please install it with: pip install apache-airflow[cncf.kubernetes]
[2024-10-26 09:40:35,609] {processor.py:653} WARNING - No viable dags retrieved from /root/Documentos/airflow/venv/lib/python3.9/site-packages/airflow/example_dags/example_kubernetes_executor.py
[2024-10-26 09:40:35,614] {processor.py:161} INFO - Processing /root/Documentos/airflow/venv/lib/python3.9/site-packages/airflow/example_dags/example_kubernetes_executor.py took 0.014 seconds
[2024-10-26 09:41:08,905] {processor.py:153} INFO - Started process (PID=1915) to work on /root/Documentos/airflow/venv/lib/python3.9/site-packages/airflow/example_dags/example_kubernetes_executor.py
[2024-10-26 09:41:08,912] {processor.py:641} INFO - Processing file /root/Documentos/airflow/venv/lib/python3.9/site-packages/airflow/example_dags/example_kubernetes_executor.py for tasks to queue
[2024-10-26 09:41:08,912] {logging_mixin.py:115} INFO - [2024-10-26 09:41:08,912] {dagbag.py:507} INFO - Filling up the DagBag from /root/Documentos/airflow/venv/lib/python3.9/site-packages/airflow/example_dags/example_kubernetes_executor.py
[2024-10-26 09:41:08,919] {logging_mixin.py:115} INFO - [2024-10-26 09:41:08,919] {example_kubernetes_executor.py:39} WARNING - The example_kubernetes_executor example DAG requires the kubernetes provider. Please install it with: pip install apache-airflow[cncf.kubernetes]
[2024-10-26 09:41:08,919] {processor.py:653} WARNING - No viable dags retrieved from /root/Documentos/airflow/venv/lib/python3.9/site-packages/airflow/example_dags/example_kubernetes_executor.py
[2024-10-26 09:41:08,925] {processor.py:161} INFO - Processing /root/Documentos/airflow/venv/lib/python3.9/site-packages/airflow/example_dags/example_kubernetes_executor.py took 0.021 seconds
[2024-10-26 09:41:41,011] {processor.py:153} INFO - Started process (PID=2070) to work on /root/Documentos/airflow/venv/lib/python3.9/site-packages/airflow/example_dags/example_kubernetes_executor.py
[2024-10-26 09:41:41,012] {processor.py:641} INFO - Processing file /root/Documentos/airflow/venv/lib/python3.9/site-packages/airflow/example_dags/example_kubernetes_executor.py for tasks to queue
[2024-10-26 09:41:41,012] {logging_mixin.py:115} INFO - [2024-10-26 09:41:41,012] {dagbag.py:507} INFO - Filling up the DagBag from /root/Documentos/airflow/venv/lib/python3.9/site-packages/airflow/example_dags/example_kubernetes_executor.py
[2024-10-26 09:41:41,020] {logging_mixin.py:115} INFO - [2024-10-26 09:41:41,020] {example_kubernetes_executor.py:39} WARNING - The example_kubernetes_executor example DAG requires the kubernetes provider. Please install it with: pip install apache-airflow[cncf.kubernetes]
[2024-10-26 09:41:41,020] {processor.py:653} WARNING - No viable dags retrieved from /root/Documentos/airflow/venv/lib/python3.9/site-packages/airflow/example_dags/example_kubernetes_executor.py
[2024-10-26 09:41:41,026] {processor.py:161} INFO - Processing /root/Documentos/airflow/venv/lib/python3.9/site-packages/airflow/example_dags/example_kubernetes_executor.py took 0.017 seconds
[2024-10-26 09:42:15,892] {processor.py:153} INFO - Started process (PID=2238) to work on /root/Documentos/airflow/venv/lib/python3.9/site-packages/airflow/example_dags/example_kubernetes_executor.py
[2024-10-26 09:42:15,899] {processor.py:641} INFO - Processing file /root/Documentos/airflow/venv/lib/python3.9/site-packages/airflow/example_dags/example_kubernetes_executor.py for tasks to queue
[2024-10-26 09:42:15,899] {logging_mixin.py:115} INFO - [2024-10-26 09:42:15,899] {dagbag.py:507} INFO - Filling up the DagBag from /root/Documentos/airflow/venv/lib/python3.9/site-packages/airflow/example_dags/example_kubernetes_executor.py
[2024-10-26 09:42:15,906] {logging_mixin.py:115} INFO - [2024-10-26 09:42:15,906] {example_kubernetes_executor.py:39} WARNING - The example_kubernetes_executor example DAG requires the kubernetes provider. Please install it with: pip install apache-airflow[cncf.kubernetes]
[2024-10-26 09:42:15,906] {processor.py:653} WARNING - No viable dags retrieved from /root/Documentos/airflow/venv/lib/python3.9/site-packages/airflow/example_dags/example_kubernetes_executor.py
[2024-10-26 09:42:15,911] {processor.py:161} INFO - Processing /root/Documentos/airflow/venv/lib/python3.9/site-packages/airflow/example_dags/example_kubernetes_executor.py took 0.021 seconds
[2024-10-26 09:42:48,137] {processor.py:153} INFO - Started process (PID=2396) to work on /root/Documentos/airflow/venv/lib/python3.9/site-packages/airflow/example_dags/example_kubernetes_executor.py
[2024-10-26 09:42:48,139] {processor.py:641} INFO - Processing file /root/Documentos/airflow/venv/lib/python3.9/site-packages/airflow/example_dags/example_kubernetes_executor.py for tasks to queue
[2024-10-26 09:42:48,139] {logging_mixin.py:115} INFO - [2024-10-26 09:42:48,139] {dagbag.py:507} INFO - Filling up the DagBag from /root/Documentos/airflow/venv/lib/python3.9/site-packages/airflow/example_dags/example_kubernetes_executor.py
[2024-10-26 09:42:48,146] {logging_mixin.py:115} INFO - [2024-10-26 09:42:48,146] {example_kubernetes_executor.py:39} WARNING - The example_kubernetes_executor example DAG requires the kubernetes provider. Please install it with: pip install apache-airflow[cncf.kubernetes]
[2024-10-26 09:42:48,146] {processor.py:653} WARNING - No viable dags retrieved from /root/Documentos/airflow/venv/lib/python3.9/site-packages/airflow/example_dags/example_kubernetes_executor.py
[2024-10-26 09:42:48,151] {processor.py:161} INFO - Processing /root/Documentos/airflow/venv/lib/python3.9/site-packages/airflow/example_dags/example_kubernetes_executor.py took 0.015 seconds
[2024-10-26 09:43:20,398] {processor.py:153} INFO - Started process (PID=2552) to work on /root/Documentos/airflow/venv/lib/python3.9/site-packages/airflow/example_dags/example_kubernetes_executor.py
[2024-10-26 09:43:20,405] {processor.py:641} INFO - Processing file /root/Documentos/airflow/venv/lib/python3.9/site-packages/airflow/example_dags/example_kubernetes_executor.py for tasks to queue
[2024-10-26 09:43:20,405] {logging_mixin.py:115} INFO - [2024-10-26 09:43:20,405] {dagbag.py:507} INFO - Filling up the DagBag from /root/Documentos/airflow/venv/lib/python3.9/site-packages/airflow/example_dags/example_kubernetes_executor.py
[2024-10-26 09:43:20,412] {logging_mixin.py:115} INFO - [2024-10-26 09:43:20,412] {example_kubernetes_executor.py:39} WARNING - The example_kubernetes_executor example DAG requires the kubernetes provider. Please install it with: pip install apache-airflow[cncf.kubernetes]
[2024-10-26 09:43:20,412] {processor.py:653} WARNING - No viable dags retrieved from /root/Documentos/airflow/venv/lib/python3.9/site-packages/airflow/example_dags/example_kubernetes_executor.py
[2024-10-26 09:43:20,418] {processor.py:161} INFO - Processing /root/Documentos/airflow/venv/lib/python3.9/site-packages/airflow/example_dags/example_kubernetes_executor.py took 0.022 seconds
[2024-10-26 09:43:51,535] {processor.py:153} INFO - Started process (PID=2702) to work on /root/Documentos/airflow/venv/lib/python3.9/site-packages/airflow/example_dags/example_kubernetes_executor.py
[2024-10-26 09:43:51,540] {processor.py:641} INFO - Processing file /root/Documentos/airflow/venv/lib/python3.9/site-packages/airflow/example_dags/example_kubernetes_executor.py for tasks to queue
[2024-10-26 09:43:51,541] {logging_mixin.py:115} INFO - [2024-10-26 09:43:51,541] {dagbag.py:507} INFO - Filling up the DagBag from /root/Documentos/airflow/venv/lib/python3.9/site-packages/airflow/example_dags/example_kubernetes_executor.py
[2024-10-26 09:43:51,548] {logging_mixin.py:115} INFO - [2024-10-26 09:43:51,548] {example_kubernetes_executor.py:39} WARNING - The example_kubernetes_executor example DAG requires the kubernetes provider. Please install it with: pip install apache-airflow[cncf.kubernetes]
[2024-10-26 09:43:51,548] {processor.py:653} WARNING - No viable dags retrieved from /root/Documentos/airflow/venv/lib/python3.9/site-packages/airflow/example_dags/example_kubernetes_executor.py
[2024-10-26 09:43:51,553] {processor.py:161} INFO - Processing /root/Documentos/airflow/venv/lib/python3.9/site-packages/airflow/example_dags/example_kubernetes_executor.py took 0.019 seconds
[2024-10-26 09:44:23,794] {processor.py:153} INFO - Started process (PID=2858) to work on /root/Documentos/airflow/venv/lib/python3.9/site-packages/airflow/example_dags/example_kubernetes_executor.py
[2024-10-26 09:44:23,795] {processor.py:641} INFO - Processing file /root/Documentos/airflow/venv/lib/python3.9/site-packages/airflow/example_dags/example_kubernetes_executor.py for tasks to queue
[2024-10-26 09:44:23,795] {logging_mixin.py:115} INFO - [2024-10-26 09:44:23,795] {dagbag.py:507} INFO - Filling up the DagBag from /root/Documentos/airflow/venv/lib/python3.9/site-packages/airflow/example_dags/example_kubernetes_executor.py
[2024-10-26 09:44:23,803] {logging_mixin.py:115} INFO - [2024-10-26 09:44:23,803] {example_kubernetes_executor.py:39} WARNING - The example_kubernetes_executor example DAG requires the kubernetes provider. Please install it with: pip install apache-airflow[cncf.kubernetes]
[2024-10-26 09:44:23,803] {processor.py:653} WARNING - No viable dags retrieved from /root/Documentos/airflow/venv/lib/python3.9/site-packages/airflow/example_dags/example_kubernetes_executor.py
[2024-10-26 09:44:23,810] {processor.py:161} INFO - Processing /root/Documentos/airflow/venv/lib/python3.9/site-packages/airflow/example_dags/example_kubernetes_executor.py took 0.018 seconds
[2024-10-26 09:44:56,927] {processor.py:153} INFO - Started process (PID=3019) to work on /root/Documentos/airflow/venv/lib/python3.9/site-packages/airflow/example_dags/example_kubernetes_executor.py
[2024-10-26 09:44:56,927] {processor.py:641} INFO - Processing file /root/Documentos/airflow/venv/lib/python3.9/site-packages/airflow/example_dags/example_kubernetes_executor.py for tasks to queue
[2024-10-26 09:44:56,927] {logging_mixin.py:115} INFO - [2024-10-26 09:44:56,927] {dagbag.py:507} INFO - Filling up the DagBag from /root/Documentos/airflow/venv/lib/python3.9/site-packages/airflow/example_dags/example_kubernetes_executor.py
[2024-10-26 09:44:56,935] {logging_mixin.py:115} INFO - [2024-10-26 09:44:56,935] {example_kubernetes_executor.py:39} WARNING - The example_kubernetes_executor example DAG requires the kubernetes provider. Please install it with: pip install apache-airflow[cncf.kubernetes]
[2024-10-26 09:44:56,935] {processor.py:653} WARNING - No viable dags retrieved from /root/Documentos/airflow/venv/lib/python3.9/site-packages/airflow/example_dags/example_kubernetes_executor.py
[2024-10-26 09:44:56,941] {processor.py:161} INFO - Processing /root/Documentos/airflow/venv/lib/python3.9/site-packages/airflow/example_dags/example_kubernetes_executor.py took 0.016 seconds
[2024-10-26 09:45:30,740] {processor.py:153} INFO - Started process (PID=3183) to work on /root/Documentos/airflow/venv/lib/python3.9/site-packages/airflow/example_dags/example_kubernetes_executor.py
[2024-10-26 09:45:30,745] {processor.py:641} INFO - Processing file /root/Documentos/airflow/venv/lib/python3.9/site-packages/airflow/example_dags/example_kubernetes_executor.py for tasks to queue
[2024-10-26 09:45:30,746] {logging_mixin.py:115} INFO - [2024-10-26 09:45:30,746] {dagbag.py:507} INFO - Filling up the DagBag from /root/Documentos/airflow/venv/lib/python3.9/site-packages/airflow/example_dags/example_kubernetes_executor.py
[2024-10-26 09:45:30,753] {logging_mixin.py:115} INFO - [2024-10-26 09:45:30,753] {example_kubernetes_executor.py:39} WARNING - The example_kubernetes_executor example DAG requires the kubernetes provider. Please install it with: pip install apache-airflow[cncf.kubernetes]
[2024-10-26 09:45:30,753] {processor.py:653} WARNING - No viable dags retrieved from /root/Documentos/airflow/venv/lib/python3.9/site-packages/airflow/example_dags/example_kubernetes_executor.py
[2024-10-26 09:45:30,767] {processor.py:161} INFO - Processing /root/Documentos/airflow/venv/lib/python3.9/site-packages/airflow/example_dags/example_kubernetes_executor.py took 0.028 seconds
[2024-10-26 09:46:03,823] {processor.py:153} INFO - Started process (PID=3341) to work on /root/Documentos/airflow/venv/lib/python3.9/site-packages/airflow/example_dags/example_kubernetes_executor.py
[2024-10-26 09:46:03,823] {processor.py:641} INFO - Processing file /root/Documentos/airflow/venv/lib/python3.9/site-packages/airflow/example_dags/example_kubernetes_executor.py for tasks to queue
[2024-10-26 09:46:03,823] {logging_mixin.py:115} INFO - [2024-10-26 09:46:03,823] {dagbag.py:507} INFO - Filling up the DagBag from /root/Documentos/airflow/venv/lib/python3.9/site-packages/airflow/example_dags/example_kubernetes_executor.py
[2024-10-26 09:46:03,830] {logging_mixin.py:115} INFO - [2024-10-26 09:46:03,830] {example_kubernetes_executor.py:39} WARNING - The example_kubernetes_executor example DAG requires the kubernetes provider. Please install it with: pip install apache-airflow[cncf.kubernetes]
[2024-10-26 09:46:03,830] {processor.py:653} WARNING - No viable dags retrieved from /root/Documentos/airflow/venv/lib/python3.9/site-packages/airflow/example_dags/example_kubernetes_executor.py
[2024-10-26 09:46:03,836] {processor.py:161} INFO - Processing /root/Documentos/airflow/venv/lib/python3.9/site-packages/airflow/example_dags/example_kubernetes_executor.py took 0.014 seconds
[2024-10-26 09:46:35,544] {processor.py:153} INFO - Started process (PID=3573) to work on /root/Documentos/airflow/venv/lib/python3.9/site-packages/airflow/example_dags/example_kubernetes_executor.py
[2024-10-26 09:46:35,549] {processor.py:641} INFO - Processing file /root/Documentos/airflow/venv/lib/python3.9/site-packages/airflow/example_dags/example_kubernetes_executor.py for tasks to queue
[2024-10-26 09:46:35,550] {logging_mixin.py:115} INFO - [2024-10-26 09:46:35,550] {dagbag.py:507} INFO - Filling up the DagBag from /root/Documentos/airflow/venv/lib/python3.9/site-packages/airflow/example_dags/example_kubernetes_executor.py
[2024-10-26 09:46:35,558] {logging_mixin.py:115} INFO - [2024-10-26 09:46:35,558] {example_kubernetes_executor.py:39} WARNING - The example_kubernetes_executor example DAG requires the kubernetes provider. Please install it with: pip install apache-airflow[cncf.kubernetes]
[2024-10-26 09:46:35,558] {processor.py:653} WARNING - No viable dags retrieved from /root/Documentos/airflow/venv/lib/python3.9/site-packages/airflow/example_dags/example_kubernetes_executor.py
[2024-10-26 09:46:35,563] {processor.py:161} INFO - Processing /root/Documentos/airflow/venv/lib/python3.9/site-packages/airflow/example_dags/example_kubernetes_executor.py took 0.021 seconds
[2024-10-26 09:47:09,372] {processor.py:153} INFO - Started process (PID=3736) to work on /root/Documentos/airflow/venv/lib/python3.9/site-packages/airflow/example_dags/example_kubernetes_executor.py
[2024-10-26 09:47:09,376] {processor.py:641} INFO - Processing file /root/Documentos/airflow/venv/lib/python3.9/site-packages/airflow/example_dags/example_kubernetes_executor.py for tasks to queue
[2024-10-26 09:47:09,376] {logging_mixin.py:115} INFO - [2024-10-26 09:47:09,376] {dagbag.py:507} INFO - Filling up the DagBag from /root/Documentos/airflow/venv/lib/python3.9/site-packages/airflow/example_dags/example_kubernetes_executor.py
[2024-10-26 09:47:09,384] {logging_mixin.py:115} INFO - [2024-10-26 09:47:09,384] {example_kubernetes_executor.py:39} WARNING - The example_kubernetes_executor example DAG requires the kubernetes provider. Please install it with: pip install apache-airflow[cncf.kubernetes]
[2024-10-26 09:47:09,384] {processor.py:653} WARNING - No viable dags retrieved from /root/Documentos/airflow/venv/lib/python3.9/site-packages/airflow/example_dags/example_kubernetes_executor.py
[2024-10-26 09:47:09,389] {processor.py:161} INFO - Processing /root/Documentos/airflow/venv/lib/python3.9/site-packages/airflow/example_dags/example_kubernetes_executor.py took 0.019 seconds
[2024-10-26 09:47:40,879] {processor.py:153} INFO - Started process (PID=3890) to work on /root/Documentos/airflow/venv/lib/python3.9/site-packages/airflow/example_dags/example_kubernetes_executor.py
[2024-10-26 09:47:40,885] {processor.py:641} INFO - Processing file /root/Documentos/airflow/venv/lib/python3.9/site-packages/airflow/example_dags/example_kubernetes_executor.py for tasks to queue
[2024-10-26 09:47:40,885] {logging_mixin.py:115} INFO - [2024-10-26 09:47:40,885] {dagbag.py:507} INFO - Filling up the DagBag from /root/Documentos/airflow/venv/lib/python3.9/site-packages/airflow/example_dags/example_kubernetes_executor.py
[2024-10-26 09:47:40,893] {logging_mixin.py:115} INFO - [2024-10-26 09:47:40,892] {example_kubernetes_executor.py:39} WARNING - The example_kubernetes_executor example DAG requires the kubernetes provider. Please install it with: pip install apache-airflow[cncf.kubernetes]
[2024-10-26 09:47:40,893] {processor.py:653} WARNING - No viable dags retrieved from /root/Documentos/airflow/venv/lib/python3.9/site-packages/airflow/example_dags/example_kubernetes_executor.py
[2024-10-26 09:47:40,898] {processor.py:161} INFO - Processing /root/Documentos/airflow/venv/lib/python3.9/site-packages/airflow/example_dags/example_kubernetes_executor.py took 0.020 seconds
[2024-10-26 09:48:11,688] {processor.py:153} INFO - Started process (PID=4049) to work on /root/Documentos/airflow/venv/lib/python3.9/site-packages/airflow/example_dags/example_kubernetes_executor.py
[2024-10-26 09:48:11,689] {processor.py:641} INFO - Processing file /root/Documentos/airflow/venv/lib/python3.9/site-packages/airflow/example_dags/example_kubernetes_executor.py for tasks to queue
[2024-10-26 09:48:11,689] {logging_mixin.py:115} INFO - [2024-10-26 09:48:11,689] {dagbag.py:507} INFO - Filling up the DagBag from /root/Documentos/airflow/venv/lib/python3.9/site-packages/airflow/example_dags/example_kubernetes_executor.py
[2024-10-26 09:48:11,696] {logging_mixin.py:115} INFO - [2024-10-26 09:48:11,696] {example_kubernetes_executor.py:39} WARNING - The example_kubernetes_executor example DAG requires the kubernetes provider. Please install it with: pip install apache-airflow[cncf.kubernetes]
[2024-10-26 09:48:11,696] {processor.py:653} WARNING - No viable dags retrieved from /root/Documentos/airflow/venv/lib/python3.9/site-packages/airflow/example_dags/example_kubernetes_executor.py
[2024-10-26 09:48:11,701] {processor.py:161} INFO - Processing /root/Documentos/airflow/venv/lib/python3.9/site-packages/airflow/example_dags/example_kubernetes_executor.py took 0.014 seconds
[2024-10-26 09:48:43,168] {processor.py:153} INFO - Started process (PID=4202) to work on /root/Documentos/airflow/venv/lib/python3.9/site-packages/airflow/example_dags/example_kubernetes_executor.py
[2024-10-26 09:48:43,170] {processor.py:641} INFO - Processing file /root/Documentos/airflow/venv/lib/python3.9/site-packages/airflow/example_dags/example_kubernetes_executor.py for tasks to queue
[2024-10-26 09:48:43,170] {logging_mixin.py:115} INFO - [2024-10-26 09:48:43,170] {dagbag.py:507} INFO - Filling up the DagBag from /root/Documentos/airflow/venv/lib/python3.9/site-packages/airflow/example_dags/example_kubernetes_executor.py
[2024-10-26 09:48:43,177] {logging_mixin.py:115} INFO - [2024-10-26 09:48:43,177] {example_kubernetes_executor.py:39} WARNING - The example_kubernetes_executor example DAG requires the kubernetes provider. Please install it with: pip install apache-airflow[cncf.kubernetes]
[2024-10-26 09:48:43,177] {processor.py:653} WARNING - No viable dags retrieved from /root/Documentos/airflow/venv/lib/python3.9/site-packages/airflow/example_dags/example_kubernetes_executor.py
[2024-10-26 09:48:43,182] {processor.py:161} INFO - Processing /root/Documentos/airflow/venv/lib/python3.9/site-packages/airflow/example_dags/example_kubernetes_executor.py took 0.015 seconds
[2024-10-26 09:49:15,820] {processor.py:153} INFO - Started process (PID=4361) to work on /root/Documentos/airflow/venv/lib/python3.9/site-packages/airflow/example_dags/example_kubernetes_executor.py
[2024-10-26 09:49:15,821] {processor.py:641} INFO - Processing file /root/Documentos/airflow/venv/lib/python3.9/site-packages/airflow/example_dags/example_kubernetes_executor.py for tasks to queue
[2024-10-26 09:49:15,821] {logging_mixin.py:115} INFO - [2024-10-26 09:49:15,821] {dagbag.py:507} INFO - Filling up the DagBag from /root/Documentos/airflow/venv/lib/python3.9/site-packages/airflow/example_dags/example_kubernetes_executor.py
[2024-10-26 09:49:15,828] {logging_mixin.py:115} INFO - [2024-10-26 09:49:15,828] {example_kubernetes_executor.py:39} WARNING - The example_kubernetes_executor example DAG requires the kubernetes provider. Please install it with: pip install apache-airflow[cncf.kubernetes]
[2024-10-26 09:49:15,828] {processor.py:653} WARNING - No viable dags retrieved from /root/Documentos/airflow/venv/lib/python3.9/site-packages/airflow/example_dags/example_kubernetes_executor.py
[2024-10-26 09:49:15,834] {processor.py:161} INFO - Processing /root/Documentos/airflow/venv/lib/python3.9/site-packages/airflow/example_dags/example_kubernetes_executor.py took 0.015 seconds
[2024-10-26 09:49:51,092] {processor.py:153} INFO - Started process (PID=4530) to work on /root/Documentos/airflow/venv/lib/python3.9/site-packages/airflow/example_dags/example_kubernetes_executor.py
[2024-10-26 09:49:51,097] {processor.py:641} INFO - Processing file /root/Documentos/airflow/venv/lib/python3.9/site-packages/airflow/example_dags/example_kubernetes_executor.py for tasks to queue
[2024-10-26 09:49:51,098] {logging_mixin.py:115} INFO - [2024-10-26 09:49:51,098] {dagbag.py:507} INFO - Filling up the DagBag from /root/Documentos/airflow/venv/lib/python3.9/site-packages/airflow/example_dags/example_kubernetes_executor.py
[2024-10-26 09:49:51,105] {logging_mixin.py:115} INFO - [2024-10-26 09:49:51,105] {example_kubernetes_executor.py:39} WARNING - The example_kubernetes_executor example DAG requires the kubernetes provider. Please install it with: pip install apache-airflow[cncf.kubernetes]
[2024-10-26 09:49:51,105] {processor.py:653} WARNING - No viable dags retrieved from /root/Documentos/airflow/venv/lib/python3.9/site-packages/airflow/example_dags/example_kubernetes_executor.py
[2024-10-26 09:49:51,110] {processor.py:161} INFO - Processing /root/Documentos/airflow/venv/lib/python3.9/site-packages/airflow/example_dags/example_kubernetes_executor.py took 0.020 seconds
[2024-10-26 09:50:23,872] {processor.py:153} INFO - Started process (PID=4689) to work on /root/Documentos/airflow/venv/lib/python3.9/site-packages/airflow/example_dags/example_kubernetes_executor.py
[2024-10-26 09:50:23,872] {processor.py:641} INFO - Processing file /root/Documentos/airflow/venv/lib/python3.9/site-packages/airflow/example_dags/example_kubernetes_executor.py for tasks to queue
[2024-10-26 09:50:23,872] {logging_mixin.py:115} INFO - [2024-10-26 09:50:23,872] {dagbag.py:507} INFO - Filling up the DagBag from /root/Documentos/airflow/venv/lib/python3.9/site-packages/airflow/example_dags/example_kubernetes_executor.py
[2024-10-26 09:50:23,879] {logging_mixin.py:115} INFO - [2024-10-26 09:50:23,879] {example_kubernetes_executor.py:39} WARNING - The example_kubernetes_executor example DAG requires the kubernetes provider. Please install it with: pip install apache-airflow[cncf.kubernetes]
[2024-10-26 09:50:23,879] {processor.py:653} WARNING - No viable dags retrieved from /root/Documentos/airflow/venv/lib/python3.9/site-packages/airflow/example_dags/example_kubernetes_executor.py
[2024-10-26 09:50:23,884] {processor.py:161} INFO - Processing /root/Documentos/airflow/venv/lib/python3.9/site-packages/airflow/example_dags/example_kubernetes_executor.py took 0.014 seconds
[2024-10-26 09:50:54,877] {processor.py:153} INFO - Started process (PID=4839) to work on /root/Documentos/airflow/venv/lib/python3.9/site-packages/airflow/example_dags/example_kubernetes_executor.py
[2024-10-26 09:50:54,882] {processor.py:641} INFO - Processing file /root/Documentos/airflow/venv/lib/python3.9/site-packages/airflow/example_dags/example_kubernetes_executor.py for tasks to queue
[2024-10-26 09:50:54,883] {logging_mixin.py:115} INFO - [2024-10-26 09:50:54,883] {dagbag.py:507} INFO - Filling up the DagBag from /root/Documentos/airflow/venv/lib/python3.9/site-packages/airflow/example_dags/example_kubernetes_executor.py
[2024-10-26 09:50:54,890] {logging_mixin.py:115} INFO - [2024-10-26 09:50:54,890] {example_kubernetes_executor.py:39} WARNING - The example_kubernetes_executor example DAG requires the kubernetes provider. Please install it with: pip install apache-airflow[cncf.kubernetes]
[2024-10-26 09:50:54,890] {processor.py:653} WARNING - No viable dags retrieved from /root/Documentos/airflow/venv/lib/python3.9/site-packages/airflow/example_dags/example_kubernetes_executor.py
[2024-10-26 09:50:54,895] {processor.py:161} INFO - Processing /root/Documentos/airflow/venv/lib/python3.9/site-packages/airflow/example_dags/example_kubernetes_executor.py took 0.019 seconds
[2024-10-26 09:51:26,971] {processor.py:153} INFO - Started process (PID=4996) to work on /root/Documentos/airflow/venv/lib/python3.9/site-packages/airflow/example_dags/example_kubernetes_executor.py
[2024-10-26 09:51:26,971] {processor.py:641} INFO - Processing file /root/Documentos/airflow/venv/lib/python3.9/site-packages/airflow/example_dags/example_kubernetes_executor.py for tasks to queue
[2024-10-26 09:51:26,971] {logging_mixin.py:115} INFO - [2024-10-26 09:51:26,971] {dagbag.py:507} INFO - Filling up the DagBag from /root/Documentos/airflow/venv/lib/python3.9/site-packages/airflow/example_dags/example_kubernetes_executor.py
[2024-10-26 09:51:26,979] {logging_mixin.py:115} INFO - [2024-10-26 09:51:26,978] {example_kubernetes_executor.py:39} WARNING - The example_kubernetes_executor example DAG requires the kubernetes provider. Please install it with: pip install apache-airflow[cncf.kubernetes]
[2024-10-26 09:51:26,979] {processor.py:653} WARNING - No viable dags retrieved from /root/Documentos/airflow/venv/lib/python3.9/site-packages/airflow/example_dags/example_kubernetes_executor.py
[2024-10-26 09:51:26,993] {processor.py:161} INFO - Processing /root/Documentos/airflow/venv/lib/python3.9/site-packages/airflow/example_dags/example_kubernetes_executor.py took 0.024 seconds
[2024-10-26 09:51:59,123] {processor.py:153} INFO - Started process (PID=5150) to work on /root/Documentos/airflow/venv/lib/python3.9/site-packages/airflow/example_dags/example_kubernetes_executor.py
[2024-10-26 09:51:59,128] {processor.py:641} INFO - Processing file /root/Documentos/airflow/venv/lib/python3.9/site-packages/airflow/example_dags/example_kubernetes_executor.py for tasks to queue
[2024-10-26 09:51:59,128] {logging_mixin.py:115} INFO - [2024-10-26 09:51:59,128] {dagbag.py:507} INFO - Filling up the DagBag from /root/Documentos/airflow/venv/lib/python3.9/site-packages/airflow/example_dags/example_kubernetes_executor.py
[2024-10-26 09:51:59,136] {logging_mixin.py:115} INFO - [2024-10-26 09:51:59,136] {example_kubernetes_executor.py:39} WARNING - The example_kubernetes_executor example DAG requires the kubernetes provider. Please install it with: pip install apache-airflow[cncf.kubernetes]
[2024-10-26 09:51:59,136] {processor.py:653} WARNING - No viable dags retrieved from /root/Documentos/airflow/venv/lib/python3.9/site-packages/airflow/example_dags/example_kubernetes_executor.py
[2024-10-26 09:51:59,141] {processor.py:161} INFO - Processing /root/Documentos/airflow/venv/lib/python3.9/site-packages/airflow/example_dags/example_kubernetes_executor.py took 0.019 seconds
[2024-10-26 09:52:31,511] {processor.py:153} INFO - Started process (PID=5308) to work on /root/Documentos/airflow/venv/lib/python3.9/site-packages/airflow/example_dags/example_kubernetes_executor.py
[2024-10-26 09:52:31,516] {processor.py:641} INFO - Processing file /root/Documentos/airflow/venv/lib/python3.9/site-packages/airflow/example_dags/example_kubernetes_executor.py for tasks to queue
[2024-10-26 09:52:31,517] {logging_mixin.py:115} INFO - [2024-10-26 09:52:31,517] {dagbag.py:507} INFO - Filling up the DagBag from /root/Documentos/airflow/venv/lib/python3.9/site-packages/airflow/example_dags/example_kubernetes_executor.py
[2024-10-26 09:52:31,524] {logging_mixin.py:115} INFO - [2024-10-26 09:52:31,524] {example_kubernetes_executor.py:39} WARNING - The example_kubernetes_executor example DAG requires the kubernetes provider. Please install it with: pip install apache-airflow[cncf.kubernetes]
[2024-10-26 09:52:31,524] {processor.py:653} WARNING - No viable dags retrieved from /root/Documentos/airflow/venv/lib/python3.9/site-packages/airflow/example_dags/example_kubernetes_executor.py
[2024-10-26 09:52:31,529] {processor.py:161} INFO - Processing /root/Documentos/airflow/venv/lib/python3.9/site-packages/airflow/example_dags/example_kubernetes_executor.py took 0.019 seconds
[2024-10-26 09:53:06,008] {processor.py:153} INFO - Started process (PID=5474) to work on /root/Documentos/airflow/venv/lib/python3.9/site-packages/airflow/example_dags/example_kubernetes_executor.py
[2024-10-26 09:53:06,008] {processor.py:641} INFO - Processing file /root/Documentos/airflow/venv/lib/python3.9/site-packages/airflow/example_dags/example_kubernetes_executor.py for tasks to queue
[2024-10-26 09:53:06,008] {logging_mixin.py:115} INFO - [2024-10-26 09:53:06,008] {dagbag.py:507} INFO - Filling up the DagBag from /root/Documentos/airflow/venv/lib/python3.9/site-packages/airflow/example_dags/example_kubernetes_executor.py
[2024-10-26 09:53:06,015] {logging_mixin.py:115} INFO - [2024-10-26 09:53:06,015] {example_kubernetes_executor.py:39} WARNING - The example_kubernetes_executor example DAG requires the kubernetes provider. Please install it with: pip install apache-airflow[cncf.kubernetes]
[2024-10-26 09:53:06,016] {processor.py:653} WARNING - No viable dags retrieved from /root/Documentos/airflow/venv/lib/python3.9/site-packages/airflow/example_dags/example_kubernetes_executor.py
[2024-10-26 09:53:06,022] {processor.py:161} INFO - Processing /root/Documentos/airflow/venv/lib/python3.9/site-packages/airflow/example_dags/example_kubernetes_executor.py took 0.015 seconds
[2024-10-26 09:53:39,125] {processor.py:153} INFO - Started process (PID=5634) to work on /root/Documentos/airflow/venv/lib/python3.9/site-packages/airflow/example_dags/example_kubernetes_executor.py
[2024-10-26 09:53:39,130] {processor.py:641} INFO - Processing file /root/Documentos/airflow/venv/lib/python3.9/site-packages/airflow/example_dags/example_kubernetes_executor.py for tasks to queue
[2024-10-26 09:53:39,130] {logging_mixin.py:115} INFO - [2024-10-26 09:53:39,130] {dagbag.py:507} INFO - Filling up the DagBag from /root/Documentos/airflow/venv/lib/python3.9/site-packages/airflow/example_dags/example_kubernetes_executor.py
[2024-10-26 09:53:39,137] {logging_mixin.py:115} INFO - [2024-10-26 09:53:39,137] {example_kubernetes_executor.py:39} WARNING - The example_kubernetes_executor example DAG requires the kubernetes provider. Please install it with: pip install apache-airflow[cncf.kubernetes]
[2024-10-26 09:53:39,138] {processor.py:653} WARNING - No viable dags retrieved from /root/Documentos/airflow/venv/lib/python3.9/site-packages/airflow/example_dags/example_kubernetes_executor.py
[2024-10-26 09:53:39,144] {processor.py:161} INFO - Processing /root/Documentos/airflow/venv/lib/python3.9/site-packages/airflow/example_dags/example_kubernetes_executor.py took 0.021 seconds
[2024-10-26 09:54:11,378] {processor.py:153} INFO - Started process (PID=5790) to work on /root/Documentos/airflow/venv/lib/python3.9/site-packages/airflow/example_dags/example_kubernetes_executor.py
[2024-10-26 09:54:11,378] {processor.py:641} INFO - Processing file /root/Documentos/airflow/venv/lib/python3.9/site-packages/airflow/example_dags/example_kubernetes_executor.py for tasks to queue
[2024-10-26 09:54:11,378] {logging_mixin.py:115} INFO - [2024-10-26 09:54:11,378] {dagbag.py:507} INFO - Filling up the DagBag from /root/Documentos/airflow/venv/lib/python3.9/site-packages/airflow/example_dags/example_kubernetes_executor.py
[2024-10-26 09:54:11,385] {logging_mixin.py:115} INFO - [2024-10-26 09:54:11,385] {example_kubernetes_executor.py:39} WARNING - The example_kubernetes_executor example DAG requires the kubernetes provider. Please install it with: pip install apache-airflow[cncf.kubernetes]
[2024-10-26 09:54:11,385] {processor.py:653} WARNING - No viable dags retrieved from /root/Documentos/airflow/venv/lib/python3.9/site-packages/airflow/example_dags/example_kubernetes_executor.py
[2024-10-26 09:54:11,392] {processor.py:161} INFO - Processing /root/Documentos/airflow/venv/lib/python3.9/site-packages/airflow/example_dags/example_kubernetes_executor.py took 0.016 seconds
[2024-10-26 09:54:44,722] {processor.py:153} INFO - Started process (PID=5950) to work on /root/Documentos/airflow/venv/lib/python3.9/site-packages/airflow/example_dags/example_kubernetes_executor.py
[2024-10-26 09:54:44,723] {processor.py:641} INFO - Processing file /root/Documentos/airflow/venv/lib/python3.9/site-packages/airflow/example_dags/example_kubernetes_executor.py for tasks to queue
[2024-10-26 09:54:44,723] {logging_mixin.py:115} INFO - [2024-10-26 09:54:44,723] {dagbag.py:507} INFO - Filling up the DagBag from /root/Documentos/airflow/venv/lib/python3.9/site-packages/airflow/example_dags/example_kubernetes_executor.py
[2024-10-26 09:54:44,731] {logging_mixin.py:115} INFO - [2024-10-26 09:54:44,731] {example_kubernetes_executor.py:39} WARNING - The example_kubernetes_executor example DAG requires the kubernetes provider. Please install it with: pip install apache-airflow[cncf.kubernetes]
[2024-10-26 09:54:44,731] {processor.py:653} WARNING - No viable dags retrieved from /root/Documentos/airflow/venv/lib/python3.9/site-packages/airflow/example_dags/example_kubernetes_executor.py
[2024-10-26 09:54:44,737] {processor.py:161} INFO - Processing /root/Documentos/airflow/venv/lib/python3.9/site-packages/airflow/example_dags/example_kubernetes_executor.py took 0.016 seconds
[2024-10-26 09:55:18,022] {processor.py:153} INFO - Started process (PID=6118) to work on /root/Documentos/airflow/venv/lib/python3.9/site-packages/airflow/example_dags/example_kubernetes_executor.py
[2024-10-26 09:55:18,025] {processor.py:641} INFO - Processing file /root/Documentos/airflow/venv/lib/python3.9/site-packages/airflow/example_dags/example_kubernetes_executor.py for tasks to queue
[2024-10-26 09:55:18,026] {logging_mixin.py:115} INFO - [2024-10-26 09:55:18,026] {dagbag.py:507} INFO - Filling up the DagBag from /root/Documentos/airflow/venv/lib/python3.9/site-packages/airflow/example_dags/example_kubernetes_executor.py
[2024-10-26 09:55:18,033] {logging_mixin.py:115} INFO - [2024-10-26 09:55:18,033] {example_kubernetes_executor.py:39} WARNING - The example_kubernetes_executor example DAG requires the kubernetes provider. Please install it with: pip install apache-airflow[cncf.kubernetes]
[2024-10-26 09:55:18,033] {processor.py:653} WARNING - No viable dags retrieved from /root/Documentos/airflow/venv/lib/python3.9/site-packages/airflow/example_dags/example_kubernetes_executor.py
[2024-10-26 09:55:18,039] {processor.py:161} INFO - Processing /root/Documentos/airflow/venv/lib/python3.9/site-packages/airflow/example_dags/example_kubernetes_executor.py took 0.018 seconds
[2024-10-26 09:55:59,459] {processor.py:153} INFO - Started process (PID=6207) to work on /root/Documentos/airflow/venv/lib/python3.9/site-packages/airflow/example_dags/example_kubernetes_executor.py
[2024-10-26 09:55:59,459] {processor.py:641} INFO - Processing file /root/Documentos/airflow/venv/lib/python3.9/site-packages/airflow/example_dags/example_kubernetes_executor.py for tasks to queue
[2024-10-26 09:55:59,459] {logging_mixin.py:115} INFO - [2024-10-26 09:55:59,459] {dagbag.py:507} INFO - Filling up the DagBag from /root/Documentos/airflow/venv/lib/python3.9/site-packages/airflow/example_dags/example_kubernetes_executor.py
[2024-10-26 09:55:59,467] {logging_mixin.py:115} INFO - [2024-10-26 09:55:59,467] {example_kubernetes_executor.py:39} WARNING - The example_kubernetes_executor example DAG requires the kubernetes provider. Please install it with: pip install apache-airflow[cncf.kubernetes]
[2024-10-26 09:55:59,467] {processor.py:653} WARNING - No viable dags retrieved from /root/Documentos/airflow/venv/lib/python3.9/site-packages/airflow/example_dags/example_kubernetes_executor.py
[2024-10-26 09:55:59,475] {processor.py:161} INFO - Processing /root/Documentos/airflow/venv/lib/python3.9/site-packages/airflow/example_dags/example_kubernetes_executor.py took 0.018 seconds
