[2024-10-26 09:24:51,088] {processor.py:153} INFO - Started process (PID=10240) to work on /root/Documentos/airflow/venv/lib/python3.9/site-packages/airflow/example_dags/example_external_task_marker_dag.py
[2024-10-26 09:24:51,088] {processor.py:641} INFO - Processing file /root/Documentos/airflow/venv/lib/python3.9/site-packages/airflow/example_dags/example_external_task_marker_dag.py for tasks to queue
[2024-10-26 09:24:51,088] {logging_mixin.py:115} INFO - [2024-10-26 09:24:51,088] {dagbag.py:507} INFO - Filling up the DagBag from /root/Documentos/airflow/venv/lib/python3.9/site-packages/airflow/example_dags/example_external_task_marker_dag.py
[2024-10-26 09:24:51,090] {processor.py:651} INFO - DAG(s) dict_keys(['example_external_task_marker_parent', 'example_external_task_marker_child']) retrieved from /root/Documentos/airflow/venv/lib/python3.9/site-packages/airflow/example_dags/example_external_task_marker_dag.py
[2024-10-26 09:24:51,144] {logging_mixin.py:115} INFO - [2024-10-26 09:24:51,144] {manager.py:508} INFO - Created Permission View: can edit on DAG:example_external_task_marker_parent
[2024-10-26 09:24:51,156] {logging_mixin.py:115} INFO - [2024-10-26 09:24:51,156] {manager.py:508} INFO - Created Permission View: can read on DAG:example_external_task_marker_parent
[2024-10-26 09:24:51,165] {logging_mixin.py:115} INFO - [2024-10-26 09:24:51,165] {manager.py:508} INFO - Created Permission View: can delete on DAG:example_external_task_marker_parent
[2024-10-26 09:24:51,186] {logging_mixin.py:115} INFO - [2024-10-26 09:24:51,186] {manager.py:508} INFO - Created Permission View: can edit on DAG:example_external_task_marker_child
[2024-10-26 09:24:51,195] {logging_mixin.py:115} INFO - [2024-10-26 09:24:51,195] {manager.py:508} INFO - Created Permission View: can read on DAG:example_external_task_marker_child
[2024-10-26 09:24:51,204] {logging_mixin.py:115} INFO - [2024-10-26 09:24:51,204] {manager.py:508} INFO - Created Permission View: can delete on DAG:example_external_task_marker_child
[2024-10-26 09:24:51,204] {logging_mixin.py:115} INFO - [2024-10-26 09:24:51,204] {dag.py:2379} INFO - Sync 2 DAGs
[2024-10-26 09:24:51,208] {logging_mixin.py:115} INFO - [2024-10-26 09:24:51,208] {dag.py:2398} INFO - Creating ORM DAG for example_external_task_marker_parent
[2024-10-26 09:24:51,208] {logging_mixin.py:115} INFO - [2024-10-26 09:24:51,208] {dag.py:2398} INFO - Creating ORM DAG for example_external_task_marker_child
[2024-10-26 09:24:51,213] {logging_mixin.py:115} INFO - [2024-10-26 09:24:51,213] {dag.py:2927} INFO - Setting next_dagrun for example_external_task_marker_child to None, run_after=None
[2024-10-26 09:24:51,213] {logging_mixin.py:115} INFO - [2024-10-26 09:24:51,213] {dag.py:2927} INFO - Setting next_dagrun for example_external_task_marker_parent to None, run_after=None
[2024-10-26 09:24:51,227] {processor.py:161} INFO - Processing /root/Documentos/airflow/venv/lib/python3.9/site-packages/airflow/example_dags/example_external_task_marker_dag.py took 0.141 seconds
[2024-10-26 09:25:26,587] {processor.py:153} INFO - Started process (PID=10411) to work on /root/Documentos/airflow/venv/lib/python3.9/site-packages/airflow/example_dags/example_external_task_marker_dag.py
[2024-10-26 09:25:26,594] {processor.py:641} INFO - Processing file /root/Documentos/airflow/venv/lib/python3.9/site-packages/airflow/example_dags/example_external_task_marker_dag.py for tasks to queue
[2024-10-26 09:25:26,595] {logging_mixin.py:115} INFO - [2024-10-26 09:25:26,595] {dagbag.py:507} INFO - Filling up the DagBag from /root/Documentos/airflow/venv/lib/python3.9/site-packages/airflow/example_dags/example_external_task_marker_dag.py
[2024-10-26 09:25:26,597] {processor.py:651} INFO - DAG(s) dict_keys(['example_external_task_marker_parent', 'example_external_task_marker_child']) retrieved from /root/Documentos/airflow/venv/lib/python3.9/site-packages/airflow/example_dags/example_external_task_marker_dag.py
[2024-10-26 09:25:26,609] {logging_mixin.py:115} INFO - [2024-10-26 09:25:26,609] {dag.py:2379} INFO - Sync 2 DAGs
[2024-10-26 09:25:26,619] {logging_mixin.py:115} INFO - [2024-10-26 09:25:26,619] {dag.py:2927} INFO - Setting next_dagrun for example_external_task_marker_child to None, run_after=None
[2024-10-26 09:25:26,619] {logging_mixin.py:115} INFO - [2024-10-26 09:25:26,619] {dag.py:2927} INFO - Setting next_dagrun for example_external_task_marker_parent to None, run_after=None
[2024-10-26 09:25:26,633] {processor.py:161} INFO - Processing /root/Documentos/airflow/venv/lib/python3.9/site-packages/airflow/example_dags/example_external_task_marker_dag.py took 0.048 seconds
[2024-10-26 09:25:58,176] {processor.py:153} INFO - Started process (PID=10566) to work on /root/Documentos/airflow/venv/lib/python3.9/site-packages/airflow/example_dags/example_external_task_marker_dag.py
[2024-10-26 09:25:58,181] {processor.py:641} INFO - Processing file /root/Documentos/airflow/venv/lib/python3.9/site-packages/airflow/example_dags/example_external_task_marker_dag.py for tasks to queue
[2024-10-26 09:25:58,182] {logging_mixin.py:115} INFO - [2024-10-26 09:25:58,182] {dagbag.py:507} INFO - Filling up the DagBag from /root/Documentos/airflow/venv/lib/python3.9/site-packages/airflow/example_dags/example_external_task_marker_dag.py
[2024-10-26 09:25:58,186] {processor.py:651} INFO - DAG(s) dict_keys(['example_external_task_marker_parent', 'example_external_task_marker_child']) retrieved from /root/Documentos/airflow/venv/lib/python3.9/site-packages/airflow/example_dags/example_external_task_marker_dag.py
[2024-10-26 09:25:58,199] {logging_mixin.py:115} INFO - [2024-10-26 09:25:58,199] {dag.py:2379} INFO - Sync 2 DAGs
[2024-10-26 09:25:58,209] {logging_mixin.py:115} INFO - [2024-10-26 09:25:58,209] {dag.py:2927} INFO - Setting next_dagrun for example_external_task_marker_child to None, run_after=None
[2024-10-26 09:25:58,209] {logging_mixin.py:115} INFO - [2024-10-26 09:25:58,209] {dag.py:2927} INFO - Setting next_dagrun for example_external_task_marker_parent to None, run_after=None
[2024-10-26 09:25:58,224] {processor.py:161} INFO - Processing /root/Documentos/airflow/venv/lib/python3.9/site-packages/airflow/example_dags/example_external_task_marker_dag.py took 0.049 seconds
[2024-10-26 09:26:31,669] {processor.py:153} INFO - Started process (PID=10728) to work on /root/Documentos/airflow/venv/lib/python3.9/site-packages/airflow/example_dags/example_external_task_marker_dag.py
[2024-10-26 09:26:31,676] {processor.py:641} INFO - Processing file /root/Documentos/airflow/venv/lib/python3.9/site-packages/airflow/example_dags/example_external_task_marker_dag.py for tasks to queue
[2024-10-26 09:26:31,676] {logging_mixin.py:115} INFO - [2024-10-26 09:26:31,676] {dagbag.py:507} INFO - Filling up the DagBag from /root/Documentos/airflow/venv/lib/python3.9/site-packages/airflow/example_dags/example_external_task_marker_dag.py
[2024-10-26 09:26:31,678] {processor.py:651} INFO - DAG(s) dict_keys(['example_external_task_marker_parent', 'example_external_task_marker_child']) retrieved from /root/Documentos/airflow/venv/lib/python3.9/site-packages/airflow/example_dags/example_external_task_marker_dag.py
[2024-10-26 09:26:31,691] {logging_mixin.py:115} INFO - [2024-10-26 09:26:31,691] {dag.py:2379} INFO - Sync 2 DAGs
[2024-10-26 09:26:31,701] {logging_mixin.py:115} INFO - [2024-10-26 09:26:31,701] {dag.py:2927} INFO - Setting next_dagrun for example_external_task_marker_child to None, run_after=None
[2024-10-26 09:26:31,701] {logging_mixin.py:115} INFO - [2024-10-26 09:26:31,701] {dag.py:2927} INFO - Setting next_dagrun for example_external_task_marker_parent to None, run_after=None
[2024-10-26 09:26:31,715] {processor.py:161} INFO - Processing /root/Documentos/airflow/venv/lib/python3.9/site-packages/airflow/example_dags/example_external_task_marker_dag.py took 0.048 seconds
[2024-10-26 09:27:04,269] {processor.py:153} INFO - Started process (PID=10886) to work on /root/Documentos/airflow/venv/lib/python3.9/site-packages/airflow/example_dags/example_external_task_marker_dag.py
[2024-10-26 09:27:04,271] {processor.py:641} INFO - Processing file /root/Documentos/airflow/venv/lib/python3.9/site-packages/airflow/example_dags/example_external_task_marker_dag.py for tasks to queue
[2024-10-26 09:27:04,272] {logging_mixin.py:115} INFO - [2024-10-26 09:27:04,271] {dagbag.py:507} INFO - Filling up the DagBag from /root/Documentos/airflow/venv/lib/python3.9/site-packages/airflow/example_dags/example_external_task_marker_dag.py
[2024-10-26 09:27:04,274] {processor.py:651} INFO - DAG(s) dict_keys(['example_external_task_marker_parent', 'example_external_task_marker_child']) retrieved from /root/Documentos/airflow/venv/lib/python3.9/site-packages/airflow/example_dags/example_external_task_marker_dag.py
[2024-10-26 09:27:04,286] {logging_mixin.py:115} INFO - [2024-10-26 09:27:04,286] {dag.py:2379} INFO - Sync 2 DAGs
[2024-10-26 09:27:04,297] {logging_mixin.py:115} INFO - [2024-10-26 09:27:04,297] {dag.py:2927} INFO - Setting next_dagrun for example_external_task_marker_child to None, run_after=None
[2024-10-26 09:27:04,297] {logging_mixin.py:115} INFO - [2024-10-26 09:27:04,297] {dag.py:2927} INFO - Setting next_dagrun for example_external_task_marker_parent to None, run_after=None
[2024-10-26 09:27:04,311] {processor.py:161} INFO - Processing /root/Documentos/airflow/venv/lib/python3.9/site-packages/airflow/example_dags/example_external_task_marker_dag.py took 0.043 seconds
[2024-10-26 09:27:38,151] {processor.py:153} INFO - Started process (PID=11050) to work on /root/Documentos/airflow/venv/lib/python3.9/site-packages/airflow/example_dags/example_external_task_marker_dag.py
[2024-10-26 09:27:38,155] {processor.py:641} INFO - Processing file /root/Documentos/airflow/venv/lib/python3.9/site-packages/airflow/example_dags/example_external_task_marker_dag.py for tasks to queue
[2024-10-26 09:27:38,155] {logging_mixin.py:115} INFO - [2024-10-26 09:27:38,155] {dagbag.py:507} INFO - Filling up the DagBag from /root/Documentos/airflow/venv/lib/python3.9/site-packages/airflow/example_dags/example_external_task_marker_dag.py
[2024-10-26 09:27:38,157] {processor.py:651} INFO - DAG(s) dict_keys(['example_external_task_marker_parent', 'example_external_task_marker_child']) retrieved from /root/Documentos/airflow/venv/lib/python3.9/site-packages/airflow/example_dags/example_external_task_marker_dag.py
[2024-10-26 09:27:38,170] {logging_mixin.py:115} INFO - [2024-10-26 09:27:38,170] {dag.py:2379} INFO - Sync 2 DAGs
[2024-10-26 09:27:38,181] {logging_mixin.py:115} INFO - [2024-10-26 09:27:38,181] {dag.py:2927} INFO - Setting next_dagrun for example_external_task_marker_child to None, run_after=None
[2024-10-26 09:27:38,181] {logging_mixin.py:115} INFO - [2024-10-26 09:27:38,181] {dag.py:2927} INFO - Setting next_dagrun for example_external_task_marker_parent to None, run_after=None
[2024-10-26 09:27:38,194] {processor.py:161} INFO - Processing /root/Documentos/airflow/venv/lib/python3.9/site-packages/airflow/example_dags/example_external_task_marker_dag.py took 0.044 seconds
[2024-10-26 09:28:12,577] {processor.py:153} INFO - Started process (PID=11222) to work on /root/Documentos/airflow/venv/lib/python3.9/site-packages/airflow/example_dags/example_external_task_marker_dag.py
[2024-10-26 09:28:12,578] {processor.py:641} INFO - Processing file /root/Documentos/airflow/venv/lib/python3.9/site-packages/airflow/example_dags/example_external_task_marker_dag.py for tasks to queue
[2024-10-26 09:28:12,578] {logging_mixin.py:115} INFO - [2024-10-26 09:28:12,578] {dagbag.py:507} INFO - Filling up the DagBag from /root/Documentos/airflow/venv/lib/python3.9/site-packages/airflow/example_dags/example_external_task_marker_dag.py
[2024-10-26 09:28:12,580] {processor.py:651} INFO - DAG(s) dict_keys(['example_external_task_marker_parent', 'example_external_task_marker_child']) retrieved from /root/Documentos/airflow/venv/lib/python3.9/site-packages/airflow/example_dags/example_external_task_marker_dag.py
[2024-10-26 09:28:12,593] {logging_mixin.py:115} INFO - [2024-10-26 09:28:12,593] {dag.py:2379} INFO - Sync 2 DAGs
[2024-10-26 09:28:12,605] {logging_mixin.py:115} INFO - [2024-10-26 09:28:12,605] {dag.py:2927} INFO - Setting next_dagrun for example_external_task_marker_child to None, run_after=None
[2024-10-26 09:28:12,605] {logging_mixin.py:115} INFO - [2024-10-26 09:28:12,605] {dag.py:2927} INFO - Setting next_dagrun for example_external_task_marker_parent to None, run_after=None
[2024-10-26 09:28:12,617] {processor.py:161} INFO - Processing /root/Documentos/airflow/venv/lib/python3.9/site-packages/airflow/example_dags/example_external_task_marker_dag.py took 0.041 seconds
[2024-10-26 09:28:46,450] {processor.py:153} INFO - Started process (PID=11391) to work on /root/Documentos/airflow/venv/lib/python3.9/site-packages/airflow/example_dags/example_external_task_marker_dag.py
[2024-10-26 09:28:46,455] {processor.py:641} INFO - Processing file /root/Documentos/airflow/venv/lib/python3.9/site-packages/airflow/example_dags/example_external_task_marker_dag.py for tasks to queue
[2024-10-26 09:28:46,456] {logging_mixin.py:115} INFO - [2024-10-26 09:28:46,456] {dagbag.py:507} INFO - Filling up the DagBag from /root/Documentos/airflow/venv/lib/python3.9/site-packages/airflow/example_dags/example_external_task_marker_dag.py
[2024-10-26 09:28:46,458] {processor.py:651} INFO - DAG(s) dict_keys(['example_external_task_marker_parent', 'example_external_task_marker_child']) retrieved from /root/Documentos/airflow/venv/lib/python3.9/site-packages/airflow/example_dags/example_external_task_marker_dag.py
[2024-10-26 09:28:46,471] {logging_mixin.py:115} INFO - [2024-10-26 09:28:46,471] {dag.py:2379} INFO - Sync 2 DAGs
[2024-10-26 09:28:46,482] {logging_mixin.py:115} INFO - [2024-10-26 09:28:46,482] {dag.py:2927} INFO - Setting next_dagrun for example_external_task_marker_child to None, run_after=None
[2024-10-26 09:28:46,482] {logging_mixin.py:115} INFO - [2024-10-26 09:28:46,482] {dag.py:2927} INFO - Setting next_dagrun for example_external_task_marker_parent to None, run_after=None
[2024-10-26 09:28:46,495] {processor.py:161} INFO - Processing /root/Documentos/airflow/venv/lib/python3.9/site-packages/airflow/example_dags/example_external_task_marker_dag.py took 0.046 seconds
[2024-10-26 09:38:05,928] {processor.py:153} INFO - Started process (PID=1025) to work on /root/Documentos/airflow/venv/lib/python3.9/site-packages/airflow/example_dags/example_external_task_marker_dag.py
[2024-10-26 09:38:05,930] {processor.py:641} INFO - Processing file /root/Documentos/airflow/venv/lib/python3.9/site-packages/airflow/example_dags/example_external_task_marker_dag.py for tasks to queue
[2024-10-26 09:38:05,930] {logging_mixin.py:115} INFO - [2024-10-26 09:38:05,930] {dagbag.py:507} INFO - Filling up the DagBag from /root/Documentos/airflow/venv/lib/python3.9/site-packages/airflow/example_dags/example_external_task_marker_dag.py
[2024-10-26 09:38:05,933] {processor.py:651} INFO - DAG(s) dict_keys(['example_external_task_marker_parent', 'example_external_task_marker_child']) retrieved from /root/Documentos/airflow/venv/lib/python3.9/site-packages/airflow/example_dags/example_external_task_marker_dag.py
[2024-10-26 09:38:05,949] {logging_mixin.py:115} INFO - [2024-10-26 09:38:05,949] {dag.py:2379} INFO - Sync 2 DAGs
[2024-10-26 09:38:05,960] {logging_mixin.py:115} INFO - [2024-10-26 09:38:05,960] {dag.py:2927} INFO - Setting next_dagrun for example_external_task_marker_child to None, run_after=None
[2024-10-26 09:38:05,960] {logging_mixin.py:115} INFO - [2024-10-26 09:38:05,960] {dag.py:2927} INFO - Setting next_dagrun for example_external_task_marker_parent to None, run_after=None
[2024-10-26 09:38:05,973] {processor.py:161} INFO - Processing /root/Documentos/airflow/venv/lib/python3.9/site-packages/airflow/example_dags/example_external_task_marker_dag.py took 0.046 seconds
[2024-10-26 09:38:38,558] {processor.py:153} INFO - Started process (PID=1187) to work on /root/Documentos/airflow/venv/lib/python3.9/site-packages/airflow/example_dags/example_external_task_marker_dag.py
[2024-10-26 09:38:38,565] {processor.py:641} INFO - Processing file /root/Documentos/airflow/venv/lib/python3.9/site-packages/airflow/example_dags/example_external_task_marker_dag.py for tasks to queue
[2024-10-26 09:38:38,565] {logging_mixin.py:115} INFO - [2024-10-26 09:38:38,565] {dagbag.py:507} INFO - Filling up the DagBag from /root/Documentos/airflow/venv/lib/python3.9/site-packages/airflow/example_dags/example_external_task_marker_dag.py
[2024-10-26 09:38:38,568] {processor.py:651} INFO - DAG(s) dict_keys(['example_external_task_marker_parent', 'example_external_task_marker_child']) retrieved from /root/Documentos/airflow/venv/lib/python3.9/site-packages/airflow/example_dags/example_external_task_marker_dag.py
[2024-10-26 09:38:38,580] {logging_mixin.py:115} INFO - [2024-10-26 09:38:38,580] {dag.py:2379} INFO - Sync 2 DAGs
[2024-10-26 09:38:38,590] {logging_mixin.py:115} INFO - [2024-10-26 09:38:38,590] {dag.py:2927} INFO - Setting next_dagrun for example_external_task_marker_child to None, run_after=None
[2024-10-26 09:38:38,590] {logging_mixin.py:115} INFO - [2024-10-26 09:38:38,590] {dag.py:2927} INFO - Setting next_dagrun for example_external_task_marker_parent to None, run_after=None
[2024-10-26 09:38:38,603] {processor.py:161} INFO - Processing /root/Documentos/airflow/venv/lib/python3.9/site-packages/airflow/example_dags/example_external_task_marker_dag.py took 0.046 seconds
[2024-10-26 09:39:13,390] {processor.py:153} INFO - Started process (PID=1357) to work on /root/Documentos/airflow/venv/lib/python3.9/site-packages/airflow/example_dags/example_external_task_marker_dag.py
[2024-10-26 09:39:13,395] {processor.py:641} INFO - Processing file /root/Documentos/airflow/venv/lib/python3.9/site-packages/airflow/example_dags/example_external_task_marker_dag.py for tasks to queue
[2024-10-26 09:39:13,395] {logging_mixin.py:115} INFO - [2024-10-26 09:39:13,395] {dagbag.py:507} INFO - Filling up the DagBag from /root/Documentos/airflow/venv/lib/python3.9/site-packages/airflow/example_dags/example_external_task_marker_dag.py
[2024-10-26 09:39:13,397] {processor.py:651} INFO - DAG(s) dict_keys(['example_external_task_marker_parent', 'example_external_task_marker_child']) retrieved from /root/Documentos/airflow/venv/lib/python3.9/site-packages/airflow/example_dags/example_external_task_marker_dag.py
[2024-10-26 09:39:13,410] {logging_mixin.py:115} INFO - [2024-10-26 09:39:13,410] {dag.py:2379} INFO - Sync 2 DAGs
[2024-10-26 09:39:13,420] {logging_mixin.py:115} INFO - [2024-10-26 09:39:13,420] {dag.py:2927} INFO - Setting next_dagrun for example_external_task_marker_child to None, run_after=None
[2024-10-26 09:39:13,420] {logging_mixin.py:115} INFO - [2024-10-26 09:39:13,420] {dag.py:2927} INFO - Setting next_dagrun for example_external_task_marker_parent to None, run_after=None
[2024-10-26 09:39:13,432] {processor.py:161} INFO - Processing /root/Documentos/airflow/venv/lib/python3.9/site-packages/airflow/example_dags/example_external_task_marker_dag.py took 0.044 seconds
[2024-10-26 09:39:45,564] {processor.py:153} INFO - Started process (PID=1514) to work on /root/Documentos/airflow/venv/lib/python3.9/site-packages/airflow/example_dags/example_external_task_marker_dag.py
[2024-10-26 09:39:45,569] {processor.py:641} INFO - Processing file /root/Documentos/airflow/venv/lib/python3.9/site-packages/airflow/example_dags/example_external_task_marker_dag.py for tasks to queue
[2024-10-26 09:39:45,569] {logging_mixin.py:115} INFO - [2024-10-26 09:39:45,569] {dagbag.py:507} INFO - Filling up the DagBag from /root/Documentos/airflow/venv/lib/python3.9/site-packages/airflow/example_dags/example_external_task_marker_dag.py
[2024-10-26 09:39:45,571] {processor.py:651} INFO - DAG(s) dict_keys(['example_external_task_marker_parent', 'example_external_task_marker_child']) retrieved from /root/Documentos/airflow/venv/lib/python3.9/site-packages/airflow/example_dags/example_external_task_marker_dag.py
[2024-10-26 09:39:45,583] {logging_mixin.py:115} INFO - [2024-10-26 09:39:45,583] {dag.py:2379} INFO - Sync 2 DAGs
[2024-10-26 09:39:45,593] {logging_mixin.py:115} INFO - [2024-10-26 09:39:45,593] {dag.py:2927} INFO - Setting next_dagrun for example_external_task_marker_child to None, run_after=None
[2024-10-26 09:39:45,594] {logging_mixin.py:115} INFO - [2024-10-26 09:39:45,593] {dag.py:2927} INFO - Setting next_dagrun for example_external_task_marker_parent to None, run_after=None
[2024-10-26 09:39:45,605] {processor.py:161} INFO - Processing /root/Documentos/airflow/venv/lib/python3.9/site-packages/airflow/example_dags/example_external_task_marker_dag.py took 0.043 seconds
[2024-10-26 09:40:19,720] {processor.py:153} INFO - Started process (PID=1679) to work on /root/Documentos/airflow/venv/lib/python3.9/site-packages/airflow/example_dags/example_external_task_marker_dag.py
[2024-10-26 09:40:19,721] {processor.py:641} INFO - Processing file /root/Documentos/airflow/venv/lib/python3.9/site-packages/airflow/example_dags/example_external_task_marker_dag.py for tasks to queue
[2024-10-26 09:40:19,721] {logging_mixin.py:115} INFO - [2024-10-26 09:40:19,721] {dagbag.py:507} INFO - Filling up the DagBag from /root/Documentos/airflow/venv/lib/python3.9/site-packages/airflow/example_dags/example_external_task_marker_dag.py
[2024-10-26 09:40:19,724] {processor.py:651} INFO - DAG(s) dict_keys(['example_external_task_marker_parent', 'example_external_task_marker_child']) retrieved from /root/Documentos/airflow/venv/lib/python3.9/site-packages/airflow/example_dags/example_external_task_marker_dag.py
[2024-10-26 09:40:19,736] {logging_mixin.py:115} INFO - [2024-10-26 09:40:19,736] {dag.py:2379} INFO - Sync 2 DAGs
[2024-10-26 09:40:19,747] {logging_mixin.py:115} INFO - [2024-10-26 09:40:19,747] {dag.py:2927} INFO - Setting next_dagrun for example_external_task_marker_child to None, run_after=None
[2024-10-26 09:40:19,747] {logging_mixin.py:115} INFO - [2024-10-26 09:40:19,747] {dag.py:2927} INFO - Setting next_dagrun for example_external_task_marker_parent to None, run_after=None
[2024-10-26 09:40:19,759] {processor.py:161} INFO - Processing /root/Documentos/airflow/venv/lib/python3.9/site-packages/airflow/example_dags/example_external_task_marker_dag.py took 0.040 seconds
[2024-10-26 09:40:53,859] {processor.py:153} INFO - Started process (PID=1844) to work on /root/Documentos/airflow/venv/lib/python3.9/site-packages/airflow/example_dags/example_external_task_marker_dag.py
[2024-10-26 09:40:53,861] {processor.py:641} INFO - Processing file /root/Documentos/airflow/venv/lib/python3.9/site-packages/airflow/example_dags/example_external_task_marker_dag.py for tasks to queue
[2024-10-26 09:40:53,861] {logging_mixin.py:115} INFO - [2024-10-26 09:40:53,861] {dagbag.py:507} INFO - Filling up the DagBag from /root/Documentos/airflow/venv/lib/python3.9/site-packages/airflow/example_dags/example_external_task_marker_dag.py
[2024-10-26 09:40:53,863] {processor.py:651} INFO - DAG(s) dict_keys(['example_external_task_marker_parent', 'example_external_task_marker_child']) retrieved from /root/Documentos/airflow/venv/lib/python3.9/site-packages/airflow/example_dags/example_external_task_marker_dag.py
[2024-10-26 09:40:53,876] {logging_mixin.py:115} INFO - [2024-10-26 09:40:53,875] {dag.py:2379} INFO - Sync 2 DAGs
[2024-10-26 09:40:53,886] {logging_mixin.py:115} INFO - [2024-10-26 09:40:53,886] {dag.py:2927} INFO - Setting next_dagrun for example_external_task_marker_child to None, run_after=None
[2024-10-26 09:40:53,886] {logging_mixin.py:115} INFO - [2024-10-26 09:40:53,886] {dag.py:2927} INFO - Setting next_dagrun for example_external_task_marker_parent to None, run_after=None
[2024-10-26 09:40:53,898] {processor.py:161} INFO - Processing /root/Documentos/airflow/venv/lib/python3.9/site-packages/airflow/example_dags/example_external_task_marker_dag.py took 0.040 seconds
[2024-10-26 09:41:27,698] {processor.py:153} INFO - Started process (PID=2009) to work on /root/Documentos/airflow/venv/lib/python3.9/site-packages/airflow/example_dags/example_external_task_marker_dag.py
[2024-10-26 09:41:27,702] {processor.py:641} INFO - Processing file /root/Documentos/airflow/venv/lib/python3.9/site-packages/airflow/example_dags/example_external_task_marker_dag.py for tasks to queue
[2024-10-26 09:41:27,702] {logging_mixin.py:115} INFO - [2024-10-26 09:41:27,702] {dagbag.py:507} INFO - Filling up the DagBag from /root/Documentos/airflow/venv/lib/python3.9/site-packages/airflow/example_dags/example_external_task_marker_dag.py
[2024-10-26 09:41:27,705] {processor.py:651} INFO - DAG(s) dict_keys(['example_external_task_marker_parent', 'example_external_task_marker_child']) retrieved from /root/Documentos/airflow/venv/lib/python3.9/site-packages/airflow/example_dags/example_external_task_marker_dag.py
[2024-10-26 09:41:27,718] {logging_mixin.py:115} INFO - [2024-10-26 09:41:27,718] {dag.py:2379} INFO - Sync 2 DAGs
[2024-10-26 09:41:27,730] {logging_mixin.py:115} INFO - [2024-10-26 09:41:27,730] {dag.py:2927} INFO - Setting next_dagrun for example_external_task_marker_child to None, run_after=None
[2024-10-26 09:41:27,730] {logging_mixin.py:115} INFO - [2024-10-26 09:41:27,730] {dag.py:2927} INFO - Setting next_dagrun for example_external_task_marker_parent to None, run_after=None
[2024-10-26 09:41:27,744] {processor.py:161} INFO - Processing /root/Documentos/airflow/venv/lib/python3.9/site-packages/airflow/example_dags/example_external_task_marker_dag.py took 0.048 seconds
[2024-10-26 09:42:03,306] {processor.py:153} INFO - Started process (PID=2180) to work on /root/Documentos/airflow/venv/lib/python3.9/site-packages/airflow/example_dags/example_external_task_marker_dag.py
[2024-10-26 09:42:03,311] {processor.py:641} INFO - Processing file /root/Documentos/airflow/venv/lib/python3.9/site-packages/airflow/example_dags/example_external_task_marker_dag.py for tasks to queue
[2024-10-26 09:42:03,311] {logging_mixin.py:115} INFO - [2024-10-26 09:42:03,311] {dagbag.py:507} INFO - Filling up the DagBag from /root/Documentos/airflow/venv/lib/python3.9/site-packages/airflow/example_dags/example_external_task_marker_dag.py
[2024-10-26 09:42:03,313] {processor.py:651} INFO - DAG(s) dict_keys(['example_external_task_marker_parent', 'example_external_task_marker_child']) retrieved from /root/Documentos/airflow/venv/lib/python3.9/site-packages/airflow/example_dags/example_external_task_marker_dag.py
[2024-10-26 09:42:03,325] {logging_mixin.py:115} INFO - [2024-10-26 09:42:03,325] {dag.py:2379} INFO - Sync 2 DAGs
[2024-10-26 09:42:03,336] {logging_mixin.py:115} INFO - [2024-10-26 09:42:03,336] {dag.py:2927} INFO - Setting next_dagrun for example_external_task_marker_child to None, run_after=None
[2024-10-26 09:42:03,336] {logging_mixin.py:115} INFO - [2024-10-26 09:42:03,336] {dag.py:2927} INFO - Setting next_dagrun for example_external_task_marker_parent to None, run_after=None
[2024-10-26 09:42:03,349] {processor.py:161} INFO - Processing /root/Documentos/airflow/venv/lib/python3.9/site-packages/airflow/example_dags/example_external_task_marker_dag.py took 0.044 seconds
[2024-10-26 09:42:38,353] {processor.py:153} INFO - Started process (PID=2349) to work on /root/Documentos/airflow/venv/lib/python3.9/site-packages/airflow/example_dags/example_external_task_marker_dag.py
[2024-10-26 09:42:38,360] {processor.py:641} INFO - Processing file /root/Documentos/airflow/venv/lib/python3.9/site-packages/airflow/example_dags/example_external_task_marker_dag.py for tasks to queue
[2024-10-26 09:42:38,360] {logging_mixin.py:115} INFO - [2024-10-26 09:42:38,360] {dagbag.py:507} INFO - Filling up the DagBag from /root/Documentos/airflow/venv/lib/python3.9/site-packages/airflow/example_dags/example_external_task_marker_dag.py
[2024-10-26 09:42:38,362] {processor.py:651} INFO - DAG(s) dict_keys(['example_external_task_marker_parent', 'example_external_task_marker_child']) retrieved from /root/Documentos/airflow/venv/lib/python3.9/site-packages/airflow/example_dags/example_external_task_marker_dag.py
[2024-10-26 09:42:38,376] {logging_mixin.py:115} INFO - [2024-10-26 09:42:38,376] {dag.py:2379} INFO - Sync 2 DAGs
[2024-10-26 09:42:38,387] {logging_mixin.py:115} INFO - [2024-10-26 09:42:38,387] {dag.py:2927} INFO - Setting next_dagrun for example_external_task_marker_child to None, run_after=None
[2024-10-26 09:42:38,387] {logging_mixin.py:115} INFO - [2024-10-26 09:42:38,387] {dag.py:2927} INFO - Setting next_dagrun for example_external_task_marker_parent to None, run_after=None
[2024-10-26 09:42:38,401] {processor.py:161} INFO - Processing /root/Documentos/airflow/venv/lib/python3.9/site-packages/airflow/example_dags/example_external_task_marker_dag.py took 0.049 seconds
[2024-10-26 09:43:09,885] {processor.py:153} INFO - Started process (PID=2504) to work on /root/Documentos/airflow/venv/lib/python3.9/site-packages/airflow/example_dags/example_external_task_marker_dag.py
[2024-10-26 09:43:09,885] {processor.py:641} INFO - Processing file /root/Documentos/airflow/venv/lib/python3.9/site-packages/airflow/example_dags/example_external_task_marker_dag.py for tasks to queue
[2024-10-26 09:43:09,885] {logging_mixin.py:115} INFO - [2024-10-26 09:43:09,885] {dagbag.py:507} INFO - Filling up the DagBag from /root/Documentos/airflow/venv/lib/python3.9/site-packages/airflow/example_dags/example_external_task_marker_dag.py
[2024-10-26 09:43:09,887] {processor.py:651} INFO - DAG(s) dict_keys(['example_external_task_marker_parent', 'example_external_task_marker_child']) retrieved from /root/Documentos/airflow/venv/lib/python3.9/site-packages/airflow/example_dags/example_external_task_marker_dag.py
[2024-10-26 09:43:09,900] {logging_mixin.py:115} INFO - [2024-10-26 09:43:09,900] {dag.py:2379} INFO - Sync 2 DAGs
[2024-10-26 09:43:09,910] {logging_mixin.py:115} INFO - [2024-10-26 09:43:09,910] {dag.py:2927} INFO - Setting next_dagrun for example_external_task_marker_child to None, run_after=None
[2024-10-26 09:43:09,910] {logging_mixin.py:115} INFO - [2024-10-26 09:43:09,910] {dag.py:2927} INFO - Setting next_dagrun for example_external_task_marker_parent to None, run_after=None
[2024-10-26 09:43:09,922] {processor.py:161} INFO - Processing /root/Documentos/airflow/venv/lib/python3.9/site-packages/airflow/example_dags/example_external_task_marker_dag.py took 0.039 seconds
[2024-10-26 09:43:44,015] {processor.py:153} INFO - Started process (PID=2668) to work on /root/Documentos/airflow/venv/lib/python3.9/site-packages/airflow/example_dags/example_external_task_marker_dag.py
[2024-10-26 09:43:44,020] {processor.py:641} INFO - Processing file /root/Documentos/airflow/venv/lib/python3.9/site-packages/airflow/example_dags/example_external_task_marker_dag.py for tasks to queue
[2024-10-26 09:43:44,021] {logging_mixin.py:115} INFO - [2024-10-26 09:43:44,020] {dagbag.py:507} INFO - Filling up the DagBag from /root/Documentos/airflow/venv/lib/python3.9/site-packages/airflow/example_dags/example_external_task_marker_dag.py
[2024-10-26 09:43:44,023] {processor.py:651} INFO - DAG(s) dict_keys(['example_external_task_marker_parent', 'example_external_task_marker_child']) retrieved from /root/Documentos/airflow/venv/lib/python3.9/site-packages/airflow/example_dags/example_external_task_marker_dag.py
[2024-10-26 09:43:44,035] {logging_mixin.py:115} INFO - [2024-10-26 09:43:44,035] {dag.py:2379} INFO - Sync 2 DAGs
[2024-10-26 09:43:44,046] {logging_mixin.py:115} INFO - [2024-10-26 09:43:44,046] {dag.py:2927} INFO - Setting next_dagrun for example_external_task_marker_child to None, run_after=None
[2024-10-26 09:43:44,046] {logging_mixin.py:115} INFO - [2024-10-26 09:43:44,046] {dag.py:2927} INFO - Setting next_dagrun for example_external_task_marker_parent to None, run_after=None
[2024-10-26 09:43:44,060] {processor.py:161} INFO - Processing /root/Documentos/airflow/venv/lib/python3.9/site-packages/airflow/example_dags/example_external_task_marker_dag.py took 0.046 seconds
[2024-10-26 09:44:18,340] {processor.py:153} INFO - Started process (PID=2835) to work on /root/Documentos/airflow/venv/lib/python3.9/site-packages/airflow/example_dags/example_external_task_marker_dag.py
[2024-10-26 09:44:18,345] {processor.py:641} INFO - Processing file /root/Documentos/airflow/venv/lib/python3.9/site-packages/airflow/example_dags/example_external_task_marker_dag.py for tasks to queue
[2024-10-26 09:44:18,346] {logging_mixin.py:115} INFO - [2024-10-26 09:44:18,346] {dagbag.py:507} INFO - Filling up the DagBag from /root/Documentos/airflow/venv/lib/python3.9/site-packages/airflow/example_dags/example_external_task_marker_dag.py
[2024-10-26 09:44:18,348] {processor.py:651} INFO - DAG(s) dict_keys(['example_external_task_marker_parent', 'example_external_task_marker_child']) retrieved from /root/Documentos/airflow/venv/lib/python3.9/site-packages/airflow/example_dags/example_external_task_marker_dag.py
[2024-10-26 09:44:18,361] {logging_mixin.py:115} INFO - [2024-10-26 09:44:18,361] {dag.py:2379} INFO - Sync 2 DAGs
[2024-10-26 09:44:18,372] {logging_mixin.py:115} INFO - [2024-10-26 09:44:18,372] {dag.py:2927} INFO - Setting next_dagrun for example_external_task_marker_child to None, run_after=None
[2024-10-26 09:44:18,372] {logging_mixin.py:115} INFO - [2024-10-26 09:44:18,372] {dag.py:2927} INFO - Setting next_dagrun for example_external_task_marker_parent to None, run_after=None
[2024-10-26 09:44:18,384] {processor.py:161} INFO - Processing /root/Documentos/airflow/venv/lib/python3.9/site-packages/airflow/example_dags/example_external_task_marker_dag.py took 0.045 seconds
[2024-10-26 09:44:51,046] {processor.py:153} INFO - Started process (PID=2994) to work on /root/Documentos/airflow/venv/lib/python3.9/site-packages/airflow/example_dags/example_external_task_marker_dag.py
[2024-10-26 09:44:51,046] {processor.py:641} INFO - Processing file /root/Documentos/airflow/venv/lib/python3.9/site-packages/airflow/example_dags/example_external_task_marker_dag.py for tasks to queue
[2024-10-26 09:44:51,046] {logging_mixin.py:115} INFO - [2024-10-26 09:44:51,046] {dagbag.py:507} INFO - Filling up the DagBag from /root/Documentos/airflow/venv/lib/python3.9/site-packages/airflow/example_dags/example_external_task_marker_dag.py
[2024-10-26 09:44:51,048] {processor.py:651} INFO - DAG(s) dict_keys(['example_external_task_marker_parent', 'example_external_task_marker_child']) retrieved from /root/Documentos/airflow/venv/lib/python3.9/site-packages/airflow/example_dags/example_external_task_marker_dag.py
[2024-10-26 09:44:51,062] {logging_mixin.py:115} INFO - [2024-10-26 09:44:51,062] {dag.py:2379} INFO - Sync 2 DAGs
[2024-10-26 09:44:51,072] {logging_mixin.py:115} INFO - [2024-10-26 09:44:51,072] {dag.py:2927} INFO - Setting next_dagrun for example_external_task_marker_child to None, run_after=None
[2024-10-26 09:44:51,072] {logging_mixin.py:115} INFO - [2024-10-26 09:44:51,072] {dag.py:2927} INFO - Setting next_dagrun for example_external_task_marker_parent to None, run_after=None
[2024-10-26 09:44:51,084] {processor.py:161} INFO - Processing /root/Documentos/airflow/venv/lib/python3.9/site-packages/airflow/example_dags/example_external_task_marker_dag.py took 0.040 seconds
[2024-10-26 09:45:24,847] {processor.py:153} INFO - Started process (PID=3158) to work on /root/Documentos/airflow/venv/lib/python3.9/site-packages/airflow/example_dags/example_external_task_marker_dag.py
[2024-10-26 09:45:24,854] {processor.py:641} INFO - Processing file /root/Documentos/airflow/venv/lib/python3.9/site-packages/airflow/example_dags/example_external_task_marker_dag.py for tasks to queue
[2024-10-26 09:45:24,855] {logging_mixin.py:115} INFO - [2024-10-26 09:45:24,855] {dagbag.py:507} INFO - Filling up the DagBag from /root/Documentos/airflow/venv/lib/python3.9/site-packages/airflow/example_dags/example_external_task_marker_dag.py
[2024-10-26 09:45:24,857] {processor.py:651} INFO - DAG(s) dict_keys(['example_external_task_marker_parent', 'example_external_task_marker_child']) retrieved from /root/Documentos/airflow/venv/lib/python3.9/site-packages/airflow/example_dags/example_external_task_marker_dag.py
[2024-10-26 09:45:24,869] {logging_mixin.py:115} INFO - [2024-10-26 09:45:24,869] {dag.py:2379} INFO - Sync 2 DAGs
[2024-10-26 09:45:24,879] {logging_mixin.py:115} INFO - [2024-10-26 09:45:24,879] {dag.py:2927} INFO - Setting next_dagrun for example_external_task_marker_child to None, run_after=None
[2024-10-26 09:45:24,880] {logging_mixin.py:115} INFO - [2024-10-26 09:45:24,880] {dag.py:2927} INFO - Setting next_dagrun for example_external_task_marker_parent to None, run_after=None
[2024-10-26 09:45:24,893] {processor.py:161} INFO - Processing /root/Documentos/airflow/venv/lib/python3.9/site-packages/airflow/example_dags/example_external_task_marker_dag.py took 0.047 seconds
[2024-10-26 09:46:01,743] {processor.py:153} INFO - Started process (PID=3331) to work on /root/Documentos/airflow/venv/lib/python3.9/site-packages/airflow/example_dags/example_external_task_marker_dag.py
[2024-10-26 09:46:01,748] {processor.py:641} INFO - Processing file /root/Documentos/airflow/venv/lib/python3.9/site-packages/airflow/example_dags/example_external_task_marker_dag.py for tasks to queue
[2024-10-26 09:46:01,748] {logging_mixin.py:115} INFO - [2024-10-26 09:46:01,748] {dagbag.py:507} INFO - Filling up the DagBag from /root/Documentos/airflow/venv/lib/python3.9/site-packages/airflow/example_dags/example_external_task_marker_dag.py
[2024-10-26 09:46:01,750] {processor.py:651} INFO - DAG(s) dict_keys(['example_external_task_marker_parent', 'example_external_task_marker_child']) retrieved from /root/Documentos/airflow/venv/lib/python3.9/site-packages/airflow/example_dags/example_external_task_marker_dag.py
[2024-10-26 09:46:01,763] {logging_mixin.py:115} INFO - [2024-10-26 09:46:01,763] {dag.py:2379} INFO - Sync 2 DAGs
[2024-10-26 09:46:01,773] {logging_mixin.py:115} INFO - [2024-10-26 09:46:01,773] {dag.py:2927} INFO - Setting next_dagrun for example_external_task_marker_child to None, run_after=None
[2024-10-26 09:46:01,773] {logging_mixin.py:115} INFO - [2024-10-26 09:46:01,773] {dag.py:2927} INFO - Setting next_dagrun for example_external_task_marker_parent to None, run_after=None
[2024-10-26 09:46:01,787] {processor.py:161} INFO - Processing /root/Documentos/airflow/venv/lib/python3.9/site-packages/airflow/example_dags/example_external_task_marker_dag.py took 0.046 seconds
[2024-10-26 09:46:33,794] {processor.py:153} INFO - Started process (PID=3564) to work on /root/Documentos/airflow/venv/lib/python3.9/site-packages/airflow/example_dags/example_external_task_marker_dag.py
[2024-10-26 09:46:33,799] {processor.py:641} INFO - Processing file /root/Documentos/airflow/venv/lib/python3.9/site-packages/airflow/example_dags/example_external_task_marker_dag.py for tasks to queue
[2024-10-26 09:46:33,800] {logging_mixin.py:115} INFO - [2024-10-26 09:46:33,800] {dagbag.py:507} INFO - Filling up the DagBag from /root/Documentos/airflow/venv/lib/python3.9/site-packages/airflow/example_dags/example_external_task_marker_dag.py
[2024-10-26 09:46:33,803] {processor.py:651} INFO - DAG(s) dict_keys(['example_external_task_marker_parent', 'example_external_task_marker_child']) retrieved from /root/Documentos/airflow/venv/lib/python3.9/site-packages/airflow/example_dags/example_external_task_marker_dag.py
[2024-10-26 09:46:33,815] {logging_mixin.py:115} INFO - [2024-10-26 09:46:33,815] {dag.py:2379} INFO - Sync 2 DAGs
[2024-10-26 09:46:33,825] {logging_mixin.py:115} INFO - [2024-10-26 09:46:33,825] {dag.py:2927} INFO - Setting next_dagrun for example_external_task_marker_child to None, run_after=None
[2024-10-26 09:46:33,825] {logging_mixin.py:115} INFO - [2024-10-26 09:46:33,825] {dag.py:2927} INFO - Setting next_dagrun for example_external_task_marker_parent to None, run_after=None
[2024-10-26 09:46:33,838] {processor.py:161} INFO - Processing /root/Documentos/airflow/venv/lib/python3.9/site-packages/airflow/example_dags/example_external_task_marker_dag.py took 0.045 seconds
[2024-10-26 09:47:08,245] {processor.py:153} INFO - Started process (PID=3731) to work on /root/Documentos/airflow/venv/lib/python3.9/site-packages/airflow/example_dags/example_external_task_marker_dag.py
[2024-10-26 09:47:08,254] {processor.py:641} INFO - Processing file /root/Documentos/airflow/venv/lib/python3.9/site-packages/airflow/example_dags/example_external_task_marker_dag.py for tasks to queue
[2024-10-26 09:47:08,255] {logging_mixin.py:115} INFO - [2024-10-26 09:47:08,255] {dagbag.py:507} INFO - Filling up the DagBag from /root/Documentos/airflow/venv/lib/python3.9/site-packages/airflow/example_dags/example_external_task_marker_dag.py
[2024-10-26 09:47:08,257] {processor.py:651} INFO - DAG(s) dict_keys(['example_external_task_marker_parent', 'example_external_task_marker_child']) retrieved from /root/Documentos/airflow/venv/lib/python3.9/site-packages/airflow/example_dags/example_external_task_marker_dag.py
[2024-10-26 09:47:08,269] {logging_mixin.py:115} INFO - [2024-10-26 09:47:08,269] {dag.py:2379} INFO - Sync 2 DAGs
[2024-10-26 09:47:08,279] {logging_mixin.py:115} INFO - [2024-10-26 09:47:08,279] {dag.py:2927} INFO - Setting next_dagrun for example_external_task_marker_child to None, run_after=None
[2024-10-26 09:47:08,279] {logging_mixin.py:115} INFO - [2024-10-26 09:47:08,279] {dag.py:2927} INFO - Setting next_dagrun for example_external_task_marker_parent to None, run_after=None
[2024-10-26 09:47:08,291] {processor.py:161} INFO - Processing /root/Documentos/airflow/venv/lib/python3.9/site-packages/airflow/example_dags/example_external_task_marker_dag.py took 0.047 seconds
[2024-10-26 09:47:43,129] {processor.py:153} INFO - Started process (PID=3900) to work on /root/Documentos/airflow/venv/lib/python3.9/site-packages/airflow/example_dags/example_external_task_marker_dag.py
[2024-10-26 09:47:43,134] {processor.py:641} INFO - Processing file /root/Documentos/airflow/venv/lib/python3.9/site-packages/airflow/example_dags/example_external_task_marker_dag.py for tasks to queue
[2024-10-26 09:47:43,135] {logging_mixin.py:115} INFO - [2024-10-26 09:47:43,135] {dagbag.py:507} INFO - Filling up the DagBag from /root/Documentos/airflow/venv/lib/python3.9/site-packages/airflow/example_dags/example_external_task_marker_dag.py
[2024-10-26 09:47:43,137] {processor.py:651} INFO - DAG(s) dict_keys(['example_external_task_marker_parent', 'example_external_task_marker_child']) retrieved from /root/Documentos/airflow/venv/lib/python3.9/site-packages/airflow/example_dags/example_external_task_marker_dag.py
[2024-10-26 09:47:43,149] {logging_mixin.py:115} INFO - [2024-10-26 09:47:43,149] {dag.py:2379} INFO - Sync 2 DAGs
[2024-10-26 09:47:43,159] {logging_mixin.py:115} INFO - [2024-10-26 09:47:43,159] {dag.py:2927} INFO - Setting next_dagrun for example_external_task_marker_child to None, run_after=None
[2024-10-26 09:47:43,159] {logging_mixin.py:115} INFO - [2024-10-26 09:47:43,159] {dag.py:2927} INFO - Setting next_dagrun for example_external_task_marker_parent to None, run_after=None
[2024-10-26 09:47:43,173] {processor.py:161} INFO - Processing /root/Documentos/airflow/venv/lib/python3.9/site-packages/airflow/example_dags/example_external_task_marker_dag.py took 0.045 seconds
[2024-10-26 09:48:16,440] {processor.py:153} INFO - Started process (PID=4072) to work on /root/Documentos/airflow/venv/lib/python3.9/site-packages/airflow/example_dags/example_external_task_marker_dag.py
[2024-10-26 09:48:16,441] {processor.py:641} INFO - Processing file /root/Documentos/airflow/venv/lib/python3.9/site-packages/airflow/example_dags/example_external_task_marker_dag.py for tasks to queue
[2024-10-26 09:48:16,441] {logging_mixin.py:115} INFO - [2024-10-26 09:48:16,441] {dagbag.py:507} INFO - Filling up the DagBag from /root/Documentos/airflow/venv/lib/python3.9/site-packages/airflow/example_dags/example_external_task_marker_dag.py
[2024-10-26 09:48:16,443] {processor.py:651} INFO - DAG(s) dict_keys(['example_external_task_marker_parent', 'example_external_task_marker_child']) retrieved from /root/Documentos/airflow/venv/lib/python3.9/site-packages/airflow/example_dags/example_external_task_marker_dag.py
[2024-10-26 09:48:16,455] {logging_mixin.py:115} INFO - [2024-10-26 09:48:16,455] {dag.py:2379} INFO - Sync 2 DAGs
[2024-10-26 09:48:16,465] {logging_mixin.py:115} INFO - [2024-10-26 09:48:16,465] {dag.py:2927} INFO - Setting next_dagrun for example_external_task_marker_child to None, run_after=None
[2024-10-26 09:48:16,466] {logging_mixin.py:115} INFO - [2024-10-26 09:48:16,466] {dag.py:2927} INFO - Setting next_dagrun for example_external_task_marker_parent to None, run_after=None
[2024-10-26 09:48:16,480] {processor.py:161} INFO - Processing /root/Documentos/airflow/venv/lib/python3.9/site-packages/airflow/example_dags/example_external_task_marker_dag.py took 0.041 seconds
[2024-10-26 09:48:51,861] {processor.py:153} INFO - Started process (PID=4243) to work on /root/Documentos/airflow/venv/lib/python3.9/site-packages/airflow/example_dags/example_external_task_marker_dag.py
[2024-10-26 09:48:51,863] {processor.py:641} INFO - Processing file /root/Documentos/airflow/venv/lib/python3.9/site-packages/airflow/example_dags/example_external_task_marker_dag.py for tasks to queue
[2024-10-26 09:48:51,864] {logging_mixin.py:115} INFO - [2024-10-26 09:48:51,863] {dagbag.py:507} INFO - Filling up the DagBag from /root/Documentos/airflow/venv/lib/python3.9/site-packages/airflow/example_dags/example_external_task_marker_dag.py
[2024-10-26 09:48:51,865] {processor.py:651} INFO - DAG(s) dict_keys(['example_external_task_marker_parent', 'example_external_task_marker_child']) retrieved from /root/Documentos/airflow/venv/lib/python3.9/site-packages/airflow/example_dags/example_external_task_marker_dag.py
[2024-10-26 09:48:51,878] {logging_mixin.py:115} INFO - [2024-10-26 09:48:51,878] {dag.py:2379} INFO - Sync 2 DAGs
[2024-10-26 09:48:51,888] {logging_mixin.py:115} INFO - [2024-10-26 09:48:51,888] {dag.py:2927} INFO - Setting next_dagrun for example_external_task_marker_child to None, run_after=None
[2024-10-26 09:48:51,888] {logging_mixin.py:115} INFO - [2024-10-26 09:48:51,888] {dag.py:2927} INFO - Setting next_dagrun for example_external_task_marker_parent to None, run_after=None
[2024-10-26 09:48:51,904] {processor.py:161} INFO - Processing /root/Documentos/airflow/venv/lib/python3.9/site-packages/airflow/example_dags/example_external_task_marker_dag.py took 0.044 seconds
[2024-10-26 09:49:28,091] {processor.py:153} INFO - Started process (PID=4417) to work on /root/Documentos/airflow/venv/lib/python3.9/site-packages/airflow/example_dags/example_external_task_marker_dag.py
[2024-10-26 09:49:28,094] {processor.py:641} INFO - Processing file /root/Documentos/airflow/venv/lib/python3.9/site-packages/airflow/example_dags/example_external_task_marker_dag.py for tasks to queue
[2024-10-26 09:49:28,094] {logging_mixin.py:115} INFO - [2024-10-26 09:49:28,094] {dagbag.py:507} INFO - Filling up the DagBag from /root/Documentos/airflow/venv/lib/python3.9/site-packages/airflow/example_dags/example_external_task_marker_dag.py
[2024-10-26 09:49:28,096] {processor.py:651} INFO - DAG(s) dict_keys(['example_external_task_marker_parent', 'example_external_task_marker_child']) retrieved from /root/Documentos/airflow/venv/lib/python3.9/site-packages/airflow/example_dags/example_external_task_marker_dag.py
[2024-10-26 09:49:28,109] {logging_mixin.py:115} INFO - [2024-10-26 09:49:28,109] {dag.py:2379} INFO - Sync 2 DAGs
[2024-10-26 09:49:28,119] {logging_mixin.py:115} INFO - [2024-10-26 09:49:28,119] {dag.py:2927} INFO - Setting next_dagrun for example_external_task_marker_child to None, run_after=None
[2024-10-26 09:49:28,119] {logging_mixin.py:115} INFO - [2024-10-26 09:49:28,119] {dag.py:2927} INFO - Setting next_dagrun for example_external_task_marker_parent to None, run_after=None
[2024-10-26 09:49:28,135] {processor.py:161} INFO - Processing /root/Documentos/airflow/venv/lib/python3.9/site-packages/airflow/example_dags/example_external_task_marker_dag.py took 0.045 seconds
[2024-10-26 09:50:04,223] {processor.py:153} INFO - Started process (PID=4591) to work on /root/Documentos/airflow/venv/lib/python3.9/site-packages/airflow/example_dags/example_external_task_marker_dag.py
[2024-10-26 09:50:04,228] {processor.py:641} INFO - Processing file /root/Documentos/airflow/venv/lib/python3.9/site-packages/airflow/example_dags/example_external_task_marker_dag.py for tasks to queue
[2024-10-26 09:50:04,229] {logging_mixin.py:115} INFO - [2024-10-26 09:50:04,229] {dagbag.py:507} INFO - Filling up the DagBag from /root/Documentos/airflow/venv/lib/python3.9/site-packages/airflow/example_dags/example_external_task_marker_dag.py
[2024-10-26 09:50:04,231] {processor.py:651} INFO - DAG(s) dict_keys(['example_external_task_marker_parent', 'example_external_task_marker_child']) retrieved from /root/Documentos/airflow/venv/lib/python3.9/site-packages/airflow/example_dags/example_external_task_marker_dag.py
[2024-10-26 09:50:04,244] {logging_mixin.py:115} INFO - [2024-10-26 09:50:04,244] {dag.py:2379} INFO - Sync 2 DAGs
[2024-10-26 09:50:04,254] {logging_mixin.py:115} INFO - [2024-10-26 09:50:04,254] {dag.py:2927} INFO - Setting next_dagrun for example_external_task_marker_child to None, run_after=None
[2024-10-26 09:50:04,254] {logging_mixin.py:115} INFO - [2024-10-26 09:50:04,254] {dag.py:2927} INFO - Setting next_dagrun for example_external_task_marker_parent to None, run_after=None
[2024-10-26 09:50:04,270] {processor.py:161} INFO - Processing /root/Documentos/airflow/venv/lib/python3.9/site-packages/airflow/example_dags/example_external_task_marker_dag.py took 0.048 seconds
[2024-10-26 09:50:36,940] {processor.py:153} INFO - Started process (PID=4750) to work on /root/Documentos/airflow/venv/lib/python3.9/site-packages/airflow/example_dags/example_external_task_marker_dag.py
[2024-10-26 09:50:36,941] {processor.py:641} INFO - Processing file /root/Documentos/airflow/venv/lib/python3.9/site-packages/airflow/example_dags/example_external_task_marker_dag.py for tasks to queue
[2024-10-26 09:50:36,942] {logging_mixin.py:115} INFO - [2024-10-26 09:50:36,942] {dagbag.py:507} INFO - Filling up the DagBag from /root/Documentos/airflow/venv/lib/python3.9/site-packages/airflow/example_dags/example_external_task_marker_dag.py
[2024-10-26 09:50:36,944] {processor.py:651} INFO - DAG(s) dict_keys(['example_external_task_marker_parent', 'example_external_task_marker_child']) retrieved from /root/Documentos/airflow/venv/lib/python3.9/site-packages/airflow/example_dags/example_external_task_marker_dag.py
[2024-10-26 09:50:36,956] {logging_mixin.py:115} INFO - [2024-10-26 09:50:36,956] {dag.py:2379} INFO - Sync 2 DAGs
[2024-10-26 09:50:36,967] {logging_mixin.py:115} INFO - [2024-10-26 09:50:36,967] {dag.py:2927} INFO - Setting next_dagrun for example_external_task_marker_child to None, run_after=None
[2024-10-26 09:50:36,967] {logging_mixin.py:115} INFO - [2024-10-26 09:50:36,967] {dag.py:2927} INFO - Setting next_dagrun for example_external_task_marker_parent to None, run_after=None
[2024-10-26 09:50:36,984] {processor.py:161} INFO - Processing /root/Documentos/airflow/venv/lib/python3.9/site-packages/airflow/example_dags/example_external_task_marker_dag.py took 0.045 seconds
[2024-10-26 09:51:10,720] {processor.py:153} INFO - Started process (PID=4914) to work on /root/Documentos/airflow/venv/lib/python3.9/site-packages/airflow/example_dags/example_external_task_marker_dag.py
[2024-10-26 09:51:10,725] {processor.py:641} INFO - Processing file /root/Documentos/airflow/venv/lib/python3.9/site-packages/airflow/example_dags/example_external_task_marker_dag.py for tasks to queue
[2024-10-26 09:51:10,726] {logging_mixin.py:115} INFO - [2024-10-26 09:51:10,726] {dagbag.py:507} INFO - Filling up the DagBag from /root/Documentos/airflow/venv/lib/python3.9/site-packages/airflow/example_dags/example_external_task_marker_dag.py
[2024-10-26 09:51:10,728] {processor.py:651} INFO - DAG(s) dict_keys(['example_external_task_marker_parent', 'example_external_task_marker_child']) retrieved from /root/Documentos/airflow/venv/lib/python3.9/site-packages/airflow/example_dags/example_external_task_marker_dag.py
[2024-10-26 09:51:10,741] {logging_mixin.py:115} INFO - [2024-10-26 09:51:10,741] {dag.py:2379} INFO - Sync 2 DAGs
[2024-10-26 09:51:10,751] {logging_mixin.py:115} INFO - [2024-10-26 09:51:10,751] {dag.py:2927} INFO - Setting next_dagrun for example_external_task_marker_child to None, run_after=None
[2024-10-26 09:51:10,751] {logging_mixin.py:115} INFO - [2024-10-26 09:51:10,751] {dag.py:2927} INFO - Setting next_dagrun for example_external_task_marker_parent to None, run_after=None
[2024-10-26 09:51:10,767] {processor.py:161} INFO - Processing /root/Documentos/airflow/venv/lib/python3.9/site-packages/airflow/example_dags/example_external_task_marker_dag.py took 0.048 seconds
[2024-10-26 09:51:47,404] {processor.py:153} INFO - Started process (PID=5092) to work on /root/Documentos/airflow/venv/lib/python3.9/site-packages/airflow/example_dags/example_external_task_marker_dag.py
[2024-10-26 09:51:47,413] {processor.py:641} INFO - Processing file /root/Documentos/airflow/venv/lib/python3.9/site-packages/airflow/example_dags/example_external_task_marker_dag.py for tasks to queue
[2024-10-26 09:51:47,414] {logging_mixin.py:115} INFO - [2024-10-26 09:51:47,414] {dagbag.py:507} INFO - Filling up the DagBag from /root/Documentos/airflow/venv/lib/python3.9/site-packages/airflow/example_dags/example_external_task_marker_dag.py
[2024-10-26 09:51:47,416] {processor.py:651} INFO - DAG(s) dict_keys(['example_external_task_marker_parent', 'example_external_task_marker_child']) retrieved from /root/Documentos/airflow/venv/lib/python3.9/site-packages/airflow/example_dags/example_external_task_marker_dag.py
[2024-10-26 09:51:47,429] {logging_mixin.py:115} INFO - [2024-10-26 09:51:47,429] {dag.py:2379} INFO - Sync 2 DAGs
[2024-10-26 09:51:47,440] {logging_mixin.py:115} INFO - [2024-10-26 09:51:47,440] {dag.py:2927} INFO - Setting next_dagrun for example_external_task_marker_child to None, run_after=None
[2024-10-26 09:51:47,440] {logging_mixin.py:115} INFO - [2024-10-26 09:51:47,440] {dag.py:2927} INFO - Setting next_dagrun for example_external_task_marker_parent to None, run_after=None
[2024-10-26 09:51:47,456] {processor.py:161} INFO - Processing /root/Documentos/airflow/venv/lib/python3.9/site-packages/airflow/example_dags/example_external_task_marker_dag.py took 0.054 seconds
[2024-10-26 09:52:21,857] {processor.py:153} INFO - Started process (PID=5260) to work on /root/Documentos/airflow/venv/lib/python3.9/site-packages/airflow/example_dags/example_external_task_marker_dag.py
[2024-10-26 09:52:21,860] {processor.py:641} INFO - Processing file /root/Documentos/airflow/venv/lib/python3.9/site-packages/airflow/example_dags/example_external_task_marker_dag.py for tasks to queue
[2024-10-26 09:52:21,861] {logging_mixin.py:115} INFO - [2024-10-26 09:52:21,861] {dagbag.py:507} INFO - Filling up the DagBag from /root/Documentos/airflow/venv/lib/python3.9/site-packages/airflow/example_dags/example_external_task_marker_dag.py
[2024-10-26 09:52:21,863] {processor.py:651} INFO - DAG(s) dict_keys(['example_external_task_marker_parent', 'example_external_task_marker_child']) retrieved from /root/Documentos/airflow/venv/lib/python3.9/site-packages/airflow/example_dags/example_external_task_marker_dag.py
[2024-10-26 09:52:21,875] {logging_mixin.py:115} INFO - [2024-10-26 09:52:21,875] {dag.py:2379} INFO - Sync 2 DAGs
[2024-10-26 09:52:21,886] {logging_mixin.py:115} INFO - [2024-10-26 09:52:21,886] {dag.py:2927} INFO - Setting next_dagrun for example_external_task_marker_child to None, run_after=None
[2024-10-26 09:52:21,886] {logging_mixin.py:115} INFO - [2024-10-26 09:52:21,886] {dag.py:2927} INFO - Setting next_dagrun for example_external_task_marker_parent to None, run_after=None
[2024-10-26 09:52:21,901] {processor.py:161} INFO - Processing /root/Documentos/airflow/venv/lib/python3.9/site-packages/airflow/example_dags/example_external_task_marker_dag.py took 0.046 seconds
[2024-10-26 09:52:54,604] {processor.py:153} INFO - Started process (PID=5418) to work on /root/Documentos/airflow/venv/lib/python3.9/site-packages/airflow/example_dags/example_external_task_marker_dag.py
[2024-10-26 09:52:54,604] {processor.py:641} INFO - Processing file /root/Documentos/airflow/venv/lib/python3.9/site-packages/airflow/example_dags/example_external_task_marker_dag.py for tasks to queue
[2024-10-26 09:52:54,604] {logging_mixin.py:115} INFO - [2024-10-26 09:52:54,604] {dagbag.py:507} INFO - Filling up the DagBag from /root/Documentos/airflow/venv/lib/python3.9/site-packages/airflow/example_dags/example_external_task_marker_dag.py
[2024-10-26 09:52:54,606] {processor.py:651} INFO - DAG(s) dict_keys(['example_external_task_marker_parent', 'example_external_task_marker_child']) retrieved from /root/Documentos/airflow/venv/lib/python3.9/site-packages/airflow/example_dags/example_external_task_marker_dag.py
[2024-10-26 09:52:54,619] {logging_mixin.py:115} INFO - [2024-10-26 09:52:54,619] {dag.py:2379} INFO - Sync 2 DAGs
[2024-10-26 09:52:54,628] {logging_mixin.py:115} INFO - [2024-10-26 09:52:54,628] {dag.py:2927} INFO - Setting next_dagrun for example_external_task_marker_child to None, run_after=None
[2024-10-26 09:52:54,628] {logging_mixin.py:115} INFO - [2024-10-26 09:52:54,628] {dag.py:2927} INFO - Setting next_dagrun for example_external_task_marker_parent to None, run_after=None
[2024-10-26 09:52:54,644] {processor.py:161} INFO - Processing /root/Documentos/airflow/venv/lib/python3.9/site-packages/airflow/example_dags/example_external_task_marker_dag.py took 0.041 seconds
[2024-10-26 09:53:29,855] {processor.py:153} INFO - Started process (PID=5588) to work on /root/Documentos/airflow/venv/lib/python3.9/site-packages/airflow/example_dags/example_external_task_marker_dag.py
[2024-10-26 09:53:29,858] {processor.py:641} INFO - Processing file /root/Documentos/airflow/venv/lib/python3.9/site-packages/airflow/example_dags/example_external_task_marker_dag.py for tasks to queue
[2024-10-26 09:53:29,858] {logging_mixin.py:115} INFO - [2024-10-26 09:53:29,858] {dagbag.py:507} INFO - Filling up the DagBag from /root/Documentos/airflow/venv/lib/python3.9/site-packages/airflow/example_dags/example_external_task_marker_dag.py
[2024-10-26 09:53:29,861] {processor.py:651} INFO - DAG(s) dict_keys(['example_external_task_marker_parent', 'example_external_task_marker_child']) retrieved from /root/Documentos/airflow/venv/lib/python3.9/site-packages/airflow/example_dags/example_external_task_marker_dag.py
[2024-10-26 09:53:29,874] {logging_mixin.py:115} INFO - [2024-10-26 09:53:29,874] {dag.py:2379} INFO - Sync 2 DAGs
[2024-10-26 09:53:29,883] {logging_mixin.py:115} INFO - [2024-10-26 09:53:29,883] {dag.py:2927} INFO - Setting next_dagrun for example_external_task_marker_child to None, run_after=None
[2024-10-26 09:53:29,884] {logging_mixin.py:115} INFO - [2024-10-26 09:53:29,883] {dag.py:2927} INFO - Setting next_dagrun for example_external_task_marker_parent to None, run_after=None
[2024-10-26 09:53:29,899] {processor.py:161} INFO - Processing /root/Documentos/airflow/venv/lib/python3.9/site-packages/airflow/example_dags/example_external_task_marker_dag.py took 0.045 seconds
[2024-10-26 09:54:02,865] {processor.py:153} INFO - Started process (PID=5749) to work on /root/Documentos/airflow/venv/lib/python3.9/site-packages/airflow/example_dags/example_external_task_marker_dag.py
[2024-10-26 09:54:02,865] {processor.py:641} INFO - Processing file /root/Documentos/airflow/venv/lib/python3.9/site-packages/airflow/example_dags/example_external_task_marker_dag.py for tasks to queue
[2024-10-26 09:54:02,865] {logging_mixin.py:115} INFO - [2024-10-26 09:54:02,865] {dagbag.py:507} INFO - Filling up the DagBag from /root/Documentos/airflow/venv/lib/python3.9/site-packages/airflow/example_dags/example_external_task_marker_dag.py
[2024-10-26 09:54:02,867] {processor.py:651} INFO - DAG(s) dict_keys(['example_external_task_marker_parent', 'example_external_task_marker_child']) retrieved from /root/Documentos/airflow/venv/lib/python3.9/site-packages/airflow/example_dags/example_external_task_marker_dag.py
[2024-10-26 09:54:02,881] {logging_mixin.py:115} INFO - [2024-10-26 09:54:02,881] {dag.py:2379} INFO - Sync 2 DAGs
[2024-10-26 09:54:02,889] {logging_mixin.py:115} INFO - [2024-10-26 09:54:02,889] {dag.py:2927} INFO - Setting next_dagrun for example_external_task_marker_child to None, run_after=None
[2024-10-26 09:54:02,890] {logging_mixin.py:115} INFO - [2024-10-26 09:54:02,890] {dag.py:2927} INFO - Setting next_dagrun for example_external_task_marker_parent to None, run_after=None
[2024-10-26 09:54:02,903] {processor.py:161} INFO - Processing /root/Documentos/airflow/venv/lib/python3.9/site-packages/airflow/example_dags/example_external_task_marker_dag.py took 0.040 seconds
[2024-10-26 09:54:37,815] {processor.py:153} INFO - Started process (PID=5917) to work on /root/Documentos/airflow/venv/lib/python3.9/site-packages/airflow/example_dags/example_external_task_marker_dag.py
[2024-10-26 09:54:37,819] {processor.py:641} INFO - Processing file /root/Documentos/airflow/venv/lib/python3.9/site-packages/airflow/example_dags/example_external_task_marker_dag.py for tasks to queue
[2024-10-26 09:54:37,819] {logging_mixin.py:115} INFO - [2024-10-26 09:54:37,819] {dagbag.py:507} INFO - Filling up the DagBag from /root/Documentos/airflow/venv/lib/python3.9/site-packages/airflow/example_dags/example_external_task_marker_dag.py
[2024-10-26 09:54:37,821] {processor.py:651} INFO - DAG(s) dict_keys(['example_external_task_marker_parent', 'example_external_task_marker_child']) retrieved from /root/Documentos/airflow/venv/lib/python3.9/site-packages/airflow/example_dags/example_external_task_marker_dag.py
[2024-10-26 09:54:37,835] {logging_mixin.py:115} INFO - [2024-10-26 09:54:37,835] {dag.py:2379} INFO - Sync 2 DAGs
[2024-10-26 09:54:37,844] {logging_mixin.py:115} INFO - [2024-10-26 09:54:37,844] {dag.py:2927} INFO - Setting next_dagrun for example_external_task_marker_child to None, run_after=None
[2024-10-26 09:54:37,844] {logging_mixin.py:115} INFO - [2024-10-26 09:54:37,844] {dag.py:2927} INFO - Setting next_dagrun for example_external_task_marker_parent to None, run_after=None
[2024-10-26 09:54:37,859] {processor.py:161} INFO - Processing /root/Documentos/airflow/venv/lib/python3.9/site-packages/airflow/example_dags/example_external_task_marker_dag.py took 0.046 seconds
[2024-10-26 09:55:11,470] {processor.py:153} INFO - Started process (PID=6079) to work on /root/Documentos/airflow/venv/lib/python3.9/site-packages/airflow/example_dags/example_external_task_marker_dag.py
[2024-10-26 09:55:11,474] {processor.py:641} INFO - Processing file /root/Documentos/airflow/venv/lib/python3.9/site-packages/airflow/example_dags/example_external_task_marker_dag.py for tasks to queue
[2024-10-26 09:55:11,475] {logging_mixin.py:115} INFO - [2024-10-26 09:55:11,475] {dagbag.py:507} INFO - Filling up the DagBag from /root/Documentos/airflow/venv/lib/python3.9/site-packages/airflow/example_dags/example_external_task_marker_dag.py
[2024-10-26 09:55:11,477] {processor.py:651} INFO - DAG(s) dict_keys(['example_external_task_marker_parent', 'example_external_task_marker_child']) retrieved from /root/Documentos/airflow/venv/lib/python3.9/site-packages/airflow/example_dags/example_external_task_marker_dag.py
[2024-10-26 09:55:11,491] {logging_mixin.py:115} INFO - [2024-10-26 09:55:11,491] {dag.py:2379} INFO - Sync 2 DAGs
[2024-10-26 09:55:11,499] {logging_mixin.py:115} INFO - [2024-10-26 09:55:11,499] {dag.py:2927} INFO - Setting next_dagrun for example_external_task_marker_child to None, run_after=None
[2024-10-26 09:55:11,500] {logging_mixin.py:115} INFO - [2024-10-26 09:55:11,500] {dag.py:2927} INFO - Setting next_dagrun for example_external_task_marker_parent to None, run_after=None
[2024-10-26 09:55:11,515] {processor.py:161} INFO - Processing /root/Documentos/airflow/venv/lib/python3.9/site-packages/airflow/example_dags/example_external_task_marker_dag.py took 0.046 seconds
