[2024-10-26 09:24:41,934] {processor.py:153} INFO - Started process (PID=10195) to work on /root/Documentos/airflow/venv/lib/python3.9/site-packages/airflow/example_dags/example_task_group.py
[2024-10-26 09:24:41,934] {processor.py:641} INFO - Processing file /root/Documentos/airflow/venv/lib/python3.9/site-packages/airflow/example_dags/example_task_group.py for tasks to queue
[2024-10-26 09:24:41,934] {logging_mixin.py:115} INFO - [2024-10-26 09:24:41,934] {dagbag.py:507} INFO - Filling up the DagBag from /root/Documentos/airflow/venv/lib/python3.9/site-packages/airflow/example_dags/example_task_group.py
[2024-10-26 09:24:41,937] {processor.py:651} INFO - DAG(s) dict_keys(['example_task_group']) retrieved from /root/Documentos/airflow/venv/lib/python3.9/site-packages/airflow/example_dags/example_task_group.py
[2024-10-26 09:24:41,987] {logging_mixin.py:115} INFO - [2024-10-26 09:24:41,987] {manager.py:508} INFO - Created Permission View: can edit on DAG:example_task_group
[2024-10-26 09:24:42,000] {logging_mixin.py:115} INFO - [2024-10-26 09:24:42,000] {manager.py:508} INFO - Created Permission View: can read on DAG:example_task_group
[2024-10-26 09:24:42,010] {logging_mixin.py:115} INFO - [2024-10-26 09:24:42,010] {manager.py:508} INFO - Created Permission View: can delete on DAG:example_task_group
[2024-10-26 09:24:42,010] {logging_mixin.py:115} INFO - [2024-10-26 09:24:42,010] {dag.py:2379} INFO - Sync 1 DAGs
[2024-10-26 09:24:42,015] {logging_mixin.py:115} INFO - [2024-10-26 09:24:42,015] {dag.py:2398} INFO - Creating ORM DAG for example_task_group
[2024-10-26 09:24:42,028] {logging_mixin.py:115} INFO - [2024-10-26 09:24:42,028] {dag.py:2927} INFO - Setting next_dagrun for example_task_group to 2024-10-25T12:24:42.028412+00:00, run_after=2024-10-26T12:24:42.028412+00:00
[2024-10-26 09:24:42,042] {processor.py:161} INFO - Processing /root/Documentos/airflow/venv/lib/python3.9/site-packages/airflow/example_dags/example_task_group.py took 0.110 seconds
[2024-10-26 09:25:17,436] {processor.py:153} INFO - Started process (PID=10366) to work on /root/Documentos/airflow/venv/lib/python3.9/site-packages/airflow/example_dags/example_task_group.py
[2024-10-26 09:25:17,441] {processor.py:641} INFO - Processing file /root/Documentos/airflow/venv/lib/python3.9/site-packages/airflow/example_dags/example_task_group.py for tasks to queue
[2024-10-26 09:25:17,442] {logging_mixin.py:115} INFO - [2024-10-26 09:25:17,442] {dagbag.py:507} INFO - Filling up the DagBag from /root/Documentos/airflow/venv/lib/python3.9/site-packages/airflow/example_dags/example_task_group.py
[2024-10-26 09:25:17,445] {processor.py:651} INFO - DAG(s) dict_keys(['example_task_group']) retrieved from /root/Documentos/airflow/venv/lib/python3.9/site-packages/airflow/example_dags/example_task_group.py
[2024-10-26 09:25:17,454] {logging_mixin.py:115} INFO - [2024-10-26 09:25:17,454] {dag.py:2379} INFO - Sync 1 DAGs
[2024-10-26 09:25:17,464] {logging_mixin.py:115} INFO - [2024-10-26 09:25:17,464] {dag.py:2927} INFO - Setting next_dagrun for example_task_group to 2024-10-25T12:25:17.464405+00:00, run_after=2024-10-26T12:25:17.464405+00:00
[2024-10-26 09:25:17,478] {processor.py:161} INFO - Processing /root/Documentos/airflow/venv/lib/python3.9/site-packages/airflow/example_dags/example_task_group.py took 0.043 seconds
[2024-10-26 09:25:49,234] {processor.py:153} INFO - Started process (PID=10522) to work on /root/Documentos/airflow/venv/lib/python3.9/site-packages/airflow/example_dags/example_task_group.py
[2024-10-26 09:25:49,235] {processor.py:641} INFO - Processing file /root/Documentos/airflow/venv/lib/python3.9/site-packages/airflow/example_dags/example_task_group.py for tasks to queue
[2024-10-26 09:25:49,236] {logging_mixin.py:115} INFO - [2024-10-26 09:25:49,236] {dagbag.py:507} INFO - Filling up the DagBag from /root/Documentos/airflow/venv/lib/python3.9/site-packages/airflow/example_dags/example_task_group.py
[2024-10-26 09:25:49,240] {processor.py:651} INFO - DAG(s) dict_keys(['example_task_group']) retrieved from /root/Documentos/airflow/venv/lib/python3.9/site-packages/airflow/example_dags/example_task_group.py
[2024-10-26 09:25:49,249] {logging_mixin.py:115} INFO - [2024-10-26 09:25:49,249] {dag.py:2379} INFO - Sync 1 DAGs
[2024-10-26 09:25:49,259] {logging_mixin.py:115} INFO - [2024-10-26 09:25:49,259] {dag.py:2927} INFO - Setting next_dagrun for example_task_group to 2024-10-25T12:25:49.259561+00:00, run_after=2024-10-26T12:25:49.259561+00:00
[2024-10-26 09:25:49,274] {processor.py:161} INFO - Processing /root/Documentos/airflow/venv/lib/python3.9/site-packages/airflow/example_dags/example_task_group.py took 0.041 seconds
[2024-10-26 09:26:23,533] {processor.py:153} INFO - Started process (PID=10687) to work on /root/Documentos/airflow/venv/lib/python3.9/site-packages/airflow/example_dags/example_task_group.py
[2024-10-26 09:26:23,538] {processor.py:641} INFO - Processing file /root/Documentos/airflow/venv/lib/python3.9/site-packages/airflow/example_dags/example_task_group.py for tasks to queue
[2024-10-26 09:26:23,539] {logging_mixin.py:115} INFO - [2024-10-26 09:26:23,539] {dagbag.py:507} INFO - Filling up the DagBag from /root/Documentos/airflow/venv/lib/python3.9/site-packages/airflow/example_dags/example_task_group.py
[2024-10-26 09:26:23,542] {processor.py:651} INFO - DAG(s) dict_keys(['example_task_group']) retrieved from /root/Documentos/airflow/venv/lib/python3.9/site-packages/airflow/example_dags/example_task_group.py
[2024-10-26 09:26:23,551] {logging_mixin.py:115} INFO - [2024-10-26 09:26:23,551] {dag.py:2379} INFO - Sync 1 DAGs
[2024-10-26 09:26:23,561] {logging_mixin.py:115} INFO - [2024-10-26 09:26:23,561] {dag.py:2927} INFO - Setting next_dagrun for example_task_group to 2024-10-25T12:26:23.561623+00:00, run_after=2024-10-26T12:26:23.561623+00:00
[2024-10-26 09:26:23,575] {processor.py:161} INFO - Processing /root/Documentos/airflow/venv/lib/python3.9/site-packages/airflow/example_dags/example_task_group.py took 0.043 seconds
[2024-10-26 09:26:56,258] {processor.py:153} INFO - Started process (PID=10846) to work on /root/Documentos/airflow/venv/lib/python3.9/site-packages/airflow/example_dags/example_task_group.py
[2024-10-26 09:26:56,265] {processor.py:641} INFO - Processing file /root/Documentos/airflow/venv/lib/python3.9/site-packages/airflow/example_dags/example_task_group.py for tasks to queue
[2024-10-26 09:26:56,265] {logging_mixin.py:115} INFO - [2024-10-26 09:26:56,265] {dagbag.py:507} INFO - Filling up the DagBag from /root/Documentos/airflow/venv/lib/python3.9/site-packages/airflow/example_dags/example_task_group.py
[2024-10-26 09:26:56,269] {processor.py:651} INFO - DAG(s) dict_keys(['example_task_group']) retrieved from /root/Documentos/airflow/venv/lib/python3.9/site-packages/airflow/example_dags/example_task_group.py
[2024-10-26 09:26:56,277] {logging_mixin.py:115} INFO - [2024-10-26 09:26:56,277] {dag.py:2379} INFO - Sync 1 DAGs
[2024-10-26 09:26:56,288] {logging_mixin.py:115} INFO - [2024-10-26 09:26:56,288] {dag.py:2927} INFO - Setting next_dagrun for example_task_group to 2024-10-25T12:26:56.287941+00:00, run_after=2024-10-26T12:26:56.287941+00:00
[2024-10-26 09:26:56,301] {processor.py:161} INFO - Processing /root/Documentos/airflow/venv/lib/python3.9/site-packages/airflow/example_dags/example_task_group.py took 0.045 seconds
[2024-10-26 09:27:30,128] {processor.py:153} INFO - Started process (PID=11010) to work on /root/Documentos/airflow/venv/lib/python3.9/site-packages/airflow/example_dags/example_task_group.py
[2024-10-26 09:27:30,135] {processor.py:641} INFO - Processing file /root/Documentos/airflow/venv/lib/python3.9/site-packages/airflow/example_dags/example_task_group.py for tasks to queue
[2024-10-26 09:27:30,135] {logging_mixin.py:115} INFO - [2024-10-26 09:27:30,135] {dagbag.py:507} INFO - Filling up the DagBag from /root/Documentos/airflow/venv/lib/python3.9/site-packages/airflow/example_dags/example_task_group.py
[2024-10-26 09:27:30,139] {processor.py:651} INFO - DAG(s) dict_keys(['example_task_group']) retrieved from /root/Documentos/airflow/venv/lib/python3.9/site-packages/airflow/example_dags/example_task_group.py
[2024-10-26 09:27:30,148] {logging_mixin.py:115} INFO - [2024-10-26 09:27:30,148] {dag.py:2379} INFO - Sync 1 DAGs
[2024-10-26 09:27:30,159] {logging_mixin.py:115} INFO - [2024-10-26 09:27:30,159] {dag.py:2927} INFO - Setting next_dagrun for example_task_group to 2024-10-25T12:27:30.159738+00:00, run_after=2024-10-26T12:27:30.159738+00:00
[2024-10-26 09:27:30,172] {processor.py:161} INFO - Processing /root/Documentos/airflow/venv/lib/python3.9/site-packages/airflow/example_dags/example_task_group.py took 0.046 seconds
[2024-10-26 09:28:03,493] {processor.py:153} INFO - Started process (PID=11177) to work on /root/Documentos/airflow/venv/lib/python3.9/site-packages/airflow/example_dags/example_task_group.py
[2024-10-26 09:28:03,499] {processor.py:641} INFO - Processing file /root/Documentos/airflow/venv/lib/python3.9/site-packages/airflow/example_dags/example_task_group.py for tasks to queue
[2024-10-26 09:28:03,499] {logging_mixin.py:115} INFO - [2024-10-26 09:28:03,499] {dagbag.py:507} INFO - Filling up the DagBag from /root/Documentos/airflow/venv/lib/python3.9/site-packages/airflow/example_dags/example_task_group.py
[2024-10-26 09:28:03,503] {processor.py:651} INFO - DAG(s) dict_keys(['example_task_group']) retrieved from /root/Documentos/airflow/venv/lib/python3.9/site-packages/airflow/example_dags/example_task_group.py
[2024-10-26 09:28:03,512] {logging_mixin.py:115} INFO - [2024-10-26 09:28:03,512] {dag.py:2379} INFO - Sync 1 DAGs
[2024-10-26 09:28:03,522] {logging_mixin.py:115} INFO - [2024-10-26 09:28:03,522] {dag.py:2927} INFO - Setting next_dagrun for example_task_group to 2024-10-25T12:28:03.522400+00:00, run_after=2024-10-26T12:28:03.522400+00:00
[2024-10-26 09:28:03,537] {processor.py:161} INFO - Processing /root/Documentos/airflow/venv/lib/python3.9/site-packages/airflow/example_dags/example_task_group.py took 0.044 seconds
[2024-10-26 09:28:36,388] {processor.py:153} INFO - Started process (PID=11342) to work on /root/Documentos/airflow/venv/lib/python3.9/site-packages/airflow/example_dags/example_task_group.py
[2024-10-26 09:28:36,393] {processor.py:641} INFO - Processing file /root/Documentos/airflow/venv/lib/python3.9/site-packages/airflow/example_dags/example_task_group.py for tasks to queue
[2024-10-26 09:28:36,394] {logging_mixin.py:115} INFO - [2024-10-26 09:28:36,394] {dagbag.py:507} INFO - Filling up the DagBag from /root/Documentos/airflow/venv/lib/python3.9/site-packages/airflow/example_dags/example_task_group.py
[2024-10-26 09:28:36,397] {processor.py:651} INFO - DAG(s) dict_keys(['example_task_group']) retrieved from /root/Documentos/airflow/venv/lib/python3.9/site-packages/airflow/example_dags/example_task_group.py
[2024-10-26 09:28:36,406] {logging_mixin.py:115} INFO - [2024-10-26 09:28:36,406] {dag.py:2379} INFO - Sync 1 DAGs
[2024-10-26 09:28:36,417] {logging_mixin.py:115} INFO - [2024-10-26 09:28:36,417] {dag.py:2927} INFO - Setting next_dagrun for example_task_group to 2024-10-25T12:28:36.417429+00:00, run_after=2024-10-26T12:28:36.417429+00:00
[2024-10-26 09:28:36,429] {processor.py:161} INFO - Processing /root/Documentos/airflow/venv/lib/python3.9/site-packages/airflow/example_dags/example_task_group.py took 0.042 seconds
[2024-10-26 09:37:59,046] {processor.py:153} INFO - Started process (PID=989) to work on /root/Documentos/airflow/venv/lib/python3.9/site-packages/airflow/example_dags/example_task_group.py
[2024-10-26 09:37:59,051] {processor.py:641} INFO - Processing file /root/Documentos/airflow/venv/lib/python3.9/site-packages/airflow/example_dags/example_task_group.py for tasks to queue
[2024-10-26 09:37:59,051] {logging_mixin.py:115} INFO - [2024-10-26 09:37:59,051] {dagbag.py:507} INFO - Filling up the DagBag from /root/Documentos/airflow/venv/lib/python3.9/site-packages/airflow/example_dags/example_task_group.py
[2024-10-26 09:37:59,055] {processor.py:651} INFO - DAG(s) dict_keys(['example_task_group']) retrieved from /root/Documentos/airflow/venv/lib/python3.9/site-packages/airflow/example_dags/example_task_group.py
[2024-10-26 09:37:59,065] {logging_mixin.py:115} INFO - [2024-10-26 09:37:59,065] {dag.py:2379} INFO - Sync 1 DAGs
[2024-10-26 09:37:59,079] {logging_mixin.py:115} INFO - [2024-10-26 09:37:59,078] {dag.py:2927} INFO - Setting next_dagrun for example_task_group to 2024-10-25T12:37:59.078790+00:00, run_after=2024-10-26T12:37:59.078790+00:00
[2024-10-26 09:37:59,092] {processor.py:161} INFO - Processing /root/Documentos/airflow/venv/lib/python3.9/site-packages/airflow/example_dags/example_task_group.py took 0.048 seconds
[2024-10-26 09:38:29,432] {processor.py:153} INFO - Started process (PID=1142) to work on /root/Documentos/airflow/venv/lib/python3.9/site-packages/airflow/example_dags/example_task_group.py
[2024-10-26 09:38:29,433] {processor.py:641} INFO - Processing file /root/Documentos/airflow/venv/lib/python3.9/site-packages/airflow/example_dags/example_task_group.py for tasks to queue
[2024-10-26 09:38:29,433] {logging_mixin.py:115} INFO - [2024-10-26 09:38:29,433] {dagbag.py:507} INFO - Filling up the DagBag from /root/Documentos/airflow/venv/lib/python3.9/site-packages/airflow/example_dags/example_task_group.py
[2024-10-26 09:38:29,436] {processor.py:651} INFO - DAG(s) dict_keys(['example_task_group']) retrieved from /root/Documentos/airflow/venv/lib/python3.9/site-packages/airflow/example_dags/example_task_group.py
[2024-10-26 09:38:29,445] {logging_mixin.py:115} INFO - [2024-10-26 09:38:29,445] {dag.py:2379} INFO - Sync 1 DAGs
[2024-10-26 09:38:29,456] {logging_mixin.py:115} INFO - [2024-10-26 09:38:29,455] {dag.py:2927} INFO - Setting next_dagrun for example_task_group to 2024-10-25T12:38:29.455826+00:00, run_after=2024-10-26T12:38:29.455826+00:00
[2024-10-26 09:38:29,468] {processor.py:161} INFO - Processing /root/Documentos/airflow/venv/lib/python3.9/site-packages/airflow/example_dags/example_task_group.py took 0.038 seconds
[2024-10-26 09:39:03,745] {processor.py:153} INFO - Started process (PID=1311) to work on /root/Documentos/airflow/venv/lib/python3.9/site-packages/airflow/example_dags/example_task_group.py
[2024-10-26 09:39:03,752] {processor.py:641} INFO - Processing file /root/Documentos/airflow/venv/lib/python3.9/site-packages/airflow/example_dags/example_task_group.py for tasks to queue
[2024-10-26 09:39:03,752] {logging_mixin.py:115} INFO - [2024-10-26 09:39:03,752] {dagbag.py:507} INFO - Filling up the DagBag from /root/Documentos/airflow/venv/lib/python3.9/site-packages/airflow/example_dags/example_task_group.py
[2024-10-26 09:39:03,755] {processor.py:651} INFO - DAG(s) dict_keys(['example_task_group']) retrieved from /root/Documentos/airflow/venv/lib/python3.9/site-packages/airflow/example_dags/example_task_group.py
[2024-10-26 09:39:03,765] {logging_mixin.py:115} INFO - [2024-10-26 09:39:03,765] {dag.py:2379} INFO - Sync 1 DAGs
[2024-10-26 09:39:03,776] {logging_mixin.py:115} INFO - [2024-10-26 09:39:03,776] {dag.py:2927} INFO - Setting next_dagrun for example_task_group to 2024-10-25T12:39:03.776146+00:00, run_after=2024-10-26T12:39:03.776146+00:00
[2024-10-26 09:39:03,789] {processor.py:161} INFO - Processing /root/Documentos/airflow/venv/lib/python3.9/site-packages/airflow/example_dags/example_task_group.py took 0.046 seconds
[2024-10-26 09:39:37,548] {processor.py:153} INFO - Started process (PID=1474) to work on /root/Documentos/airflow/venv/lib/python3.9/site-packages/airflow/example_dags/example_task_group.py
[2024-10-26 09:39:37,553] {processor.py:641} INFO - Processing file /root/Documentos/airflow/venv/lib/python3.9/site-packages/airflow/example_dags/example_task_group.py for tasks to queue
[2024-10-26 09:39:37,553] {logging_mixin.py:115} INFO - [2024-10-26 09:39:37,553] {dagbag.py:507} INFO - Filling up the DagBag from /root/Documentos/airflow/venv/lib/python3.9/site-packages/airflow/example_dags/example_task_group.py
[2024-10-26 09:39:37,556] {processor.py:651} INFO - DAG(s) dict_keys(['example_task_group']) retrieved from /root/Documentos/airflow/venv/lib/python3.9/site-packages/airflow/example_dags/example_task_group.py
[2024-10-26 09:39:37,565] {logging_mixin.py:115} INFO - [2024-10-26 09:39:37,565] {dag.py:2379} INFO - Sync 1 DAGs
[2024-10-26 09:39:37,575] {logging_mixin.py:115} INFO - [2024-10-26 09:39:37,575] {dag.py:2927} INFO - Setting next_dagrun for example_task_group to 2024-10-25T12:39:37.575524+00:00, run_after=2024-10-26T12:39:37.575524+00:00
[2024-10-26 09:39:37,587] {processor.py:161} INFO - Processing /root/Documentos/airflow/venv/lib/python3.9/site-packages/airflow/example_dags/example_task_group.py took 0.041 seconds
[2024-10-26 09:40:11,277] {processor.py:153} INFO - Started process (PID=1637) to work on /root/Documentos/airflow/venv/lib/python3.9/site-packages/airflow/example_dags/example_task_group.py
[2024-10-26 09:40:11,282] {processor.py:641} INFO - Processing file /root/Documentos/airflow/venv/lib/python3.9/site-packages/airflow/example_dags/example_task_group.py for tasks to queue
[2024-10-26 09:40:11,282] {logging_mixin.py:115} INFO - [2024-10-26 09:40:11,282] {dagbag.py:507} INFO - Filling up the DagBag from /root/Documentos/airflow/venv/lib/python3.9/site-packages/airflow/example_dags/example_task_group.py
[2024-10-26 09:40:11,286] {processor.py:651} INFO - DAG(s) dict_keys(['example_task_group']) retrieved from /root/Documentos/airflow/venv/lib/python3.9/site-packages/airflow/example_dags/example_task_group.py
[2024-10-26 09:40:11,295] {logging_mixin.py:115} INFO - [2024-10-26 09:40:11,295] {dag.py:2379} INFO - Sync 1 DAGs
[2024-10-26 09:40:11,307] {logging_mixin.py:115} INFO - [2024-10-26 09:40:11,307] {dag.py:2927} INFO - Setting next_dagrun for example_task_group to 2024-10-25T12:40:11.307240+00:00, run_after=2024-10-26T12:40:11.307240+00:00
[2024-10-26 09:40:11,320] {processor.py:161} INFO - Processing /root/Documentos/airflow/venv/lib/python3.9/site-packages/airflow/example_dags/example_task_group.py took 0.044 seconds
[2024-10-26 09:40:45,848] {processor.py:153} INFO - Started process (PID=1804) to work on /root/Documentos/airflow/venv/lib/python3.9/site-packages/airflow/example_dags/example_task_group.py
[2024-10-26 09:40:45,855] {processor.py:641} INFO - Processing file /root/Documentos/airflow/venv/lib/python3.9/site-packages/airflow/example_dags/example_task_group.py for tasks to queue
[2024-10-26 09:40:45,856] {logging_mixin.py:115} INFO - [2024-10-26 09:40:45,856] {dagbag.py:507} INFO - Filling up the DagBag from /root/Documentos/airflow/venv/lib/python3.9/site-packages/airflow/example_dags/example_task_group.py
[2024-10-26 09:40:45,859] {processor.py:651} INFO - DAG(s) dict_keys(['example_task_group']) retrieved from /root/Documentos/airflow/venv/lib/python3.9/site-packages/airflow/example_dags/example_task_group.py
[2024-10-26 09:40:45,868] {logging_mixin.py:115} INFO - [2024-10-26 09:40:45,868] {dag.py:2379} INFO - Sync 1 DAGs
[2024-10-26 09:40:45,878] {logging_mixin.py:115} INFO - [2024-10-26 09:40:45,878] {dag.py:2927} INFO - Setting next_dagrun for example_task_group to 2024-10-25T12:40:45.878588+00:00, run_after=2024-10-26T12:40:45.878588+00:00
[2024-10-26 09:40:45,894] {processor.py:161} INFO - Processing /root/Documentos/airflow/venv/lib/python3.9/site-packages/airflow/example_dags/example_task_group.py took 0.047 seconds
[2024-10-26 09:41:18,549] {processor.py:153} INFO - Started process (PID=1963) to work on /root/Documentos/airflow/venv/lib/python3.9/site-packages/airflow/example_dags/example_task_group.py
[2024-10-26 09:41:18,554] {processor.py:641} INFO - Processing file /root/Documentos/airflow/venv/lib/python3.9/site-packages/airflow/example_dags/example_task_group.py for tasks to queue
[2024-10-26 09:41:18,555] {logging_mixin.py:115} INFO - [2024-10-26 09:41:18,555] {dagbag.py:507} INFO - Filling up the DagBag from /root/Documentos/airflow/venv/lib/python3.9/site-packages/airflow/example_dags/example_task_group.py
[2024-10-26 09:41:18,559] {processor.py:651} INFO - DAG(s) dict_keys(['example_task_group']) retrieved from /root/Documentos/airflow/venv/lib/python3.9/site-packages/airflow/example_dags/example_task_group.py
[2024-10-26 09:41:18,568] {logging_mixin.py:115} INFO - [2024-10-26 09:41:18,568] {dag.py:2379} INFO - Sync 1 DAGs
[2024-10-26 09:41:18,579] {logging_mixin.py:115} INFO - [2024-10-26 09:41:18,578] {dag.py:2927} INFO - Setting next_dagrun for example_task_group to 2024-10-25T12:41:18.578827+00:00, run_after=2024-10-26T12:41:18.578827+00:00
[2024-10-26 09:41:18,590] {processor.py:161} INFO - Processing /root/Documentos/airflow/venv/lib/python3.9/site-packages/airflow/example_dags/example_task_group.py took 0.043 seconds
[2024-10-26 09:41:52,757] {processor.py:153} INFO - Started process (PID=2128) to work on /root/Documentos/airflow/venv/lib/python3.9/site-packages/airflow/example_dags/example_task_group.py
[2024-10-26 09:41:52,764] {processor.py:641} INFO - Processing file /root/Documentos/airflow/venv/lib/python3.9/site-packages/airflow/example_dags/example_task_group.py for tasks to queue
[2024-10-26 09:41:52,764] {logging_mixin.py:115} INFO - [2024-10-26 09:41:52,764] {dagbag.py:507} INFO - Filling up the DagBag from /root/Documentos/airflow/venv/lib/python3.9/site-packages/airflow/example_dags/example_task_group.py
[2024-10-26 09:41:52,767] {processor.py:651} INFO - DAG(s) dict_keys(['example_task_group']) retrieved from /root/Documentos/airflow/venv/lib/python3.9/site-packages/airflow/example_dags/example_task_group.py
[2024-10-26 09:41:52,776] {logging_mixin.py:115} INFO - [2024-10-26 09:41:52,776] {dag.py:2379} INFO - Sync 1 DAGs
[2024-10-26 09:41:52,787] {logging_mixin.py:115} INFO - [2024-10-26 09:41:52,787] {dag.py:2927} INFO - Setting next_dagrun for example_task_group to 2024-10-25T12:41:52.787270+00:00, run_after=2024-10-26T12:41:52.787270+00:00
[2024-10-26 09:41:52,800] {processor.py:161} INFO - Processing /root/Documentos/airflow/venv/lib/python3.9/site-packages/airflow/example_dags/example_task_group.py took 0.044 seconds
[2024-10-26 09:42:27,101] {processor.py:153} INFO - Started process (PID=2293) to work on /root/Documentos/airflow/venv/lib/python3.9/site-packages/airflow/example_dags/example_task_group.py
[2024-10-26 09:42:27,102] {processor.py:641} INFO - Processing file /root/Documentos/airflow/venv/lib/python3.9/site-packages/airflow/example_dags/example_task_group.py for tasks to queue
[2024-10-26 09:42:27,102] {logging_mixin.py:115} INFO - [2024-10-26 09:42:27,102] {dagbag.py:507} INFO - Filling up the DagBag from /root/Documentos/airflow/venv/lib/python3.9/site-packages/airflow/example_dags/example_task_group.py
[2024-10-26 09:42:27,105] {processor.py:651} INFO - DAG(s) dict_keys(['example_task_group']) retrieved from /root/Documentos/airflow/venv/lib/python3.9/site-packages/airflow/example_dags/example_task_group.py
[2024-10-26 09:42:27,114] {logging_mixin.py:115} INFO - [2024-10-26 09:42:27,114] {dag.py:2379} INFO - Sync 1 DAGs
[2024-10-26 09:42:27,124] {logging_mixin.py:115} INFO - [2024-10-26 09:42:27,124] {dag.py:2927} INFO - Setting next_dagrun for example_task_group to 2024-10-25T12:42:27.124615+00:00, run_after=2024-10-26T12:42:27.124615+00:00
[2024-10-26 09:42:27,138] {processor.py:161} INFO - Processing /root/Documentos/airflow/venv/lib/python3.9/site-packages/airflow/example_dags/example_task_group.py took 0.039 seconds
[2024-10-26 09:42:58,263] {processor.py:153} INFO - Started process (PID=2446) to work on /root/Documentos/airflow/venv/lib/python3.9/site-packages/airflow/example_dags/example_task_group.py
[2024-10-26 09:42:58,265] {processor.py:641} INFO - Processing file /root/Documentos/airflow/venv/lib/python3.9/site-packages/airflow/example_dags/example_task_group.py for tasks to queue
[2024-10-26 09:42:58,265] {logging_mixin.py:115} INFO - [2024-10-26 09:42:58,265] {dagbag.py:507} INFO - Filling up the DagBag from /root/Documentos/airflow/venv/lib/python3.9/site-packages/airflow/example_dags/example_task_group.py
[2024-10-26 09:42:58,269] {processor.py:651} INFO - DAG(s) dict_keys(['example_task_group']) retrieved from /root/Documentos/airflow/venv/lib/python3.9/site-packages/airflow/example_dags/example_task_group.py
[2024-10-26 09:42:58,277] {logging_mixin.py:115} INFO - [2024-10-26 09:42:58,277] {dag.py:2379} INFO - Sync 1 DAGs
[2024-10-26 09:42:58,287] {logging_mixin.py:115} INFO - [2024-10-26 09:42:58,287] {dag.py:2927} INFO - Setting next_dagrun for example_task_group to 2024-10-25T12:42:58.287731+00:00, run_after=2024-10-26T12:42:58.287731+00:00
[2024-10-26 09:42:58,301] {processor.py:161} INFO - Processing /root/Documentos/airflow/venv/lib/python3.9/site-packages/airflow/example_dags/example_task_group.py took 0.039 seconds
[2024-10-26 09:43:32,616] {processor.py:153} INFO - Started process (PID=2612) to work on /root/Documentos/airflow/venv/lib/python3.9/site-packages/airflow/example_dags/example_task_group.py
[2024-10-26 09:43:32,620] {processor.py:641} INFO - Processing file /root/Documentos/airflow/venv/lib/python3.9/site-packages/airflow/example_dags/example_task_group.py for tasks to queue
[2024-10-26 09:43:32,620] {logging_mixin.py:115} INFO - [2024-10-26 09:43:32,620] {dagbag.py:507} INFO - Filling up the DagBag from /root/Documentos/airflow/venv/lib/python3.9/site-packages/airflow/example_dags/example_task_group.py
[2024-10-26 09:43:32,624] {processor.py:651} INFO - DAG(s) dict_keys(['example_task_group']) retrieved from /root/Documentos/airflow/venv/lib/python3.9/site-packages/airflow/example_dags/example_task_group.py
[2024-10-26 09:43:32,632] {logging_mixin.py:115} INFO - [2024-10-26 09:43:32,632] {dag.py:2379} INFO - Sync 1 DAGs
[2024-10-26 09:43:32,643] {logging_mixin.py:115} INFO - [2024-10-26 09:43:32,643] {dag.py:2927} INFO - Setting next_dagrun for example_task_group to 2024-10-25T12:43:32.642999+00:00, run_after=2024-10-26T12:43:32.642999+00:00
[2024-10-26 09:43:32,654] {processor.py:161} INFO - Processing /root/Documentos/airflow/venv/lib/python3.9/site-packages/airflow/example_dags/example_task_group.py took 0.040 seconds
[2024-10-26 09:44:06,318] {processor.py:153} INFO - Started process (PID=2775) to work on /root/Documentos/airflow/venv/lib/python3.9/site-packages/airflow/example_dags/example_task_group.py
[2024-10-26 09:44:06,323] {processor.py:641} INFO - Processing file /root/Documentos/airflow/venv/lib/python3.9/site-packages/airflow/example_dags/example_task_group.py for tasks to queue
[2024-10-26 09:44:06,323] {logging_mixin.py:115} INFO - [2024-10-26 09:44:06,323] {dagbag.py:507} INFO - Filling up the DagBag from /root/Documentos/airflow/venv/lib/python3.9/site-packages/airflow/example_dags/example_task_group.py
[2024-10-26 09:44:06,326] {processor.py:651} INFO - DAG(s) dict_keys(['example_task_group']) retrieved from /root/Documentos/airflow/venv/lib/python3.9/site-packages/airflow/example_dags/example_task_group.py
[2024-10-26 09:44:06,335] {logging_mixin.py:115} INFO - [2024-10-26 09:44:06,335] {dag.py:2379} INFO - Sync 1 DAGs
[2024-10-26 09:44:06,346] {logging_mixin.py:115} INFO - [2024-10-26 09:44:06,345] {dag.py:2927} INFO - Setting next_dagrun for example_task_group to 2024-10-25T12:44:06.345808+00:00, run_after=2024-10-26T12:44:06.345808+00:00
[2024-10-26 09:44:06,357] {processor.py:161} INFO - Processing /root/Documentos/airflow/venv/lib/python3.9/site-packages/airflow/example_dags/example_task_group.py took 0.040 seconds
[2024-10-26 09:44:39,497] {processor.py:153} INFO - Started process (PID=2936) to work on /root/Documentos/airflow/venv/lib/python3.9/site-packages/airflow/example_dags/example_task_group.py
[2024-10-26 09:44:39,498] {processor.py:641} INFO - Processing file /root/Documentos/airflow/venv/lib/python3.9/site-packages/airflow/example_dags/example_task_group.py for tasks to queue
[2024-10-26 09:44:39,499] {logging_mixin.py:115} INFO - [2024-10-26 09:44:39,499] {dagbag.py:507} INFO - Filling up the DagBag from /root/Documentos/airflow/venv/lib/python3.9/site-packages/airflow/example_dags/example_task_group.py
[2024-10-26 09:44:39,502] {processor.py:651} INFO - DAG(s) dict_keys(['example_task_group']) retrieved from /root/Documentos/airflow/venv/lib/python3.9/site-packages/airflow/example_dags/example_task_group.py
[2024-10-26 09:44:39,511] {logging_mixin.py:115} INFO - [2024-10-26 09:44:39,511] {dag.py:2379} INFO - Sync 1 DAGs
[2024-10-26 09:44:39,522] {logging_mixin.py:115} INFO - [2024-10-26 09:44:39,522] {dag.py:2927} INFO - Setting next_dagrun for example_task_group to 2024-10-25T12:44:39.522535+00:00, run_after=2024-10-26T12:44:39.522535+00:00
[2024-10-26 09:44:39,536] {processor.py:161} INFO - Processing /root/Documentos/airflow/venv/lib/python3.9/site-packages/airflow/example_dags/example_task_group.py took 0.040 seconds
[2024-10-26 09:45:12,324] {processor.py:153} INFO - Started process (PID=3095) to work on /root/Documentos/airflow/venv/lib/python3.9/site-packages/airflow/example_dags/example_task_group.py
[2024-10-26 09:45:12,324] {processor.py:641} INFO - Processing file /root/Documentos/airflow/venv/lib/python3.9/site-packages/airflow/example_dags/example_task_group.py for tasks to queue
[2024-10-26 09:45:12,324] {logging_mixin.py:115} INFO - [2024-10-26 09:45:12,324] {dagbag.py:507} INFO - Filling up the DagBag from /root/Documentos/airflow/venv/lib/python3.9/site-packages/airflow/example_dags/example_task_group.py
[2024-10-26 09:45:12,327] {processor.py:651} INFO - DAG(s) dict_keys(['example_task_group']) retrieved from /root/Documentos/airflow/venv/lib/python3.9/site-packages/airflow/example_dags/example_task_group.py
[2024-10-26 09:45:12,336] {logging_mixin.py:115} INFO - [2024-10-26 09:45:12,336] {dag.py:2379} INFO - Sync 1 DAGs
[2024-10-26 09:45:12,346] {logging_mixin.py:115} INFO - [2024-10-26 09:45:12,346] {dag.py:2927} INFO - Setting next_dagrun for example_task_group to 2024-10-25T12:45:12.346610+00:00, run_after=2024-10-26T12:45:12.346610+00:00
[2024-10-26 09:45:12,360] {processor.py:161} INFO - Processing /root/Documentos/airflow/venv/lib/python3.9/site-packages/airflow/example_dags/example_task_group.py took 0.038 seconds
[2024-10-26 09:45:45,867] {processor.py:153} INFO - Started process (PID=3257) to work on /root/Documentos/airflow/venv/lib/python3.9/site-packages/airflow/example_dags/example_task_group.py
[2024-10-26 09:45:45,870] {processor.py:641} INFO - Processing file /root/Documentos/airflow/venv/lib/python3.9/site-packages/airflow/example_dags/example_task_group.py for tasks to queue
[2024-10-26 09:45:45,871] {logging_mixin.py:115} INFO - [2024-10-26 09:45:45,871] {dagbag.py:507} INFO - Filling up the DagBag from /root/Documentos/airflow/venv/lib/python3.9/site-packages/airflow/example_dags/example_task_group.py
[2024-10-26 09:45:45,874] {processor.py:651} INFO - DAG(s) dict_keys(['example_task_group']) retrieved from /root/Documentos/airflow/venv/lib/python3.9/site-packages/airflow/example_dags/example_task_group.py
[2024-10-26 09:45:45,883] {logging_mixin.py:115} INFO - [2024-10-26 09:45:45,883] {dag.py:2379} INFO - Sync 1 DAGs
[2024-10-26 09:45:45,894] {logging_mixin.py:115} INFO - [2024-10-26 09:45:45,894] {dag.py:2927} INFO - Setting next_dagrun for example_task_group to 2024-10-25T12:45:45.894004+00:00, run_after=2024-10-26T12:45:45.894004+00:00
[2024-10-26 09:45:45,908] {processor.py:161} INFO - Processing /root/Documentos/airflow/venv/lib/python3.9/site-packages/airflow/example_dags/example_task_group.py took 0.043 seconds
[2024-10-26 09:46:16,867] {processor.py:153} INFO - Started process (PID=3407) to work on /root/Documentos/airflow/venv/lib/python3.9/site-packages/airflow/example_dags/example_task_group.py
[2024-10-26 09:46:16,875] {processor.py:641} INFO - Processing file /root/Documentos/airflow/venv/lib/python3.9/site-packages/airflow/example_dags/example_task_group.py for tasks to queue
[2024-10-26 09:46:16,876] {logging_mixin.py:115} INFO - [2024-10-26 09:46:16,876] {dagbag.py:507} INFO - Filling up the DagBag from /root/Documentos/airflow/venv/lib/python3.9/site-packages/airflow/example_dags/example_task_group.py
[2024-10-26 09:46:16,880] {processor.py:651} INFO - DAG(s) dict_keys(['example_task_group']) retrieved from /root/Documentos/airflow/venv/lib/python3.9/site-packages/airflow/example_dags/example_task_group.py
[2024-10-26 09:46:16,888] {logging_mixin.py:115} INFO - [2024-10-26 09:46:16,888] {dag.py:2379} INFO - Sync 1 DAGs
[2024-10-26 09:46:16,899] {logging_mixin.py:115} INFO - [2024-10-26 09:46:16,899] {dag.py:2927} INFO - Setting next_dagrun for example_task_group to 2024-10-25T12:46:16.898963+00:00, run_after=2024-10-26T12:46:16.898963+00:00
[2024-10-26 09:46:16,912] {processor.py:161} INFO - Processing /root/Documentos/airflow/venv/lib/python3.9/site-packages/airflow/example_dags/example_task_group.py took 0.046 seconds
[2024-10-26 09:46:50,045] {processor.py:153} INFO - Started process (PID=3645) to work on /root/Documentos/airflow/venv/lib/python3.9/site-packages/airflow/example_dags/example_task_group.py
[2024-10-26 09:46:50,052] {processor.py:641} INFO - Processing file /root/Documentos/airflow/venv/lib/python3.9/site-packages/airflow/example_dags/example_task_group.py for tasks to queue
[2024-10-26 09:46:50,053] {logging_mixin.py:115} INFO - [2024-10-26 09:46:50,053] {dagbag.py:507} INFO - Filling up the DagBag from /root/Documentos/airflow/venv/lib/python3.9/site-packages/airflow/example_dags/example_task_group.py
[2024-10-26 09:46:50,056] {processor.py:651} INFO - DAG(s) dict_keys(['example_task_group']) retrieved from /root/Documentos/airflow/venv/lib/python3.9/site-packages/airflow/example_dags/example_task_group.py
[2024-10-26 09:46:50,065] {logging_mixin.py:115} INFO - [2024-10-26 09:46:50,065] {dag.py:2379} INFO - Sync 1 DAGs
[2024-10-26 09:46:50,075] {logging_mixin.py:115} INFO - [2024-10-26 09:46:50,075] {dag.py:2927} INFO - Setting next_dagrun for example_task_group to 2024-10-25T12:46:50.075498+00:00, run_after=2024-10-26T12:46:50.075498+00:00
[2024-10-26 09:46:50,089] {processor.py:161} INFO - Processing /root/Documentos/airflow/venv/lib/python3.9/site-packages/airflow/example_dags/example_task_group.py took 0.046 seconds
[2024-10-26 09:47:23,587] {processor.py:153} INFO - Started process (PID=3807) to work on /root/Documentos/airflow/venv/lib/python3.9/site-packages/airflow/example_dags/example_task_group.py
[2024-10-26 09:47:23,592] {processor.py:641} INFO - Processing file /root/Documentos/airflow/venv/lib/python3.9/site-packages/airflow/example_dags/example_task_group.py for tasks to queue
[2024-10-26 09:47:23,593] {logging_mixin.py:115} INFO - [2024-10-26 09:47:23,593] {dagbag.py:507} INFO - Filling up the DagBag from /root/Documentos/airflow/venv/lib/python3.9/site-packages/airflow/example_dags/example_task_group.py
[2024-10-26 09:47:23,596] {processor.py:651} INFO - DAG(s) dict_keys(['example_task_group']) retrieved from /root/Documentos/airflow/venv/lib/python3.9/site-packages/airflow/example_dags/example_task_group.py
[2024-10-26 09:47:23,605] {logging_mixin.py:115} INFO - [2024-10-26 09:47:23,604] {dag.py:2379} INFO - Sync 1 DAGs
[2024-10-26 09:47:23,615] {logging_mixin.py:115} INFO - [2024-10-26 09:47:23,615] {dag.py:2927} INFO - Setting next_dagrun for example_task_group to 2024-10-25T12:47:23.615285+00:00, run_after=2024-10-26T12:47:23.615285+00:00
[2024-10-26 09:47:23,627] {processor.py:161} INFO - Processing /root/Documentos/airflow/venv/lib/python3.9/site-packages/airflow/example_dags/example_task_group.py took 0.042 seconds
[2024-10-26 09:47:55,142] {processor.py:153} INFO - Started process (PID=3961) to work on /root/Documentos/airflow/venv/lib/python3.9/site-packages/airflow/example_dags/example_task_group.py
[2024-10-26 09:47:55,142] {processor.py:641} INFO - Processing file /root/Documentos/airflow/venv/lib/python3.9/site-packages/airflow/example_dags/example_task_group.py for tasks to queue
[2024-10-26 09:47:55,142] {logging_mixin.py:115} INFO - [2024-10-26 09:47:55,142] {dagbag.py:507} INFO - Filling up the DagBag from /root/Documentos/airflow/venv/lib/python3.9/site-packages/airflow/example_dags/example_task_group.py
[2024-10-26 09:47:55,146] {processor.py:651} INFO - DAG(s) dict_keys(['example_task_group']) retrieved from /root/Documentos/airflow/venv/lib/python3.9/site-packages/airflow/example_dags/example_task_group.py
[2024-10-26 09:47:55,155] {logging_mixin.py:115} INFO - [2024-10-26 09:47:55,154] {dag.py:2379} INFO - Sync 1 DAGs
[2024-10-26 09:47:55,165] {logging_mixin.py:115} INFO - [2024-10-26 09:47:55,165] {dag.py:2927} INFO - Setting next_dagrun for example_task_group to 2024-10-25T12:47:55.165309+00:00, run_after=2024-10-26T12:47:55.165309+00:00
[2024-10-26 09:47:55,179] {processor.py:161} INFO - Processing /root/Documentos/airflow/venv/lib/python3.9/site-packages/airflow/example_dags/example_task_group.py took 0.038 seconds
[2024-10-26 09:48:27,399] {processor.py:153} INFO - Started process (PID=4126) to work on /root/Documentos/airflow/venv/lib/python3.9/site-packages/airflow/example_dags/example_task_group.py
[2024-10-26 09:48:27,402] {processor.py:641} INFO - Processing file /root/Documentos/airflow/venv/lib/python3.9/site-packages/airflow/example_dags/example_task_group.py for tasks to queue
[2024-10-26 09:48:27,402] {logging_mixin.py:115} INFO - [2024-10-26 09:48:27,402] {dagbag.py:507} INFO - Filling up the DagBag from /root/Documentos/airflow/venv/lib/python3.9/site-packages/airflow/example_dags/example_task_group.py
[2024-10-26 09:48:27,406] {processor.py:651} INFO - DAG(s) dict_keys(['example_task_group']) retrieved from /root/Documentos/airflow/venv/lib/python3.9/site-packages/airflow/example_dags/example_task_group.py
[2024-10-26 09:48:27,414] {logging_mixin.py:115} INFO - [2024-10-26 09:48:27,414] {dag.py:2379} INFO - Sync 1 DAGs
[2024-10-26 09:48:27,424] {logging_mixin.py:115} INFO - [2024-10-26 09:48:27,424] {dag.py:2927} INFO - Setting next_dagrun for example_task_group to 2024-10-25T12:48:27.424624+00:00, run_after=2024-10-26T12:48:27.424624+00:00
[2024-10-26 09:48:27,439] {processor.py:161} INFO - Processing /root/Documentos/airflow/venv/lib/python3.9/site-packages/airflow/example_dags/example_task_group.py took 0.042 seconds
[2024-10-26 09:48:59,595] {processor.py:153} INFO - Started process (PID=4281) to work on /root/Documentos/airflow/venv/lib/python3.9/site-packages/airflow/example_dags/example_task_group.py
[2024-10-26 09:48:59,598] {processor.py:641} INFO - Processing file /root/Documentos/airflow/venv/lib/python3.9/site-packages/airflow/example_dags/example_task_group.py for tasks to queue
[2024-10-26 09:48:59,598] {logging_mixin.py:115} INFO - [2024-10-26 09:48:59,598] {dagbag.py:507} INFO - Filling up the DagBag from /root/Documentos/airflow/venv/lib/python3.9/site-packages/airflow/example_dags/example_task_group.py
[2024-10-26 09:48:59,602] {processor.py:651} INFO - DAG(s) dict_keys(['example_task_group']) retrieved from /root/Documentos/airflow/venv/lib/python3.9/site-packages/airflow/example_dags/example_task_group.py
[2024-10-26 09:48:59,610] {logging_mixin.py:115} INFO - [2024-10-26 09:48:59,610] {dag.py:2379} INFO - Sync 1 DAGs
[2024-10-26 09:48:59,620] {logging_mixin.py:115} INFO - [2024-10-26 09:48:59,620] {dag.py:2927} INFO - Setting next_dagrun for example_task_group to 2024-10-25T12:48:59.620714+00:00, run_after=2024-10-26T12:48:59.620714+00:00
[2024-10-26 09:48:59,637] {processor.py:161} INFO - Processing /root/Documentos/airflow/venv/lib/python3.9/site-packages/airflow/example_dags/example_task_group.py took 0.043 seconds
[2024-10-26 09:49:36,101] {processor.py:153} INFO - Started process (PID=4456) to work on /root/Documentos/airflow/venv/lib/python3.9/site-packages/airflow/example_dags/example_task_group.py
[2024-10-26 09:49:36,106] {processor.py:641} INFO - Processing file /root/Documentos/airflow/venv/lib/python3.9/site-packages/airflow/example_dags/example_task_group.py for tasks to queue
[2024-10-26 09:49:36,107] {logging_mixin.py:115} INFO - [2024-10-26 09:49:36,106] {dagbag.py:507} INFO - Filling up the DagBag from /root/Documentos/airflow/venv/lib/python3.9/site-packages/airflow/example_dags/example_task_group.py
[2024-10-26 09:49:36,110] {processor.py:651} INFO - DAG(s) dict_keys(['example_task_group']) retrieved from /root/Documentos/airflow/venv/lib/python3.9/site-packages/airflow/example_dags/example_task_group.py
[2024-10-26 09:49:36,119] {logging_mixin.py:115} INFO - [2024-10-26 09:49:36,119] {dag.py:2379} INFO - Sync 1 DAGs
[2024-10-26 09:49:36,130] {logging_mixin.py:115} INFO - [2024-10-26 09:49:36,129] {dag.py:2927} INFO - Setting next_dagrun for example_task_group to 2024-10-25T12:49:36.129838+00:00, run_after=2024-10-26T12:49:36.129838+00:00
[2024-10-26 09:49:36,147] {processor.py:161} INFO - Processing /root/Documentos/airflow/venv/lib/python3.9/site-packages/airflow/example_dags/example_task_group.py took 0.047 seconds
[2024-10-26 09:50:10,492] {processor.py:153} INFO - Started process (PID=4622) to work on /root/Documentos/airflow/venv/lib/python3.9/site-packages/airflow/example_dags/example_task_group.py
[2024-10-26 09:50:10,493] {processor.py:641} INFO - Processing file /root/Documentos/airflow/venv/lib/python3.9/site-packages/airflow/example_dags/example_task_group.py for tasks to queue
[2024-10-26 09:50:10,493] {logging_mixin.py:115} INFO - [2024-10-26 09:50:10,493] {dagbag.py:507} INFO - Filling up the DagBag from /root/Documentos/airflow/venv/lib/python3.9/site-packages/airflow/example_dags/example_task_group.py
[2024-10-26 09:50:10,496] {processor.py:651} INFO - DAG(s) dict_keys(['example_task_group']) retrieved from /root/Documentos/airflow/venv/lib/python3.9/site-packages/airflow/example_dags/example_task_group.py
[2024-10-26 09:50:10,505] {logging_mixin.py:115} INFO - [2024-10-26 09:50:10,505] {dag.py:2379} INFO - Sync 1 DAGs
[2024-10-26 09:50:10,515] {logging_mixin.py:115} INFO - [2024-10-26 09:50:10,515] {dag.py:2927} INFO - Setting next_dagrun for example_task_group to 2024-10-25T12:50:10.515378+00:00, run_after=2024-10-26T12:50:10.515378+00:00
[2024-10-26 09:50:10,532] {processor.py:161} INFO - Processing /root/Documentos/airflow/venv/lib/python3.9/site-packages/airflow/example_dags/example_task_group.py took 0.041 seconds
[2024-10-26 09:50:40,875] {processor.py:153} INFO - Started process (PID=4769) to work on /root/Documentos/airflow/venv/lib/python3.9/site-packages/airflow/example_dags/example_task_group.py
[2024-10-26 09:50:40,877] {processor.py:641} INFO - Processing file /root/Documentos/airflow/venv/lib/python3.9/site-packages/airflow/example_dags/example_task_group.py for tasks to queue
[2024-10-26 09:50:40,877] {logging_mixin.py:115} INFO - [2024-10-26 09:50:40,877] {dagbag.py:507} INFO - Filling up the DagBag from /root/Documentos/airflow/venv/lib/python3.9/site-packages/airflow/example_dags/example_task_group.py
[2024-10-26 09:50:40,880] {processor.py:651} INFO - DAG(s) dict_keys(['example_task_group']) retrieved from /root/Documentos/airflow/venv/lib/python3.9/site-packages/airflow/example_dags/example_task_group.py
[2024-10-26 09:50:40,889] {logging_mixin.py:115} INFO - [2024-10-26 09:50:40,889] {dag.py:2379} INFO - Sync 1 DAGs
[2024-10-26 09:50:40,899] {logging_mixin.py:115} INFO - [2024-10-26 09:50:40,899] {dag.py:2927} INFO - Setting next_dagrun for example_task_group to 2024-10-25T12:50:40.899574+00:00, run_after=2024-10-26T12:50:40.899574+00:00
[2024-10-26 09:50:40,915] {processor.py:161} INFO - Processing /root/Documentos/airflow/venv/lib/python3.9/site-packages/airflow/example_dags/example_task_group.py took 0.041 seconds
[2024-10-26 09:51:13,168] {processor.py:153} INFO - Started process (PID=4927) to work on /root/Documentos/airflow/venv/lib/python3.9/site-packages/airflow/example_dags/example_task_group.py
[2024-10-26 09:51:13,170] {processor.py:641} INFO - Processing file /root/Documentos/airflow/venv/lib/python3.9/site-packages/airflow/example_dags/example_task_group.py for tasks to queue
[2024-10-26 09:51:13,170] {logging_mixin.py:115} INFO - [2024-10-26 09:51:13,170] {dagbag.py:507} INFO - Filling up the DagBag from /root/Documentos/airflow/venv/lib/python3.9/site-packages/airflow/example_dags/example_task_group.py
[2024-10-26 09:51:13,173] {processor.py:651} INFO - DAG(s) dict_keys(['example_task_group']) retrieved from /root/Documentos/airflow/venv/lib/python3.9/site-packages/airflow/example_dags/example_task_group.py
[2024-10-26 09:51:13,182] {logging_mixin.py:115} INFO - [2024-10-26 09:51:13,182] {dag.py:2379} INFO - Sync 1 DAGs
[2024-10-26 09:51:13,192] {logging_mixin.py:115} INFO - [2024-10-26 09:51:13,192] {dag.py:2927} INFO - Setting next_dagrun for example_task_group to 2024-10-25T12:51:13.192646+00:00, run_after=2024-10-26T12:51:13.192646+00:00
[2024-10-26 09:51:13,207] {processor.py:161} INFO - Processing /root/Documentos/airflow/venv/lib/python3.9/site-packages/airflow/example_dags/example_task_group.py took 0.040 seconds
[2024-10-26 09:51:45,138] {processor.py:153} INFO - Started process (PID=5082) to work on /root/Documentos/airflow/venv/lib/python3.9/site-packages/airflow/example_dags/example_task_group.py
[2024-10-26 09:51:45,141] {processor.py:641} INFO - Processing file /root/Documentos/airflow/venv/lib/python3.9/site-packages/airflow/example_dags/example_task_group.py for tasks to queue
[2024-10-26 09:51:45,142] {logging_mixin.py:115} INFO - [2024-10-26 09:51:45,142] {dagbag.py:507} INFO - Filling up the DagBag from /root/Documentos/airflow/venv/lib/python3.9/site-packages/airflow/example_dags/example_task_group.py
[2024-10-26 09:51:45,145] {processor.py:651} INFO - DAG(s) dict_keys(['example_task_group']) retrieved from /root/Documentos/airflow/venv/lib/python3.9/site-packages/airflow/example_dags/example_task_group.py
[2024-10-26 09:51:45,154] {logging_mixin.py:115} INFO - [2024-10-26 09:51:45,154] {dag.py:2379} INFO - Sync 1 DAGs
[2024-10-26 09:51:45,164] {logging_mixin.py:115} INFO - [2024-10-26 09:51:45,164] {dag.py:2927} INFO - Setting next_dagrun for example_task_group to 2024-10-25T12:51:45.164429+00:00, run_after=2024-10-26T12:51:45.164429+00:00
[2024-10-26 09:51:45,179] {processor.py:161} INFO - Processing /root/Documentos/airflow/venv/lib/python3.9/site-packages/airflow/example_dags/example_task_group.py took 0.042 seconds
[2024-10-26 09:52:16,718] {processor.py:153} INFO - Started process (PID=5235) to work on /root/Documentos/airflow/venv/lib/python3.9/site-packages/airflow/example_dags/example_task_group.py
[2024-10-26 09:52:16,718] {processor.py:641} INFO - Processing file /root/Documentos/airflow/venv/lib/python3.9/site-packages/airflow/example_dags/example_task_group.py for tasks to queue
[2024-10-26 09:52:16,718] {logging_mixin.py:115} INFO - [2024-10-26 09:52:16,718] {dagbag.py:507} INFO - Filling up the DagBag from /root/Documentos/airflow/venv/lib/python3.9/site-packages/airflow/example_dags/example_task_group.py
[2024-10-26 09:52:16,722] {processor.py:651} INFO - DAG(s) dict_keys(['example_task_group']) retrieved from /root/Documentos/airflow/venv/lib/python3.9/site-packages/airflow/example_dags/example_task_group.py
[2024-10-26 09:52:16,730] {logging_mixin.py:115} INFO - [2024-10-26 09:52:16,730] {dag.py:2379} INFO - Sync 1 DAGs
[2024-10-26 09:52:16,741] {logging_mixin.py:115} INFO - [2024-10-26 09:52:16,741] {dag.py:2927} INFO - Setting next_dagrun for example_task_group to 2024-10-25T12:52:16.741026+00:00, run_after=2024-10-26T12:52:16.741026+00:00
[2024-10-26 09:52:16,757] {processor.py:161} INFO - Processing /root/Documentos/airflow/venv/lib/python3.9/site-packages/airflow/example_dags/example_task_group.py took 0.040 seconds
[2024-10-26 09:52:50,586] {processor.py:153} INFO - Started process (PID=5398) to work on /root/Documentos/airflow/venv/lib/python3.9/site-packages/airflow/example_dags/example_task_group.py
[2024-10-26 09:52:50,590] {processor.py:641} INFO - Processing file /root/Documentos/airflow/venv/lib/python3.9/site-packages/airflow/example_dags/example_task_group.py for tasks to queue
[2024-10-26 09:52:50,591] {logging_mixin.py:115} INFO - [2024-10-26 09:52:50,591] {dagbag.py:507} INFO - Filling up the DagBag from /root/Documentos/airflow/venv/lib/python3.9/site-packages/airflow/example_dags/example_task_group.py
[2024-10-26 09:52:50,594] {processor.py:651} INFO - DAG(s) dict_keys(['example_task_group']) retrieved from /root/Documentos/airflow/venv/lib/python3.9/site-packages/airflow/example_dags/example_task_group.py
[2024-10-26 09:52:50,604] {logging_mixin.py:115} INFO - [2024-10-26 09:52:50,604] {dag.py:2379} INFO - Sync 1 DAGs
[2024-10-26 09:52:50,613] {logging_mixin.py:115} INFO - [2024-10-26 09:52:50,613] {dag.py:2927} INFO - Setting next_dagrun for example_task_group to 2024-10-25T12:52:50.613267+00:00, run_after=2024-10-26T12:52:50.613267+00:00
[2024-10-26 09:52:50,629] {processor.py:161} INFO - Processing /root/Documentos/airflow/venv/lib/python3.9/site-packages/airflow/example_dags/example_task_group.py took 0.044 seconds
[2024-10-26 09:53:24,384] {processor.py:153} INFO - Started process (PID=5560) to work on /root/Documentos/airflow/venv/lib/python3.9/site-packages/airflow/example_dags/example_task_group.py
[2024-10-26 09:53:24,387] {processor.py:641} INFO - Processing file /root/Documentos/airflow/venv/lib/python3.9/site-packages/airflow/example_dags/example_task_group.py for tasks to queue
[2024-10-26 09:53:24,387] {logging_mixin.py:115} INFO - [2024-10-26 09:53:24,387] {dagbag.py:507} INFO - Filling up the DagBag from /root/Documentos/airflow/venv/lib/python3.9/site-packages/airflow/example_dags/example_task_group.py
[2024-10-26 09:53:24,391] {processor.py:651} INFO - DAG(s) dict_keys(['example_task_group']) retrieved from /root/Documentos/airflow/venv/lib/python3.9/site-packages/airflow/example_dags/example_task_group.py
[2024-10-26 09:53:24,401] {logging_mixin.py:115} INFO - [2024-10-26 09:53:24,401] {dag.py:2379} INFO - Sync 1 DAGs
[2024-10-26 09:53:24,410] {logging_mixin.py:115} INFO - [2024-10-26 09:53:24,410] {dag.py:2927} INFO - Setting next_dagrun for example_task_group to 2024-10-25T12:53:24.410283+00:00, run_after=2024-10-26T12:53:24.410283+00:00
[2024-10-26 09:53:24,426] {processor.py:161} INFO - Processing /root/Documentos/airflow/venv/lib/python3.9/site-packages/airflow/example_dags/example_task_group.py took 0.044 seconds
[2024-10-26 09:53:56,579] {processor.py:153} INFO - Started process (PID=5717) to work on /root/Documentos/airflow/venv/lib/python3.9/site-packages/airflow/example_dags/example_task_group.py
[2024-10-26 09:53:56,579] {processor.py:641} INFO - Processing file /root/Documentos/airflow/venv/lib/python3.9/site-packages/airflow/example_dags/example_task_group.py for tasks to queue
[2024-10-26 09:53:56,579] {logging_mixin.py:115} INFO - [2024-10-26 09:53:56,579] {dagbag.py:507} INFO - Filling up the DagBag from /root/Documentos/airflow/venv/lib/python3.9/site-packages/airflow/example_dags/example_task_group.py
[2024-10-26 09:53:56,583] {processor.py:651} INFO - DAG(s) dict_keys(['example_task_group']) retrieved from /root/Documentos/airflow/venv/lib/python3.9/site-packages/airflow/example_dags/example_task_group.py
[2024-10-26 09:53:56,592] {logging_mixin.py:115} INFO - [2024-10-26 09:53:56,592] {dag.py:2379} INFO - Sync 1 DAGs
[2024-10-26 09:53:56,602] {logging_mixin.py:115} INFO - [2024-10-26 09:53:56,601] {dag.py:2927} INFO - Setting next_dagrun for example_task_group to 2024-10-25T12:53:56.601826+00:00, run_after=2024-10-26T12:53:56.601826+00:00
[2024-10-26 09:53:56,617] {processor.py:161} INFO - Processing /root/Documentos/airflow/venv/lib/python3.9/site-packages/airflow/example_dags/example_task_group.py took 0.039 seconds
[2024-10-26 09:54:31,877] {processor.py:153} INFO - Started process (PID=5887) to work on /root/Documentos/airflow/venv/lib/python3.9/site-packages/airflow/example_dags/example_task_group.py
[2024-10-26 09:54:31,882] {processor.py:641} INFO - Processing file /root/Documentos/airflow/venv/lib/python3.9/site-packages/airflow/example_dags/example_task_group.py for tasks to queue
[2024-10-26 09:54:31,883] {logging_mixin.py:115} INFO - [2024-10-26 09:54:31,883] {dagbag.py:507} INFO - Filling up the DagBag from /root/Documentos/airflow/venv/lib/python3.9/site-packages/airflow/example_dags/example_task_group.py
[2024-10-26 09:54:31,886] {processor.py:651} INFO - DAG(s) dict_keys(['example_task_group']) retrieved from /root/Documentos/airflow/venv/lib/python3.9/site-packages/airflow/example_dags/example_task_group.py
[2024-10-26 09:54:31,896] {logging_mixin.py:115} INFO - [2024-10-26 09:54:31,896] {dag.py:2379} INFO - Sync 1 DAGs
[2024-10-26 09:54:31,905] {logging_mixin.py:115} INFO - [2024-10-26 09:54:31,905] {dag.py:2927} INFO - Setting next_dagrun for example_task_group to 2024-10-25T12:54:31.904959+00:00, run_after=2024-10-26T12:54:31.904959+00:00
[2024-10-26 09:54:31,920] {processor.py:161} INFO - Processing /root/Documentos/airflow/venv/lib/python3.9/site-packages/airflow/example_dags/example_task_group.py took 0.044 seconds
[2024-10-26 09:55:06,015] {processor.py:153} INFO - Started process (PID=6052) to work on /root/Documentos/airflow/venv/lib/python3.9/site-packages/airflow/example_dags/example_task_group.py
[2024-10-26 09:55:06,018] {processor.py:641} INFO - Processing file /root/Documentos/airflow/venv/lib/python3.9/site-packages/airflow/example_dags/example_task_group.py for tasks to queue
[2024-10-26 09:55:06,018] {logging_mixin.py:115} INFO - [2024-10-26 09:55:06,018] {dagbag.py:507} INFO - Filling up the DagBag from /root/Documentos/airflow/venv/lib/python3.9/site-packages/airflow/example_dags/example_task_group.py
[2024-10-26 09:55:06,022] {processor.py:651} INFO - DAG(s) dict_keys(['example_task_group']) retrieved from /root/Documentos/airflow/venv/lib/python3.9/site-packages/airflow/example_dags/example_task_group.py
[2024-10-26 09:55:06,032] {logging_mixin.py:115} INFO - [2024-10-26 09:55:06,032] {dag.py:2379} INFO - Sync 1 DAGs
[2024-10-26 09:55:06,041] {logging_mixin.py:115} INFO - [2024-10-26 09:55:06,040] {dag.py:2927} INFO - Setting next_dagrun for example_task_group to 2024-10-25T12:55:06.040847+00:00, run_after=2024-10-26T12:55:06.040847+00:00
[2024-10-26 09:55:06,056] {processor.py:161} INFO - Processing /root/Documentos/airflow/venv/lib/python3.9/site-packages/airflow/example_dags/example_task_group.py took 0.042 seconds
