[2024-10-26 09:24:26,457] {processor.py:153} INFO - Started process (PID=10120) to work on /root/Documentos/airflow/venv/lib/python3.9/site-packages/airflow/example_dags/example_branch_operator_decorator.py
[2024-10-26 09:24:26,457] {processor.py:641} INFO - Processing file /root/Documentos/airflow/venv/lib/python3.9/site-packages/airflow/example_dags/example_branch_operator_decorator.py for tasks to queue
[2024-10-26 09:24:26,458] {logging_mixin.py:115} INFO - [2024-10-26 09:24:26,457] {dagbag.py:507} INFO - Filling up the DagBag from /root/Documentos/airflow/venv/lib/python3.9/site-packages/airflow/example_dags/example_branch_operator_decorator.py
[2024-10-26 09:24:26,474] {processor.py:651} INFO - DAG(s) dict_keys(['example_branch_python_operator_decorator']) retrieved from /root/Documentos/airflow/venv/lib/python3.9/site-packages/airflow/example_dags/example_branch_operator_decorator.py
[2024-10-26 09:24:26,526] {logging_mixin.py:115} INFO - [2024-10-26 09:24:26,526] {manager.py:508} INFO - Created Permission View: can edit on DAG:example_branch_python_operator_decorator
[2024-10-26 09:24:26,537] {logging_mixin.py:115} INFO - [2024-10-26 09:24:26,537] {manager.py:508} INFO - Created Permission View: can read on DAG:example_branch_python_operator_decorator
[2024-10-26 09:24:26,547] {logging_mixin.py:115} INFO - [2024-10-26 09:24:26,547] {manager.py:508} INFO - Created Permission View: can delete on DAG:example_branch_python_operator_decorator
[2024-10-26 09:24:26,547] {logging_mixin.py:115} INFO - [2024-10-26 09:24:26,547] {dag.py:2379} INFO - Sync 1 DAGs
[2024-10-26 09:24:26,552] {logging_mixin.py:115} INFO - [2024-10-26 09:24:26,552] {dag.py:2398} INFO - Creating ORM DAG for example_branch_python_operator_decorator
[2024-10-26 09:24:26,559] {logging_mixin.py:115} INFO - [2024-10-26 09:24:26,559] {dag.py:2927} INFO - Setting next_dagrun for example_branch_python_operator_decorator to 2024-10-25T00:00:00+00:00, run_after=2024-10-26T00:00:00+00:00
[2024-10-26 09:24:26,571] {processor.py:161} INFO - Processing /root/Documentos/airflow/venv/lib/python3.9/site-packages/airflow/example_dags/example_branch_operator_decorator.py took 0.117 seconds
[2024-10-26 09:25:03,787] {processor.py:153} INFO - Started process (PID=10299) to work on /root/Documentos/airflow/venv/lib/python3.9/site-packages/airflow/example_dags/example_branch_operator_decorator.py
[2024-10-26 09:25:03,788] {processor.py:641} INFO - Processing file /root/Documentos/airflow/venv/lib/python3.9/site-packages/airflow/example_dags/example_branch_operator_decorator.py for tasks to queue
[2024-10-26 09:25:03,788] {logging_mixin.py:115} INFO - [2024-10-26 09:25:03,788] {dagbag.py:507} INFO - Filling up the DagBag from /root/Documentos/airflow/venv/lib/python3.9/site-packages/airflow/example_dags/example_branch_operator_decorator.py
[2024-10-26 09:25:03,798] {processor.py:651} INFO - DAG(s) dict_keys(['example_branch_python_operator_decorator']) retrieved from /root/Documentos/airflow/venv/lib/python3.9/site-packages/airflow/example_dags/example_branch_operator_decorator.py
[2024-10-26 09:25:03,807] {logging_mixin.py:115} INFO - [2024-10-26 09:25:03,807] {dag.py:2379} INFO - Sync 1 DAGs
[2024-10-26 09:25:03,820] {logging_mixin.py:115} INFO - [2024-10-26 09:25:03,820] {dag.py:2927} INFO - Setting next_dagrun for example_branch_python_operator_decorator to 2024-10-25T00:00:00+00:00, run_after=2024-10-26T00:00:00+00:00
[2024-10-26 09:25:03,833] {processor.py:161} INFO - Processing /root/Documentos/airflow/venv/lib/python3.9/site-packages/airflow/example_dags/example_branch_operator_decorator.py took 0.049 seconds
[2024-10-26 09:25:34,763] {processor.py:153} INFO - Started process (PID=10448) to work on /root/Documentos/airflow/venv/lib/python3.9/site-packages/airflow/example_dags/example_branch_operator_decorator.py
[2024-10-26 09:25:34,769] {processor.py:641} INFO - Processing file /root/Documentos/airflow/venv/lib/python3.9/site-packages/airflow/example_dags/example_branch_operator_decorator.py for tasks to queue
[2024-10-26 09:25:34,770] {logging_mixin.py:115} INFO - [2024-10-26 09:25:34,770] {dagbag.py:507} INFO - Filling up the DagBag from /root/Documentos/airflow/venv/lib/python3.9/site-packages/airflow/example_dags/example_branch_operator_decorator.py
[2024-10-26 09:25:34,779] {processor.py:651} INFO - DAG(s) dict_keys(['example_branch_python_operator_decorator']) retrieved from /root/Documentos/airflow/venv/lib/python3.9/site-packages/airflow/example_dags/example_branch_operator_decorator.py
[2024-10-26 09:25:34,789] {logging_mixin.py:115} INFO - [2024-10-26 09:25:34,789] {dag.py:2379} INFO - Sync 1 DAGs
[2024-10-26 09:25:34,799] {logging_mixin.py:115} INFO - [2024-10-26 09:25:34,799] {dag.py:2927} INFO - Setting next_dagrun for example_branch_python_operator_decorator to 2024-10-25T00:00:00+00:00, run_after=2024-10-26T00:00:00+00:00
[2024-10-26 09:25:34,810] {processor.py:161} INFO - Processing /root/Documentos/airflow/venv/lib/python3.9/site-packages/airflow/example_dags/example_branch_operator_decorator.py took 0.049 seconds
[2024-10-26 09:26:05,565] {processor.py:153} INFO - Started process (PID=10603) to work on /root/Documentos/airflow/venv/lib/python3.9/site-packages/airflow/example_dags/example_branch_operator_decorator.py
[2024-10-26 09:26:05,572] {processor.py:641} INFO - Processing file /root/Documentos/airflow/venv/lib/python3.9/site-packages/airflow/example_dags/example_branch_operator_decorator.py for tasks to queue
[2024-10-26 09:26:05,572] {logging_mixin.py:115} INFO - [2024-10-26 09:26:05,572] {dagbag.py:507} INFO - Filling up the DagBag from /root/Documentos/airflow/venv/lib/python3.9/site-packages/airflow/example_dags/example_branch_operator_decorator.py
[2024-10-26 09:26:05,583] {processor.py:651} INFO - DAG(s) dict_keys(['example_branch_python_operator_decorator']) retrieved from /root/Documentos/airflow/venv/lib/python3.9/site-packages/airflow/example_dags/example_branch_operator_decorator.py
[2024-10-26 09:26:05,594] {logging_mixin.py:115} INFO - [2024-10-26 09:26:05,594] {dag.py:2379} INFO - Sync 1 DAGs
[2024-10-26 09:26:05,604] {logging_mixin.py:115} INFO - [2024-10-26 09:26:05,604] {dag.py:2927} INFO - Setting next_dagrun for example_branch_python_operator_decorator to 2024-10-25T00:00:00+00:00, run_after=2024-10-26T00:00:00+00:00
[2024-10-26 09:26:05,616] {processor.py:161} INFO - Processing /root/Documentos/airflow/venv/lib/python3.9/site-packages/airflow/example_dags/example_branch_operator_decorator.py took 0.053 seconds
[2024-10-26 09:26:37,179] {processor.py:153} INFO - Started process (PID=10754) to work on /root/Documentos/airflow/venv/lib/python3.9/site-packages/airflow/example_dags/example_branch_operator_decorator.py
[2024-10-26 09:26:37,184] {processor.py:641} INFO - Processing file /root/Documentos/airflow/venv/lib/python3.9/site-packages/airflow/example_dags/example_branch_operator_decorator.py for tasks to queue
[2024-10-26 09:26:37,185] {logging_mixin.py:115} INFO - [2024-10-26 09:26:37,185] {dagbag.py:507} INFO - Filling up the DagBag from /root/Documentos/airflow/venv/lib/python3.9/site-packages/airflow/example_dags/example_branch_operator_decorator.py
[2024-10-26 09:26:37,194] {processor.py:651} INFO - DAG(s) dict_keys(['example_branch_python_operator_decorator']) retrieved from /root/Documentos/airflow/venv/lib/python3.9/site-packages/airflow/example_dags/example_branch_operator_decorator.py
[2024-10-26 09:26:37,204] {logging_mixin.py:115} INFO - [2024-10-26 09:26:37,204] {dag.py:2379} INFO - Sync 1 DAGs
[2024-10-26 09:26:37,214] {logging_mixin.py:115} INFO - [2024-10-26 09:26:37,214] {dag.py:2927} INFO - Setting next_dagrun for example_branch_python_operator_decorator to 2024-10-25T00:00:00+00:00, run_after=2024-10-26T00:00:00+00:00
[2024-10-26 09:26:37,226] {processor.py:161} INFO - Processing /root/Documentos/airflow/venv/lib/python3.9/site-packages/airflow/example_dags/example_branch_operator_decorator.py took 0.049 seconds
[2024-10-26 09:27:09,406] {processor.py:153} INFO - Started process (PID=10912) to work on /root/Documentos/airflow/venv/lib/python3.9/site-packages/airflow/example_dags/example_branch_operator_decorator.py
[2024-10-26 09:27:09,407] {processor.py:641} INFO - Processing file /root/Documentos/airflow/venv/lib/python3.9/site-packages/airflow/example_dags/example_branch_operator_decorator.py for tasks to queue
[2024-10-26 09:27:09,408] {logging_mixin.py:115} INFO - [2024-10-26 09:27:09,408] {dagbag.py:507} INFO - Filling up the DagBag from /root/Documentos/airflow/venv/lib/python3.9/site-packages/airflow/example_dags/example_branch_operator_decorator.py
[2024-10-26 09:27:09,417] {processor.py:651} INFO - DAG(s) dict_keys(['example_branch_python_operator_decorator']) retrieved from /root/Documentos/airflow/venv/lib/python3.9/site-packages/airflow/example_dags/example_branch_operator_decorator.py
[2024-10-26 09:27:09,427] {logging_mixin.py:115} INFO - [2024-10-26 09:27:09,427] {dag.py:2379} INFO - Sync 1 DAGs
[2024-10-26 09:27:09,437] {logging_mixin.py:115} INFO - [2024-10-26 09:27:09,436] {dag.py:2927} INFO - Setting next_dagrun for example_branch_python_operator_decorator to 2024-10-25T00:00:00+00:00, run_after=2024-10-26T00:00:00+00:00
[2024-10-26 09:27:09,450] {processor.py:161} INFO - Processing /root/Documentos/airflow/venv/lib/python3.9/site-packages/airflow/example_dags/example_branch_operator_decorator.py took 0.045 seconds
[2024-10-26 09:27:40,402] {processor.py:153} INFO - Started process (PID=11061) to work on /root/Documentos/airflow/venv/lib/python3.9/site-packages/airflow/example_dags/example_branch_operator_decorator.py
[2024-10-26 09:27:40,406] {processor.py:641} INFO - Processing file /root/Documentos/airflow/venv/lib/python3.9/site-packages/airflow/example_dags/example_branch_operator_decorator.py for tasks to queue
[2024-10-26 09:27:40,407] {logging_mixin.py:115} INFO - [2024-10-26 09:27:40,407] {dagbag.py:507} INFO - Filling up the DagBag from /root/Documentos/airflow/venv/lib/python3.9/site-packages/airflow/example_dags/example_branch_operator_decorator.py
[2024-10-26 09:27:40,417] {processor.py:651} INFO - DAG(s) dict_keys(['example_branch_python_operator_decorator']) retrieved from /root/Documentos/airflow/venv/lib/python3.9/site-packages/airflow/example_dags/example_branch_operator_decorator.py
[2024-10-26 09:27:40,427] {logging_mixin.py:115} INFO - [2024-10-26 09:27:40,427] {dag.py:2379} INFO - Sync 1 DAGs
[2024-10-26 09:27:40,437] {logging_mixin.py:115} INFO - [2024-10-26 09:27:40,437] {dag.py:2927} INFO - Setting next_dagrun for example_branch_python_operator_decorator to 2024-10-25T00:00:00+00:00, run_after=2024-10-26T00:00:00+00:00
[2024-10-26 09:27:40,449] {processor.py:161} INFO - Processing /root/Documentos/airflow/venv/lib/python3.9/site-packages/airflow/example_dags/example_branch_operator_decorator.py took 0.049 seconds
[2024-10-26 09:28:13,715] {processor.py:153} INFO - Started process (PID=11227) to work on /root/Documentos/airflow/venv/lib/python3.9/site-packages/airflow/example_dags/example_branch_operator_decorator.py
[2024-10-26 09:28:13,722] {processor.py:641} INFO - Processing file /root/Documentos/airflow/venv/lib/python3.9/site-packages/airflow/example_dags/example_branch_operator_decorator.py for tasks to queue
[2024-10-26 09:28:13,722] {logging_mixin.py:115} INFO - [2024-10-26 09:28:13,722] {dagbag.py:507} INFO - Filling up the DagBag from /root/Documentos/airflow/venv/lib/python3.9/site-packages/airflow/example_dags/example_branch_operator_decorator.py
[2024-10-26 09:28:13,731] {processor.py:651} INFO - DAG(s) dict_keys(['example_branch_python_operator_decorator']) retrieved from /root/Documentos/airflow/venv/lib/python3.9/site-packages/airflow/example_dags/example_branch_operator_decorator.py
[2024-10-26 09:28:13,741] {logging_mixin.py:115} INFO - [2024-10-26 09:28:13,741] {dag.py:2379} INFO - Sync 1 DAGs
[2024-10-26 09:28:13,751] {logging_mixin.py:115} INFO - [2024-10-26 09:28:13,751] {dag.py:2927} INFO - Setting next_dagrun for example_branch_python_operator_decorator to 2024-10-25T00:00:00+00:00, run_after=2024-10-26T00:00:00+00:00
[2024-10-26 09:28:13,764] {processor.py:161} INFO - Processing /root/Documentos/airflow/venv/lib/python3.9/site-packages/airflow/example_dags/example_branch_operator_decorator.py took 0.051 seconds
[2024-10-26 09:28:45,324] {processor.py:153} INFO - Started process (PID=11386) to work on /root/Documentos/airflow/venv/lib/python3.9/site-packages/airflow/example_dags/example_branch_operator_decorator.py
[2024-10-26 09:28:45,325] {processor.py:641} INFO - Processing file /root/Documentos/airflow/venv/lib/python3.9/site-packages/airflow/example_dags/example_branch_operator_decorator.py for tasks to queue
[2024-10-26 09:28:45,325] {logging_mixin.py:115} INFO - [2024-10-26 09:28:45,325] {dagbag.py:507} INFO - Filling up the DagBag from /root/Documentos/airflow/venv/lib/python3.9/site-packages/airflow/example_dags/example_branch_operator_decorator.py
[2024-10-26 09:28:45,334] {processor.py:651} INFO - DAG(s) dict_keys(['example_branch_python_operator_decorator']) retrieved from /root/Documentos/airflow/venv/lib/python3.9/site-packages/airflow/example_dags/example_branch_operator_decorator.py
[2024-10-26 09:28:45,345] {logging_mixin.py:115} INFO - [2024-10-26 09:28:45,345] {dag.py:2379} INFO - Sync 1 DAGs
[2024-10-26 09:28:45,355] {logging_mixin.py:115} INFO - [2024-10-26 09:28:45,354] {dag.py:2927} INFO - Setting next_dagrun for example_branch_python_operator_decorator to 2024-10-25T00:00:00+00:00, run_after=2024-10-26T00:00:00+00:00
[2024-10-26 09:28:45,367] {processor.py:161} INFO - Processing /root/Documentos/airflow/venv/lib/python3.9/site-packages/airflow/example_dags/example_branch_operator_decorator.py took 0.044 seconds
[2024-10-26 09:37:45,694] {processor.py:153} INFO - Started process (PID=919) to work on /root/Documentos/airflow/venv/lib/python3.9/site-packages/airflow/example_dags/example_branch_operator_decorator.py
[2024-10-26 09:37:45,694] {processor.py:641} INFO - Processing file /root/Documentos/airflow/venv/lib/python3.9/site-packages/airflow/example_dags/example_branch_operator_decorator.py for tasks to queue
[2024-10-26 09:37:45,694] {logging_mixin.py:115} INFO - [2024-10-26 09:37:45,694] {dagbag.py:507} INFO - Filling up the DagBag from /root/Documentos/airflow/venv/lib/python3.9/site-packages/airflow/example_dags/example_branch_operator_decorator.py
[2024-10-26 09:37:45,714] {processor.py:651} INFO - DAG(s) dict_keys(['example_branch_python_operator_decorator']) retrieved from /root/Documentos/airflow/venv/lib/python3.9/site-packages/airflow/example_dags/example_branch_operator_decorator.py
[2024-10-26 09:37:45,725] {logging_mixin.py:115} INFO - [2024-10-26 09:37:45,725] {dag.py:2379} INFO - Sync 1 DAGs
[2024-10-26 09:37:45,740] {logging_mixin.py:115} INFO - [2024-10-26 09:37:45,740] {dag.py:2927} INFO - Setting next_dagrun for example_branch_python_operator_decorator to 2024-10-25T00:00:00+00:00, run_after=2024-10-26T00:00:00+00:00
[2024-10-26 09:37:45,753] {processor.py:161} INFO - Processing /root/Documentos/airflow/venv/lib/python3.9/site-packages/airflow/example_dags/example_branch_operator_decorator.py took 0.061 seconds
[2024-10-26 09:38:16,198] {processor.py:153} INFO - Started process (PID=1080) to work on /root/Documentos/airflow/venv/lib/python3.9/site-packages/airflow/example_dags/example_branch_operator_decorator.py
[2024-10-26 09:38:16,202] {processor.py:641} INFO - Processing file /root/Documentos/airflow/venv/lib/python3.9/site-packages/airflow/example_dags/example_branch_operator_decorator.py for tasks to queue
[2024-10-26 09:38:16,202] {logging_mixin.py:115} INFO - [2024-10-26 09:38:16,202] {dagbag.py:507} INFO - Filling up the DagBag from /root/Documentos/airflow/venv/lib/python3.9/site-packages/airflow/example_dags/example_branch_operator_decorator.py
[2024-10-26 09:38:16,212] {processor.py:651} INFO - DAG(s) dict_keys(['example_branch_python_operator_decorator']) retrieved from /root/Documentos/airflow/venv/lib/python3.9/site-packages/airflow/example_dags/example_branch_operator_decorator.py
[2024-10-26 09:38:16,223] {logging_mixin.py:115} INFO - [2024-10-26 09:38:16,223] {dag.py:2379} INFO - Sync 1 DAGs
[2024-10-26 09:38:16,234] {logging_mixin.py:115} INFO - [2024-10-26 09:38:16,234] {dag.py:2927} INFO - Setting next_dagrun for example_branch_python_operator_decorator to 2024-10-25T00:00:00+00:00, run_after=2024-10-26T00:00:00+00:00
[2024-10-26 09:38:16,246] {processor.py:161} INFO - Processing /root/Documentos/airflow/venv/lib/python3.9/site-packages/airflow/example_dags/example_branch_operator_decorator.py took 0.049 seconds
[2024-10-26 09:38:46,771] {processor.py:153} INFO - Started process (PID=1227) to work on /root/Documentos/airflow/venv/lib/python3.9/site-packages/airflow/example_dags/example_branch_operator_decorator.py
[2024-10-26 09:38:46,776] {processor.py:641} INFO - Processing file /root/Documentos/airflow/venv/lib/python3.9/site-packages/airflow/example_dags/example_branch_operator_decorator.py for tasks to queue
[2024-10-26 09:38:46,776] {logging_mixin.py:115} INFO - [2024-10-26 09:38:46,776] {dagbag.py:507} INFO - Filling up the DagBag from /root/Documentos/airflow/venv/lib/python3.9/site-packages/airflow/example_dags/example_branch_operator_decorator.py
[2024-10-26 09:38:46,786] {processor.py:651} INFO - DAG(s) dict_keys(['example_branch_python_operator_decorator']) retrieved from /root/Documentos/airflow/venv/lib/python3.9/site-packages/airflow/example_dags/example_branch_operator_decorator.py
[2024-10-26 09:38:46,796] {logging_mixin.py:115} INFO - [2024-10-26 09:38:46,796] {dag.py:2379} INFO - Sync 1 DAGs
[2024-10-26 09:38:46,806] {logging_mixin.py:115} INFO - [2024-10-26 09:38:46,806] {dag.py:2927} INFO - Setting next_dagrun for example_branch_python_operator_decorator to 2024-10-25T00:00:00+00:00, run_after=2024-10-26T00:00:00+00:00
[2024-10-26 09:38:46,818] {processor.py:161} INFO - Processing /root/Documentos/airflow/venv/lib/python3.9/site-packages/airflow/example_dags/example_branch_operator_decorator.py took 0.049 seconds
[2024-10-26 09:39:19,151] {processor.py:153} INFO - Started process (PID=1387) to work on /root/Documentos/airflow/venv/lib/python3.9/site-packages/airflow/example_dags/example_branch_operator_decorator.py
[2024-10-26 09:39:19,156] {processor.py:641} INFO - Processing file /root/Documentos/airflow/venv/lib/python3.9/site-packages/airflow/example_dags/example_branch_operator_decorator.py for tasks to queue
[2024-10-26 09:39:19,156] {logging_mixin.py:115} INFO - [2024-10-26 09:39:19,156] {dagbag.py:507} INFO - Filling up the DagBag from /root/Documentos/airflow/venv/lib/python3.9/site-packages/airflow/example_dags/example_branch_operator_decorator.py
[2024-10-26 09:39:19,166] {processor.py:651} INFO - DAG(s) dict_keys(['example_branch_python_operator_decorator']) retrieved from /root/Documentos/airflow/venv/lib/python3.9/site-packages/airflow/example_dags/example_branch_operator_decorator.py
[2024-10-26 09:39:19,176] {logging_mixin.py:115} INFO - [2024-10-26 09:39:19,176] {dag.py:2379} INFO - Sync 1 DAGs
[2024-10-26 09:39:19,188] {logging_mixin.py:115} INFO - [2024-10-26 09:39:19,188] {dag.py:2927} INFO - Setting next_dagrun for example_branch_python_operator_decorator to 2024-10-25T00:00:00+00:00, run_after=2024-10-26T00:00:00+00:00
[2024-10-26 09:39:19,200] {processor.py:161} INFO - Processing /root/Documentos/airflow/venv/lib/python3.9/site-packages/airflow/example_dags/example_branch_operator_decorator.py took 0.050 seconds
[2024-10-26 09:39:50,271] {processor.py:153} INFO - Started process (PID=1538) to work on /root/Documentos/airflow/venv/lib/python3.9/site-packages/airflow/example_dags/example_branch_operator_decorator.py
[2024-10-26 09:39:50,278] {processor.py:641} INFO - Processing file /root/Documentos/airflow/venv/lib/python3.9/site-packages/airflow/example_dags/example_branch_operator_decorator.py for tasks to queue
[2024-10-26 09:39:50,278] {logging_mixin.py:115} INFO - [2024-10-26 09:39:50,278] {dagbag.py:507} INFO - Filling up the DagBag from /root/Documentos/airflow/venv/lib/python3.9/site-packages/airflow/example_dags/example_branch_operator_decorator.py
[2024-10-26 09:39:50,288] {processor.py:651} INFO - DAG(s) dict_keys(['example_branch_python_operator_decorator']) retrieved from /root/Documentos/airflow/venv/lib/python3.9/site-packages/airflow/example_dags/example_branch_operator_decorator.py
[2024-10-26 09:39:50,298] {logging_mixin.py:115} INFO - [2024-10-26 09:39:50,298] {dag.py:2379} INFO - Sync 1 DAGs
[2024-10-26 09:39:50,308] {logging_mixin.py:115} INFO - [2024-10-26 09:39:50,308] {dag.py:2927} INFO - Setting next_dagrun for example_branch_python_operator_decorator to 2024-10-25T00:00:00+00:00, run_after=2024-10-26T00:00:00+00:00
[2024-10-26 09:39:50,321] {processor.py:161} INFO - Processing /root/Documentos/airflow/venv/lib/python3.9/site-packages/airflow/example_dags/example_branch_operator_decorator.py took 0.052 seconds
[2024-10-26 09:40:24,518] {processor.py:153} INFO - Started process (PID=1703) to work on /root/Documentos/airflow/venv/lib/python3.9/site-packages/airflow/example_dags/example_branch_operator_decorator.py
[2024-10-26 09:40:24,519] {processor.py:641} INFO - Processing file /root/Documentos/airflow/venv/lib/python3.9/site-packages/airflow/example_dags/example_branch_operator_decorator.py for tasks to queue
[2024-10-26 09:40:24,519] {logging_mixin.py:115} INFO - [2024-10-26 09:40:24,519] {dagbag.py:507} INFO - Filling up the DagBag from /root/Documentos/airflow/venv/lib/python3.9/site-packages/airflow/example_dags/example_branch_operator_decorator.py
[2024-10-26 09:40:24,529] {processor.py:651} INFO - DAG(s) dict_keys(['example_branch_python_operator_decorator']) retrieved from /root/Documentos/airflow/venv/lib/python3.9/site-packages/airflow/example_dags/example_branch_operator_decorator.py
[2024-10-26 09:40:24,540] {logging_mixin.py:115} INFO - [2024-10-26 09:40:24,540] {dag.py:2379} INFO - Sync 1 DAGs
[2024-10-26 09:40:24,550] {logging_mixin.py:115} INFO - [2024-10-26 09:40:24,550] {dag.py:2927} INFO - Setting next_dagrun for example_branch_python_operator_decorator to 2024-10-25T00:00:00+00:00, run_after=2024-10-26T00:00:00+00:00
[2024-10-26 09:40:24,562] {processor.py:161} INFO - Processing /root/Documentos/airflow/venv/lib/python3.9/site-packages/airflow/example_dags/example_branch_operator_decorator.py took 0.045 seconds
[2024-10-26 09:40:54,998] {processor.py:153} INFO - Started process (PID=1849) to work on /root/Documentos/airflow/venv/lib/python3.9/site-packages/airflow/example_dags/example_branch_operator_decorator.py
[2024-10-26 09:40:54,999] {processor.py:641} INFO - Processing file /root/Documentos/airflow/venv/lib/python3.9/site-packages/airflow/example_dags/example_branch_operator_decorator.py for tasks to queue
[2024-10-26 09:40:54,999] {logging_mixin.py:115} INFO - [2024-10-26 09:40:54,999] {dagbag.py:507} INFO - Filling up the DagBag from /root/Documentos/airflow/venv/lib/python3.9/site-packages/airflow/example_dags/example_branch_operator_decorator.py
[2024-10-26 09:40:55,008] {processor.py:651} INFO - DAG(s) dict_keys(['example_branch_python_operator_decorator']) retrieved from /root/Documentos/airflow/venv/lib/python3.9/site-packages/airflow/example_dags/example_branch_operator_decorator.py
[2024-10-26 09:40:55,018] {logging_mixin.py:115} INFO - [2024-10-26 09:40:55,018] {dag.py:2379} INFO - Sync 1 DAGs
[2024-10-26 09:40:55,028] {logging_mixin.py:115} INFO - [2024-10-26 09:40:55,028] {dag.py:2927} INFO - Setting next_dagrun for example_branch_python_operator_decorator to 2024-10-25T00:00:00+00:00, run_after=2024-10-26T00:00:00+00:00
[2024-10-26 09:40:55,039] {processor.py:161} INFO - Processing /root/Documentos/airflow/venv/lib/python3.9/site-packages/airflow/example_dags/example_branch_operator_decorator.py took 0.043 seconds
[2024-10-26 09:41:25,436] {processor.py:153} INFO - Started process (PID=1998) to work on /root/Documentos/airflow/venv/lib/python3.9/site-packages/airflow/example_dags/example_branch_operator_decorator.py
[2024-10-26 09:41:25,442] {processor.py:641} INFO - Processing file /root/Documentos/airflow/venv/lib/python3.9/site-packages/airflow/example_dags/example_branch_operator_decorator.py for tasks to queue
[2024-10-26 09:41:25,443] {logging_mixin.py:115} INFO - [2024-10-26 09:41:25,443] {dagbag.py:507} INFO - Filling up the DagBag from /root/Documentos/airflow/venv/lib/python3.9/site-packages/airflow/example_dags/example_branch_operator_decorator.py
[2024-10-26 09:41:25,452] {processor.py:651} INFO - DAG(s) dict_keys(['example_branch_python_operator_decorator']) retrieved from /root/Documentos/airflow/venv/lib/python3.9/site-packages/airflow/example_dags/example_branch_operator_decorator.py
[2024-10-26 09:41:25,462] {logging_mixin.py:115} INFO - [2024-10-26 09:41:25,462] {dag.py:2379} INFO - Sync 1 DAGs
[2024-10-26 09:41:25,472] {logging_mixin.py:115} INFO - [2024-10-26 09:41:25,472] {dag.py:2927} INFO - Setting next_dagrun for example_branch_python_operator_decorator to 2024-10-25T00:00:00+00:00, run_after=2024-10-26T00:00:00+00:00
[2024-10-26 09:41:25,483] {processor.py:161} INFO - Processing /root/Documentos/airflow/venv/lib/python3.9/site-packages/airflow/example_dags/example_branch_operator_decorator.py took 0.048 seconds
[2024-10-26 09:41:59,294] {processor.py:153} INFO - Started process (PID=2160) to work on /root/Documentos/airflow/venv/lib/python3.9/site-packages/airflow/example_dags/example_branch_operator_decorator.py
[2024-10-26 09:41:59,299] {processor.py:641} INFO - Processing file /root/Documentos/airflow/venv/lib/python3.9/site-packages/airflow/example_dags/example_branch_operator_decorator.py for tasks to queue
[2024-10-26 09:41:59,299] {logging_mixin.py:115} INFO - [2024-10-26 09:41:59,299] {dagbag.py:507} INFO - Filling up the DagBag from /root/Documentos/airflow/venv/lib/python3.9/site-packages/airflow/example_dags/example_branch_operator_decorator.py
[2024-10-26 09:41:59,308] {processor.py:651} INFO - DAG(s) dict_keys(['example_branch_python_operator_decorator']) retrieved from /root/Documentos/airflow/venv/lib/python3.9/site-packages/airflow/example_dags/example_branch_operator_decorator.py
[2024-10-26 09:41:59,318] {logging_mixin.py:115} INFO - [2024-10-26 09:41:59,318] {dag.py:2379} INFO - Sync 1 DAGs
[2024-10-26 09:41:59,328] {logging_mixin.py:115} INFO - [2024-10-26 09:41:59,328] {dag.py:2927} INFO - Setting next_dagrun for example_branch_python_operator_decorator to 2024-10-25T00:00:00+00:00, run_after=2024-10-26T00:00:00+00:00
[2024-10-26 09:41:59,341] {processor.py:161} INFO - Processing /root/Documentos/airflow/venv/lib/python3.9/site-packages/airflow/example_dags/example_branch_operator_decorator.py took 0.049 seconds
[2024-10-26 09:42:31,803] {processor.py:153} INFO - Started process (PID=2317) to work on /root/Documentos/airflow/venv/lib/python3.9/site-packages/airflow/example_dags/example_branch_operator_decorator.py
[2024-10-26 09:42:31,803] {processor.py:641} INFO - Processing file /root/Documentos/airflow/venv/lib/python3.9/site-packages/airflow/example_dags/example_branch_operator_decorator.py for tasks to queue
[2024-10-26 09:42:31,804] {logging_mixin.py:115} INFO - [2024-10-26 09:42:31,804] {dagbag.py:507} INFO - Filling up the DagBag from /root/Documentos/airflow/venv/lib/python3.9/site-packages/airflow/example_dags/example_branch_operator_decorator.py
[2024-10-26 09:42:31,813] {processor.py:651} INFO - DAG(s) dict_keys(['example_branch_python_operator_decorator']) retrieved from /root/Documentos/airflow/venv/lib/python3.9/site-packages/airflow/example_dags/example_branch_operator_decorator.py
[2024-10-26 09:42:31,823] {logging_mixin.py:115} INFO - [2024-10-26 09:42:31,823] {dag.py:2379} INFO - Sync 1 DAGs
[2024-10-26 09:42:31,833] {logging_mixin.py:115} INFO - [2024-10-26 09:42:31,833] {dag.py:2927} INFO - Setting next_dagrun for example_branch_python_operator_decorator to 2024-10-25T00:00:00+00:00, run_after=2024-10-26T00:00:00+00:00
[2024-10-26 09:42:31,845] {processor.py:161} INFO - Processing /root/Documentos/airflow/venv/lib/python3.9/site-packages/airflow/example_dags/example_branch_operator_decorator.py took 0.043 seconds
[2024-10-26 09:43:03,276] {processor.py:153} INFO - Started process (PID=2471) to work on /root/Documentos/airflow/venv/lib/python3.9/site-packages/airflow/example_dags/example_branch_operator_decorator.py
[2024-10-26 09:43:03,278] {processor.py:641} INFO - Processing file /root/Documentos/airflow/venv/lib/python3.9/site-packages/airflow/example_dags/example_branch_operator_decorator.py for tasks to queue
[2024-10-26 09:43:03,278] {logging_mixin.py:115} INFO - [2024-10-26 09:43:03,278] {dagbag.py:507} INFO - Filling up the DagBag from /root/Documentos/airflow/venv/lib/python3.9/site-packages/airflow/example_dags/example_branch_operator_decorator.py
[2024-10-26 09:43:03,288] {processor.py:651} INFO - DAG(s) dict_keys(['example_branch_python_operator_decorator']) retrieved from /root/Documentos/airflow/venv/lib/python3.9/site-packages/airflow/example_dags/example_branch_operator_decorator.py
[2024-10-26 09:43:03,297] {logging_mixin.py:115} INFO - [2024-10-26 09:43:03,297] {dag.py:2379} INFO - Sync 1 DAGs
[2024-10-26 09:43:03,307] {logging_mixin.py:115} INFO - [2024-10-26 09:43:03,307] {dag.py:2927} INFO - Setting next_dagrun for example_branch_python_operator_decorator to 2024-10-25T00:00:00+00:00, run_after=2024-10-26T00:00:00+00:00
[2024-10-26 09:43:03,320] {processor.py:161} INFO - Processing /root/Documentos/airflow/venv/lib/python3.9/site-packages/airflow/example_dags/example_branch_operator_decorator.py took 0.045 seconds
[2024-10-26 09:43:37,277] {processor.py:153} INFO - Started process (PID=2635) to work on /root/Documentos/airflow/venv/lib/python3.9/site-packages/airflow/example_dags/example_branch_operator_decorator.py
[2024-10-26 09:43:37,282] {processor.py:641} INFO - Processing file /root/Documentos/airflow/venv/lib/python3.9/site-packages/airflow/example_dags/example_branch_operator_decorator.py for tasks to queue
[2024-10-26 09:43:37,282] {logging_mixin.py:115} INFO - [2024-10-26 09:43:37,282] {dagbag.py:507} INFO - Filling up the DagBag from /root/Documentos/airflow/venv/lib/python3.9/site-packages/airflow/example_dags/example_branch_operator_decorator.py
[2024-10-26 09:43:37,292] {processor.py:651} INFO - DAG(s) dict_keys(['example_branch_python_operator_decorator']) retrieved from /root/Documentos/airflow/venv/lib/python3.9/site-packages/airflow/example_dags/example_branch_operator_decorator.py
[2024-10-26 09:43:37,301] {logging_mixin.py:115} INFO - [2024-10-26 09:43:37,301] {dag.py:2379} INFO - Sync 1 DAGs
[2024-10-26 09:43:37,311] {logging_mixin.py:115} INFO - [2024-10-26 09:43:37,311] {dag.py:2927} INFO - Setting next_dagrun for example_branch_python_operator_decorator to 2024-10-25T00:00:00+00:00, run_after=2024-10-26T00:00:00+00:00
[2024-10-26 09:43:37,323] {processor.py:161} INFO - Processing /root/Documentos/airflow/venv/lib/python3.9/site-packages/airflow/example_dags/example_branch_operator_decorator.py took 0.048 seconds
[2024-10-26 09:44:09,539] {processor.py:153} INFO - Started process (PID=2791) to work on /root/Documentos/airflow/venv/lib/python3.9/site-packages/airflow/example_dags/example_branch_operator_decorator.py
[2024-10-26 09:44:09,540] {processor.py:641} INFO - Processing file /root/Documentos/airflow/venv/lib/python3.9/site-packages/airflow/example_dags/example_branch_operator_decorator.py for tasks to queue
[2024-10-26 09:44:09,540] {logging_mixin.py:115} INFO - [2024-10-26 09:44:09,540] {dagbag.py:507} INFO - Filling up the DagBag from /root/Documentos/airflow/venv/lib/python3.9/site-packages/airflow/example_dags/example_branch_operator_decorator.py
[2024-10-26 09:44:09,550] {processor.py:651} INFO - DAG(s) dict_keys(['example_branch_python_operator_decorator']) retrieved from /root/Documentos/airflow/venv/lib/python3.9/site-packages/airflow/example_dags/example_branch_operator_decorator.py
[2024-10-26 09:44:09,560] {logging_mixin.py:115} INFO - [2024-10-26 09:44:09,560] {dag.py:2379} INFO - Sync 1 DAGs
[2024-10-26 09:44:09,570] {logging_mixin.py:115} INFO - [2024-10-26 09:44:09,570] {dag.py:2927} INFO - Setting next_dagrun for example_branch_python_operator_decorator to 2024-10-25T00:00:00+00:00, run_after=2024-10-26T00:00:00+00:00
[2024-10-26 09:44:09,582] {processor.py:161} INFO - Processing /root/Documentos/airflow/venv/lib/python3.9/site-packages/airflow/example_dags/example_branch_operator_decorator.py took 0.044 seconds
[2024-10-26 09:44:42,739] {processor.py:153} INFO - Started process (PID=2952) to work on /root/Documentos/airflow/venv/lib/python3.9/site-packages/airflow/example_dags/example_branch_operator_decorator.py
[2024-10-26 09:44:42,740] {processor.py:641} INFO - Processing file /root/Documentos/airflow/venv/lib/python3.9/site-packages/airflow/example_dags/example_branch_operator_decorator.py for tasks to queue
[2024-10-26 09:44:42,740] {logging_mixin.py:115} INFO - [2024-10-26 09:44:42,740] {dagbag.py:507} INFO - Filling up the DagBag from /root/Documentos/airflow/venv/lib/python3.9/site-packages/airflow/example_dags/example_branch_operator_decorator.py
[2024-10-26 09:44:42,751] {processor.py:651} INFO - DAG(s) dict_keys(['example_branch_python_operator_decorator']) retrieved from /root/Documentos/airflow/venv/lib/python3.9/site-packages/airflow/example_dags/example_branch_operator_decorator.py
[2024-10-26 09:44:42,761] {logging_mixin.py:115} INFO - [2024-10-26 09:44:42,761] {dag.py:2379} INFO - Sync 1 DAGs
[2024-10-26 09:44:42,772] {logging_mixin.py:115} INFO - [2024-10-26 09:44:42,772] {dag.py:2927} INFO - Setting next_dagrun for example_branch_python_operator_decorator to 2024-10-25T00:00:00+00:00, run_after=2024-10-26T00:00:00+00:00
[2024-10-26 09:44:42,786] {processor.py:161} INFO - Processing /root/Documentos/airflow/venv/lib/python3.9/site-packages/airflow/example_dags/example_branch_operator_decorator.py took 0.048 seconds
[2024-10-26 09:45:15,993] {processor.py:153} INFO - Started process (PID=3114) to work on /root/Documentos/airflow/venv/lib/python3.9/site-packages/airflow/example_dags/example_branch_operator_decorator.py
[2024-10-26 09:45:15,997] {processor.py:641} INFO - Processing file /root/Documentos/airflow/venv/lib/python3.9/site-packages/airflow/example_dags/example_branch_operator_decorator.py for tasks to queue
[2024-10-26 09:45:15,997] {logging_mixin.py:115} INFO - [2024-10-26 09:45:15,997] {dagbag.py:507} INFO - Filling up the DagBag from /root/Documentos/airflow/venv/lib/python3.9/site-packages/airflow/example_dags/example_branch_operator_decorator.py
[2024-10-26 09:45:16,006] {processor.py:651} INFO - DAG(s) dict_keys(['example_branch_python_operator_decorator']) retrieved from /root/Documentos/airflow/venv/lib/python3.9/site-packages/airflow/example_dags/example_branch_operator_decorator.py
[2024-10-26 09:45:16,016] {logging_mixin.py:115} INFO - [2024-10-26 09:45:16,016] {dag.py:2379} INFO - Sync 1 DAGs
[2024-10-26 09:45:16,026] {logging_mixin.py:115} INFO - [2024-10-26 09:45:16,026] {dag.py:2927} INFO - Setting next_dagrun for example_branch_python_operator_decorator to 2024-10-25T00:00:00+00:00, run_after=2024-10-26T00:00:00+00:00
[2024-10-26 09:45:16,040] {processor.py:161} INFO - Processing /root/Documentos/airflow/venv/lib/python3.9/site-packages/airflow/example_dags/example_branch_operator_decorator.py took 0.048 seconds
[2024-10-26 09:45:51,288] {processor.py:153} INFO - Started process (PID=3283) to work on /root/Documentos/airflow/venv/lib/python3.9/site-packages/airflow/example_dags/example_branch_operator_decorator.py
[2024-10-26 09:45:51,289] {processor.py:641} INFO - Processing file /root/Documentos/airflow/venv/lib/python3.9/site-packages/airflow/example_dags/example_branch_operator_decorator.py for tasks to queue
[2024-10-26 09:45:51,290] {logging_mixin.py:115} INFO - [2024-10-26 09:45:51,290] {dagbag.py:507} INFO - Filling up the DagBag from /root/Documentos/airflow/venv/lib/python3.9/site-packages/airflow/example_dags/example_branch_operator_decorator.py
[2024-10-26 09:45:51,299] {processor.py:651} INFO - DAG(s) dict_keys(['example_branch_python_operator_decorator']) retrieved from /root/Documentos/airflow/venv/lib/python3.9/site-packages/airflow/example_dags/example_branch_operator_decorator.py
[2024-10-26 09:45:51,308] {logging_mixin.py:115} INFO - [2024-10-26 09:45:51,308] {dag.py:2379} INFO - Sync 1 DAGs
[2024-10-26 09:45:51,319] {logging_mixin.py:115} INFO - [2024-10-26 09:45:51,319] {dag.py:2927} INFO - Setting next_dagrun for example_branch_python_operator_decorator to 2024-10-25T00:00:00+00:00, run_after=2024-10-26T00:00:00+00:00
[2024-10-26 09:45:51,330] {processor.py:161} INFO - Processing /root/Documentos/airflow/venv/lib/python3.9/site-packages/airflow/example_dags/example_branch_operator_decorator.py took 0.043 seconds
[2024-10-26 09:46:22,761] {processor.py:153} INFO - Started process (PID=3436) to work on /root/Documentos/airflow/venv/lib/python3.9/site-packages/airflow/example_dags/example_branch_operator_decorator.py
[2024-10-26 09:46:22,769] {processor.py:641} INFO - Processing file /root/Documentos/airflow/venv/lib/python3.9/site-packages/airflow/example_dags/example_branch_operator_decorator.py for tasks to queue
[2024-10-26 09:46:22,770] {logging_mixin.py:115} INFO - [2024-10-26 09:46:22,770] {dagbag.py:507} INFO - Filling up the DagBag from /root/Documentos/airflow/venv/lib/python3.9/site-packages/airflow/example_dags/example_branch_operator_decorator.py
[2024-10-26 09:46:22,781] {processor.py:651} INFO - DAG(s) dict_keys(['example_branch_python_operator_decorator']) retrieved from /root/Documentos/airflow/venv/lib/python3.9/site-packages/airflow/example_dags/example_branch_operator_decorator.py
[2024-10-26 09:46:22,791] {logging_mixin.py:115} INFO - [2024-10-26 09:46:22,791] {dag.py:2379} INFO - Sync 1 DAGs
[2024-10-26 09:46:22,801] {logging_mixin.py:115} INFO - [2024-10-26 09:46:22,801] {dag.py:2927} INFO - Setting next_dagrun for example_branch_python_operator_decorator to 2024-10-25T00:00:00+00:00, run_after=2024-10-26T00:00:00+00:00
[2024-10-26 09:46:22,813] {processor.py:161} INFO - Processing /root/Documentos/airflow/venv/lib/python3.9/site-packages/airflow/example_dags/example_branch_operator_decorator.py took 0.053 seconds
[2024-10-26 09:46:53,200] {processor.py:153} INFO - Started process (PID=3660) to work on /root/Documentos/airflow/venv/lib/python3.9/site-packages/airflow/example_dags/example_branch_operator_decorator.py
[2024-10-26 09:46:53,202] {processor.py:641} INFO - Processing file /root/Documentos/airflow/venv/lib/python3.9/site-packages/airflow/example_dags/example_branch_operator_decorator.py for tasks to queue
[2024-10-26 09:46:53,202] {logging_mixin.py:115} INFO - [2024-10-26 09:46:53,202] {dagbag.py:507} INFO - Filling up the DagBag from /root/Documentos/airflow/venv/lib/python3.9/site-packages/airflow/example_dags/example_branch_operator_decorator.py
[2024-10-26 09:46:53,211] {processor.py:651} INFO - DAG(s) dict_keys(['example_branch_python_operator_decorator']) retrieved from /root/Documentos/airflow/venv/lib/python3.9/site-packages/airflow/example_dags/example_branch_operator_decorator.py
[2024-10-26 09:46:53,221] {logging_mixin.py:115} INFO - [2024-10-26 09:46:53,221] {dag.py:2379} INFO - Sync 1 DAGs
[2024-10-26 09:46:53,231] {logging_mixin.py:115} INFO - [2024-10-26 09:46:53,231] {dag.py:2927} INFO - Setting next_dagrun for example_branch_python_operator_decorator to 2024-10-25T00:00:00+00:00, run_after=2024-10-26T00:00:00+00:00
[2024-10-26 09:46:53,245] {processor.py:161} INFO - Processing /root/Documentos/airflow/venv/lib/python3.9/site-packages/airflow/example_dags/example_branch_operator_decorator.py took 0.046 seconds
[2024-10-26 09:47:26,310] {processor.py:153} INFO - Started process (PID=3821) to work on /root/Documentos/airflow/venv/lib/python3.9/site-packages/airflow/example_dags/example_branch_operator_decorator.py
[2024-10-26 09:47:26,312] {processor.py:641} INFO - Processing file /root/Documentos/airflow/venv/lib/python3.9/site-packages/airflow/example_dags/example_branch_operator_decorator.py for tasks to queue
[2024-10-26 09:47:26,312] {logging_mixin.py:115} INFO - [2024-10-26 09:47:26,312] {dagbag.py:507} INFO - Filling up the DagBag from /root/Documentos/airflow/venv/lib/python3.9/site-packages/airflow/example_dags/example_branch_operator_decorator.py
[2024-10-26 09:47:26,321] {processor.py:651} INFO - DAG(s) dict_keys(['example_branch_python_operator_decorator']) retrieved from /root/Documentos/airflow/venv/lib/python3.9/site-packages/airflow/example_dags/example_branch_operator_decorator.py
[2024-10-26 09:47:26,331] {logging_mixin.py:115} INFO - [2024-10-26 09:47:26,331] {dag.py:2379} INFO - Sync 1 DAGs
[2024-10-26 09:47:26,341] {logging_mixin.py:115} INFO - [2024-10-26 09:47:26,341] {dag.py:2927} INFO - Setting next_dagrun for example_branch_python_operator_decorator to 2024-10-25T00:00:00+00:00, run_after=2024-10-26T00:00:00+00:00
[2024-10-26 09:47:26,354] {processor.py:161} INFO - Processing /root/Documentos/airflow/venv/lib/python3.9/site-packages/airflow/example_dags/example_branch_operator_decorator.py took 0.046 seconds
[2024-10-26 09:47:57,394] {processor.py:153} INFO - Started process (PID=3972) to work on /root/Documentos/airflow/venv/lib/python3.9/site-packages/airflow/example_dags/example_branch_operator_decorator.py
[2024-10-26 09:47:57,395] {processor.py:641} INFO - Processing file /root/Documentos/airflow/venv/lib/python3.9/site-packages/airflow/example_dags/example_branch_operator_decorator.py for tasks to queue
[2024-10-26 09:47:57,395] {logging_mixin.py:115} INFO - [2024-10-26 09:47:57,395] {dagbag.py:507} INFO - Filling up the DagBag from /root/Documentos/airflow/venv/lib/python3.9/site-packages/airflow/example_dags/example_branch_operator_decorator.py
[2024-10-26 09:47:57,404] {processor.py:651} INFO - DAG(s) dict_keys(['example_branch_python_operator_decorator']) retrieved from /root/Documentos/airflow/venv/lib/python3.9/site-packages/airflow/example_dags/example_branch_operator_decorator.py
[2024-10-26 09:47:57,413] {logging_mixin.py:115} INFO - [2024-10-26 09:47:57,413] {dag.py:2379} INFO - Sync 1 DAGs
[2024-10-26 09:47:57,423] {logging_mixin.py:115} INFO - [2024-10-26 09:47:57,423] {dag.py:2927} INFO - Setting next_dagrun for example_branch_python_operator_decorator to 2024-10-25T00:00:00+00:00, run_after=2024-10-26T00:00:00+00:00
[2024-10-26 09:47:57,438] {processor.py:161} INFO - Processing /root/Documentos/airflow/venv/lib/python3.9/site-packages/airflow/example_dags/example_branch_operator_decorator.py took 0.045 seconds
[2024-10-26 09:48:30,720] {processor.py:153} INFO - Started process (PID=4142) to work on /root/Documentos/airflow/venv/lib/python3.9/site-packages/airflow/example_dags/example_branch_operator_decorator.py
[2024-10-26 09:48:30,723] {processor.py:641} INFO - Processing file /root/Documentos/airflow/venv/lib/python3.9/site-packages/airflow/example_dags/example_branch_operator_decorator.py for tasks to queue
[2024-10-26 09:48:30,723] {logging_mixin.py:115} INFO - [2024-10-26 09:48:30,723] {dagbag.py:507} INFO - Filling up the DagBag from /root/Documentos/airflow/venv/lib/python3.9/site-packages/airflow/example_dags/example_branch_operator_decorator.py
[2024-10-26 09:48:30,733] {processor.py:651} INFO - DAG(s) dict_keys(['example_branch_python_operator_decorator']) retrieved from /root/Documentos/airflow/venv/lib/python3.9/site-packages/airflow/example_dags/example_branch_operator_decorator.py
[2024-10-26 09:48:30,742] {logging_mixin.py:115} INFO - [2024-10-26 09:48:30,742] {dag.py:2379} INFO - Sync 1 DAGs
[2024-10-26 09:48:30,752] {logging_mixin.py:115} INFO - [2024-10-26 09:48:30,752] {dag.py:2927} INFO - Setting next_dagrun for example_branch_python_operator_decorator to 2024-10-25T00:00:00+00:00, run_after=2024-10-26T00:00:00+00:00
[2024-10-26 09:48:30,767] {processor.py:161} INFO - Processing /root/Documentos/airflow/venv/lib/python3.9/site-packages/airflow/example_dags/example_branch_operator_decorator.py took 0.048 seconds
[2024-10-26 09:49:02,129] {processor.py:153} INFO - Started process (PID=4294) to work on /root/Documentos/airflow/venv/lib/python3.9/site-packages/airflow/example_dags/example_branch_operator_decorator.py
[2024-10-26 09:49:02,129] {processor.py:641} INFO - Processing file /root/Documentos/airflow/venv/lib/python3.9/site-packages/airflow/example_dags/example_branch_operator_decorator.py for tasks to queue
[2024-10-26 09:49:02,129] {logging_mixin.py:115} INFO - [2024-10-26 09:49:02,129] {dagbag.py:507} INFO - Filling up the DagBag from /root/Documentos/airflow/venv/lib/python3.9/site-packages/airflow/example_dags/example_branch_operator_decorator.py
[2024-10-26 09:49:02,138] {processor.py:651} INFO - DAG(s) dict_keys(['example_branch_python_operator_decorator']) retrieved from /root/Documentos/airflow/venv/lib/python3.9/site-packages/airflow/example_dags/example_branch_operator_decorator.py
[2024-10-26 09:49:02,148] {logging_mixin.py:115} INFO - [2024-10-26 09:49:02,148] {dag.py:2379} INFO - Sync 1 DAGs
[2024-10-26 09:49:02,158] {logging_mixin.py:115} INFO - [2024-10-26 09:49:02,158] {dag.py:2927} INFO - Setting next_dagrun for example_branch_python_operator_decorator to 2024-10-25T00:00:00+00:00, run_after=2024-10-26T00:00:00+00:00
[2024-10-26 09:49:02,173] {processor.py:161} INFO - Processing /root/Documentos/airflow/venv/lib/python3.9/site-packages/airflow/example_dags/example_branch_operator_decorator.py took 0.045 seconds
[2024-10-26 09:49:33,837] {processor.py:153} INFO - Started process (PID=4445) to work on /root/Documentos/airflow/venv/lib/python3.9/site-packages/airflow/example_dags/example_branch_operator_decorator.py
[2024-10-26 09:49:33,839] {processor.py:641} INFO - Processing file /root/Documentos/airflow/venv/lib/python3.9/site-packages/airflow/example_dags/example_branch_operator_decorator.py for tasks to queue
[2024-10-26 09:49:33,839] {logging_mixin.py:115} INFO - [2024-10-26 09:49:33,839] {dagbag.py:507} INFO - Filling up the DagBag from /root/Documentos/airflow/venv/lib/python3.9/site-packages/airflow/example_dags/example_branch_operator_decorator.py
[2024-10-26 09:49:33,849] {processor.py:651} INFO - DAG(s) dict_keys(['example_branch_python_operator_decorator']) retrieved from /root/Documentos/airflow/venv/lib/python3.9/site-packages/airflow/example_dags/example_branch_operator_decorator.py
[2024-10-26 09:49:33,858] {logging_mixin.py:115} INFO - [2024-10-26 09:49:33,858] {dag.py:2379} INFO - Sync 1 DAGs
[2024-10-26 09:49:33,868] {logging_mixin.py:115} INFO - [2024-10-26 09:49:33,868] {dag.py:2927} INFO - Setting next_dagrun for example_branch_python_operator_decorator to 2024-10-25T00:00:00+00:00, run_after=2024-10-26T00:00:00+00:00
[2024-10-26 09:49:33,882] {processor.py:161} INFO - Processing /root/Documentos/airflow/venv/lib/python3.9/site-packages/airflow/example_dags/example_branch_operator_decorator.py took 0.047 seconds
[2024-10-26 09:50:05,349] {processor.py:153} INFO - Started process (PID=4597) to work on /root/Documentos/airflow/venv/lib/python3.9/site-packages/airflow/example_dags/example_branch_operator_decorator.py
[2024-10-26 09:50:05,350] {processor.py:641} INFO - Processing file /root/Documentos/airflow/venv/lib/python3.9/site-packages/airflow/example_dags/example_branch_operator_decorator.py for tasks to queue
[2024-10-26 09:50:05,350] {logging_mixin.py:115} INFO - [2024-10-26 09:50:05,350] {dagbag.py:507} INFO - Filling up the DagBag from /root/Documentos/airflow/venv/lib/python3.9/site-packages/airflow/example_dags/example_branch_operator_decorator.py
[2024-10-26 09:50:05,359] {processor.py:651} INFO - DAG(s) dict_keys(['example_branch_python_operator_decorator']) retrieved from /root/Documentos/airflow/venv/lib/python3.9/site-packages/airflow/example_dags/example_branch_operator_decorator.py
[2024-10-26 09:50:05,368] {logging_mixin.py:115} INFO - [2024-10-26 09:50:05,368] {dag.py:2379} INFO - Sync 1 DAGs
[2024-10-26 09:50:05,378] {logging_mixin.py:115} INFO - [2024-10-26 09:50:05,378] {dag.py:2927} INFO - Setting next_dagrun for example_branch_python_operator_decorator to 2024-10-25T00:00:00+00:00, run_after=2024-10-26T00:00:00+00:00
[2024-10-26 09:50:05,392] {processor.py:161} INFO - Processing /root/Documentos/airflow/venv/lib/python3.9/site-packages/airflow/example_dags/example_branch_operator_decorator.py took 0.044 seconds
[2024-10-26 09:50:38,080] {processor.py:153} INFO - Started process (PID=4755) to work on /root/Documentos/airflow/venv/lib/python3.9/site-packages/airflow/example_dags/example_branch_operator_decorator.py
[2024-10-26 09:50:38,083] {processor.py:641} INFO - Processing file /root/Documentos/airflow/venv/lib/python3.9/site-packages/airflow/example_dags/example_branch_operator_decorator.py for tasks to queue
[2024-10-26 09:50:38,084] {logging_mixin.py:115} INFO - [2024-10-26 09:50:38,084] {dagbag.py:507} INFO - Filling up the DagBag from /root/Documentos/airflow/venv/lib/python3.9/site-packages/airflow/example_dags/example_branch_operator_decorator.py
[2024-10-26 09:50:38,093] {processor.py:651} INFO - DAG(s) dict_keys(['example_branch_python_operator_decorator']) retrieved from /root/Documentos/airflow/venv/lib/python3.9/site-packages/airflow/example_dags/example_branch_operator_decorator.py
[2024-10-26 09:50:38,102] {logging_mixin.py:115} INFO - [2024-10-26 09:50:38,102] {dag.py:2379} INFO - Sync 1 DAGs
[2024-10-26 09:50:38,112] {logging_mixin.py:115} INFO - [2024-10-26 09:50:38,112] {dag.py:2927} INFO - Setting next_dagrun for example_branch_python_operator_decorator to 2024-10-25T00:00:00+00:00, run_after=2024-10-26T00:00:00+00:00
[2024-10-26 09:50:38,126] {processor.py:161} INFO - Processing /root/Documentos/airflow/venv/lib/python3.9/site-packages/airflow/example_dags/example_branch_operator_decorator.py took 0.047 seconds
[2024-10-26 09:51:08,463] {processor.py:153} INFO - Started process (PID=4903) to work on /root/Documentos/airflow/venv/lib/python3.9/site-packages/airflow/example_dags/example_branch_operator_decorator.py
[2024-10-26 09:51:08,463] {processor.py:641} INFO - Processing file /root/Documentos/airflow/venv/lib/python3.9/site-packages/airflow/example_dags/example_branch_operator_decorator.py for tasks to queue
[2024-10-26 09:51:08,463] {logging_mixin.py:115} INFO - [2024-10-26 09:51:08,463] {dagbag.py:507} INFO - Filling up the DagBag from /root/Documentos/airflow/venv/lib/python3.9/site-packages/airflow/example_dags/example_branch_operator_decorator.py
[2024-10-26 09:51:08,472] {processor.py:651} INFO - DAG(s) dict_keys(['example_branch_python_operator_decorator']) retrieved from /root/Documentos/airflow/venv/lib/python3.9/site-packages/airflow/example_dags/example_branch_operator_decorator.py
[2024-10-26 09:51:08,482] {logging_mixin.py:115} INFO - [2024-10-26 09:51:08,482] {dag.py:2379} INFO - Sync 1 DAGs
[2024-10-26 09:51:08,491] {logging_mixin.py:115} INFO - [2024-10-26 09:51:08,491] {dag.py:2927} INFO - Setting next_dagrun for example_branch_python_operator_decorator to 2024-10-25T00:00:00+00:00, run_after=2024-10-26T00:00:00+00:00
[2024-10-26 09:51:08,507] {processor.py:161} INFO - Processing /root/Documentos/airflow/venv/lib/python3.9/site-packages/airflow/example_dags/example_branch_operator_decorator.py took 0.046 seconds
[2024-10-26 09:51:39,387] {processor.py:153} INFO - Started process (PID=5052) to work on /root/Documentos/airflow/venv/lib/python3.9/site-packages/airflow/example_dags/example_branch_operator_decorator.py
[2024-10-26 09:51:39,391] {processor.py:641} INFO - Processing file /root/Documentos/airflow/venv/lib/python3.9/site-packages/airflow/example_dags/example_branch_operator_decorator.py for tasks to queue
[2024-10-26 09:51:39,391] {logging_mixin.py:115} INFO - [2024-10-26 09:51:39,391] {dagbag.py:507} INFO - Filling up the DagBag from /root/Documentos/airflow/venv/lib/python3.9/site-packages/airflow/example_dags/example_branch_operator_decorator.py
[2024-10-26 09:51:39,400] {processor.py:651} INFO - DAG(s) dict_keys(['example_branch_python_operator_decorator']) retrieved from /root/Documentos/airflow/venv/lib/python3.9/site-packages/airflow/example_dags/example_branch_operator_decorator.py
[2024-10-26 09:51:39,409] {logging_mixin.py:115} INFO - [2024-10-26 09:51:39,409] {dag.py:2379} INFO - Sync 1 DAGs
[2024-10-26 09:51:39,419] {logging_mixin.py:115} INFO - [2024-10-26 09:51:39,419] {dag.py:2927} INFO - Setting next_dagrun for example_branch_python_operator_decorator to 2024-10-25T00:00:00+00:00, run_after=2024-10-26T00:00:00+00:00
[2024-10-26 09:51:39,435] {processor.py:161} INFO - Processing /root/Documentos/airflow/venv/lib/python3.9/site-packages/airflow/example_dags/example_branch_operator_decorator.py took 0.049 seconds
[2024-10-26 09:52:11,575] {processor.py:153} INFO - Started process (PID=5208) to work on /root/Documentos/airflow/venv/lib/python3.9/site-packages/airflow/example_dags/example_branch_operator_decorator.py
[2024-10-26 09:52:11,578] {processor.py:641} INFO - Processing file /root/Documentos/airflow/venv/lib/python3.9/site-packages/airflow/example_dags/example_branch_operator_decorator.py for tasks to queue
[2024-10-26 09:52:11,579] {logging_mixin.py:115} INFO - [2024-10-26 09:52:11,579] {dagbag.py:507} INFO - Filling up the DagBag from /root/Documentos/airflow/venv/lib/python3.9/site-packages/airflow/example_dags/example_branch_operator_decorator.py
[2024-10-26 09:52:11,589] {processor.py:651} INFO - DAG(s) dict_keys(['example_branch_python_operator_decorator']) retrieved from /root/Documentos/airflow/venv/lib/python3.9/site-packages/airflow/example_dags/example_branch_operator_decorator.py
[2024-10-26 09:52:11,598] {logging_mixin.py:115} INFO - [2024-10-26 09:52:11,598] {dag.py:2379} INFO - Sync 1 DAGs
[2024-10-26 09:52:11,608] {logging_mixin.py:115} INFO - [2024-10-26 09:52:11,608] {dag.py:2927} INFO - Setting next_dagrun for example_branch_python_operator_decorator to 2024-10-25T00:00:00+00:00, run_after=2024-10-26T00:00:00+00:00
[2024-10-26 09:52:11,624] {processor.py:161} INFO - Processing /root/Documentos/airflow/venv/lib/python3.9/site-packages/airflow/example_dags/example_branch_operator_decorator.py took 0.050 seconds
[2024-10-26 09:52:42,560] {processor.py:153} INFO - Started process (PID=5359) to work on /root/Documentos/airflow/venv/lib/python3.9/site-packages/airflow/example_dags/example_branch_operator_decorator.py
[2024-10-26 09:52:42,561] {processor.py:641} INFO - Processing file /root/Documentos/airflow/venv/lib/python3.9/site-packages/airflow/example_dags/example_branch_operator_decorator.py for tasks to queue
[2024-10-26 09:52:42,561] {logging_mixin.py:115} INFO - [2024-10-26 09:52:42,561] {dagbag.py:507} INFO - Filling up the DagBag from /root/Documentos/airflow/venv/lib/python3.9/site-packages/airflow/example_dags/example_branch_operator_decorator.py
[2024-10-26 09:52:42,570] {processor.py:651} INFO - DAG(s) dict_keys(['example_branch_python_operator_decorator']) retrieved from /root/Documentos/airflow/venv/lib/python3.9/site-packages/airflow/example_dags/example_branch_operator_decorator.py
[2024-10-26 09:52:42,580] {logging_mixin.py:115} INFO - [2024-10-26 09:52:42,580] {dag.py:2379} INFO - Sync 1 DAGs
[2024-10-26 09:52:42,589] {logging_mixin.py:115} INFO - [2024-10-26 09:52:42,589] {dag.py:2927} INFO - Setting next_dagrun for example_branch_python_operator_decorator to 2024-10-25T00:00:00+00:00, run_after=2024-10-26T00:00:00+00:00
[2024-10-26 09:52:42,604] {processor.py:161} INFO - Processing /root/Documentos/airflow/venv/lib/python3.9/site-packages/airflow/example_dags/example_branch_operator_decorator.py took 0.045 seconds
[2024-10-26 09:53:16,996] {processor.py:153} INFO - Started process (PID=5525) to work on /root/Documentos/airflow/venv/lib/python3.9/site-packages/airflow/example_dags/example_branch_operator_decorator.py
[2024-10-26 09:53:17,000] {processor.py:641} INFO - Processing file /root/Documentos/airflow/venv/lib/python3.9/site-packages/airflow/example_dags/example_branch_operator_decorator.py for tasks to queue
[2024-10-26 09:53:17,000] {logging_mixin.py:115} INFO - [2024-10-26 09:53:17,000] {dagbag.py:507} INFO - Filling up the DagBag from /root/Documentos/airflow/venv/lib/python3.9/site-packages/airflow/example_dags/example_branch_operator_decorator.py
[2024-10-26 09:53:17,011] {processor.py:651} INFO - DAG(s) dict_keys(['example_branch_python_operator_decorator']) retrieved from /root/Documentos/airflow/venv/lib/python3.9/site-packages/airflow/example_dags/example_branch_operator_decorator.py
[2024-10-26 09:53:17,019] {logging_mixin.py:115} INFO - [2024-10-26 09:53:17,019] {dag.py:2379} INFO - Sync 1 DAGs
[2024-10-26 09:53:17,031] {logging_mixin.py:115} INFO - [2024-10-26 09:53:17,030] {dag.py:2927} INFO - Setting next_dagrun for example_branch_python_operator_decorator to 2024-10-25T00:00:00+00:00, run_after=2024-10-26T00:00:00+00:00
[2024-10-26 09:53:17,047] {processor.py:161} INFO - Processing /root/Documentos/airflow/venv/lib/python3.9/site-packages/airflow/example_dags/example_branch_operator_decorator.py took 0.052 seconds
[2024-10-26 09:53:48,581] {processor.py:153} INFO - Started process (PID=5677) to work on /root/Documentos/airflow/venv/lib/python3.9/site-packages/airflow/example_dags/example_branch_operator_decorator.py
[2024-10-26 09:53:48,583] {processor.py:641} INFO - Processing file /root/Documentos/airflow/venv/lib/python3.9/site-packages/airflow/example_dags/example_branch_operator_decorator.py for tasks to queue
[2024-10-26 09:53:48,584] {logging_mixin.py:115} INFO - [2024-10-26 09:53:48,584] {dagbag.py:507} INFO - Filling up the DagBag from /root/Documentos/airflow/venv/lib/python3.9/site-packages/airflow/example_dags/example_branch_operator_decorator.py
[2024-10-26 09:53:48,594] {processor.py:651} INFO - DAG(s) dict_keys(['example_branch_python_operator_decorator']) retrieved from /root/Documentos/airflow/venv/lib/python3.9/site-packages/airflow/example_dags/example_branch_operator_decorator.py
[2024-10-26 09:53:48,603] {logging_mixin.py:115} INFO - [2024-10-26 09:53:48,603] {dag.py:2379} INFO - Sync 1 DAGs
[2024-10-26 09:53:48,613] {logging_mixin.py:115} INFO - [2024-10-26 09:53:48,612] {dag.py:2927} INFO - Setting next_dagrun for example_branch_python_operator_decorator to 2024-10-25T00:00:00+00:00, run_after=2024-10-26T00:00:00+00:00
[2024-10-26 09:53:48,628] {processor.py:161} INFO - Processing /root/Documentos/airflow/venv/lib/python3.9/site-packages/airflow/example_dags/example_branch_operator_decorator.py took 0.048 seconds
[2024-10-26 09:54:19,028] {processor.py:153} INFO - Started process (PID=5824) to work on /root/Documentos/airflow/venv/lib/python3.9/site-packages/airflow/example_dags/example_branch_operator_decorator.py
[2024-10-26 09:54:19,028] {processor.py:641} INFO - Processing file /root/Documentos/airflow/venv/lib/python3.9/site-packages/airflow/example_dags/example_branch_operator_decorator.py for tasks to queue
[2024-10-26 09:54:19,028] {logging_mixin.py:115} INFO - [2024-10-26 09:54:19,028] {dagbag.py:507} INFO - Filling up the DagBag from /root/Documentos/airflow/venv/lib/python3.9/site-packages/airflow/example_dags/example_branch_operator_decorator.py
[2024-10-26 09:54:19,039] {processor.py:651} INFO - DAG(s) dict_keys(['example_branch_python_operator_decorator']) retrieved from /root/Documentos/airflow/venv/lib/python3.9/site-packages/airflow/example_dags/example_branch_operator_decorator.py
[2024-10-26 09:54:19,047] {logging_mixin.py:115} INFO - [2024-10-26 09:54:19,047] {dag.py:2379} INFO - Sync 1 DAGs
[2024-10-26 09:54:19,057] {logging_mixin.py:115} INFO - [2024-10-26 09:54:19,057] {dag.py:2927} INFO - Setting next_dagrun for example_branch_python_operator_decorator to 2024-10-25T00:00:00+00:00, run_after=2024-10-26T00:00:00+00:00
[2024-10-26 09:54:19,072] {processor.py:161} INFO - Processing /root/Documentos/airflow/venv/lib/python3.9/site-packages/airflow/example_dags/example_branch_operator_decorator.py took 0.046 seconds
[2024-10-26 09:54:49,863] {processor.py:153} INFO - Started process (PID=5976) to work on /root/Documentos/airflow/venv/lib/python3.9/site-packages/airflow/example_dags/example_branch_operator_decorator.py
[2024-10-26 09:54:49,865] {processor.py:641} INFO - Processing file /root/Documentos/airflow/venv/lib/python3.9/site-packages/airflow/example_dags/example_branch_operator_decorator.py for tasks to queue
[2024-10-26 09:54:49,865] {logging_mixin.py:115} INFO - [2024-10-26 09:54:49,865] {dagbag.py:507} INFO - Filling up the DagBag from /root/Documentos/airflow/venv/lib/python3.9/site-packages/airflow/example_dags/example_branch_operator_decorator.py
[2024-10-26 09:54:49,876] {processor.py:651} INFO - DAG(s) dict_keys(['example_branch_python_operator_decorator']) retrieved from /root/Documentos/airflow/venv/lib/python3.9/site-packages/airflow/example_dags/example_branch_operator_decorator.py
[2024-10-26 09:54:49,884] {logging_mixin.py:115} INFO - [2024-10-26 09:54:49,884] {dag.py:2379} INFO - Sync 1 DAGs
[2024-10-26 09:54:49,894] {logging_mixin.py:115} INFO - [2024-10-26 09:54:49,894] {dag.py:2927} INFO - Setting next_dagrun for example_branch_python_operator_decorator to 2024-10-25T00:00:00+00:00, run_after=2024-10-26T00:00:00+00:00
[2024-10-26 09:54:49,910] {processor.py:161} INFO - Processing /root/Documentos/airflow/venv/lib/python3.9/site-packages/airflow/example_dags/example_branch_operator_decorator.py took 0.049 seconds
[2024-10-26 09:55:21,411] {processor.py:153} INFO - Started process (PID=6134) to work on /root/Documentos/airflow/venv/lib/python3.9/site-packages/airflow/example_dags/example_branch_operator_decorator.py
[2024-10-26 09:55:21,411] {processor.py:641} INFO - Processing file /root/Documentos/airflow/venv/lib/python3.9/site-packages/airflow/example_dags/example_branch_operator_decorator.py for tasks to queue
[2024-10-26 09:55:21,411] {logging_mixin.py:115} INFO - [2024-10-26 09:55:21,411] {dagbag.py:507} INFO - Filling up the DagBag from /root/Documentos/airflow/venv/lib/python3.9/site-packages/airflow/example_dags/example_branch_operator_decorator.py
[2024-10-26 09:55:21,422] {processor.py:651} INFO - DAG(s) dict_keys(['example_branch_python_operator_decorator']) retrieved from /root/Documentos/airflow/venv/lib/python3.9/site-packages/airflow/example_dags/example_branch_operator_decorator.py
[2024-10-26 09:55:21,431] {logging_mixin.py:115} INFO - [2024-10-26 09:55:21,431] {dag.py:2379} INFO - Sync 1 DAGs
[2024-10-26 09:55:21,440] {logging_mixin.py:115} INFO - [2024-10-26 09:55:21,440] {dag.py:2927} INFO - Setting next_dagrun for example_branch_python_operator_decorator to 2024-10-25T00:00:00+00:00, run_after=2024-10-26T00:00:00+00:00
[2024-10-26 09:55:21,455] {processor.py:161} INFO - Processing /root/Documentos/airflow/venv/lib/python3.9/site-packages/airflow/example_dags/example_branch_operator_decorator.py took 0.046 seconds
[2024-10-26 09:55:55,657] {processor.py:153} INFO - Started process (PID=6188) to work on /root/Documentos/airflow/venv/lib/python3.9/site-packages/airflow/example_dags/example_branch_operator_decorator.py
[2024-10-26 09:55:55,657] {processor.py:641} INFO - Processing file /root/Documentos/airflow/venv/lib/python3.9/site-packages/airflow/example_dags/example_branch_operator_decorator.py for tasks to queue
[2024-10-26 09:55:55,658] {logging_mixin.py:115} INFO - [2024-10-26 09:55:55,658] {dagbag.py:507} INFO - Filling up the DagBag from /root/Documentos/airflow/venv/lib/python3.9/site-packages/airflow/example_dags/example_branch_operator_decorator.py
[2024-10-26 09:55:55,668] {processor.py:651} INFO - DAG(s) dict_keys(['example_branch_python_operator_decorator']) retrieved from /root/Documentos/airflow/venv/lib/python3.9/site-packages/airflow/example_dags/example_branch_operator_decorator.py
[2024-10-26 09:55:55,677] {logging_mixin.py:115} INFO - [2024-10-26 09:55:55,677] {dag.py:2379} INFO - Sync 1 DAGs
[2024-10-26 09:55:55,687] {logging_mixin.py:115} INFO - [2024-10-26 09:55:55,687] {dag.py:2927} INFO - Setting next_dagrun for example_branch_python_operator_decorator to 2024-10-25T00:00:00+00:00, run_after=2024-10-26T00:00:00+00:00
[2024-10-26 09:55:55,698] {processor.py:161} INFO - Processing /root/Documentos/airflow/venv/lib/python3.9/site-packages/airflow/example_dags/example_branch_operator_decorator.py took 0.042 seconds
