[2024-10-26 09:24:44,719] {processor.py:153} INFO - Started process (PID=10209) to work on /root/Documentos/airflow/venv/lib/python3.9/site-packages/airflow/example_dags/example_trigger_target_dag.py
[2024-10-26 09:24:44,720] {processor.py:641} INFO - Processing file /root/Documentos/airflow/venv/lib/python3.9/site-packages/airflow/example_dags/example_trigger_target_dag.py for tasks to queue
[2024-10-26 09:24:44,720] {logging_mixin.py:115} INFO - [2024-10-26 09:24:44,720] {dagbag.py:507} INFO - Filling up the DagBag from /root/Documentos/airflow/venv/lib/python3.9/site-packages/airflow/example_dags/example_trigger_target_dag.py
[2024-10-26 09:24:44,728] {processor.py:651} INFO - DAG(s) dict_keys(['example_trigger_target_dag']) retrieved from /root/Documentos/airflow/venv/lib/python3.9/site-packages/airflow/example_dags/example_trigger_target_dag.py
[2024-10-26 09:24:44,779] {logging_mixin.py:115} INFO - [2024-10-26 09:24:44,779] {manager.py:508} INFO - Created Permission View: can edit on DAG:example_trigger_target_dag
[2024-10-26 09:24:44,789] {logging_mixin.py:115} INFO - [2024-10-26 09:24:44,789] {manager.py:508} INFO - Created Permission View: can read on DAG:example_trigger_target_dag
[2024-10-26 09:24:44,798] {logging_mixin.py:115} INFO - [2024-10-26 09:24:44,798] {manager.py:508} INFO - Created Permission View: can delete on DAG:example_trigger_target_dag
[2024-10-26 09:24:44,798] {logging_mixin.py:115} INFO - [2024-10-26 09:24:44,798] {dag.py:2379} INFO - Sync 1 DAGs
[2024-10-26 09:24:44,803] {logging_mixin.py:115} INFO - [2024-10-26 09:24:44,802] {dag.py:2398} INFO - Creating ORM DAG for example_trigger_target_dag
[2024-10-26 09:24:44,808] {logging_mixin.py:115} INFO - [2024-10-26 09:24:44,807] {dag.py:2927} INFO - Setting next_dagrun for example_trigger_target_dag to None, run_after=None
[2024-10-26 09:24:44,822] {processor.py:161} INFO - Processing /root/Documentos/airflow/venv/lib/python3.9/site-packages/airflow/example_dags/example_trigger_target_dag.py took 0.104 seconds
[2024-10-26 09:25:20,325] {processor.py:153} INFO - Started process (PID=10380) to work on /root/Documentos/airflow/venv/lib/python3.9/site-packages/airflow/example_dags/example_trigger_target_dag.py
[2024-10-26 09:25:20,330] {processor.py:641} INFO - Processing file /root/Documentos/airflow/venv/lib/python3.9/site-packages/airflow/example_dags/example_trigger_target_dag.py for tasks to queue
[2024-10-26 09:25:20,330] {logging_mixin.py:115} INFO - [2024-10-26 09:25:20,330] {dagbag.py:507} INFO - Filling up the DagBag from /root/Documentos/airflow/venv/lib/python3.9/site-packages/airflow/example_dags/example_trigger_target_dag.py
[2024-10-26 09:25:20,339] {processor.py:651} INFO - DAG(s) dict_keys(['example_trigger_target_dag']) retrieved from /root/Documentos/airflow/venv/lib/python3.9/site-packages/airflow/example_dags/example_trigger_target_dag.py
[2024-10-26 09:25:20,346] {logging_mixin.py:115} INFO - [2024-10-26 09:25:20,346] {dag.py:2379} INFO - Sync 1 DAGs
[2024-10-26 09:25:20,356] {logging_mixin.py:115} INFO - [2024-10-26 09:25:20,356] {dag.py:2927} INFO - Setting next_dagrun for example_trigger_target_dag to None, run_after=None
[2024-10-26 09:25:20,369] {processor.py:161} INFO - Processing /root/Documentos/airflow/venv/lib/python3.9/site-packages/airflow/example_dags/example_trigger_target_dag.py took 0.045 seconds
[2024-10-26 09:25:51,913] {processor.py:153} INFO - Started process (PID=10535) to work on /root/Documentos/airflow/venv/lib/python3.9/site-packages/airflow/example_dags/example_trigger_target_dag.py
[2024-10-26 09:25:51,920] {processor.py:641} INFO - Processing file /root/Documentos/airflow/venv/lib/python3.9/site-packages/airflow/example_dags/example_trigger_target_dag.py for tasks to queue
[2024-10-26 09:25:51,921] {logging_mixin.py:115} INFO - [2024-10-26 09:25:51,921] {dagbag.py:507} INFO - Filling up the DagBag from /root/Documentos/airflow/venv/lib/python3.9/site-packages/airflow/example_dags/example_trigger_target_dag.py
[2024-10-26 09:25:51,930] {processor.py:651} INFO - DAG(s) dict_keys(['example_trigger_target_dag']) retrieved from /root/Documentos/airflow/venv/lib/python3.9/site-packages/airflow/example_dags/example_trigger_target_dag.py
[2024-10-26 09:25:51,937] {logging_mixin.py:115} INFO - [2024-10-26 09:25:51,937] {dag.py:2379} INFO - Sync 1 DAGs
[2024-10-26 09:25:51,948] {logging_mixin.py:115} INFO - [2024-10-26 09:25:51,948] {dag.py:2927} INFO - Setting next_dagrun for example_trigger_target_dag to None, run_after=None
[2024-10-26 09:25:51,961] {processor.py:161} INFO - Processing /root/Documentos/airflow/venv/lib/python3.9/site-packages/airflow/example_dags/example_trigger_target_dag.py took 0.050 seconds
[2024-10-26 09:26:26,909] {processor.py:153} INFO - Started process (PID=10703) to work on /root/Documentos/airflow/venv/lib/python3.9/site-packages/airflow/example_dags/example_trigger_target_dag.py
[2024-10-26 09:26:26,916] {processor.py:641} INFO - Processing file /root/Documentos/airflow/venv/lib/python3.9/site-packages/airflow/example_dags/example_trigger_target_dag.py for tasks to queue
[2024-10-26 09:26:26,916] {logging_mixin.py:115} INFO - [2024-10-26 09:26:26,916] {dagbag.py:507} INFO - Filling up the DagBag from /root/Documentos/airflow/venv/lib/python3.9/site-packages/airflow/example_dags/example_trigger_target_dag.py
[2024-10-26 09:26:26,924] {processor.py:651} INFO - DAG(s) dict_keys(['example_trigger_target_dag']) retrieved from /root/Documentos/airflow/venv/lib/python3.9/site-packages/airflow/example_dags/example_trigger_target_dag.py
[2024-10-26 09:26:26,931] {logging_mixin.py:115} INFO - [2024-10-26 09:26:26,931] {dag.py:2379} INFO - Sync 1 DAGs
[2024-10-26 09:26:26,941] {logging_mixin.py:115} INFO - [2024-10-26 09:26:26,941] {dag.py:2927} INFO - Setting next_dagrun for example_trigger_target_dag to None, run_after=None
[2024-10-26 09:26:26,954] {processor.py:161} INFO - Processing /root/Documentos/airflow/venv/lib/python3.9/site-packages/airflow/example_dags/example_trigger_target_dag.py took 0.047 seconds
[2024-10-26 09:26:59,133] {processor.py:153} INFO - Started process (PID=10860) to work on /root/Documentos/airflow/venv/lib/python3.9/site-packages/airflow/example_dags/example_trigger_target_dag.py
[2024-10-26 09:26:59,134] {processor.py:641} INFO - Processing file /root/Documentos/airflow/venv/lib/python3.9/site-packages/airflow/example_dags/example_trigger_target_dag.py for tasks to queue
[2024-10-26 09:26:59,135] {logging_mixin.py:115} INFO - [2024-10-26 09:26:59,135] {dagbag.py:507} INFO - Filling up the DagBag from /root/Documentos/airflow/venv/lib/python3.9/site-packages/airflow/example_dags/example_trigger_target_dag.py
[2024-10-26 09:26:59,143] {processor.py:651} INFO - DAG(s) dict_keys(['example_trigger_target_dag']) retrieved from /root/Documentos/airflow/venv/lib/python3.9/site-packages/airflow/example_dags/example_trigger_target_dag.py
[2024-10-26 09:26:59,150] {logging_mixin.py:115} INFO - [2024-10-26 09:26:59,150] {dag.py:2379} INFO - Sync 1 DAGs
[2024-10-26 09:26:59,161] {logging_mixin.py:115} INFO - [2024-10-26 09:26:59,161] {dag.py:2927} INFO - Setting next_dagrun for example_trigger_target_dag to None, run_after=None
[2024-10-26 09:26:59,174] {processor.py:161} INFO - Processing /root/Documentos/airflow/venv/lib/python3.9/site-packages/airflow/example_dags/example_trigger_target_dag.py took 0.043 seconds
[2024-10-26 09:27:32,417] {processor.py:153} INFO - Started process (PID=11022) to work on /root/Documentos/airflow/venv/lib/python3.9/site-packages/airflow/example_dags/example_trigger_target_dag.py
[2024-10-26 09:27:32,418] {processor.py:641} INFO - Processing file /root/Documentos/airflow/venv/lib/python3.9/site-packages/airflow/example_dags/example_trigger_target_dag.py for tasks to queue
[2024-10-26 09:27:32,419] {logging_mixin.py:115} INFO - [2024-10-26 09:27:32,419] {dagbag.py:507} INFO - Filling up the DagBag from /root/Documentos/airflow/venv/lib/python3.9/site-packages/airflow/example_dags/example_trigger_target_dag.py
[2024-10-26 09:27:32,427] {processor.py:651} INFO - DAG(s) dict_keys(['example_trigger_target_dag']) retrieved from /root/Documentos/airflow/venv/lib/python3.9/site-packages/airflow/example_dags/example_trigger_target_dag.py
[2024-10-26 09:27:32,436] {logging_mixin.py:115} INFO - [2024-10-26 09:27:32,436] {dag.py:2379} INFO - Sync 1 DAGs
[2024-10-26 09:27:32,446] {logging_mixin.py:115} INFO - [2024-10-26 09:27:32,446] {dag.py:2927} INFO - Setting next_dagrun for example_trigger_target_dag to None, run_after=None
[2024-10-26 09:27:32,458] {processor.py:161} INFO - Processing /root/Documentos/airflow/venv/lib/python3.9/site-packages/airflow/example_dags/example_trigger_target_dag.py took 0.043 seconds
[2024-10-26 09:28:06,319] {processor.py:153} INFO - Started process (PID=11191) to work on /root/Documentos/airflow/venv/lib/python3.9/site-packages/airflow/example_dags/example_trigger_target_dag.py
[2024-10-26 09:28:06,324] {processor.py:641} INFO - Processing file /root/Documentos/airflow/venv/lib/python3.9/site-packages/airflow/example_dags/example_trigger_target_dag.py for tasks to queue
[2024-10-26 09:28:06,324] {logging_mixin.py:115} INFO - [2024-10-26 09:28:06,324] {dagbag.py:507} INFO - Filling up the DagBag from /root/Documentos/airflow/venv/lib/python3.9/site-packages/airflow/example_dags/example_trigger_target_dag.py
[2024-10-26 09:28:06,332] {processor.py:651} INFO - DAG(s) dict_keys(['example_trigger_target_dag']) retrieved from /root/Documentos/airflow/venv/lib/python3.9/site-packages/airflow/example_dags/example_trigger_target_dag.py
[2024-10-26 09:28:06,340] {logging_mixin.py:115} INFO - [2024-10-26 09:28:06,340] {dag.py:2379} INFO - Sync 1 DAGs
[2024-10-26 09:28:06,351] {logging_mixin.py:115} INFO - [2024-10-26 09:28:06,351] {dag.py:2927} INFO - Setting next_dagrun for example_trigger_target_dag to None, run_after=None
[2024-10-26 09:28:06,363] {processor.py:161} INFO - Processing /root/Documentos/airflow/venv/lib/python3.9/site-packages/airflow/example_dags/example_trigger_target_dag.py took 0.045 seconds
[2024-10-26 09:28:39,050] {processor.py:153} INFO - Started process (PID=11355) to work on /root/Documentos/airflow/venv/lib/python3.9/site-packages/airflow/example_dags/example_trigger_target_dag.py
[2024-10-26 09:28:39,051] {processor.py:641} INFO - Processing file /root/Documentos/airflow/venv/lib/python3.9/site-packages/airflow/example_dags/example_trigger_target_dag.py for tasks to queue
[2024-10-26 09:28:39,051] {logging_mixin.py:115} INFO - [2024-10-26 09:28:39,051] {dagbag.py:507} INFO - Filling up the DagBag from /root/Documentos/airflow/venv/lib/python3.9/site-packages/airflow/example_dags/example_trigger_target_dag.py
[2024-10-26 09:28:39,061] {processor.py:651} INFO - DAG(s) dict_keys(['example_trigger_target_dag']) retrieved from /root/Documentos/airflow/venv/lib/python3.9/site-packages/airflow/example_dags/example_trigger_target_dag.py
[2024-10-26 09:28:39,069] {logging_mixin.py:115} INFO - [2024-10-26 09:28:39,069] {dag.py:2379} INFO - Sync 1 DAGs
[2024-10-26 09:28:39,081] {logging_mixin.py:115} INFO - [2024-10-26 09:28:39,081] {dag.py:2927} INFO - Setting next_dagrun for example_trigger_target_dag to None, run_after=None
[2024-10-26 09:28:39,093] {processor.py:161} INFO - Processing /root/Documentos/airflow/venv/lib/python3.9/site-packages/airflow/example_dags/example_trigger_target_dag.py took 0.045 seconds
[2024-10-26 09:38:00,791] {processor.py:153} INFO - Started process (PID=999) to work on /root/Documentos/airflow/venv/lib/python3.9/site-packages/airflow/example_dags/example_trigger_target_dag.py
[2024-10-26 09:38:00,792] {processor.py:641} INFO - Processing file /root/Documentos/airflow/venv/lib/python3.9/site-packages/airflow/example_dags/example_trigger_target_dag.py for tasks to queue
[2024-10-26 09:38:00,793] {logging_mixin.py:115} INFO - [2024-10-26 09:38:00,793] {dagbag.py:507} INFO - Filling up the DagBag from /root/Documentos/airflow/venv/lib/python3.9/site-packages/airflow/example_dags/example_trigger_target_dag.py
[2024-10-26 09:38:00,801] {processor.py:651} INFO - DAG(s) dict_keys(['example_trigger_target_dag']) retrieved from /root/Documentos/airflow/venv/lib/python3.9/site-packages/airflow/example_dags/example_trigger_target_dag.py
[2024-10-26 09:38:00,811] {logging_mixin.py:115} INFO - [2024-10-26 09:38:00,811] {dag.py:2379} INFO - Sync 1 DAGs
[2024-10-26 09:38:00,822] {logging_mixin.py:115} INFO - [2024-10-26 09:38:00,822] {dag.py:2927} INFO - Setting next_dagrun for example_trigger_target_dag to None, run_after=None
[2024-10-26 09:38:00,833] {processor.py:161} INFO - Processing /root/Documentos/airflow/venv/lib/python3.9/site-packages/airflow/example_dags/example_trigger_target_dag.py took 0.044 seconds
[2024-10-26 09:38:32,304] {processor.py:153} INFO - Started process (PID=1156) to work on /root/Documentos/airflow/venv/lib/python3.9/site-packages/airflow/example_dags/example_trigger_target_dag.py
[2024-10-26 09:38:32,309] {processor.py:641} INFO - Processing file /root/Documentos/airflow/venv/lib/python3.9/site-packages/airflow/example_dags/example_trigger_target_dag.py for tasks to queue
[2024-10-26 09:38:32,309] {logging_mixin.py:115} INFO - [2024-10-26 09:38:32,309] {dagbag.py:507} INFO - Filling up the DagBag from /root/Documentos/airflow/venv/lib/python3.9/site-packages/airflow/example_dags/example_trigger_target_dag.py
[2024-10-26 09:38:32,318] {processor.py:651} INFO - DAG(s) dict_keys(['example_trigger_target_dag']) retrieved from /root/Documentos/airflow/venv/lib/python3.9/site-packages/airflow/example_dags/example_trigger_target_dag.py
[2024-10-26 09:38:32,327] {logging_mixin.py:115} INFO - [2024-10-26 09:38:32,327] {dag.py:2379} INFO - Sync 1 DAGs
[2024-10-26 09:38:32,336] {logging_mixin.py:115} INFO - [2024-10-26 09:38:32,336] {dag.py:2927} INFO - Setting next_dagrun for example_trigger_target_dag to None, run_after=None
[2024-10-26 09:38:32,350] {processor.py:161} INFO - Processing /root/Documentos/airflow/venv/lib/python3.9/site-packages/airflow/example_dags/example_trigger_target_dag.py took 0.048 seconds
[2024-10-26 09:39:07,130] {processor.py:153} INFO - Started process (PID=1327) to work on /root/Documentos/airflow/venv/lib/python3.9/site-packages/airflow/example_dags/example_trigger_target_dag.py
[2024-10-26 09:39:07,135] {processor.py:641} INFO - Processing file /root/Documentos/airflow/venv/lib/python3.9/site-packages/airflow/example_dags/example_trigger_target_dag.py for tasks to queue
[2024-10-26 09:39:07,135] {logging_mixin.py:115} INFO - [2024-10-26 09:39:07,135] {dagbag.py:507} INFO - Filling up the DagBag from /root/Documentos/airflow/venv/lib/python3.9/site-packages/airflow/example_dags/example_trigger_target_dag.py
[2024-10-26 09:39:07,144] {processor.py:651} INFO - DAG(s) dict_keys(['example_trigger_target_dag']) retrieved from /root/Documentos/airflow/venv/lib/python3.9/site-packages/airflow/example_dags/example_trigger_target_dag.py
[2024-10-26 09:39:07,155] {logging_mixin.py:115} INFO - [2024-10-26 09:39:07,155] {dag.py:2379} INFO - Sync 1 DAGs
[2024-10-26 09:39:07,165] {logging_mixin.py:115} INFO - [2024-10-26 09:39:07,164] {dag.py:2927} INFO - Setting next_dagrun for example_trigger_target_dag to None, run_after=None
[2024-10-26 09:39:07,176] {processor.py:161} INFO - Processing /root/Documentos/airflow/venv/lib/python3.9/site-packages/airflow/example_dags/example_trigger_target_dag.py took 0.048 seconds
[2024-10-26 09:39:40,146] {processor.py:153} INFO - Started process (PID=1487) to work on /root/Documentos/airflow/venv/lib/python3.9/site-packages/airflow/example_dags/example_trigger_target_dag.py
[2024-10-26 09:39:40,148] {processor.py:641} INFO - Processing file /root/Documentos/airflow/venv/lib/python3.9/site-packages/airflow/example_dags/example_trigger_target_dag.py for tasks to queue
[2024-10-26 09:39:40,148] {logging_mixin.py:115} INFO - [2024-10-26 09:39:40,148] {dagbag.py:507} INFO - Filling up the DagBag from /root/Documentos/airflow/venv/lib/python3.9/site-packages/airflow/example_dags/example_trigger_target_dag.py
[2024-10-26 09:39:40,156] {processor.py:651} INFO - DAG(s) dict_keys(['example_trigger_target_dag']) retrieved from /root/Documentos/airflow/venv/lib/python3.9/site-packages/airflow/example_dags/example_trigger_target_dag.py
[2024-10-26 09:39:40,165] {logging_mixin.py:115} INFO - [2024-10-26 09:39:40,165] {dag.py:2379} INFO - Sync 1 DAGs
[2024-10-26 09:39:40,174] {logging_mixin.py:115} INFO - [2024-10-26 09:39:40,174] {dag.py:2927} INFO - Setting next_dagrun for example_trigger_target_dag to None, run_after=None
[2024-10-26 09:39:40,185] {processor.py:161} INFO - Processing /root/Documentos/airflow/venv/lib/python3.9/site-packages/airflow/example_dags/example_trigger_target_dag.py took 0.041 seconds
[2024-10-26 09:40:14,243] {processor.py:153} INFO - Started process (PID=1652) to work on /root/Documentos/airflow/venv/lib/python3.9/site-packages/airflow/example_dags/example_trigger_target_dag.py
[2024-10-26 09:40:14,244] {processor.py:641} INFO - Processing file /root/Documentos/airflow/venv/lib/python3.9/site-packages/airflow/example_dags/example_trigger_target_dag.py for tasks to queue
[2024-10-26 09:40:14,245] {logging_mixin.py:115} INFO - [2024-10-26 09:40:14,245] {dagbag.py:507} INFO - Filling up the DagBag from /root/Documentos/airflow/venv/lib/python3.9/site-packages/airflow/example_dags/example_trigger_target_dag.py
[2024-10-26 09:40:14,254] {processor.py:651} INFO - DAG(s) dict_keys(['example_trigger_target_dag']) retrieved from /root/Documentos/airflow/venv/lib/python3.9/site-packages/airflow/example_dags/example_trigger_target_dag.py
[2024-10-26 09:40:14,263] {logging_mixin.py:115} INFO - [2024-10-26 09:40:14,263] {dag.py:2379} INFO - Sync 1 DAGs
[2024-10-26 09:40:14,273] {logging_mixin.py:115} INFO - [2024-10-26 09:40:14,273] {dag.py:2927} INFO - Setting next_dagrun for example_trigger_target_dag to None, run_after=None
[2024-10-26 09:40:14,286] {processor.py:161} INFO - Processing /root/Documentos/airflow/venv/lib/python3.9/site-packages/airflow/example_dags/example_trigger_target_dag.py took 0.044 seconds
[2024-10-26 09:40:48,723] {processor.py:153} INFO - Started process (PID=1818) to work on /root/Documentos/airflow/venv/lib/python3.9/site-packages/airflow/example_dags/example_trigger_target_dag.py
[2024-10-26 09:40:48,729] {processor.py:641} INFO - Processing file /root/Documentos/airflow/venv/lib/python3.9/site-packages/airflow/example_dags/example_trigger_target_dag.py for tasks to queue
[2024-10-26 09:40:48,729] {logging_mixin.py:115} INFO - [2024-10-26 09:40:48,729] {dagbag.py:507} INFO - Filling up the DagBag from /root/Documentos/airflow/venv/lib/python3.9/site-packages/airflow/example_dags/example_trigger_target_dag.py
[2024-10-26 09:40:48,737] {processor.py:651} INFO - DAG(s) dict_keys(['example_trigger_target_dag']) retrieved from /root/Documentos/airflow/venv/lib/python3.9/site-packages/airflow/example_dags/example_trigger_target_dag.py
[2024-10-26 09:40:48,746] {logging_mixin.py:115} INFO - [2024-10-26 09:40:48,746] {dag.py:2379} INFO - Sync 1 DAGs
[2024-10-26 09:40:48,755] {logging_mixin.py:115} INFO - [2024-10-26 09:40:48,755] {dag.py:2927} INFO - Setting next_dagrun for example_trigger_target_dag to None, run_after=None
[2024-10-26 09:40:48,770] {processor.py:161} INFO - Processing /root/Documentos/airflow/venv/lib/python3.9/site-packages/airflow/example_dags/example_trigger_target_dag.py took 0.048 seconds
[2024-10-26 09:41:21,438] {processor.py:153} INFO - Started process (PID=1978) to work on /root/Documentos/airflow/venv/lib/python3.9/site-packages/airflow/example_dags/example_trigger_target_dag.py
[2024-10-26 09:41:21,443] {processor.py:641} INFO - Processing file /root/Documentos/airflow/venv/lib/python3.9/site-packages/airflow/example_dags/example_trigger_target_dag.py for tasks to queue
[2024-10-26 09:41:21,444] {logging_mixin.py:115} INFO - [2024-10-26 09:41:21,444] {dagbag.py:507} INFO - Filling up the DagBag from /root/Documentos/airflow/venv/lib/python3.9/site-packages/airflow/example_dags/example_trigger_target_dag.py
[2024-10-26 09:41:21,452] {processor.py:651} INFO - DAG(s) dict_keys(['example_trigger_target_dag']) retrieved from /root/Documentos/airflow/venv/lib/python3.9/site-packages/airflow/example_dags/example_trigger_target_dag.py
[2024-10-26 09:41:21,461] {logging_mixin.py:115} INFO - [2024-10-26 09:41:21,461] {dag.py:2379} INFO - Sync 1 DAGs
[2024-10-26 09:41:21,470] {logging_mixin.py:115} INFO - [2024-10-26 09:41:21,470] {dag.py:2927} INFO - Setting next_dagrun for example_trigger_target_dag to None, run_after=None
[2024-10-26 09:41:21,484] {processor.py:161} INFO - Processing /root/Documentos/airflow/venv/lib/python3.9/site-packages/airflow/example_dags/example_trigger_target_dag.py took 0.048 seconds
[2024-10-26 09:41:56,053] {processor.py:153} INFO - Started process (PID=2144) to work on /root/Documentos/airflow/venv/lib/python3.9/site-packages/airflow/example_dags/example_trigger_target_dag.py
[2024-10-26 09:41:56,060] {processor.py:641} INFO - Processing file /root/Documentos/airflow/venv/lib/python3.9/site-packages/airflow/example_dags/example_trigger_target_dag.py for tasks to queue
[2024-10-26 09:41:56,061] {logging_mixin.py:115} INFO - [2024-10-26 09:41:56,061] {dagbag.py:507} INFO - Filling up the DagBag from /root/Documentos/airflow/venv/lib/python3.9/site-packages/airflow/example_dags/example_trigger_target_dag.py
[2024-10-26 09:41:56,069] {processor.py:651} INFO - DAG(s) dict_keys(['example_trigger_target_dag']) retrieved from /root/Documentos/airflow/venv/lib/python3.9/site-packages/airflow/example_dags/example_trigger_target_dag.py
[2024-10-26 09:41:56,078] {logging_mixin.py:115} INFO - [2024-10-26 09:41:56,078] {dag.py:2379} INFO - Sync 1 DAGs
[2024-10-26 09:41:56,088] {logging_mixin.py:115} INFO - [2024-10-26 09:41:56,088] {dag.py:2927} INFO - Setting next_dagrun for example_trigger_target_dag to None, run_after=None
[2024-10-26 09:41:56,100] {processor.py:161} INFO - Processing /root/Documentos/airflow/venv/lib/python3.9/site-packages/airflow/example_dags/example_trigger_target_dag.py took 0.048 seconds
[2024-10-26 09:42:29,553] {processor.py:153} INFO - Started process (PID=2306) to work on /root/Documentos/airflow/venv/lib/python3.9/site-packages/airflow/example_dags/example_trigger_target_dag.py
[2024-10-26 09:42:29,554] {processor.py:641} INFO - Processing file /root/Documentos/airflow/venv/lib/python3.9/site-packages/airflow/example_dags/example_trigger_target_dag.py for tasks to queue
[2024-10-26 09:42:29,555] {logging_mixin.py:115} INFO - [2024-10-26 09:42:29,555] {dagbag.py:507} INFO - Filling up the DagBag from /root/Documentos/airflow/venv/lib/python3.9/site-packages/airflow/example_dags/example_trigger_target_dag.py
[2024-10-26 09:42:29,563] {processor.py:651} INFO - DAG(s) dict_keys(['example_trigger_target_dag']) retrieved from /root/Documentos/airflow/venv/lib/python3.9/site-packages/airflow/example_dags/example_trigger_target_dag.py
[2024-10-26 09:42:29,572] {logging_mixin.py:115} INFO - [2024-10-26 09:42:29,572] {dag.py:2379} INFO - Sync 1 DAGs
[2024-10-26 09:42:29,581] {logging_mixin.py:115} INFO - [2024-10-26 09:42:29,581] {dag.py:2927} INFO - Setting next_dagrun for example_trigger_target_dag to None, run_after=None
[2024-10-26 09:42:29,593] {processor.py:161} INFO - Processing /root/Documentos/airflow/venv/lib/python3.9/site-packages/airflow/example_dags/example_trigger_target_dag.py took 0.042 seconds
[2024-10-26 09:43:01,024] {processor.py:153} INFO - Started process (PID=2460) to work on /root/Documentos/airflow/venv/lib/python3.9/site-packages/airflow/example_dags/example_trigger_target_dag.py
[2024-10-26 09:43:01,024] {processor.py:641} INFO - Processing file /root/Documentos/airflow/venv/lib/python3.9/site-packages/airflow/example_dags/example_trigger_target_dag.py for tasks to queue
[2024-10-26 09:43:01,024] {logging_mixin.py:115} INFO - [2024-10-26 09:43:01,024] {dagbag.py:507} INFO - Filling up the DagBag from /root/Documentos/airflow/venv/lib/python3.9/site-packages/airflow/example_dags/example_trigger_target_dag.py
[2024-10-26 09:43:01,032] {processor.py:651} INFO - DAG(s) dict_keys(['example_trigger_target_dag']) retrieved from /root/Documentos/airflow/venv/lib/python3.9/site-packages/airflow/example_dags/example_trigger_target_dag.py
[2024-10-26 09:43:01,041] {logging_mixin.py:115} INFO - [2024-10-26 09:43:01,041] {dag.py:2379} INFO - Sync 1 DAGs
[2024-10-26 09:43:01,051] {logging_mixin.py:115} INFO - [2024-10-26 09:43:01,051] {dag.py:2927} INFO - Setting next_dagrun for example_trigger_target_dag to None, run_after=None
[2024-10-26 09:43:01,062] {processor.py:161} INFO - Processing /root/Documentos/airflow/venv/lib/python3.9/site-packages/airflow/example_dags/example_trigger_target_dag.py took 0.039 seconds
[2024-10-26 09:43:35,989] {processor.py:153} INFO - Started process (PID=2628) to work on /root/Documentos/airflow/venv/lib/python3.9/site-packages/airflow/example_dags/example_trigger_target_dag.py
[2024-10-26 09:43:35,995] {processor.py:641} INFO - Processing file /root/Documentos/airflow/venv/lib/python3.9/site-packages/airflow/example_dags/example_trigger_target_dag.py for tasks to queue
[2024-10-26 09:43:35,995] {logging_mixin.py:115} INFO - [2024-10-26 09:43:35,995] {dagbag.py:507} INFO - Filling up the DagBag from /root/Documentos/airflow/venv/lib/python3.9/site-packages/airflow/example_dags/example_trigger_target_dag.py
[2024-10-26 09:43:36,004] {processor.py:651} INFO - DAG(s) dict_keys(['example_trigger_target_dag']) retrieved from /root/Documentos/airflow/venv/lib/python3.9/site-packages/airflow/example_dags/example_trigger_target_dag.py
[2024-10-26 09:43:36,013] {logging_mixin.py:115} INFO - [2024-10-26 09:43:36,013] {dag.py:2379} INFO - Sync 1 DAGs
[2024-10-26 09:43:36,022] {logging_mixin.py:115} INFO - [2024-10-26 09:43:36,021] {dag.py:2927} INFO - Setting next_dagrun for example_trigger_target_dag to None, run_after=None
[2024-10-26 09:43:36,034] {processor.py:161} INFO - Processing /root/Documentos/airflow/venv/lib/python3.9/site-packages/airflow/example_dags/example_trigger_target_dag.py took 0.046 seconds
[2024-10-26 09:44:08,411] {processor.py:153} INFO - Started process (PID=2786) to work on /root/Documentos/airflow/venv/lib/python3.9/site-packages/airflow/example_dags/example_trigger_target_dag.py
[2024-10-26 09:44:08,412] {processor.py:641} INFO - Processing file /root/Documentos/airflow/venv/lib/python3.9/site-packages/airflow/example_dags/example_trigger_target_dag.py for tasks to queue
[2024-10-26 09:44:08,412] {logging_mixin.py:115} INFO - [2024-10-26 09:44:08,412] {dagbag.py:507} INFO - Filling up the DagBag from /root/Documentos/airflow/venv/lib/python3.9/site-packages/airflow/example_dags/example_trigger_target_dag.py
[2024-10-26 09:44:08,421] {processor.py:651} INFO - DAG(s) dict_keys(['example_trigger_target_dag']) retrieved from /root/Documentos/airflow/venv/lib/python3.9/site-packages/airflow/example_dags/example_trigger_target_dag.py
[2024-10-26 09:44:08,430] {logging_mixin.py:115} INFO - [2024-10-26 09:44:08,430] {dag.py:2379} INFO - Sync 1 DAGs
[2024-10-26 09:44:08,439] {logging_mixin.py:115} INFO - [2024-10-26 09:44:08,439] {dag.py:2927} INFO - Setting next_dagrun for example_trigger_target_dag to None, run_after=None
[2024-10-26 09:44:08,452] {processor.py:161} INFO - Processing /root/Documentos/airflow/venv/lib/python3.9/site-packages/airflow/example_dags/example_trigger_target_dag.py took 0.042 seconds
[2024-10-26 09:44:41,898] {processor.py:153} INFO - Started process (PID=2948) to work on /root/Documentos/airflow/venv/lib/python3.9/site-packages/airflow/example_dags/example_trigger_target_dag.py
[2024-10-26 09:44:41,898] {processor.py:641} INFO - Processing file /root/Documentos/airflow/venv/lib/python3.9/site-packages/airflow/example_dags/example_trigger_target_dag.py for tasks to queue
[2024-10-26 09:44:41,898] {logging_mixin.py:115} INFO - [2024-10-26 09:44:41,898] {dagbag.py:507} INFO - Filling up the DagBag from /root/Documentos/airflow/venv/lib/python3.9/site-packages/airflow/example_dags/example_trigger_target_dag.py
[2024-10-26 09:44:41,907] {processor.py:651} INFO - DAG(s) dict_keys(['example_trigger_target_dag']) retrieved from /root/Documentos/airflow/venv/lib/python3.9/site-packages/airflow/example_dags/example_trigger_target_dag.py
[2024-10-26 09:44:41,917] {logging_mixin.py:115} INFO - [2024-10-26 09:44:41,917] {dag.py:2379} INFO - Sync 1 DAGs
[2024-10-26 09:44:41,927] {logging_mixin.py:115} INFO - [2024-10-26 09:44:41,927] {dag.py:2927} INFO - Setting next_dagrun for example_trigger_target_dag to None, run_after=None
[2024-10-26 09:44:41,938] {processor.py:161} INFO - Processing /root/Documentos/airflow/venv/lib/python3.9/site-packages/airflow/example_dags/example_trigger_target_dag.py took 0.042 seconds
[2024-10-26 09:45:14,869] {processor.py:153} INFO - Started process (PID=3108) to work on /root/Documentos/airflow/venv/lib/python3.9/site-packages/airflow/example_dags/example_trigger_target_dag.py
[2024-10-26 09:45:14,870] {processor.py:641} INFO - Processing file /root/Documentos/airflow/venv/lib/python3.9/site-packages/airflow/example_dags/example_trigger_target_dag.py for tasks to queue
[2024-10-26 09:45:14,870] {logging_mixin.py:115} INFO - [2024-10-26 09:45:14,870] {dagbag.py:507} INFO - Filling up the DagBag from /root/Documentos/airflow/venv/lib/python3.9/site-packages/airflow/example_dags/example_trigger_target_dag.py
[2024-10-26 09:45:14,878] {processor.py:651} INFO - DAG(s) dict_keys(['example_trigger_target_dag']) retrieved from /root/Documentos/airflow/venv/lib/python3.9/site-packages/airflow/example_dags/example_trigger_target_dag.py
[2024-10-26 09:45:14,887] {logging_mixin.py:115} INFO - [2024-10-26 09:45:14,887] {dag.py:2379} INFO - Sync 1 DAGs
[2024-10-26 09:45:14,896] {logging_mixin.py:115} INFO - [2024-10-26 09:45:14,896] {dag.py:2927} INFO - Setting next_dagrun for example_trigger_target_dag to None, run_after=None
[2024-10-26 09:45:14,909] {processor.py:161} INFO - Processing /root/Documentos/airflow/venv/lib/python3.9/site-packages/airflow/example_dags/example_trigger_target_dag.py took 0.042 seconds
[2024-10-26 09:45:49,039] {processor.py:153} INFO - Started process (PID=3272) to work on /root/Documentos/airflow/venv/lib/python3.9/site-packages/airflow/example_dags/example_trigger_target_dag.py
[2024-10-26 09:45:49,039] {processor.py:641} INFO - Processing file /root/Documentos/airflow/venv/lib/python3.9/site-packages/airflow/example_dags/example_trigger_target_dag.py for tasks to queue
[2024-10-26 09:45:49,039] {logging_mixin.py:115} INFO - [2024-10-26 09:45:49,039] {dagbag.py:507} INFO - Filling up the DagBag from /root/Documentos/airflow/venv/lib/python3.9/site-packages/airflow/example_dags/example_trigger_target_dag.py
[2024-10-26 09:45:49,056] {processor.py:651} INFO - DAG(s) dict_keys(['example_trigger_target_dag']) retrieved from /root/Documentos/airflow/venv/lib/python3.9/site-packages/airflow/example_dags/example_trigger_target_dag.py
[2024-10-26 09:45:49,065] {logging_mixin.py:115} INFO - [2024-10-26 09:45:49,065] {dag.py:2379} INFO - Sync 1 DAGs
[2024-10-26 09:45:49,074] {logging_mixin.py:115} INFO - [2024-10-26 09:45:49,074] {dag.py:2927} INFO - Setting next_dagrun for example_trigger_target_dag to None, run_after=None
[2024-10-26 09:45:49,087] {processor.py:161} INFO - Processing /root/Documentos/airflow/venv/lib/python3.9/site-packages/airflow/example_dags/example_trigger_target_dag.py took 0.050 seconds
[2024-10-26 09:46:21,637] {processor.py:153} INFO - Started process (PID=3431) to work on /root/Documentos/airflow/venv/lib/python3.9/site-packages/airflow/example_dags/example_trigger_target_dag.py
[2024-10-26 09:46:21,642] {processor.py:641} INFO - Processing file /root/Documentos/airflow/venv/lib/python3.9/site-packages/airflow/example_dags/example_trigger_target_dag.py for tasks to queue
[2024-10-26 09:46:21,643] {logging_mixin.py:115} INFO - [2024-10-26 09:46:21,642] {dagbag.py:507} INFO - Filling up the DagBag from /root/Documentos/airflow/venv/lib/python3.9/site-packages/airflow/example_dags/example_trigger_target_dag.py
[2024-10-26 09:46:21,652] {processor.py:651} INFO - DAG(s) dict_keys(['example_trigger_target_dag']) retrieved from /root/Documentos/airflow/venv/lib/python3.9/site-packages/airflow/example_dags/example_trigger_target_dag.py
[2024-10-26 09:46:21,661] {logging_mixin.py:115} INFO - [2024-10-26 09:46:21,661] {dag.py:2379} INFO - Sync 1 DAGs
[2024-10-26 09:46:21,670] {logging_mixin.py:115} INFO - [2024-10-26 09:46:21,670] {dag.py:2927} INFO - Setting next_dagrun for example_trigger_target_dag to None, run_after=None
[2024-10-26 09:46:21,682] {processor.py:161} INFO - Processing /root/Documentos/airflow/venv/lib/python3.9/site-packages/airflow/example_dags/example_trigger_target_dag.py took 0.047 seconds
[2024-10-26 09:46:57,215] {processor.py:153} INFO - Started process (PID=3680) to work on /root/Documentos/airflow/venv/lib/python3.9/site-packages/airflow/example_dags/example_trigger_target_dag.py
[2024-10-26 09:46:57,221] {processor.py:641} INFO - Processing file /root/Documentos/airflow/venv/lib/python3.9/site-packages/airflow/example_dags/example_trigger_target_dag.py for tasks to queue
[2024-10-26 09:46:57,221] {logging_mixin.py:115} INFO - [2024-10-26 09:46:57,221] {dagbag.py:507} INFO - Filling up the DagBag from /root/Documentos/airflow/venv/lib/python3.9/site-packages/airflow/example_dags/example_trigger_target_dag.py
[2024-10-26 09:46:57,229] {processor.py:651} INFO - DAG(s) dict_keys(['example_trigger_target_dag']) retrieved from /root/Documentos/airflow/venv/lib/python3.9/site-packages/airflow/example_dags/example_trigger_target_dag.py
[2024-10-26 09:46:57,238] {logging_mixin.py:115} INFO - [2024-10-26 09:46:57,238] {dag.py:2379} INFO - Sync 1 DAGs
[2024-10-26 09:46:57,247] {logging_mixin.py:115} INFO - [2024-10-26 09:46:57,247] {dag.py:2927} INFO - Setting next_dagrun for example_trigger_target_dag to None, run_after=None
[2024-10-26 09:46:57,260] {processor.py:161} INFO - Processing /root/Documentos/airflow/venv/lib/python3.9/site-packages/airflow/example_dags/example_trigger_target_dag.py took 0.046 seconds
[2024-10-26 09:47:30,975] {processor.py:153} INFO - Started process (PID=3844) to work on /root/Documentos/airflow/venv/lib/python3.9/site-packages/airflow/example_dags/example_trigger_target_dag.py
[2024-10-26 09:47:30,976] {processor.py:641} INFO - Processing file /root/Documentos/airflow/venv/lib/python3.9/site-packages/airflow/example_dags/example_trigger_target_dag.py for tasks to queue
[2024-10-26 09:47:30,976] {logging_mixin.py:115} INFO - [2024-10-26 09:47:30,976] {dagbag.py:507} INFO - Filling up the DagBag from /root/Documentos/airflow/venv/lib/python3.9/site-packages/airflow/example_dags/example_trigger_target_dag.py
[2024-10-26 09:47:30,984] {processor.py:651} INFO - DAG(s) dict_keys(['example_trigger_target_dag']) retrieved from /root/Documentos/airflow/venv/lib/python3.9/site-packages/airflow/example_dags/example_trigger_target_dag.py
[2024-10-26 09:47:30,993] {logging_mixin.py:115} INFO - [2024-10-26 09:47:30,993] {dag.py:2379} INFO - Sync 1 DAGs
[2024-10-26 09:47:31,002] {logging_mixin.py:115} INFO - [2024-10-26 09:47:31,002] {dag.py:2927} INFO - Setting next_dagrun for example_trigger_target_dag to None, run_after=None
[2024-10-26 09:47:31,015] {processor.py:161} INFO - Processing /root/Documentos/airflow/venv/lib/python3.9/site-packages/airflow/example_dags/example_trigger_target_dag.py took 0.041 seconds
[2024-10-26 09:48:02,780] {processor.py:153} INFO - Started process (PID=3999) to work on /root/Documentos/airflow/venv/lib/python3.9/site-packages/airflow/example_dags/example_trigger_target_dag.py
[2024-10-26 09:48:02,780] {processor.py:641} INFO - Processing file /root/Documentos/airflow/venv/lib/python3.9/site-packages/airflow/example_dags/example_trigger_target_dag.py for tasks to queue
[2024-10-26 09:48:02,780] {logging_mixin.py:115} INFO - [2024-10-26 09:48:02,780] {dagbag.py:507} INFO - Filling up the DagBag from /root/Documentos/airflow/venv/lib/python3.9/site-packages/airflow/example_dags/example_trigger_target_dag.py
[2024-10-26 09:48:02,788] {processor.py:651} INFO - DAG(s) dict_keys(['example_trigger_target_dag']) retrieved from /root/Documentos/airflow/venv/lib/python3.9/site-packages/airflow/example_dags/example_trigger_target_dag.py
[2024-10-26 09:48:02,797] {logging_mixin.py:115} INFO - [2024-10-26 09:48:02,797] {dag.py:2379} INFO - Sync 1 DAGs
[2024-10-26 09:48:02,806] {logging_mixin.py:115} INFO - [2024-10-26 09:48:02,806] {dag.py:2927} INFO - Setting next_dagrun for example_trigger_target_dag to None, run_after=None
[2024-10-26 09:48:02,819] {processor.py:161} INFO - Processing /root/Documentos/airflow/venv/lib/python3.9/site-packages/airflow/example_dags/example_trigger_target_dag.py took 0.041 seconds
[2024-10-26 09:48:38,651] {processor.py:153} INFO - Started process (PID=4181) to work on /root/Documentos/airflow/venv/lib/python3.9/site-packages/airflow/example_dags/example_trigger_target_dag.py
[2024-10-26 09:48:38,654] {processor.py:641} INFO - Processing file /root/Documentos/airflow/venv/lib/python3.9/site-packages/airflow/example_dags/example_trigger_target_dag.py for tasks to queue
[2024-10-26 09:48:38,655] {logging_mixin.py:115} INFO - [2024-10-26 09:48:38,655] {dagbag.py:507} INFO - Filling up the DagBag from /root/Documentos/airflow/venv/lib/python3.9/site-packages/airflow/example_dags/example_trigger_target_dag.py
[2024-10-26 09:48:38,662] {processor.py:651} INFO - DAG(s) dict_keys(['example_trigger_target_dag']) retrieved from /root/Documentos/airflow/venv/lib/python3.9/site-packages/airflow/example_dags/example_trigger_target_dag.py
[2024-10-26 09:48:38,671] {logging_mixin.py:115} INFO - [2024-10-26 09:48:38,671] {dag.py:2379} INFO - Sync 1 DAGs
[2024-10-26 09:48:38,680] {logging_mixin.py:115} INFO - [2024-10-26 09:48:38,680] {dag.py:2927} INFO - Setting next_dagrun for example_trigger_target_dag to None, run_after=None
[2024-10-26 09:48:38,696] {processor.py:161} INFO - Processing /root/Documentos/airflow/venv/lib/python3.9/site-packages/airflow/example_dags/example_trigger_target_dag.py took 0.046 seconds
[2024-10-26 09:49:11,975] {processor.py:153} INFO - Started process (PID=4342) to work on /root/Documentos/airflow/venv/lib/python3.9/site-packages/airflow/example_dags/example_trigger_target_dag.py
[2024-10-26 09:49:11,975] {processor.py:641} INFO - Processing file /root/Documentos/airflow/venv/lib/python3.9/site-packages/airflow/example_dags/example_trigger_target_dag.py for tasks to queue
[2024-10-26 09:49:11,976] {logging_mixin.py:115} INFO - [2024-10-26 09:49:11,976] {dagbag.py:507} INFO - Filling up the DagBag from /root/Documentos/airflow/venv/lib/python3.9/site-packages/airflow/example_dags/example_trigger_target_dag.py
[2024-10-26 09:49:11,984] {processor.py:651} INFO - DAG(s) dict_keys(['example_trigger_target_dag']) retrieved from /root/Documentos/airflow/venv/lib/python3.9/site-packages/airflow/example_dags/example_trigger_target_dag.py
[2024-10-26 09:49:11,993] {logging_mixin.py:115} INFO - [2024-10-26 09:49:11,993] {dag.py:2379} INFO - Sync 1 DAGs
[2024-10-26 09:49:12,002] {logging_mixin.py:115} INFO - [2024-10-26 09:49:12,002] {dag.py:2927} INFO - Setting next_dagrun for example_trigger_target_dag to None, run_after=None
[2024-10-26 09:49:12,017] {processor.py:161} INFO - Processing /root/Documentos/airflow/venv/lib/python3.9/site-packages/airflow/example_dags/example_trigger_target_dag.py took 0.043 seconds
[2024-10-26 09:49:47,438] {processor.py:153} INFO - Started process (PID=4511) to work on /root/Documentos/airflow/venv/lib/python3.9/site-packages/airflow/example_dags/example_trigger_target_dag.py
[2024-10-26 09:49:47,441] {processor.py:641} INFO - Processing file /root/Documentos/airflow/venv/lib/python3.9/site-packages/airflow/example_dags/example_trigger_target_dag.py for tasks to queue
[2024-10-26 09:49:47,442] {logging_mixin.py:115} INFO - [2024-10-26 09:49:47,442] {dagbag.py:507} INFO - Filling up the DagBag from /root/Documentos/airflow/venv/lib/python3.9/site-packages/airflow/example_dags/example_trigger_target_dag.py
[2024-10-26 09:49:47,450] {processor.py:651} INFO - DAG(s) dict_keys(['example_trigger_target_dag']) retrieved from /root/Documentos/airflow/venv/lib/python3.9/site-packages/airflow/example_dags/example_trigger_target_dag.py
[2024-10-26 09:49:47,459] {logging_mixin.py:115} INFO - [2024-10-26 09:49:47,459] {dag.py:2379} INFO - Sync 1 DAGs
[2024-10-26 09:49:47,467] {logging_mixin.py:115} INFO - [2024-10-26 09:49:47,467] {dag.py:2927} INFO - Setting next_dagrun for example_trigger_target_dag to None, run_after=None
[2024-10-26 09:49:47,483] {processor.py:161} INFO - Processing /root/Documentos/airflow/venv/lib/python3.9/site-packages/airflow/example_dags/example_trigger_target_dag.py took 0.046 seconds
[2024-10-26 09:50:20,771] {processor.py:153} INFO - Started process (PID=4673) to work on /root/Documentos/airflow/venv/lib/python3.9/site-packages/airflow/example_dags/example_trigger_target_dag.py
[2024-10-26 09:50:20,771] {processor.py:641} INFO - Processing file /root/Documentos/airflow/venv/lib/python3.9/site-packages/airflow/example_dags/example_trigger_target_dag.py for tasks to queue
[2024-10-26 09:50:20,772] {logging_mixin.py:115} INFO - [2024-10-26 09:50:20,771] {dagbag.py:507} INFO - Filling up the DagBag from /root/Documentos/airflow/venv/lib/python3.9/site-packages/airflow/example_dags/example_trigger_target_dag.py
[2024-10-26 09:50:20,779] {processor.py:651} INFO - DAG(s) dict_keys(['example_trigger_target_dag']) retrieved from /root/Documentos/airflow/venv/lib/python3.9/site-packages/airflow/example_dags/example_trigger_target_dag.py
[2024-10-26 09:50:20,789] {logging_mixin.py:115} INFO - [2024-10-26 09:50:20,789] {dag.py:2379} INFO - Sync 1 DAGs
[2024-10-26 09:50:20,798] {logging_mixin.py:115} INFO - [2024-10-26 09:50:20,798] {dag.py:2927} INFO - Setting next_dagrun for example_trigger_target_dag to None, run_after=None
[2024-10-26 09:50:20,814] {processor.py:161} INFO - Processing /root/Documentos/airflow/venv/lib/python3.9/site-packages/airflow/example_dags/example_trigger_target_dag.py took 0.044 seconds
[2024-10-26 09:50:52,144] {processor.py:153} INFO - Started process (PID=4824) to work on /root/Documentos/airflow/venv/lib/python3.9/site-packages/airflow/example_dags/example_trigger_target_dag.py
[2024-10-26 09:50:52,146] {processor.py:641} INFO - Processing file /root/Documentos/airflow/venv/lib/python3.9/site-packages/airflow/example_dags/example_trigger_target_dag.py for tasks to queue
[2024-10-26 09:50:52,146] {logging_mixin.py:115} INFO - [2024-10-26 09:50:52,146] {dagbag.py:507} INFO - Filling up the DagBag from /root/Documentos/airflow/venv/lib/python3.9/site-packages/airflow/example_dags/example_trigger_target_dag.py
[2024-10-26 09:50:52,154] {processor.py:651} INFO - DAG(s) dict_keys(['example_trigger_target_dag']) retrieved from /root/Documentos/airflow/venv/lib/python3.9/site-packages/airflow/example_dags/example_trigger_target_dag.py
[2024-10-26 09:50:52,163] {logging_mixin.py:115} INFO - [2024-10-26 09:50:52,163] {dag.py:2379} INFO - Sync 1 DAGs
[2024-10-26 09:50:52,172] {logging_mixin.py:115} INFO - [2024-10-26 09:50:52,172] {dag.py:2927} INFO - Setting next_dagrun for example_trigger_target_dag to None, run_after=None
[2024-10-26 09:50:52,188] {processor.py:161} INFO - Processing /root/Documentos/airflow/venv/lib/python3.9/site-packages/airflow/example_dags/example_trigger_target_dag.py took 0.045 seconds
[2024-10-26 09:51:23,842] {processor.py:153} INFO - Started process (PID=4979) to work on /root/Documentos/airflow/venv/lib/python3.9/site-packages/airflow/example_dags/example_trigger_target_dag.py
[2024-10-26 09:51:23,842] {processor.py:641} INFO - Processing file /root/Documentos/airflow/venv/lib/python3.9/site-packages/airflow/example_dags/example_trigger_target_dag.py for tasks to queue
[2024-10-26 09:51:23,842] {logging_mixin.py:115} INFO - [2024-10-26 09:51:23,842] {dagbag.py:507} INFO - Filling up the DagBag from /root/Documentos/airflow/venv/lib/python3.9/site-packages/airflow/example_dags/example_trigger_target_dag.py
[2024-10-26 09:51:23,850] {processor.py:651} INFO - DAG(s) dict_keys(['example_trigger_target_dag']) retrieved from /root/Documentos/airflow/venv/lib/python3.9/site-packages/airflow/example_dags/example_trigger_target_dag.py
[2024-10-26 09:51:23,859] {logging_mixin.py:115} INFO - [2024-10-26 09:51:23,859] {dag.py:2379} INFO - Sync 1 DAGs
[2024-10-26 09:51:23,868] {logging_mixin.py:115} INFO - [2024-10-26 09:51:23,868] {dag.py:2927} INFO - Setting next_dagrun for example_trigger_target_dag to None, run_after=None
[2024-10-26 09:51:23,884] {processor.py:161} INFO - Processing /root/Documentos/airflow/venv/lib/python3.9/site-packages/airflow/example_dags/example_trigger_target_dag.py took 0.044 seconds
[2024-10-26 09:51:55,419] {processor.py:153} INFO - Started process (PID=5132) to work on /root/Documentos/airflow/venv/lib/python3.9/site-packages/airflow/example_dags/example_trigger_target_dag.py
[2024-10-26 09:51:55,424] {processor.py:641} INFO - Processing file /root/Documentos/airflow/venv/lib/python3.9/site-packages/airflow/example_dags/example_trigger_target_dag.py for tasks to queue
[2024-10-26 09:51:55,424] {logging_mixin.py:115} INFO - [2024-10-26 09:51:55,424] {dagbag.py:507} INFO - Filling up the DagBag from /root/Documentos/airflow/venv/lib/python3.9/site-packages/airflow/example_dags/example_trigger_target_dag.py
[2024-10-26 09:51:55,432] {processor.py:651} INFO - DAG(s) dict_keys(['example_trigger_target_dag']) retrieved from /root/Documentos/airflow/venv/lib/python3.9/site-packages/airflow/example_dags/example_trigger_target_dag.py
[2024-10-26 09:51:55,441] {logging_mixin.py:115} INFO - [2024-10-26 09:51:55,441] {dag.py:2379} INFO - Sync 1 DAGs
[2024-10-26 09:51:55,450] {logging_mixin.py:115} INFO - [2024-10-26 09:51:55,450] {dag.py:2927} INFO - Setting next_dagrun for example_trigger_target_dag to None, run_after=None
[2024-10-26 09:51:55,466] {processor.py:161} INFO - Processing /root/Documentos/airflow/venv/lib/python3.9/site-packages/airflow/example_dags/example_trigger_target_dag.py took 0.048 seconds
[2024-10-26 09:52:28,139] {processor.py:153} INFO - Started process (PID=5292) to work on /root/Documentos/airflow/venv/lib/python3.9/site-packages/airflow/example_dags/example_trigger_target_dag.py
[2024-10-26 09:52:28,139] {processor.py:641} INFO - Processing file /root/Documentos/airflow/venv/lib/python3.9/site-packages/airflow/example_dags/example_trigger_target_dag.py for tasks to queue
[2024-10-26 09:52:28,140] {logging_mixin.py:115} INFO - [2024-10-26 09:52:28,140] {dagbag.py:507} INFO - Filling up the DagBag from /root/Documentos/airflow/venv/lib/python3.9/site-packages/airflow/example_dags/example_trigger_target_dag.py
[2024-10-26 09:52:28,147] {processor.py:651} INFO - DAG(s) dict_keys(['example_trigger_target_dag']) retrieved from /root/Documentos/airflow/venv/lib/python3.9/site-packages/airflow/example_dags/example_trigger_target_dag.py
[2024-10-26 09:52:28,156] {logging_mixin.py:115} INFO - [2024-10-26 09:52:28,156] {dag.py:2379} INFO - Sync 1 DAGs
[2024-10-26 09:52:28,165] {logging_mixin.py:115} INFO - [2024-10-26 09:52:28,165] {dag.py:2927} INFO - Setting next_dagrun for example_trigger_target_dag to None, run_after=None
[2024-10-26 09:52:28,180] {processor.py:161} INFO - Processing /root/Documentos/airflow/venv/lib/python3.9/site-packages/airflow/example_dags/example_trigger_target_dag.py took 0.043 seconds
[2024-10-26 09:53:01,991] {processor.py:153} INFO - Started process (PID=5454) to work on /root/Documentos/airflow/venv/lib/python3.9/site-packages/airflow/example_dags/example_trigger_target_dag.py
[2024-10-26 09:53:01,994] {processor.py:641} INFO - Processing file /root/Documentos/airflow/venv/lib/python3.9/site-packages/airflow/example_dags/example_trigger_target_dag.py for tasks to queue
[2024-10-26 09:53:01,994] {logging_mixin.py:115} INFO - [2024-10-26 09:53:01,994] {dagbag.py:507} INFO - Filling up the DagBag from /root/Documentos/airflow/venv/lib/python3.9/site-packages/airflow/example_dags/example_trigger_target_dag.py
[2024-10-26 09:53:02,004] {processor.py:651} INFO - DAG(s) dict_keys(['example_trigger_target_dag']) retrieved from /root/Documentos/airflow/venv/lib/python3.9/site-packages/airflow/example_dags/example_trigger_target_dag.py
[2024-10-26 09:53:02,011] {logging_mixin.py:115} INFO - [2024-10-26 09:53:02,011] {dag.py:2379} INFO - Sync 1 DAGs
[2024-10-26 09:53:02,020] {logging_mixin.py:115} INFO - [2024-10-26 09:53:02,020] {dag.py:2927} INFO - Setting next_dagrun for example_trigger_target_dag to None, run_after=None
[2024-10-26 09:53:02,038] {processor.py:161} INFO - Processing /root/Documentos/airflow/venv/lib/python3.9/site-packages/airflow/example_dags/example_trigger_target_dag.py took 0.048 seconds
[2024-10-26 09:53:35,292] {processor.py:153} INFO - Started process (PID=5615) to work on /root/Documentos/airflow/venv/lib/python3.9/site-packages/airflow/example_dags/example_trigger_target_dag.py
[2024-10-26 09:53:35,292] {processor.py:641} INFO - Processing file /root/Documentos/airflow/venv/lib/python3.9/site-packages/airflow/example_dags/example_trigger_target_dag.py for tasks to queue
[2024-10-26 09:53:35,293] {logging_mixin.py:115} INFO - [2024-10-26 09:53:35,293] {dagbag.py:507} INFO - Filling up the DagBag from /root/Documentos/airflow/venv/lib/python3.9/site-packages/airflow/example_dags/example_trigger_target_dag.py
[2024-10-26 09:53:35,302] {processor.py:651} INFO - DAG(s) dict_keys(['example_trigger_target_dag']) retrieved from /root/Documentos/airflow/venv/lib/python3.9/site-packages/airflow/example_dags/example_trigger_target_dag.py
[2024-10-26 09:53:35,309] {logging_mixin.py:115} INFO - [2024-10-26 09:53:35,309] {dag.py:2379} INFO - Sync 1 DAGs
[2024-10-26 09:53:35,318] {logging_mixin.py:115} INFO - [2024-10-26 09:53:35,318] {dag.py:2927} INFO - Setting next_dagrun for example_trigger_target_dag to None, run_after=None
[2024-10-26 09:53:35,332] {processor.py:161} INFO - Processing /root/Documentos/airflow/venv/lib/python3.9/site-packages/airflow/example_dags/example_trigger_target_dag.py took 0.041 seconds
[2024-10-26 09:54:08,003] {processor.py:153} INFO - Started process (PID=5774) to work on /root/Documentos/airflow/venv/lib/python3.9/site-packages/airflow/example_dags/example_trigger_target_dag.py
[2024-10-26 09:54:08,006] {processor.py:641} INFO - Processing file /root/Documentos/airflow/venv/lib/python3.9/site-packages/airflow/example_dags/example_trigger_target_dag.py for tasks to queue
[2024-10-26 09:54:08,006] {logging_mixin.py:115} INFO - [2024-10-26 09:54:08,006] {dagbag.py:507} INFO - Filling up the DagBag from /root/Documentos/airflow/venv/lib/python3.9/site-packages/airflow/example_dags/example_trigger_target_dag.py
[2024-10-26 09:54:08,016] {processor.py:651} INFO - DAG(s) dict_keys(['example_trigger_target_dag']) retrieved from /root/Documentos/airflow/venv/lib/python3.9/site-packages/airflow/example_dags/example_trigger_target_dag.py
[2024-10-26 09:54:08,023] {logging_mixin.py:115} INFO - [2024-10-26 09:54:08,023] {dag.py:2379} INFO - Sync 1 DAGs
[2024-10-26 09:54:08,032] {logging_mixin.py:115} INFO - [2024-10-26 09:54:08,032] {dag.py:2927} INFO - Setting next_dagrun for example_trigger_target_dag to None, run_after=None
[2024-10-26 09:54:08,047] {processor.py:161} INFO - Processing /root/Documentos/airflow/venv/lib/python3.9/site-packages/airflow/example_dags/example_trigger_target_dag.py took 0.045 seconds
[2024-10-26 09:54:40,296] {processor.py:153} INFO - Started process (PID=5929) to work on /root/Documentos/airflow/venv/lib/python3.9/site-packages/airflow/example_dags/example_trigger_target_dag.py
[2024-10-26 09:54:40,299] {processor.py:641} INFO - Processing file /root/Documentos/airflow/venv/lib/python3.9/site-packages/airflow/example_dags/example_trigger_target_dag.py for tasks to queue
[2024-10-26 09:54:40,300] {logging_mixin.py:115} INFO - [2024-10-26 09:54:40,300] {dagbag.py:507} INFO - Filling up the DagBag from /root/Documentos/airflow/venv/lib/python3.9/site-packages/airflow/example_dags/example_trigger_target_dag.py
[2024-10-26 09:54:40,310] {processor.py:651} INFO - DAG(s) dict_keys(['example_trigger_target_dag']) retrieved from /root/Documentos/airflow/venv/lib/python3.9/site-packages/airflow/example_dags/example_trigger_target_dag.py
[2024-10-26 09:54:40,317] {logging_mixin.py:115} INFO - [2024-10-26 09:54:40,317] {dag.py:2379} INFO - Sync 1 DAGs
[2024-10-26 09:54:40,326] {logging_mixin.py:115} INFO - [2024-10-26 09:54:40,326] {dag.py:2927} INFO - Setting next_dagrun for example_trigger_target_dag to None, run_after=None
[2024-10-26 09:54:40,341] {processor.py:161} INFO - Processing /root/Documentos/airflow/venv/lib/python3.9/site-packages/airflow/example_dags/example_trigger_target_dag.py took 0.046 seconds
[2024-10-26 09:55:14,846] {processor.py:153} INFO - Started process (PID=6101) to work on /root/Documentos/airflow/venv/lib/python3.9/site-packages/airflow/example_dags/example_trigger_target_dag.py
[2024-10-26 09:55:14,846] {processor.py:641} INFO - Processing file /root/Documentos/airflow/venv/lib/python3.9/site-packages/airflow/example_dags/example_trigger_target_dag.py for tasks to queue
[2024-10-26 09:55:14,847] {logging_mixin.py:115} INFO - [2024-10-26 09:55:14,847] {dagbag.py:507} INFO - Filling up the DagBag from /root/Documentos/airflow/venv/lib/python3.9/site-packages/airflow/example_dags/example_trigger_target_dag.py
[2024-10-26 09:55:14,856] {processor.py:651} INFO - DAG(s) dict_keys(['example_trigger_target_dag']) retrieved from /root/Documentos/airflow/venv/lib/python3.9/site-packages/airflow/example_dags/example_trigger_target_dag.py
[2024-10-26 09:55:14,864] {logging_mixin.py:115} INFO - [2024-10-26 09:55:14,864] {dag.py:2379} INFO - Sync 1 DAGs
[2024-10-26 09:55:14,873] {logging_mixin.py:115} INFO - [2024-10-26 09:55:14,873] {dag.py:2927} INFO - Setting next_dagrun for example_trigger_target_dag to None, run_after=None
[2024-10-26 09:55:14,889] {processor.py:161} INFO - Processing /root/Documentos/airflow/venv/lib/python3.9/site-packages/airflow/example_dags/example_trigger_target_dag.py took 0.044 seconds
