[2024-10-26 09:24:59,115] {processor.py:153} INFO - Started process (PID=10280) to work on /root/Documentos/airflow/venv/lib/python3.9/site-packages/airflow/example_dags/example_task_group_decorator.py
[2024-10-26 09:24:59,116] {processor.py:641} INFO - Processing file /root/Documentos/airflow/venv/lib/python3.9/site-packages/airflow/example_dags/example_task_group_decorator.py for tasks to queue
[2024-10-26 09:24:59,116] {logging_mixin.py:115} INFO - [2024-10-26 09:24:59,116] {dagbag.py:507} INFO - Filling up the DagBag from /root/Documentos/airflow/venv/lib/python3.9/site-packages/airflow/example_dags/example_task_group_decorator.py
[2024-10-26 09:24:59,129] {processor.py:651} INFO - DAG(s) dict_keys(['example_task_group_decorator']) retrieved from /root/Documentos/airflow/venv/lib/python3.9/site-packages/airflow/example_dags/example_task_group_decorator.py
[2024-10-26 09:24:59,178] {logging_mixin.py:115} INFO - [2024-10-26 09:24:59,178] {manager.py:508} INFO - Created Permission View: can edit on DAG:example_task_group_decorator
[2024-10-26 09:24:59,190] {logging_mixin.py:115} INFO - [2024-10-26 09:24:59,190] {manager.py:508} INFO - Created Permission View: can read on DAG:example_task_group_decorator
[2024-10-26 09:24:59,200] {logging_mixin.py:115} INFO - [2024-10-26 09:24:59,199] {manager.py:508} INFO - Created Permission View: can delete on DAG:example_task_group_decorator
[2024-10-26 09:24:59,200] {logging_mixin.py:115} INFO - [2024-10-26 09:24:59,200] {dag.py:2379} INFO - Sync 1 DAGs
[2024-10-26 09:24:59,204] {logging_mixin.py:115} INFO - [2024-10-26 09:24:59,204] {dag.py:2398} INFO - Creating ORM DAG for example_task_group_decorator
[2024-10-26 09:24:59,209] {logging_mixin.py:115} INFO - [2024-10-26 09:24:59,209] {dag.py:2927} INFO - Setting next_dagrun for example_task_group_decorator to 2024-10-25T12:24:59.209760+00:00, run_after=2024-10-26T12:24:59.209760+00:00
[2024-10-26 09:24:59,224] {processor.py:161} INFO - Processing /root/Documentos/airflow/venv/lib/python3.9/site-packages/airflow/example_dags/example_task_group_decorator.py took 0.110 seconds
[2024-10-26 09:25:35,385] {processor.py:153} INFO - Started process (PID=10451) to work on /root/Documentos/airflow/venv/lib/python3.9/site-packages/airflow/example_dags/example_task_group_decorator.py
[2024-10-26 09:25:35,387] {processor.py:641} INFO - Processing file /root/Documentos/airflow/venv/lib/python3.9/site-packages/airflow/example_dags/example_task_group_decorator.py for tasks to queue
[2024-10-26 09:25:35,388] {logging_mixin.py:115} INFO - [2024-10-26 09:25:35,387] {dagbag.py:507} INFO - Filling up the DagBag from /root/Documentos/airflow/venv/lib/python3.9/site-packages/airflow/example_dags/example_task_group_decorator.py
[2024-10-26 09:25:35,401] {processor.py:651} INFO - DAG(s) dict_keys(['example_task_group_decorator']) retrieved from /root/Documentos/airflow/venv/lib/python3.9/site-packages/airflow/example_dags/example_task_group_decorator.py
[2024-10-26 09:25:35,425] {logging_mixin.py:115} INFO - [2024-10-26 09:25:35,425] {dag.py:2379} INFO - Sync 1 DAGs
[2024-10-26 09:25:35,433] {logging_mixin.py:115} INFO - [2024-10-26 09:25:35,433] {dag.py:2927} INFO - Setting next_dagrun for example_task_group_decorator to 2024-10-25T12:25:35.433400+00:00, run_after=2024-10-26T12:25:35.433400+00:00
[2024-10-26 09:25:35,446] {processor.py:161} INFO - Processing /root/Documentos/airflow/venv/lib/python3.9/site-packages/airflow/example_dags/example_task_group_decorator.py took 0.062 seconds
[2024-10-26 09:26:06,189] {processor.py:153} INFO - Started process (PID=10606) to work on /root/Documentos/airflow/venv/lib/python3.9/site-packages/airflow/example_dags/example_task_group_decorator.py
[2024-10-26 09:26:06,190] {processor.py:641} INFO - Processing file /root/Documentos/airflow/venv/lib/python3.9/site-packages/airflow/example_dags/example_task_group_decorator.py for tasks to queue
[2024-10-26 09:26:06,190] {logging_mixin.py:115} INFO - [2024-10-26 09:26:06,190] {dagbag.py:507} INFO - Filling up the DagBag from /root/Documentos/airflow/venv/lib/python3.9/site-packages/airflow/example_dags/example_task_group_decorator.py
[2024-10-26 09:26:06,203] {processor.py:651} INFO - DAG(s) dict_keys(['example_task_group_decorator']) retrieved from /root/Documentos/airflow/venv/lib/python3.9/site-packages/airflow/example_dags/example_task_group_decorator.py
[2024-10-26 09:26:06,214] {logging_mixin.py:115} INFO - [2024-10-26 09:26:06,214] {dag.py:2379} INFO - Sync 1 DAGs
[2024-10-26 09:26:06,223] {logging_mixin.py:115} INFO - [2024-10-26 09:26:06,223] {dag.py:2927} INFO - Setting next_dagrun for example_task_group_decorator to 2024-10-25T12:26:06.223362+00:00, run_after=2024-10-26T12:26:06.223362+00:00
[2024-10-26 09:26:06,236] {processor.py:161} INFO - Processing /root/Documentos/airflow/venv/lib/python3.9/site-packages/airflow/example_dags/example_task_group_decorator.py took 0.049 seconds
[2024-10-26 09:26:41,464] {processor.py:153} INFO - Started process (PID=10772) to work on /root/Documentos/airflow/venv/lib/python3.9/site-packages/airflow/example_dags/example_task_group_decorator.py
[2024-10-26 09:26:41,466] {processor.py:641} INFO - Processing file /root/Documentos/airflow/venv/lib/python3.9/site-packages/airflow/example_dags/example_task_group_decorator.py for tasks to queue
[2024-10-26 09:26:41,466] {logging_mixin.py:115} INFO - [2024-10-26 09:26:41,466] {dagbag.py:507} INFO - Filling up the DagBag from /root/Documentos/airflow/venv/lib/python3.9/site-packages/airflow/example_dags/example_task_group_decorator.py
[2024-10-26 09:26:41,479] {processor.py:651} INFO - DAG(s) dict_keys(['example_task_group_decorator']) retrieved from /root/Documentos/airflow/venv/lib/python3.9/site-packages/airflow/example_dags/example_task_group_decorator.py
[2024-10-26 09:26:41,504] {logging_mixin.py:115} INFO - [2024-10-26 09:26:41,504] {dag.py:2379} INFO - Sync 1 DAGs
[2024-10-26 09:26:41,512] {logging_mixin.py:115} INFO - [2024-10-26 09:26:41,512] {dag.py:2927} INFO - Setting next_dagrun for example_task_group_decorator to 2024-10-25T12:26:41.512573+00:00, run_after=2024-10-26T12:26:41.512573+00:00
[2024-10-26 09:26:41,525] {processor.py:161} INFO - Processing /root/Documentos/airflow/venv/lib/python3.9/site-packages/airflow/example_dags/example_task_group_decorator.py took 0.062 seconds
[2024-10-26 09:27:13,775] {processor.py:153} INFO - Started process (PID=10930) to work on /root/Documentos/airflow/venv/lib/python3.9/site-packages/airflow/example_dags/example_task_group_decorator.py
[2024-10-26 09:27:13,776] {processor.py:641} INFO - Processing file /root/Documentos/airflow/venv/lib/python3.9/site-packages/airflow/example_dags/example_task_group_decorator.py for tasks to queue
[2024-10-26 09:27:13,777] {logging_mixin.py:115} INFO - [2024-10-26 09:27:13,777] {dagbag.py:507} INFO - Filling up the DagBag from /root/Documentos/airflow/venv/lib/python3.9/site-packages/airflow/example_dags/example_task_group_decorator.py
[2024-10-26 09:27:13,789] {processor.py:651} INFO - DAG(s) dict_keys(['example_task_group_decorator']) retrieved from /root/Documentos/airflow/venv/lib/python3.9/site-packages/airflow/example_dags/example_task_group_decorator.py
[2024-10-26 09:27:13,813] {logging_mixin.py:115} INFO - [2024-10-26 09:27:13,813] {dag.py:2379} INFO - Sync 1 DAGs
[2024-10-26 09:27:13,821] {logging_mixin.py:115} INFO - [2024-10-26 09:27:13,821] {dag.py:2927} INFO - Setting next_dagrun for example_task_group_decorator to 2024-10-25T12:27:13.821519+00:00, run_after=2024-10-26T12:27:13.821519+00:00
[2024-10-26 09:27:13,834] {processor.py:161} INFO - Processing /root/Documentos/airflow/venv/lib/python3.9/site-packages/airflow/example_dags/example_task_group_decorator.py took 0.060 seconds
[2024-10-26 09:27:48,118] {processor.py:153} INFO - Started process (PID=11101) to work on /root/Documentos/airflow/venv/lib/python3.9/site-packages/airflow/example_dags/example_task_group_decorator.py
[2024-10-26 09:27:48,124] {processor.py:641} INFO - Processing file /root/Documentos/airflow/venv/lib/python3.9/site-packages/airflow/example_dags/example_task_group_decorator.py for tasks to queue
[2024-10-26 09:27:48,124] {logging_mixin.py:115} INFO - [2024-10-26 09:27:48,124] {dagbag.py:507} INFO - Filling up the DagBag from /root/Documentos/airflow/venv/lib/python3.9/site-packages/airflow/example_dags/example_task_group_decorator.py
[2024-10-26 09:27:48,137] {processor.py:651} INFO - DAG(s) dict_keys(['example_task_group_decorator']) retrieved from /root/Documentos/airflow/venv/lib/python3.9/site-packages/airflow/example_dags/example_task_group_decorator.py
[2024-10-26 09:27:48,163] {logging_mixin.py:115} INFO - [2024-10-26 09:27:48,162] {dag.py:2379} INFO - Sync 1 DAGs
[2024-10-26 09:27:48,171] {logging_mixin.py:115} INFO - [2024-10-26 09:27:48,171] {dag.py:2927} INFO - Setting next_dagrun for example_task_group_decorator to 2024-10-25T12:27:48.171369+00:00, run_after=2024-10-26T12:27:48.171369+00:00
[2024-10-26 09:27:48,184] {processor.py:161} INFO - Processing /root/Documentos/airflow/venv/lib/python3.9/site-packages/airflow/example_dags/example_task_group_decorator.py took 0.067 seconds
[2024-10-26 09:28:23,665] {processor.py:153} INFO - Started process (PID=11273) to work on /root/Documentos/airflow/venv/lib/python3.9/site-packages/airflow/example_dags/example_task_group_decorator.py
[2024-10-26 09:28:23,667] {processor.py:641} INFO - Processing file /root/Documentos/airflow/venv/lib/python3.9/site-packages/airflow/example_dags/example_task_group_decorator.py for tasks to queue
[2024-10-26 09:28:23,667] {logging_mixin.py:115} INFO - [2024-10-26 09:28:23,667] {dagbag.py:507} INFO - Filling up the DagBag from /root/Documentos/airflow/venv/lib/python3.9/site-packages/airflow/example_dags/example_task_group_decorator.py
[2024-10-26 09:28:23,680] {processor.py:651} INFO - DAG(s) dict_keys(['example_task_group_decorator']) retrieved from /root/Documentos/airflow/venv/lib/python3.9/site-packages/airflow/example_dags/example_task_group_decorator.py
[2024-10-26 09:28:23,707] {logging_mixin.py:115} INFO - [2024-10-26 09:28:23,707] {dag.py:2379} INFO - Sync 1 DAGs
[2024-10-26 09:28:23,716] {logging_mixin.py:115} INFO - [2024-10-26 09:28:23,716] {dag.py:2927} INFO - Setting next_dagrun for example_task_group_decorator to 2024-10-25T12:28:23.716094+00:00, run_after=2024-10-26T12:28:23.716094+00:00
[2024-10-26 09:28:23,732] {processor.py:161} INFO - Processing /root/Documentos/airflow/venv/lib/python3.9/site-packages/airflow/example_dags/example_task_group_decorator.py took 0.068 seconds
[2024-10-26 09:28:57,400] {processor.py:153} INFO - Started process (PID=11442) to work on /root/Documentos/airflow/venv/lib/python3.9/site-packages/airflow/example_dags/example_task_group_decorator.py
[2024-10-26 09:28:57,407] {processor.py:641} INFO - Processing file /root/Documentos/airflow/venv/lib/python3.9/site-packages/airflow/example_dags/example_task_group_decorator.py for tasks to queue
[2024-10-26 09:28:57,407] {logging_mixin.py:115} INFO - [2024-10-26 09:28:57,407] {dagbag.py:507} INFO - Filling up the DagBag from /root/Documentos/airflow/venv/lib/python3.9/site-packages/airflow/example_dags/example_task_group_decorator.py
[2024-10-26 09:28:57,421] {processor.py:651} INFO - DAG(s) dict_keys(['example_task_group_decorator']) retrieved from /root/Documentos/airflow/venv/lib/python3.9/site-packages/airflow/example_dags/example_task_group_decorator.py
[2024-10-26 09:28:57,455] {logging_mixin.py:115} INFO - [2024-10-26 09:28:57,455] {dag.py:2379} INFO - Sync 1 DAGs
[2024-10-26 09:28:57,476] {logging_mixin.py:115} INFO - [2024-10-26 09:28:57,476] {dag.py:2927} INFO - Setting next_dagrun for example_task_group_decorator to 2024-10-25T12:28:57.476003+00:00, run_after=2024-10-26T12:28:57.476003+00:00
[2024-10-26 09:28:57,502] {processor.py:161} INFO - Processing /root/Documentos/airflow/venv/lib/python3.9/site-packages/airflow/example_dags/example_task_group_decorator.py took 0.104 seconds
[2024-10-26 09:38:14,448] {processor.py:153} INFO - Started process (PID=1069) to work on /root/Documentos/airflow/venv/lib/python3.9/site-packages/airflow/example_dags/example_task_group_decorator.py
[2024-10-26 09:38:14,449] {processor.py:641} INFO - Processing file /root/Documentos/airflow/venv/lib/python3.9/site-packages/airflow/example_dags/example_task_group_decorator.py for tasks to queue
[2024-10-26 09:38:14,449] {logging_mixin.py:115} INFO - [2024-10-26 09:38:14,449] {dagbag.py:507} INFO - Filling up the DagBag from /root/Documentos/airflow/venv/lib/python3.9/site-packages/airflow/example_dags/example_task_group_decorator.py
[2024-10-26 09:38:14,464] {processor.py:651} INFO - DAG(s) dict_keys(['example_task_group_decorator']) retrieved from /root/Documentos/airflow/venv/lib/python3.9/site-packages/airflow/example_dags/example_task_group_decorator.py
[2024-10-26 09:38:14,495] {logging_mixin.py:115} INFO - [2024-10-26 09:38:14,494] {dag.py:2379} INFO - Sync 1 DAGs
[2024-10-26 09:38:14,506] {logging_mixin.py:115} INFO - [2024-10-26 09:38:14,506] {dag.py:2927} INFO - Setting next_dagrun for example_task_group_decorator to 2024-10-25T12:38:14.506163+00:00, run_after=2024-10-26T12:38:14.506163+00:00
[2024-10-26 09:38:14,519] {processor.py:161} INFO - Processing /root/Documentos/airflow/venv/lib/python3.9/site-packages/airflow/example_dags/example_task_group_decorator.py took 0.073 seconds
[2024-10-26 09:38:46,939] {processor.py:153} INFO - Started process (PID=1229) to work on /root/Documentos/airflow/venv/lib/python3.9/site-packages/airflow/example_dags/example_task_group_decorator.py
[2024-10-26 09:38:46,940] {processor.py:641} INFO - Processing file /root/Documentos/airflow/venv/lib/python3.9/site-packages/airflow/example_dags/example_task_group_decorator.py for tasks to queue
[2024-10-26 09:38:46,941] {logging_mixin.py:115} INFO - [2024-10-26 09:38:46,940] {dagbag.py:507} INFO - Filling up the DagBag from /root/Documentos/airflow/venv/lib/python3.9/site-packages/airflow/example_dags/example_task_group_decorator.py
[2024-10-26 09:38:46,954] {processor.py:651} INFO - DAG(s) dict_keys(['example_task_group_decorator']) retrieved from /root/Documentos/airflow/venv/lib/python3.9/site-packages/airflow/example_dags/example_task_group_decorator.py
[2024-10-26 09:38:46,979] {logging_mixin.py:115} INFO - [2024-10-26 09:38:46,979] {dag.py:2379} INFO - Sync 1 DAGs
[2024-10-26 09:38:46,988] {logging_mixin.py:115} INFO - [2024-10-26 09:38:46,988] {dag.py:2927} INFO - Setting next_dagrun for example_task_group_decorator to 2024-10-25T12:38:46.987902+00:00, run_after=2024-10-26T12:38:46.987902+00:00
[2024-10-26 09:38:47,000] {processor.py:161} INFO - Processing /root/Documentos/airflow/venv/lib/python3.9/site-packages/airflow/example_dags/example_task_group_decorator.py took 0.062 seconds
[2024-10-26 09:39:21,412] {processor.py:153} INFO - Started process (PID=1398) to work on /root/Documentos/airflow/venv/lib/python3.9/site-packages/airflow/example_dags/example_task_group_decorator.py
[2024-10-26 09:39:21,421] {processor.py:641} INFO - Processing file /root/Documentos/airflow/venv/lib/python3.9/site-packages/airflow/example_dags/example_task_group_decorator.py for tasks to queue
[2024-10-26 09:39:21,421] {logging_mixin.py:115} INFO - [2024-10-26 09:39:21,421] {dagbag.py:507} INFO - Filling up the DagBag from /root/Documentos/airflow/venv/lib/python3.9/site-packages/airflow/example_dags/example_task_group_decorator.py
[2024-10-26 09:39:21,435] {processor.py:651} INFO - DAG(s) dict_keys(['example_task_group_decorator']) retrieved from /root/Documentos/airflow/venv/lib/python3.9/site-packages/airflow/example_dags/example_task_group_decorator.py
[2024-10-26 09:39:21,459] {logging_mixin.py:115} INFO - [2024-10-26 09:39:21,459] {dag.py:2379} INFO - Sync 1 DAGs
[2024-10-26 09:39:21,468] {logging_mixin.py:115} INFO - [2024-10-26 09:39:21,468] {dag.py:2927} INFO - Setting next_dagrun for example_task_group_decorator to 2024-10-25T12:39:21.467927+00:00, run_after=2024-10-26T12:39:21.467927+00:00
[2024-10-26 09:39:21,481] {processor.py:161} INFO - Processing /root/Documentos/airflow/venv/lib/python3.9/site-packages/airflow/example_dags/example_task_group_decorator.py took 0.070 seconds
[2024-10-26 09:39:54,088] {processor.py:153} INFO - Started process (PID=1557) to work on /root/Documentos/airflow/venv/lib/python3.9/site-packages/airflow/example_dags/example_task_group_decorator.py
[2024-10-26 09:39:54,089] {processor.py:641} INFO - Processing file /root/Documentos/airflow/venv/lib/python3.9/site-packages/airflow/example_dags/example_task_group_decorator.py for tasks to queue
[2024-10-26 09:39:54,090] {logging_mixin.py:115} INFO - [2024-10-26 09:39:54,089] {dagbag.py:507} INFO - Filling up the DagBag from /root/Documentos/airflow/venv/lib/python3.9/site-packages/airflow/example_dags/example_task_group_decorator.py
[2024-10-26 09:39:54,103] {processor.py:651} INFO - DAG(s) dict_keys(['example_task_group_decorator']) retrieved from /root/Documentos/airflow/venv/lib/python3.9/site-packages/airflow/example_dags/example_task_group_decorator.py
[2024-10-26 09:39:54,129] {logging_mixin.py:115} INFO - [2024-10-26 09:39:54,129] {dag.py:2379} INFO - Sync 1 DAGs
[2024-10-26 09:39:54,137] {logging_mixin.py:115} INFO - [2024-10-26 09:39:54,137] {dag.py:2927} INFO - Setting next_dagrun for example_task_group_decorator to 2024-10-25T12:39:54.137491+00:00, run_after=2024-10-26T12:39:54.137491+00:00
[2024-10-26 09:39:54,150] {processor.py:161} INFO - Processing /root/Documentos/airflow/venv/lib/python3.9/site-packages/airflow/example_dags/example_task_group_decorator.py took 0.064 seconds
[2024-10-26 09:40:28,530] {processor.py:153} INFO - Started process (PID=1723) to work on /root/Documentos/airflow/venv/lib/python3.9/site-packages/airflow/example_dags/example_task_group_decorator.py
[2024-10-26 09:40:28,537] {processor.py:641} INFO - Processing file /root/Documentos/airflow/venv/lib/python3.9/site-packages/airflow/example_dags/example_task_group_decorator.py for tasks to queue
[2024-10-26 09:40:28,538] {logging_mixin.py:115} INFO - [2024-10-26 09:40:28,538] {dagbag.py:507} INFO - Filling up the DagBag from /root/Documentos/airflow/venv/lib/python3.9/site-packages/airflow/example_dags/example_task_group_decorator.py
[2024-10-26 09:40:28,550] {processor.py:651} INFO - DAG(s) dict_keys(['example_task_group_decorator']) retrieved from /root/Documentos/airflow/venv/lib/python3.9/site-packages/airflow/example_dags/example_task_group_decorator.py
[2024-10-26 09:40:28,561] {logging_mixin.py:115} INFO - [2024-10-26 09:40:28,561] {dag.py:2379} INFO - Sync 1 DAGs
[2024-10-26 09:40:28,571] {logging_mixin.py:115} INFO - [2024-10-26 09:40:28,571] {dag.py:2927} INFO - Setting next_dagrun for example_task_group_decorator to 2024-10-25T12:40:28.570933+00:00, run_after=2024-10-26T12:40:28.570933+00:00
[2024-10-26 09:40:28,583] {processor.py:161} INFO - Processing /root/Documentos/airflow/venv/lib/python3.9/site-packages/airflow/example_dags/example_task_group_decorator.py took 0.054 seconds
[2024-10-26 09:41:04,639] {processor.py:153} INFO - Started process (PID=1893) to work on /root/Documentos/airflow/venv/lib/python3.9/site-packages/airflow/example_dags/example_task_group_decorator.py
[2024-10-26 09:41:04,641] {processor.py:641} INFO - Processing file /root/Documentos/airflow/venv/lib/python3.9/site-packages/airflow/example_dags/example_task_group_decorator.py for tasks to queue
[2024-10-26 09:41:04,641] {logging_mixin.py:115} INFO - [2024-10-26 09:41:04,641] {dagbag.py:507} INFO - Filling up the DagBag from /root/Documentos/airflow/venv/lib/python3.9/site-packages/airflow/example_dags/example_task_group_decorator.py
[2024-10-26 09:41:04,654] {processor.py:651} INFO - DAG(s) dict_keys(['example_task_group_decorator']) retrieved from /root/Documentos/airflow/venv/lib/python3.9/site-packages/airflow/example_dags/example_task_group_decorator.py
[2024-10-26 09:41:04,681] {logging_mixin.py:115} INFO - [2024-10-26 09:41:04,681] {dag.py:2379} INFO - Sync 1 DAGs
[2024-10-26 09:41:04,690] {logging_mixin.py:115} INFO - [2024-10-26 09:41:04,690] {dag.py:2927} INFO - Setting next_dagrun for example_task_group_decorator to 2024-10-25T12:41:04.690219+00:00, run_after=2024-10-26T12:41:04.690219+00:00
[2024-10-26 09:41:04,702] {processor.py:161} INFO - Processing /root/Documentos/airflow/venv/lib/python3.9/site-packages/airflow/example_dags/example_task_group_decorator.py took 0.064 seconds
[2024-10-26 09:41:38,756] {processor.py:153} INFO - Started process (PID=2059) to work on /root/Documentos/airflow/venv/lib/python3.9/site-packages/airflow/example_dags/example_task_group_decorator.py
[2024-10-26 09:41:38,761] {processor.py:641} INFO - Processing file /root/Documentos/airflow/venv/lib/python3.9/site-packages/airflow/example_dags/example_task_group_decorator.py for tasks to queue
[2024-10-26 09:41:38,762] {logging_mixin.py:115} INFO - [2024-10-26 09:41:38,762] {dagbag.py:507} INFO - Filling up the DagBag from /root/Documentos/airflow/venv/lib/python3.9/site-packages/airflow/example_dags/example_task_group_decorator.py
[2024-10-26 09:41:38,774] {processor.py:651} INFO - DAG(s) dict_keys(['example_task_group_decorator']) retrieved from /root/Documentos/airflow/venv/lib/python3.9/site-packages/airflow/example_dags/example_task_group_decorator.py
[2024-10-26 09:41:38,800] {logging_mixin.py:115} INFO - [2024-10-26 09:41:38,800] {dag.py:2379} INFO - Sync 1 DAGs
[2024-10-26 09:41:38,808] {logging_mixin.py:115} INFO - [2024-10-26 09:41:38,808] {dag.py:2927} INFO - Setting next_dagrun for example_task_group_decorator to 2024-10-25T12:41:38.808204+00:00, run_after=2024-10-26T12:41:38.808204+00:00
[2024-10-26 09:41:38,820] {processor.py:161} INFO - Processing /root/Documentos/airflow/venv/lib/python3.9/site-packages/airflow/example_dags/example_task_group_decorator.py took 0.065 seconds
[2024-10-26 09:42:14,764] {processor.py:153} INFO - Started process (PID=2233) to work on /root/Documentos/airflow/venv/lib/python3.9/site-packages/airflow/example_dags/example_task_group_decorator.py
[2024-10-26 09:42:14,765] {processor.py:641} INFO - Processing file /root/Documentos/airflow/venv/lib/python3.9/site-packages/airflow/example_dags/example_task_group_decorator.py for tasks to queue
[2024-10-26 09:42:14,765] {logging_mixin.py:115} INFO - [2024-10-26 09:42:14,765] {dagbag.py:507} INFO - Filling up the DagBag from /root/Documentos/airflow/venv/lib/python3.9/site-packages/airflow/example_dags/example_task_group_decorator.py
[2024-10-26 09:42:14,778] {processor.py:651} INFO - DAG(s) dict_keys(['example_task_group_decorator']) retrieved from /root/Documentos/airflow/venv/lib/python3.9/site-packages/airflow/example_dags/example_task_group_decorator.py
[2024-10-26 09:42:14,802] {logging_mixin.py:115} INFO - [2024-10-26 09:42:14,802] {dag.py:2379} INFO - Sync 1 DAGs
[2024-10-26 09:42:14,811] {logging_mixin.py:115} INFO - [2024-10-26 09:42:14,811] {dag.py:2927} INFO - Setting next_dagrun for example_task_group_decorator to 2024-10-25T12:42:14.810978+00:00, run_after=2024-10-26T12:42:14.810978+00:00
[2024-10-26 09:42:14,823] {processor.py:161} INFO - Processing /root/Documentos/airflow/venv/lib/python3.9/site-packages/airflow/example_dags/example_task_group_decorator.py took 0.061 seconds
[2024-10-26 09:42:47,010] {processor.py:153} INFO - Started process (PID=2390) to work on /root/Documentos/airflow/venv/lib/python3.9/site-packages/airflow/example_dags/example_task_group_decorator.py
[2024-10-26 09:42:47,011] {processor.py:641} INFO - Processing file /root/Documentos/airflow/venv/lib/python3.9/site-packages/airflow/example_dags/example_task_group_decorator.py for tasks to queue
[2024-10-26 09:42:47,011] {logging_mixin.py:115} INFO - [2024-10-26 09:42:47,011] {dagbag.py:507} INFO - Filling up the DagBag from /root/Documentos/airflow/venv/lib/python3.9/site-packages/airflow/example_dags/example_task_group_decorator.py
[2024-10-26 09:42:47,024] {processor.py:651} INFO - DAG(s) dict_keys(['example_task_group_decorator']) retrieved from /root/Documentos/airflow/venv/lib/python3.9/site-packages/airflow/example_dags/example_task_group_decorator.py
[2024-10-26 09:42:47,048] {logging_mixin.py:115} INFO - [2024-10-26 09:42:47,048] {dag.py:2379} INFO - Sync 1 DAGs
[2024-10-26 09:42:47,056] {logging_mixin.py:115} INFO - [2024-10-26 09:42:47,056] {dag.py:2927} INFO - Setting next_dagrun for example_task_group_decorator to 2024-10-25T12:42:47.056491+00:00, run_after=2024-10-26T12:42:47.056491+00:00
[2024-10-26 09:42:47,069] {processor.py:161} INFO - Processing /root/Documentos/airflow/venv/lib/python3.9/site-packages/airflow/example_dags/example_task_group_decorator.py took 0.060 seconds
[2024-10-26 09:43:23,454] {processor.py:153} INFO - Started process (PID=2567) to work on /root/Documentos/airflow/venv/lib/python3.9/site-packages/airflow/example_dags/example_task_group_decorator.py
[2024-10-26 09:43:23,458] {processor.py:641} INFO - Processing file /root/Documentos/airflow/venv/lib/python3.9/site-packages/airflow/example_dags/example_task_group_decorator.py for tasks to queue
[2024-10-26 09:43:23,459] {logging_mixin.py:115} INFO - [2024-10-26 09:43:23,459] {dagbag.py:507} INFO - Filling up the DagBag from /root/Documentos/airflow/venv/lib/python3.9/site-packages/airflow/example_dags/example_task_group_decorator.py
[2024-10-26 09:43:23,472] {processor.py:651} INFO - DAG(s) dict_keys(['example_task_group_decorator']) retrieved from /root/Documentos/airflow/venv/lib/python3.9/site-packages/airflow/example_dags/example_task_group_decorator.py
[2024-10-26 09:43:23,483] {logging_mixin.py:115} INFO - [2024-10-26 09:43:23,483] {dag.py:2379} INFO - Sync 1 DAGs
[2024-10-26 09:43:23,492] {logging_mixin.py:115} INFO - [2024-10-26 09:43:23,492] {dag.py:2927} INFO - Setting next_dagrun for example_task_group_decorator to 2024-10-25T12:43:23.491853+00:00, run_after=2024-10-26T12:43:23.491853+00:00
[2024-10-26 09:43:23,503] {processor.py:161} INFO - Processing /root/Documentos/airflow/venv/lib/python3.9/site-packages/airflow/example_dags/example_task_group_decorator.py took 0.051 seconds
[2024-10-26 09:43:59,412] {processor.py:153} INFO - Started process (PID=2741) to work on /root/Documentos/airflow/venv/lib/python3.9/site-packages/airflow/example_dags/example_task_group_decorator.py
[2024-10-26 09:43:59,417] {processor.py:641} INFO - Processing file /root/Documentos/airflow/venv/lib/python3.9/site-packages/airflow/example_dags/example_task_group_decorator.py for tasks to queue
[2024-10-26 09:43:59,418] {logging_mixin.py:115} INFO - [2024-10-26 09:43:59,418] {dagbag.py:507} INFO - Filling up the DagBag from /root/Documentos/airflow/venv/lib/python3.9/site-packages/airflow/example_dags/example_task_group_decorator.py
[2024-10-26 09:43:59,431] {processor.py:651} INFO - DAG(s) dict_keys(['example_task_group_decorator']) retrieved from /root/Documentos/airflow/venv/lib/python3.9/site-packages/airflow/example_dags/example_task_group_decorator.py
[2024-10-26 09:43:59,441] {logging_mixin.py:115} INFO - [2024-10-26 09:43:59,441] {dag.py:2379} INFO - Sync 1 DAGs
[2024-10-26 09:43:59,451] {logging_mixin.py:115} INFO - [2024-10-26 09:43:59,450] {dag.py:2927} INFO - Setting next_dagrun for example_task_group_decorator to 2024-10-25T12:43:59.450750+00:00, run_after=2024-10-26T12:43:59.450750+00:00
[2024-10-26 09:43:59,462] {processor.py:161} INFO - Processing /root/Documentos/airflow/venv/lib/python3.9/site-packages/airflow/example_dags/example_task_group_decorator.py took 0.051 seconds
[2024-10-26 09:44:33,871] {processor.py:153} INFO - Started process (PID=2908) to work on /root/Documentos/airflow/venv/lib/python3.9/site-packages/airflow/example_dags/example_task_group_decorator.py
[2024-10-26 09:44:33,874] {processor.py:641} INFO - Processing file /root/Documentos/airflow/venv/lib/python3.9/site-packages/airflow/example_dags/example_task_group_decorator.py for tasks to queue
[2024-10-26 09:44:33,875] {logging_mixin.py:115} INFO - [2024-10-26 09:44:33,875] {dagbag.py:507} INFO - Filling up the DagBag from /root/Documentos/airflow/venv/lib/python3.9/site-packages/airflow/example_dags/example_task_group_decorator.py
[2024-10-26 09:44:33,889] {processor.py:651} INFO - DAG(s) dict_keys(['example_task_group_decorator']) retrieved from /root/Documentos/airflow/venv/lib/python3.9/site-packages/airflow/example_dags/example_task_group_decorator.py
[2024-10-26 09:44:33,900] {logging_mixin.py:115} INFO - [2024-10-26 09:44:33,900] {dag.py:2379} INFO - Sync 1 DAGs
[2024-10-26 09:44:33,910] {logging_mixin.py:115} INFO - [2024-10-26 09:44:33,910] {dag.py:2927} INFO - Setting next_dagrun for example_task_group_decorator to 2024-10-25T12:44:33.909756+00:00, run_after=2024-10-26T12:44:33.909756+00:00
[2024-10-26 09:44:33,923] {processor.py:161} INFO - Processing /root/Documentos/airflow/venv/lib/python3.9/site-packages/airflow/example_dags/example_task_group_decorator.py took 0.053 seconds
[2024-10-26 09:45:07,187] {processor.py:153} INFO - Started process (PID=3070) to work on /root/Documentos/airflow/venv/lib/python3.9/site-packages/airflow/example_dags/example_task_group_decorator.py
[2024-10-26 09:45:07,187] {processor.py:641} INFO - Processing file /root/Documentos/airflow/venv/lib/python3.9/site-packages/airflow/example_dags/example_task_group_decorator.py for tasks to queue
[2024-10-26 09:45:07,187] {logging_mixin.py:115} INFO - [2024-10-26 09:45:07,187] {dagbag.py:507} INFO - Filling up the DagBag from /root/Documentos/airflow/venv/lib/python3.9/site-packages/airflow/example_dags/example_task_group_decorator.py
[2024-10-26 09:45:07,202] {processor.py:651} INFO - DAG(s) dict_keys(['example_task_group_decorator']) retrieved from /root/Documentos/airflow/venv/lib/python3.9/site-packages/airflow/example_dags/example_task_group_decorator.py
[2024-10-26 09:45:07,215] {logging_mixin.py:115} INFO - [2024-10-26 09:45:07,215] {dag.py:2379} INFO - Sync 1 DAGs
[2024-10-26 09:45:07,225] {logging_mixin.py:115} INFO - [2024-10-26 09:45:07,225] {dag.py:2927} INFO - Setting next_dagrun for example_task_group_decorator to 2024-10-25T12:45:07.225091+00:00, run_after=2024-10-26T12:45:07.225091+00:00
[2024-10-26 09:45:07,238] {processor.py:161} INFO - Processing /root/Documentos/airflow/venv/lib/python3.9/site-packages/airflow/example_dags/example_task_group_decorator.py took 0.052 seconds
[2024-10-26 09:45:43,901] {processor.py:153} INFO - Started process (PID=3247) to work on /root/Documentos/airflow/venv/lib/python3.9/site-packages/airflow/example_dags/example_task_group_decorator.py
[2024-10-26 09:45:43,907] {processor.py:641} INFO - Processing file /root/Documentos/airflow/venv/lib/python3.9/site-packages/airflow/example_dags/example_task_group_decorator.py for tasks to queue
[2024-10-26 09:45:43,908] {logging_mixin.py:115} INFO - [2024-10-26 09:45:43,908] {dagbag.py:507} INFO - Filling up the DagBag from /root/Documentos/airflow/venv/lib/python3.9/site-packages/airflow/example_dags/example_task_group_decorator.py
[2024-10-26 09:45:43,921] {processor.py:651} INFO - DAG(s) dict_keys(['example_task_group_decorator']) retrieved from /root/Documentos/airflow/venv/lib/python3.9/site-packages/airflow/example_dags/example_task_group_decorator.py
[2024-10-26 09:45:43,945] {logging_mixin.py:115} INFO - [2024-10-26 09:45:43,945] {dag.py:2379} INFO - Sync 1 DAGs
[2024-10-26 09:45:43,954] {logging_mixin.py:115} INFO - [2024-10-26 09:45:43,954] {dag.py:2927} INFO - Setting next_dagrun for example_task_group_decorator to 2024-10-25T12:45:43.954296+00:00, run_after=2024-10-26T12:45:43.954296+00:00
[2024-10-26 09:45:43,967] {processor.py:161} INFO - Processing /root/Documentos/airflow/venv/lib/python3.9/site-packages/airflow/example_dags/example_task_group_decorator.py took 0.068 seconds
[2024-10-26 09:46:18,012] {processor.py:153} INFO - Started process (PID=3412) to work on /root/Documentos/airflow/venv/lib/python3.9/site-packages/airflow/example_dags/example_task_group_decorator.py
[2024-10-26 09:46:18,019] {processor.py:641} INFO - Processing file /root/Documentos/airflow/venv/lib/python3.9/site-packages/airflow/example_dags/example_task_group_decorator.py for tasks to queue
[2024-10-26 09:46:18,019] {logging_mixin.py:115} INFO - [2024-10-26 09:46:18,019] {dagbag.py:507} INFO - Filling up the DagBag from /root/Documentos/airflow/venv/lib/python3.9/site-packages/airflow/example_dags/example_task_group_decorator.py
[2024-10-26 09:46:18,033] {processor.py:651} INFO - DAG(s) dict_keys(['example_task_group_decorator']) retrieved from /root/Documentos/airflow/venv/lib/python3.9/site-packages/airflow/example_dags/example_task_group_decorator.py
[2024-10-26 09:46:18,057] {logging_mixin.py:115} INFO - [2024-10-26 09:46:18,057] {dag.py:2379} INFO - Sync 1 DAGs
[2024-10-26 09:46:18,065] {logging_mixin.py:115} INFO - [2024-10-26 09:46:18,065] {dag.py:2927} INFO - Setting next_dagrun for example_task_group_decorator to 2024-10-25T12:46:18.065760+00:00, run_after=2024-10-26T12:46:18.065760+00:00
[2024-10-26 09:46:18,078] {processor.py:161} INFO - Processing /root/Documentos/airflow/venv/lib/python3.9/site-packages/airflow/example_dags/example_task_group_decorator.py took 0.067 seconds
[2024-10-26 09:46:52,076] {processor.py:153} INFO - Started process (PID=3655) to work on /root/Documentos/airflow/venv/lib/python3.9/site-packages/airflow/example_dags/example_task_group_decorator.py
[2024-10-26 09:46:52,083] {processor.py:641} INFO - Processing file /root/Documentos/airflow/venv/lib/python3.9/site-packages/airflow/example_dags/example_task_group_decorator.py for tasks to queue
[2024-10-26 09:46:52,084] {logging_mixin.py:115} INFO - [2024-10-26 09:46:52,084] {dagbag.py:507} INFO - Filling up the DagBag from /root/Documentos/airflow/venv/lib/python3.9/site-packages/airflow/example_dags/example_task_group_decorator.py
[2024-10-26 09:46:52,096] {processor.py:651} INFO - DAG(s) dict_keys(['example_task_group_decorator']) retrieved from /root/Documentos/airflow/venv/lib/python3.9/site-packages/airflow/example_dags/example_task_group_decorator.py
[2024-10-26 09:46:52,107] {logging_mixin.py:115} INFO - [2024-10-26 09:46:52,107] {dag.py:2379} INFO - Sync 1 DAGs
[2024-10-26 09:46:52,116] {logging_mixin.py:115} INFO - [2024-10-26 09:46:52,115] {dag.py:2927} INFO - Setting next_dagrun for example_task_group_decorator to 2024-10-25T12:46:52.115730+00:00, run_after=2024-10-26T12:46:52.115730+00:00
[2024-10-26 09:46:52,128] {processor.py:161} INFO - Processing /root/Documentos/airflow/venv/lib/python3.9/site-packages/airflow/example_dags/example_task_group_decorator.py took 0.053 seconds
[2024-10-26 09:47:25,184] {processor.py:153} INFO - Started process (PID=3815) to work on /root/Documentos/airflow/venv/lib/python3.9/site-packages/airflow/example_dags/example_task_group_decorator.py
[2024-10-26 09:47:25,187] {processor.py:641} INFO - Processing file /root/Documentos/airflow/venv/lib/python3.9/site-packages/airflow/example_dags/example_task_group_decorator.py for tasks to queue
[2024-10-26 09:47:25,188] {logging_mixin.py:115} INFO - [2024-10-26 09:47:25,188] {dagbag.py:507} INFO - Filling up the DagBag from /root/Documentos/airflow/venv/lib/python3.9/site-packages/airflow/example_dags/example_task_group_decorator.py
[2024-10-26 09:47:25,201] {processor.py:651} INFO - DAG(s) dict_keys(['example_task_group_decorator']) retrieved from /root/Documentos/airflow/venv/lib/python3.9/site-packages/airflow/example_dags/example_task_group_decorator.py
[2024-10-26 09:47:25,211] {logging_mixin.py:115} INFO - [2024-10-26 09:47:25,211] {dag.py:2379} INFO - Sync 1 DAGs
[2024-10-26 09:47:25,220] {logging_mixin.py:115} INFO - [2024-10-26 09:47:25,220] {dag.py:2927} INFO - Setting next_dagrun for example_task_group_decorator to 2024-10-25T12:47:25.220616+00:00, run_after=2024-10-26T12:47:25.220616+00:00
[2024-10-26 09:47:25,234] {processor.py:161} INFO - Processing /root/Documentos/airflow/venv/lib/python3.9/site-packages/airflow/example_dags/example_task_group_decorator.py took 0.051 seconds
[2024-10-26 09:47:58,518] {processor.py:153} INFO - Started process (PID=3978) to work on /root/Documentos/airflow/venv/lib/python3.9/site-packages/airflow/example_dags/example_task_group_decorator.py
[2024-10-26 09:47:58,524] {processor.py:641} INFO - Processing file /root/Documentos/airflow/venv/lib/python3.9/site-packages/airflow/example_dags/example_task_group_decorator.py for tasks to queue
[2024-10-26 09:47:58,524] {logging_mixin.py:115} INFO - [2024-10-26 09:47:58,524] {dagbag.py:507} INFO - Filling up the DagBag from /root/Documentos/airflow/venv/lib/python3.9/site-packages/airflow/example_dags/example_task_group_decorator.py
[2024-10-26 09:47:58,539] {processor.py:651} INFO - DAG(s) dict_keys(['example_task_group_decorator']) retrieved from /root/Documentos/airflow/venv/lib/python3.9/site-packages/airflow/example_dags/example_task_group_decorator.py
[2024-10-26 09:47:58,562] {logging_mixin.py:115} INFO - [2024-10-26 09:47:58,561] {dag.py:2379} INFO - Sync 1 DAGs
[2024-10-26 09:47:58,570] {logging_mixin.py:115} INFO - [2024-10-26 09:47:58,570] {dag.py:2927} INFO - Setting next_dagrun for example_task_group_decorator to 2024-10-25T12:47:58.570187+00:00, run_after=2024-10-26T12:47:58.570187+00:00
[2024-10-26 09:47:58,582] {processor.py:161} INFO - Processing /root/Documentos/airflow/venv/lib/python3.9/site-packages/airflow/example_dags/example_task_group_decorator.py took 0.065 seconds
[2024-10-26 09:48:35,779] {processor.py:153} INFO - Started process (PID=4166) to work on /root/Documentos/airflow/venv/lib/python3.9/site-packages/airflow/example_dags/example_task_group_decorator.py
[2024-10-26 09:48:35,782] {processor.py:641} INFO - Processing file /root/Documentos/airflow/venv/lib/python3.9/site-packages/airflow/example_dags/example_task_group_decorator.py for tasks to queue
[2024-10-26 09:48:35,782] {logging_mixin.py:115} INFO - [2024-10-26 09:48:35,782] {dagbag.py:507} INFO - Filling up the DagBag from /root/Documentos/airflow/venv/lib/python3.9/site-packages/airflow/example_dags/example_task_group_decorator.py
[2024-10-26 09:48:35,797] {processor.py:651} INFO - DAG(s) dict_keys(['example_task_group_decorator']) retrieved from /root/Documentos/airflow/venv/lib/python3.9/site-packages/airflow/example_dags/example_task_group_decorator.py
[2024-10-26 09:48:35,806] {logging_mixin.py:115} INFO - [2024-10-26 09:48:35,806] {dag.py:2379} INFO - Sync 1 DAGs
[2024-10-26 09:48:35,815] {logging_mixin.py:115} INFO - [2024-10-26 09:48:35,815] {dag.py:2927} INFO - Setting next_dagrun for example_task_group_decorator to 2024-10-25T12:48:35.814986+00:00, run_after=2024-10-26T12:48:35.814986+00:00
[2024-10-26 09:48:35,829] {processor.py:161} INFO - Processing /root/Documentos/airflow/venv/lib/python3.9/site-packages/airflow/example_dags/example_task_group_decorator.py took 0.051 seconds
[2024-10-26 09:49:08,595] {processor.py:153} INFO - Started process (PID=4326) to work on /root/Documentos/airflow/venv/lib/python3.9/site-packages/airflow/example_dags/example_task_group_decorator.py
[2024-10-26 09:49:08,595] {processor.py:641} INFO - Processing file /root/Documentos/airflow/venv/lib/python3.9/site-packages/airflow/example_dags/example_task_group_decorator.py for tasks to queue
[2024-10-26 09:49:08,595] {logging_mixin.py:115} INFO - [2024-10-26 09:49:08,595] {dagbag.py:507} INFO - Filling up the DagBag from /root/Documentos/airflow/venv/lib/python3.9/site-packages/airflow/example_dags/example_task_group_decorator.py
[2024-10-26 09:49:08,609] {processor.py:651} INFO - DAG(s) dict_keys(['example_task_group_decorator']) retrieved from /root/Documentos/airflow/venv/lib/python3.9/site-packages/airflow/example_dags/example_task_group_decorator.py
[2024-10-26 09:49:08,618] {logging_mixin.py:115} INFO - [2024-10-26 09:49:08,618] {dag.py:2379} INFO - Sync 1 DAGs
[2024-10-26 09:49:08,627] {logging_mixin.py:115} INFO - [2024-10-26 09:49:08,626] {dag.py:2927} INFO - Setting next_dagrun for example_task_group_decorator to 2024-10-25T12:49:08.626813+00:00, run_after=2024-10-26T12:49:08.626813+00:00
[2024-10-26 09:49:08,641] {processor.py:161} INFO - Processing /root/Documentos/airflow/venv/lib/python3.9/site-packages/airflow/example_dags/example_task_group_decorator.py took 0.048 seconds
[2024-10-26 09:49:44,049] {processor.py:153} INFO - Started process (PID=4495) to work on /root/Documentos/airflow/venv/lib/python3.9/site-packages/airflow/example_dags/example_task_group_decorator.py
[2024-10-26 09:49:44,053] {processor.py:641} INFO - Processing file /root/Documentos/airflow/venv/lib/python3.9/site-packages/airflow/example_dags/example_task_group_decorator.py for tasks to queue
[2024-10-26 09:49:44,053] {logging_mixin.py:115} INFO - [2024-10-26 09:49:44,053] {dagbag.py:507} INFO - Filling up the DagBag from /root/Documentos/airflow/venv/lib/python3.9/site-packages/airflow/example_dags/example_task_group_decorator.py
[2024-10-26 09:49:44,068] {processor.py:651} INFO - DAG(s) dict_keys(['example_task_group_decorator']) retrieved from /root/Documentos/airflow/venv/lib/python3.9/site-packages/airflow/example_dags/example_task_group_decorator.py
[2024-10-26 09:49:44,076] {logging_mixin.py:115} INFO - [2024-10-26 09:49:44,076] {dag.py:2379} INFO - Sync 1 DAGs
[2024-10-26 09:49:44,085] {logging_mixin.py:115} INFO - [2024-10-26 09:49:44,085] {dag.py:2927} INFO - Setting next_dagrun for example_task_group_decorator to 2024-10-25T12:49:44.085668+00:00, run_after=2024-10-26T12:49:44.085668+00:00
[2024-10-26 09:49:44,100] {processor.py:161} INFO - Processing /root/Documentos/airflow/venv/lib/python3.9/site-packages/airflow/example_dags/example_task_group_decorator.py took 0.053 seconds
[2024-10-26 09:50:19,021] {processor.py:153} INFO - Started process (PID=4664) to work on /root/Documentos/airflow/venv/lib/python3.9/site-packages/airflow/example_dags/example_task_group_decorator.py
[2024-10-26 09:50:19,026] {processor.py:641} INFO - Processing file /root/Documentos/airflow/venv/lib/python3.9/site-packages/airflow/example_dags/example_task_group_decorator.py for tasks to queue
[2024-10-26 09:50:19,026] {logging_mixin.py:115} INFO - [2024-10-26 09:50:19,026] {dagbag.py:507} INFO - Filling up the DagBag from /root/Documentos/airflow/venv/lib/python3.9/site-packages/airflow/example_dags/example_task_group_decorator.py
[2024-10-26 09:50:19,041] {processor.py:651} INFO - DAG(s) dict_keys(['example_task_group_decorator']) retrieved from /root/Documentos/airflow/venv/lib/python3.9/site-packages/airflow/example_dags/example_task_group_decorator.py
[2024-10-26 09:50:19,050] {logging_mixin.py:115} INFO - [2024-10-26 09:50:19,049] {dag.py:2379} INFO - Sync 1 DAGs
[2024-10-26 09:50:19,058] {logging_mixin.py:115} INFO - [2024-10-26 09:50:19,058] {dag.py:2927} INFO - Setting next_dagrun for example_task_group_decorator to 2024-10-25T12:50:19.058769+00:00, run_after=2024-10-26T12:50:19.058769+00:00
[2024-10-26 09:50:19,074] {processor.py:161} INFO - Processing /root/Documentos/airflow/venv/lib/python3.9/site-packages/airflow/example_dags/example_task_group_decorator.py took 0.055 seconds
[2024-10-26 09:50:53,748] {processor.py:153} INFO - Started process (PID=4834) to work on /root/Documentos/airflow/venv/lib/python3.9/site-packages/airflow/example_dags/example_task_group_decorator.py
[2024-10-26 09:50:53,750] {processor.py:641} INFO - Processing file /root/Documentos/airflow/venv/lib/python3.9/site-packages/airflow/example_dags/example_task_group_decorator.py for tasks to queue
[2024-10-26 09:50:53,750] {logging_mixin.py:115} INFO - [2024-10-26 09:50:53,750] {dagbag.py:507} INFO - Filling up the DagBag from /root/Documentos/airflow/venv/lib/python3.9/site-packages/airflow/example_dags/example_task_group_decorator.py
[2024-10-26 09:50:53,765] {processor.py:651} INFO - DAG(s) dict_keys(['example_task_group_decorator']) retrieved from /root/Documentos/airflow/venv/lib/python3.9/site-packages/airflow/example_dags/example_task_group_decorator.py
[2024-10-26 09:50:53,774] {logging_mixin.py:115} INFO - [2024-10-26 09:50:53,774] {dag.py:2379} INFO - Sync 1 DAGs
[2024-10-26 09:50:53,783] {logging_mixin.py:115} INFO - [2024-10-26 09:50:53,783] {dag.py:2927} INFO - Setting next_dagrun for example_task_group_decorator to 2024-10-25T12:50:53.783382+00:00, run_after=2024-10-26T12:50:53.783382+00:00
[2024-10-26 09:50:53,799] {processor.py:161} INFO - Processing /root/Documentos/airflow/venv/lib/python3.9/site-packages/airflow/example_dags/example_task_group_decorator.py took 0.052 seconds
[2024-10-26 09:51:28,972] {processor.py:153} INFO - Started process (PID=5005) to work on /root/Documentos/airflow/venv/lib/python3.9/site-packages/airflow/example_dags/example_task_group_decorator.py
[2024-10-26 09:51:28,977] {processor.py:641} INFO - Processing file /root/Documentos/airflow/venv/lib/python3.9/site-packages/airflow/example_dags/example_task_group_decorator.py for tasks to queue
[2024-10-26 09:51:28,978] {logging_mixin.py:115} INFO - [2024-10-26 09:51:28,978] {dagbag.py:507} INFO - Filling up the DagBag from /root/Documentos/airflow/venv/lib/python3.9/site-packages/airflow/example_dags/example_task_group_decorator.py
[2024-10-26 09:51:28,992] {processor.py:651} INFO - DAG(s) dict_keys(['example_task_group_decorator']) retrieved from /root/Documentos/airflow/venv/lib/python3.9/site-packages/airflow/example_dags/example_task_group_decorator.py
[2024-10-26 09:51:29,002] {logging_mixin.py:115} INFO - [2024-10-26 09:51:29,002] {dag.py:2379} INFO - Sync 1 DAGs
[2024-10-26 09:51:29,011] {logging_mixin.py:115} INFO - [2024-10-26 09:51:29,011] {dag.py:2927} INFO - Setting next_dagrun for example_task_group_decorator to 2024-10-25T12:51:29.011392+00:00, run_after=2024-10-26T12:51:29.011392+00:00
[2024-10-26 09:51:29,026] {processor.py:161} INFO - Processing /root/Documentos/airflow/venv/lib/python3.9/site-packages/airflow/example_dags/example_task_group_decorator.py took 0.055 seconds
[2024-10-26 09:52:02,825] {processor.py:153} INFO - Started process (PID=5169) to work on /root/Documentos/airflow/venv/lib/python3.9/site-packages/airflow/example_dags/example_task_group_decorator.py
[2024-10-26 09:52:02,827] {processor.py:641} INFO - Processing file /root/Documentos/airflow/venv/lib/python3.9/site-packages/airflow/example_dags/example_task_group_decorator.py for tasks to queue
[2024-10-26 09:52:02,827] {logging_mixin.py:115} INFO - [2024-10-26 09:52:02,827] {dagbag.py:507} INFO - Filling up the DagBag from /root/Documentos/airflow/venv/lib/python3.9/site-packages/airflow/example_dags/example_task_group_decorator.py
[2024-10-26 09:52:02,842] {processor.py:651} INFO - DAG(s) dict_keys(['example_task_group_decorator']) retrieved from /root/Documentos/airflow/venv/lib/python3.9/site-packages/airflow/example_dags/example_task_group_decorator.py
[2024-10-26 09:52:02,851] {logging_mixin.py:115} INFO - [2024-10-26 09:52:02,851] {dag.py:2379} INFO - Sync 1 DAGs
[2024-10-26 09:52:02,860] {logging_mixin.py:115} INFO - [2024-10-26 09:52:02,860] {dag.py:2927} INFO - Setting next_dagrun for example_task_group_decorator to 2024-10-25T12:52:02.860439+00:00, run_after=2024-10-26T12:52:02.860439+00:00
[2024-10-26 09:52:02,876] {processor.py:161} INFO - Processing /root/Documentos/airflow/venv/lib/python3.9/site-packages/airflow/example_dags/example_task_group_decorator.py took 0.052 seconds
[2024-10-26 09:52:38,039] {processor.py:153} INFO - Started process (PID=5337) to work on /root/Documentos/airflow/venv/lib/python3.9/site-packages/airflow/example_dags/example_task_group_decorator.py
[2024-10-26 09:52:38,041] {processor.py:641} INFO - Processing file /root/Documentos/airflow/venv/lib/python3.9/site-packages/airflow/example_dags/example_task_group_decorator.py for tasks to queue
[2024-10-26 09:52:38,041] {logging_mixin.py:115} INFO - [2024-10-26 09:52:38,041] {dagbag.py:507} INFO - Filling up the DagBag from /root/Documentos/airflow/venv/lib/python3.9/site-packages/airflow/example_dags/example_task_group_decorator.py
[2024-10-26 09:52:38,055] {processor.py:651} INFO - DAG(s) dict_keys(['example_task_group_decorator']) retrieved from /root/Documentos/airflow/venv/lib/python3.9/site-packages/airflow/example_dags/example_task_group_decorator.py
[2024-10-26 09:52:38,064] {logging_mixin.py:115} INFO - [2024-10-26 09:52:38,064] {dag.py:2379} INFO - Sync 1 DAGs
[2024-10-26 09:52:38,074] {logging_mixin.py:115} INFO - [2024-10-26 09:52:38,073] {dag.py:2927} INFO - Setting next_dagrun for example_task_group_decorator to 2024-10-25T12:52:38.073847+00:00, run_after=2024-10-26T12:52:38.073847+00:00
[2024-10-26 09:52:38,088] {processor.py:161} INFO - Processing /root/Documentos/airflow/venv/lib/python3.9/site-packages/airflow/example_dags/example_task_group_decorator.py took 0.050 seconds
[2024-10-26 09:53:14,728] {processor.py:153} INFO - Started process (PID=5514) to work on /root/Documentos/airflow/venv/lib/python3.9/site-packages/airflow/example_dags/example_task_group_decorator.py
[2024-10-26 09:53:14,734] {processor.py:641} INFO - Processing file /root/Documentos/airflow/venv/lib/python3.9/site-packages/airflow/example_dags/example_task_group_decorator.py for tasks to queue
[2024-10-26 09:53:14,734] {logging_mixin.py:115} INFO - [2024-10-26 09:53:14,734] {dagbag.py:507} INFO - Filling up the DagBag from /root/Documentos/airflow/venv/lib/python3.9/site-packages/airflow/example_dags/example_task_group_decorator.py
[2024-10-26 09:53:14,748] {processor.py:651} INFO - DAG(s) dict_keys(['example_task_group_decorator']) retrieved from /root/Documentos/airflow/venv/lib/python3.9/site-packages/airflow/example_dags/example_task_group_decorator.py
[2024-10-26 09:53:14,771] {logging_mixin.py:115} INFO - [2024-10-26 09:53:14,771] {dag.py:2379} INFO - Sync 1 DAGs
[2024-10-26 09:53:14,780] {logging_mixin.py:115} INFO - [2024-10-26 09:53:14,779] {dag.py:2927} INFO - Setting next_dagrun for example_task_group_decorator to 2024-10-25T12:53:14.779824+00:00, run_after=2024-10-26T12:53:14.779824+00:00
[2024-10-26 09:53:14,796] {processor.py:161} INFO - Processing /root/Documentos/airflow/venv/lib/python3.9/site-packages/airflow/example_dags/example_task_group_decorator.py took 0.069 seconds
[2024-10-26 09:53:50,008] {processor.py:153} INFO - Started process (PID=5685) to work on /root/Documentos/airflow/venv/lib/python3.9/site-packages/airflow/example_dags/example_task_group_decorator.py
[2024-10-26 09:53:50,014] {processor.py:641} INFO - Processing file /root/Documentos/airflow/venv/lib/python3.9/site-packages/airflow/example_dags/example_task_group_decorator.py for tasks to queue
[2024-10-26 09:53:50,014] {logging_mixin.py:115} INFO - [2024-10-26 09:53:50,014] {dagbag.py:507} INFO - Filling up the DagBag from /root/Documentos/airflow/venv/lib/python3.9/site-packages/airflow/example_dags/example_task_group_decorator.py
[2024-10-26 09:53:50,028] {processor.py:651} INFO - DAG(s) dict_keys(['example_task_group_decorator']) retrieved from /root/Documentos/airflow/venv/lib/python3.9/site-packages/airflow/example_dags/example_task_group_decorator.py
[2024-10-26 09:53:50,037] {logging_mixin.py:115} INFO - [2024-10-26 09:53:50,037] {dag.py:2379} INFO - Sync 1 DAGs
[2024-10-26 09:53:50,046] {logging_mixin.py:115} INFO - [2024-10-26 09:53:50,046] {dag.py:2927} INFO - Setting next_dagrun for example_task_group_decorator to 2024-10-25T12:53:50.046185+00:00, run_after=2024-10-26T12:53:50.046185+00:00
[2024-10-26 09:53:50,062] {processor.py:161} INFO - Processing /root/Documentos/airflow/venv/lib/python3.9/site-packages/airflow/example_dags/example_task_group_decorator.py took 0.055 seconds
[2024-10-26 09:54:27,536] {processor.py:153} INFO - Started process (PID=5865) to work on /root/Documentos/airflow/venv/lib/python3.9/site-packages/airflow/example_dags/example_task_group_decorator.py
[2024-10-26 09:54:27,541] {processor.py:641} INFO - Processing file /root/Documentos/airflow/venv/lib/python3.9/site-packages/airflow/example_dags/example_task_group_decorator.py for tasks to queue
[2024-10-26 09:54:27,541] {logging_mixin.py:115} INFO - [2024-10-26 09:54:27,541] {dagbag.py:507} INFO - Filling up the DagBag from /root/Documentos/airflow/venv/lib/python3.9/site-packages/airflow/example_dags/example_task_group_decorator.py
[2024-10-26 09:54:27,558] {processor.py:651} INFO - DAG(s) dict_keys(['example_task_group_decorator']) retrieved from /root/Documentos/airflow/venv/lib/python3.9/site-packages/airflow/example_dags/example_task_group_decorator.py
[2024-10-26 09:54:27,568] {logging_mixin.py:115} INFO - [2024-10-26 09:54:27,568] {dag.py:2379} INFO - Sync 1 DAGs
[2024-10-26 09:54:27,579] {logging_mixin.py:115} INFO - [2024-10-26 09:54:27,579] {dag.py:2927} INFO - Setting next_dagrun for example_task_group_decorator to 2024-10-25T12:54:27.579189+00:00, run_after=2024-10-26T12:54:27.579189+00:00
[2024-10-26 09:54:27,594] {processor.py:161} INFO - Processing /root/Documentos/airflow/venv/lib/python3.9/site-packages/airflow/example_dags/example_task_group_decorator.py took 0.059 seconds
[2024-10-26 09:55:01,769] {processor.py:153} INFO - Started process (PID=6031) to work on /root/Documentos/airflow/venv/lib/python3.9/site-packages/airflow/example_dags/example_task_group_decorator.py
[2024-10-26 09:55:01,773] {processor.py:641} INFO - Processing file /root/Documentos/airflow/venv/lib/python3.9/site-packages/airflow/example_dags/example_task_group_decorator.py for tasks to queue
[2024-10-26 09:55:01,773] {logging_mixin.py:115} INFO - [2024-10-26 09:55:01,773] {dagbag.py:507} INFO - Filling up the DagBag from /root/Documentos/airflow/venv/lib/python3.9/site-packages/airflow/example_dags/example_task_group_decorator.py
[2024-10-26 09:55:01,787] {processor.py:651} INFO - DAG(s) dict_keys(['example_task_group_decorator']) retrieved from /root/Documentos/airflow/venv/lib/python3.9/site-packages/airflow/example_dags/example_task_group_decorator.py
[2024-10-26 09:55:01,796] {logging_mixin.py:115} INFO - [2024-10-26 09:55:01,796] {dag.py:2379} INFO - Sync 1 DAGs
[2024-10-26 09:55:01,805] {logging_mixin.py:115} INFO - [2024-10-26 09:55:01,805] {dag.py:2927} INFO - Setting next_dagrun for example_task_group_decorator to 2024-10-25T12:55:01.804991+00:00, run_after=2024-10-26T12:55:01.804991+00:00
[2024-10-26 09:55:01,820] {processor.py:161} INFO - Processing /root/Documentos/airflow/venv/lib/python3.9/site-packages/airflow/example_dags/example_task_group_decorator.py took 0.053 seconds
