[2024-10-26 09:25:00,343] {processor.py:153} INFO - Started process (PID=10285) to work on /root/Documentos/airflow/venv/lib/python3.9/site-packages/airflow/example_dags/tutorial.py
[2024-10-26 09:25:00,343] {processor.py:641} INFO - Processing file /root/Documentos/airflow/venv/lib/python3.9/site-packages/airflow/example_dags/tutorial.py for tasks to queue
[2024-10-26 09:25:00,343] {logging_mixin.py:115} INFO - [2024-10-26 09:25:00,343] {dagbag.py:507} INFO - Filling up the DagBag from /root/Documentos/airflow/venv/lib/python3.9/site-packages/airflow/example_dags/tutorial.py
[2024-10-26 09:25:00,346] {processor.py:651} INFO - DAG(s) dict_keys(['tutorial']) retrieved from /root/Documentos/airflow/venv/lib/python3.9/site-packages/airflow/example_dags/tutorial.py
[2024-10-26 09:25:00,397] {logging_mixin.py:115} INFO - [2024-10-26 09:25:00,397] {manager.py:508} INFO - Created Permission View: can edit on DAG:tutorial
[2024-10-26 09:25:00,407] {logging_mixin.py:115} INFO - [2024-10-26 09:25:00,407] {manager.py:508} INFO - Created Permission View: can read on DAG:tutorial
[2024-10-26 09:25:00,416] {logging_mixin.py:115} INFO - [2024-10-26 09:25:00,415] {manager.py:508} INFO - Created Permission View: can delete on DAG:tutorial
[2024-10-26 09:25:00,416] {logging_mixin.py:115} INFO - [2024-10-26 09:25:00,416] {dag.py:2379} INFO - Sync 1 DAGs
[2024-10-26 09:25:00,420] {logging_mixin.py:115} INFO - [2024-10-26 09:25:00,420] {dag.py:2398} INFO - Creating ORM DAG for tutorial
[2024-10-26 09:25:00,425] {logging_mixin.py:115} INFO - [2024-10-26 09:25:00,425] {dag.py:2927} INFO - Setting next_dagrun for tutorial to 2024-10-25T12:25:00.424988+00:00, run_after=2024-10-26T12:25:00.424988+00:00
[2024-10-26 09:25:00,439] {processor.py:161} INFO - Processing /root/Documentos/airflow/venv/lib/python3.9/site-packages/airflow/example_dags/tutorial.py took 0.098 seconds
[2024-10-26 09:25:36,513] {processor.py:153} INFO - Started process (PID=10457) to work on /root/Documentos/airflow/venv/lib/python3.9/site-packages/airflow/example_dags/tutorial.py
[2024-10-26 09:25:36,521] {processor.py:641} INFO - Processing file /root/Documentos/airflow/venv/lib/python3.9/site-packages/airflow/example_dags/tutorial.py for tasks to queue
[2024-10-26 09:25:36,521] {logging_mixin.py:115} INFO - [2024-10-26 09:25:36,521] {dagbag.py:507} INFO - Filling up the DagBag from /root/Documentos/airflow/venv/lib/python3.9/site-packages/airflow/example_dags/tutorial.py
[2024-10-26 09:25:36,524] {processor.py:651} INFO - DAG(s) dict_keys(['tutorial']) retrieved from /root/Documentos/airflow/venv/lib/python3.9/site-packages/airflow/example_dags/tutorial.py
[2024-10-26 09:25:36,532] {logging_mixin.py:115} INFO - [2024-10-26 09:25:36,532] {dag.py:2379} INFO - Sync 1 DAGs
[2024-10-26 09:25:36,542] {logging_mixin.py:115} INFO - [2024-10-26 09:25:36,542] {dag.py:2927} INFO - Setting next_dagrun for tutorial to 2024-10-25T12:25:36.542507+00:00, run_after=2024-10-26T12:25:36.542507+00:00
[2024-10-26 09:25:36,555] {processor.py:161} INFO - Processing /root/Documentos/airflow/venv/lib/python3.9/site-packages/airflow/example_dags/tutorial.py took 0.044 seconds
[2024-10-26 09:26:08,129] {processor.py:153} INFO - Started process (PID=10611) to work on /root/Documentos/airflow/venv/lib/python3.9/site-packages/airflow/example_dags/tutorial.py
[2024-10-26 09:26:08,134] {processor.py:641} INFO - Processing file /root/Documentos/airflow/venv/lib/python3.9/site-packages/airflow/example_dags/tutorial.py for tasks to queue
[2024-10-26 09:26:08,134] {logging_mixin.py:115} INFO - [2024-10-26 09:26:08,134] {dagbag.py:507} INFO - Filling up the DagBag from /root/Documentos/airflow/venv/lib/python3.9/site-packages/airflow/example_dags/tutorial.py
[2024-10-26 09:26:08,138] {processor.py:651} INFO - DAG(s) dict_keys(['tutorial']) retrieved from /root/Documentos/airflow/venv/lib/python3.9/site-packages/airflow/example_dags/tutorial.py
[2024-10-26 09:26:08,146] {logging_mixin.py:115} INFO - [2024-10-26 09:26:08,146] {dag.py:2379} INFO - Sync 1 DAGs
[2024-10-26 09:26:08,156] {logging_mixin.py:115} INFO - [2024-10-26 09:26:08,156] {dag.py:2927} INFO - Setting next_dagrun for tutorial to 2024-10-25T12:26:08.156720+00:00, run_after=2024-10-26T12:26:08.156720+00:00
[2024-10-26 09:26:08,169] {processor.py:161} INFO - Processing /root/Documentos/airflow/venv/lib/python3.9/site-packages/airflow/example_dags/tutorial.py took 0.041 seconds
[2024-10-26 09:26:44,857] {processor.py:153} INFO - Started process (PID=10788) to work on /root/Documentos/airflow/venv/lib/python3.9/site-packages/airflow/example_dags/tutorial.py
[2024-10-26 09:26:44,862] {processor.py:641} INFO - Processing file /root/Documentos/airflow/venv/lib/python3.9/site-packages/airflow/example_dags/tutorial.py for tasks to queue
[2024-10-26 09:26:44,863] {logging_mixin.py:115} INFO - [2024-10-26 09:26:44,862] {dagbag.py:507} INFO - Filling up the DagBag from /root/Documentos/airflow/venv/lib/python3.9/site-packages/airflow/example_dags/tutorial.py
[2024-10-26 09:26:44,866] {processor.py:651} INFO - DAG(s) dict_keys(['tutorial']) retrieved from /root/Documentos/airflow/venv/lib/python3.9/site-packages/airflow/example_dags/tutorial.py
[2024-10-26 09:26:44,874] {logging_mixin.py:115} INFO - [2024-10-26 09:26:44,874] {dag.py:2379} INFO - Sync 1 DAGs
[2024-10-26 09:26:44,885] {logging_mixin.py:115} INFO - [2024-10-26 09:26:44,885] {dag.py:2927} INFO - Setting next_dagrun for tutorial to 2024-10-25T12:26:44.885168+00:00, run_after=2024-10-26T12:26:44.885168+00:00
[2024-10-26 09:26:44,899] {processor.py:161} INFO - Processing /root/Documentos/airflow/venv/lib/python3.9/site-packages/airflow/example_dags/tutorial.py took 0.043 seconds
[2024-10-26 09:27:16,478] {processor.py:153} INFO - Started process (PID=10943) to work on /root/Documentos/airflow/venv/lib/python3.9/site-packages/airflow/example_dags/tutorial.py
[2024-10-26 09:27:16,479] {processor.py:641} INFO - Processing file /root/Documentos/airflow/venv/lib/python3.9/site-packages/airflow/example_dags/tutorial.py for tasks to queue
[2024-10-26 09:27:16,480] {logging_mixin.py:115} INFO - [2024-10-26 09:27:16,479] {dagbag.py:507} INFO - Filling up the DagBag from /root/Documentos/airflow/venv/lib/python3.9/site-packages/airflow/example_dags/tutorial.py
[2024-10-26 09:27:16,482] {processor.py:651} INFO - DAG(s) dict_keys(['tutorial']) retrieved from /root/Documentos/airflow/venv/lib/python3.9/site-packages/airflow/example_dags/tutorial.py
[2024-10-26 09:27:16,491] {logging_mixin.py:115} INFO - [2024-10-26 09:27:16,491] {dag.py:2379} INFO - Sync 1 DAGs
[2024-10-26 09:27:16,501] {logging_mixin.py:115} INFO - [2024-10-26 09:27:16,501] {dag.py:2927} INFO - Setting next_dagrun for tutorial to 2024-10-25T12:27:16.501656+00:00, run_after=2024-10-26T12:27:16.501656+00:00
[2024-10-26 09:27:16,516] {processor.py:161} INFO - Processing /root/Documentos/airflow/venv/lib/python3.9/site-packages/airflow/example_dags/tutorial.py took 0.039 seconds
[2024-10-26 09:27:50,618] {processor.py:153} INFO - Started process (PID=11114) to work on /root/Documentos/airflow/venv/lib/python3.9/site-packages/airflow/example_dags/tutorial.py
[2024-10-26 09:27:50,624] {processor.py:641} INFO - Processing file /root/Documentos/airflow/venv/lib/python3.9/site-packages/airflow/example_dags/tutorial.py for tasks to queue
[2024-10-26 09:27:50,625] {logging_mixin.py:115} INFO - [2024-10-26 09:27:50,625] {dagbag.py:507} INFO - Filling up the DagBag from /root/Documentos/airflow/venv/lib/python3.9/site-packages/airflow/example_dags/tutorial.py
[2024-10-26 09:27:50,628] {processor.py:651} INFO - DAG(s) dict_keys(['tutorial']) retrieved from /root/Documentos/airflow/venv/lib/python3.9/site-packages/airflow/example_dags/tutorial.py
[2024-10-26 09:27:50,637] {logging_mixin.py:115} INFO - [2024-10-26 09:27:50,637] {dag.py:2379} INFO - Sync 1 DAGs
[2024-10-26 09:27:50,649] {logging_mixin.py:115} INFO - [2024-10-26 09:27:50,648] {dag.py:2927} INFO - Setting next_dagrun for tutorial to 2024-10-25T12:27:50.648806+00:00, run_after=2024-10-26T12:27:50.648806+00:00
[2024-10-26 09:27:50,660] {processor.py:161} INFO - Processing /root/Documentos/airflow/venv/lib/python3.9/site-packages/airflow/example_dags/tutorial.py took 0.044 seconds
[2024-10-26 09:28:24,790] {processor.py:153} INFO - Started process (PID=11278) to work on /root/Documentos/airflow/venv/lib/python3.9/site-packages/airflow/example_dags/tutorial.py
[2024-10-26 09:28:24,791] {processor.py:641} INFO - Processing file /root/Documentos/airflow/venv/lib/python3.9/site-packages/airflow/example_dags/tutorial.py for tasks to queue
[2024-10-26 09:28:24,791] {logging_mixin.py:115} INFO - [2024-10-26 09:28:24,791] {dagbag.py:507} INFO - Filling up the DagBag from /root/Documentos/airflow/venv/lib/python3.9/site-packages/airflow/example_dags/tutorial.py
[2024-10-26 09:28:24,794] {processor.py:651} INFO - DAG(s) dict_keys(['tutorial']) retrieved from /root/Documentos/airflow/venv/lib/python3.9/site-packages/airflow/example_dags/tutorial.py
[2024-10-26 09:28:24,802] {logging_mixin.py:115} INFO - [2024-10-26 09:28:24,802] {dag.py:2379} INFO - Sync 1 DAGs
[2024-10-26 09:28:24,813] {logging_mixin.py:115} INFO - [2024-10-26 09:28:24,812] {dag.py:2927} INFO - Setting next_dagrun for tutorial to 2024-10-25T12:28:24.812797+00:00, run_after=2024-10-26T12:28:24.812797+00:00
[2024-10-26 09:28:24,826] {processor.py:161} INFO - Processing /root/Documentos/airflow/venv/lib/python3.9/site-packages/airflow/example_dags/tutorial.py took 0.037 seconds
[2024-10-26 09:38:15,574] {processor.py:153} INFO - Started process (PID=1075) to work on /root/Documentos/airflow/venv/lib/python3.9/site-packages/airflow/example_dags/tutorial.py
[2024-10-26 09:38:15,575] {processor.py:641} INFO - Processing file /root/Documentos/airflow/venv/lib/python3.9/site-packages/airflow/example_dags/tutorial.py for tasks to queue
[2024-10-26 09:38:15,575] {logging_mixin.py:115} INFO - [2024-10-26 09:38:15,575] {dagbag.py:507} INFO - Filling up the DagBag from /root/Documentos/airflow/venv/lib/python3.9/site-packages/airflow/example_dags/tutorial.py
[2024-10-26 09:38:15,579] {processor.py:651} INFO - DAG(s) dict_keys(['tutorial']) retrieved from /root/Documentos/airflow/venv/lib/python3.9/site-packages/airflow/example_dags/tutorial.py
[2024-10-26 09:38:15,588] {logging_mixin.py:115} INFO - [2024-10-26 09:38:15,588] {dag.py:2379} INFO - Sync 1 DAGs
[2024-10-26 09:38:15,599] {logging_mixin.py:115} INFO - [2024-10-26 09:38:15,599] {dag.py:2927} INFO - Setting next_dagrun for tutorial to 2024-10-25T12:38:15.598872+00:00, run_after=2024-10-26T12:38:15.598872+00:00
[2024-10-26 09:38:15,610] {processor.py:161} INFO - Processing /root/Documentos/airflow/venv/lib/python3.9/site-packages/airflow/example_dags/tutorial.py took 0.037 seconds
[2024-10-26 09:38:47,683] {processor.py:153} INFO - Started process (PID=1232) to work on /root/Documentos/airflow/venv/lib/python3.9/site-packages/airflow/example_dags/tutorial.py
[2024-10-26 09:38:47,689] {processor.py:641} INFO - Processing file /root/Documentos/airflow/venv/lib/python3.9/site-packages/airflow/example_dags/tutorial.py for tasks to queue
[2024-10-26 09:38:47,689] {logging_mixin.py:115} INFO - [2024-10-26 09:38:47,689] {dagbag.py:507} INFO - Filling up the DagBag from /root/Documentos/airflow/venv/lib/python3.9/site-packages/airflow/example_dags/tutorial.py
[2024-10-26 09:38:47,692] {processor.py:651} INFO - DAG(s) dict_keys(['tutorial']) retrieved from /root/Documentos/airflow/venv/lib/python3.9/site-packages/airflow/example_dags/tutorial.py
[2024-10-26 09:38:47,700] {logging_mixin.py:115} INFO - [2024-10-26 09:38:47,700] {dag.py:2379} INFO - Sync 1 DAGs
[2024-10-26 09:38:47,710] {logging_mixin.py:115} INFO - [2024-10-26 09:38:47,710] {dag.py:2927} INFO - Setting next_dagrun for tutorial to 2024-10-25T12:38:47.710546+00:00, run_after=2024-10-26T12:38:47.710546+00:00
[2024-10-26 09:38:47,723] {processor.py:161} INFO - Processing /root/Documentos/airflow/venv/lib/python3.9/site-packages/airflow/example_dags/tutorial.py took 0.041 seconds
[2024-10-26 09:39:22,538] {processor.py:153} INFO - Started process (PID=1403) to work on /root/Documentos/airflow/venv/lib/python3.9/site-packages/airflow/example_dags/tutorial.py
[2024-10-26 09:39:22,545] {processor.py:641} INFO - Processing file /root/Documentos/airflow/venv/lib/python3.9/site-packages/airflow/example_dags/tutorial.py for tasks to queue
[2024-10-26 09:39:22,545] {logging_mixin.py:115} INFO - [2024-10-26 09:39:22,545] {dagbag.py:507} INFO - Filling up the DagBag from /root/Documentos/airflow/venv/lib/python3.9/site-packages/airflow/example_dags/tutorial.py
[2024-10-26 09:39:22,548] {processor.py:651} INFO - DAG(s) dict_keys(['tutorial']) retrieved from /root/Documentos/airflow/venv/lib/python3.9/site-packages/airflow/example_dags/tutorial.py
[2024-10-26 09:39:22,557] {logging_mixin.py:115} INFO - [2024-10-26 09:39:22,557] {dag.py:2379} INFO - Sync 1 DAGs
[2024-10-26 09:39:22,570] {logging_mixin.py:115} INFO - [2024-10-26 09:39:22,570] {dag.py:2927} INFO - Setting next_dagrun for tutorial to 2024-10-25T12:39:22.569714+00:00, run_after=2024-10-26T12:39:22.569714+00:00
[2024-10-26 09:39:22,582] {processor.py:161} INFO - Processing /root/Documentos/airflow/venv/lib/python3.9/site-packages/airflow/example_dags/tutorial.py took 0.045 seconds
[2024-10-26 09:39:55,211] {processor.py:153} INFO - Started process (PID=1562) to work on /root/Documentos/airflow/venv/lib/python3.9/site-packages/airflow/example_dags/tutorial.py
[2024-10-26 09:39:55,218] {processor.py:641} INFO - Processing file /root/Documentos/airflow/venv/lib/python3.9/site-packages/airflow/example_dags/tutorial.py for tasks to queue
[2024-10-26 09:39:55,218] {logging_mixin.py:115} INFO - [2024-10-26 09:39:55,218] {dagbag.py:507} INFO - Filling up the DagBag from /root/Documentos/airflow/venv/lib/python3.9/site-packages/airflow/example_dags/tutorial.py
[2024-10-26 09:39:55,221] {processor.py:651} INFO - DAG(s) dict_keys(['tutorial']) retrieved from /root/Documentos/airflow/venv/lib/python3.9/site-packages/airflow/example_dags/tutorial.py
[2024-10-26 09:39:55,229] {logging_mixin.py:115} INFO - [2024-10-26 09:39:55,229] {dag.py:2379} INFO - Sync 1 DAGs
[2024-10-26 09:39:55,241] {logging_mixin.py:115} INFO - [2024-10-26 09:39:55,241] {dag.py:2927} INFO - Setting next_dagrun for tutorial to 2024-10-25T12:39:55.240927+00:00, run_after=2024-10-26T12:39:55.240927+00:00
[2024-10-26 09:39:55,255] {processor.py:161} INFO - Processing /root/Documentos/airflow/venv/lib/python3.9/site-packages/airflow/example_dags/tutorial.py took 0.045 seconds
[2024-10-26 09:40:32,337] {processor.py:153} INFO - Started process (PID=1738) to work on /root/Documentos/airflow/venv/lib/python3.9/site-packages/airflow/example_dags/tutorial.py
[2024-10-26 09:40:32,345] {processor.py:641} INFO - Processing file /root/Documentos/airflow/venv/lib/python3.9/site-packages/airflow/example_dags/tutorial.py for tasks to queue
[2024-10-26 09:40:32,345] {logging_mixin.py:115} INFO - [2024-10-26 09:40:32,345] {dagbag.py:507} INFO - Filling up the DagBag from /root/Documentos/airflow/venv/lib/python3.9/site-packages/airflow/example_dags/tutorial.py
[2024-10-26 09:40:32,348] {processor.py:651} INFO - DAG(s) dict_keys(['tutorial']) retrieved from /root/Documentos/airflow/venv/lib/python3.9/site-packages/airflow/example_dags/tutorial.py
[2024-10-26 09:40:32,356] {logging_mixin.py:115} INFO - [2024-10-26 09:40:32,356] {dag.py:2379} INFO - Sync 1 DAGs
[2024-10-26 09:40:32,367] {logging_mixin.py:115} INFO - [2024-10-26 09:40:32,366] {dag.py:2927} INFO - Setting next_dagrun for tutorial to 2024-10-25T12:40:32.366821+00:00, run_after=2024-10-26T12:40:32.366821+00:00
[2024-10-26 09:40:32,381] {processor.py:161} INFO - Processing /root/Documentos/airflow/venv/lib/python3.9/site-packages/airflow/example_dags/tutorial.py took 0.045 seconds
[2024-10-26 09:41:06,653] {processor.py:153} INFO - Started process (PID=1904) to work on /root/Documentos/airflow/venv/lib/python3.9/site-packages/airflow/example_dags/tutorial.py
[2024-10-26 09:41:06,657] {processor.py:641} INFO - Processing file /root/Documentos/airflow/venv/lib/python3.9/site-packages/airflow/example_dags/tutorial.py for tasks to queue
[2024-10-26 09:41:06,658] {logging_mixin.py:115} INFO - [2024-10-26 09:41:06,658] {dagbag.py:507} INFO - Filling up the DagBag from /root/Documentos/airflow/venv/lib/python3.9/site-packages/airflow/example_dags/tutorial.py
[2024-10-26 09:41:06,661] {processor.py:651} INFO - DAG(s) dict_keys(['tutorial']) retrieved from /root/Documentos/airflow/venv/lib/python3.9/site-packages/airflow/example_dags/tutorial.py
[2024-10-26 09:41:06,669] {logging_mixin.py:115} INFO - [2024-10-26 09:41:06,669] {dag.py:2379} INFO - Sync 1 DAGs
[2024-10-26 09:41:06,679] {logging_mixin.py:115} INFO - [2024-10-26 09:41:06,679] {dag.py:2927} INFO - Setting next_dagrun for tutorial to 2024-10-25T12:41:06.679330+00:00, run_after=2024-10-26T12:41:06.679330+00:00
[2024-10-26 09:41:06,692] {processor.py:161} INFO - Processing /root/Documentos/airflow/venv/lib/python3.9/site-packages/airflow/example_dags/tutorial.py took 0.041 seconds
[2024-10-26 09:41:41,628] {processor.py:153} INFO - Started process (PID=2074) to work on /root/Documentos/airflow/venv/lib/python3.9/site-packages/airflow/example_dags/tutorial.py
[2024-10-26 09:41:41,630] {processor.py:641} INFO - Processing file /root/Documentos/airflow/venv/lib/python3.9/site-packages/airflow/example_dags/tutorial.py for tasks to queue
[2024-10-26 09:41:41,630] {logging_mixin.py:115} INFO - [2024-10-26 09:41:41,630] {dagbag.py:507} INFO - Filling up the DagBag from /root/Documentos/airflow/venv/lib/python3.9/site-packages/airflow/example_dags/tutorial.py
[2024-10-26 09:41:41,633] {processor.py:651} INFO - DAG(s) dict_keys(['tutorial']) retrieved from /root/Documentos/airflow/venv/lib/python3.9/site-packages/airflow/example_dags/tutorial.py
[2024-10-26 09:41:41,641] {logging_mixin.py:115} INFO - [2024-10-26 09:41:41,641] {dag.py:2379} INFO - Sync 1 DAGs
[2024-10-26 09:41:41,652] {logging_mixin.py:115} INFO - [2024-10-26 09:41:41,652] {dag.py:2927} INFO - Setting next_dagrun for tutorial to 2024-10-25T12:41:41.652410+00:00, run_after=2024-10-26T12:41:41.652410+00:00
[2024-10-26 09:41:41,664] {processor.py:161} INFO - Processing /root/Documentos/airflow/venv/lib/python3.9/site-packages/airflow/example_dags/tutorial.py took 0.037 seconds
[2024-10-26 09:42:19,280] {processor.py:153} INFO - Started process (PID=2255) to work on /root/Documentos/airflow/venv/lib/python3.9/site-packages/airflow/example_dags/tutorial.py
[2024-10-26 09:42:19,285] {processor.py:641} INFO - Processing file /root/Documentos/airflow/venv/lib/python3.9/site-packages/airflow/example_dags/tutorial.py for tasks to queue
[2024-10-26 09:42:19,286] {logging_mixin.py:115} INFO - [2024-10-26 09:42:19,285] {dagbag.py:507} INFO - Filling up the DagBag from /root/Documentos/airflow/venv/lib/python3.9/site-packages/airflow/example_dags/tutorial.py
[2024-10-26 09:42:19,288] {processor.py:651} INFO - DAG(s) dict_keys(['tutorial']) retrieved from /root/Documentos/airflow/venv/lib/python3.9/site-packages/airflow/example_dags/tutorial.py
[2024-10-26 09:42:19,297] {logging_mixin.py:115} INFO - [2024-10-26 09:42:19,297] {dag.py:2379} INFO - Sync 1 DAGs
[2024-10-26 09:42:19,308] {logging_mixin.py:115} INFO - [2024-10-26 09:42:19,308] {dag.py:2927} INFO - Setting next_dagrun for tutorial to 2024-10-25T12:42:19.308552+00:00, run_after=2024-10-26T12:42:19.308552+00:00
[2024-10-26 09:42:19,322] {processor.py:161} INFO - Processing /root/Documentos/airflow/venv/lib/python3.9/site-packages/airflow/example_dags/tutorial.py took 0.043 seconds
[2024-10-26 09:42:50,858] {processor.py:153} INFO - Started process (PID=2409) to work on /root/Documentos/airflow/venv/lib/python3.9/site-packages/airflow/example_dags/tutorial.py
[2024-10-26 09:42:50,858] {processor.py:641} INFO - Processing file /root/Documentos/airflow/venv/lib/python3.9/site-packages/airflow/example_dags/tutorial.py for tasks to queue
[2024-10-26 09:42:50,858] {logging_mixin.py:115} INFO - [2024-10-26 09:42:50,858] {dagbag.py:507} INFO - Filling up the DagBag from /root/Documentos/airflow/venv/lib/python3.9/site-packages/airflow/example_dags/tutorial.py
[2024-10-26 09:42:50,861] {processor.py:651} INFO - DAG(s) dict_keys(['tutorial']) retrieved from /root/Documentos/airflow/venv/lib/python3.9/site-packages/airflow/example_dags/tutorial.py
[2024-10-26 09:42:50,869] {logging_mixin.py:115} INFO - [2024-10-26 09:42:50,869] {dag.py:2379} INFO - Sync 1 DAGs
[2024-10-26 09:42:50,879] {logging_mixin.py:115} INFO - [2024-10-26 09:42:50,879] {dag.py:2927} INFO - Setting next_dagrun for tutorial to 2024-10-25T12:42:50.879695+00:00, run_after=2024-10-26T12:42:50.879695+00:00
[2024-10-26 09:42:50,892] {processor.py:161} INFO - Processing /root/Documentos/airflow/venv/lib/python3.9/site-packages/airflow/example_dags/tutorial.py took 0.036 seconds
[2024-10-26 09:43:26,330] {processor.py:153} INFO - Started process (PID=2581) to work on /root/Documentos/airflow/venv/lib/python3.9/site-packages/airflow/example_dags/tutorial.py
[2024-10-26 09:43:26,334] {processor.py:641} INFO - Processing file /root/Documentos/airflow/venv/lib/python3.9/site-packages/airflow/example_dags/tutorial.py for tasks to queue
[2024-10-26 09:43:26,335] {logging_mixin.py:115} INFO - [2024-10-26 09:43:26,335] {dagbag.py:507} INFO - Filling up the DagBag from /root/Documentos/airflow/venv/lib/python3.9/site-packages/airflow/example_dags/tutorial.py
[2024-10-26 09:43:26,338] {processor.py:651} INFO - DAG(s) dict_keys(['tutorial']) retrieved from /root/Documentos/airflow/venv/lib/python3.9/site-packages/airflow/example_dags/tutorial.py
[2024-10-26 09:43:26,346] {logging_mixin.py:115} INFO - [2024-10-26 09:43:26,346] {dag.py:2379} INFO - Sync 1 DAGs
[2024-10-26 09:43:26,357] {logging_mixin.py:115} INFO - [2024-10-26 09:43:26,357] {dag.py:2927} INFO - Setting next_dagrun for tutorial to 2024-10-25T12:43:26.357228+00:00, run_after=2024-10-26T12:43:26.357228+00:00
[2024-10-26 09:43:26,370] {processor.py:161} INFO - Processing /root/Documentos/airflow/venv/lib/python3.9/site-packages/airflow/example_dags/tutorial.py took 0.042 seconds
[2024-10-26 09:44:00,537] {processor.py:153} INFO - Started process (PID=2746) to work on /root/Documentos/airflow/venv/lib/python3.9/site-packages/airflow/example_dags/tutorial.py
[2024-10-26 09:44:00,538] {processor.py:641} INFO - Processing file /root/Documentos/airflow/venv/lib/python3.9/site-packages/airflow/example_dags/tutorial.py for tasks to queue
[2024-10-26 09:44:00,538] {logging_mixin.py:115} INFO - [2024-10-26 09:44:00,538] {dagbag.py:507} INFO - Filling up the DagBag from /root/Documentos/airflow/venv/lib/python3.9/site-packages/airflow/example_dags/tutorial.py
[2024-10-26 09:44:00,541] {processor.py:651} INFO - DAG(s) dict_keys(['tutorial']) retrieved from /root/Documentos/airflow/venv/lib/python3.9/site-packages/airflow/example_dags/tutorial.py
[2024-10-26 09:44:00,550] {logging_mixin.py:115} INFO - [2024-10-26 09:44:00,550] {dag.py:2379} INFO - Sync 1 DAGs
[2024-10-26 09:44:00,560] {logging_mixin.py:115} INFO - [2024-10-26 09:44:00,560] {dag.py:2927} INFO - Setting next_dagrun for tutorial to 2024-10-25T12:44:00.560400+00:00, run_after=2024-10-26T12:44:00.560400+00:00
[2024-10-26 09:44:00,573] {processor.py:161} INFO - Processing /root/Documentos/airflow/venv/lib/python3.9/site-packages/airflow/example_dags/tutorial.py took 0.038 seconds
[2024-10-26 09:44:34,495] {processor.py:153} INFO - Started process (PID=2911) to work on /root/Documentos/airflow/venv/lib/python3.9/site-packages/airflow/example_dags/tutorial.py
[2024-10-26 09:44:34,500] {processor.py:641} INFO - Processing file /root/Documentos/airflow/venv/lib/python3.9/site-packages/airflow/example_dags/tutorial.py for tasks to queue
[2024-10-26 09:44:34,500] {logging_mixin.py:115} INFO - [2024-10-26 09:44:34,500] {dagbag.py:507} INFO - Filling up the DagBag from /root/Documentos/airflow/venv/lib/python3.9/site-packages/airflow/example_dags/tutorial.py
[2024-10-26 09:44:34,504] {processor.py:651} INFO - DAG(s) dict_keys(['tutorial']) retrieved from /root/Documentos/airflow/venv/lib/python3.9/site-packages/airflow/example_dags/tutorial.py
[2024-10-26 09:44:34,513] {logging_mixin.py:115} INFO - [2024-10-26 09:44:34,513] {dag.py:2379} INFO - Sync 1 DAGs
[2024-10-26 09:44:34,526] {logging_mixin.py:115} INFO - [2024-10-26 09:44:34,526] {dag.py:2927} INFO - Setting next_dagrun for tutorial to 2024-10-25T12:44:34.526063+00:00, run_after=2024-10-26T12:44:34.526063+00:00
[2024-10-26 09:44:34,539] {processor.py:161} INFO - Processing /root/Documentos/airflow/venv/lib/python3.9/site-packages/airflow/example_dags/tutorial.py took 0.046 seconds
[2024-10-26 09:45:08,312] {processor.py:153} INFO - Started process (PID=3076) to work on /root/Documentos/airflow/venv/lib/python3.9/site-packages/airflow/example_dags/tutorial.py
[2024-10-26 09:45:08,312] {processor.py:641} INFO - Processing file /root/Documentos/airflow/venv/lib/python3.9/site-packages/airflow/example_dags/tutorial.py for tasks to queue
[2024-10-26 09:45:08,313] {logging_mixin.py:115} INFO - [2024-10-26 09:45:08,313] {dagbag.py:507} INFO - Filling up the DagBag from /root/Documentos/airflow/venv/lib/python3.9/site-packages/airflow/example_dags/tutorial.py
[2024-10-26 09:45:08,316] {processor.py:651} INFO - DAG(s) dict_keys(['tutorial']) retrieved from /root/Documentos/airflow/venv/lib/python3.9/site-packages/airflow/example_dags/tutorial.py
[2024-10-26 09:45:08,326] {logging_mixin.py:115} INFO - [2024-10-26 09:45:08,326] {dag.py:2379} INFO - Sync 1 DAGs
[2024-10-26 09:45:08,337] {logging_mixin.py:115} INFO - [2024-10-26 09:45:08,337] {dag.py:2927} INFO - Setting next_dagrun for tutorial to 2024-10-25T12:45:08.337377+00:00, run_after=2024-10-26T12:45:08.337377+00:00
[2024-10-26 09:45:08,351] {processor.py:161} INFO - Processing /root/Documentos/airflow/venv/lib/python3.9/site-packages/airflow/example_dags/tutorial.py took 0.040 seconds
[2024-10-26 09:45:44,739] {processor.py:153} INFO - Started process (PID=3251) to work on /root/Documentos/airflow/venv/lib/python3.9/site-packages/airflow/example_dags/tutorial.py
[2024-10-26 09:45:44,745] {processor.py:641} INFO - Processing file /root/Documentos/airflow/venv/lib/python3.9/site-packages/airflow/example_dags/tutorial.py for tasks to queue
[2024-10-26 09:45:44,745] {logging_mixin.py:115} INFO - [2024-10-26 09:45:44,745] {dagbag.py:507} INFO - Filling up the DagBag from /root/Documentos/airflow/venv/lib/python3.9/site-packages/airflow/example_dags/tutorial.py
[2024-10-26 09:45:44,748] {processor.py:651} INFO - DAG(s) dict_keys(['tutorial']) retrieved from /root/Documentos/airflow/venv/lib/python3.9/site-packages/airflow/example_dags/tutorial.py
[2024-10-26 09:45:44,756] {logging_mixin.py:115} INFO - [2024-10-26 09:45:44,756] {dag.py:2379} INFO - Sync 1 DAGs
[2024-10-26 09:45:44,767] {logging_mixin.py:115} INFO - [2024-10-26 09:45:44,767] {dag.py:2927} INFO - Setting next_dagrun for tutorial to 2024-10-25T12:45:44.766995+00:00, run_after=2024-10-26T12:45:44.766995+00:00
[2024-10-26 09:45:44,780] {processor.py:161} INFO - Processing /root/Documentos/airflow/venv/lib/python3.9/site-packages/airflow/example_dags/tutorial.py took 0.043 seconds
[2024-10-26 09:46:19,136] {processor.py:153} INFO - Started process (PID=3418) to work on /root/Documentos/airflow/venv/lib/python3.9/site-packages/airflow/example_dags/tutorial.py
[2024-10-26 09:46:19,143] {processor.py:641} INFO - Processing file /root/Documentos/airflow/venv/lib/python3.9/site-packages/airflow/example_dags/tutorial.py for tasks to queue
[2024-10-26 09:46:19,143] {logging_mixin.py:115} INFO - [2024-10-26 09:46:19,143] {dagbag.py:507} INFO - Filling up the DagBag from /root/Documentos/airflow/venv/lib/python3.9/site-packages/airflow/example_dags/tutorial.py
[2024-10-26 09:46:19,147] {processor.py:651} INFO - DAG(s) dict_keys(['tutorial']) retrieved from /root/Documentos/airflow/venv/lib/python3.9/site-packages/airflow/example_dags/tutorial.py
[2024-10-26 09:46:19,155] {logging_mixin.py:115} INFO - [2024-10-26 09:46:19,155] {dag.py:2379} INFO - Sync 1 DAGs
[2024-10-26 09:46:19,166] {logging_mixin.py:115} INFO - [2024-10-26 09:46:19,166] {dag.py:2927} INFO - Setting next_dagrun for tutorial to 2024-10-25T12:46:19.166506+00:00, run_after=2024-10-26T12:46:19.166506+00:00
[2024-10-26 09:46:19,180] {processor.py:161} INFO - Processing /root/Documentos/airflow/venv/lib/python3.9/site-packages/airflow/example_dags/tutorial.py took 0.045 seconds
[2024-10-26 09:46:58,341] {processor.py:153} INFO - Started process (PID=3685) to work on /root/Documentos/airflow/venv/lib/python3.9/site-packages/airflow/example_dags/tutorial.py
[2024-10-26 09:46:58,343] {processor.py:641} INFO - Processing file /root/Documentos/airflow/venv/lib/python3.9/site-packages/airflow/example_dags/tutorial.py for tasks to queue
[2024-10-26 09:46:58,343] {logging_mixin.py:115} INFO - [2024-10-26 09:46:58,343] {dagbag.py:507} INFO - Filling up the DagBag from /root/Documentos/airflow/venv/lib/python3.9/site-packages/airflow/example_dags/tutorial.py
[2024-10-26 09:46:58,346] {processor.py:651} INFO - DAG(s) dict_keys(['tutorial']) retrieved from /root/Documentos/airflow/venv/lib/python3.9/site-packages/airflow/example_dags/tutorial.py
[2024-10-26 09:46:58,354] {logging_mixin.py:115} INFO - [2024-10-26 09:46:58,354] {dag.py:2379} INFO - Sync 1 DAGs
[2024-10-26 09:46:58,364] {logging_mixin.py:115} INFO - [2024-10-26 09:46:58,364] {dag.py:2927} INFO - Setting next_dagrun for tutorial to 2024-10-25T12:46:58.364661+00:00, run_after=2024-10-26T12:46:58.364661+00:00
[2024-10-26 09:46:58,378] {processor.py:161} INFO - Processing /root/Documentos/airflow/venv/lib/python3.9/site-packages/airflow/example_dags/tutorial.py took 0.039 seconds
[2024-10-26 09:47:32,099] {processor.py:153} INFO - Started process (PID=3849) to work on /root/Documentos/airflow/venv/lib/python3.9/site-packages/airflow/example_dags/tutorial.py
[2024-10-26 09:47:32,106] {processor.py:641} INFO - Processing file /root/Documentos/airflow/venv/lib/python3.9/site-packages/airflow/example_dags/tutorial.py for tasks to queue
[2024-10-26 09:47:32,107] {logging_mixin.py:115} INFO - [2024-10-26 09:47:32,107] {dagbag.py:507} INFO - Filling up the DagBag from /root/Documentos/airflow/venv/lib/python3.9/site-packages/airflow/example_dags/tutorial.py
[2024-10-26 09:47:32,109] {processor.py:651} INFO - DAG(s) dict_keys(['tutorial']) retrieved from /root/Documentos/airflow/venv/lib/python3.9/site-packages/airflow/example_dags/tutorial.py
[2024-10-26 09:47:32,117] {logging_mixin.py:115} INFO - [2024-10-26 09:47:32,117] {dag.py:2379} INFO - Sync 1 DAGs
[2024-10-26 09:47:32,128] {logging_mixin.py:115} INFO - [2024-10-26 09:47:32,128] {dag.py:2927} INFO - Setting next_dagrun for tutorial to 2024-10-25T12:47:32.128136+00:00, run_after=2024-10-26T12:47:32.128136+00:00
[2024-10-26 09:47:32,142] {processor.py:161} INFO - Processing /root/Documentos/airflow/venv/lib/python3.9/site-packages/airflow/example_dags/tutorial.py took 0.044 seconds
[2024-10-26 09:48:04,280] {processor.py:153} INFO - Started process (PID=4009) to work on /root/Documentos/airflow/venv/lib/python3.9/site-packages/airflow/example_dags/tutorial.py
[2024-10-26 09:48:04,280] {processor.py:641} INFO - Processing file /root/Documentos/airflow/venv/lib/python3.9/site-packages/airflow/example_dags/tutorial.py for tasks to queue
[2024-10-26 09:48:04,280] {logging_mixin.py:115} INFO - [2024-10-26 09:48:04,280] {dagbag.py:507} INFO - Filling up the DagBag from /root/Documentos/airflow/venv/lib/python3.9/site-packages/airflow/example_dags/tutorial.py
[2024-10-26 09:48:04,284] {processor.py:651} INFO - DAG(s) dict_keys(['tutorial']) retrieved from /root/Documentos/airflow/venv/lib/python3.9/site-packages/airflow/example_dags/tutorial.py
[2024-10-26 09:48:04,294] {logging_mixin.py:115} INFO - [2024-10-26 09:48:04,294] {dag.py:2379} INFO - Sync 1 DAGs
[2024-10-26 09:48:04,307] {logging_mixin.py:115} INFO - [2024-10-26 09:48:04,307] {dag.py:2927} INFO - Setting next_dagrun for tutorial to 2024-10-25T12:48:04.307334+00:00, run_after=2024-10-26T12:48:04.307334+00:00
[2024-10-26 09:48:04,322] {processor.py:161} INFO - Processing /root/Documentos/airflow/venv/lib/python3.9/site-packages/airflow/example_dags/tutorial.py took 0.043 seconds
[2024-10-26 09:48:42,044] {processor.py:153} INFO - Started process (PID=4197) to work on /root/Documentos/airflow/venv/lib/python3.9/site-packages/airflow/example_dags/tutorial.py
[2024-10-26 09:48:42,047] {processor.py:641} INFO - Processing file /root/Documentos/airflow/venv/lib/python3.9/site-packages/airflow/example_dags/tutorial.py for tasks to queue
[2024-10-26 09:48:42,047] {logging_mixin.py:115} INFO - [2024-10-26 09:48:42,047] {dagbag.py:507} INFO - Filling up the DagBag from /root/Documentos/airflow/venv/lib/python3.9/site-packages/airflow/example_dags/tutorial.py
[2024-10-26 09:48:42,050] {processor.py:651} INFO - DAG(s) dict_keys(['tutorial']) retrieved from /root/Documentos/airflow/venv/lib/python3.9/site-packages/airflow/example_dags/tutorial.py
[2024-10-26 09:48:42,058] {logging_mixin.py:115} INFO - [2024-10-26 09:48:42,058] {dag.py:2379} INFO - Sync 1 DAGs
[2024-10-26 09:48:42,068] {logging_mixin.py:115} INFO - [2024-10-26 09:48:42,068] {dag.py:2927} INFO - Setting next_dagrun for tutorial to 2024-10-25T12:48:42.068542+00:00, run_after=2024-10-26T12:48:42.068542+00:00
[2024-10-26 09:48:42,085] {processor.py:161} INFO - Processing /root/Documentos/airflow/venv/lib/python3.9/site-packages/airflow/example_dags/tutorial.py took 0.042 seconds
[2024-10-26 09:49:14,693] {processor.py:153} INFO - Started process (PID=4356) to work on /root/Documentos/airflow/venv/lib/python3.9/site-packages/airflow/example_dags/tutorial.py
[2024-10-26 09:49:14,698] {processor.py:641} INFO - Processing file /root/Documentos/airflow/venv/lib/python3.9/site-packages/airflow/example_dags/tutorial.py for tasks to queue
[2024-10-26 09:49:14,698] {logging_mixin.py:115} INFO - [2024-10-26 09:49:14,698] {dagbag.py:507} INFO - Filling up the DagBag from /root/Documentos/airflow/venv/lib/python3.9/site-packages/airflow/example_dags/tutorial.py
[2024-10-26 09:49:14,701] {processor.py:651} INFO - DAG(s) dict_keys(['tutorial']) retrieved from /root/Documentos/airflow/venv/lib/python3.9/site-packages/airflow/example_dags/tutorial.py
[2024-10-26 09:49:14,709] {logging_mixin.py:115} INFO - [2024-10-26 09:49:14,709] {dag.py:2379} INFO - Sync 1 DAGs
[2024-10-26 09:49:14,719] {logging_mixin.py:115} INFO - [2024-10-26 09:49:14,719] {dag.py:2927} INFO - Setting next_dagrun for tutorial to 2024-10-25T12:49:14.719762+00:00, run_after=2024-10-26T12:49:14.719762+00:00
[2024-10-26 09:49:14,735] {processor.py:161} INFO - Processing /root/Documentos/airflow/venv/lib/python3.9/site-packages/airflow/example_dags/tutorial.py took 0.043 seconds
[2024-10-26 09:49:49,966] {processor.py:153} INFO - Started process (PID=4524) to work on /root/Documentos/airflow/venv/lib/python3.9/site-packages/airflow/example_dags/tutorial.py
[2024-10-26 09:49:49,968] {processor.py:641} INFO - Processing file /root/Documentos/airflow/venv/lib/python3.9/site-packages/airflow/example_dags/tutorial.py for tasks to queue
[2024-10-26 09:49:49,968] {logging_mixin.py:115} INFO - [2024-10-26 09:49:49,968] {dagbag.py:507} INFO - Filling up the DagBag from /root/Documentos/airflow/venv/lib/python3.9/site-packages/airflow/example_dags/tutorial.py
[2024-10-26 09:49:49,971] {processor.py:651} INFO - DAG(s) dict_keys(['tutorial']) retrieved from /root/Documentos/airflow/venv/lib/python3.9/site-packages/airflow/example_dags/tutorial.py
[2024-10-26 09:49:49,979] {logging_mixin.py:115} INFO - [2024-10-26 09:49:49,979] {dag.py:2379} INFO - Sync 1 DAGs
[2024-10-26 09:49:49,989] {logging_mixin.py:115} INFO - [2024-10-26 09:49:49,989] {dag.py:2927} INFO - Setting next_dagrun for tutorial to 2024-10-25T12:49:49.989611+00:00, run_after=2024-10-26T12:49:49.989611+00:00
[2024-10-26 09:49:50,006] {processor.py:161} INFO - Processing /root/Documentos/airflow/venv/lib/python3.9/site-packages/airflow/example_dags/tutorial.py took 0.041 seconds
[2024-10-26 09:50:22,745] {processor.py:153} INFO - Started process (PID=4684) to work on /root/Documentos/airflow/venv/lib/python3.9/site-packages/airflow/example_dags/tutorial.py
[2024-10-26 09:50:22,747] {processor.py:641} INFO - Processing file /root/Documentos/airflow/venv/lib/python3.9/site-packages/airflow/example_dags/tutorial.py for tasks to queue
[2024-10-26 09:50:22,748] {logging_mixin.py:115} INFO - [2024-10-26 09:50:22,748] {dagbag.py:507} INFO - Filling up the DagBag from /root/Documentos/airflow/venv/lib/python3.9/site-packages/airflow/example_dags/tutorial.py
[2024-10-26 09:50:22,751] {processor.py:651} INFO - DAG(s) dict_keys(['tutorial']) retrieved from /root/Documentos/airflow/venv/lib/python3.9/site-packages/airflow/example_dags/tutorial.py
[2024-10-26 09:50:22,759] {logging_mixin.py:115} INFO - [2024-10-26 09:50:22,759] {dag.py:2379} INFO - Sync 1 DAGs
[2024-10-26 09:50:22,770] {logging_mixin.py:115} INFO - [2024-10-26 09:50:22,770] {dag.py:2927} INFO - Setting next_dagrun for tutorial to 2024-10-25T12:50:22.769924+00:00, run_after=2024-10-26T12:50:22.769924+00:00
[2024-10-26 09:50:22,785] {processor.py:161} INFO - Processing /root/Documentos/airflow/venv/lib/python3.9/site-packages/airflow/example_dags/tutorial.py took 0.041 seconds
[2024-10-26 09:50:57,123] {processor.py:153} INFO - Started process (PID=4850) to work on /root/Documentos/airflow/venv/lib/python3.9/site-packages/airflow/example_dags/tutorial.py
[2024-10-26 09:50:57,124] {processor.py:641} INFO - Processing file /root/Documentos/airflow/venv/lib/python3.9/site-packages/airflow/example_dags/tutorial.py for tasks to queue
[2024-10-26 09:50:57,124] {logging_mixin.py:115} INFO - [2024-10-26 09:50:57,124] {dagbag.py:507} INFO - Filling up the DagBag from /root/Documentos/airflow/venv/lib/python3.9/site-packages/airflow/example_dags/tutorial.py
[2024-10-26 09:50:57,127] {processor.py:651} INFO - DAG(s) dict_keys(['tutorial']) retrieved from /root/Documentos/airflow/venv/lib/python3.9/site-packages/airflow/example_dags/tutorial.py
[2024-10-26 09:50:57,135] {logging_mixin.py:115} INFO - [2024-10-26 09:50:57,135] {dag.py:2379} INFO - Sync 1 DAGs
[2024-10-26 09:50:57,145] {logging_mixin.py:115} INFO - [2024-10-26 09:50:57,145] {dag.py:2927} INFO - Setting next_dagrun for tutorial to 2024-10-25T12:50:57.145618+00:00, run_after=2024-10-26T12:50:57.145618+00:00
[2024-10-26 09:50:57,162] {processor.py:161} INFO - Processing /root/Documentos/airflow/venv/lib/python3.9/site-packages/airflow/example_dags/tutorial.py took 0.041 seconds
[2024-10-26 09:51:33,142] {processor.py:153} INFO - Started process (PID=5022) to work on /root/Documentos/airflow/venv/lib/python3.9/site-packages/airflow/example_dags/tutorial.py
[2024-10-26 09:51:33,143] {processor.py:641} INFO - Processing file /root/Documentos/airflow/venv/lib/python3.9/site-packages/airflow/example_dags/tutorial.py for tasks to queue
[2024-10-26 09:51:33,143] {logging_mixin.py:115} INFO - [2024-10-26 09:51:33,143] {dagbag.py:507} INFO - Filling up the DagBag from /root/Documentos/airflow/venv/lib/python3.9/site-packages/airflow/example_dags/tutorial.py
[2024-10-26 09:51:33,146] {processor.py:651} INFO - DAG(s) dict_keys(['tutorial']) retrieved from /root/Documentos/airflow/venv/lib/python3.9/site-packages/airflow/example_dags/tutorial.py
[2024-10-26 09:51:33,154] {logging_mixin.py:115} INFO - [2024-10-26 09:51:33,154] {dag.py:2379} INFO - Sync 1 DAGs
[2024-10-26 09:51:33,165] {logging_mixin.py:115} INFO - [2024-10-26 09:51:33,165] {dag.py:2927} INFO - Setting next_dagrun for tutorial to 2024-10-25T12:51:33.164959+00:00, run_after=2024-10-26T12:51:33.164959+00:00
[2024-10-26 09:51:33,179] {processor.py:161} INFO - Processing /root/Documentos/airflow/venv/lib/python3.9/site-packages/airflow/example_dags/tutorial.py took 0.039 seconds
[2024-10-26 09:52:06,434] {processor.py:153} INFO - Started process (PID=5183) to work on /root/Documentos/airflow/venv/lib/python3.9/site-packages/airflow/example_dags/tutorial.py
[2024-10-26 09:52:06,437] {processor.py:641} INFO - Processing file /root/Documentos/airflow/venv/lib/python3.9/site-packages/airflow/example_dags/tutorial.py for tasks to queue
[2024-10-26 09:52:06,437] {logging_mixin.py:115} INFO - [2024-10-26 09:52:06,437] {dagbag.py:507} INFO - Filling up the DagBag from /root/Documentos/airflow/venv/lib/python3.9/site-packages/airflow/example_dags/tutorial.py
[2024-10-26 09:52:06,441] {processor.py:651} INFO - DAG(s) dict_keys(['tutorial']) retrieved from /root/Documentos/airflow/venv/lib/python3.9/site-packages/airflow/example_dags/tutorial.py
[2024-10-26 09:52:06,450] {logging_mixin.py:115} INFO - [2024-10-26 09:52:06,450] {dag.py:2379} INFO - Sync 1 DAGs
[2024-10-26 09:52:06,463] {logging_mixin.py:115} INFO - [2024-10-26 09:52:06,462] {dag.py:2927} INFO - Setting next_dagrun for tutorial to 2024-10-25T12:52:06.462790+00:00, run_after=2024-10-26T12:52:06.462790+00:00
[2024-10-26 09:52:06,478] {processor.py:161} INFO - Processing /root/Documentos/airflow/venv/lib/python3.9/site-packages/airflow/example_dags/tutorial.py took 0.045 seconds
[2024-10-26 09:52:41,428] {processor.py:153} INFO - Started process (PID=5354) to work on /root/Documentos/airflow/venv/lib/python3.9/site-packages/airflow/example_dags/tutorial.py
[2024-10-26 09:52:41,430] {processor.py:641} INFO - Processing file /root/Documentos/airflow/venv/lib/python3.9/site-packages/airflow/example_dags/tutorial.py for tasks to queue
[2024-10-26 09:52:41,430] {logging_mixin.py:115} INFO - [2024-10-26 09:52:41,430] {dagbag.py:507} INFO - Filling up the DagBag from /root/Documentos/airflow/venv/lib/python3.9/site-packages/airflow/example_dags/tutorial.py
[2024-10-26 09:52:41,433] {processor.py:651} INFO - DAG(s) dict_keys(['tutorial']) retrieved from /root/Documentos/airflow/venv/lib/python3.9/site-packages/airflow/example_dags/tutorial.py
[2024-10-26 09:52:41,441] {logging_mixin.py:115} INFO - [2024-10-26 09:52:41,441] {dag.py:2379} INFO - Sync 1 DAGs
[2024-10-26 09:52:41,452] {logging_mixin.py:115} INFO - [2024-10-26 09:52:41,452] {dag.py:2927} INFO - Setting next_dagrun for tutorial to 2024-10-25T12:52:41.452151+00:00, run_after=2024-10-26T12:52:41.452151+00:00
[2024-10-26 09:52:41,468] {processor.py:161} INFO - Processing /root/Documentos/airflow/venv/lib/python3.9/site-packages/airflow/example_dags/tutorial.py took 0.041 seconds
[2024-10-26 09:53:15,870] {processor.py:153} INFO - Started process (PID=5519) to work on /root/Documentos/airflow/venv/lib/python3.9/site-packages/airflow/example_dags/tutorial.py
[2024-10-26 09:53:15,876] {processor.py:641} INFO - Processing file /root/Documentos/airflow/venv/lib/python3.9/site-packages/airflow/example_dags/tutorial.py for tasks to queue
[2024-10-26 09:53:15,876] {logging_mixin.py:115} INFO - [2024-10-26 09:53:15,876] {dagbag.py:507} INFO - Filling up the DagBag from /root/Documentos/airflow/venv/lib/python3.9/site-packages/airflow/example_dags/tutorial.py
[2024-10-26 09:53:15,879] {processor.py:651} INFO - DAG(s) dict_keys(['tutorial']) retrieved from /root/Documentos/airflow/venv/lib/python3.9/site-packages/airflow/example_dags/tutorial.py
[2024-10-26 09:53:15,888] {logging_mixin.py:115} INFO - [2024-10-26 09:53:15,888] {dag.py:2379} INFO - Sync 1 DAGs
[2024-10-26 09:53:15,898] {logging_mixin.py:115} INFO - [2024-10-26 09:53:15,898] {dag.py:2927} INFO - Setting next_dagrun for tutorial to 2024-10-25T12:53:15.898242+00:00, run_after=2024-10-26T12:53:15.898242+00:00
[2024-10-26 09:53:15,916] {processor.py:161} INFO - Processing /root/Documentos/airflow/venv/lib/python3.9/site-packages/airflow/example_dags/tutorial.py took 0.047 seconds
[2024-10-26 09:53:51,133] {processor.py:153} INFO - Started process (PID=5690) to work on /root/Documentos/airflow/venv/lib/python3.9/site-packages/airflow/example_dags/tutorial.py
[2024-10-26 09:53:51,136] {processor.py:641} INFO - Processing file /root/Documentos/airflow/venv/lib/python3.9/site-packages/airflow/example_dags/tutorial.py for tasks to queue
[2024-10-26 09:53:51,136] {logging_mixin.py:115} INFO - [2024-10-26 09:53:51,136] {dagbag.py:507} INFO - Filling up the DagBag from /root/Documentos/airflow/venv/lib/python3.9/site-packages/airflow/example_dags/tutorial.py
[2024-10-26 09:53:51,140] {processor.py:651} INFO - DAG(s) dict_keys(['tutorial']) retrieved from /root/Documentos/airflow/venv/lib/python3.9/site-packages/airflow/example_dags/tutorial.py
[2024-10-26 09:53:51,148] {logging_mixin.py:115} INFO - [2024-10-26 09:53:51,148] {dag.py:2379} INFO - Sync 1 DAGs
[2024-10-26 09:53:51,158] {logging_mixin.py:115} INFO - [2024-10-26 09:53:51,158] {dag.py:2927} INFO - Setting next_dagrun for tutorial to 2024-10-25T12:53:51.158485+00:00, run_after=2024-10-26T12:53:51.158485+00:00
[2024-10-26 09:53:51,173] {processor.py:161} INFO - Processing /root/Documentos/airflow/venv/lib/python3.9/site-packages/airflow/example_dags/tutorial.py took 0.042 seconds
[2024-10-26 09:54:28,164] {processor.py:153} INFO - Started process (PID=5869) to work on /root/Documentos/airflow/venv/lib/python3.9/site-packages/airflow/example_dags/tutorial.py
[2024-10-26 09:54:28,169] {processor.py:641} INFO - Processing file /root/Documentos/airflow/venv/lib/python3.9/site-packages/airflow/example_dags/tutorial.py for tasks to queue
[2024-10-26 09:54:28,169] {logging_mixin.py:115} INFO - [2024-10-26 09:54:28,169] {dagbag.py:507} INFO - Filling up the DagBag from /root/Documentos/airflow/venv/lib/python3.9/site-packages/airflow/example_dags/tutorial.py
[2024-10-26 09:54:28,172] {processor.py:651} INFO - DAG(s) dict_keys(['tutorial']) retrieved from /root/Documentos/airflow/venv/lib/python3.9/site-packages/airflow/example_dags/tutorial.py
[2024-10-26 09:54:28,180] {logging_mixin.py:115} INFO - [2024-10-26 09:54:28,180] {dag.py:2379} INFO - Sync 1 DAGs
[2024-10-26 09:54:28,190] {logging_mixin.py:115} INFO - [2024-10-26 09:54:28,190] {dag.py:2927} INFO - Setting next_dagrun for tutorial to 2024-10-25T12:54:28.190589+00:00, run_after=2024-10-26T12:54:28.190589+00:00
[2024-10-26 09:54:28,206] {processor.py:161} INFO - Processing /root/Documentos/airflow/venv/lib/python3.9/site-packages/airflow/example_dags/tutorial.py took 0.043 seconds
[2024-10-26 09:55:02,895] {processor.py:153} INFO - Started process (PID=6036) to work on /root/Documentos/airflow/venv/lib/python3.9/site-packages/airflow/example_dags/tutorial.py
[2024-10-26 09:55:02,900] {processor.py:641} INFO - Processing file /root/Documentos/airflow/venv/lib/python3.9/site-packages/airflow/example_dags/tutorial.py for tasks to queue
[2024-10-26 09:55:02,900] {logging_mixin.py:115} INFO - [2024-10-26 09:55:02,900] {dagbag.py:507} INFO - Filling up the DagBag from /root/Documentos/airflow/venv/lib/python3.9/site-packages/airflow/example_dags/tutorial.py
[2024-10-26 09:55:02,903] {processor.py:651} INFO - DAG(s) dict_keys(['tutorial']) retrieved from /root/Documentos/airflow/venv/lib/python3.9/site-packages/airflow/example_dags/tutorial.py
[2024-10-26 09:55:02,911] {logging_mixin.py:115} INFO - [2024-10-26 09:55:02,911] {dag.py:2379} INFO - Sync 1 DAGs
[2024-10-26 09:55:02,921] {logging_mixin.py:115} INFO - [2024-10-26 09:55:02,921] {dag.py:2927} INFO - Setting next_dagrun for tutorial to 2024-10-25T12:55:02.921358+00:00, run_after=2024-10-26T12:55:02.921358+00:00
[2024-10-26 09:55:02,935] {processor.py:161} INFO - Processing /root/Documentos/airflow/venv/lib/python3.9/site-packages/airflow/example_dags/tutorial.py took 0.042 seconds
