[2024-10-26 09:24:35,565] {processor.py:153} INFO - Started process (PID=10164) to work on /root/Documentos/airflow/venv/lib/python3.9/site-packages/airflow/example_dags/tutorial_etl_dag.py
[2024-10-26 09:24:35,565] {processor.py:641} INFO - Processing file /root/Documentos/airflow/venv/lib/python3.9/site-packages/airflow/example_dags/tutorial_etl_dag.py for tasks to queue
[2024-10-26 09:24:35,566] {logging_mixin.py:115} INFO - [2024-10-26 09:24:35,566] {dagbag.py:507} INFO - Filling up the DagBag from /root/Documentos/airflow/venv/lib/python3.9/site-packages/airflow/example_dags/tutorial_etl_dag.py
[2024-10-26 09:24:35,569] {processor.py:651} INFO - DAG(s) dict_keys(['tutorial_etl_dag']) retrieved from /root/Documentos/airflow/venv/lib/python3.9/site-packages/airflow/example_dags/tutorial_etl_dag.py
[2024-10-26 09:24:35,623] {logging_mixin.py:115} INFO - [2024-10-26 09:24:35,622] {manager.py:508} INFO - Created Permission View: can edit on DAG:tutorial_etl_dag
[2024-10-26 09:24:35,633] {logging_mixin.py:115} INFO - [2024-10-26 09:24:35,633] {manager.py:508} INFO - Created Permission View: can read on DAG:tutorial_etl_dag
[2024-10-26 09:24:35,642] {logging_mixin.py:115} INFO - [2024-10-26 09:24:35,642] {manager.py:508} INFO - Created Permission View: can delete on DAG:tutorial_etl_dag
[2024-10-26 09:24:35,642] {logging_mixin.py:115} INFO - [2024-10-26 09:24:35,642] {dag.py:2379} INFO - Sync 1 DAGs
[2024-10-26 09:24:35,646] {logging_mixin.py:115} INFO - [2024-10-26 09:24:35,646] {dag.py:2398} INFO - Creating ORM DAG for tutorial_etl_dag
[2024-10-26 09:24:35,651] {logging_mixin.py:115} INFO - [2024-10-26 09:24:35,651] {dag.py:2927} INFO - Setting next_dagrun for tutorial_etl_dag to None, run_after=None
[2024-10-26 09:24:35,667] {processor.py:161} INFO - Processing /root/Documentos/airflow/venv/lib/python3.9/site-packages/airflow/example_dags/tutorial_etl_dag.py took 0.103 seconds
[2024-10-26 09:25:11,175] {processor.py:153} INFO - Started process (PID=10335) to work on /root/Documentos/airflow/venv/lib/python3.9/site-packages/airflow/example_dags/tutorial_etl_dag.py
[2024-10-26 09:25:11,182] {processor.py:641} INFO - Processing file /root/Documentos/airflow/venv/lib/python3.9/site-packages/airflow/example_dags/tutorial_etl_dag.py for tasks to queue
[2024-10-26 09:25:11,183] {logging_mixin.py:115} INFO - [2024-10-26 09:25:11,183] {dagbag.py:507} INFO - Filling up the DagBag from /root/Documentos/airflow/venv/lib/python3.9/site-packages/airflow/example_dags/tutorial_etl_dag.py
[2024-10-26 09:25:11,186] {processor.py:651} INFO - DAG(s) dict_keys(['tutorial_etl_dag']) retrieved from /root/Documentos/airflow/venv/lib/python3.9/site-packages/airflow/example_dags/tutorial_etl_dag.py
[2024-10-26 09:25:11,194] {logging_mixin.py:115} INFO - [2024-10-26 09:25:11,194] {dag.py:2379} INFO - Sync 1 DAGs
[2024-10-26 09:25:11,204] {logging_mixin.py:115} INFO - [2024-10-26 09:25:11,204] {dag.py:2927} INFO - Setting next_dagrun for tutorial_etl_dag to None, run_after=None
[2024-10-26 09:25:11,216] {processor.py:161} INFO - Processing /root/Documentos/airflow/venv/lib/python3.9/site-packages/airflow/example_dags/tutorial_etl_dag.py took 0.042 seconds
[2024-10-26 09:25:44,104] {processor.py:153} INFO - Started process (PID=10495) to work on /root/Documentos/airflow/venv/lib/python3.9/site-packages/airflow/example_dags/tutorial_etl_dag.py
[2024-10-26 09:25:44,105] {processor.py:641} INFO - Processing file /root/Documentos/airflow/venv/lib/python3.9/site-packages/airflow/example_dags/tutorial_etl_dag.py for tasks to queue
[2024-10-26 09:25:44,106] {logging_mixin.py:115} INFO - [2024-10-26 09:25:44,105] {dagbag.py:507} INFO - Filling up the DagBag from /root/Documentos/airflow/venv/lib/python3.9/site-packages/airflow/example_dags/tutorial_etl_dag.py
[2024-10-26 09:25:44,110] {processor.py:651} INFO - DAG(s) dict_keys(['tutorial_etl_dag']) retrieved from /root/Documentos/airflow/venv/lib/python3.9/site-packages/airflow/example_dags/tutorial_etl_dag.py
[2024-10-26 09:25:44,118] {logging_mixin.py:115} INFO - [2024-10-26 09:25:44,118] {dag.py:2379} INFO - Sync 1 DAGs
[2024-10-26 09:25:44,128] {logging_mixin.py:115} INFO - [2024-10-26 09:25:44,128] {dag.py:2927} INFO - Setting next_dagrun for tutorial_etl_dag to None, run_after=None
[2024-10-26 09:25:44,140] {processor.py:161} INFO - Processing /root/Documentos/airflow/venv/lib/python3.9/site-packages/airflow/example_dags/tutorial_etl_dag.py took 0.037 seconds
[2024-10-26 09:26:17,252] {processor.py:153} INFO - Started process (PID=10656) to work on /root/Documentos/airflow/venv/lib/python3.9/site-packages/airflow/example_dags/tutorial_etl_dag.py
[2024-10-26 09:26:17,252] {processor.py:641} INFO - Processing file /root/Documentos/airflow/venv/lib/python3.9/site-packages/airflow/example_dags/tutorial_etl_dag.py for tasks to queue
[2024-10-26 09:26:17,253] {logging_mixin.py:115} INFO - [2024-10-26 09:26:17,253] {dagbag.py:507} INFO - Filling up the DagBag from /root/Documentos/airflow/venv/lib/python3.9/site-packages/airflow/example_dags/tutorial_etl_dag.py
[2024-10-26 09:26:17,256] {processor.py:651} INFO - DAG(s) dict_keys(['tutorial_etl_dag']) retrieved from /root/Documentos/airflow/venv/lib/python3.9/site-packages/airflow/example_dags/tutorial_etl_dag.py
[2024-10-26 09:26:17,263] {logging_mixin.py:115} INFO - [2024-10-26 09:26:17,263] {dag.py:2379} INFO - Sync 1 DAGs
[2024-10-26 09:26:17,273] {logging_mixin.py:115} INFO - [2024-10-26 09:26:17,273] {dag.py:2927} INFO - Setting next_dagrun for tutorial_etl_dag to None, run_after=None
[2024-10-26 09:26:17,285] {processor.py:161} INFO - Processing /root/Documentos/airflow/venv/lib/python3.9/site-packages/airflow/example_dags/tutorial_etl_dag.py took 0.034 seconds
[2024-10-26 09:26:51,116] {processor.py:153} INFO - Started process (PID=10820) to work on /root/Documentos/airflow/venv/lib/python3.9/site-packages/airflow/example_dags/tutorial_etl_dag.py
[2024-10-26 09:26:51,122] {processor.py:641} INFO - Processing file /root/Documentos/airflow/venv/lib/python3.9/site-packages/airflow/example_dags/tutorial_etl_dag.py for tasks to queue
[2024-10-26 09:26:51,122] {logging_mixin.py:115} INFO - [2024-10-26 09:26:51,122] {dagbag.py:507} INFO - Filling up the DagBag from /root/Documentos/airflow/venv/lib/python3.9/site-packages/airflow/example_dags/tutorial_etl_dag.py
[2024-10-26 09:26:51,125] {processor.py:651} INFO - DAG(s) dict_keys(['tutorial_etl_dag']) retrieved from /root/Documentos/airflow/venv/lib/python3.9/site-packages/airflow/example_dags/tutorial_etl_dag.py
[2024-10-26 09:26:51,134] {logging_mixin.py:115} INFO - [2024-10-26 09:26:51,134] {dag.py:2379} INFO - Sync 1 DAGs
[2024-10-26 09:26:51,146] {logging_mixin.py:115} INFO - [2024-10-26 09:26:51,146] {dag.py:2927} INFO - Setting next_dagrun for tutorial_etl_dag to None, run_after=None
[2024-10-26 09:26:51,158] {processor.py:161} INFO - Processing /root/Documentos/airflow/venv/lib/python3.9/site-packages/airflow/example_dags/tutorial_etl_dag.py took 0.044 seconds
[2024-10-26 09:27:23,866] {processor.py:153} INFO - Started process (PID=10979) to work on /root/Documentos/airflow/venv/lib/python3.9/site-packages/airflow/example_dags/tutorial_etl_dag.py
[2024-10-26 09:27:23,871] {processor.py:641} INFO - Processing file /root/Documentos/airflow/venv/lib/python3.9/site-packages/airflow/example_dags/tutorial_etl_dag.py for tasks to queue
[2024-10-26 09:27:23,872] {logging_mixin.py:115} INFO - [2024-10-26 09:27:23,872] {dagbag.py:507} INFO - Filling up the DagBag from /root/Documentos/airflow/venv/lib/python3.9/site-packages/airflow/example_dags/tutorial_etl_dag.py
[2024-10-26 09:27:23,875] {processor.py:651} INFO - DAG(s) dict_keys(['tutorial_etl_dag']) retrieved from /root/Documentos/airflow/venv/lib/python3.9/site-packages/airflow/example_dags/tutorial_etl_dag.py
[2024-10-26 09:27:23,882] {logging_mixin.py:115} INFO - [2024-10-26 09:27:23,882] {dag.py:2379} INFO - Sync 1 DAGs
[2024-10-26 09:27:23,892] {logging_mixin.py:115} INFO - [2024-10-26 09:27:23,892] {dag.py:2927} INFO - Setting next_dagrun for tutorial_etl_dag to None, run_after=None
[2024-10-26 09:27:23,906] {processor.py:161} INFO - Processing /root/Documentos/airflow/venv/lib/python3.9/site-packages/airflow/example_dags/tutorial_etl_dag.py took 0.041 seconds
[2024-10-26 09:27:57,257] {processor.py:153} INFO - Started process (PID=11147) to work on /root/Documentos/airflow/venv/lib/python3.9/site-packages/airflow/example_dags/tutorial_etl_dag.py
[2024-10-26 09:27:57,258] {processor.py:641} INFO - Processing file /root/Documentos/airflow/venv/lib/python3.9/site-packages/airflow/example_dags/tutorial_etl_dag.py for tasks to queue
[2024-10-26 09:27:57,258] {logging_mixin.py:115} INFO - [2024-10-26 09:27:57,258] {dagbag.py:507} INFO - Filling up the DagBag from /root/Documentos/airflow/venv/lib/python3.9/site-packages/airflow/example_dags/tutorial_etl_dag.py
[2024-10-26 09:27:57,261] {processor.py:651} INFO - DAG(s) dict_keys(['tutorial_etl_dag']) retrieved from /root/Documentos/airflow/venv/lib/python3.9/site-packages/airflow/example_dags/tutorial_etl_dag.py
[2024-10-26 09:27:57,269] {logging_mixin.py:115} INFO - [2024-10-26 09:27:57,269] {dag.py:2379} INFO - Sync 1 DAGs
[2024-10-26 09:27:57,280] {logging_mixin.py:115} INFO - [2024-10-26 09:27:57,280] {dag.py:2927} INFO - Setting next_dagrun for tutorial_etl_dag to None, run_after=None
[2024-10-26 09:27:57,291] {processor.py:161} INFO - Processing /root/Documentos/airflow/venv/lib/python3.9/site-packages/airflow/example_dags/tutorial_etl_dag.py took 0.035 seconds
[2024-10-26 09:28:29,913] {processor.py:153} INFO - Started process (PID=11308) to work on /root/Documentos/airflow/venv/lib/python3.9/site-packages/airflow/example_dags/tutorial_etl_dag.py
[2024-10-26 09:28:29,915] {processor.py:641} INFO - Processing file /root/Documentos/airflow/venv/lib/python3.9/site-packages/airflow/example_dags/tutorial_etl_dag.py for tasks to queue
[2024-10-26 09:28:29,915] {logging_mixin.py:115} INFO - [2024-10-26 09:28:29,915] {dagbag.py:507} INFO - Filling up the DagBag from /root/Documentos/airflow/venv/lib/python3.9/site-packages/airflow/example_dags/tutorial_etl_dag.py
[2024-10-26 09:28:29,918] {processor.py:651} INFO - DAG(s) dict_keys(['tutorial_etl_dag']) retrieved from /root/Documentos/airflow/venv/lib/python3.9/site-packages/airflow/example_dags/tutorial_etl_dag.py
[2024-10-26 09:28:29,927] {logging_mixin.py:115} INFO - [2024-10-26 09:28:29,927] {dag.py:2379} INFO - Sync 1 DAGs
[2024-10-26 09:28:29,937] {logging_mixin.py:115} INFO - [2024-10-26 09:28:29,937] {dag.py:2927} INFO - Setting next_dagrun for tutorial_etl_dag to None, run_after=None
[2024-10-26 09:28:29,949] {processor.py:161} INFO - Processing /root/Documentos/airflow/venv/lib/python3.9/site-packages/airflow/example_dags/tutorial_etl_dag.py took 0.037 seconds
[2024-10-26 09:37:52,900] {processor.py:153} INFO - Started process (PID=959) to work on /root/Documentos/airflow/venv/lib/python3.9/site-packages/airflow/example_dags/tutorial_etl_dag.py
[2024-10-26 09:37:52,908] {processor.py:641} INFO - Processing file /root/Documentos/airflow/venv/lib/python3.9/site-packages/airflow/example_dags/tutorial_etl_dag.py for tasks to queue
[2024-10-26 09:37:52,908] {logging_mixin.py:115} INFO - [2024-10-26 09:37:52,908] {dagbag.py:507} INFO - Filling up the DagBag from /root/Documentos/airflow/venv/lib/python3.9/site-packages/airflow/example_dags/tutorial_etl_dag.py
[2024-10-26 09:37:52,912] {processor.py:651} INFO - DAG(s) dict_keys(['tutorial_etl_dag']) retrieved from /root/Documentos/airflow/venv/lib/python3.9/site-packages/airflow/example_dags/tutorial_etl_dag.py
[2024-10-26 09:37:52,920] {logging_mixin.py:115} INFO - [2024-10-26 09:37:52,920] {dag.py:2379} INFO - Sync 1 DAGs
[2024-10-26 09:37:52,931] {logging_mixin.py:115} INFO - [2024-10-26 09:37:52,931] {dag.py:2927} INFO - Setting next_dagrun for tutorial_etl_dag to None, run_after=None
[2024-10-26 09:37:52,943] {processor.py:161} INFO - Processing /root/Documentos/airflow/venv/lib/python3.9/site-packages/airflow/example_dags/tutorial_etl_dag.py took 0.044 seconds
[2024-10-26 09:38:24,303] {processor.py:153} INFO - Started process (PID=1116) to work on /root/Documentos/airflow/venv/lib/python3.9/site-packages/airflow/example_dags/tutorial_etl_dag.py
[2024-10-26 09:38:24,308] {processor.py:641} INFO - Processing file /root/Documentos/airflow/venv/lib/python3.9/site-packages/airflow/example_dags/tutorial_etl_dag.py for tasks to queue
[2024-10-26 09:38:24,309] {logging_mixin.py:115} INFO - [2024-10-26 09:38:24,309] {dagbag.py:507} INFO - Filling up the DagBag from /root/Documentos/airflow/venv/lib/python3.9/site-packages/airflow/example_dags/tutorial_etl_dag.py
[2024-10-26 09:38:24,313] {processor.py:651} INFO - DAG(s) dict_keys(['tutorial_etl_dag']) retrieved from /root/Documentos/airflow/venv/lib/python3.9/site-packages/airflow/example_dags/tutorial_etl_dag.py
[2024-10-26 09:38:24,321] {logging_mixin.py:115} INFO - [2024-10-26 09:38:24,321] {dag.py:2379} INFO - Sync 1 DAGs
[2024-10-26 09:38:24,333] {logging_mixin.py:115} INFO - [2024-10-26 09:38:24,333] {dag.py:2927} INFO - Setting next_dagrun for tutorial_etl_dag to None, run_after=None
[2024-10-26 09:38:24,346] {processor.py:161} INFO - Processing /root/Documentos/airflow/venv/lib/python3.9/site-packages/airflow/example_dags/tutorial_etl_dag.py took 0.044 seconds
[2024-10-26 09:38:57,786] {processor.py:153} INFO - Started process (PID=1281) to work on /root/Documentos/airflow/venv/lib/python3.9/site-packages/airflow/example_dags/tutorial_etl_dag.py
[2024-10-26 09:38:57,787] {processor.py:641} INFO - Processing file /root/Documentos/airflow/venv/lib/python3.9/site-packages/airflow/example_dags/tutorial_etl_dag.py for tasks to queue
[2024-10-26 09:38:57,787] {logging_mixin.py:115} INFO - [2024-10-26 09:38:57,787] {dagbag.py:507} INFO - Filling up the DagBag from /root/Documentos/airflow/venv/lib/python3.9/site-packages/airflow/example_dags/tutorial_etl_dag.py
[2024-10-26 09:38:57,791] {processor.py:651} INFO - DAG(s) dict_keys(['tutorial_etl_dag']) retrieved from /root/Documentos/airflow/venv/lib/python3.9/site-packages/airflow/example_dags/tutorial_etl_dag.py
[2024-10-26 09:38:57,800] {logging_mixin.py:115} INFO - [2024-10-26 09:38:57,800] {dag.py:2379} INFO - Sync 1 DAGs
[2024-10-26 09:38:57,811] {logging_mixin.py:115} INFO - [2024-10-26 09:38:57,811] {dag.py:2927} INFO - Setting next_dagrun for tutorial_etl_dag to None, run_after=None
[2024-10-26 09:38:57,825] {processor.py:161} INFO - Processing /root/Documentos/airflow/venv/lib/python3.9/site-packages/airflow/example_dags/tutorial_etl_dag.py took 0.040 seconds
[2024-10-26 09:39:31,287] {processor.py:153} INFO - Started process (PID=1444) to work on /root/Documentos/airflow/venv/lib/python3.9/site-packages/airflow/example_dags/tutorial_etl_dag.py
[2024-10-26 09:39:31,292] {processor.py:641} INFO - Processing file /root/Documentos/airflow/venv/lib/python3.9/site-packages/airflow/example_dags/tutorial_etl_dag.py for tasks to queue
[2024-10-26 09:39:31,292] {logging_mixin.py:115} INFO - [2024-10-26 09:39:31,292] {dagbag.py:507} INFO - Filling up the DagBag from /root/Documentos/airflow/venv/lib/python3.9/site-packages/airflow/example_dags/tutorial_etl_dag.py
[2024-10-26 09:39:31,296] {processor.py:651} INFO - DAG(s) dict_keys(['tutorial_etl_dag']) retrieved from /root/Documentos/airflow/venv/lib/python3.9/site-packages/airflow/example_dags/tutorial_etl_dag.py
[2024-10-26 09:39:31,304] {logging_mixin.py:115} INFO - [2024-10-26 09:39:31,304] {dag.py:2379} INFO - Sync 1 DAGs
[2024-10-26 09:39:31,314] {logging_mixin.py:115} INFO - [2024-10-26 09:39:31,314] {dag.py:2927} INFO - Setting next_dagrun for tutorial_etl_dag to None, run_after=None
[2024-10-26 09:39:31,326] {processor.py:161} INFO - Processing /root/Documentos/airflow/venv/lib/python3.9/site-packages/airflow/example_dags/tutorial_etl_dag.py took 0.040 seconds
[2024-10-26 09:40:04,027] {processor.py:153} INFO - Started process (PID=1602) to work on /root/Documentos/airflow/venv/lib/python3.9/site-packages/airflow/example_dags/tutorial_etl_dag.py
[2024-10-26 09:40:04,034] {processor.py:641} INFO - Processing file /root/Documentos/airflow/venv/lib/python3.9/site-packages/airflow/example_dags/tutorial_etl_dag.py for tasks to queue
[2024-10-26 09:40:04,035] {logging_mixin.py:115} INFO - [2024-10-26 09:40:04,035] {dagbag.py:507} INFO - Filling up the DagBag from /root/Documentos/airflow/venv/lib/python3.9/site-packages/airflow/example_dags/tutorial_etl_dag.py
[2024-10-26 09:40:04,038] {processor.py:651} INFO - DAG(s) dict_keys(['tutorial_etl_dag']) retrieved from /root/Documentos/airflow/venv/lib/python3.9/site-packages/airflow/example_dags/tutorial_etl_dag.py
[2024-10-26 09:40:04,047] {logging_mixin.py:115} INFO - [2024-10-26 09:40:04,047] {dag.py:2379} INFO - Sync 1 DAGs
[2024-10-26 09:40:04,058] {logging_mixin.py:115} INFO - [2024-10-26 09:40:04,058] {dag.py:2927} INFO - Setting next_dagrun for tutorial_etl_dag to None, run_after=None
[2024-10-26 09:40:04,070] {processor.py:161} INFO - Processing /root/Documentos/airflow/venv/lib/python3.9/site-packages/airflow/example_dags/tutorial_etl_dag.py took 0.044 seconds
[2024-10-26 09:40:38,476] {processor.py:153} INFO - Started process (PID=1768) to work on /root/Documentos/airflow/venv/lib/python3.9/site-packages/airflow/example_dags/tutorial_etl_dag.py
[2024-10-26 09:40:38,480] {processor.py:641} INFO - Processing file /root/Documentos/airflow/venv/lib/python3.9/site-packages/airflow/example_dags/tutorial_etl_dag.py for tasks to queue
[2024-10-26 09:40:38,481] {logging_mixin.py:115} INFO - [2024-10-26 09:40:38,481] {dagbag.py:507} INFO - Filling up the DagBag from /root/Documentos/airflow/venv/lib/python3.9/site-packages/airflow/example_dags/tutorial_etl_dag.py
[2024-10-26 09:40:38,484] {processor.py:651} INFO - DAG(s) dict_keys(['tutorial_etl_dag']) retrieved from /root/Documentos/airflow/venv/lib/python3.9/site-packages/airflow/example_dags/tutorial_etl_dag.py
[2024-10-26 09:40:38,492] {logging_mixin.py:115} INFO - [2024-10-26 09:40:38,492] {dag.py:2379} INFO - Sync 1 DAGs
[2024-10-26 09:40:38,502] {logging_mixin.py:115} INFO - [2024-10-26 09:40:38,502] {dag.py:2927} INFO - Setting next_dagrun for tutorial_etl_dag to None, run_after=None
[2024-10-26 09:40:38,514] {processor.py:161} INFO - Processing /root/Documentos/airflow/venv/lib/python3.9/site-packages/airflow/example_dags/tutorial_etl_dag.py took 0.040 seconds
[2024-10-26 09:41:12,290] {processor.py:153} INFO - Started process (PID=1931) to work on /root/Documentos/airflow/venv/lib/python3.9/site-packages/airflow/example_dags/tutorial_etl_dag.py
[2024-10-26 09:41:12,291] {processor.py:641} INFO - Processing file /root/Documentos/airflow/venv/lib/python3.9/site-packages/airflow/example_dags/tutorial_etl_dag.py for tasks to queue
[2024-10-26 09:41:12,291] {logging_mixin.py:115} INFO - [2024-10-26 09:41:12,291] {dagbag.py:507} INFO - Filling up the DagBag from /root/Documentos/airflow/venv/lib/python3.9/site-packages/airflow/example_dags/tutorial_etl_dag.py
[2024-10-26 09:41:12,295] {processor.py:651} INFO - DAG(s) dict_keys(['tutorial_etl_dag']) retrieved from /root/Documentos/airflow/venv/lib/python3.9/site-packages/airflow/example_dags/tutorial_etl_dag.py
[2024-10-26 09:41:12,303] {logging_mixin.py:115} INFO - [2024-10-26 09:41:12,303] {dag.py:2379} INFO - Sync 1 DAGs
[2024-10-26 09:41:12,313] {logging_mixin.py:115} INFO - [2024-10-26 09:41:12,313] {dag.py:2927} INFO - Setting next_dagrun for tutorial_etl_dag to None, run_after=None
[2024-10-26 09:41:12,326] {processor.py:161} INFO - Processing /root/Documentos/airflow/venv/lib/python3.9/site-packages/airflow/example_dags/tutorial_etl_dag.py took 0.038 seconds
[2024-10-26 09:41:45,927] {processor.py:153} INFO - Started process (PID=2095) to work on /root/Documentos/airflow/venv/lib/python3.9/site-packages/airflow/example_dags/tutorial_etl_dag.py
[2024-10-26 09:41:45,933] {processor.py:641} INFO - Processing file /root/Documentos/airflow/venv/lib/python3.9/site-packages/airflow/example_dags/tutorial_etl_dag.py for tasks to queue
[2024-10-26 09:41:45,934] {logging_mixin.py:115} INFO - [2024-10-26 09:41:45,934] {dagbag.py:507} INFO - Filling up the DagBag from /root/Documentos/airflow/venv/lib/python3.9/site-packages/airflow/example_dags/tutorial_etl_dag.py
[2024-10-26 09:41:45,937] {processor.py:651} INFO - DAG(s) dict_keys(['tutorial_etl_dag']) retrieved from /root/Documentos/airflow/venv/lib/python3.9/site-packages/airflow/example_dags/tutorial_etl_dag.py
[2024-10-26 09:41:45,946] {logging_mixin.py:115} INFO - [2024-10-26 09:41:45,946] {dag.py:2379} INFO - Sync 1 DAGs
[2024-10-26 09:41:45,956] {logging_mixin.py:115} INFO - [2024-10-26 09:41:45,956] {dag.py:2927} INFO - Setting next_dagrun for tutorial_etl_dag to None, run_after=None
[2024-10-26 09:41:45,968] {processor.py:161} INFO - Processing /root/Documentos/airflow/venv/lib/python3.9/site-packages/airflow/example_dags/tutorial_etl_dag.py took 0.042 seconds
[2024-10-26 09:42:21,531] {processor.py:153} INFO - Started process (PID=2265) to work on /root/Documentos/airflow/venv/lib/python3.9/site-packages/airflow/example_dags/tutorial_etl_dag.py
[2024-10-26 09:42:21,536] {processor.py:641} INFO - Processing file /root/Documentos/airflow/venv/lib/python3.9/site-packages/airflow/example_dags/tutorial_etl_dag.py for tasks to queue
[2024-10-26 09:42:21,536] {logging_mixin.py:115} INFO - [2024-10-26 09:42:21,536] {dagbag.py:507} INFO - Filling up the DagBag from /root/Documentos/airflow/venv/lib/python3.9/site-packages/airflow/example_dags/tutorial_etl_dag.py
[2024-10-26 09:42:21,539] {processor.py:651} INFO - DAG(s) dict_keys(['tutorial_etl_dag']) retrieved from /root/Documentos/airflow/venv/lib/python3.9/site-packages/airflow/example_dags/tutorial_etl_dag.py
[2024-10-26 09:42:21,547] {logging_mixin.py:115} INFO - [2024-10-26 09:42:21,547] {dag.py:2379} INFO - Sync 1 DAGs
[2024-10-26 09:42:21,557] {logging_mixin.py:115} INFO - [2024-10-26 09:42:21,557] {dag.py:2927} INFO - Setting next_dagrun for tutorial_etl_dag to None, run_after=None
[2024-10-26 09:42:21,569] {processor.py:161} INFO - Processing /root/Documentos/airflow/venv/lib/python3.9/site-packages/airflow/example_dags/tutorial_etl_dag.py took 0.040 seconds
[2024-10-26 09:42:51,983] {processor.py:153} INFO - Started process (PID=2415) to work on /root/Documentos/airflow/venv/lib/python3.9/site-packages/airflow/example_dags/tutorial_etl_dag.py
[2024-10-26 09:42:51,983] {processor.py:641} INFO - Processing file /root/Documentos/airflow/venv/lib/python3.9/site-packages/airflow/example_dags/tutorial_etl_dag.py for tasks to queue
[2024-10-26 09:42:51,983] {logging_mixin.py:115} INFO - [2024-10-26 09:42:51,983] {dagbag.py:507} INFO - Filling up the DagBag from /root/Documentos/airflow/venv/lib/python3.9/site-packages/airflow/example_dags/tutorial_etl_dag.py
[2024-10-26 09:42:51,986] {processor.py:651} INFO - DAG(s) dict_keys(['tutorial_etl_dag']) retrieved from /root/Documentos/airflow/venv/lib/python3.9/site-packages/airflow/example_dags/tutorial_etl_dag.py
[2024-10-26 09:42:51,994] {logging_mixin.py:115} INFO - [2024-10-26 09:42:51,994] {dag.py:2379} INFO - Sync 1 DAGs
[2024-10-26 09:42:52,004] {logging_mixin.py:115} INFO - [2024-10-26 09:42:52,004] {dag.py:2927} INFO - Setting next_dagrun for tutorial_etl_dag to None, run_after=None
[2024-10-26 09:42:52,016] {processor.py:161} INFO - Processing /root/Documentos/airflow/venv/lib/python3.9/site-packages/airflow/example_dags/tutorial_etl_dag.py took 0.035 seconds
[2024-10-26 09:43:24,579] {processor.py:153} INFO - Started process (PID=2572) to work on /root/Documentos/airflow/venv/lib/python3.9/site-packages/airflow/example_dags/tutorial_etl_dag.py
[2024-10-26 09:43:24,584] {processor.py:641} INFO - Processing file /root/Documentos/airflow/venv/lib/python3.9/site-packages/airflow/example_dags/tutorial_etl_dag.py for tasks to queue
[2024-10-26 09:43:24,584] {logging_mixin.py:115} INFO - [2024-10-26 09:43:24,584] {dagbag.py:507} INFO - Filling up the DagBag from /root/Documentos/airflow/venv/lib/python3.9/site-packages/airflow/example_dags/tutorial_etl_dag.py
[2024-10-26 09:43:24,587] {processor.py:651} INFO - DAG(s) dict_keys(['tutorial_etl_dag']) retrieved from /root/Documentos/airflow/venv/lib/python3.9/site-packages/airflow/example_dags/tutorial_etl_dag.py
[2024-10-26 09:43:24,596] {logging_mixin.py:115} INFO - [2024-10-26 09:43:24,596] {dag.py:2379} INFO - Sync 1 DAGs
[2024-10-26 09:43:24,606] {logging_mixin.py:115} INFO - [2024-10-26 09:43:24,606] {dag.py:2927} INFO - Setting next_dagrun for tutorial_etl_dag to None, run_after=None
[2024-10-26 09:43:24,619] {processor.py:161} INFO - Processing /root/Documentos/airflow/venv/lib/python3.9/site-packages/airflow/example_dags/tutorial_etl_dag.py took 0.042 seconds
[2024-10-26 09:43:57,797] {processor.py:153} INFO - Started process (PID=2732) to work on /root/Documentos/airflow/venv/lib/python3.9/site-packages/airflow/example_dags/tutorial_etl_dag.py
[2024-10-26 09:43:57,798] {processor.py:641} INFO - Processing file /root/Documentos/airflow/venv/lib/python3.9/site-packages/airflow/example_dags/tutorial_etl_dag.py for tasks to queue
[2024-10-26 09:43:57,799] {logging_mixin.py:115} INFO - [2024-10-26 09:43:57,799] {dagbag.py:507} INFO - Filling up the DagBag from /root/Documentos/airflow/venv/lib/python3.9/site-packages/airflow/example_dags/tutorial_etl_dag.py
[2024-10-26 09:43:57,802] {processor.py:651} INFO - DAG(s) dict_keys(['tutorial_etl_dag']) retrieved from /root/Documentos/airflow/venv/lib/python3.9/site-packages/airflow/example_dags/tutorial_etl_dag.py
[2024-10-26 09:43:57,810] {logging_mixin.py:115} INFO - [2024-10-26 09:43:57,810] {dag.py:2379} INFO - Sync 1 DAGs
[2024-10-26 09:43:57,820] {logging_mixin.py:115} INFO - [2024-10-26 09:43:57,820] {dag.py:2927} INFO - Setting next_dagrun for tutorial_etl_dag to None, run_after=None
[2024-10-26 09:43:57,834] {processor.py:161} INFO - Processing /root/Documentos/airflow/venv/lib/python3.9/site-packages/airflow/example_dags/tutorial_etl_dag.py took 0.039 seconds
[2024-10-26 09:44:30,499] {processor.py:153} INFO - Started process (PID=2891) to work on /root/Documentos/airflow/venv/lib/python3.9/site-packages/airflow/example_dags/tutorial_etl_dag.py
[2024-10-26 09:44:30,500] {processor.py:641} INFO - Processing file /root/Documentos/airflow/venv/lib/python3.9/site-packages/airflow/example_dags/tutorial_etl_dag.py for tasks to queue
[2024-10-26 09:44:30,500] {logging_mixin.py:115} INFO - [2024-10-26 09:44:30,500] {dagbag.py:507} INFO - Filling up the DagBag from /root/Documentos/airflow/venv/lib/python3.9/site-packages/airflow/example_dags/tutorial_etl_dag.py
[2024-10-26 09:44:30,503] {processor.py:651} INFO - DAG(s) dict_keys(['tutorial_etl_dag']) retrieved from /root/Documentos/airflow/venv/lib/python3.9/site-packages/airflow/example_dags/tutorial_etl_dag.py
[2024-10-26 09:44:30,511] {logging_mixin.py:115} INFO - [2024-10-26 09:44:30,511] {dag.py:2379} INFO - Sync 1 DAGs
[2024-10-26 09:44:30,523] {logging_mixin.py:115} INFO - [2024-10-26 09:44:30,523] {dag.py:2927} INFO - Setting next_dagrun for tutorial_etl_dag to None, run_after=None
[2024-10-26 09:44:30,536] {processor.py:161} INFO - Processing /root/Documentos/airflow/venv/lib/python3.9/site-packages/airflow/example_dags/tutorial_etl_dag.py took 0.038 seconds
[2024-10-26 09:45:03,179] {processor.py:153} INFO - Started process (PID=3051) to work on /root/Documentos/airflow/venv/lib/python3.9/site-packages/airflow/example_dags/tutorial_etl_dag.py
[2024-10-26 09:45:03,187] {processor.py:641} INFO - Processing file /root/Documentos/airflow/venv/lib/python3.9/site-packages/airflow/example_dags/tutorial_etl_dag.py for tasks to queue
[2024-10-26 09:45:03,188] {logging_mixin.py:115} INFO - [2024-10-26 09:45:03,188] {dagbag.py:507} INFO - Filling up the DagBag from /root/Documentos/airflow/venv/lib/python3.9/site-packages/airflow/example_dags/tutorial_etl_dag.py
[2024-10-26 09:45:03,191] {processor.py:651} INFO - DAG(s) dict_keys(['tutorial_etl_dag']) retrieved from /root/Documentos/airflow/venv/lib/python3.9/site-packages/airflow/example_dags/tutorial_etl_dag.py
[2024-10-26 09:45:03,200] {logging_mixin.py:115} INFO - [2024-10-26 09:45:03,200] {dag.py:2379} INFO - Sync 1 DAGs
[2024-10-26 09:45:03,210] {logging_mixin.py:115} INFO - [2024-10-26 09:45:03,210] {dag.py:2927} INFO - Setting next_dagrun for tutorial_etl_dag to None, run_after=None
[2024-10-26 09:45:03,222] {processor.py:161} INFO - Processing /root/Documentos/airflow/venv/lib/python3.9/site-packages/airflow/example_dags/tutorial_etl_dag.py took 0.045 seconds
[2024-10-26 09:45:35,872] {processor.py:153} INFO - Started process (PID=3208) to work on /root/Documentos/airflow/venv/lib/python3.9/site-packages/airflow/example_dags/tutorial_etl_dag.py
[2024-10-26 09:45:35,874] {processor.py:641} INFO - Processing file /root/Documentos/airflow/venv/lib/python3.9/site-packages/airflow/example_dags/tutorial_etl_dag.py for tasks to queue
[2024-10-26 09:45:35,874] {logging_mixin.py:115} INFO - [2024-10-26 09:45:35,874] {dagbag.py:507} INFO - Filling up the DagBag from /root/Documentos/airflow/venv/lib/python3.9/site-packages/airflow/example_dags/tutorial_etl_dag.py
[2024-10-26 09:45:35,877] {processor.py:651} INFO - DAG(s) dict_keys(['tutorial_etl_dag']) retrieved from /root/Documentos/airflow/venv/lib/python3.9/site-packages/airflow/example_dags/tutorial_etl_dag.py
[2024-10-26 09:45:35,885] {logging_mixin.py:115} INFO - [2024-10-26 09:45:35,885] {dag.py:2379} INFO - Sync 1 DAGs
[2024-10-26 09:45:35,895] {logging_mixin.py:115} INFO - [2024-10-26 09:45:35,895] {dag.py:2927} INFO - Setting next_dagrun for tutorial_etl_dag to None, run_after=None
[2024-10-26 09:45:35,908] {processor.py:161} INFO - Processing /root/Documentos/airflow/venv/lib/python3.9/site-packages/airflow/example_dags/tutorial_etl_dag.py took 0.036 seconds
[2024-10-26 09:46:09,098] {processor.py:153} INFO - Started process (PID=3368) to work on /root/Documentos/airflow/venv/lib/python3.9/site-packages/airflow/example_dags/tutorial_etl_dag.py
[2024-10-26 09:46:09,099] {processor.py:641} INFO - Processing file /root/Documentos/airflow/venv/lib/python3.9/site-packages/airflow/example_dags/tutorial_etl_dag.py for tasks to queue
[2024-10-26 09:46:09,099] {logging_mixin.py:115} INFO - [2024-10-26 09:46:09,099] {dagbag.py:507} INFO - Filling up the DagBag from /root/Documentos/airflow/venv/lib/python3.9/site-packages/airflow/example_dags/tutorial_etl_dag.py
[2024-10-26 09:46:09,108] {processor.py:651} INFO - DAG(s) dict_keys(['tutorial_etl_dag']) retrieved from /root/Documentos/airflow/venv/lib/python3.9/site-packages/airflow/example_dags/tutorial_etl_dag.py
[2024-10-26 09:46:09,116] {logging_mixin.py:115} INFO - [2024-10-26 09:46:09,116] {dag.py:2379} INFO - Sync 1 DAGs
[2024-10-26 09:46:09,126] {logging_mixin.py:115} INFO - [2024-10-26 09:46:09,126] {dag.py:2927} INFO - Setting next_dagrun for tutorial_etl_dag to None, run_after=None
[2024-10-26 09:46:09,140] {processor.py:161} INFO - Processing /root/Documentos/airflow/venv/lib/python3.9/site-packages/airflow/example_dags/tutorial_etl_dag.py took 0.042 seconds
[2024-10-26 09:46:41,796] {processor.py:153} INFO - Started process (PID=3604) to work on /root/Documentos/airflow/venv/lib/python3.9/site-packages/airflow/example_dags/tutorial_etl_dag.py
[2024-10-26 09:46:41,801] {processor.py:641} INFO - Processing file /root/Documentos/airflow/venv/lib/python3.9/site-packages/airflow/example_dags/tutorial_etl_dag.py for tasks to queue
[2024-10-26 09:46:41,801] {logging_mixin.py:115} INFO - [2024-10-26 09:46:41,801] {dagbag.py:507} INFO - Filling up the DagBag from /root/Documentos/airflow/venv/lib/python3.9/site-packages/airflow/example_dags/tutorial_etl_dag.py
[2024-10-26 09:46:41,804] {processor.py:651} INFO - DAG(s) dict_keys(['tutorial_etl_dag']) retrieved from /root/Documentos/airflow/venv/lib/python3.9/site-packages/airflow/example_dags/tutorial_etl_dag.py
[2024-10-26 09:46:41,812] {logging_mixin.py:115} INFO - [2024-10-26 09:46:41,812] {dag.py:2379} INFO - Sync 1 DAGs
[2024-10-26 09:46:41,823] {logging_mixin.py:115} INFO - [2024-10-26 09:46:41,823] {dag.py:2927} INFO - Setting next_dagrun for tutorial_etl_dag to None, run_after=None
[2024-10-26 09:46:41,836] {processor.py:161} INFO - Processing /root/Documentos/airflow/venv/lib/python3.9/site-packages/airflow/example_dags/tutorial_etl_dag.py took 0.041 seconds
[2024-10-26 09:47:14,510] {processor.py:153} INFO - Started process (PID=3762) to work on /root/Documentos/airflow/venv/lib/python3.9/site-packages/airflow/example_dags/tutorial_etl_dag.py
[2024-10-26 09:47:14,513] {processor.py:641} INFO - Processing file /root/Documentos/airflow/venv/lib/python3.9/site-packages/airflow/example_dags/tutorial_etl_dag.py for tasks to queue
[2024-10-26 09:47:14,514] {logging_mixin.py:115} INFO - [2024-10-26 09:47:14,514] {dagbag.py:507} INFO - Filling up the DagBag from /root/Documentos/airflow/venv/lib/python3.9/site-packages/airflow/example_dags/tutorial_etl_dag.py
[2024-10-26 09:47:14,517] {processor.py:651} INFO - DAG(s) dict_keys(['tutorial_etl_dag']) retrieved from /root/Documentos/airflow/venv/lib/python3.9/site-packages/airflow/example_dags/tutorial_etl_dag.py
[2024-10-26 09:47:14,525] {logging_mixin.py:115} INFO - [2024-10-26 09:47:14,525] {dag.py:2379} INFO - Sync 1 DAGs
[2024-10-26 09:47:14,535] {logging_mixin.py:115} INFO - [2024-10-26 09:47:14,535] {dag.py:2927} INFO - Setting next_dagrun for tutorial_etl_dag to None, run_after=None
[2024-10-26 09:47:14,548] {processor.py:161} INFO - Processing /root/Documentos/airflow/venv/lib/python3.9/site-packages/airflow/example_dags/tutorial_etl_dag.py took 0.040 seconds
[2024-10-26 09:47:46,195] {processor.py:153} INFO - Started process (PID=3916) to work on /root/Documentos/airflow/venv/lib/python3.9/site-packages/airflow/example_dags/tutorial_etl_dag.py
[2024-10-26 09:47:46,195] {processor.py:641} INFO - Processing file /root/Documentos/airflow/venv/lib/python3.9/site-packages/airflow/example_dags/tutorial_etl_dag.py for tasks to queue
[2024-10-26 09:47:46,195] {logging_mixin.py:115} INFO - [2024-10-26 09:47:46,195] {dagbag.py:507} INFO - Filling up the DagBag from /root/Documentos/airflow/venv/lib/python3.9/site-packages/airflow/example_dags/tutorial_etl_dag.py
[2024-10-26 09:47:46,198] {processor.py:651} INFO - DAG(s) dict_keys(['tutorial_etl_dag']) retrieved from /root/Documentos/airflow/venv/lib/python3.9/site-packages/airflow/example_dags/tutorial_etl_dag.py
[2024-10-26 09:47:46,206] {logging_mixin.py:115} INFO - [2024-10-26 09:47:46,206] {dag.py:2379} INFO - Sync 1 DAGs
[2024-10-26 09:47:46,216] {logging_mixin.py:115} INFO - [2024-10-26 09:47:46,216] {dag.py:2927} INFO - Setting next_dagrun for tutorial_etl_dag to None, run_after=None
[2024-10-26 09:47:46,228] {processor.py:161} INFO - Processing /root/Documentos/airflow/venv/lib/python3.9/site-packages/airflow/example_dags/tutorial_etl_dag.py took 0.035 seconds
[2024-10-26 09:48:17,273] {processor.py:153} INFO - Started process (PID=4076) to work on /root/Documentos/airflow/venv/lib/python3.9/site-packages/airflow/example_dags/tutorial_etl_dag.py
[2024-10-26 09:48:17,278] {processor.py:641} INFO - Processing file /root/Documentos/airflow/venv/lib/python3.9/site-packages/airflow/example_dags/tutorial_etl_dag.py for tasks to queue
[2024-10-26 09:48:17,278] {logging_mixin.py:115} INFO - [2024-10-26 09:48:17,278] {dagbag.py:507} INFO - Filling up the DagBag from /root/Documentos/airflow/venv/lib/python3.9/site-packages/airflow/example_dags/tutorial_etl_dag.py
[2024-10-26 09:48:17,282] {processor.py:651} INFO - DAG(s) dict_keys(['tutorial_etl_dag']) retrieved from /root/Documentos/airflow/venv/lib/python3.9/site-packages/airflow/example_dags/tutorial_etl_dag.py
[2024-10-26 09:48:17,290] {logging_mixin.py:115} INFO - [2024-10-26 09:48:17,290] {dag.py:2379} INFO - Sync 1 DAGs
[2024-10-26 09:48:17,300] {logging_mixin.py:115} INFO - [2024-10-26 09:48:17,300] {dag.py:2927} INFO - Setting next_dagrun for tutorial_etl_dag to None, run_after=None
[2024-10-26 09:48:17,316] {processor.py:161} INFO - Processing /root/Documentos/airflow/venv/lib/python3.9/site-packages/airflow/example_dags/tutorial_etl_dag.py took 0.044 seconds
[2024-10-26 09:48:50,470] {processor.py:153} INFO - Started process (PID=4235) to work on /root/Documentos/airflow/venv/lib/python3.9/site-packages/airflow/example_dags/tutorial_etl_dag.py
[2024-10-26 09:48:50,476] {processor.py:641} INFO - Processing file /root/Documentos/airflow/venv/lib/python3.9/site-packages/airflow/example_dags/tutorial_etl_dag.py for tasks to queue
[2024-10-26 09:48:50,476] {logging_mixin.py:115} INFO - [2024-10-26 09:48:50,476] {dagbag.py:507} INFO - Filling up the DagBag from /root/Documentos/airflow/venv/lib/python3.9/site-packages/airflow/example_dags/tutorial_etl_dag.py
[2024-10-26 09:48:50,480] {processor.py:651} INFO - DAG(s) dict_keys(['tutorial_etl_dag']) retrieved from /root/Documentos/airflow/venv/lib/python3.9/site-packages/airflow/example_dags/tutorial_etl_dag.py
[2024-10-26 09:48:50,487] {logging_mixin.py:115} INFO - [2024-10-26 09:48:50,487] {dag.py:2379} INFO - Sync 1 DAGs
[2024-10-26 09:48:50,497] {logging_mixin.py:115} INFO - [2024-10-26 09:48:50,497] {dag.py:2927} INFO - Setting next_dagrun for tutorial_etl_dag to None, run_after=None
[2024-10-26 09:48:50,514] {processor.py:161} INFO - Processing /root/Documentos/airflow/venv/lib/python3.9/site-packages/airflow/example_dags/tutorial_etl_dag.py took 0.045 seconds
[2024-10-26 09:49:22,655] {processor.py:153} INFO - Started process (PID=4391) to work on /root/Documentos/airflow/venv/lib/python3.9/site-packages/airflow/example_dags/tutorial_etl_dag.py
[2024-10-26 09:49:22,655] {processor.py:641} INFO - Processing file /root/Documentos/airflow/venv/lib/python3.9/site-packages/airflow/example_dags/tutorial_etl_dag.py for tasks to queue
[2024-10-26 09:49:22,655] {logging_mixin.py:115} INFO - [2024-10-26 09:49:22,655] {dagbag.py:507} INFO - Filling up the DagBag from /root/Documentos/airflow/venv/lib/python3.9/site-packages/airflow/example_dags/tutorial_etl_dag.py
[2024-10-26 09:49:22,659] {processor.py:651} INFO - DAG(s) dict_keys(['tutorial_etl_dag']) retrieved from /root/Documentos/airflow/venv/lib/python3.9/site-packages/airflow/example_dags/tutorial_etl_dag.py
[2024-10-26 09:49:22,667] {logging_mixin.py:115} INFO - [2024-10-26 09:49:22,667] {dag.py:2379} INFO - Sync 1 DAGs
[2024-10-26 09:49:22,677] {logging_mixin.py:115} INFO - [2024-10-26 09:49:22,677] {dag.py:2927} INFO - Setting next_dagrun for tutorial_etl_dag to None, run_after=None
[2024-10-26 09:49:22,693] {processor.py:161} INFO - Processing /root/Documentos/airflow/venv/lib/python3.9/site-packages/airflow/example_dags/tutorial_etl_dag.py took 0.040 seconds
[2024-10-26 09:49:57,343] {processor.py:153} INFO - Started process (PID=4557) to work on /root/Documentos/airflow/venv/lib/python3.9/site-packages/airflow/example_dags/tutorial_etl_dag.py
[2024-10-26 09:49:57,347] {processor.py:641} INFO - Processing file /root/Documentos/airflow/venv/lib/python3.9/site-packages/airflow/example_dags/tutorial_etl_dag.py for tasks to queue
[2024-10-26 09:49:57,347] {logging_mixin.py:115} INFO - [2024-10-26 09:49:57,347] {dagbag.py:507} INFO - Filling up the DagBag from /root/Documentos/airflow/venv/lib/python3.9/site-packages/airflow/example_dags/tutorial_etl_dag.py
[2024-10-26 09:49:57,351] {processor.py:651} INFO - DAG(s) dict_keys(['tutorial_etl_dag']) retrieved from /root/Documentos/airflow/venv/lib/python3.9/site-packages/airflow/example_dags/tutorial_etl_dag.py
[2024-10-26 09:49:57,359] {logging_mixin.py:115} INFO - [2024-10-26 09:49:57,359] {dag.py:2379} INFO - Sync 1 DAGs
[2024-10-26 09:49:57,369] {logging_mixin.py:115} INFO - [2024-10-26 09:49:57,369] {dag.py:2927} INFO - Setting next_dagrun for tutorial_etl_dag to None, run_after=None
[2024-10-26 09:49:57,384] {processor.py:161} INFO - Processing /root/Documentos/airflow/venv/lib/python3.9/site-packages/airflow/example_dags/tutorial_etl_dag.py took 0.043 seconds
[2024-10-26 09:50:28,924] {processor.py:153} INFO - Started process (PID=4710) to work on /root/Documentos/airflow/venv/lib/python3.9/site-packages/airflow/example_dags/tutorial_etl_dag.py
[2024-10-26 09:50:28,925] {processor.py:641} INFO - Processing file /root/Documentos/airflow/venv/lib/python3.9/site-packages/airflow/example_dags/tutorial_etl_dag.py for tasks to queue
[2024-10-26 09:50:28,925] {logging_mixin.py:115} INFO - [2024-10-26 09:50:28,925] {dagbag.py:507} INFO - Filling up the DagBag from /root/Documentos/airflow/venv/lib/python3.9/site-packages/airflow/example_dags/tutorial_etl_dag.py
[2024-10-26 09:50:28,928] {processor.py:651} INFO - DAG(s) dict_keys(['tutorial_etl_dag']) retrieved from /root/Documentos/airflow/venv/lib/python3.9/site-packages/airflow/example_dags/tutorial_etl_dag.py
[2024-10-26 09:50:28,936] {logging_mixin.py:115} INFO - [2024-10-26 09:50:28,936] {dag.py:2379} INFO - Sync 1 DAGs
[2024-10-26 09:50:28,946] {logging_mixin.py:115} INFO - [2024-10-26 09:50:28,946] {dag.py:2927} INFO - Setting next_dagrun for tutorial_etl_dag to None, run_after=None
[2024-10-26 09:50:28,961] {processor.py:161} INFO - Processing /root/Documentos/airflow/venv/lib/python3.9/site-packages/airflow/example_dags/tutorial_etl_dag.py took 0.038 seconds
[2024-10-26 09:51:01,587] {processor.py:153} INFO - Started process (PID=4868) to work on /root/Documentos/airflow/venv/lib/python3.9/site-packages/airflow/example_dags/tutorial_etl_dag.py
[2024-10-26 09:51:01,592] {processor.py:641} INFO - Processing file /root/Documentos/airflow/venv/lib/python3.9/site-packages/airflow/example_dags/tutorial_etl_dag.py for tasks to queue
[2024-10-26 09:51:01,593] {logging_mixin.py:115} INFO - [2024-10-26 09:51:01,593] {dagbag.py:507} INFO - Filling up the DagBag from /root/Documentos/airflow/venv/lib/python3.9/site-packages/airflow/example_dags/tutorial_etl_dag.py
[2024-10-26 09:51:01,597] {processor.py:651} INFO - DAG(s) dict_keys(['tutorial_etl_dag']) retrieved from /root/Documentos/airflow/venv/lib/python3.9/site-packages/airflow/example_dags/tutorial_etl_dag.py
[2024-10-26 09:51:01,604] {logging_mixin.py:115} INFO - [2024-10-26 09:51:01,604] {dag.py:2379} INFO - Sync 1 DAGs
[2024-10-26 09:51:01,615] {logging_mixin.py:115} INFO - [2024-10-26 09:51:01,614] {dag.py:2927} INFO - Setting next_dagrun for tutorial_etl_dag to None, run_after=None
[2024-10-26 09:51:01,631] {processor.py:161} INFO - Processing /root/Documentos/airflow/venv/lib/python3.9/site-packages/airflow/example_dags/tutorial_etl_dag.py took 0.045 seconds
[2024-10-26 09:51:34,886] {processor.py:153} INFO - Started process (PID=5030) to work on /root/Documentos/airflow/venv/lib/python3.9/site-packages/airflow/example_dags/tutorial_etl_dag.py
[2024-10-26 09:51:34,888] {processor.py:641} INFO - Processing file /root/Documentos/airflow/venv/lib/python3.9/site-packages/airflow/example_dags/tutorial_etl_dag.py for tasks to queue
[2024-10-26 09:51:34,888] {logging_mixin.py:115} INFO - [2024-10-26 09:51:34,888] {dagbag.py:507} INFO - Filling up the DagBag from /root/Documentos/airflow/venv/lib/python3.9/site-packages/airflow/example_dags/tutorial_etl_dag.py
[2024-10-26 09:51:34,892] {processor.py:651} INFO - DAG(s) dict_keys(['tutorial_etl_dag']) retrieved from /root/Documentos/airflow/venv/lib/python3.9/site-packages/airflow/example_dags/tutorial_etl_dag.py
[2024-10-26 09:51:34,900] {logging_mixin.py:115} INFO - [2024-10-26 09:51:34,900] {dag.py:2379} INFO - Sync 1 DAGs
[2024-10-26 09:51:34,910] {logging_mixin.py:115} INFO - [2024-10-26 09:51:34,910] {dag.py:2927} INFO - Setting next_dagrun for tutorial_etl_dag to None, run_after=None
[2024-10-26 09:51:34,926] {processor.py:161} INFO - Processing /root/Documentos/airflow/venv/lib/python3.9/site-packages/airflow/example_dags/tutorial_etl_dag.py took 0.042 seconds
[2024-10-26 09:52:08,702] {processor.py:153} INFO - Started process (PID=5194) to work on /root/Documentos/airflow/venv/lib/python3.9/site-packages/airflow/example_dags/tutorial_etl_dag.py
[2024-10-26 09:52:08,702] {processor.py:641} INFO - Processing file /root/Documentos/airflow/venv/lib/python3.9/site-packages/airflow/example_dags/tutorial_etl_dag.py for tasks to queue
[2024-10-26 09:52:08,702] {logging_mixin.py:115} INFO - [2024-10-26 09:52:08,702] {dagbag.py:507} INFO - Filling up the DagBag from /root/Documentos/airflow/venv/lib/python3.9/site-packages/airflow/example_dags/tutorial_etl_dag.py
[2024-10-26 09:52:08,706] {processor.py:651} INFO - DAG(s) dict_keys(['tutorial_etl_dag']) retrieved from /root/Documentos/airflow/venv/lib/python3.9/site-packages/airflow/example_dags/tutorial_etl_dag.py
[2024-10-26 09:52:08,714] {logging_mixin.py:115} INFO - [2024-10-26 09:52:08,714] {dag.py:2379} INFO - Sync 1 DAGs
[2024-10-26 09:52:08,724] {logging_mixin.py:115} INFO - [2024-10-26 09:52:08,724] {dag.py:2927} INFO - Setting next_dagrun for tutorial_etl_dag to None, run_after=None
[2024-10-26 09:52:08,740] {processor.py:161} INFO - Processing /root/Documentos/airflow/venv/lib/python3.9/site-packages/airflow/example_dags/tutorial_etl_dag.py took 0.040 seconds
[2024-10-26 09:52:40,304] {processor.py:153} INFO - Started process (PID=5348) to work on /root/Documentos/airflow/venv/lib/python3.9/site-packages/airflow/example_dags/tutorial_etl_dag.py
[2024-10-26 09:52:40,306] {processor.py:641} INFO - Processing file /root/Documentos/airflow/venv/lib/python3.9/site-packages/airflow/example_dags/tutorial_etl_dag.py for tasks to queue
[2024-10-26 09:52:40,306] {logging_mixin.py:115} INFO - [2024-10-26 09:52:40,306] {dagbag.py:507} INFO - Filling up the DagBag from /root/Documentos/airflow/venv/lib/python3.9/site-packages/airflow/example_dags/tutorial_etl_dag.py
[2024-10-26 09:52:40,310] {processor.py:651} INFO - DAG(s) dict_keys(['tutorial_etl_dag']) retrieved from /root/Documentos/airflow/venv/lib/python3.9/site-packages/airflow/example_dags/tutorial_etl_dag.py
[2024-10-26 09:52:40,318] {logging_mixin.py:115} INFO - [2024-10-26 09:52:40,318] {dag.py:2379} INFO - Sync 1 DAGs
[2024-10-26 09:52:40,329] {logging_mixin.py:115} INFO - [2024-10-26 09:52:40,328] {dag.py:2927} INFO - Setting next_dagrun for tutorial_etl_dag to None, run_after=None
[2024-10-26 09:52:40,345] {processor.py:161} INFO - Processing /root/Documentos/airflow/venv/lib/python3.9/site-packages/airflow/example_dags/tutorial_etl_dag.py took 0.042 seconds
[2024-10-26 09:53:13,060] {processor.py:153} INFO - Started process (PID=5505) to work on /root/Documentos/airflow/venv/lib/python3.9/site-packages/airflow/example_dags/tutorial_etl_dag.py
[2024-10-26 09:53:13,063] {processor.py:641} INFO - Processing file /root/Documentos/airflow/venv/lib/python3.9/site-packages/airflow/example_dags/tutorial_etl_dag.py for tasks to queue
[2024-10-26 09:53:13,063] {logging_mixin.py:115} INFO - [2024-10-26 09:53:13,063] {dagbag.py:507} INFO - Filling up the DagBag from /root/Documentos/airflow/venv/lib/python3.9/site-packages/airflow/example_dags/tutorial_etl_dag.py
[2024-10-26 09:53:13,067] {processor.py:651} INFO - DAG(s) dict_keys(['tutorial_etl_dag']) retrieved from /root/Documentos/airflow/venv/lib/python3.9/site-packages/airflow/example_dags/tutorial_etl_dag.py
[2024-10-26 09:53:13,076] {logging_mixin.py:115} INFO - [2024-10-26 09:53:13,076] {dag.py:2379} INFO - Sync 1 DAGs
[2024-10-26 09:53:13,085] {logging_mixin.py:115} INFO - [2024-10-26 09:53:13,085] {dag.py:2927} INFO - Setting next_dagrun for tutorial_etl_dag to None, run_after=None
[2024-10-26 09:53:13,102] {processor.py:161} INFO - Processing /root/Documentos/airflow/venv/lib/python3.9/site-packages/airflow/example_dags/tutorial_etl_dag.py took 0.044 seconds
[2024-10-26 09:53:45,707] {processor.py:153} INFO - Started process (PID=5663) to work on /root/Documentos/airflow/venv/lib/python3.9/site-packages/airflow/example_dags/tutorial_etl_dag.py
[2024-10-26 09:53:45,707] {processor.py:641} INFO - Processing file /root/Documentos/airflow/venv/lib/python3.9/site-packages/airflow/example_dags/tutorial_etl_dag.py for tasks to queue
[2024-10-26 09:53:45,707] {logging_mixin.py:115} INFO - [2024-10-26 09:53:45,707] {dagbag.py:507} INFO - Filling up the DagBag from /root/Documentos/airflow/venv/lib/python3.9/site-packages/airflow/example_dags/tutorial_etl_dag.py
[2024-10-26 09:53:45,711] {processor.py:651} INFO - DAG(s) dict_keys(['tutorial_etl_dag']) retrieved from /root/Documentos/airflow/venv/lib/python3.9/site-packages/airflow/example_dags/tutorial_etl_dag.py
[2024-10-26 09:53:45,720] {logging_mixin.py:115} INFO - [2024-10-26 09:53:45,720] {dag.py:2379} INFO - Sync 1 DAGs
[2024-10-26 09:53:45,729] {logging_mixin.py:115} INFO - [2024-10-26 09:53:45,729] {dag.py:2927} INFO - Setting next_dagrun for tutorial_etl_dag to None, run_after=None
[2024-10-26 09:53:45,746] {processor.py:161} INFO - Processing /root/Documentos/airflow/venv/lib/python3.9/site-packages/airflow/example_dags/tutorial_etl_dag.py took 0.040 seconds
[2024-10-26 09:54:20,044] {processor.py:153} INFO - Started process (PID=5829) to work on /root/Documentos/airflow/venv/lib/python3.9/site-packages/airflow/example_dags/tutorial_etl_dag.py
[2024-10-26 09:54:20,048] {processor.py:641} INFO - Processing file /root/Documentos/airflow/venv/lib/python3.9/site-packages/airflow/example_dags/tutorial_etl_dag.py for tasks to queue
[2024-10-26 09:54:20,049] {logging_mixin.py:115} INFO - [2024-10-26 09:54:20,049] {dagbag.py:507} INFO - Filling up the DagBag from /root/Documentos/airflow/venv/lib/python3.9/site-packages/airflow/example_dags/tutorial_etl_dag.py
[2024-10-26 09:54:20,053] {processor.py:651} INFO - DAG(s) dict_keys(['tutorial_etl_dag']) retrieved from /root/Documentos/airflow/venv/lib/python3.9/site-packages/airflow/example_dags/tutorial_etl_dag.py
[2024-10-26 09:54:20,062] {logging_mixin.py:115} INFO - [2024-10-26 09:54:20,062] {dag.py:2379} INFO - Sync 1 DAGs
[2024-10-26 09:54:20,071] {logging_mixin.py:115} INFO - [2024-10-26 09:54:20,071] {dag.py:2927} INFO - Setting next_dagrun for tutorial_etl_dag to None, run_after=None
[2024-10-26 09:54:20,088] {processor.py:161} INFO - Processing /root/Documentos/airflow/venv/lib/python3.9/site-packages/airflow/example_dags/tutorial_etl_dag.py took 0.045 seconds
[2024-10-26 09:54:54,596] {processor.py:153} INFO - Started process (PID=5995) to work on /root/Documentos/airflow/venv/lib/python3.9/site-packages/airflow/example_dags/tutorial_etl_dag.py
[2024-10-26 09:54:54,597] {processor.py:641} INFO - Processing file /root/Documentos/airflow/venv/lib/python3.9/site-packages/airflow/example_dags/tutorial_etl_dag.py for tasks to queue
[2024-10-26 09:54:54,597] {logging_mixin.py:115} INFO - [2024-10-26 09:54:54,597] {dagbag.py:507} INFO - Filling up the DagBag from /root/Documentos/airflow/venv/lib/python3.9/site-packages/airflow/example_dags/tutorial_etl_dag.py
[2024-10-26 09:54:54,600] {processor.py:651} INFO - DAG(s) dict_keys(['tutorial_etl_dag']) retrieved from /root/Documentos/airflow/venv/lib/python3.9/site-packages/airflow/example_dags/tutorial_etl_dag.py
[2024-10-26 09:54:54,609] {logging_mixin.py:115} INFO - [2024-10-26 09:54:54,609] {dag.py:2379} INFO - Sync 1 DAGs
[2024-10-26 09:54:54,618] {logging_mixin.py:115} INFO - [2024-10-26 09:54:54,618] {dag.py:2927} INFO - Setting next_dagrun for tutorial_etl_dag to None, run_after=None
[2024-10-26 09:54:54,634] {processor.py:161} INFO - Processing /root/Documentos/airflow/venv/lib/python3.9/site-packages/airflow/example_dags/tutorial_etl_dag.py took 0.039 seconds
[2024-10-26 09:56:02,332] {processor.py:153} INFO - Started process (PID=6225) to work on /root/Documentos/airflow/venv/lib/python3.9/site-packages/airflow/example_dags/tutorial_etl_dag.py
[2024-10-26 09:56:02,337] {processor.py:641} INFO - Processing file /root/Documentos/airflow/venv/lib/python3.9/site-packages/airflow/example_dags/tutorial_etl_dag.py for tasks to queue
[2024-10-26 09:56:02,338] {logging_mixin.py:115} INFO - [2024-10-26 09:56:02,338] {dagbag.py:507} INFO - Filling up the DagBag from /root/Documentos/airflow/venv/lib/python3.9/site-packages/airflow/example_dags/tutorial_etl_dag.py
[2024-10-26 09:56:02,341] {processor.py:651} INFO - DAG(s) dict_keys(['tutorial_etl_dag']) retrieved from /root/Documentos/airflow/venv/lib/python3.9/site-packages/airflow/example_dags/tutorial_etl_dag.py
[2024-10-26 09:56:02,350] {logging_mixin.py:115} INFO - [2024-10-26 09:56:02,350] {dag.py:2379} INFO - Sync 1 DAGs
[2024-10-26 09:56:02,360] {logging_mixin.py:115} INFO - [2024-10-26 09:56:02,360] {dag.py:2927} INFO - Setting next_dagrun for tutorial_etl_dag to None, run_after=None
[2024-10-26 09:56:02,373] {processor.py:161} INFO - Processing /root/Documentos/airflow/venv/lib/python3.9/site-packages/airflow/example_dags/tutorial_etl_dag.py took 0.043 seconds
