[2024-10-26 09:24:52,639] {processor.py:153} INFO - Started process (PID=10248) to work on /root/Documentos/airflow/venv/lib/python3.9/site-packages/airflow/example_dags/tutorial_taskflow_api_etl_virtualenv.py
[2024-10-26 09:24:52,639] {processor.py:641} INFO - Processing file /root/Documentos/airflow/venv/lib/python3.9/site-packages/airflow/example_dags/tutorial_taskflow_api_etl_virtualenv.py for tasks to queue
[2024-10-26 09:24:52,639] {logging_mixin.py:115} INFO - [2024-10-26 09:24:52,639] {dagbag.py:507} INFO - Filling up the DagBag from /root/Documentos/airflow/venv/lib/python3.9/site-packages/airflow/example_dags/tutorial_taskflow_api_etl_virtualenv.py
[2024-10-26 09:24:52,648] {processor.py:651} INFO - DAG(s) dict_keys(['tutorial_taskflow_api_etl_virtualenv']) retrieved from /root/Documentos/airflow/venv/lib/python3.9/site-packages/airflow/example_dags/tutorial_taskflow_api_etl_virtualenv.py
[2024-10-26 09:24:52,699] {logging_mixin.py:115} INFO - [2024-10-26 09:24:52,699] {manager.py:508} INFO - Created Permission View: can edit on DAG:tutorial_taskflow_api_etl_virtualenv
[2024-10-26 09:24:52,710] {logging_mixin.py:115} INFO - [2024-10-26 09:24:52,710] {manager.py:508} INFO - Created Permission View: can read on DAG:tutorial_taskflow_api_etl_virtualenv
[2024-10-26 09:24:52,719] {logging_mixin.py:115} INFO - [2024-10-26 09:24:52,719] {manager.py:508} INFO - Created Permission View: can delete on DAG:tutorial_taskflow_api_etl_virtualenv
[2024-10-26 09:24:52,719] {logging_mixin.py:115} INFO - [2024-10-26 09:24:52,719] {dag.py:2379} INFO - Sync 1 DAGs
[2024-10-26 09:24:52,724] {logging_mixin.py:115} INFO - [2024-10-26 09:24:52,724] {dag.py:2398} INFO - Creating ORM DAG for tutorial_taskflow_api_etl_virtualenv
[2024-10-26 09:24:52,729] {logging_mixin.py:115} INFO - [2024-10-26 09:24:52,729] {dag.py:2927} INFO - Setting next_dagrun for tutorial_taskflow_api_etl_virtualenv to None, run_after=None
[2024-10-26 09:24:52,743] {processor.py:161} INFO - Processing /root/Documentos/airflow/venv/lib/python3.9/site-packages/airflow/example_dags/tutorial_taskflow_api_etl_virtualenv.py took 0.106 seconds
[2024-10-26 09:25:28,186] {processor.py:153} INFO - Started process (PID=10419) to work on /root/Documentos/airflow/venv/lib/python3.9/site-packages/airflow/example_dags/tutorial_taskflow_api_etl_virtualenv.py
[2024-10-26 09:25:28,187] {processor.py:641} INFO - Processing file /root/Documentos/airflow/venv/lib/python3.9/site-packages/airflow/example_dags/tutorial_taskflow_api_etl_virtualenv.py for tasks to queue
[2024-10-26 09:25:28,187] {logging_mixin.py:115} INFO - [2024-10-26 09:25:28,187] {dagbag.py:507} INFO - Filling up the DagBag from /root/Documentos/airflow/venv/lib/python3.9/site-packages/airflow/example_dags/tutorial_taskflow_api_etl_virtualenv.py
[2024-10-26 09:25:28,196] {processor.py:651} INFO - DAG(s) dict_keys(['tutorial_taskflow_api_etl_virtualenv']) retrieved from /root/Documentos/airflow/venv/lib/python3.9/site-packages/airflow/example_dags/tutorial_taskflow_api_etl_virtualenv.py
[2024-10-26 09:25:28,219] {logging_mixin.py:115} INFO - [2024-10-26 09:25:28,219] {dag.py:2379} INFO - Sync 1 DAGs
[2024-10-26 09:25:28,227] {logging_mixin.py:115} INFO - [2024-10-26 09:25:28,227] {dag.py:2927} INFO - Setting next_dagrun for tutorial_taskflow_api_etl_virtualenv to None, run_after=None
[2024-10-26 09:25:28,239] {processor.py:161} INFO - Processing /root/Documentos/airflow/venv/lib/python3.9/site-packages/airflow/example_dags/tutorial_taskflow_api_etl_virtualenv.py took 0.055 seconds
[2024-10-26 09:25:59,360] {processor.py:153} INFO - Started process (PID=10572) to work on /root/Documentos/airflow/venv/lib/python3.9/site-packages/airflow/example_dags/tutorial_taskflow_api_etl_virtualenv.py
[2024-10-26 09:25:59,361] {processor.py:641} INFO - Processing file /root/Documentos/airflow/venv/lib/python3.9/site-packages/airflow/example_dags/tutorial_taskflow_api_etl_virtualenv.py for tasks to queue
[2024-10-26 09:25:59,361] {logging_mixin.py:115} INFO - [2024-10-26 09:25:59,361] {dagbag.py:507} INFO - Filling up the DagBag from /root/Documentos/airflow/venv/lib/python3.9/site-packages/airflow/example_dags/tutorial_taskflow_api_etl_virtualenv.py
[2024-10-26 09:25:59,371] {processor.py:651} INFO - DAG(s) dict_keys(['tutorial_taskflow_api_etl_virtualenv']) retrieved from /root/Documentos/airflow/venv/lib/python3.9/site-packages/airflow/example_dags/tutorial_taskflow_api_etl_virtualenv.py
[2024-10-26 09:25:59,379] {logging_mixin.py:115} INFO - [2024-10-26 09:25:59,378] {dag.py:2379} INFO - Sync 1 DAGs
[2024-10-26 09:25:59,389] {logging_mixin.py:115} INFO - [2024-10-26 09:25:59,389] {dag.py:2927} INFO - Setting next_dagrun for tutorial_taskflow_api_etl_virtualenv to None, run_after=None
[2024-10-26 09:25:59,403] {processor.py:161} INFO - Processing /root/Documentos/airflow/venv/lib/python3.9/site-packages/airflow/example_dags/tutorial_taskflow_api_etl_virtualenv.py took 0.044 seconds
[2024-10-26 09:26:33,805] {processor.py:153} INFO - Started process (PID=10738) to work on /root/Documentos/airflow/venv/lib/python3.9/site-packages/airflow/example_dags/tutorial_taskflow_api_etl_virtualenv.py
[2024-10-26 09:26:33,812] {processor.py:641} INFO - Processing file /root/Documentos/airflow/venv/lib/python3.9/site-packages/airflow/example_dags/tutorial_taskflow_api_etl_virtualenv.py for tasks to queue
[2024-10-26 09:26:33,813] {logging_mixin.py:115} INFO - [2024-10-26 09:26:33,813] {dagbag.py:507} INFO - Filling up the DagBag from /root/Documentos/airflow/venv/lib/python3.9/site-packages/airflow/example_dags/tutorial_taskflow_api_etl_virtualenv.py
[2024-10-26 09:26:33,821] {processor.py:651} INFO - DAG(s) dict_keys(['tutorial_taskflow_api_etl_virtualenv']) retrieved from /root/Documentos/airflow/venv/lib/python3.9/site-packages/airflow/example_dags/tutorial_taskflow_api_etl_virtualenv.py
[2024-10-26 09:26:33,844] {logging_mixin.py:115} INFO - [2024-10-26 09:26:33,844] {dag.py:2379} INFO - Sync 1 DAGs
[2024-10-26 09:26:33,852] {logging_mixin.py:115} INFO - [2024-10-26 09:26:33,852] {dag.py:2927} INFO - Setting next_dagrun for tutorial_taskflow_api_etl_virtualenv to None, run_after=None
[2024-10-26 09:26:33,864] {processor.py:161} INFO - Processing /root/Documentos/airflow/venv/lib/python3.9/site-packages/airflow/example_dags/tutorial_taskflow_api_etl_virtualenv.py took 0.061 seconds
[2024-10-26 09:27:06,533] {processor.py:153} INFO - Started process (PID=10897) to work on /root/Documentos/airflow/venv/lib/python3.9/site-packages/airflow/example_dags/tutorial_taskflow_api_etl_virtualenv.py
[2024-10-26 09:27:06,534] {processor.py:641} INFO - Processing file /root/Documentos/airflow/venv/lib/python3.9/site-packages/airflow/example_dags/tutorial_taskflow_api_etl_virtualenv.py for tasks to queue
[2024-10-26 09:27:06,535] {logging_mixin.py:115} INFO - [2024-10-26 09:27:06,535] {dagbag.py:507} INFO - Filling up the DagBag from /root/Documentos/airflow/venv/lib/python3.9/site-packages/airflow/example_dags/tutorial_taskflow_api_etl_virtualenv.py
[2024-10-26 09:27:06,543] {processor.py:651} INFO - DAG(s) dict_keys(['tutorial_taskflow_api_etl_virtualenv']) retrieved from /root/Documentos/airflow/venv/lib/python3.9/site-packages/airflow/example_dags/tutorial_taskflow_api_etl_virtualenv.py
[2024-10-26 09:27:06,566] {logging_mixin.py:115} INFO - [2024-10-26 09:27:06,566] {dag.py:2379} INFO - Sync 1 DAGs
[2024-10-26 09:27:06,574] {logging_mixin.py:115} INFO - [2024-10-26 09:27:06,574] {dag.py:2927} INFO - Setting next_dagrun for tutorial_taskflow_api_etl_virtualenv to None, run_after=None
[2024-10-26 09:27:06,587] {processor.py:161} INFO - Processing /root/Documentos/airflow/venv/lib/python3.9/site-packages/airflow/example_dags/tutorial_taskflow_api_etl_virtualenv.py took 0.055 seconds
[2024-10-26 09:27:41,023] {processor.py:153} INFO - Started process (PID=11064) to work on /root/Documentos/airflow/venv/lib/python3.9/site-packages/airflow/example_dags/tutorial_taskflow_api_etl_virtualenv.py
[2024-10-26 09:27:41,024] {processor.py:641} INFO - Processing file /root/Documentos/airflow/venv/lib/python3.9/site-packages/airflow/example_dags/tutorial_taskflow_api_etl_virtualenv.py for tasks to queue
[2024-10-26 09:27:41,024] {logging_mixin.py:115} INFO - [2024-10-26 09:27:41,024] {dagbag.py:507} INFO - Filling up the DagBag from /root/Documentos/airflow/venv/lib/python3.9/site-packages/airflow/example_dags/tutorial_taskflow_api_etl_virtualenv.py
[2024-10-26 09:27:41,033] {processor.py:651} INFO - DAG(s) dict_keys(['tutorial_taskflow_api_etl_virtualenv']) retrieved from /root/Documentos/airflow/venv/lib/python3.9/site-packages/airflow/example_dags/tutorial_taskflow_api_etl_virtualenv.py
[2024-10-26 09:27:41,059] {logging_mixin.py:115} INFO - [2024-10-26 09:27:41,059] {dag.py:2379} INFO - Sync 1 DAGs
[2024-10-26 09:27:41,068] {logging_mixin.py:115} INFO - [2024-10-26 09:27:41,068] {dag.py:2927} INFO - Setting next_dagrun for tutorial_taskflow_api_etl_virtualenv to None, run_after=None
[2024-10-26 09:27:41,080] {processor.py:161} INFO - Processing /root/Documentos/airflow/venv/lib/python3.9/site-packages/airflow/example_dags/tutorial_taskflow_api_etl_virtualenv.py took 0.058 seconds
[2024-10-26 09:28:15,319] {processor.py:153} INFO - Started process (PID=11236) to work on /root/Documentos/airflow/venv/lib/python3.9/site-packages/airflow/example_dags/tutorial_taskflow_api_etl_virtualenv.py
[2024-10-26 09:28:15,324] {processor.py:641} INFO - Processing file /root/Documentos/airflow/venv/lib/python3.9/site-packages/airflow/example_dags/tutorial_taskflow_api_etl_virtualenv.py for tasks to queue
[2024-10-26 09:28:15,324] {logging_mixin.py:115} INFO - [2024-10-26 09:28:15,324] {dagbag.py:507} INFO - Filling up the DagBag from /root/Documentos/airflow/venv/lib/python3.9/site-packages/airflow/example_dags/tutorial_taskflow_api_etl_virtualenv.py
[2024-10-26 09:28:15,333] {processor.py:651} INFO - DAG(s) dict_keys(['tutorial_taskflow_api_etl_virtualenv']) retrieved from /root/Documentos/airflow/venv/lib/python3.9/site-packages/airflow/example_dags/tutorial_taskflow_api_etl_virtualenv.py
[2024-10-26 09:28:15,356] {logging_mixin.py:115} INFO - [2024-10-26 09:28:15,356] {dag.py:2379} INFO - Sync 1 DAGs
[2024-10-26 09:28:15,364] {logging_mixin.py:115} INFO - [2024-10-26 09:28:15,364] {dag.py:2927} INFO - Setting next_dagrun for tutorial_taskflow_api_etl_virtualenv to None, run_after=None
[2024-10-26 09:28:15,377] {processor.py:161} INFO - Processing /root/Documentos/airflow/venv/lib/python3.9/site-packages/airflow/example_dags/tutorial_taskflow_api_etl_virtualenv.py took 0.059 seconds
[2024-10-26 09:28:48,703] {processor.py:153} INFO - Started process (PID=11402) to work on /root/Documentos/airflow/venv/lib/python3.9/site-packages/airflow/example_dags/tutorial_taskflow_api_etl_virtualenv.py
[2024-10-26 09:28:48,711] {processor.py:641} INFO - Processing file /root/Documentos/airflow/venv/lib/python3.9/site-packages/airflow/example_dags/tutorial_taskflow_api_etl_virtualenv.py for tasks to queue
[2024-10-26 09:28:48,711] {logging_mixin.py:115} INFO - [2024-10-26 09:28:48,711] {dagbag.py:507} INFO - Filling up the DagBag from /root/Documentos/airflow/venv/lib/python3.9/site-packages/airflow/example_dags/tutorial_taskflow_api_etl_virtualenv.py
[2024-10-26 09:28:48,721] {processor.py:651} INFO - DAG(s) dict_keys(['tutorial_taskflow_api_etl_virtualenv']) retrieved from /root/Documentos/airflow/venv/lib/python3.9/site-packages/airflow/example_dags/tutorial_taskflow_api_etl_virtualenv.py
[2024-10-26 09:28:48,746] {logging_mixin.py:115} INFO - [2024-10-26 09:28:48,746] {dag.py:2379} INFO - Sync 1 DAGs
[2024-10-26 09:28:48,754] {logging_mixin.py:115} INFO - [2024-10-26 09:28:48,754] {dag.py:2927} INFO - Setting next_dagrun for tutorial_taskflow_api_etl_virtualenv to None, run_after=None
[2024-10-26 09:28:48,767] {processor.py:161} INFO - Processing /root/Documentos/airflow/venv/lib/python3.9/site-packages/airflow/example_dags/tutorial_taskflow_api_etl_virtualenv.py took 0.065 seconds
[2024-10-26 09:38:08,190] {processor.py:153} INFO - Started process (PID=1036) to work on /root/Documentos/airflow/venv/lib/python3.9/site-packages/airflow/example_dags/tutorial_taskflow_api_etl_virtualenv.py
[2024-10-26 09:38:08,195] {processor.py:641} INFO - Processing file /root/Documentos/airflow/venv/lib/python3.9/site-packages/airflow/example_dags/tutorial_taskflow_api_etl_virtualenv.py for tasks to queue
[2024-10-26 09:38:08,196] {logging_mixin.py:115} INFO - [2024-10-26 09:38:08,196] {dagbag.py:507} INFO - Filling up the DagBag from /root/Documentos/airflow/venv/lib/python3.9/site-packages/airflow/example_dags/tutorial_taskflow_api_etl_virtualenv.py
[2024-10-26 09:38:08,206] {processor.py:651} INFO - DAG(s) dict_keys(['tutorial_taskflow_api_etl_virtualenv']) retrieved from /root/Documentos/airflow/venv/lib/python3.9/site-packages/airflow/example_dags/tutorial_taskflow_api_etl_virtualenv.py
[2024-10-26 09:38:08,230] {logging_mixin.py:115} INFO - [2024-10-26 09:38:08,230] {dag.py:2379} INFO - Sync 1 DAGs
[2024-10-26 09:38:08,239] {logging_mixin.py:115} INFO - [2024-10-26 09:38:08,239] {dag.py:2927} INFO - Setting next_dagrun for tutorial_taskflow_api_etl_virtualenv to None, run_after=None
[2024-10-26 09:38:08,252] {processor.py:161} INFO - Processing /root/Documentos/airflow/venv/lib/python3.9/site-packages/airflow/example_dags/tutorial_taskflow_api_etl_virtualenv.py took 0.063 seconds
[2024-10-26 09:38:40,807] {processor.py:153} INFO - Started process (PID=1198) to work on /root/Documentos/airflow/venv/lib/python3.9/site-packages/airflow/example_dags/tutorial_taskflow_api_etl_virtualenv.py
[2024-10-26 09:38:40,814] {processor.py:641} INFO - Processing file /root/Documentos/airflow/venv/lib/python3.9/site-packages/airflow/example_dags/tutorial_taskflow_api_etl_virtualenv.py for tasks to queue
[2024-10-26 09:38:40,815] {logging_mixin.py:115} INFO - [2024-10-26 09:38:40,814] {dagbag.py:507} INFO - Filling up the DagBag from /root/Documentos/airflow/venv/lib/python3.9/site-packages/airflow/example_dags/tutorial_taskflow_api_etl_virtualenv.py
[2024-10-26 09:38:40,823] {processor.py:651} INFO - DAG(s) dict_keys(['tutorial_taskflow_api_etl_virtualenv']) retrieved from /root/Documentos/airflow/venv/lib/python3.9/site-packages/airflow/example_dags/tutorial_taskflow_api_etl_virtualenv.py
[2024-10-26 09:38:40,847] {logging_mixin.py:115} INFO - [2024-10-26 09:38:40,847] {dag.py:2379} INFO - Sync 1 DAGs
[2024-10-26 09:38:40,855] {logging_mixin.py:115} INFO - [2024-10-26 09:38:40,855] {dag.py:2927} INFO - Setting next_dagrun for tutorial_taskflow_api_etl_virtualenv to None, run_after=None
[2024-10-26 09:38:40,868] {processor.py:161} INFO - Processing /root/Documentos/airflow/venv/lib/python3.9/site-packages/airflow/example_dags/tutorial_taskflow_api_etl_virtualenv.py took 0.062 seconds
[2024-10-26 09:39:15,153] {processor.py:153} INFO - Started process (PID=1366) to work on /root/Documentos/airflow/venv/lib/python3.9/site-packages/airflow/example_dags/tutorial_taskflow_api_etl_virtualenv.py
[2024-10-26 09:39:15,159] {processor.py:641} INFO - Processing file /root/Documentos/airflow/venv/lib/python3.9/site-packages/airflow/example_dags/tutorial_taskflow_api_etl_virtualenv.py for tasks to queue
[2024-10-26 09:39:15,159] {logging_mixin.py:115} INFO - [2024-10-26 09:39:15,159] {dagbag.py:507} INFO - Filling up the DagBag from /root/Documentos/airflow/venv/lib/python3.9/site-packages/airflow/example_dags/tutorial_taskflow_api_etl_virtualenv.py
[2024-10-26 09:39:15,171] {processor.py:651} INFO - DAG(s) dict_keys(['tutorial_taskflow_api_etl_virtualenv']) retrieved from /root/Documentos/airflow/venv/lib/python3.9/site-packages/airflow/example_dags/tutorial_taskflow_api_etl_virtualenv.py
[2024-10-26 09:39:15,180] {logging_mixin.py:115} INFO - [2024-10-26 09:39:15,179] {dag.py:2379} INFO - Sync 1 DAGs
[2024-10-26 09:39:15,191] {logging_mixin.py:115} INFO - [2024-10-26 09:39:15,191] {dag.py:2927} INFO - Setting next_dagrun for tutorial_taskflow_api_etl_virtualenv to None, run_after=None
[2024-10-26 09:39:15,204] {processor.py:161} INFO - Processing /root/Documentos/airflow/venv/lib/python3.9/site-packages/airflow/example_dags/tutorial_taskflow_api_etl_virtualenv.py took 0.052 seconds
[2024-10-26 09:39:47,831] {processor.py:153} INFO - Started process (PID=1525) to work on /root/Documentos/airflow/venv/lib/python3.9/site-packages/airflow/example_dags/tutorial_taskflow_api_etl_virtualenv.py
[2024-10-26 09:39:47,837] {processor.py:641} INFO - Processing file /root/Documentos/airflow/venv/lib/python3.9/site-packages/airflow/example_dags/tutorial_taskflow_api_etl_virtualenv.py for tasks to queue
[2024-10-26 09:39:47,837] {logging_mixin.py:115} INFO - [2024-10-26 09:39:47,837] {dagbag.py:507} INFO - Filling up the DagBag from /root/Documentos/airflow/venv/lib/python3.9/site-packages/airflow/example_dags/tutorial_taskflow_api_etl_virtualenv.py
[2024-10-26 09:39:47,846] {processor.py:651} INFO - DAG(s) dict_keys(['tutorial_taskflow_api_etl_virtualenv']) retrieved from /root/Documentos/airflow/venv/lib/python3.9/site-packages/airflow/example_dags/tutorial_taskflow_api_etl_virtualenv.py
[2024-10-26 09:39:47,872] {logging_mixin.py:115} INFO - [2024-10-26 09:39:47,872] {dag.py:2379} INFO - Sync 1 DAGs
[2024-10-26 09:39:47,881] {logging_mixin.py:115} INFO - [2024-10-26 09:39:47,881] {dag.py:2927} INFO - Setting next_dagrun for tutorial_taskflow_api_etl_virtualenv to None, run_after=None
[2024-10-26 09:39:47,894] {processor.py:161} INFO - Processing /root/Documentos/airflow/venv/lib/python3.9/site-packages/airflow/example_dags/tutorial_taskflow_api_etl_virtualenv.py took 0.065 seconds
[2024-10-26 09:40:21,404] {processor.py:153} INFO - Started process (PID=1688) to work on /root/Documentos/airflow/venv/lib/python3.9/site-packages/airflow/example_dags/tutorial_taskflow_api_etl_virtualenv.py
[2024-10-26 09:40:21,411] {processor.py:641} INFO - Processing file /root/Documentos/airflow/venv/lib/python3.9/site-packages/airflow/example_dags/tutorial_taskflow_api_etl_virtualenv.py for tasks to queue
[2024-10-26 09:40:21,411] {logging_mixin.py:115} INFO - [2024-10-26 09:40:21,411] {dagbag.py:507} INFO - Filling up the DagBag from /root/Documentos/airflow/venv/lib/python3.9/site-packages/airflow/example_dags/tutorial_taskflow_api_etl_virtualenv.py
[2024-10-26 09:40:21,422] {processor.py:651} INFO - DAG(s) dict_keys(['tutorial_taskflow_api_etl_virtualenv']) retrieved from /root/Documentos/airflow/venv/lib/python3.9/site-packages/airflow/example_dags/tutorial_taskflow_api_etl_virtualenv.py
[2024-10-26 09:40:21,449] {logging_mixin.py:115} INFO - [2024-10-26 09:40:21,449] {dag.py:2379} INFO - Sync 1 DAGs
[2024-10-26 09:40:21,458] {logging_mixin.py:115} INFO - [2024-10-26 09:40:21,458] {dag.py:2927} INFO - Setting next_dagrun for tutorial_taskflow_api_etl_virtualenv to None, run_after=None
[2024-10-26 09:40:21,470] {processor.py:161} INFO - Processing /root/Documentos/airflow/venv/lib/python3.9/site-packages/airflow/example_dags/tutorial_taskflow_api_etl_virtualenv.py took 0.067 seconds
[2024-10-26 09:40:57,257] {processor.py:153} INFO - Started process (PID=1860) to work on /root/Documentos/airflow/venv/lib/python3.9/site-packages/airflow/example_dags/tutorial_taskflow_api_etl_virtualenv.py
[2024-10-26 09:40:57,258] {processor.py:641} INFO - Processing file /root/Documentos/airflow/venv/lib/python3.9/site-packages/airflow/example_dags/tutorial_taskflow_api_etl_virtualenv.py for tasks to queue
[2024-10-26 09:40:57,258] {logging_mixin.py:115} INFO - [2024-10-26 09:40:57,258] {dagbag.py:507} INFO - Filling up the DagBag from /root/Documentos/airflow/venv/lib/python3.9/site-packages/airflow/example_dags/tutorial_taskflow_api_etl_virtualenv.py
[2024-10-26 09:40:57,267] {processor.py:651} INFO - DAG(s) dict_keys(['tutorial_taskflow_api_etl_virtualenv']) retrieved from /root/Documentos/airflow/venv/lib/python3.9/site-packages/airflow/example_dags/tutorial_taskflow_api_etl_virtualenv.py
[2024-10-26 09:40:57,290] {logging_mixin.py:115} INFO - [2024-10-26 09:40:57,290] {dag.py:2379} INFO - Sync 1 DAGs
[2024-10-26 09:40:57,298] {logging_mixin.py:115} INFO - [2024-10-26 09:40:57,298] {dag.py:2927} INFO - Setting next_dagrun for tutorial_taskflow_api_etl_virtualenv to None, run_after=None
[2024-10-26 09:40:57,310] {processor.py:161} INFO - Processing /root/Documentos/airflow/venv/lib/python3.9/site-packages/airflow/example_dags/tutorial_taskflow_api_etl_virtualenv.py took 0.055 seconds
[2024-10-26 09:41:29,949] {processor.py:153} INFO - Started process (PID=2020) to work on /root/Documentos/airflow/venv/lib/python3.9/site-packages/airflow/example_dags/tutorial_taskflow_api_etl_virtualenv.py
[2024-10-26 09:41:29,951] {processor.py:641} INFO - Processing file /root/Documentos/airflow/venv/lib/python3.9/site-packages/airflow/example_dags/tutorial_taskflow_api_etl_virtualenv.py for tasks to queue
[2024-10-26 09:41:29,951] {logging_mixin.py:115} INFO - [2024-10-26 09:41:29,951] {dagbag.py:507} INFO - Filling up the DagBag from /root/Documentos/airflow/venv/lib/python3.9/site-packages/airflow/example_dags/tutorial_taskflow_api_etl_virtualenv.py
[2024-10-26 09:41:29,959] {processor.py:651} INFO - DAG(s) dict_keys(['tutorial_taskflow_api_etl_virtualenv']) retrieved from /root/Documentos/airflow/venv/lib/python3.9/site-packages/airflow/example_dags/tutorial_taskflow_api_etl_virtualenv.py
[2024-10-26 09:41:29,982] {logging_mixin.py:115} INFO - [2024-10-26 09:41:29,982] {dag.py:2379} INFO - Sync 1 DAGs
[2024-10-26 09:41:29,991] {logging_mixin.py:115} INFO - [2024-10-26 09:41:29,991] {dag.py:2927} INFO - Setting next_dagrun for tutorial_taskflow_api_etl_virtualenv to None, run_after=None
[2024-10-26 09:41:30,003] {processor.py:161} INFO - Processing /root/Documentos/airflow/venv/lib/python3.9/site-packages/airflow/example_dags/tutorial_taskflow_api_etl_virtualenv.py took 0.055 seconds
[2024-10-26 09:42:06,181] {processor.py:153} INFO - Started process (PID=2194) to work on /root/Documentos/airflow/venv/lib/python3.9/site-packages/airflow/example_dags/tutorial_taskflow_api_etl_virtualenv.py
[2024-10-26 09:42:06,186] {processor.py:641} INFO - Processing file /root/Documentos/airflow/venv/lib/python3.9/site-packages/airflow/example_dags/tutorial_taskflow_api_etl_virtualenv.py for tasks to queue
[2024-10-26 09:42:06,186] {logging_mixin.py:115} INFO - [2024-10-26 09:42:06,186] {dagbag.py:507} INFO - Filling up the DagBag from /root/Documentos/airflow/venv/lib/python3.9/site-packages/airflow/example_dags/tutorial_taskflow_api_etl_virtualenv.py
[2024-10-26 09:42:06,194] {processor.py:651} INFO - DAG(s) dict_keys(['tutorial_taskflow_api_etl_virtualenv']) retrieved from /root/Documentos/airflow/venv/lib/python3.9/site-packages/airflow/example_dags/tutorial_taskflow_api_etl_virtualenv.py
[2024-10-26 09:42:06,218] {logging_mixin.py:115} INFO - [2024-10-26 09:42:06,217] {dag.py:2379} INFO - Sync 1 DAGs
[2024-10-26 09:42:06,226] {logging_mixin.py:115} INFO - [2024-10-26 09:42:06,226] {dag.py:2927} INFO - Setting next_dagrun for tutorial_taskflow_api_etl_virtualenv to None, run_after=None
[2024-10-26 09:42:06,239] {processor.py:161} INFO - Processing /root/Documentos/airflow/venv/lib/python3.9/site-packages/airflow/example_dags/tutorial_taskflow_api_etl_virtualenv.py took 0.060 seconds
[2024-10-26 09:42:38,850] {processor.py:153} INFO - Started process (PID=2353) to work on /root/Documentos/airflow/venv/lib/python3.9/site-packages/airflow/example_dags/tutorial_taskflow_api_etl_virtualenv.py
[2024-10-26 09:42:38,852] {processor.py:641} INFO - Processing file /root/Documentos/airflow/venv/lib/python3.9/site-packages/airflow/example_dags/tutorial_taskflow_api_etl_virtualenv.py for tasks to queue
[2024-10-26 09:42:38,852] {logging_mixin.py:115} INFO - [2024-10-26 09:42:38,852] {dagbag.py:507} INFO - Filling up the DagBag from /root/Documentos/airflow/venv/lib/python3.9/site-packages/airflow/example_dags/tutorial_taskflow_api_etl_virtualenv.py
[2024-10-26 09:42:38,860] {processor.py:651} INFO - DAG(s) dict_keys(['tutorial_taskflow_api_etl_virtualenv']) retrieved from /root/Documentos/airflow/venv/lib/python3.9/site-packages/airflow/example_dags/tutorial_taskflow_api_etl_virtualenv.py
[2024-10-26 09:42:38,868] {logging_mixin.py:115} INFO - [2024-10-26 09:42:38,868] {dag.py:2379} INFO - Sync 1 DAGs
[2024-10-26 09:42:38,879] {logging_mixin.py:115} INFO - [2024-10-26 09:42:38,879] {dag.py:2927} INFO - Setting next_dagrun for tutorial_taskflow_api_etl_virtualenv to None, run_after=None
[2024-10-26 09:42:38,893] {processor.py:161} INFO - Processing /root/Documentos/airflow/venv/lib/python3.9/site-packages/airflow/example_dags/tutorial_taskflow_api_etl_virtualenv.py took 0.043 seconds
[2024-10-26 09:43:11,296] {processor.py:153} INFO - Started process (PID=2511) to work on /root/Documentos/airflow/venv/lib/python3.9/site-packages/airflow/example_dags/tutorial_taskflow_api_etl_virtualenv.py
[2024-10-26 09:43:11,297] {processor.py:641} INFO - Processing file /root/Documentos/airflow/venv/lib/python3.9/site-packages/airflow/example_dags/tutorial_taskflow_api_etl_virtualenv.py for tasks to queue
[2024-10-26 09:43:11,297] {logging_mixin.py:115} INFO - [2024-10-26 09:43:11,297] {dagbag.py:507} INFO - Filling up the DagBag from /root/Documentos/airflow/venv/lib/python3.9/site-packages/airflow/example_dags/tutorial_taskflow_api_etl_virtualenv.py
[2024-10-26 09:43:11,306] {processor.py:651} INFO - DAG(s) dict_keys(['tutorial_taskflow_api_etl_virtualenv']) retrieved from /root/Documentos/airflow/venv/lib/python3.9/site-packages/airflow/example_dags/tutorial_taskflow_api_etl_virtualenv.py
[2024-10-26 09:43:11,330] {logging_mixin.py:115} INFO - [2024-10-26 09:43:11,330] {dag.py:2379} INFO - Sync 1 DAGs
[2024-10-26 09:43:11,338] {logging_mixin.py:115} INFO - [2024-10-26 09:43:11,338] {dag.py:2927} INFO - Setting next_dagrun for tutorial_taskflow_api_etl_virtualenv to None, run_after=None
[2024-10-26 09:43:11,352] {processor.py:161} INFO - Processing /root/Documentos/airflow/venv/lib/python3.9/site-packages/airflow/example_dags/tutorial_taskflow_api_etl_virtualenv.py took 0.057 seconds
[2024-10-26 09:43:47,402] {processor.py:153} INFO - Started process (PID=2685) to work on /root/Documentos/airflow/venv/lib/python3.9/site-packages/airflow/example_dags/tutorial_taskflow_api_etl_virtualenv.py
[2024-10-26 09:43:47,407] {processor.py:641} INFO - Processing file /root/Documentos/airflow/venv/lib/python3.9/site-packages/airflow/example_dags/tutorial_taskflow_api_etl_virtualenv.py for tasks to queue
[2024-10-26 09:43:47,408] {logging_mixin.py:115} INFO - [2024-10-26 09:43:47,407] {dagbag.py:507} INFO - Filling up the DagBag from /root/Documentos/airflow/venv/lib/python3.9/site-packages/airflow/example_dags/tutorial_taskflow_api_etl_virtualenv.py
[2024-10-26 09:43:47,416] {processor.py:651} INFO - DAG(s) dict_keys(['tutorial_taskflow_api_etl_virtualenv']) retrieved from /root/Documentos/airflow/venv/lib/python3.9/site-packages/airflow/example_dags/tutorial_taskflow_api_etl_virtualenv.py
[2024-10-26 09:43:47,425] {logging_mixin.py:115} INFO - [2024-10-26 09:43:47,425] {dag.py:2379} INFO - Sync 1 DAGs
[2024-10-26 09:43:47,434] {logging_mixin.py:115} INFO - [2024-10-26 09:43:47,434] {dag.py:2927} INFO - Setting next_dagrun for tutorial_taskflow_api_etl_virtualenv to None, run_after=None
[2024-10-26 09:43:47,448] {processor.py:161} INFO - Processing /root/Documentos/airflow/venv/lib/python3.9/site-packages/airflow/example_dags/tutorial_taskflow_api_etl_virtualenv.py took 0.047 seconds
[2024-10-26 09:44:20,792] {processor.py:153} INFO - Started process (PID=2847) to work on /root/Documentos/airflow/venv/lib/python3.9/site-packages/airflow/example_dags/tutorial_taskflow_api_etl_virtualenv.py
[2024-10-26 09:44:20,797] {processor.py:641} INFO - Processing file /root/Documentos/airflow/venv/lib/python3.9/site-packages/airflow/example_dags/tutorial_taskflow_api_etl_virtualenv.py for tasks to queue
[2024-10-26 09:44:20,797] {logging_mixin.py:115} INFO - [2024-10-26 09:44:20,797] {dagbag.py:507} INFO - Filling up the DagBag from /root/Documentos/airflow/venv/lib/python3.9/site-packages/airflow/example_dags/tutorial_taskflow_api_etl_virtualenv.py
[2024-10-26 09:44:20,806] {processor.py:651} INFO - DAG(s) dict_keys(['tutorial_taskflow_api_etl_virtualenv']) retrieved from /root/Documentos/airflow/venv/lib/python3.9/site-packages/airflow/example_dags/tutorial_taskflow_api_etl_virtualenv.py
[2024-10-26 09:44:20,815] {logging_mixin.py:115} INFO - [2024-10-26 09:44:20,815] {dag.py:2379} INFO - Sync 1 DAGs
[2024-10-26 09:44:20,824] {logging_mixin.py:115} INFO - [2024-10-26 09:44:20,824] {dag.py:2927} INFO - Setting next_dagrun for tutorial_taskflow_api_etl_virtualenv to None, run_after=None
[2024-10-26 09:44:20,838] {processor.py:161} INFO - Processing /root/Documentos/airflow/venv/lib/python3.9/site-packages/airflow/example_dags/tutorial_taskflow_api_etl_virtualenv.py took 0.048 seconds
[2024-10-26 09:44:55,173] {processor.py:153} INFO - Started process (PID=3010) to work on /root/Documentos/airflow/venv/lib/python3.9/site-packages/airflow/example_dags/tutorial_taskflow_api_etl_virtualenv.py
[2024-10-26 09:44:55,177] {processor.py:641} INFO - Processing file /root/Documentos/airflow/venv/lib/python3.9/site-packages/airflow/example_dags/tutorial_taskflow_api_etl_virtualenv.py for tasks to queue
[2024-10-26 09:44:55,178] {logging_mixin.py:115} INFO - [2024-10-26 09:44:55,178] {dagbag.py:507} INFO - Filling up the DagBag from /root/Documentos/airflow/venv/lib/python3.9/site-packages/airflow/example_dags/tutorial_taskflow_api_etl_virtualenv.py
[2024-10-26 09:44:55,187] {processor.py:651} INFO - DAG(s) dict_keys(['tutorial_taskflow_api_etl_virtualenv']) retrieved from /root/Documentos/airflow/venv/lib/python3.9/site-packages/airflow/example_dags/tutorial_taskflow_api_etl_virtualenv.py
[2024-10-26 09:44:55,197] {logging_mixin.py:115} INFO - [2024-10-26 09:44:55,197] {dag.py:2379} INFO - Sync 1 DAGs
[2024-10-26 09:44:55,206] {logging_mixin.py:115} INFO - [2024-10-26 09:44:55,206] {dag.py:2927} INFO - Setting next_dagrun for tutorial_taskflow_api_etl_virtualenv to None, run_after=None
[2024-10-26 09:44:55,219] {processor.py:161} INFO - Processing /root/Documentos/airflow/venv/lib/python3.9/site-packages/airflow/example_dags/tutorial_taskflow_api_etl_virtualenv.py took 0.048 seconds
[2024-10-26 09:45:28,489] {processor.py:153} INFO - Started process (PID=3172) to work on /root/Documentos/airflow/venv/lib/python3.9/site-packages/airflow/example_dags/tutorial_taskflow_api_etl_virtualenv.py
[2024-10-26 09:45:28,489] {processor.py:641} INFO - Processing file /root/Documentos/airflow/venv/lib/python3.9/site-packages/airflow/example_dags/tutorial_taskflow_api_etl_virtualenv.py for tasks to queue
[2024-10-26 09:45:28,489] {logging_mixin.py:115} INFO - [2024-10-26 09:45:28,489] {dagbag.py:507} INFO - Filling up the DagBag from /root/Documentos/airflow/venv/lib/python3.9/site-packages/airflow/example_dags/tutorial_taskflow_api_etl_virtualenv.py
[2024-10-26 09:45:28,498] {processor.py:651} INFO - DAG(s) dict_keys(['tutorial_taskflow_api_etl_virtualenv']) retrieved from /root/Documentos/airflow/venv/lib/python3.9/site-packages/airflow/example_dags/tutorial_taskflow_api_etl_virtualenv.py
[2024-10-26 09:45:28,509] {logging_mixin.py:115} INFO - [2024-10-26 09:45:28,509] {dag.py:2379} INFO - Sync 1 DAGs
[2024-10-26 09:45:28,519] {logging_mixin.py:115} INFO - [2024-10-26 09:45:28,519] {dag.py:2927} INFO - Setting next_dagrun for tutorial_taskflow_api_etl_virtualenv to None, run_after=None
[2024-10-26 09:45:28,534] {processor.py:161} INFO - Processing /root/Documentos/airflow/venv/lib/python3.9/site-packages/airflow/example_dags/tutorial_taskflow_api_etl_virtualenv.py took 0.046 seconds
[2024-10-26 09:46:06,223] {processor.py:153} INFO - Started process (PID=3353) to work on /root/Documentos/airflow/venv/lib/python3.9/site-packages/airflow/example_dags/tutorial_taskflow_api_etl_virtualenv.py
[2024-10-26 09:46:06,224] {processor.py:641} INFO - Processing file /root/Documentos/airflow/venv/lib/python3.9/site-packages/airflow/example_dags/tutorial_taskflow_api_etl_virtualenv.py for tasks to queue
[2024-10-26 09:46:06,224] {logging_mixin.py:115} INFO - [2024-10-26 09:46:06,224] {dagbag.py:507} INFO - Filling up the DagBag from /root/Documentos/airflow/venv/lib/python3.9/site-packages/airflow/example_dags/tutorial_taskflow_api_etl_virtualenv.py
[2024-10-26 09:46:06,233] {processor.py:651} INFO - DAG(s) dict_keys(['tutorial_taskflow_api_etl_virtualenv']) retrieved from /root/Documentos/airflow/venv/lib/python3.9/site-packages/airflow/example_dags/tutorial_taskflow_api_etl_virtualenv.py
[2024-10-26 09:46:06,257] {logging_mixin.py:115} INFO - [2024-10-26 09:46:06,257] {dag.py:2379} INFO - Sync 1 DAGs
[2024-10-26 09:46:06,265] {logging_mixin.py:115} INFO - [2024-10-26 09:46:06,265] {dag.py:2927} INFO - Setting next_dagrun for tutorial_taskflow_api_etl_virtualenv to None, run_after=None
[2024-10-26 09:46:06,277] {processor.py:161} INFO - Processing /root/Documentos/airflow/venv/lib/python3.9/site-packages/airflow/example_dags/tutorial_taskflow_api_etl_virtualenv.py took 0.056 seconds
[2024-10-26 09:46:38,921] {processor.py:153} INFO - Started process (PID=3589) to work on /root/Documentos/airflow/venv/lib/python3.9/site-packages/airflow/example_dags/tutorial_taskflow_api_etl_virtualenv.py
[2024-10-26 09:46:38,926] {processor.py:641} INFO - Processing file /root/Documentos/airflow/venv/lib/python3.9/site-packages/airflow/example_dags/tutorial_taskflow_api_etl_virtualenv.py for tasks to queue
[2024-10-26 09:46:38,927] {logging_mixin.py:115} INFO - [2024-10-26 09:46:38,927] {dagbag.py:507} INFO - Filling up the DagBag from /root/Documentos/airflow/venv/lib/python3.9/site-packages/airflow/example_dags/tutorial_taskflow_api_etl_virtualenv.py
[2024-10-26 09:46:38,936] {processor.py:651} INFO - DAG(s) dict_keys(['tutorial_taskflow_api_etl_virtualenv']) retrieved from /root/Documentos/airflow/venv/lib/python3.9/site-packages/airflow/example_dags/tutorial_taskflow_api_etl_virtualenv.py
[2024-10-26 09:46:38,961] {logging_mixin.py:115} INFO - [2024-10-26 09:46:38,960] {dag.py:2379} INFO - Sync 1 DAGs
[2024-10-26 09:46:38,969] {logging_mixin.py:115} INFO - [2024-10-26 09:46:38,969] {dag.py:2927} INFO - Setting next_dagrun for tutorial_taskflow_api_etl_virtualenv to None, run_after=None
[2024-10-26 09:46:38,981] {processor.py:161} INFO - Processing /root/Documentos/airflow/venv/lib/python3.9/site-packages/airflow/example_dags/tutorial_taskflow_api_etl_virtualenv.py took 0.061 seconds
[2024-10-26 09:47:13,384] {processor.py:153} INFO - Started process (PID=3756) to work on /root/Documentos/airflow/venv/lib/python3.9/site-packages/airflow/example_dags/tutorial_taskflow_api_etl_virtualenv.py
[2024-10-26 09:47:13,391] {processor.py:641} INFO - Processing file /root/Documentos/airflow/venv/lib/python3.9/site-packages/airflow/example_dags/tutorial_taskflow_api_etl_virtualenv.py for tasks to queue
[2024-10-26 09:47:13,391] {logging_mixin.py:115} INFO - [2024-10-26 09:47:13,391] {dagbag.py:507} INFO - Filling up the DagBag from /root/Documentos/airflow/venv/lib/python3.9/site-packages/airflow/example_dags/tutorial_taskflow_api_etl_virtualenv.py
[2024-10-26 09:47:13,399] {processor.py:651} INFO - DAG(s) dict_keys(['tutorial_taskflow_api_etl_virtualenv']) retrieved from /root/Documentos/airflow/venv/lib/python3.9/site-packages/airflow/example_dags/tutorial_taskflow_api_etl_virtualenv.py
[2024-10-26 09:47:13,408] {logging_mixin.py:115} INFO - [2024-10-26 09:47:13,408] {dag.py:2379} INFO - Sync 1 DAGs
[2024-10-26 09:47:13,417] {logging_mixin.py:115} INFO - [2024-10-26 09:47:13,417] {dag.py:2927} INFO - Setting next_dagrun for tutorial_taskflow_api_etl_virtualenv to None, run_after=None
[2024-10-26 09:47:13,429] {processor.py:161} INFO - Processing /root/Documentos/airflow/venv/lib/python3.9/site-packages/airflow/example_dags/tutorial_taskflow_api_etl_virtualenv.py took 0.046 seconds
[2024-10-26 09:47:46,026] {processor.py:153} INFO - Started process (PID=3915) to work on /root/Documentos/airflow/venv/lib/python3.9/site-packages/airflow/example_dags/tutorial_taskflow_api_etl_virtualenv.py
[2024-10-26 09:47:46,027] {processor.py:641} INFO - Processing file /root/Documentos/airflow/venv/lib/python3.9/site-packages/airflow/example_dags/tutorial_taskflow_api_etl_virtualenv.py for tasks to queue
[2024-10-26 09:47:46,027] {logging_mixin.py:115} INFO - [2024-10-26 09:47:46,027] {dagbag.py:507} INFO - Filling up the DagBag from /root/Documentos/airflow/venv/lib/python3.9/site-packages/airflow/example_dags/tutorial_taskflow_api_etl_virtualenv.py
[2024-10-26 09:47:46,035] {processor.py:651} INFO - DAG(s) dict_keys(['tutorial_taskflow_api_etl_virtualenv']) retrieved from /root/Documentos/airflow/venv/lib/python3.9/site-packages/airflow/example_dags/tutorial_taskflow_api_etl_virtualenv.py
[2024-10-26 09:47:46,057] {logging_mixin.py:115} INFO - [2024-10-26 09:47:46,057] {dag.py:2379} INFO - Sync 1 DAGs
[2024-10-26 09:47:46,065] {logging_mixin.py:115} INFO - [2024-10-26 09:47:46,065] {dag.py:2927} INFO - Setting next_dagrun for tutorial_taskflow_api_etl_virtualenv to None, run_after=None
[2024-10-26 09:47:46,077] {processor.py:161} INFO - Processing /root/Documentos/airflow/venv/lib/python3.9/site-packages/airflow/example_dags/tutorial_taskflow_api_etl_virtualenv.py took 0.052 seconds
[2024-10-26 09:48:19,525] {processor.py:153} INFO - Started process (PID=4087) to work on /root/Documentos/airflow/venv/lib/python3.9/site-packages/airflow/example_dags/tutorial_taskflow_api_etl_virtualenv.py
[2024-10-26 09:48:19,530] {processor.py:641} INFO - Processing file /root/Documentos/airflow/venv/lib/python3.9/site-packages/airflow/example_dags/tutorial_taskflow_api_etl_virtualenv.py for tasks to queue
[2024-10-26 09:48:19,530] {logging_mixin.py:115} INFO - [2024-10-26 09:48:19,530] {dagbag.py:507} INFO - Filling up the DagBag from /root/Documentos/airflow/venv/lib/python3.9/site-packages/airflow/example_dags/tutorial_taskflow_api_etl_virtualenv.py
[2024-10-26 09:48:19,539] {processor.py:651} INFO - DAG(s) dict_keys(['tutorial_taskflow_api_etl_virtualenv']) retrieved from /root/Documentos/airflow/venv/lib/python3.9/site-packages/airflow/example_dags/tutorial_taskflow_api_etl_virtualenv.py
[2024-10-26 09:48:19,548] {logging_mixin.py:115} INFO - [2024-10-26 09:48:19,548] {dag.py:2379} INFO - Sync 1 DAGs
[2024-10-26 09:48:19,556] {logging_mixin.py:115} INFO - [2024-10-26 09:48:19,556] {dag.py:2927} INFO - Setting next_dagrun for tutorial_taskflow_api_etl_virtualenv to None, run_after=None
[2024-10-26 09:48:19,572] {processor.py:161} INFO - Processing /root/Documentos/airflow/venv/lib/python3.9/site-packages/airflow/example_dags/tutorial_taskflow_api_etl_virtualenv.py took 0.048 seconds
[2024-10-26 09:48:56,987] {processor.py:153} INFO - Started process (PID=4268) to work on /root/Documentos/airflow/venv/lib/python3.9/site-packages/airflow/example_dags/tutorial_taskflow_api_etl_virtualenv.py
[2024-10-26 09:48:56,989] {processor.py:641} INFO - Processing file /root/Documentos/airflow/venv/lib/python3.9/site-packages/airflow/example_dags/tutorial_taskflow_api_etl_virtualenv.py for tasks to queue
[2024-10-26 09:48:56,989] {logging_mixin.py:115} INFO - [2024-10-26 09:48:56,989] {dagbag.py:507} INFO - Filling up the DagBag from /root/Documentos/airflow/venv/lib/python3.9/site-packages/airflow/example_dags/tutorial_taskflow_api_etl_virtualenv.py
[2024-10-26 09:48:56,998] {processor.py:651} INFO - DAG(s) dict_keys(['tutorial_taskflow_api_etl_virtualenv']) retrieved from /root/Documentos/airflow/venv/lib/python3.9/site-packages/airflow/example_dags/tutorial_taskflow_api_etl_virtualenv.py
[2024-10-26 09:48:57,006] {logging_mixin.py:115} INFO - [2024-10-26 09:48:57,006] {dag.py:2379} INFO - Sync 1 DAGs
[2024-10-26 09:48:57,015] {logging_mixin.py:115} INFO - [2024-10-26 09:48:57,015] {dag.py:2927} INFO - Setting next_dagrun for tutorial_taskflow_api_etl_virtualenv to None, run_after=None
[2024-10-26 09:48:57,032] {processor.py:161} INFO - Processing /root/Documentos/airflow/venv/lib/python3.9/site-packages/airflow/example_dags/tutorial_taskflow_api_etl_virtualenv.py took 0.046 seconds
[2024-10-26 09:49:33,088] {processor.py:153} INFO - Started process (PID=4441) to work on /root/Documentos/airflow/venv/lib/python3.9/site-packages/airflow/example_dags/tutorial_taskflow_api_etl_virtualenv.py
[2024-10-26 09:49:33,091] {processor.py:641} INFO - Processing file /root/Documentos/airflow/venv/lib/python3.9/site-packages/airflow/example_dags/tutorial_taskflow_api_etl_virtualenv.py for tasks to queue
[2024-10-26 09:49:33,092] {logging_mixin.py:115} INFO - [2024-10-26 09:49:33,092] {dagbag.py:507} INFO - Filling up the DagBag from /root/Documentos/airflow/venv/lib/python3.9/site-packages/airflow/example_dags/tutorial_taskflow_api_etl_virtualenv.py
[2024-10-26 09:49:33,101] {processor.py:651} INFO - DAG(s) dict_keys(['tutorial_taskflow_api_etl_virtualenv']) retrieved from /root/Documentos/airflow/venv/lib/python3.9/site-packages/airflow/example_dags/tutorial_taskflow_api_etl_virtualenv.py
[2024-10-26 09:49:33,110] {logging_mixin.py:115} INFO - [2024-10-26 09:49:33,110] {dag.py:2379} INFO - Sync 1 DAGs
[2024-10-26 09:49:33,118] {logging_mixin.py:115} INFO - [2024-10-26 09:49:33,118] {dag.py:2927} INFO - Setting next_dagrun for tutorial_taskflow_api_etl_virtualenv to None, run_after=None
[2024-10-26 09:49:33,134] {processor.py:161} INFO - Processing /root/Documentos/airflow/venv/lib/python3.9/site-packages/airflow/example_dags/tutorial_taskflow_api_etl_virtualenv.py took 0.047 seconds
[2024-10-26 09:50:09,871] {processor.py:153} INFO - Started process (PID=4618) to work on /root/Documentos/airflow/venv/lib/python3.9/site-packages/airflow/example_dags/tutorial_taskflow_api_etl_virtualenv.py
[2024-10-26 09:50:09,872] {processor.py:641} INFO - Processing file /root/Documentos/airflow/venv/lib/python3.9/site-packages/airflow/example_dags/tutorial_taskflow_api_etl_virtualenv.py for tasks to queue
[2024-10-26 09:50:09,873] {logging_mixin.py:115} INFO - [2024-10-26 09:50:09,873] {dagbag.py:507} INFO - Filling up the DagBag from /root/Documentos/airflow/venv/lib/python3.9/site-packages/airflow/example_dags/tutorial_taskflow_api_etl_virtualenv.py
[2024-10-26 09:50:09,881] {processor.py:651} INFO - DAG(s) dict_keys(['tutorial_taskflow_api_etl_virtualenv']) retrieved from /root/Documentos/airflow/venv/lib/python3.9/site-packages/airflow/example_dags/tutorial_taskflow_api_etl_virtualenv.py
[2024-10-26 09:50:09,890] {logging_mixin.py:115} INFO - [2024-10-26 09:50:09,890] {dag.py:2379} INFO - Sync 1 DAGs
[2024-10-26 09:50:09,899] {logging_mixin.py:115} INFO - [2024-10-26 09:50:09,899] {dag.py:2927} INFO - Setting next_dagrun for tutorial_taskflow_api_etl_virtualenv to None, run_after=None
[2024-10-26 09:50:09,916] {processor.py:161} INFO - Processing /root/Documentos/airflow/venv/lib/python3.9/site-packages/airflow/example_dags/tutorial_taskflow_api_etl_virtualenv.py took 0.047 seconds
[2024-10-26 09:50:43,146] {processor.py:153} INFO - Started process (PID=4780) to work on /root/Documentos/airflow/venv/lib/python3.9/site-packages/airflow/example_dags/tutorial_taskflow_api_etl_virtualenv.py
[2024-10-26 09:50:43,151] {processor.py:641} INFO - Processing file /root/Documentos/airflow/venv/lib/python3.9/site-packages/airflow/example_dags/tutorial_taskflow_api_etl_virtualenv.py for tasks to queue
[2024-10-26 09:50:43,152] {logging_mixin.py:115} INFO - [2024-10-26 09:50:43,152] {dagbag.py:507} INFO - Filling up the DagBag from /root/Documentos/airflow/venv/lib/python3.9/site-packages/airflow/example_dags/tutorial_taskflow_api_etl_virtualenv.py
[2024-10-26 09:50:43,160] {processor.py:651} INFO - DAG(s) dict_keys(['tutorial_taskflow_api_etl_virtualenv']) retrieved from /root/Documentos/airflow/venv/lib/python3.9/site-packages/airflow/example_dags/tutorial_taskflow_api_etl_virtualenv.py
[2024-10-26 09:50:43,169] {logging_mixin.py:115} INFO - [2024-10-26 09:50:43,169] {dag.py:2379} INFO - Sync 1 DAGs
[2024-10-26 09:50:43,178] {logging_mixin.py:115} INFO - [2024-10-26 09:50:43,178] {dag.py:2927} INFO - Setting next_dagrun for tutorial_taskflow_api_etl_virtualenv to None, run_after=None
[2024-10-26 09:50:43,193] {processor.py:161} INFO - Processing /root/Documentos/airflow/venv/lib/python3.9/site-packages/airflow/example_dags/tutorial_taskflow_api_etl_virtualenv.py took 0.048 seconds
[2024-10-26 09:51:14,715] {processor.py:153} INFO - Started process (PID=4935) to work on /root/Documentos/airflow/venv/lib/python3.9/site-packages/airflow/example_dags/tutorial_taskflow_api_etl_virtualenv.py
[2024-10-26 09:51:14,715] {processor.py:641} INFO - Processing file /root/Documentos/airflow/venv/lib/python3.9/site-packages/airflow/example_dags/tutorial_taskflow_api_etl_virtualenv.py for tasks to queue
[2024-10-26 09:51:14,716] {logging_mixin.py:115} INFO - [2024-10-26 09:51:14,715] {dagbag.py:507} INFO - Filling up the DagBag from /root/Documentos/airflow/venv/lib/python3.9/site-packages/airflow/example_dags/tutorial_taskflow_api_etl_virtualenv.py
[2024-10-26 09:51:14,724] {processor.py:651} INFO - DAG(s) dict_keys(['tutorial_taskflow_api_etl_virtualenv']) retrieved from /root/Documentos/airflow/venv/lib/python3.9/site-packages/airflow/example_dags/tutorial_taskflow_api_etl_virtualenv.py
[2024-10-26 09:51:14,733] {logging_mixin.py:115} INFO - [2024-10-26 09:51:14,733] {dag.py:2379} INFO - Sync 1 DAGs
[2024-10-26 09:51:14,742] {logging_mixin.py:115} INFO - [2024-10-26 09:51:14,742] {dag.py:2927} INFO - Setting next_dagrun for tutorial_taskflow_api_etl_virtualenv to None, run_after=None
[2024-10-26 09:51:14,758] {processor.py:161} INFO - Processing /root/Documentos/airflow/venv/lib/python3.9/site-packages/airflow/example_dags/tutorial_taskflow_api_etl_virtualenv.py took 0.044 seconds
[2024-10-26 09:51:52,543] {processor.py:153} INFO - Started process (PID=5118) to work on /root/Documentos/airflow/venv/lib/python3.9/site-packages/airflow/example_dags/tutorial_taskflow_api_etl_virtualenv.py
[2024-10-26 09:51:52,545] {processor.py:641} INFO - Processing file /root/Documentos/airflow/venv/lib/python3.9/site-packages/airflow/example_dags/tutorial_taskflow_api_etl_virtualenv.py for tasks to queue
[2024-10-26 09:51:52,545] {logging_mixin.py:115} INFO - [2024-10-26 09:51:52,545] {dagbag.py:507} INFO - Filling up the DagBag from /root/Documentos/airflow/venv/lib/python3.9/site-packages/airflow/example_dags/tutorial_taskflow_api_etl_virtualenv.py
[2024-10-26 09:51:52,554] {processor.py:651} INFO - DAG(s) dict_keys(['tutorial_taskflow_api_etl_virtualenv']) retrieved from /root/Documentos/airflow/venv/lib/python3.9/site-packages/airflow/example_dags/tutorial_taskflow_api_etl_virtualenv.py
[2024-10-26 09:51:52,564] {logging_mixin.py:115} INFO - [2024-10-26 09:51:52,564] {dag.py:2379} INFO - Sync 1 DAGs
[2024-10-26 09:51:52,572] {logging_mixin.py:115} INFO - [2024-10-26 09:51:52,572] {dag.py:2927} INFO - Setting next_dagrun for tutorial_taskflow_api_etl_virtualenv to None, run_after=None
[2024-10-26 09:51:52,589] {processor.py:161} INFO - Processing /root/Documentos/airflow/venv/lib/python3.9/site-packages/airflow/example_dags/tutorial_taskflow_api_etl_virtualenv.py took 0.047 seconds
[2024-10-26 09:52:25,564] {processor.py:153} INFO - Started process (PID=5279) to work on /root/Documentos/airflow/venv/lib/python3.9/site-packages/airflow/example_dags/tutorial_taskflow_api_etl_virtualenv.py
[2024-10-26 09:52:25,565] {processor.py:641} INFO - Processing file /root/Documentos/airflow/venv/lib/python3.9/site-packages/airflow/example_dags/tutorial_taskflow_api_etl_virtualenv.py for tasks to queue
[2024-10-26 09:52:25,565] {logging_mixin.py:115} INFO - [2024-10-26 09:52:25,565] {dagbag.py:507} INFO - Filling up the DagBag from /root/Documentos/airflow/venv/lib/python3.9/site-packages/airflow/example_dags/tutorial_taskflow_api_etl_virtualenv.py
[2024-10-26 09:52:25,573] {processor.py:651} INFO - DAG(s) dict_keys(['tutorial_taskflow_api_etl_virtualenv']) retrieved from /root/Documentos/airflow/venv/lib/python3.9/site-packages/airflow/example_dags/tutorial_taskflow_api_etl_virtualenv.py
[2024-10-26 09:52:25,583] {logging_mixin.py:115} INFO - [2024-10-26 09:52:25,583] {dag.py:2379} INFO - Sync 1 DAGs
[2024-10-26 09:52:25,592] {logging_mixin.py:115} INFO - [2024-10-26 09:52:25,591] {dag.py:2927} INFO - Setting next_dagrun for tutorial_taskflow_api_etl_virtualenv to None, run_after=None
[2024-10-26 09:52:25,606] {processor.py:161} INFO - Processing /root/Documentos/airflow/venv/lib/python3.9/site-packages/airflow/example_dags/tutorial_taskflow_api_etl_virtualenv.py took 0.043 seconds
[2024-10-26 09:52:59,742] {processor.py:153} INFO - Started process (PID=5443) to work on /root/Documentos/airflow/venv/lib/python3.9/site-packages/airflow/example_dags/tutorial_taskflow_api_etl_virtualenv.py
[2024-10-26 09:52:59,746] {processor.py:641} INFO - Processing file /root/Documentos/airflow/venv/lib/python3.9/site-packages/airflow/example_dags/tutorial_taskflow_api_etl_virtualenv.py for tasks to queue
[2024-10-26 09:52:59,746] {logging_mixin.py:115} INFO - [2024-10-26 09:52:59,746] {dagbag.py:507} INFO - Filling up the DagBag from /root/Documentos/airflow/venv/lib/python3.9/site-packages/airflow/example_dags/tutorial_taskflow_api_etl_virtualenv.py
[2024-10-26 09:52:59,756] {processor.py:651} INFO - DAG(s) dict_keys(['tutorial_taskflow_api_etl_virtualenv']) retrieved from /root/Documentos/airflow/venv/lib/python3.9/site-packages/airflow/example_dags/tutorial_taskflow_api_etl_virtualenv.py
[2024-10-26 09:52:59,778] {logging_mixin.py:115} INFO - [2024-10-26 09:52:59,778] {dag.py:2379} INFO - Sync 1 DAGs
[2024-10-26 09:52:59,786] {logging_mixin.py:115} INFO - [2024-10-26 09:52:59,786] {dag.py:2927} INFO - Setting next_dagrun for tutorial_taskflow_api_etl_virtualenv to None, run_after=None
[2024-10-26 09:52:59,800] {processor.py:161} INFO - Processing /root/Documentos/airflow/venv/lib/python3.9/site-packages/airflow/example_dags/tutorial_taskflow_api_etl_virtualenv.py took 0.059 seconds
[2024-10-26 09:53:34,667] {processor.py:153} INFO - Started process (PID=5612) to work on /root/Documentos/airflow/venv/lib/python3.9/site-packages/airflow/example_dags/tutorial_taskflow_api_etl_virtualenv.py
[2024-10-26 09:53:34,670] {processor.py:641} INFO - Processing file /root/Documentos/airflow/venv/lib/python3.9/site-packages/airflow/example_dags/tutorial_taskflow_api_etl_virtualenv.py for tasks to queue
[2024-10-26 09:53:34,671] {logging_mixin.py:115} INFO - [2024-10-26 09:53:34,671] {dagbag.py:507} INFO - Filling up the DagBag from /root/Documentos/airflow/venv/lib/python3.9/site-packages/airflow/example_dags/tutorial_taskflow_api_etl_virtualenv.py
[2024-10-26 09:53:34,681] {processor.py:651} INFO - DAG(s) dict_keys(['tutorial_taskflow_api_etl_virtualenv']) retrieved from /root/Documentos/airflow/venv/lib/python3.9/site-packages/airflow/example_dags/tutorial_taskflow_api_etl_virtualenv.py
[2024-10-26 09:53:34,688] {logging_mixin.py:115} INFO - [2024-10-26 09:53:34,688] {dag.py:2379} INFO - Sync 1 DAGs
[2024-10-26 09:53:34,697] {logging_mixin.py:115} INFO - [2024-10-26 09:53:34,697] {dag.py:2927} INFO - Setting next_dagrun for tutorial_taskflow_api_etl_virtualenv to None, run_after=None
[2024-10-26 09:53:34,713] {processor.py:161} INFO - Processing /root/Documentos/airflow/venv/lib/python3.9/site-packages/airflow/example_dags/tutorial_taskflow_api_etl_virtualenv.py took 0.048 seconds
[2024-10-26 09:54:06,863] {processor.py:153} INFO - Started process (PID=5769) to work on /root/Documentos/airflow/venv/lib/python3.9/site-packages/airflow/example_dags/tutorial_taskflow_api_etl_virtualenv.py
[2024-10-26 09:54:06,863] {processor.py:641} INFO - Processing file /root/Documentos/airflow/venv/lib/python3.9/site-packages/airflow/example_dags/tutorial_taskflow_api_etl_virtualenv.py for tasks to queue
[2024-10-26 09:54:06,864] {logging_mixin.py:115} INFO - [2024-10-26 09:54:06,864] {dagbag.py:507} INFO - Filling up the DagBag from /root/Documentos/airflow/venv/lib/python3.9/site-packages/airflow/example_dags/tutorial_taskflow_api_etl_virtualenv.py
[2024-10-26 09:54:06,874] {processor.py:651} INFO - DAG(s) dict_keys(['tutorial_taskflow_api_etl_virtualenv']) retrieved from /root/Documentos/airflow/venv/lib/python3.9/site-packages/airflow/example_dags/tutorial_taskflow_api_etl_virtualenv.py
[2024-10-26 09:54:06,881] {logging_mixin.py:115} INFO - [2024-10-26 09:54:06,881] {dag.py:2379} INFO - Sync 1 DAGs
[2024-10-26 09:54:06,890] {logging_mixin.py:115} INFO - [2024-10-26 09:54:06,890] {dag.py:2927} INFO - Setting next_dagrun for tutorial_taskflow_api_etl_virtualenv to None, run_after=None
[2024-10-26 09:54:06,905] {processor.py:161} INFO - Processing /root/Documentos/airflow/venv/lib/python3.9/site-packages/airflow/example_dags/tutorial_taskflow_api_etl_virtualenv.py took 0.043 seconds
[2024-10-26 09:54:42,546] {processor.py:153} INFO - Started process (PID=5940) to work on /root/Documentos/airflow/venv/lib/python3.9/site-packages/airflow/example_dags/tutorial_taskflow_api_etl_virtualenv.py
[2024-10-26 09:54:42,549] {processor.py:641} INFO - Processing file /root/Documentos/airflow/venv/lib/python3.9/site-packages/airflow/example_dags/tutorial_taskflow_api_etl_virtualenv.py for tasks to queue
[2024-10-26 09:54:42,550] {logging_mixin.py:115} INFO - [2024-10-26 09:54:42,550] {dagbag.py:507} INFO - Filling up the DagBag from /root/Documentos/airflow/venv/lib/python3.9/site-packages/airflow/example_dags/tutorial_taskflow_api_etl_virtualenv.py
[2024-10-26 09:54:42,560] {processor.py:651} INFO - DAG(s) dict_keys(['tutorial_taskflow_api_etl_virtualenv']) retrieved from /root/Documentos/airflow/venv/lib/python3.9/site-packages/airflow/example_dags/tutorial_taskflow_api_etl_virtualenv.py
[2024-10-26 09:54:42,581] {logging_mixin.py:115} INFO - [2024-10-26 09:54:42,581] {dag.py:2379} INFO - Sync 1 DAGs
[2024-10-26 09:54:42,589] {logging_mixin.py:115} INFO - [2024-10-26 09:54:42,589] {dag.py:2927} INFO - Setting next_dagrun for tutorial_taskflow_api_etl_virtualenv to None, run_after=None
[2024-10-26 09:54:42,604] {processor.py:161} INFO - Processing /root/Documentos/airflow/venv/lib/python3.9/site-packages/airflow/example_dags/tutorial_taskflow_api_etl_virtualenv.py took 0.059 seconds
[2024-10-26 09:55:16,292] {processor.py:153} INFO - Started process (PID=6109) to work on /root/Documentos/airflow/venv/lib/python3.9/site-packages/airflow/example_dags/tutorial_taskflow_api_etl_virtualenv.py
[2024-10-26 09:55:16,295] {processor.py:641} INFO - Processing file /root/Documentos/airflow/venv/lib/python3.9/site-packages/airflow/example_dags/tutorial_taskflow_api_etl_virtualenv.py for tasks to queue
[2024-10-26 09:55:16,295] {logging_mixin.py:115} INFO - [2024-10-26 09:55:16,295] {dagbag.py:507} INFO - Filling up the DagBag from /root/Documentos/airflow/venv/lib/python3.9/site-packages/airflow/example_dags/tutorial_taskflow_api_etl_virtualenv.py
[2024-10-26 09:55:16,305] {processor.py:651} INFO - DAG(s) dict_keys(['tutorial_taskflow_api_etl_virtualenv']) retrieved from /root/Documentos/airflow/venv/lib/python3.9/site-packages/airflow/example_dags/tutorial_taskflow_api_etl_virtualenv.py
[2024-10-26 09:55:16,313] {logging_mixin.py:115} INFO - [2024-10-26 09:55:16,313] {dag.py:2379} INFO - Sync 1 DAGs
[2024-10-26 09:55:16,322] {logging_mixin.py:115} INFO - [2024-10-26 09:55:16,321] {dag.py:2927} INFO - Setting next_dagrun for tutorial_taskflow_api_etl_virtualenv to None, run_after=None
[2024-10-26 09:55:16,337] {processor.py:161} INFO - Processing /root/Documentos/airflow/venv/lib/python3.9/site-packages/airflow/example_dags/tutorial_taskflow_api_etl_virtualenv.py took 0.047 seconds
