[2024-10-26 09:24:57,161] {processor.py:153} INFO - Started process (PID=10270) to work on /root/Documentos/airflow/venv/lib/python3.9/site-packages/airflow/example_dags/tutorial_taskflow_api_etl.py
[2024-10-26 09:24:57,162] {processor.py:641} INFO - Processing file /root/Documentos/airflow/venv/lib/python3.9/site-packages/airflow/example_dags/tutorial_taskflow_api_etl.py for tasks to queue
[2024-10-26 09:24:57,162] {logging_mixin.py:115} INFO - [2024-10-26 09:24:57,162] {dagbag.py:507} INFO - Filling up the DagBag from /root/Documentos/airflow/venv/lib/python3.9/site-packages/airflow/example_dags/tutorial_taskflow_api_etl.py
[2024-10-26 09:24:57,171] {processor.py:651} INFO - DAG(s) dict_keys(['tutorial_taskflow_api_etl']) retrieved from /root/Documentos/airflow/venv/lib/python3.9/site-packages/airflow/example_dags/tutorial_taskflow_api_etl.py
[2024-10-26 09:24:57,222] {logging_mixin.py:115} INFO - [2024-10-26 09:24:57,222] {manager.py:508} INFO - Created Permission View: can edit on DAG:tutorial_taskflow_api_etl
[2024-10-26 09:24:57,233] {logging_mixin.py:115} INFO - [2024-10-26 09:24:57,233] {manager.py:508} INFO - Created Permission View: can read on DAG:tutorial_taskflow_api_etl
[2024-10-26 09:24:57,243] {logging_mixin.py:115} INFO - [2024-10-26 09:24:57,243] {manager.py:508} INFO - Created Permission View: can delete on DAG:tutorial_taskflow_api_etl
[2024-10-26 09:24:57,243] {logging_mixin.py:115} INFO - [2024-10-26 09:24:57,243] {dag.py:2379} INFO - Sync 1 DAGs
[2024-10-26 09:24:57,248] {logging_mixin.py:115} INFO - [2024-10-26 09:24:57,248] {dag.py:2398} INFO - Creating ORM DAG for tutorial_taskflow_api_etl
[2024-10-26 09:24:57,253] {logging_mixin.py:115} INFO - [2024-10-26 09:24:57,253] {dag.py:2927} INFO - Setting next_dagrun for tutorial_taskflow_api_etl to None, run_after=None
[2024-10-26 09:24:57,269] {processor.py:161} INFO - Processing /root/Documentos/airflow/venv/lib/python3.9/site-packages/airflow/example_dags/tutorial_taskflow_api_etl.py took 0.109 seconds
[2024-10-26 09:25:31,720] {processor.py:153} INFO - Started process (PID=10437) to work on /root/Documentos/airflow/venv/lib/python3.9/site-packages/airflow/example_dags/tutorial_taskflow_api_etl.py
[2024-10-26 09:25:31,727] {processor.py:641} INFO - Processing file /root/Documentos/airflow/venv/lib/python3.9/site-packages/airflow/example_dags/tutorial_taskflow_api_etl.py for tasks to queue
[2024-10-26 09:25:31,728] {logging_mixin.py:115} INFO - [2024-10-26 09:25:31,728] {dagbag.py:507} INFO - Filling up the DagBag from /root/Documentos/airflow/venv/lib/python3.9/site-packages/airflow/example_dags/tutorial_taskflow_api_etl.py
[2024-10-26 09:25:31,737] {processor.py:651} INFO - DAG(s) dict_keys(['tutorial_taskflow_api_etl']) retrieved from /root/Documentos/airflow/venv/lib/python3.9/site-packages/airflow/example_dags/tutorial_taskflow_api_etl.py
[2024-10-26 09:25:31,761] {logging_mixin.py:115} INFO - [2024-10-26 09:25:31,760] {dag.py:2379} INFO - Sync 1 DAGs
[2024-10-26 09:25:31,769] {logging_mixin.py:115} INFO - [2024-10-26 09:25:31,769] {dag.py:2927} INFO - Setting next_dagrun for tutorial_taskflow_api_etl to None, run_after=None
[2024-10-26 09:25:31,782] {processor.py:161} INFO - Processing /root/Documentos/airflow/venv/lib/python3.9/site-packages/airflow/example_dags/tutorial_taskflow_api_etl.py took 0.064 seconds
[2024-10-26 09:26:03,313] {processor.py:153} INFO - Started process (PID=10592) to work on /root/Documentos/airflow/venv/lib/python3.9/site-packages/airflow/example_dags/tutorial_taskflow_api_etl.py
[2024-10-26 09:26:03,318] {processor.py:641} INFO - Processing file /root/Documentos/airflow/venv/lib/python3.9/site-packages/airflow/example_dags/tutorial_taskflow_api_etl.py for tasks to queue
[2024-10-26 09:26:03,318] {logging_mixin.py:115} INFO - [2024-10-26 09:26:03,318] {dagbag.py:507} INFO - Filling up the DagBag from /root/Documentos/airflow/venv/lib/python3.9/site-packages/airflow/example_dags/tutorial_taskflow_api_etl.py
[2024-10-26 09:26:03,329] {processor.py:651} INFO - DAG(s) dict_keys(['tutorial_taskflow_api_etl']) retrieved from /root/Documentos/airflow/venv/lib/python3.9/site-packages/airflow/example_dags/tutorial_taskflow_api_etl.py
[2024-10-26 09:26:03,337] {logging_mixin.py:115} INFO - [2024-10-26 09:26:03,337] {dag.py:2379} INFO - Sync 1 DAGs
[2024-10-26 09:26:03,347] {logging_mixin.py:115} INFO - [2024-10-26 09:26:03,347] {dag.py:2927} INFO - Setting next_dagrun for tutorial_taskflow_api_etl to None, run_after=None
[2024-10-26 09:26:03,360] {processor.py:161} INFO - Processing /root/Documentos/airflow/venv/lib/python3.9/site-packages/airflow/example_dags/tutorial_taskflow_api_etl.py took 0.048 seconds
[2024-10-26 09:26:38,941] {processor.py:153} INFO - Started process (PID=10763) to work on /root/Documentos/airflow/venv/lib/python3.9/site-packages/airflow/example_dags/tutorial_taskflow_api_etl.py
[2024-10-26 09:26:38,946] {processor.py:641} INFO - Processing file /root/Documentos/airflow/venv/lib/python3.9/site-packages/airflow/example_dags/tutorial_taskflow_api_etl.py for tasks to queue
[2024-10-26 09:26:38,946] {logging_mixin.py:115} INFO - [2024-10-26 09:26:38,946] {dagbag.py:507} INFO - Filling up the DagBag from /root/Documentos/airflow/venv/lib/python3.9/site-packages/airflow/example_dags/tutorial_taskflow_api_etl.py
[2024-10-26 09:26:38,955] {processor.py:651} INFO - DAG(s) dict_keys(['tutorial_taskflow_api_etl']) retrieved from /root/Documentos/airflow/venv/lib/python3.9/site-packages/airflow/example_dags/tutorial_taskflow_api_etl.py
[2024-10-26 09:26:38,978] {logging_mixin.py:115} INFO - [2024-10-26 09:26:38,978] {dag.py:2379} INFO - Sync 1 DAGs
[2024-10-26 09:26:38,986] {logging_mixin.py:115} INFO - [2024-10-26 09:26:38,986] {dag.py:2927} INFO - Setting next_dagrun for tutorial_taskflow_api_etl to None, run_after=None
[2024-10-26 09:26:38,999] {processor.py:161} INFO - Processing /root/Documentos/airflow/venv/lib/python3.9/site-packages/airflow/example_dags/tutorial_taskflow_api_etl.py took 0.059 seconds
[2024-10-26 09:27:11,672] {processor.py:153} INFO - Started process (PID=10922) to work on /root/Documentos/airflow/venv/lib/python3.9/site-packages/airflow/example_dags/tutorial_taskflow_api_etl.py
[2024-10-26 09:27:11,673] {processor.py:641} INFO - Processing file /root/Documentos/airflow/venv/lib/python3.9/site-packages/airflow/example_dags/tutorial_taskflow_api_etl.py for tasks to queue
[2024-10-26 09:27:11,673] {logging_mixin.py:115} INFO - [2024-10-26 09:27:11,673] {dagbag.py:507} INFO - Filling up the DagBag from /root/Documentos/airflow/venv/lib/python3.9/site-packages/airflow/example_dags/tutorial_taskflow_api_etl.py
[2024-10-26 09:27:11,681] {processor.py:651} INFO - DAG(s) dict_keys(['tutorial_taskflow_api_etl']) retrieved from /root/Documentos/airflow/venv/lib/python3.9/site-packages/airflow/example_dags/tutorial_taskflow_api_etl.py
[2024-10-26 09:27:11,705] {logging_mixin.py:115} INFO - [2024-10-26 09:27:11,705] {dag.py:2379} INFO - Sync 1 DAGs
[2024-10-26 09:27:11,713] {logging_mixin.py:115} INFO - [2024-10-26 09:27:11,713] {dag.py:2927} INFO - Setting next_dagrun for tutorial_taskflow_api_etl to None, run_after=None
[2024-10-26 09:27:11,728] {processor.py:161} INFO - Processing /root/Documentos/airflow/venv/lib/python3.9/site-packages/airflow/example_dags/tutorial_taskflow_api_etl.py took 0.058 seconds
[2024-10-26 09:27:45,245] {processor.py:153} INFO - Started process (PID=11091) to work on /root/Documentos/airflow/venv/lib/python3.9/site-packages/airflow/example_dags/tutorial_taskflow_api_etl.py
[2024-10-26 09:27:45,250] {processor.py:641} INFO - Processing file /root/Documentos/airflow/venv/lib/python3.9/site-packages/airflow/example_dags/tutorial_taskflow_api_etl.py for tasks to queue
[2024-10-26 09:27:45,251] {logging_mixin.py:115} INFO - [2024-10-26 09:27:45,251] {dagbag.py:507} INFO - Filling up the DagBag from /root/Documentos/airflow/venv/lib/python3.9/site-packages/airflow/example_dags/tutorial_taskflow_api_etl.py
[2024-10-26 09:27:45,260] {processor.py:651} INFO - DAG(s) dict_keys(['tutorial_taskflow_api_etl']) retrieved from /root/Documentos/airflow/venv/lib/python3.9/site-packages/airflow/example_dags/tutorial_taskflow_api_etl.py
[2024-10-26 09:27:45,283] {logging_mixin.py:115} INFO - [2024-10-26 09:27:45,283] {dag.py:2379} INFO - Sync 1 DAGs
[2024-10-26 09:27:45,291] {logging_mixin.py:115} INFO - [2024-10-26 09:27:45,291] {dag.py:2927} INFO - Setting next_dagrun for tutorial_taskflow_api_etl to None, run_after=None
[2024-10-26 09:27:45,304] {processor.py:161} INFO - Processing /root/Documentos/airflow/venv/lib/python3.9/site-packages/airflow/example_dags/tutorial_taskflow_api_etl.py took 0.060 seconds
[2024-10-26 09:28:18,623] {processor.py:153} INFO - Started process (PID=11252) to work on /root/Documentos/airflow/venv/lib/python3.9/site-packages/airflow/example_dags/tutorial_taskflow_api_etl.py
[2024-10-26 09:28:18,624] {processor.py:641} INFO - Processing file /root/Documentos/airflow/venv/lib/python3.9/site-packages/airflow/example_dags/tutorial_taskflow_api_etl.py for tasks to queue
[2024-10-26 09:28:18,624] {logging_mixin.py:115} INFO - [2024-10-26 09:28:18,624] {dagbag.py:507} INFO - Filling up the DagBag from /root/Documentos/airflow/venv/lib/python3.9/site-packages/airflow/example_dags/tutorial_taskflow_api_etl.py
[2024-10-26 09:28:18,633] {processor.py:651} INFO - DAG(s) dict_keys(['tutorial_taskflow_api_etl']) retrieved from /root/Documentos/airflow/venv/lib/python3.9/site-packages/airflow/example_dags/tutorial_taskflow_api_etl.py
[2024-10-26 09:28:18,657] {logging_mixin.py:115} INFO - [2024-10-26 09:28:18,657] {dag.py:2379} INFO - Sync 1 DAGs
[2024-10-26 09:28:18,666] {logging_mixin.py:115} INFO - [2024-10-26 09:28:18,666] {dag.py:2927} INFO - Setting next_dagrun for tutorial_taskflow_api_etl to None, run_after=None
[2024-10-26 09:28:18,679] {processor.py:161} INFO - Processing /root/Documentos/airflow/venv/lib/python3.9/site-packages/airflow/example_dags/tutorial_taskflow_api_etl.py took 0.057 seconds
[2024-10-26 09:28:53,892] {processor.py:153} INFO - Started process (PID=11424) to work on /root/Documentos/airflow/venv/lib/python3.9/site-packages/airflow/example_dags/tutorial_taskflow_api_etl.py
[2024-10-26 09:28:53,897] {processor.py:641} INFO - Processing file /root/Documentos/airflow/venv/lib/python3.9/site-packages/airflow/example_dags/tutorial_taskflow_api_etl.py for tasks to queue
[2024-10-26 09:28:53,897] {logging_mixin.py:115} INFO - [2024-10-26 09:28:53,897] {dagbag.py:507} INFO - Filling up the DagBag from /root/Documentos/airflow/venv/lib/python3.9/site-packages/airflow/example_dags/tutorial_taskflow_api_etl.py
[2024-10-26 09:28:53,906] {processor.py:651} INFO - DAG(s) dict_keys(['tutorial_taskflow_api_etl']) retrieved from /root/Documentos/airflow/venv/lib/python3.9/site-packages/airflow/example_dags/tutorial_taskflow_api_etl.py
[2024-10-26 09:28:53,930] {logging_mixin.py:115} INFO - [2024-10-26 09:28:53,930] {dag.py:2379} INFO - Sync 1 DAGs
[2024-10-26 09:28:53,939] {logging_mixin.py:115} INFO - [2024-10-26 09:28:53,939] {dag.py:2927} INFO - Setting next_dagrun for tutorial_taskflow_api_etl to None, run_after=None
[2024-10-26 09:28:53,951] {processor.py:161} INFO - Processing /root/Documentos/airflow/venv/lib/python3.9/site-packages/airflow/example_dags/tutorial_taskflow_api_etl.py took 0.061 seconds
[2024-10-26 09:38:12,199] {processor.py:153} INFO - Started process (PID=1055) to work on /root/Documentos/airflow/venv/lib/python3.9/site-packages/airflow/example_dags/tutorial_taskflow_api_etl.py
[2024-10-26 09:38:12,200] {processor.py:641} INFO - Processing file /root/Documentos/airflow/venv/lib/python3.9/site-packages/airflow/example_dags/tutorial_taskflow_api_etl.py for tasks to queue
[2024-10-26 09:38:12,200] {logging_mixin.py:115} INFO - [2024-10-26 09:38:12,200] {dagbag.py:507} INFO - Filling up the DagBag from /root/Documentos/airflow/venv/lib/python3.9/site-packages/airflow/example_dags/tutorial_taskflow_api_etl.py
[2024-10-26 09:38:12,209] {processor.py:651} INFO - DAG(s) dict_keys(['tutorial_taskflow_api_etl']) retrieved from /root/Documentos/airflow/venv/lib/python3.9/site-packages/airflow/example_dags/tutorial_taskflow_api_etl.py
[2024-10-26 09:38:12,233] {logging_mixin.py:115} INFO - [2024-10-26 09:38:12,233] {dag.py:2379} INFO - Sync 1 DAGs
[2024-10-26 09:38:12,241] {logging_mixin.py:115} INFO - [2024-10-26 09:38:12,241] {dag.py:2927} INFO - Setting next_dagrun for tutorial_taskflow_api_etl to None, run_after=None
[2024-10-26 09:38:12,257] {processor.py:161} INFO - Processing /root/Documentos/airflow/venv/lib/python3.9/site-packages/airflow/example_dags/tutorial_taskflow_api_etl.py took 0.059 seconds
[2024-10-26 09:38:44,807] {processor.py:153} INFO - Started process (PID=1217) to work on /root/Documentos/airflow/venv/lib/python3.9/site-packages/airflow/example_dags/tutorial_taskflow_api_etl.py
[2024-10-26 09:38:44,812] {processor.py:641} INFO - Processing file /root/Documentos/airflow/venv/lib/python3.9/site-packages/airflow/example_dags/tutorial_taskflow_api_etl.py for tasks to queue
[2024-10-26 09:38:44,812] {logging_mixin.py:115} INFO - [2024-10-26 09:38:44,812] {dagbag.py:507} INFO - Filling up the DagBag from /root/Documentos/airflow/venv/lib/python3.9/site-packages/airflow/example_dags/tutorial_taskflow_api_etl.py
[2024-10-26 09:38:44,820] {processor.py:651} INFO - DAG(s) dict_keys(['tutorial_taskflow_api_etl']) retrieved from /root/Documentos/airflow/venv/lib/python3.9/site-packages/airflow/example_dags/tutorial_taskflow_api_etl.py
[2024-10-26 09:38:44,844] {logging_mixin.py:115} INFO - [2024-10-26 09:38:44,844] {dag.py:2379} INFO - Sync 1 DAGs
[2024-10-26 09:38:44,853] {logging_mixin.py:115} INFO - [2024-10-26 09:38:44,853] {dag.py:2927} INFO - Setting next_dagrun for tutorial_taskflow_api_etl to None, run_after=None
[2024-10-26 09:38:44,866] {processor.py:161} INFO - Processing /root/Documentos/airflow/venv/lib/python3.9/site-packages/airflow/example_dags/tutorial_taskflow_api_etl.py took 0.060 seconds
[2024-10-26 09:39:18,041] {processor.py:153} INFO - Started process (PID=1382) to work on /root/Documentos/airflow/venv/lib/python3.9/site-packages/airflow/example_dags/tutorial_taskflow_api_etl.py
[2024-10-26 09:39:18,042] {processor.py:641} INFO - Processing file /root/Documentos/airflow/venv/lib/python3.9/site-packages/airflow/example_dags/tutorial_taskflow_api_etl.py for tasks to queue
[2024-10-26 09:39:18,042] {logging_mixin.py:115} INFO - [2024-10-26 09:39:18,042] {dagbag.py:507} INFO - Filling up the DagBag from /root/Documentos/airflow/venv/lib/python3.9/site-packages/airflow/example_dags/tutorial_taskflow_api_etl.py
[2024-10-26 09:39:18,051] {processor.py:651} INFO - DAG(s) dict_keys(['tutorial_taskflow_api_etl']) retrieved from /root/Documentos/airflow/venv/lib/python3.9/site-packages/airflow/example_dags/tutorial_taskflow_api_etl.py
[2024-10-26 09:39:18,059] {logging_mixin.py:115} INFO - [2024-10-26 09:39:18,059] {dag.py:2379} INFO - Sync 1 DAGs
[2024-10-26 09:39:18,070] {logging_mixin.py:115} INFO - [2024-10-26 09:39:18,070] {dag.py:2927} INFO - Setting next_dagrun for tutorial_taskflow_api_etl to None, run_after=None
[2024-10-26 09:39:18,083] {processor.py:161} INFO - Processing /root/Documentos/airflow/venv/lib/python3.9/site-packages/airflow/example_dags/tutorial_taskflow_api_etl.py took 0.044 seconds
[2024-10-26 09:39:51,839] {processor.py:153} INFO - Started process (PID=1546) to work on /root/Documentos/airflow/venv/lib/python3.9/site-packages/airflow/example_dags/tutorial_taskflow_api_etl.py
[2024-10-26 09:39:51,844] {processor.py:641} INFO - Processing file /root/Documentos/airflow/venv/lib/python3.9/site-packages/airflow/example_dags/tutorial_taskflow_api_etl.py for tasks to queue
[2024-10-26 09:39:51,844] {logging_mixin.py:115} INFO - [2024-10-26 09:39:51,844] {dagbag.py:507} INFO - Filling up the DagBag from /root/Documentos/airflow/venv/lib/python3.9/site-packages/airflow/example_dags/tutorial_taskflow_api_etl.py
[2024-10-26 09:39:51,853] {processor.py:651} INFO - DAG(s) dict_keys(['tutorial_taskflow_api_etl']) retrieved from /root/Documentos/airflow/venv/lib/python3.9/site-packages/airflow/example_dags/tutorial_taskflow_api_etl.py
[2024-10-26 09:39:51,877] {logging_mixin.py:115} INFO - [2024-10-26 09:39:51,877] {dag.py:2379} INFO - Sync 1 DAGs
[2024-10-26 09:39:51,886] {logging_mixin.py:115} INFO - [2024-10-26 09:39:51,886] {dag.py:2927} INFO - Setting next_dagrun for tutorial_taskflow_api_etl to None, run_after=None
[2024-10-26 09:39:51,899] {processor.py:161} INFO - Processing /root/Documentos/airflow/venv/lib/python3.9/site-packages/airflow/example_dags/tutorial_taskflow_api_etl.py took 0.062 seconds
[2024-10-26 09:40:26,767] {processor.py:153} INFO - Started process (PID=1714) to work on /root/Documentos/airflow/venv/lib/python3.9/site-packages/airflow/example_dags/tutorial_taskflow_api_etl.py
[2024-10-26 09:40:26,771] {processor.py:641} INFO - Processing file /root/Documentos/airflow/venv/lib/python3.9/site-packages/airflow/example_dags/tutorial_taskflow_api_etl.py for tasks to queue
[2024-10-26 09:40:26,772] {logging_mixin.py:115} INFO - [2024-10-26 09:40:26,772] {dagbag.py:507} INFO - Filling up the DagBag from /root/Documentos/airflow/venv/lib/python3.9/site-packages/airflow/example_dags/tutorial_taskflow_api_etl.py
[2024-10-26 09:40:26,780] {processor.py:651} INFO - DAG(s) dict_keys(['tutorial_taskflow_api_etl']) retrieved from /root/Documentos/airflow/venv/lib/python3.9/site-packages/airflow/example_dags/tutorial_taskflow_api_etl.py
[2024-10-26 09:40:26,804] {logging_mixin.py:115} INFO - [2024-10-26 09:40:26,804] {dag.py:2379} INFO - Sync 1 DAGs
[2024-10-26 09:40:26,813] {logging_mixin.py:115} INFO - [2024-10-26 09:40:26,813] {dag.py:2927} INFO - Setting next_dagrun for tutorial_taskflow_api_etl to None, run_after=None
[2024-10-26 09:40:26,825] {processor.py:161} INFO - Processing /root/Documentos/airflow/venv/lib/python3.9/site-packages/airflow/example_dags/tutorial_taskflow_api_etl.py took 0.060 seconds
[2024-10-26 09:41:01,588] {processor.py:153} INFO - Started process (PID=1882) to work on /root/Documentos/airflow/venv/lib/python3.9/site-packages/airflow/example_dags/tutorial_taskflow_api_etl.py
[2024-10-26 09:41:01,589] {processor.py:641} INFO - Processing file /root/Documentos/airflow/venv/lib/python3.9/site-packages/airflow/example_dags/tutorial_taskflow_api_etl.py for tasks to queue
[2024-10-26 09:41:01,589] {logging_mixin.py:115} INFO - [2024-10-26 09:41:01,589] {dagbag.py:507} INFO - Filling up the DagBag from /root/Documentos/airflow/venv/lib/python3.9/site-packages/airflow/example_dags/tutorial_taskflow_api_etl.py
[2024-10-26 09:41:01,597] {processor.py:651} INFO - DAG(s) dict_keys(['tutorial_taskflow_api_etl']) retrieved from /root/Documentos/airflow/venv/lib/python3.9/site-packages/airflow/example_dags/tutorial_taskflow_api_etl.py
[2024-10-26 09:41:01,620] {logging_mixin.py:115} INFO - [2024-10-26 09:41:01,620] {dag.py:2379} INFO - Sync 1 DAGs
[2024-10-26 09:41:01,628] {logging_mixin.py:115} INFO - [2024-10-26 09:41:01,628] {dag.py:2927} INFO - Setting next_dagrun for tutorial_taskflow_api_etl to None, run_after=None
[2024-10-26 09:41:01,642] {processor.py:161} INFO - Processing /root/Documentos/airflow/venv/lib/python3.9/site-packages/airflow/example_dags/tutorial_taskflow_api_etl.py took 0.056 seconds
[2024-10-26 09:41:35,016] {processor.py:153} INFO - Started process (PID=2045) to work on /root/Documentos/airflow/venv/lib/python3.9/site-packages/airflow/example_dags/tutorial_taskflow_api_etl.py
[2024-10-26 09:41:35,017] {processor.py:641} INFO - Processing file /root/Documentos/airflow/venv/lib/python3.9/site-packages/airflow/example_dags/tutorial_taskflow_api_etl.py for tasks to queue
[2024-10-26 09:41:35,018] {logging_mixin.py:115} INFO - [2024-10-26 09:41:35,018] {dagbag.py:507} INFO - Filling up the DagBag from /root/Documentos/airflow/venv/lib/python3.9/site-packages/airflow/example_dags/tutorial_taskflow_api_etl.py
[2024-10-26 09:41:35,026] {processor.py:651} INFO - DAG(s) dict_keys(['tutorial_taskflow_api_etl']) retrieved from /root/Documentos/airflow/venv/lib/python3.9/site-packages/airflow/example_dags/tutorial_taskflow_api_etl.py
[2024-10-26 09:41:35,049] {logging_mixin.py:115} INFO - [2024-10-26 09:41:35,049] {dag.py:2379} INFO - Sync 1 DAGs
[2024-10-26 09:41:35,057] {logging_mixin.py:115} INFO - [2024-10-26 09:41:35,057] {dag.py:2927} INFO - Setting next_dagrun for tutorial_taskflow_api_etl to None, run_after=None
[2024-10-26 09:41:35,069] {processor.py:161} INFO - Processing /root/Documentos/airflow/venv/lib/python3.9/site-packages/airflow/example_dags/tutorial_taskflow_api_etl.py took 0.055 seconds
[2024-10-26 09:42:13,095] {processor.py:153} INFO - Started process (PID=2224) to work on /root/Documentos/airflow/venv/lib/python3.9/site-packages/airflow/example_dags/tutorial_taskflow_api_etl.py
[2024-10-26 09:42:13,102] {processor.py:641} INFO - Processing file /root/Documentos/airflow/venv/lib/python3.9/site-packages/airflow/example_dags/tutorial_taskflow_api_etl.py for tasks to queue
[2024-10-26 09:42:13,103] {logging_mixin.py:115} INFO - [2024-10-26 09:42:13,102] {dagbag.py:507} INFO - Filling up the DagBag from /root/Documentos/airflow/venv/lib/python3.9/site-packages/airflow/example_dags/tutorial_taskflow_api_etl.py
[2024-10-26 09:42:13,115] {processor.py:651} INFO - DAG(s) dict_keys(['tutorial_taskflow_api_etl']) retrieved from /root/Documentos/airflow/venv/lib/python3.9/site-packages/airflow/example_dags/tutorial_taskflow_api_etl.py
[2024-10-26 09:42:13,145] {logging_mixin.py:115} INFO - [2024-10-26 09:42:13,145] {dag.py:2379} INFO - Sync 1 DAGs
[2024-10-26 09:42:13,154] {logging_mixin.py:115} INFO - [2024-10-26 09:42:13,154] {dag.py:2927} INFO - Setting next_dagrun for tutorial_taskflow_api_etl to None, run_after=None
[2024-10-26 09:42:13,167] {processor.py:161} INFO - Processing /root/Documentos/airflow/venv/lib/python3.9/site-packages/airflow/example_dags/tutorial_taskflow_api_etl.py took 0.074 seconds
[2024-10-26 09:42:45,745] {processor.py:153} INFO - Started process (PID=2383) to work on /root/Documentos/airflow/venv/lib/python3.9/site-packages/airflow/example_dags/tutorial_taskflow_api_etl.py
[2024-10-26 09:42:45,745] {processor.py:641} INFO - Processing file /root/Documentos/airflow/venv/lib/python3.9/site-packages/airflow/example_dags/tutorial_taskflow_api_etl.py for tasks to queue
[2024-10-26 09:42:45,745] {logging_mixin.py:115} INFO - [2024-10-26 09:42:45,745] {dagbag.py:507} INFO - Filling up the DagBag from /root/Documentos/airflow/venv/lib/python3.9/site-packages/airflow/example_dags/tutorial_taskflow_api_etl.py
[2024-10-26 09:42:45,754] {processor.py:651} INFO - DAG(s) dict_keys(['tutorial_taskflow_api_etl']) retrieved from /root/Documentos/airflow/venv/lib/python3.9/site-packages/airflow/example_dags/tutorial_taskflow_api_etl.py
[2024-10-26 09:42:45,777] {logging_mixin.py:115} INFO - [2024-10-26 09:42:45,777] {dag.py:2379} INFO - Sync 1 DAGs
[2024-10-26 09:42:45,785] {logging_mixin.py:115} INFO - [2024-10-26 09:42:45,785] {dag.py:2927} INFO - Setting next_dagrun for tutorial_taskflow_api_etl to None, run_after=None
[2024-10-26 09:42:45,797] {processor.py:161} INFO - Processing /root/Documentos/airflow/venv/lib/python3.9/site-packages/airflow/example_dags/tutorial_taskflow_api_etl.py took 0.053 seconds
[2024-10-26 09:43:18,149] {processor.py:153} INFO - Started process (PID=2541) to work on /root/Documentos/airflow/venv/lib/python3.9/site-packages/airflow/example_dags/tutorial_taskflow_api_etl.py
[2024-10-26 09:43:18,156] {processor.py:641} INFO - Processing file /root/Documentos/airflow/venv/lib/python3.9/site-packages/airflow/example_dags/tutorial_taskflow_api_etl.py for tasks to queue
[2024-10-26 09:43:18,157] {logging_mixin.py:115} INFO - [2024-10-26 09:43:18,157] {dagbag.py:507} INFO - Filling up the DagBag from /root/Documentos/airflow/venv/lib/python3.9/site-packages/airflow/example_dags/tutorial_taskflow_api_etl.py
[2024-10-26 09:43:18,165] {processor.py:651} INFO - DAG(s) dict_keys(['tutorial_taskflow_api_etl']) retrieved from /root/Documentos/airflow/venv/lib/python3.9/site-packages/airflow/example_dags/tutorial_taskflow_api_etl.py
[2024-10-26 09:43:18,188] {logging_mixin.py:115} INFO - [2024-10-26 09:43:18,187] {dag.py:2379} INFO - Sync 1 DAGs
[2024-10-26 09:43:18,196] {logging_mixin.py:115} INFO - [2024-10-26 09:43:18,195] {dag.py:2927} INFO - Setting next_dagrun for tutorial_taskflow_api_etl to None, run_after=None
[2024-10-26 09:43:18,210] {processor.py:161} INFO - Processing /root/Documentos/airflow/venv/lib/python3.9/site-packages/airflow/example_dags/tutorial_taskflow_api_etl.py took 0.063 seconds
[2024-10-26 09:43:54,920] {processor.py:153} INFO - Started process (PID=2718) to work on /root/Documentos/airflow/venv/lib/python3.9/site-packages/airflow/example_dags/tutorial_taskflow_api_etl.py
[2024-10-26 09:43:54,925] {processor.py:641} INFO - Processing file /root/Documentos/airflow/venv/lib/python3.9/site-packages/airflow/example_dags/tutorial_taskflow_api_etl.py for tasks to queue
[2024-10-26 09:43:54,926] {logging_mixin.py:115} INFO - [2024-10-26 09:43:54,926] {dagbag.py:507} INFO - Filling up the DagBag from /root/Documentos/airflow/venv/lib/python3.9/site-packages/airflow/example_dags/tutorial_taskflow_api_etl.py
[2024-10-26 09:43:54,935] {processor.py:651} INFO - DAG(s) dict_keys(['tutorial_taskflow_api_etl']) retrieved from /root/Documentos/airflow/venv/lib/python3.9/site-packages/airflow/example_dags/tutorial_taskflow_api_etl.py
[2024-10-26 09:43:54,944] {logging_mixin.py:115} INFO - [2024-10-26 09:43:54,944] {dag.py:2379} INFO - Sync 1 DAGs
[2024-10-26 09:43:54,953] {logging_mixin.py:115} INFO - [2024-10-26 09:43:54,953] {dag.py:2927} INFO - Setting next_dagrun for tutorial_taskflow_api_etl to None, run_after=None
[2024-10-26 09:43:54,964] {processor.py:161} INFO - Processing /root/Documentos/airflow/venv/lib/python3.9/site-packages/airflow/example_dags/tutorial_taskflow_api_etl.py took 0.045 seconds
[2024-10-26 09:44:27,612] {processor.py:153} INFO - Started process (PID=2877) to work on /root/Documentos/airflow/venv/lib/python3.9/site-packages/airflow/example_dags/tutorial_taskflow_api_etl.py
[2024-10-26 09:44:27,616] {processor.py:641} INFO - Processing file /root/Documentos/airflow/venv/lib/python3.9/site-packages/airflow/example_dags/tutorial_taskflow_api_etl.py for tasks to queue
[2024-10-26 09:44:27,617] {logging_mixin.py:115} INFO - [2024-10-26 09:44:27,616] {dagbag.py:507} INFO - Filling up the DagBag from /root/Documentos/airflow/venv/lib/python3.9/site-packages/airflow/example_dags/tutorial_taskflow_api_etl.py
[2024-10-26 09:44:27,626] {processor.py:651} INFO - DAG(s) dict_keys(['tutorial_taskflow_api_etl']) retrieved from /root/Documentos/airflow/venv/lib/python3.9/site-packages/airflow/example_dags/tutorial_taskflow_api_etl.py
[2024-10-26 09:44:27,635] {logging_mixin.py:115} INFO - [2024-10-26 09:44:27,635] {dag.py:2379} INFO - Sync 1 DAGs
[2024-10-26 09:44:27,644] {logging_mixin.py:115} INFO - [2024-10-26 09:44:27,644] {dag.py:2927} INFO - Setting next_dagrun for tutorial_taskflow_api_etl to None, run_after=None
[2024-10-26 09:44:27,656] {processor.py:161} INFO - Processing /root/Documentos/airflow/venv/lib/python3.9/site-packages/airflow/example_dags/tutorial_taskflow_api_etl.py took 0.046 seconds
[2024-10-26 09:45:00,924] {processor.py:153} INFO - Started process (PID=3040) to work on /root/Documentos/airflow/venv/lib/python3.9/site-packages/airflow/example_dags/tutorial_taskflow_api_etl.py
[2024-10-26 09:45:00,925] {processor.py:641} INFO - Processing file /root/Documentos/airflow/venv/lib/python3.9/site-packages/airflow/example_dags/tutorial_taskflow_api_etl.py for tasks to queue
[2024-10-26 09:45:00,925] {logging_mixin.py:115} INFO - [2024-10-26 09:45:00,925] {dagbag.py:507} INFO - Filling up the DagBag from /root/Documentos/airflow/venv/lib/python3.9/site-packages/airflow/example_dags/tutorial_taskflow_api_etl.py
[2024-10-26 09:45:00,936] {processor.py:651} INFO - DAG(s) dict_keys(['tutorial_taskflow_api_etl']) retrieved from /root/Documentos/airflow/venv/lib/python3.9/site-packages/airflow/example_dags/tutorial_taskflow_api_etl.py
[2024-10-26 09:45:00,945] {logging_mixin.py:115} INFO - [2024-10-26 09:45:00,945] {dag.py:2379} INFO - Sync 1 DAGs
[2024-10-26 09:45:00,955] {logging_mixin.py:115} INFO - [2024-10-26 09:45:00,955] {dag.py:2927} INFO - Setting next_dagrun for tutorial_taskflow_api_etl to None, run_after=None
[2024-10-26 09:45:00,969] {processor.py:161} INFO - Processing /root/Documentos/airflow/venv/lib/python3.9/site-packages/airflow/example_dags/tutorial_taskflow_api_etl.py took 0.046 seconds
[2024-10-26 09:45:38,761] {processor.py:153} INFO - Started process (PID=3222) to work on /root/Documentos/airflow/venv/lib/python3.9/site-packages/airflow/example_dags/tutorial_taskflow_api_etl.py
[2024-10-26 09:45:38,766] {processor.py:641} INFO - Processing file /root/Documentos/airflow/venv/lib/python3.9/site-packages/airflow/example_dags/tutorial_taskflow_api_etl.py for tasks to queue
[2024-10-26 09:45:38,767] {logging_mixin.py:115} INFO - [2024-10-26 09:45:38,767] {dagbag.py:507} INFO - Filling up the DagBag from /root/Documentos/airflow/venv/lib/python3.9/site-packages/airflow/example_dags/tutorial_taskflow_api_etl.py
[2024-10-26 09:45:38,775] {processor.py:651} INFO - DAG(s) dict_keys(['tutorial_taskflow_api_etl']) retrieved from /root/Documentos/airflow/venv/lib/python3.9/site-packages/airflow/example_dags/tutorial_taskflow_api_etl.py
[2024-10-26 09:45:38,799] {logging_mixin.py:115} INFO - [2024-10-26 09:45:38,799] {dag.py:2379} INFO - Sync 1 DAGs
[2024-10-26 09:45:38,807] {logging_mixin.py:115} INFO - [2024-10-26 09:45:38,807] {dag.py:2927} INFO - Setting next_dagrun for tutorial_taskflow_api_etl to None, run_after=None
[2024-10-26 09:45:38,822] {processor.py:161} INFO - Processing /root/Documentos/airflow/venv/lib/python3.9/site-packages/airflow/example_dags/tutorial_taskflow_api_etl.py took 0.063 seconds
[2024-10-26 09:46:12,822] {processor.py:153} INFO - Started process (PID=3386) to work on /root/Documentos/airflow/venv/lib/python3.9/site-packages/airflow/example_dags/tutorial_taskflow_api_etl.py
[2024-10-26 09:46:12,823] {processor.py:641} INFO - Processing file /root/Documentos/airflow/venv/lib/python3.9/site-packages/airflow/example_dags/tutorial_taskflow_api_etl.py for tasks to queue
[2024-10-26 09:46:12,823] {logging_mixin.py:115} INFO - [2024-10-26 09:46:12,823] {dagbag.py:507} INFO - Filling up the DagBag from /root/Documentos/airflow/venv/lib/python3.9/site-packages/airflow/example_dags/tutorial_taskflow_api_etl.py
[2024-10-26 09:46:12,833] {processor.py:651} INFO - DAG(s) dict_keys(['tutorial_taskflow_api_etl']) retrieved from /root/Documentos/airflow/venv/lib/python3.9/site-packages/airflow/example_dags/tutorial_taskflow_api_etl.py
[2024-10-26 09:46:12,856] {logging_mixin.py:115} INFO - [2024-10-26 09:46:12,856] {dag.py:2379} INFO - Sync 1 DAGs
[2024-10-26 09:46:12,864] {logging_mixin.py:115} INFO - [2024-10-26 09:46:12,864] {dag.py:2927} INFO - Setting next_dagrun for tutorial_taskflow_api_etl to None, run_after=None
[2024-10-26 09:46:12,876] {processor.py:161} INFO - Processing /root/Documentos/airflow/venv/lib/python3.9/site-packages/airflow/example_dags/tutorial_taskflow_api_etl.py took 0.055 seconds
[2024-10-26 09:46:47,796] {processor.py:153} INFO - Started process (PID=3634) to work on /root/Documentos/airflow/venv/lib/python3.9/site-packages/airflow/example_dags/tutorial_taskflow_api_etl.py
[2024-10-26 09:46:47,801] {processor.py:641} INFO - Processing file /root/Documentos/airflow/venv/lib/python3.9/site-packages/airflow/example_dags/tutorial_taskflow_api_etl.py for tasks to queue
[2024-10-26 09:46:47,802] {logging_mixin.py:115} INFO - [2024-10-26 09:46:47,801] {dagbag.py:507} INFO - Filling up the DagBag from /root/Documentos/airflow/venv/lib/python3.9/site-packages/airflow/example_dags/tutorial_taskflow_api_etl.py
[2024-10-26 09:46:47,810] {processor.py:651} INFO - DAG(s) dict_keys(['tutorial_taskflow_api_etl']) retrieved from /root/Documentos/airflow/venv/lib/python3.9/site-packages/airflow/example_dags/tutorial_taskflow_api_etl.py
[2024-10-26 09:46:47,819] {logging_mixin.py:115} INFO - [2024-10-26 09:46:47,819] {dag.py:2379} INFO - Sync 1 DAGs
[2024-10-26 09:46:47,828] {logging_mixin.py:115} INFO - [2024-10-26 09:46:47,828] {dag.py:2927} INFO - Setting next_dagrun for tutorial_taskflow_api_etl to None, run_after=None
[2024-10-26 09:46:47,842] {processor.py:161} INFO - Processing /root/Documentos/airflow/venv/lib/python3.9/site-packages/airflow/example_dags/tutorial_taskflow_api_etl.py took 0.047 seconds
[2024-10-26 09:47:22,182] {processor.py:153} INFO - Started process (PID=3800) to work on /root/Documentos/airflow/venv/lib/python3.9/site-packages/airflow/example_dags/tutorial_taskflow_api_etl.py
[2024-10-26 09:47:22,189] {processor.py:641} INFO - Processing file /root/Documentos/airflow/venv/lib/python3.9/site-packages/airflow/example_dags/tutorial_taskflow_api_etl.py for tasks to queue
[2024-10-26 09:47:22,190] {logging_mixin.py:115} INFO - [2024-10-26 09:47:22,190] {dagbag.py:507} INFO - Filling up the DagBag from /root/Documentos/airflow/venv/lib/python3.9/site-packages/airflow/example_dags/tutorial_taskflow_api_etl.py
[2024-10-26 09:47:22,199] {processor.py:651} INFO - DAG(s) dict_keys(['tutorial_taskflow_api_etl']) retrieved from /root/Documentos/airflow/venv/lib/python3.9/site-packages/airflow/example_dags/tutorial_taskflow_api_etl.py
[2024-10-26 09:47:22,208] {logging_mixin.py:115} INFO - [2024-10-26 09:47:22,207] {dag.py:2379} INFO - Sync 1 DAGs
[2024-10-26 09:47:22,216] {logging_mixin.py:115} INFO - [2024-10-26 09:47:22,216] {dag.py:2927} INFO - Setting next_dagrun for tutorial_taskflow_api_etl to None, run_after=None
[2024-10-26 09:47:22,228] {processor.py:161} INFO - Processing /root/Documentos/airflow/venv/lib/python3.9/site-packages/airflow/example_dags/tutorial_taskflow_api_etl.py took 0.048 seconds
[2024-10-26 09:47:54,006] {processor.py:153} INFO - Started process (PID=3956) to work on /root/Documentos/airflow/venv/lib/python3.9/site-packages/airflow/example_dags/tutorial_taskflow_api_etl.py
[2024-10-26 09:47:54,006] {processor.py:641} INFO - Processing file /root/Documentos/airflow/venv/lib/python3.9/site-packages/airflow/example_dags/tutorial_taskflow_api_etl.py for tasks to queue
[2024-10-26 09:47:54,006] {logging_mixin.py:115} INFO - [2024-10-26 09:47:54,006] {dagbag.py:507} INFO - Filling up the DagBag from /root/Documentos/airflow/venv/lib/python3.9/site-packages/airflow/example_dags/tutorial_taskflow_api_etl.py
[2024-10-26 09:47:54,014] {processor.py:651} INFO - DAG(s) dict_keys(['tutorial_taskflow_api_etl']) retrieved from /root/Documentos/airflow/venv/lib/python3.9/site-packages/airflow/example_dags/tutorial_taskflow_api_etl.py
[2024-10-26 09:47:54,037] {logging_mixin.py:115} INFO - [2024-10-26 09:47:54,037] {dag.py:2379} INFO - Sync 1 DAGs
[2024-10-26 09:47:54,045] {logging_mixin.py:115} INFO - [2024-10-26 09:47:54,045] {dag.py:2927} INFO - Setting next_dagrun for tutorial_taskflow_api_etl to None, run_after=None
[2024-10-26 09:47:54,058] {processor.py:161} INFO - Processing /root/Documentos/airflow/venv/lib/python3.9/site-packages/airflow/example_dags/tutorial_taskflow_api_etl.py took 0.054 seconds
[2024-10-26 09:48:29,652] {processor.py:153} INFO - Started process (PID=4136) to work on /root/Documentos/airflow/venv/lib/python3.9/site-packages/airflow/example_dags/tutorial_taskflow_api_etl.py
[2024-10-26 09:48:29,654] {processor.py:641} INFO - Processing file /root/Documentos/airflow/venv/lib/python3.9/site-packages/airflow/example_dags/tutorial_taskflow_api_etl.py for tasks to queue
[2024-10-26 09:48:29,655] {logging_mixin.py:115} INFO - [2024-10-26 09:48:29,655] {dagbag.py:507} INFO - Filling up the DagBag from /root/Documentos/airflow/venv/lib/python3.9/site-packages/airflow/example_dags/tutorial_taskflow_api_etl.py
[2024-10-26 09:48:29,664] {processor.py:651} INFO - DAG(s) dict_keys(['tutorial_taskflow_api_etl']) retrieved from /root/Documentos/airflow/venv/lib/python3.9/site-packages/airflow/example_dags/tutorial_taskflow_api_etl.py
[2024-10-26 09:48:29,673] {logging_mixin.py:115} INFO - [2024-10-26 09:48:29,673] {dag.py:2379} INFO - Sync 1 DAGs
[2024-10-26 09:48:29,681] {logging_mixin.py:115} INFO - [2024-10-26 09:48:29,681] {dag.py:2927} INFO - Setting next_dagrun for tutorial_taskflow_api_etl to None, run_after=None
[2024-10-26 09:48:29,697] {processor.py:161} INFO - Processing /root/Documentos/airflow/venv/lib/python3.9/site-packages/airflow/example_dags/tutorial_taskflow_api_etl.py took 0.046 seconds
[2024-10-26 09:49:05,521] {processor.py:153} INFO - Started process (PID=4310) to work on /root/Documentos/airflow/venv/lib/python3.9/site-packages/airflow/example_dags/tutorial_taskflow_api_etl.py
[2024-10-26 09:49:05,524] {processor.py:641} INFO - Processing file /root/Documentos/airflow/venv/lib/python3.9/site-packages/airflow/example_dags/tutorial_taskflow_api_etl.py for tasks to queue
[2024-10-26 09:49:05,524] {logging_mixin.py:115} INFO - [2024-10-26 09:49:05,524] {dagbag.py:507} INFO - Filling up the DagBag from /root/Documentos/airflow/venv/lib/python3.9/site-packages/airflow/example_dags/tutorial_taskflow_api_etl.py
[2024-10-26 09:49:05,532] {processor.py:651} INFO - DAG(s) dict_keys(['tutorial_taskflow_api_etl']) retrieved from /root/Documentos/airflow/venv/lib/python3.9/site-packages/airflow/example_dags/tutorial_taskflow_api_etl.py
[2024-10-26 09:49:05,541] {logging_mixin.py:115} INFO - [2024-10-26 09:49:05,541] {dag.py:2379} INFO - Sync 1 DAGs
[2024-10-26 09:49:05,549] {logging_mixin.py:115} INFO - [2024-10-26 09:49:05,549] {dag.py:2927} INFO - Setting next_dagrun for tutorial_taskflow_api_etl to None, run_after=None
[2024-10-26 09:49:05,565] {processor.py:161} INFO - Processing /root/Documentos/airflow/venv/lib/python3.9/site-packages/airflow/example_dags/tutorial_taskflow_api_etl.py took 0.045 seconds
[2024-10-26 09:49:42,090] {processor.py:153} INFO - Started process (PID=4486) to work on /root/Documentos/airflow/venv/lib/python3.9/site-packages/airflow/example_dags/tutorial_taskflow_api_etl.py
[2024-10-26 09:49:42,094] {processor.py:641} INFO - Processing file /root/Documentos/airflow/venv/lib/python3.9/site-packages/airflow/example_dags/tutorial_taskflow_api_etl.py for tasks to queue
[2024-10-26 09:49:42,095] {logging_mixin.py:115} INFO - [2024-10-26 09:49:42,094] {dagbag.py:507} INFO - Filling up the DagBag from /root/Documentos/airflow/venv/lib/python3.9/site-packages/airflow/example_dags/tutorial_taskflow_api_etl.py
[2024-10-26 09:49:42,103] {processor.py:651} INFO - DAG(s) dict_keys(['tutorial_taskflow_api_etl']) retrieved from /root/Documentos/airflow/venv/lib/python3.9/site-packages/airflow/example_dags/tutorial_taskflow_api_etl.py
[2024-10-26 09:49:42,112] {logging_mixin.py:115} INFO - [2024-10-26 09:49:42,112] {dag.py:2379} INFO - Sync 1 DAGs
[2024-10-26 09:49:42,122] {logging_mixin.py:115} INFO - [2024-10-26 09:49:42,122] {dag.py:2927} INFO - Setting next_dagrun for tutorial_taskflow_api_etl to None, run_after=None
[2024-10-26 09:49:42,138] {processor.py:161} INFO - Processing /root/Documentos/airflow/venv/lib/python3.9/site-packages/airflow/example_dags/tutorial_taskflow_api_etl.py took 0.049 seconds
[2024-10-26 09:50:16,772] {processor.py:153} INFO - Started process (PID=4653) to work on /root/Documentos/airflow/venv/lib/python3.9/site-packages/airflow/example_dags/tutorial_taskflow_api_etl.py
[2024-10-26 09:50:16,773] {processor.py:641} INFO - Processing file /root/Documentos/airflow/venv/lib/python3.9/site-packages/airflow/example_dags/tutorial_taskflow_api_etl.py for tasks to queue
[2024-10-26 09:50:16,774] {logging_mixin.py:115} INFO - [2024-10-26 09:50:16,774] {dagbag.py:507} INFO - Filling up the DagBag from /root/Documentos/airflow/venv/lib/python3.9/site-packages/airflow/example_dags/tutorial_taskflow_api_etl.py
[2024-10-26 09:50:16,782] {processor.py:651} INFO - DAG(s) dict_keys(['tutorial_taskflow_api_etl']) retrieved from /root/Documentos/airflow/venv/lib/python3.9/site-packages/airflow/example_dags/tutorial_taskflow_api_etl.py
[2024-10-26 09:50:16,790] {logging_mixin.py:115} INFO - [2024-10-26 09:50:16,790] {dag.py:2379} INFO - Sync 1 DAGs
[2024-10-26 09:50:16,799] {logging_mixin.py:115} INFO - [2024-10-26 09:50:16,799] {dag.py:2927} INFO - Setting next_dagrun for tutorial_taskflow_api_etl to None, run_after=None
[2024-10-26 09:50:16,815] {processor.py:161} INFO - Processing /root/Documentos/airflow/venv/lib/python3.9/site-packages/airflow/example_dags/tutorial_taskflow_api_etl.py took 0.044 seconds
[2024-10-26 09:50:50,533] {processor.py:153} INFO - Started process (PID=4816) to work on /root/Documentos/airflow/venv/lib/python3.9/site-packages/airflow/example_dags/tutorial_taskflow_api_etl.py
[2024-10-26 09:50:50,533] {processor.py:641} INFO - Processing file /root/Documentos/airflow/venv/lib/python3.9/site-packages/airflow/example_dags/tutorial_taskflow_api_etl.py for tasks to queue
[2024-10-26 09:50:50,533] {logging_mixin.py:115} INFO - [2024-10-26 09:50:50,533] {dagbag.py:507} INFO - Filling up the DagBag from /root/Documentos/airflow/venv/lib/python3.9/site-packages/airflow/example_dags/tutorial_taskflow_api_etl.py
[2024-10-26 09:50:50,541] {processor.py:651} INFO - DAG(s) dict_keys(['tutorial_taskflow_api_etl']) retrieved from /root/Documentos/airflow/venv/lib/python3.9/site-packages/airflow/example_dags/tutorial_taskflow_api_etl.py
[2024-10-26 09:50:50,551] {logging_mixin.py:115} INFO - [2024-10-26 09:50:50,551] {dag.py:2379} INFO - Sync 1 DAGs
[2024-10-26 09:50:50,560] {logging_mixin.py:115} INFO - [2024-10-26 09:50:50,560] {dag.py:2927} INFO - Setting next_dagrun for tutorial_taskflow_api_etl to None, run_after=None
[2024-10-26 09:50:50,576] {processor.py:161} INFO - Processing /root/Documentos/airflow/venv/lib/python3.9/site-packages/airflow/example_dags/tutorial_taskflow_api_etl.py took 0.045 seconds
[2024-10-26 09:51:23,217] {processor.py:153} INFO - Started process (PID=4976) to work on /root/Documentos/airflow/venv/lib/python3.9/site-packages/airflow/example_dags/tutorial_taskflow_api_etl.py
[2024-10-26 09:51:23,222] {processor.py:641} INFO - Processing file /root/Documentos/airflow/venv/lib/python3.9/site-packages/airflow/example_dags/tutorial_taskflow_api_etl.py for tasks to queue
[2024-10-26 09:51:23,222] {logging_mixin.py:115} INFO - [2024-10-26 09:51:23,222] {dagbag.py:507} INFO - Filling up the DagBag from /root/Documentos/airflow/venv/lib/python3.9/site-packages/airflow/example_dags/tutorial_taskflow_api_etl.py
[2024-10-26 09:51:23,230] {processor.py:651} INFO - DAG(s) dict_keys(['tutorial_taskflow_api_etl']) retrieved from /root/Documentos/airflow/venv/lib/python3.9/site-packages/airflow/example_dags/tutorial_taskflow_api_etl.py
[2024-10-26 09:51:23,239] {logging_mixin.py:115} INFO - [2024-10-26 09:51:23,239] {dag.py:2379} INFO - Sync 1 DAGs
[2024-10-26 09:51:23,248] {logging_mixin.py:115} INFO - [2024-10-26 09:51:23,248] {dag.py:2927} INFO - Setting next_dagrun for tutorial_taskflow_api_etl to None, run_after=None
[2024-10-26 09:51:23,264] {processor.py:161} INFO - Processing /root/Documentos/airflow/venv/lib/python3.9/site-packages/airflow/example_dags/tutorial_taskflow_api_etl.py took 0.049 seconds
[2024-10-26 09:51:57,997] {processor.py:153} INFO - Started process (PID=5145) to work on /root/Documentos/airflow/venv/lib/python3.9/site-packages/airflow/example_dags/tutorial_taskflow_api_etl.py
[2024-10-26 09:51:58,002] {processor.py:641} INFO - Processing file /root/Documentos/airflow/venv/lib/python3.9/site-packages/airflow/example_dags/tutorial_taskflow_api_etl.py for tasks to queue
[2024-10-26 09:51:58,002] {logging_mixin.py:115} INFO - [2024-10-26 09:51:58,002] {dagbag.py:507} INFO - Filling up the DagBag from /root/Documentos/airflow/venv/lib/python3.9/site-packages/airflow/example_dags/tutorial_taskflow_api_etl.py
[2024-10-26 09:51:58,011] {processor.py:651} INFO - DAG(s) dict_keys(['tutorial_taskflow_api_etl']) retrieved from /root/Documentos/airflow/venv/lib/python3.9/site-packages/airflow/example_dags/tutorial_taskflow_api_etl.py
[2024-10-26 09:51:58,020] {logging_mixin.py:115} INFO - [2024-10-26 09:51:58,020] {dag.py:2379} INFO - Sync 1 DAGs
[2024-10-26 09:51:58,028] {logging_mixin.py:115} INFO - [2024-10-26 09:51:58,028] {dag.py:2927} INFO - Setting next_dagrun for tutorial_taskflow_api_etl to None, run_after=None
[2024-10-26 09:51:58,045] {processor.py:161} INFO - Processing /root/Documentos/airflow/venv/lib/python3.9/site-packages/airflow/example_dags/tutorial_taskflow_api_etl.py took 0.050 seconds
[2024-10-26 09:52:34,413] {processor.py:153} INFO - Started process (PID=5322) to work on /root/Documentos/airflow/venv/lib/python3.9/site-packages/airflow/example_dags/tutorial_taskflow_api_etl.py
[2024-10-26 09:52:34,415] {processor.py:641} INFO - Processing file /root/Documentos/airflow/venv/lib/python3.9/site-packages/airflow/example_dags/tutorial_taskflow_api_etl.py for tasks to queue
[2024-10-26 09:52:34,415] {logging_mixin.py:115} INFO - [2024-10-26 09:52:34,415] {dagbag.py:507} INFO - Filling up the DagBag from /root/Documentos/airflow/venv/lib/python3.9/site-packages/airflow/example_dags/tutorial_taskflow_api_etl.py
[2024-10-26 09:52:34,423] {processor.py:651} INFO - DAG(s) dict_keys(['tutorial_taskflow_api_etl']) retrieved from /root/Documentos/airflow/venv/lib/python3.9/site-packages/airflow/example_dags/tutorial_taskflow_api_etl.py
[2024-10-26 09:52:34,432] {logging_mixin.py:115} INFO - [2024-10-26 09:52:34,432] {dag.py:2379} INFO - Sync 1 DAGs
[2024-10-26 09:52:34,441] {logging_mixin.py:115} INFO - [2024-10-26 09:52:34,441] {dag.py:2927} INFO - Setting next_dagrun for tutorial_taskflow_api_etl to None, run_after=None
[2024-10-26 09:52:34,458] {processor.py:161} INFO - Processing /root/Documentos/airflow/venv/lib/python3.9/site-packages/airflow/example_dags/tutorial_taskflow_api_etl.py took 0.047 seconds
[2024-10-26 09:53:10,024] {processor.py:153} INFO - Started process (PID=5494) to work on /root/Documentos/airflow/venv/lib/python3.9/site-packages/airflow/example_dags/tutorial_taskflow_api_etl.py
[2024-10-26 09:53:10,029] {processor.py:641} INFO - Processing file /root/Documentos/airflow/venv/lib/python3.9/site-packages/airflow/example_dags/tutorial_taskflow_api_etl.py for tasks to queue
[2024-10-26 09:53:10,030] {logging_mixin.py:115} INFO - [2024-10-26 09:53:10,030] {dagbag.py:507} INFO - Filling up the DagBag from /root/Documentos/airflow/venv/lib/python3.9/site-packages/airflow/example_dags/tutorial_taskflow_api_etl.py
[2024-10-26 09:53:10,040] {processor.py:651} INFO - DAG(s) dict_keys(['tutorial_taskflow_api_etl']) retrieved from /root/Documentos/airflow/venv/lib/python3.9/site-packages/airflow/example_dags/tutorial_taskflow_api_etl.py
[2024-10-26 09:53:10,061] {logging_mixin.py:115} INFO - [2024-10-26 09:53:10,061] {dag.py:2379} INFO - Sync 1 DAGs
[2024-10-26 09:53:10,069] {logging_mixin.py:115} INFO - [2024-10-26 09:53:10,069] {dag.py:2927} INFO - Setting next_dagrun for tutorial_taskflow_api_etl to None, run_after=None
[2024-10-26 09:53:10,084] {processor.py:161} INFO - Processing /root/Documentos/airflow/venv/lib/python3.9/site-packages/airflow/example_dags/tutorial_taskflow_api_etl.py took 0.062 seconds
[2024-10-26 09:53:46,328] {processor.py:153} INFO - Started process (PID=5666) to work on /root/Documentos/airflow/venv/lib/python3.9/site-packages/airflow/example_dags/tutorial_taskflow_api_etl.py
[2024-10-26 09:53:46,330] {processor.py:641} INFO - Processing file /root/Documentos/airflow/venv/lib/python3.9/site-packages/airflow/example_dags/tutorial_taskflow_api_etl.py for tasks to queue
[2024-10-26 09:53:46,331] {logging_mixin.py:115} INFO - [2024-10-26 09:53:46,330] {dagbag.py:507} INFO - Filling up the DagBag from /root/Documentos/airflow/venv/lib/python3.9/site-packages/airflow/example_dags/tutorial_taskflow_api_etl.py
[2024-10-26 09:53:46,340] {processor.py:651} INFO - DAG(s) dict_keys(['tutorial_taskflow_api_etl']) retrieved from /root/Documentos/airflow/venv/lib/python3.9/site-packages/airflow/example_dags/tutorial_taskflow_api_etl.py
[2024-10-26 09:53:46,348] {logging_mixin.py:115} INFO - [2024-10-26 09:53:46,348] {dag.py:2379} INFO - Sync 1 DAGs
[2024-10-26 09:53:46,357] {logging_mixin.py:115} INFO - [2024-10-26 09:53:46,357] {dag.py:2927} INFO - Setting next_dagrun for tutorial_taskflow_api_etl to None, run_after=None
[2024-10-26 09:53:46,372] {processor.py:161} INFO - Processing /root/Documentos/airflow/venv/lib/python3.9/site-packages/airflow/example_dags/tutorial_taskflow_api_etl.py took 0.045 seconds
[2024-10-26 09:54:22,295] {processor.py:153} INFO - Started process (PID=5840) to work on /root/Documentos/airflow/venv/lib/python3.9/site-packages/airflow/example_dags/tutorial_taskflow_api_etl.py
[2024-10-26 09:54:22,299] {processor.py:641} INFO - Processing file /root/Documentos/airflow/venv/lib/python3.9/site-packages/airflow/example_dags/tutorial_taskflow_api_etl.py for tasks to queue
[2024-10-26 09:54:22,299] {logging_mixin.py:115} INFO - [2024-10-26 09:54:22,299] {dagbag.py:507} INFO - Filling up the DagBag from /root/Documentos/airflow/venv/lib/python3.9/site-packages/airflow/example_dags/tutorial_taskflow_api_etl.py
[2024-10-26 09:54:22,309] {processor.py:651} INFO - DAG(s) dict_keys(['tutorial_taskflow_api_etl']) retrieved from /root/Documentos/airflow/venv/lib/python3.9/site-packages/airflow/example_dags/tutorial_taskflow_api_etl.py
[2024-10-26 09:54:22,316] {logging_mixin.py:115} INFO - [2024-10-26 09:54:22,316] {dag.py:2379} INFO - Sync 1 DAGs
[2024-10-26 09:54:22,325] {logging_mixin.py:115} INFO - [2024-10-26 09:54:22,325] {dag.py:2927} INFO - Setting next_dagrun for tutorial_taskflow_api_etl to None, run_after=None
[2024-10-26 09:54:22,340] {processor.py:161} INFO - Processing /root/Documentos/airflow/venv/lib/python3.9/site-packages/airflow/example_dags/tutorial_taskflow_api_etl.py took 0.046 seconds
[2024-10-26 09:54:57,988] {processor.py:153} INFO - Started process (PID=6011) to work on /root/Documentos/airflow/venv/lib/python3.9/site-packages/airflow/example_dags/tutorial_taskflow_api_etl.py
[2024-10-26 09:54:57,993] {processor.py:641} INFO - Processing file /root/Documentos/airflow/venv/lib/python3.9/site-packages/airflow/example_dags/tutorial_taskflow_api_etl.py for tasks to queue
[2024-10-26 09:54:57,994] {logging_mixin.py:115} INFO - [2024-10-26 09:54:57,994] {dagbag.py:507} INFO - Filling up the DagBag from /root/Documentos/airflow/venv/lib/python3.9/site-packages/airflow/example_dags/tutorial_taskflow_api_etl.py
[2024-10-26 09:54:58,005] {processor.py:651} INFO - DAG(s) dict_keys(['tutorial_taskflow_api_etl']) retrieved from /root/Documentos/airflow/venv/lib/python3.9/site-packages/airflow/example_dags/tutorial_taskflow_api_etl.py
[2024-10-26 09:54:58,030] {logging_mixin.py:115} INFO - [2024-10-26 09:54:58,030] {dag.py:2379} INFO - Sync 1 DAGs
[2024-10-26 09:54:58,038] {logging_mixin.py:115} INFO - [2024-10-26 09:54:58,038] {dag.py:2927} INFO - Setting next_dagrun for tutorial_taskflow_api_etl to None, run_after=None
[2024-10-26 09:54:58,054] {processor.py:161} INFO - Processing /root/Documentos/airflow/venv/lib/python3.9/site-packages/airflow/example_dags/tutorial_taskflow_api_etl.py took 0.067 seconds
