[2024-10-29 07:48:28,622] {taskinstance.py:1159} INFO - Dependencies all met for <TaskInstance: meu_primeiro_dag.cria_pasta scheduled__2024-10-28T00:00:00+00:00 [queued]>
[2024-10-29 07:48:28,626] {taskinstance.py:1159} INFO - Dependencies all met for <TaskInstance: meu_primeiro_dag.cria_pasta scheduled__2024-10-28T00:00:00+00:00 [queued]>
[2024-10-29 07:48:28,626] {taskinstance.py:1356} INFO - 
--------------------------------------------------------------------------------
[2024-10-29 07:48:28,626] {taskinstance.py:1357} INFO - Starting attempt 1 of 1
[2024-10-29 07:48:28,626] {taskinstance.py:1358} INFO - 
--------------------------------------------------------------------------------
[2024-10-29 07:48:28,638] {taskinstance.py:1377} INFO - Executing <Task(BashOperator): cria_pasta> on 2024-10-28 00:00:00+00:00
[2024-10-29 07:48:28,639] {standard_task_runner.py:52} INFO - Started process 1130 to run task
[2024-10-29 07:48:28,641] {standard_task_runner.py:79} INFO - Running: ['airflow', 'tasks', 'run', 'meu_primeiro_dag', 'cria_pasta', 'scheduled__2024-10-28T00:00:00+00:00', '--job-id', '22', '--raw', '--subdir', 'DAGS_FOLDER/meu_primeiro_dag.py', '--cfg-path', '/tmp/tmpb9b4s7fl', '--error-file', '/tmp/tmpf3qr2s_r']
[2024-10-29 07:48:28,641] {standard_task_runner.py:80} INFO - Job 22: Subtask cria_pasta
[2024-10-29 07:48:28,669] {task_command.py:370} INFO - Running <TaskInstance: meu_primeiro_dag.cria_pasta scheduled__2024-10-28T00:00:00+00:00 [running]> on host LAPTOP-SNAE0A1O.
[2024-10-29 07:48:28,705] {taskinstance.py:1569} INFO - Exporting the following env vars:
AIRFLOW_CTX_DAG_OWNER=airflow
AIRFLOW_CTX_DAG_ID=meu_primeiro_dag
AIRFLOW_CTX_TASK_ID=cria_pasta
AIRFLOW_CTX_EXECUTION_DATE=2024-10-28T00:00:00+00:00
AIRFLOW_CTX_TRY_NUMBER=1
AIRFLOW_CTX_DAG_RUN_ID=scheduled__2024-10-28T00:00:00+00:00
[2024-10-29 07:48:28,705] {subprocess.py:62} INFO - Tmp dir root location: 
 /tmp
[2024-10-29 07:48:28,706] {subprocess.py:74} INFO - Running command: ['bash', '-c', 'mkdir -p /root/Documentos/airflow/pasta']
[2024-10-29 07:48:28,711] {subprocess.py:85} INFO - Output:
[2024-10-29 07:48:28,712] {subprocess.py:96} INFO - Command exited with return code 0
[2024-10-29 07:48:28,728] {taskinstance.py:1395} INFO - Marking task as SUCCESS. dag_id=meu_primeiro_dag, task_id=cria_pasta, execution_date=20241028T000000, start_date=20241029T104828, end_date=20241029T104828
[2024-10-29 07:48:28,773] {local_task_job.py:156} INFO - Task exited with return code 0
[2024-10-29 07:48:28,783] {local_task_job.py:273} INFO - 0 downstream tasks scheduled from follow-on schedule check
[2024-10-29 09:54:21,046] {taskinstance.py:1159} INFO - Dependencies all met for <TaskInstance: meu_primeiro_dag.cria_pasta scheduled__2024-10-28T00:00:00+00:00 [queued]>
[2024-10-29 09:54:21,051] {taskinstance.py:1159} INFO - Dependencies all met for <TaskInstance: meu_primeiro_dag.cria_pasta scheduled__2024-10-28T00:00:00+00:00 [queued]>
[2024-10-29 09:54:21,051] {taskinstance.py:1356} INFO - 
--------------------------------------------------------------------------------
[2024-10-29 09:54:21,051] {taskinstance.py:1357} INFO - Starting attempt 1 of 1
[2024-10-29 09:54:21,051] {taskinstance.py:1358} INFO - 
--------------------------------------------------------------------------------
[2024-10-29 09:54:21,064] {taskinstance.py:1377} INFO - Executing <Task(BashOperator): cria_pasta> on 2024-10-28 00:00:00+00:00
[2024-10-29 09:54:21,065] {standard_task_runner.py:52} INFO - Started process 8049 to run task
[2024-10-29 09:54:21,067] {standard_task_runner.py:79} INFO - Running: ['airflow', 'tasks', 'run', 'meu_primeiro_dag', 'cria_pasta', 'scheduled__2024-10-28T00:00:00+00:00', '--job-id', '27', '--raw', '--subdir', 'DAGS_FOLDER/meu_primeiro_dag.py', '--cfg-path', '/tmp/tmpz8_rx1q3', '--error-file', '/tmp/tmp2b7j5l5n']
[2024-10-29 09:54:21,068] {standard_task_runner.py:80} INFO - Job 27: Subtask cria_pasta
[2024-10-29 09:54:21,096] {task_command.py:370} INFO - Running <TaskInstance: meu_primeiro_dag.cria_pasta scheduled__2024-10-28T00:00:00+00:00 [running]> on host LAPTOP-SNAE0A1O.
[2024-10-29 09:54:21,136] {taskinstance.py:1569} INFO - Exporting the following env vars:
AIRFLOW_CTX_DAG_OWNER=airflow
AIRFLOW_CTX_DAG_ID=meu_primeiro_dag
AIRFLOW_CTX_TASK_ID=cria_pasta
AIRFLOW_CTX_EXECUTION_DATE=2024-10-28T00:00:00+00:00
AIRFLOW_CTX_TRY_NUMBER=1
AIRFLOW_CTX_DAG_RUN_ID=scheduled__2024-10-28T00:00:00+00:00
[2024-10-29 09:54:21,137] {subprocess.py:62} INFO - Tmp dir root location: 
 /tmp
[2024-10-29 09:54:21,137] {subprocess.py:74} INFO - Running command: ['bash', '-c', 'mkdir -p /root/Documentos/airflow/pasta=2024-10-29T00:00:00+00:00']
[2024-10-29 09:54:21,142] {subprocess.py:85} INFO - Output:
[2024-10-29 09:54:21,144] {subprocess.py:96} INFO - Command exited with return code 0
[2024-10-29 09:54:21,159] {taskinstance.py:1395} INFO - Marking task as SUCCESS. dag_id=meu_primeiro_dag, task_id=cria_pasta, execution_date=20241028T000000, start_date=20241029T125421, end_date=20241029T125421
[2024-10-29 09:54:21,198] {local_task_job.py:156} INFO - Task exited with return code 0
[2024-10-29 09:54:21,209] {local_task_job.py:273} INFO - 0 downstream tasks scheduled from follow-on schedule check
