[2024-10-26 09:25:03,266] {processor.py:153} INFO - Started process (PID=10296) to work on /root/Documentos/airflow/venv/lib/python3.9/site-packages/airflow/example_dags/subdags/subdag.py
[2024-10-26 09:25:03,266] {processor.py:641} INFO - Processing file /root/Documentos/airflow/venv/lib/python3.9/site-packages/airflow/example_dags/subdags/subdag.py for tasks to queue
[2024-10-26 09:25:03,267] {logging_mixin.py:115} INFO - [2024-10-26 09:25:03,267] {dagbag.py:507} INFO - Filling up the DagBag from /root/Documentos/airflow/venv/lib/python3.9/site-packages/airflow/example_dags/subdags/subdag.py
[2024-10-26 09:25:03,267] {processor.py:653} WARNING - No viable dags retrieved from /root/Documentos/airflow/venv/lib/python3.9/site-packages/airflow/example_dags/subdags/subdag.py
[2024-10-26 09:25:03,273] {processor.py:161} INFO - Processing /root/Documentos/airflow/venv/lib/python3.9/site-packages/airflow/example_dags/subdags/subdag.py took 0.009 seconds
[2024-10-26 09:25:38,764] {processor.py:153} INFO - Started process (PID=10468) to work on /root/Documentos/airflow/venv/lib/python3.9/site-packages/airflow/example_dags/subdags/subdag.py
[2024-10-26 09:25:38,769] {processor.py:641} INFO - Processing file /root/Documentos/airflow/venv/lib/python3.9/site-packages/airflow/example_dags/subdags/subdag.py for tasks to queue
[2024-10-26 09:25:38,770] {logging_mixin.py:115} INFO - [2024-10-26 09:25:38,770] {dagbag.py:507} INFO - Filling up the DagBag from /root/Documentos/airflow/venv/lib/python3.9/site-packages/airflow/example_dags/subdags/subdag.py
[2024-10-26 09:25:38,771] {processor.py:653} WARNING - No viable dags retrieved from /root/Documentos/airflow/venv/lib/python3.9/site-packages/airflow/example_dags/subdags/subdag.py
[2024-10-26 09:25:38,776] {processor.py:161} INFO - Processing /root/Documentos/airflow/venv/lib/python3.9/site-packages/airflow/example_dags/subdags/subdag.py took 0.013 seconds
[2024-10-26 09:26:11,418] {processor.py:153} INFO - Started process (PID=10627) to work on /root/Documentos/airflow/venv/lib/python3.9/site-packages/airflow/example_dags/subdags/subdag.py
[2024-10-26 09:26:11,426] {processor.py:641} INFO - Processing file /root/Documentos/airflow/venv/lib/python3.9/site-packages/airflow/example_dags/subdags/subdag.py for tasks to queue
[2024-10-26 09:26:11,426] {logging_mixin.py:115} INFO - [2024-10-26 09:26:11,426] {dagbag.py:507} INFO - Filling up the DagBag from /root/Documentos/airflow/venv/lib/python3.9/site-packages/airflow/example_dags/subdags/subdag.py
[2024-10-26 09:26:11,427] {processor.py:653} WARNING - No viable dags retrieved from /root/Documentos/airflow/venv/lib/python3.9/site-packages/airflow/example_dags/subdags/subdag.py
[2024-10-26 09:26:11,433] {processor.py:161} INFO - Processing /root/Documentos/airflow/venv/lib/python3.9/site-packages/airflow/example_dags/subdags/subdag.py took 0.016 seconds
[2024-10-26 09:26:46,212] {processor.py:153} INFO - Started process (PID=10796) to work on /root/Documentos/airflow/venv/lib/python3.9/site-packages/airflow/example_dags/subdags/subdag.py
[2024-10-26 09:26:46,215] {processor.py:641} INFO - Processing file /root/Documentos/airflow/venv/lib/python3.9/site-packages/airflow/example_dags/subdags/subdag.py for tasks to queue
[2024-10-26 09:26:46,216] {logging_mixin.py:115} INFO - [2024-10-26 09:26:46,216] {dagbag.py:507} INFO - Filling up the DagBag from /root/Documentos/airflow/venv/lib/python3.9/site-packages/airflow/example_dags/subdags/subdag.py
[2024-10-26 09:26:46,216] {processor.py:653} WARNING - No viable dags retrieved from /root/Documentos/airflow/venv/lib/python3.9/site-packages/airflow/example_dags/subdags/subdag.py
[2024-10-26 09:26:46,222] {processor.py:161} INFO - Processing /root/Documentos/airflow/venv/lib/python3.9/site-packages/airflow/example_dags/subdags/subdag.py took 0.012 seconds
[2024-10-26 09:27:18,417] {processor.py:153} INFO - Started process (PID=10953) to work on /root/Documentos/airflow/venv/lib/python3.9/site-packages/airflow/example_dags/subdags/subdag.py
[2024-10-26 09:27:18,424] {processor.py:641} INFO - Processing file /root/Documentos/airflow/venv/lib/python3.9/site-packages/airflow/example_dags/subdags/subdag.py for tasks to queue
[2024-10-26 09:27:18,425] {logging_mixin.py:115} INFO - [2024-10-26 09:27:18,425] {dagbag.py:507} INFO - Filling up the DagBag from /root/Documentos/airflow/venv/lib/python3.9/site-packages/airflow/example_dags/subdags/subdag.py
[2024-10-26 09:27:18,425] {processor.py:653} WARNING - No viable dags retrieved from /root/Documentos/airflow/venv/lib/python3.9/site-packages/airflow/example_dags/subdags/subdag.py
[2024-10-26 09:27:18,431] {processor.py:161} INFO - Processing /root/Documentos/airflow/venv/lib/python3.9/site-packages/airflow/example_dags/subdags/subdag.py took 0.015 seconds
[2024-10-26 09:27:55,068] {processor.py:153} INFO - Started process (PID=11136) to work on /root/Documentos/airflow/venv/lib/python3.9/site-packages/airflow/example_dags/subdags/subdag.py
[2024-10-26 09:27:55,072] {processor.py:641} INFO - Processing file /root/Documentos/airflow/venv/lib/python3.9/site-packages/airflow/example_dags/subdags/subdag.py for tasks to queue
[2024-10-26 09:27:55,072] {logging_mixin.py:115} INFO - [2024-10-26 09:27:55,072] {dagbag.py:507} INFO - Filling up the DagBag from /root/Documentos/airflow/venv/lib/python3.9/site-packages/airflow/example_dags/subdags/subdag.py
[2024-10-26 09:27:55,073] {processor.py:653} WARNING - No viable dags retrieved from /root/Documentos/airflow/venv/lib/python3.9/site-packages/airflow/example_dags/subdags/subdag.py
[2024-10-26 09:27:55,078] {processor.py:161} INFO - Processing /root/Documentos/airflow/venv/lib/python3.9/site-packages/airflow/example_dags/subdags/subdag.py took 0.012 seconds
[2024-10-26 09:28:32,160] {processor.py:153} INFO - Started process (PID=11319) to work on /root/Documentos/airflow/venv/lib/python3.9/site-packages/airflow/example_dags/subdags/subdag.py
[2024-10-26 09:28:32,167] {processor.py:641} INFO - Processing file /root/Documentos/airflow/venv/lib/python3.9/site-packages/airflow/example_dags/subdags/subdag.py for tasks to queue
[2024-10-26 09:28:32,167] {logging_mixin.py:115} INFO - [2024-10-26 09:28:32,167] {dagbag.py:507} INFO - Filling up the DagBag from /root/Documentos/airflow/venv/lib/python3.9/site-packages/airflow/example_dags/subdags/subdag.py
[2024-10-26 09:28:32,168] {processor.py:653} WARNING - No viable dags retrieved from /root/Documentos/airflow/venv/lib/python3.9/site-packages/airflow/example_dags/subdags/subdag.py
[2024-10-26 09:28:32,174] {processor.py:161} INFO - Processing /root/Documentos/airflow/venv/lib/python3.9/site-packages/airflow/example_dags/subdags/subdag.py took 0.015 seconds
[2024-10-26 09:38:15,915] {processor.py:153} INFO - Started process (PID=1078) to work on /root/Documentos/airflow/venv/lib/python3.9/site-packages/airflow/example_dags/subdags/subdag.py
[2024-10-26 09:38:15,916] {processor.py:641} INFO - Processing file /root/Documentos/airflow/venv/lib/python3.9/site-packages/airflow/example_dags/subdags/subdag.py for tasks to queue
[2024-10-26 09:38:15,916] {logging_mixin.py:115} INFO - [2024-10-26 09:38:15,916] {dagbag.py:507} INFO - Filling up the DagBag from /root/Documentos/airflow/venv/lib/python3.9/site-packages/airflow/example_dags/subdags/subdag.py
[2024-10-26 09:38:15,917] {processor.py:653} WARNING - No viable dags retrieved from /root/Documentos/airflow/venv/lib/python3.9/site-packages/airflow/example_dags/subdags/subdag.py
[2024-10-26 09:38:15,924] {processor.py:161} INFO - Processing /root/Documentos/airflow/venv/lib/python3.9/site-packages/airflow/example_dags/subdags/subdag.py took 0.010 seconds
[2024-10-26 09:38:49,948] {processor.py:153} INFO - Started process (PID=1243) to work on /root/Documentos/airflow/venv/lib/python3.9/site-packages/airflow/example_dags/subdags/subdag.py
[2024-10-26 09:38:49,953] {processor.py:641} INFO - Processing file /root/Documentos/airflow/venv/lib/python3.9/site-packages/airflow/example_dags/subdags/subdag.py for tasks to queue
[2024-10-26 09:38:49,953] {logging_mixin.py:115} INFO - [2024-10-26 09:38:49,953] {dagbag.py:507} INFO - Filling up the DagBag from /root/Documentos/airflow/venv/lib/python3.9/site-packages/airflow/example_dags/subdags/subdag.py
[2024-10-26 09:38:49,954] {processor.py:653} WARNING - No viable dags retrieved from /root/Documentos/airflow/venv/lib/python3.9/site-packages/airflow/example_dags/subdags/subdag.py
[2024-10-26 09:38:49,960] {processor.py:161} INFO - Processing /root/Documentos/airflow/venv/lib/python3.9/site-packages/airflow/example_dags/subdags/subdag.py took 0.013 seconds
[2024-10-26 09:39:28,894] {processor.py:153} INFO - Started process (PID=1431) to work on /root/Documentos/airflow/venv/lib/python3.9/site-packages/airflow/example_dags/subdags/subdag.py
[2024-10-26 09:39:28,895] {processor.py:641} INFO - Processing file /root/Documentos/airflow/venv/lib/python3.9/site-packages/airflow/example_dags/subdags/subdag.py for tasks to queue
[2024-10-26 09:39:28,895] {logging_mixin.py:115} INFO - [2024-10-26 09:39:28,895] {dagbag.py:507} INFO - Filling up the DagBag from /root/Documentos/airflow/venv/lib/python3.9/site-packages/airflow/example_dags/subdags/subdag.py
[2024-10-26 09:39:28,896] {processor.py:653} WARNING - No viable dags retrieved from /root/Documentos/airflow/venv/lib/python3.9/site-packages/airflow/example_dags/subdags/subdag.py
[2024-10-26 09:39:28,901] {processor.py:161} INFO - Processing /root/Documentos/airflow/venv/lib/python3.9/site-packages/airflow/example_dags/subdags/subdag.py took 0.009 seconds
[2024-10-26 09:40:04,594] {processor.py:153} INFO - Started process (PID=1605) to work on /root/Documentos/airflow/venv/lib/python3.9/site-packages/airflow/example_dags/subdags/subdag.py
[2024-10-26 09:40:04,599] {processor.py:641} INFO - Processing file /root/Documentos/airflow/venv/lib/python3.9/site-packages/airflow/example_dags/subdags/subdag.py for tasks to queue
[2024-10-26 09:40:04,600] {logging_mixin.py:115} INFO - [2024-10-26 09:40:04,599] {dagbag.py:507} INFO - Filling up the DagBag from /root/Documentos/airflow/venv/lib/python3.9/site-packages/airflow/example_dags/subdags/subdag.py
[2024-10-26 09:40:04,601] {processor.py:653} WARNING - No viable dags retrieved from /root/Documentos/airflow/venv/lib/python3.9/site-packages/airflow/example_dags/subdags/subdag.py
[2024-10-26 09:40:04,607] {processor.py:161} INFO - Processing /root/Documentos/airflow/venv/lib/python3.9/site-packages/airflow/example_dags/subdags/subdag.py took 0.014 seconds
[2024-10-26 09:40:43,588] {processor.py:153} INFO - Started process (PID=1793) to work on /root/Documentos/airflow/venv/lib/python3.9/site-packages/airflow/example_dags/subdags/subdag.py
[2024-10-26 09:40:43,595] {processor.py:641} INFO - Processing file /root/Documentos/airflow/venv/lib/python3.9/site-packages/airflow/example_dags/subdags/subdag.py for tasks to queue
[2024-10-26 09:40:43,595] {logging_mixin.py:115} INFO - [2024-10-26 09:40:43,595] {dagbag.py:507} INFO - Filling up the DagBag from /root/Documentos/airflow/venv/lib/python3.9/site-packages/airflow/example_dags/subdags/subdag.py
[2024-10-26 09:40:43,596] {processor.py:653} WARNING - No viable dags retrieved from /root/Documentos/airflow/venv/lib/python3.9/site-packages/airflow/example_dags/subdags/subdag.py
[2024-10-26 09:40:43,601] {processor.py:161} INFO - Processing /root/Documentos/airflow/venv/lib/python3.9/site-packages/airflow/example_dags/subdags/subdag.py took 0.015 seconds
[2024-10-26 09:41:17,425] {processor.py:153} INFO - Started process (PID=1958) to work on /root/Documentos/airflow/venv/lib/python3.9/site-packages/airflow/example_dags/subdags/subdag.py
[2024-10-26 09:41:17,426] {processor.py:641} INFO - Processing file /root/Documentos/airflow/venv/lib/python3.9/site-packages/airflow/example_dags/subdags/subdag.py for tasks to queue
[2024-10-26 09:41:17,426] {logging_mixin.py:115} INFO - [2024-10-26 09:41:17,426] {dagbag.py:507} INFO - Filling up the DagBag from /root/Documentos/airflow/venv/lib/python3.9/site-packages/airflow/example_dags/subdags/subdag.py
[2024-10-26 09:41:17,427] {processor.py:653} WARNING - No viable dags retrieved from /root/Documentos/airflow/venv/lib/python3.9/site-packages/airflow/example_dags/subdags/subdag.py
[2024-10-26 09:41:17,433] {processor.py:161} INFO - Processing /root/Documentos/airflow/venv/lib/python3.9/site-packages/airflow/example_dags/subdags/subdag.py took 0.009 seconds
[2024-10-26 09:41:51,894] {processor.py:153} INFO - Started process (PID=2124) to work on /root/Documentos/airflow/venv/lib/python3.9/site-packages/airflow/example_dags/subdags/subdag.py
[2024-10-26 09:41:51,898] {processor.py:641} INFO - Processing file /root/Documentos/airflow/venv/lib/python3.9/site-packages/airflow/example_dags/subdags/subdag.py for tasks to queue
[2024-10-26 09:41:51,899] {logging_mixin.py:115} INFO - [2024-10-26 09:41:51,899] {dagbag.py:507} INFO - Filling up the DagBag from /root/Documentos/airflow/venv/lib/python3.9/site-packages/airflow/example_dags/subdags/subdag.py
[2024-10-26 09:41:51,899] {processor.py:653} WARNING - No viable dags retrieved from /root/Documentos/airflow/venv/lib/python3.9/site-packages/airflow/example_dags/subdags/subdag.py
[2024-10-26 09:41:51,905] {processor.py:161} INFO - Processing /root/Documentos/airflow/venv/lib/python3.9/site-packages/airflow/example_dags/subdags/subdag.py took 0.012 seconds
[2024-10-26 09:42:30,678] {processor.py:153} INFO - Started process (PID=2311) to work on /root/Documentos/airflow/venv/lib/python3.9/site-packages/airflow/example_dags/subdags/subdag.py
[2024-10-26 09:42:30,685] {processor.py:641} INFO - Processing file /root/Documentos/airflow/venv/lib/python3.9/site-packages/airflow/example_dags/subdags/subdag.py for tasks to queue
[2024-10-26 09:42:30,685] {logging_mixin.py:115} INFO - [2024-10-26 09:42:30,685] {dagbag.py:507} INFO - Filling up the DagBag from /root/Documentos/airflow/venv/lib/python3.9/site-packages/airflow/example_dags/subdags/subdag.py
[2024-10-26 09:42:30,686] {processor.py:653} WARNING - No viable dags retrieved from /root/Documentos/airflow/venv/lib/python3.9/site-packages/airflow/example_dags/subdags/subdag.py
[2024-10-26 09:42:30,691] {processor.py:161} INFO - Processing /root/Documentos/airflow/venv/lib/python3.9/site-packages/airflow/example_dags/subdags/subdag.py took 0.014 seconds
[2024-10-26 09:43:02,148] {processor.py:153} INFO - Started process (PID=2465) to work on /root/Documentos/airflow/venv/lib/python3.9/site-packages/airflow/example_dags/subdags/subdag.py
[2024-10-26 09:43:02,149] {processor.py:641} INFO - Processing file /root/Documentos/airflow/venv/lib/python3.9/site-packages/airflow/example_dags/subdags/subdag.py for tasks to queue
[2024-10-26 09:43:02,149] {logging_mixin.py:115} INFO - [2024-10-26 09:43:02,149] {dagbag.py:507} INFO - Filling up the DagBag from /root/Documentos/airflow/venv/lib/python3.9/site-packages/airflow/example_dags/subdags/subdag.py
[2024-10-26 09:43:02,150] {processor.py:653} WARNING - No viable dags retrieved from /root/Documentos/airflow/venv/lib/python3.9/site-packages/airflow/example_dags/subdags/subdag.py
[2024-10-26 09:43:02,155] {processor.py:161} INFO - Processing /root/Documentos/airflow/venv/lib/python3.9/site-packages/airflow/example_dags/subdags/subdag.py took 0.008 seconds
[2024-10-26 09:43:36,615] {processor.py:153} INFO - Started process (PID=2631) to work on /root/Documentos/airflow/venv/lib/python3.9/site-packages/airflow/example_dags/subdags/subdag.py
[2024-10-26 09:43:36,620] {processor.py:641} INFO - Processing file /root/Documentos/airflow/venv/lib/python3.9/site-packages/airflow/example_dags/subdags/subdag.py for tasks to queue
[2024-10-26 09:43:36,621] {logging_mixin.py:115} INFO - [2024-10-26 09:43:36,621] {dagbag.py:507} INFO - Filling up the DagBag from /root/Documentos/airflow/venv/lib/python3.9/site-packages/airflow/example_dags/subdags/subdag.py
[2024-10-26 09:43:36,622] {processor.py:653} WARNING - No viable dags retrieved from /root/Documentos/airflow/venv/lib/python3.9/site-packages/airflow/example_dags/subdags/subdag.py
[2024-10-26 09:43:36,636] {processor.py:161} INFO - Processing /root/Documentos/airflow/venv/lib/python3.9/site-packages/airflow/example_dags/subdags/subdag.py took 0.022 seconds
[2024-10-26 09:44:11,791] {processor.py:153} INFO - Started process (PID=2802) to work on /root/Documentos/airflow/venv/lib/python3.9/site-packages/airflow/example_dags/subdags/subdag.py
[2024-10-26 09:44:11,799] {processor.py:641} INFO - Processing file /root/Documentos/airflow/venv/lib/python3.9/site-packages/airflow/example_dags/subdags/subdag.py for tasks to queue
[2024-10-26 09:44:11,799] {logging_mixin.py:115} INFO - [2024-10-26 09:44:11,799] {dagbag.py:507} INFO - Filling up the DagBag from /root/Documentos/airflow/venv/lib/python3.9/site-packages/airflow/example_dags/subdags/subdag.py
[2024-10-26 09:44:11,800] {processor.py:653} WARNING - No viable dags retrieved from /root/Documentos/airflow/venv/lib/python3.9/site-packages/airflow/example_dags/subdags/subdag.py
[2024-10-26 09:44:11,807] {processor.py:161} INFO - Processing /root/Documentos/airflow/venv/lib/python3.9/site-packages/airflow/example_dags/subdags/subdag.py took 0.017 seconds
[2024-10-26 09:44:44,772] {processor.py:153} INFO - Started process (PID=2962) to work on /root/Documentos/airflow/venv/lib/python3.9/site-packages/airflow/example_dags/subdags/subdag.py
[2024-10-26 09:44:44,779] {processor.py:641} INFO - Processing file /root/Documentos/airflow/venv/lib/python3.9/site-packages/airflow/example_dags/subdags/subdag.py for tasks to queue
[2024-10-26 09:44:44,779] {logging_mixin.py:115} INFO - [2024-10-26 09:44:44,779] {dagbag.py:507} INFO - Filling up the DagBag from /root/Documentos/airflow/venv/lib/python3.9/site-packages/airflow/example_dags/subdags/subdag.py
[2024-10-26 09:44:44,780] {processor.py:653} WARNING - No viable dags retrieved from /root/Documentos/airflow/venv/lib/python3.9/site-packages/airflow/example_dags/subdags/subdag.py
[2024-10-26 09:44:44,786] {processor.py:161} INFO - Processing /root/Documentos/airflow/venv/lib/python3.9/site-packages/airflow/example_dags/subdags/subdag.py took 0.016 seconds
[2024-10-26 09:45:17,458] {processor.py:153} INFO - Started process (PID=3122) to work on /root/Documentos/airflow/venv/lib/python3.9/site-packages/airflow/example_dags/subdags/subdag.py
[2024-10-26 09:45:17,459] {processor.py:641} INFO - Processing file /root/Documentos/airflow/venv/lib/python3.9/site-packages/airflow/example_dags/subdags/subdag.py for tasks to queue
[2024-10-26 09:45:17,459] {logging_mixin.py:115} INFO - [2024-10-26 09:45:17,459] {dagbag.py:507} INFO - Filling up the DagBag from /root/Documentos/airflow/venv/lib/python3.9/site-packages/airflow/example_dags/subdags/subdag.py
[2024-10-26 09:45:17,460] {processor.py:653} WARNING - No viable dags retrieved from /root/Documentos/airflow/venv/lib/python3.9/site-packages/airflow/example_dags/subdags/subdag.py
[2024-10-26 09:45:17,465] {processor.py:161} INFO - Processing /root/Documentos/airflow/venv/lib/python3.9/site-packages/airflow/example_dags/subdags/subdag.py took 0.008 seconds
[2024-10-26 09:45:56,335] {processor.py:153} INFO - Started process (PID=3308) to work on /root/Documentos/airflow/venv/lib/python3.9/site-packages/airflow/example_dags/subdags/subdag.py
[2024-10-26 09:45:56,337] {processor.py:641} INFO - Processing file /root/Documentos/airflow/venv/lib/python3.9/site-packages/airflow/example_dags/subdags/subdag.py for tasks to queue
[2024-10-26 09:45:56,337] {logging_mixin.py:115} INFO - [2024-10-26 09:45:56,337] {dagbag.py:507} INFO - Filling up the DagBag from /root/Documentos/airflow/venv/lib/python3.9/site-packages/airflow/example_dags/subdags/subdag.py
[2024-10-26 09:45:56,338] {processor.py:653} WARNING - No viable dags retrieved from /root/Documentos/airflow/venv/lib/python3.9/site-packages/airflow/example_dags/subdags/subdag.py
[2024-10-26 09:45:56,343] {processor.py:161} INFO - Processing /root/Documentos/airflow/venv/lib/python3.9/site-packages/airflow/example_dags/subdags/subdag.py took 0.010 seconds
[2024-10-26 09:46:27,897] {processor.py:153} INFO - Started process (PID=3539) to work on /root/Documentos/airflow/venv/lib/python3.9/site-packages/airflow/example_dags/subdags/subdag.py
[2024-10-26 09:46:27,902] {processor.py:641} INFO - Processing file /root/Documentos/airflow/venv/lib/python3.9/site-packages/airflow/example_dags/subdags/subdag.py for tasks to queue
[2024-10-26 09:46:27,903] {logging_mixin.py:115} INFO - [2024-10-26 09:46:27,903] {dagbag.py:507} INFO - Filling up the DagBag from /root/Documentos/airflow/venv/lib/python3.9/site-packages/airflow/example_dags/subdags/subdag.py
[2024-10-26 09:46:27,904] {processor.py:653} WARNING - No viable dags retrieved from /root/Documentos/airflow/venv/lib/python3.9/site-packages/airflow/example_dags/subdags/subdag.py
[2024-10-26 09:46:27,909] {processor.py:161} INFO - Processing /root/Documentos/airflow/venv/lib/python3.9/site-packages/airflow/example_dags/subdags/subdag.py took 0.013 seconds
[2024-10-26 09:47:04,047] {processor.py:153} INFO - Started process (PID=3714) to work on /root/Documentos/airflow/venv/lib/python3.9/site-packages/airflow/example_dags/subdags/subdag.py
[2024-10-26 09:47:04,052] {processor.py:641} INFO - Processing file /root/Documentos/airflow/venv/lib/python3.9/site-packages/airflow/example_dags/subdags/subdag.py for tasks to queue
[2024-10-26 09:47:04,053] {logging_mixin.py:115} INFO - [2024-10-26 09:47:04,053] {dagbag.py:507} INFO - Filling up the DagBag from /root/Documentos/airflow/venv/lib/python3.9/site-packages/airflow/example_dags/subdags/subdag.py
[2024-10-26 09:47:04,054] {processor.py:653} WARNING - No viable dags retrieved from /root/Documentos/airflow/venv/lib/python3.9/site-packages/airflow/example_dags/subdags/subdag.py
[2024-10-26 09:47:04,059] {processor.py:161} INFO - Processing /root/Documentos/airflow/venv/lib/python3.9/site-packages/airflow/example_dags/subdags/subdag.py took 0.013 seconds
[2024-10-26 09:47:37,565] {processor.py:153} INFO - Started process (PID=3877) to work on /root/Documentos/airflow/venv/lib/python3.9/site-packages/airflow/example_dags/subdags/subdag.py
[2024-10-26 09:47:37,570] {processor.py:641} INFO - Processing file /root/Documentos/airflow/venv/lib/python3.9/site-packages/airflow/example_dags/subdags/subdag.py for tasks to queue
[2024-10-26 09:47:37,571] {logging_mixin.py:115} INFO - [2024-10-26 09:47:37,571] {dagbag.py:507} INFO - Filling up the DagBag from /root/Documentos/airflow/venv/lib/python3.9/site-packages/airflow/example_dags/subdags/subdag.py
[2024-10-26 09:47:37,572] {processor.py:653} WARNING - No viable dags retrieved from /root/Documentos/airflow/venv/lib/python3.9/site-packages/airflow/example_dags/subdags/subdag.py
[2024-10-26 09:47:37,579] {processor.py:161} INFO - Processing /root/Documentos/airflow/venv/lib/python3.9/site-packages/airflow/example_dags/subdags/subdag.py took 0.016 seconds
[2024-10-26 09:48:10,562] {processor.py:153} INFO - Started process (PID=4044) to work on /root/Documentos/airflow/venv/lib/python3.9/site-packages/airflow/example_dags/subdags/subdag.py
[2024-10-26 09:48:10,562] {processor.py:641} INFO - Processing file /root/Documentos/airflow/venv/lib/python3.9/site-packages/airflow/example_dags/subdags/subdag.py for tasks to queue
[2024-10-26 09:48:10,563] {logging_mixin.py:115} INFO - [2024-10-26 09:48:10,563] {dagbag.py:507} INFO - Filling up the DagBag from /root/Documentos/airflow/venv/lib/python3.9/site-packages/airflow/example_dags/subdags/subdag.py
[2024-10-26 09:48:10,563] {processor.py:653} WARNING - No viable dags retrieved from /root/Documentos/airflow/venv/lib/python3.9/site-packages/airflow/example_dags/subdags/subdag.py
[2024-10-26 09:48:10,569] {processor.py:161} INFO - Processing /root/Documentos/airflow/venv/lib/python3.9/site-packages/airflow/example_dags/subdags/subdag.py took 0.008 seconds
[2024-10-26 09:48:47,863] {processor.py:153} INFO - Started process (PID=4222) to work on /root/Documentos/airflow/venv/lib/python3.9/site-packages/airflow/example_dags/subdags/subdag.py
[2024-10-26 09:48:47,866] {processor.py:641} INFO - Processing file /root/Documentos/airflow/venv/lib/python3.9/site-packages/airflow/example_dags/subdags/subdag.py for tasks to queue
[2024-10-26 09:48:47,867] {logging_mixin.py:115} INFO - [2024-10-26 09:48:47,867] {dagbag.py:507} INFO - Filling up the DagBag from /root/Documentos/airflow/venv/lib/python3.9/site-packages/airflow/example_dags/subdags/subdag.py
[2024-10-26 09:48:47,868] {processor.py:653} WARNING - No viable dags retrieved from /root/Documentos/airflow/venv/lib/python3.9/site-packages/airflow/example_dags/subdags/subdag.py
[2024-10-26 09:48:47,873] {processor.py:161} INFO - Processing /root/Documentos/airflow/venv/lib/python3.9/site-packages/airflow/example_dags/subdags/subdag.py took 0.012 seconds
[2024-10-26 09:49:23,586] {processor.py:153} INFO - Started process (PID=4395) to work on /root/Documentos/airflow/venv/lib/python3.9/site-packages/airflow/example_dags/subdags/subdag.py
[2024-10-26 09:49:23,587] {processor.py:641} INFO - Processing file /root/Documentos/airflow/venv/lib/python3.9/site-packages/airflow/example_dags/subdags/subdag.py for tasks to queue
[2024-10-26 09:49:23,588] {logging_mixin.py:115} INFO - [2024-10-26 09:49:23,588] {dagbag.py:507} INFO - Filling up the DagBag from /root/Documentos/airflow/venv/lib/python3.9/site-packages/airflow/example_dags/subdags/subdag.py
[2024-10-26 09:49:23,588] {processor.py:653} WARNING - No viable dags retrieved from /root/Documentos/airflow/venv/lib/python3.9/site-packages/airflow/example_dags/subdags/subdag.py
[2024-10-26 09:49:23,594] {processor.py:161} INFO - Processing /root/Documentos/airflow/venv/lib/python3.9/site-packages/airflow/example_dags/subdags/subdag.py took 0.010 seconds
[2024-10-26 09:50:00,216] {processor.py:153} INFO - Started process (PID=4571) to work on /root/Documentos/airflow/venv/lib/python3.9/site-packages/airflow/example_dags/subdags/subdag.py
[2024-10-26 09:50:00,219] {processor.py:641} INFO - Processing file /root/Documentos/airflow/venv/lib/python3.9/site-packages/airflow/example_dags/subdags/subdag.py for tasks to queue
[2024-10-26 09:50:00,219] {logging_mixin.py:115} INFO - [2024-10-26 09:50:00,219] {dagbag.py:507} INFO - Filling up the DagBag from /root/Documentos/airflow/venv/lib/python3.9/site-packages/airflow/example_dags/subdags/subdag.py
[2024-10-26 09:50:00,220] {processor.py:653} WARNING - No viable dags retrieved from /root/Documentos/airflow/venv/lib/python3.9/site-packages/airflow/example_dags/subdags/subdag.py
[2024-10-26 09:50:00,226] {processor.py:161} INFO - Processing /root/Documentos/airflow/venv/lib/python3.9/site-packages/airflow/example_dags/subdags/subdag.py took 0.012 seconds
[2024-10-26 09:50:34,233] {processor.py:153} INFO - Started process (PID=4736) to work on /root/Documentos/airflow/venv/lib/python3.9/site-packages/airflow/example_dags/subdags/subdag.py
[2024-10-26 09:50:34,236] {processor.py:641} INFO - Processing file /root/Documentos/airflow/venv/lib/python3.9/site-packages/airflow/example_dags/subdags/subdag.py for tasks to queue
[2024-10-26 09:50:34,237] {logging_mixin.py:115} INFO - [2024-10-26 09:50:34,237] {dagbag.py:507} INFO - Filling up the DagBag from /root/Documentos/airflow/venv/lib/python3.9/site-packages/airflow/example_dags/subdags/subdag.py
[2024-10-26 09:50:34,238] {processor.py:653} WARNING - No viable dags retrieved from /root/Documentos/airflow/venv/lib/python3.9/site-packages/airflow/example_dags/subdags/subdag.py
[2024-10-26 09:50:34,243] {processor.py:161} INFO - Processing /root/Documentos/airflow/venv/lib/python3.9/site-packages/airflow/example_dags/subdags/subdag.py took 0.011 seconds
[2024-10-26 09:51:07,838] {processor.py:153} INFO - Started process (PID=4900) to work on /root/Documentos/airflow/venv/lib/python3.9/site-packages/airflow/example_dags/subdags/subdag.py
[2024-10-26 09:51:07,840] {processor.py:641} INFO - Processing file /root/Documentos/airflow/venv/lib/python3.9/site-packages/airflow/example_dags/subdags/subdag.py for tasks to queue
[2024-10-26 09:51:07,840] {logging_mixin.py:115} INFO - [2024-10-26 09:51:07,840] {dagbag.py:507} INFO - Filling up the DagBag from /root/Documentos/airflow/venv/lib/python3.9/site-packages/airflow/example_dags/subdags/subdag.py
[2024-10-26 09:51:07,841] {processor.py:653} WARNING - No viable dags retrieved from /root/Documentos/airflow/venv/lib/python3.9/site-packages/airflow/example_dags/subdags/subdag.py
[2024-10-26 09:51:07,847] {processor.py:161} INFO - Processing /root/Documentos/airflow/venv/lib/python3.9/site-packages/airflow/example_dags/subdags/subdag.py took 0.010 seconds
[2024-10-26 09:51:42,873] {processor.py:153} INFO - Started process (PID=5070) to work on /root/Documentos/airflow/venv/lib/python3.9/site-packages/airflow/example_dags/subdags/subdag.py
[2024-10-26 09:51:42,874] {processor.py:641} INFO - Processing file /root/Documentos/airflow/venv/lib/python3.9/site-packages/airflow/example_dags/subdags/subdag.py for tasks to queue
[2024-10-26 09:51:42,875] {logging_mixin.py:115} INFO - [2024-10-26 09:51:42,875] {dagbag.py:507} INFO - Filling up the DagBag from /root/Documentos/airflow/venv/lib/python3.9/site-packages/airflow/example_dags/subdags/subdag.py
[2024-10-26 09:51:42,875] {processor.py:653} WARNING - No viable dags retrieved from /root/Documentos/airflow/venv/lib/python3.9/site-packages/airflow/example_dags/subdags/subdag.py
[2024-10-26 09:51:42,881] {processor.py:161} INFO - Processing /root/Documentos/airflow/venv/lib/python3.9/site-packages/airflow/example_dags/subdags/subdag.py took 0.010 seconds
[2024-10-26 09:52:18,983] {processor.py:153} INFO - Started process (PID=5246) to work on /root/Documentos/airflow/venv/lib/python3.9/site-packages/airflow/example_dags/subdags/subdag.py
[2024-10-26 09:52:18,991] {processor.py:641} INFO - Processing file /root/Documentos/airflow/venv/lib/python3.9/site-packages/airflow/example_dags/subdags/subdag.py for tasks to queue
[2024-10-26 09:52:18,991] {logging_mixin.py:115} INFO - [2024-10-26 09:52:18,991] {dagbag.py:507} INFO - Filling up the DagBag from /root/Documentos/airflow/venv/lib/python3.9/site-packages/airflow/example_dags/subdags/subdag.py
[2024-10-26 09:52:18,992] {processor.py:653} WARNING - No viable dags retrieved from /root/Documentos/airflow/venv/lib/python3.9/site-packages/airflow/example_dags/subdags/subdag.py
[2024-10-26 09:52:18,998] {processor.py:161} INFO - Processing /root/Documentos/airflow/venv/lib/python3.9/site-packages/airflow/example_dags/subdags/subdag.py took 0.016 seconds
[2024-10-26 09:52:55,729] {processor.py:153} INFO - Started process (PID=5423) to work on /root/Documentos/airflow/venv/lib/python3.9/site-packages/airflow/example_dags/subdags/subdag.py
[2024-10-26 09:52:55,731] {processor.py:641} INFO - Processing file /root/Documentos/airflow/venv/lib/python3.9/site-packages/airflow/example_dags/subdags/subdag.py for tasks to queue
[2024-10-26 09:52:55,732] {logging_mixin.py:115} INFO - [2024-10-26 09:52:55,732] {dagbag.py:507} INFO - Filling up the DagBag from /root/Documentos/airflow/venv/lib/python3.9/site-packages/airflow/example_dags/subdags/subdag.py
[2024-10-26 09:52:55,733] {processor.py:653} WARNING - No viable dags retrieved from /root/Documentos/airflow/venv/lib/python3.9/site-packages/airflow/example_dags/subdags/subdag.py
[2024-10-26 09:52:55,738] {processor.py:161} INFO - Processing /root/Documentos/airflow/venv/lib/python3.9/site-packages/airflow/example_dags/subdags/subdag.py took 0.011 seconds
[2024-10-26 09:53:30,152] {processor.py:153} INFO - Started process (PID=5590) to work on /root/Documentos/airflow/venv/lib/python3.9/site-packages/airflow/example_dags/subdags/subdag.py
[2024-10-26 09:53:30,154] {processor.py:641} INFO - Processing file /root/Documentos/airflow/venv/lib/python3.9/site-packages/airflow/example_dags/subdags/subdag.py for tasks to queue
[2024-10-26 09:53:30,154] {logging_mixin.py:115} INFO - [2024-10-26 09:53:30,154] {dagbag.py:507} INFO - Filling up the DagBag from /root/Documentos/airflow/venv/lib/python3.9/site-packages/airflow/example_dags/subdags/subdag.py
[2024-10-26 09:53:30,154] {processor.py:653} WARNING - No viable dags retrieved from /root/Documentos/airflow/venv/lib/python3.9/site-packages/airflow/example_dags/subdags/subdag.py
[2024-10-26 09:53:30,160] {processor.py:161} INFO - Processing /root/Documentos/airflow/venv/lib/python3.9/site-packages/airflow/example_dags/subdags/subdag.py took 0.009 seconds
[2024-10-26 09:54:03,989] {processor.py:153} INFO - Started process (PID=5754) to work on /root/Documentos/airflow/venv/lib/python3.9/site-packages/airflow/example_dags/subdags/subdag.py
[2024-10-26 09:54:03,990] {processor.py:641} INFO - Processing file /root/Documentos/airflow/venv/lib/python3.9/site-packages/airflow/example_dags/subdags/subdag.py for tasks to queue
[2024-10-26 09:54:03,991] {logging_mixin.py:115} INFO - [2024-10-26 09:54:03,991] {dagbag.py:507} INFO - Filling up the DagBag from /root/Documentos/airflow/venv/lib/python3.9/site-packages/airflow/example_dags/subdags/subdag.py
[2024-10-26 09:54:03,992] {processor.py:653} WARNING - No viable dags retrieved from /root/Documentos/airflow/venv/lib/python3.9/site-packages/airflow/example_dags/subdags/subdag.py
[2024-10-26 09:54:03,997] {processor.py:161} INFO - Processing /root/Documentos/airflow/venv/lib/python3.9/site-packages/airflow/example_dags/subdags/subdag.py took 0.010 seconds
[2024-10-26 09:54:38,445] {processor.py:153} INFO - Started process (PID=5920) to work on /root/Documentos/airflow/venv/lib/python3.9/site-packages/airflow/example_dags/subdags/subdag.py
[2024-10-26 09:54:38,445] {processor.py:641} INFO - Processing file /root/Documentos/airflow/venv/lib/python3.9/site-packages/airflow/example_dags/subdags/subdag.py for tasks to queue
[2024-10-26 09:54:38,445] {logging_mixin.py:115} INFO - [2024-10-26 09:54:38,445] {dagbag.py:507} INFO - Filling up the DagBag from /root/Documentos/airflow/venv/lib/python3.9/site-packages/airflow/example_dags/subdags/subdag.py
[2024-10-26 09:54:38,446] {processor.py:653} WARNING - No viable dags retrieved from /root/Documentos/airflow/venv/lib/python3.9/site-packages/airflow/example_dags/subdags/subdag.py
[2024-10-26 09:54:38,451] {processor.py:161} INFO - Processing /root/Documentos/airflow/venv/lib/python3.9/site-packages/airflow/example_dags/subdags/subdag.py took 0.008 seconds
[2024-10-26 09:55:12,596] {processor.py:153} INFO - Started process (PID=6090) to work on /root/Documentos/airflow/venv/lib/python3.9/site-packages/airflow/example_dags/subdags/subdag.py
[2024-10-26 09:55:12,601] {processor.py:641} INFO - Processing file /root/Documentos/airflow/venv/lib/python3.9/site-packages/airflow/example_dags/subdags/subdag.py for tasks to queue
[2024-10-26 09:55:12,601] {logging_mixin.py:115} INFO - [2024-10-26 09:55:12,601] {dagbag.py:507} INFO - Filling up the DagBag from /root/Documentos/airflow/venv/lib/python3.9/site-packages/airflow/example_dags/subdags/subdag.py
[2024-10-26 09:55:12,602] {processor.py:653} WARNING - No viable dags retrieved from /root/Documentos/airflow/venv/lib/python3.9/site-packages/airflow/example_dags/subdags/subdag.py
[2024-10-26 09:55:12,607] {processor.py:161} INFO - Processing /root/Documentos/airflow/venv/lib/python3.9/site-packages/airflow/example_dags/subdags/subdag.py took 0.013 seconds
